<?xml version="1.0" encoding="UTF-8"?>
<testsuite xmlns:xsi="http://www.w3.org/2001/XMLSchema-instance" xsi:noNamespaceSchemaLocation="https://maven.apache.org/surefire/maven-surefire-plugin/xsd/surefire-test-report-3.0.xsd" version="3.0" name="TestSuite" time="186.61" tests="4" errors="0" skipped="0" failures="2">
  <properties>
    <property name="sun.desktop" value="windows"/>
    <property name="awt.toolkit" value="sun.awt.windows.WToolkit"/>
    <property name="file.encoding.pkg" value="sun.io"/>
    <property name="java.specification.version" value="1.8"/>
    <property name="sun.cpu.isalist" value="amd64"/>
    <property name="sun.jnu.encoding" value="Cp1252"/>
    <property name="java.class.path" value="C:\Users\saurabhkumar04\Downloads\WorkIndiaPractise (3)\WorkIndiaPractise\target\test-classes;C:\Users\saurabhkumar04\Downloads\WorkIndiaPractise (3)\WorkIndiaPractise\target\classes;C:\Users\saurabhkumar04\.m2\repository\com\vimalselvam\cucumber-extentsreport\3.0.2\cucumber-extentsreport-3.0.2.jar;C:\Users\saurabhkumar04\.m2\repository\com\aventstack\extentreports\3.1.2\extentreports-3.1.2.jar;C:\Users\saurabhkumar04\.m2\repository\org\freemarker\freemarker\2.3.23\freemarker-2.3.23.jar;C:\Users\saurabhkumar04\.m2\repository\org\mongodb\mongodb-driver\3.3.0\mongodb-driver-3.3.0.jar;C:\Users\saurabhkumar04\.m2\repository\org\mongodb\bson\3.3.0\bson-3.3.0.jar;C:\Users\saurabhkumar04\.m2\repository\org\mongodb\mongodb-driver-core\3.3.0\mongodb-driver-core-3.3.0.jar;C:\Users\saurabhkumar04\.m2\repository\org\apache\httpcomponents\httpclient\4.5.2\httpclient-4.5.2.jar;C:\Users\saurabhkumar04\.m2\repository\org\apache\httpcomponents\httpcore\4.4.4\httpcore-4.4.4.jar;C:\Users\saurabhkumar04\.m2\repository\commons-codec\commons-codec\1.9\commons-codec-1.9.jar;C:\Users\saurabhkumar04\.m2\repository\org\apache\httpcomponents\httpmime\4.5.2\httpmime-4.5.2.jar;C:\Users\saurabhkumar04\.m2\repository\org\jsoup\jsoup\1.9.2\jsoup-1.9.2.jar;C:\Users\saurabhkumar04\.m2\repository\com\google\code\gson\gson\2.8.0\gson-2.8.0.jar;C:\Users\saurabhkumar04\.m2\repository\info\cukes\cucumber-picocontainer\1.2.5\cucumber-picocontainer-1.2.5.jar;C:\Users\saurabhkumar04\.m2\repository\org\picocontainer\picocontainer\2.15\picocontainer-2.15.jar;C:\Users\saurabhkumar04\.m2\repository\info\cukes\cucumber-java\1.2.5\cucumber-java-1.2.5.jar;C:\Users\saurabhkumar04\.m2\repository\info\cukes\cucumber-core\1.2.5\cucumber-core-1.2.5.jar;C:\Users\saurabhkumar04\.m2\repository\info\cukes\cucumber-html\0.2.3\cucumber-html-0.2.3.jar;C:\Users\saurabhkumar04\.m2\repository\info\cukes\cucumber-testng\1.2.5\cucumber-testng-1.2.5.jar;C:\Users\saurabhkumar04\.m2\repository\org\testng\testng\6.11\testng-6.11.jar;C:\Users\saurabhkumar04\.m2\repository\com\beust\jcommander\1.64\jcommander-1.64.jar;C:\Users\saurabhkumar04\.m2\repository\org\yaml\snakeyaml\1.17\snakeyaml-1.17.jar;C:\Users\saurabhkumar04\.m2\repository\info\cukes\cucumber-jvm-deps\1.0.5\cucumber-jvm-deps-1.0.5.jar;C:\Users\saurabhkumar04\.m2\repository\net\masterthought\cucumber-reporting\1.0.0\cucumber-reporting-1.0.0.jar;C:\Users\saurabhkumar04\.m2\repository\org\apache\velocity\velocity\1.7\velocity-1.7.jar;C:\Users\saurabhkumar04\.m2\repository\commons-collections\commons-collections\3.2.1\commons-collections-3.2.1.jar;C:\Users\saurabhkumar04\.m2\repository\commons-lang\commons-lang\2.4\commons-lang-2.4.jar;C:\Users\saurabhkumar04\.m2\repository\velocity-tools\velocity-tools\1.4\velocity-tools-1.4.jar;C:\Users\saurabhkumar04\.m2\repository\joda-time\joda-time\2.9.1\joda-time-2.9.1.jar;C:\Users\saurabhkumar04\.m2\repository\org\apache\commons\commons-lang3\3.4\commons-lang3-3.4.jar;C:\Users\saurabhkumar04\.m2\repository\commons-io\commons-io\2.4\commons-io-2.4.jar;C:\Users\saurabhkumar04\.m2\repository\net\lingala\zip4j\zip4j\1.3.2\zip4j-1.3.2.jar;C:\Users\saurabhkumar04\.m2\repository\org\apache\maven\plugins\maven-gpg-plugin\1.6\maven-gpg-plugin-1.6.jar;C:\Users\saurabhkumar04\.m2\repository\org\apache\maven\maven-plugin-api\2.2.1\maven-plugin-api-2.2.1.jar;C:\Users\saurabhkumar04\.m2\repository\org\apache\maven\maven-project\2.2.1\maven-project-2.2.1.jar;C:\Users\saurabhkumar04\.m2\repository\org\apache\maven\maven-settings\2.2.1\maven-settings-2.2.1.jar;C:\Users\saurabhkumar04\.m2\repository\org\apache\maven\maven-profile\2.2.1\maven-profile-2.2.1.jar;C:\Users\saurabhkumar04\.m2\repository\org\apache\maven\maven-artifact-manager\2.2.1\maven-artifact-manager-2.2.1.jar;C:\Users\saurabhkumar04\.m2\repository\org\apache\maven\wagon\wagon-provider-api\1.0-beta-6\wagon-provider-api-1.0-beta-6.jar;C:\Users\saurabhkumar04\.m2\repository\backport-util-concurrent\backport-util-concurrent\3.1\backport-util-concurrent-3.1.jar;C:\Users\saurabhkumar04\.m2\repository\org\apache\maven\maven-plugin-registry\2.2.1\maven-plugin-registry-2.2.1.jar;C:\Users\saurabhkumar04\.m2\repository\org\codehaus\plexus\plexus-interpolation\1.11\plexus-interpolation-1.11.jar;C:\Users\saurabhkumar04\.m2\repository\org\codehaus\plexus\plexus-container-default\1.0-alpha-9-stable-1\plexus-container-default-1.0-alpha-9-stable-1.jar;C:\Users\saurabhkumar04\.m2\repository\junit\junit\3.8.1\junit-3.8.1.jar;C:\Users\saurabhkumar04\.m2\repository\classworlds\classworlds\1.1-alpha-2\classworlds-1.1-alpha-2.jar;C:\Users\saurabhkumar04\.m2\repository\org\apache\maven\maven-artifact\2.2.1\maven-artifact-2.2.1.jar;C:\Users\saurabhkumar04\.m2\repository\org\apache\maven\maven-repository-metadata\2.2.1\maven-repository-metadata-2.2.1.jar;C:\Users\saurabhkumar04\.m2\repository\org\apache\maven\maven-model\2.2.1\maven-model-2.2.1.jar;C:\Users\saurabhkumar04\.m2\repository\org\codehaus\plexus\plexus-utils\3.0.20\plexus-utils-3.0.20.jar;C:\Users\saurabhkumar04\.m2\repository\org\sonatype\plexus\plexus-sec-dispatcher\1.4\plexus-sec-dispatcher-1.4.jar;C:\Users\saurabhkumar04\.m2\repository\org\sonatype\plexus\plexus-cipher\1.4\plexus-cipher-1.4.jar;C:\Users\saurabhkumar04\.m2\repository\info\cukes\gherkin\2.12.2\gherkin-2.12.2.jar;C:\Users\saurabhkumar04\.m2\repository\org\uncommons\reportng\1.1.4\reportng-1.1.4.jar;C:\Users\saurabhkumar04\.m2\repository\velocity\velocity\1.4\velocity-1.4.jar;C:\Users\saurabhkumar04\.m2\repository\velocity\velocity-dep\1.4\velocity-dep-1.4.jar;C:\Users\saurabhkumar04\.m2\repository\com\relevantcodes\extentreports\2.41.1\extentreports-2.41.1.jar;C:\Users\saurabhkumar04\.m2\repository\org\xerial\sqlite-jdbc\3.8.11.1\sqlite-jdbc-3.8.11.1.jar;C:\Users\saurabhkumar04\.m2\repository\com\google\inject\guice\4.1.0\guice-4.1.0.jar;C:\Users\saurabhkumar04\.m2\repository\javax\inject\javax.inject\1\javax.inject-1.jar;C:\Users\saurabhkumar04\.m2\repository\aopalliance\aopalliance\1.0\aopalliance-1.0.jar;C:\Users\saurabhkumar04\.m2\repository\org\apache\poi\poi\3.6\poi-3.6.jar;C:\Users\saurabhkumar04\.m2\repository\commons-logging\commons-logging\1.1\commons-logging-1.1.jar;C:\Users\saurabhkumar04\.m2\repository\logkit\logkit\1.0.1\logkit-1.0.1.jar;C:\Users\saurabhkumar04\.m2\repository\avalon-framework\avalon-framework\4.1.3\avalon-framework-4.1.3.jar;C:\Users\saurabhkumar04\.m2\repository\javax\servlet\servlet-api\2.3\servlet-api-2.3.jar;C:\Users\saurabhkumar04\.m2\repository\org\apache\poi\poi-ooxml\3.6\poi-ooxml-3.6.jar;C:\Users\saurabhkumar04\.m2\repository\dom4j\dom4j\1.1\dom4j-1.1.jar;C:\Users\saurabhkumar04\.m2\repository\org\apache\xmlbeans\xmlbeans\2.3.0\xmlbeans-2.3.0.jar;C:\Users\saurabhkumar04\.m2\repository\stax\stax-api\1.0.1\stax-api-1.0.1.jar;C:\Users\saurabhkumar04\.m2\repository\org\apache\poi\poi-ooxml-schemas\3.6\poi-ooxml-schemas-3.6.jar;C:\Users\saurabhkumar04\.m2\repository\org\apache\geronimo\specs\geronimo-stax-api_1.0_spec\1.0\geronimo-stax-api_1.0_spec-1.0.jar;C:\Users\saurabhkumar04\.m2\repository\log4j\log4j\1.2.17\log4j-1.2.17.jar;C:\Users\saurabhkumar04\.m2\repository\org\seleniumhq\selenium\selenium-java\3.141.59\selenium-java-3.141.59.jar;C:\Users\saurabhkumar04\.m2\repository\org\seleniumhq\selenium\selenium-api\3.141.59\selenium-api-3.141.59.jar;C:\Users\saurabhkumar04\.m2\repository\org\seleniumhq\selenium\selenium-chrome-driver\3.141.59\selenium-chrome-driver-3.141.59.jar;C:\Users\saurabhkumar04\.m2\repository\org\seleniumhq\selenium\selenium-edge-driver\3.141.59\selenium-edge-driver-3.141.59.jar;C:\Users\saurabhkumar04\.m2\repository\org\seleniumhq\selenium\selenium-firefox-driver\3.141.59\selenium-firefox-driver-3.141.59.jar;C:\Users\saurabhkumar04\.m2\repository\org\seleniumhq\selenium\selenium-ie-driver\3.141.59\selenium-ie-driver-3.141.59.jar;C:\Users\saurabhkumar04\.m2\repository\org\seleniumhq\selenium\selenium-opera-driver\3.141.59\selenium-opera-driver-3.141.59.jar;C:\Users\saurabhkumar04\.m2\repository\org\seleniumhq\selenium\selenium-remote-driver\3.141.59\selenium-remote-driver-3.141.59.jar;C:\Users\saurabhkumar04\.m2\repository\org\seleniumhq\selenium\selenium-safari-driver\3.141.59\selenium-safari-driver-3.141.59.jar;C:\Users\saurabhkumar04\.m2\repository\org\seleniumhq\selenium\selenium-support\3.141.59\selenium-support-3.141.59.jar;C:\Users\saurabhkumar04\.m2\repository\net\bytebuddy\byte-buddy\1.8.15\byte-buddy-1.8.15.jar;C:\Users\saurabhkumar04\.m2\repository\org\apache\commons\commons-exec\1.3\commons-exec-1.3.jar;C:\Users\saurabhkumar04\.m2\repository\com\squareup\okhttp3\okhttp\3.11.0\okhttp-3.11.0.jar;C:\Users\saurabhkumar04\.m2\repository\com\squareup\okio\okio\1.14.0\okio-1.14.0.jar;C:\Users\saurabhkumar04\.m2\repository\io\appium\java-client\6.1.0\java-client-6.1.0.jar;C:\Users\saurabhkumar04\.m2\repository\cglib\cglib\3.2.6\cglib-3.2.6.jar;C:\Users\saurabhkumar04\.m2\repository\org\ow2\asm\asm\6.0\asm-6.0.jar;C:\Users\saurabhkumar04\.m2\repository\org\apache\ant\ant\1.9.6\ant-1.9.6.jar;C:\Users\saurabhkumar04\.m2\repository\org\apache\ant\ant-launcher\1.9.6\ant-launcher-1.9.6.jar;C:\Users\saurabhkumar04\.m2\repository\commons-validator\commons-validator\1.6\commons-validator-1.6.jar;C:\Users\saurabhkumar04\.m2\repository\commons-beanutils\commons-beanutils\1.9.2\commons-beanutils-1.9.2.jar;C:\Users\saurabhkumar04\.m2\repository\commons-digester\commons-digester\1.8.1\commons-digester-1.8.1.jar;C:\Users\saurabhkumar04\.m2\repository\org\springframework\spring-context\5.0.5.RELEASE\spring-context-5.0.5.RELEASE.jar;C:\Users\saurabhkumar04\.m2\repository\org\springframework\spring-aop\5.0.5.RELEASE\spring-aop-5.0.5.RELEASE.jar;C:\Users\saurabhkumar04\.m2\repository\org\springframework\spring-beans\5.0.5.RELEASE\spring-beans-5.0.5.RELEASE.jar;C:\Users\saurabhkumar04\.m2\repository\org\springframework\spring-core\5.0.5.RELEASE\spring-core-5.0.5.RELEASE.jar;C:\Users\saurabhkumar04\.m2\repository\org\springframework\spring-jcl\5.0.5.RELEASE\spring-jcl-5.0.5.RELEASE.jar;C:\Users\saurabhkumar04\.m2\repository\org\springframework\spring-expression\5.0.5.RELEASE\spring-expression-5.0.5.RELEASE.jar;C:\Users\saurabhkumar04\.m2\repository\org\aspectj\aspectjweaver\1.9.1\aspectjweaver-1.9.1.jar;C:\Users\saurabhkumar04\.m2\repository\org\openpnp\opencv\3.2.0-1\opencv-3.2.0-1.jar;C:\Users\saurabhkumar04\.m2\repository\com\google\guava\guava\23.6-jre\guava-23.6-jre.jar;C:\Users\saurabhkumar04\.m2\repository\com\google\code\findbugs\jsr305\1.3.9\jsr305-1.3.9.jar;C:\Users\saurabhkumar04\.m2\repository\org\checkerframework\checker-compat-qual\2.0.0\checker-compat-qual-2.0.0.jar;C:\Users\saurabhkumar04\.m2\repository\com\google\errorprone\error_prone_annotations\2.1.3\error_prone_annotations-2.1.3.jar;C:\Users\saurabhkumar04\.m2\repository\com\google\j2objc\j2objc-annotations\1.1\j2objc-annotations-1.1.jar;C:\Users\saurabhkumar04\.m2\repository\org\codehaus\mojo\animal-sniffer-annotations\1.14\animal-sniffer-annotations-1.14.jar;"/>
    <property name="java.vm.vendor" value="Oracle Corporation"/>
    <property name="sun.arch.data.model" value="64"/>
    <property name="user.variant" value=""/>
    <property name="java.vendor.url" value="http://java.oracle.com/"/>
    <property name="user.timezone" value="Asia/Calcutta"/>
    <property name="java.vm.specification.version" value="1.8"/>
    <property name="os.name" value="Windows 10"/>
    <property name="user.country" value="IN"/>
    <property name="sun.java.launcher" value="SUN_STANDARD"/>
    <property name="sun.boot.library.path" value="C:\Program Files\Java\jdk1.8.0_221\jre\bin"/>
    <property name="sun.java.command" value="C:\Users\saurabhkumar04\AppData\Local\Temp\surefire5358310019975623345\surefirebooter1867400715316063618.jar C:\Users\saurabhkumar04\AppData\Local\Temp\surefire5358310019975623345 2021-01-14T17-43-21_086-jvmRun1 surefire8176556633774436899tmp surefire_06557936479172325948tmp"/>
    <property name="surefire.test.class.path" value="C:\Users\saurabhkumar04\Downloads\WorkIndiaPractise (3)\WorkIndiaPractise\target\test-classes;C:\Users\saurabhkumar04\Downloads\WorkIndiaPractise (3)\WorkIndiaPractise\target\classes;C:\Users\saurabhkumar04\.m2\repository\com\vimalselvam\cucumber-extentsreport\3.0.2\cucumber-extentsreport-3.0.2.jar;C:\Users\saurabhkumar04\.m2\repository\com\aventstack\extentreports\3.1.2\extentreports-3.1.2.jar;C:\Users\saurabhkumar04\.m2\repository\org\freemarker\freemarker\2.3.23\freemarker-2.3.23.jar;C:\Users\saurabhkumar04\.m2\repository\org\mongodb\mongodb-driver\3.3.0\mongodb-driver-3.3.0.jar;C:\Users\saurabhkumar04\.m2\repository\org\mongodb\bson\3.3.0\bson-3.3.0.jar;C:\Users\saurabhkumar04\.m2\repository\org\mongodb\mongodb-driver-core\3.3.0\mongodb-driver-core-3.3.0.jar;C:\Users\saurabhkumar04\.m2\repository\org\apache\httpcomponents\httpclient\4.5.2\httpclient-4.5.2.jar;C:\Users\saurabhkumar04\.m2\repository\org\apache\httpcomponents\httpcore\4.4.4\httpcore-4.4.4.jar;C:\Users\saurabhkumar04\.m2\repository\commons-codec\commons-codec\1.9\commons-codec-1.9.jar;C:\Users\saurabhkumar04\.m2\repository\org\apache\httpcomponents\httpmime\4.5.2\httpmime-4.5.2.jar;C:\Users\saurabhkumar04\.m2\repository\org\jsoup\jsoup\1.9.2\jsoup-1.9.2.jar;C:\Users\saurabhkumar04\.m2\repository\com\google\code\gson\gson\2.8.0\gson-2.8.0.jar;C:\Users\saurabhkumar04\.m2\repository\info\cukes\cucumber-picocontainer\1.2.5\cucumber-picocontainer-1.2.5.jar;C:\Users\saurabhkumar04\.m2\repository\org\picocontainer\picocontainer\2.15\picocontainer-2.15.jar;C:\Users\saurabhkumar04\.m2\repository\info\cukes\cucumber-java\1.2.5\cucumber-java-1.2.5.jar;C:\Users\saurabhkumar04\.m2\repository\info\cukes\cucumber-core\1.2.5\cucumber-core-1.2.5.jar;C:\Users\saurabhkumar04\.m2\repository\info\cukes\cucumber-html\0.2.3\cucumber-html-0.2.3.jar;C:\Users\saurabhkumar04\.m2\repository\info\cukes\cucumber-testng\1.2.5\cucumber-testng-1.2.5.jar;C:\Users\saurabhkumar04\.m2\repository\org\testng\testng\6.11\testng-6.11.jar;C:\Users\saurabhkumar04\.m2\repository\com\beust\jcommander\1.64\jcommander-1.64.jar;C:\Users\saurabhkumar04\.m2\repository\org\yaml\snakeyaml\1.17\snakeyaml-1.17.jar;C:\Users\saurabhkumar04\.m2\repository\info\cukes\cucumber-jvm-deps\1.0.5\cucumber-jvm-deps-1.0.5.jar;C:\Users\saurabhkumar04\.m2\repository\net\masterthought\cucumber-reporting\1.0.0\cucumber-reporting-1.0.0.jar;C:\Users\saurabhkumar04\.m2\repository\org\apache\velocity\velocity\1.7\velocity-1.7.jar;C:\Users\saurabhkumar04\.m2\repository\commons-collections\commons-collections\3.2.1\commons-collections-3.2.1.jar;C:\Users\saurabhkumar04\.m2\repository\commons-lang\commons-lang\2.4\commons-lang-2.4.jar;C:\Users\saurabhkumar04\.m2\repository\velocity-tools\velocity-tools\1.4\velocity-tools-1.4.jar;C:\Users\saurabhkumar04\.m2\repository\joda-time\joda-time\2.9.1\joda-time-2.9.1.jar;C:\Users\saurabhkumar04\.m2\repository\org\apache\commons\commons-lang3\3.4\commons-lang3-3.4.jar;C:\Users\saurabhkumar04\.m2\repository\commons-io\commons-io\2.4\commons-io-2.4.jar;C:\Users\saurabhkumar04\.m2\repository\net\lingala\zip4j\zip4j\1.3.2\zip4j-1.3.2.jar;C:\Users\saurabhkumar04\.m2\repository\org\apache\maven\plugins\maven-gpg-plugin\1.6\maven-gpg-plugin-1.6.jar;C:\Users\saurabhkumar04\.m2\repository\org\apache\maven\maven-plugin-api\2.2.1\maven-plugin-api-2.2.1.jar;C:\Users\saurabhkumar04\.m2\repository\org\apache\maven\maven-project\2.2.1\maven-project-2.2.1.jar;C:\Users\saurabhkumar04\.m2\repository\org\apache\maven\maven-settings\2.2.1\maven-settings-2.2.1.jar;C:\Users\saurabhkumar04\.m2\repository\org\apache\maven\maven-profile\2.2.1\maven-profile-2.2.1.jar;C:\Users\saurabhkumar04\.m2\repository\org\apache\maven\maven-artifact-manager\2.2.1\maven-artifact-manager-2.2.1.jar;C:\Users\saurabhkumar04\.m2\repository\org\apache\maven\wagon\wagon-provider-api\1.0-beta-6\wagon-provider-api-1.0-beta-6.jar;C:\Users\saurabhkumar04\.m2\repository\backport-util-concurrent\backport-util-concurrent\3.1\backport-util-concurrent-3.1.jar;C:\Users\saurabhkumar04\.m2\repository\org\apache\maven\maven-plugin-registry\2.2.1\maven-plugin-registry-2.2.1.jar;C:\Users\saurabhkumar04\.m2\repository\org\codehaus\plexus\plexus-interpolation\1.11\plexus-interpolation-1.11.jar;C:\Users\saurabhkumar04\.m2\repository\org\codehaus\plexus\plexus-container-default\1.0-alpha-9-stable-1\plexus-container-default-1.0-alpha-9-stable-1.jar;C:\Users\saurabhkumar04\.m2\repository\junit\junit\3.8.1\junit-3.8.1.jar;C:\Users\saurabhkumar04\.m2\repository\classworlds\classworlds\1.1-alpha-2\classworlds-1.1-alpha-2.jar;C:\Users\saurabhkumar04\.m2\repository\org\apache\maven\maven-artifact\2.2.1\maven-artifact-2.2.1.jar;C:\Users\saurabhkumar04\.m2\repository\org\apache\maven\maven-repository-metadata\2.2.1\maven-repository-metadata-2.2.1.jar;C:\Users\saurabhkumar04\.m2\repository\org\apache\maven\maven-model\2.2.1\maven-model-2.2.1.jar;C:\Users\saurabhkumar04\.m2\repository\org\codehaus\plexus\plexus-utils\3.0.20\plexus-utils-3.0.20.jar;C:\Users\saurabhkumar04\.m2\repository\org\sonatype\plexus\plexus-sec-dispatcher\1.4\plexus-sec-dispatcher-1.4.jar;C:\Users\saurabhkumar04\.m2\repository\org\sonatype\plexus\plexus-cipher\1.4\plexus-cipher-1.4.jar;C:\Users\saurabhkumar04\.m2\repository\info\cukes\gherkin\2.12.2\gherkin-2.12.2.jar;C:\Users\saurabhkumar04\.m2\repository\org\uncommons\reportng\1.1.4\reportng-1.1.4.jar;C:\Users\saurabhkumar04\.m2\repository\velocity\velocity\1.4\velocity-1.4.jar;C:\Users\saurabhkumar04\.m2\repository\velocity\velocity-dep\1.4\velocity-dep-1.4.jar;C:\Users\saurabhkumar04\.m2\repository\com\relevantcodes\extentreports\2.41.1\extentreports-2.41.1.jar;C:\Users\saurabhkumar04\.m2\repository\org\xerial\sqlite-jdbc\3.8.11.1\sqlite-jdbc-3.8.11.1.jar;C:\Users\saurabhkumar04\.m2\repository\com\google\inject\guice\4.1.0\guice-4.1.0.jar;C:\Users\saurabhkumar04\.m2\repository\javax\inject\javax.inject\1\javax.inject-1.jar;C:\Users\saurabhkumar04\.m2\repository\aopalliance\aopalliance\1.0\aopalliance-1.0.jar;C:\Users\saurabhkumar04\.m2\repository\org\apache\poi\poi\3.6\poi-3.6.jar;C:\Users\saurabhkumar04\.m2\repository\commons-logging\commons-logging\1.1\commons-logging-1.1.jar;C:\Users\saurabhkumar04\.m2\repository\logkit\logkit\1.0.1\logkit-1.0.1.jar;C:\Users\saurabhkumar04\.m2\repository\avalon-framework\avalon-framework\4.1.3\avalon-framework-4.1.3.jar;C:\Users\saurabhkumar04\.m2\repository\javax\servlet\servlet-api\2.3\servlet-api-2.3.jar;C:\Users\saurabhkumar04\.m2\repository\org\apache\poi\poi-ooxml\3.6\poi-ooxml-3.6.jar;C:\Users\saurabhkumar04\.m2\repository\dom4j\dom4j\1.1\dom4j-1.1.jar;C:\Users\saurabhkumar04\.m2\repository\org\apache\xmlbeans\xmlbeans\2.3.0\xmlbeans-2.3.0.jar;C:\Users\saurabhkumar04\.m2\repository\stax\stax-api\1.0.1\stax-api-1.0.1.jar;C:\Users\saurabhkumar04\.m2\repository\org\apache\poi\poi-ooxml-schemas\3.6\poi-ooxml-schemas-3.6.jar;C:\Users\saurabhkumar04\.m2\repository\org\apache\geronimo\specs\geronimo-stax-api_1.0_spec\1.0\geronimo-stax-api_1.0_spec-1.0.jar;C:\Users\saurabhkumar04\.m2\repository\log4j\log4j\1.2.17\log4j-1.2.17.jar;C:\Users\saurabhkumar04\.m2\repository\org\seleniumhq\selenium\selenium-java\3.141.59\selenium-java-3.141.59.jar;C:\Users\saurabhkumar04\.m2\repository\org\seleniumhq\selenium\selenium-api\3.141.59\selenium-api-3.141.59.jar;C:\Users\saurabhkumar04\.m2\repository\org\seleniumhq\selenium\selenium-chrome-driver\3.141.59\selenium-chrome-driver-3.141.59.jar;C:\Users\saurabhkumar04\.m2\repository\org\seleniumhq\selenium\selenium-edge-driver\3.141.59\selenium-edge-driver-3.141.59.jar;C:\Users\saurabhkumar04\.m2\repository\org\seleniumhq\selenium\selenium-firefox-driver\3.141.59\selenium-firefox-driver-3.141.59.jar;C:\Users\saurabhkumar04\.m2\repository\org\seleniumhq\selenium\selenium-ie-driver\3.141.59\selenium-ie-driver-3.141.59.jar;C:\Users\saurabhkumar04\.m2\repository\org\seleniumhq\selenium\selenium-opera-driver\3.141.59\selenium-opera-driver-3.141.59.jar;C:\Users\saurabhkumar04\.m2\repository\org\seleniumhq\selenium\selenium-remote-driver\3.141.59\selenium-remote-driver-3.141.59.jar;C:\Users\saurabhkumar04\.m2\repository\org\seleniumhq\selenium\selenium-safari-driver\3.141.59\selenium-safari-driver-3.141.59.jar;C:\Users\saurabhkumar04\.m2\repository\org\seleniumhq\selenium\selenium-support\3.141.59\selenium-support-3.141.59.jar;C:\Users\saurabhkumar04\.m2\repository\net\bytebuddy\byte-buddy\1.8.15\byte-buddy-1.8.15.jar;C:\Users\saurabhkumar04\.m2\repository\org\apache\commons\commons-exec\1.3\commons-exec-1.3.jar;C:\Users\saurabhkumar04\.m2\repository\com\squareup\okhttp3\okhttp\3.11.0\okhttp-3.11.0.jar;C:\Users\saurabhkumar04\.m2\repository\com\squareup\okio\okio\1.14.0\okio-1.14.0.jar;C:\Users\saurabhkumar04\.m2\repository\io\appium\java-client\6.1.0\java-client-6.1.0.jar;C:\Users\saurabhkumar04\.m2\repository\cglib\cglib\3.2.6\cglib-3.2.6.jar;C:\Users\saurabhkumar04\.m2\repository\org\ow2\asm\asm\6.0\asm-6.0.jar;C:\Users\saurabhkumar04\.m2\repository\org\apache\ant\ant\1.9.6\ant-1.9.6.jar;C:\Users\saurabhkumar04\.m2\repository\org\apache\ant\ant-launcher\1.9.6\ant-launcher-1.9.6.jar;C:\Users\saurabhkumar04\.m2\repository\commons-validator\commons-validator\1.6\commons-validator-1.6.jar;C:\Users\saurabhkumar04\.m2\repository\commons-beanutils\commons-beanutils\1.9.2\commons-beanutils-1.9.2.jar;C:\Users\saurabhkumar04\.m2\repository\commons-digester\commons-digester\1.8.1\commons-digester-1.8.1.jar;C:\Users\saurabhkumar04\.m2\repository\org\springframework\spring-context\5.0.5.RELEASE\spring-context-5.0.5.RELEASE.jar;C:\Users\saurabhkumar04\.m2\repository\org\springframework\spring-aop\5.0.5.RELEASE\spring-aop-5.0.5.RELEASE.jar;C:\Users\saurabhkumar04\.m2\repository\org\springframework\spring-beans\5.0.5.RELEASE\spring-beans-5.0.5.RELEASE.jar;C:\Users\saurabhkumar04\.m2\repository\org\springframework\spring-core\5.0.5.RELEASE\spring-core-5.0.5.RELEASE.jar;C:\Users\saurabhkumar04\.m2\repository\org\springframework\spring-jcl\5.0.5.RELEASE\spring-jcl-5.0.5.RELEASE.jar;C:\Users\saurabhkumar04\.m2\repository\org\springframework\spring-expression\5.0.5.RELEASE\spring-expression-5.0.5.RELEASE.jar;C:\Users\saurabhkumar04\.m2\repository\org\aspectj\aspectjweaver\1.9.1\aspectjweaver-1.9.1.jar;C:\Users\saurabhkumar04\.m2\repository\org\openpnp\opencv\3.2.0-1\opencv-3.2.0-1.jar;C:\Users\saurabhkumar04\.m2\repository\com\google\guava\guava\23.6-jre\guava-23.6-jre.jar;C:\Users\saurabhkumar04\.m2\repository\com\google\code\findbugs\jsr305\1.3.9\jsr305-1.3.9.jar;C:\Users\saurabhkumar04\.m2\repository\org\checkerframework\checker-compat-qual\2.0.0\checker-compat-qual-2.0.0.jar;C:\Users\saurabhkumar04\.m2\repository\com\google\errorprone\error_prone_annotations\2.1.3\error_prone_annotations-2.1.3.jar;C:\Users\saurabhkumar04\.m2\repository\com\google\j2objc\j2objc-annotations\1.1\j2objc-annotations-1.1.jar;C:\Users\saurabhkumar04\.m2\repository\org\codehaus\mojo\animal-sniffer-annotations\1.14\animal-sniffer-annotations-1.14.jar;"/>
    <property name="sun.cpu.endian" value="little"/>
    <property name="user.home" value="C:\Users\saurabhkumar04"/>
    <property name="user.language" value="en"/>
    <property name="java.specification.vendor" value="Oracle Corporation"/>
    <property name="java.home" value="C:\Program Files\Java\jdk1.8.0_221\jre"/>
    <property name="basedir" value="C:\Users\saurabhkumar04\Downloads\WorkIndiaPractise (3)\WorkIndiaPractise"/>
    <property name="file.separator" value="\"/>
    <property name="line.separator" value="&#10;"/>
    <property name="java.vm.specification.vendor" value="Oracle Corporation"/>
    <property name="java.specification.name" value="Java Platform API Specification"/>
    <property name="java.awt.graphicsenv" value="sun.awt.Win32GraphicsEnvironment"/>
    <property name="surefire.real.class.path" value="C:\Users\saurabhkumar04\AppData\Local\Temp\surefire5358310019975623345\surefirebooter1867400715316063618.jar"/>
    <property name="sun.boot.class.path" value="C:\Program Files\Java\jdk1.8.0_221\jre\lib\resources.jar;C:\Program Files\Java\jdk1.8.0_221\jre\lib\rt.jar;C:\Program Files\Java\jdk1.8.0_221\jre\lib\sunrsasign.jar;C:\Program Files\Java\jdk1.8.0_221\jre\lib\jsse.jar;C:\Program Files\Java\jdk1.8.0_221\jre\lib\jce.jar;C:\Program Files\Java\jdk1.8.0_221\jre\lib\charsets.jar;C:\Program Files\Java\jdk1.8.0_221\jre\lib\jfr.jar;C:\Program Files\Java\jdk1.8.0_221\jre\classes"/>
    <property name="user.script" value=""/>
    <property name="sun.management.compiler" value="HotSpot 64-Bit Tiered Compilers"/>
    <property name="java.runtime.version" value="1.8.0_221-b11"/>
    <property name="user.name" value="saurabhkumar04"/>
    <property name="path.separator" value=";"/>
    <property name="os.version" value="10.0"/>
    <property name="java.endorsed.dirs" value="C:\Program Files\Java\jdk1.8.0_221\jre\lib\endorsed"/>
    <property name="java.runtime.name" value="Java(TM) SE Runtime Environment"/>
    <property name="file.encoding" value="Cp1252"/>
    <property name="java.vm.name" value="Java HotSpot(TM) 64-Bit Server VM"/>
    <property name="localRepository" value="C:\Users\saurabhkumar04\.m2\repository"/>
    <property name="java.vendor.url.bug" value="http://bugreport.sun.com/bugreport/"/>
    <property name="java.io.tmpdir" value="C:\Users\SAURAB~1\AppData\Local\Temp\"/>
    <property name="java.version" value="1.8.0_221"/>
    <property name="user.dir" value="C:\Users\saurabhkumar04\Downloads\WorkIndiaPractise (3)\WorkIndiaPractise"/>
    <property name="os.arch" value="amd64"/>
    <property name="java.vm.specification.name" value="Java Virtual Machine Specification"/>
    <property name="java.awt.printerjob" value="sun.awt.windows.WPrinterJob"/>
    <property name="sun.os.patch.level" value=""/>
    <property name="java.library.path" value="C:\Program Files\Java\jdk1.8.0_221\jre\bin;C:\WINDOWS\Sun\Java\bin;C:\WINDOWS\system32;C:\WINDOWS;C:\Program Files\Java\jdk1.8.0_221\bin;C:\Program Files (x86)\Common Files\Oracle\Java\javapath;C:\WINDOWS\system32;C:\WINDOWS;C:\WINDOWS\System32\Wbem;C:\WINDOWS\System32\WindowsPowerShell\v1.0\;C:\WINDOWS\System32\OpenSSH\;C:\Program Files\TortoiseSVN\bin;C:\Program Files\Microsoft SQL Server\Client SDK\ODBC\130\Tools\Binn\;C:\Program Files (x86)\Microsoft SQL Server\140\Tools\Binn\;C:\Program Files\Microsoft SQL Server\140\Tools\Binn\;C:\Program Files\Microsoft SQL Server\140\DTS\Binn\;C:\Program Files (x86)\Microsoft SQL Server\150\DTS\Binn\;C:\Program Files\dotnet\;C:\Program Files\Microsoft SQL Server\130\Tools\Binn\;C:\Program Files (x86)\Microsoft SQL Server\140\DTS\Binn\;C:\Program Files (x86)\Microsoft SQL Server\Client SDK\ODBC\130\Tools\Binn\;C:\Program Files (x86)\Microsoft SQL Server\140\Tools\Binn\ManagementStudio\;C:\apache-maven-3.6.3\bin;C:\Program Files\nodejs\;C:\Users\saurabhkumar04\AppData\Local\Programs\Python\Python39\Scripts\;C:\Users\saurabhkumar04\AppData\Local\Programs\Python\Python39\;C:\Users\saurabhkumar04\AppData\Local\Microsoft\WindowsApps;C:\Users\saurabhkumar04\.dotnet\tools;C:\Program Files\JetBrains\PyCharm Community Edition 2020.3.1\bin;C:\Users\saurabhkumar04\AppData\Roaming\npm;C:\Users\saurabhkumar04\AppData\Local\Android\Sdk\platform-tools;C:\Users\saurabhkumar04\AppData\Local\Android\Sdk\tools;C:\Users\saurabhkumar04\AppData\Local\Android\Sdk\emulator;."/>
    <property name="java.vm.info" value="mixed mode"/>
    <property name="java.vendor" value="Oracle Corporation"/>
    <property name="java.vm.version" value="25.221-b11"/>
    <property name="java.ext.dirs" value="C:\Program Files\Java\jdk1.8.0_221\jre\lib\ext;C:\WINDOWS\Sun\Java\lib\ext"/>
    <property name="sun.io.unicode.encoding" value="UnicodeLittle"/>
    <property name="java.class.version" value="52.0"/>
  </properties>
  <testcase name="feature[Create a Job Alert for me in WorkIndia Application](1)" classname="Runner.RunnerClass" time="51.372">
    <failure message="java.lang.AssertionError: null" type="cucumber.runtime.CucumberException"><![CDATA[cucumber.runtime.CucumberException: java.lang.AssertionError: null
Caused by: java.lang.AssertionError: null
]]></failure>
    <system-out><![CDATA[[TestNGContentHandler] [WARN] It is strongly recommended to add "<!DOCTYPE suite SYSTEM "http://testng.org/testng-1.0.dtd" >" at the top of your file, otherwise TestNG may fail or not work as expected.
Feature: Create a Job Alert for me in WorkIndia Application

  @efg
  Scenario Outline: User Cant create job alert with invalid inputs                                    # JobAlert.feature:4
    Given User has already on Registration page
    When User enter the "<Name>" and "<PhoneNumber>"
    And User click on Submit button
    And User will Select the city
    And User will enter the nearest "<location>"
    Then User will click on Submit button
    Then User will select the Gender , User chooses the qualification , User select the school medium
    Then User select the english fluency
    Then User select the experience and User select the age
    Then User chooses the interest area
    Then User will click on Submit btn
    Then User will click on Specialization
    Then User will select the specialiazation He Has
    Then User will click on Specialization Submit button
    Then User will click on Degree
    Then User will Select the Degree He Has
    Then User will Click On Degree Submit button
    Then User will Select Language of his/her Choice
    Then User will Click on Profile Icon, User Will Click On My Profile Icon
    Then User will Click On create Job Alert
    Then User will click on Job Alert submit button

    Examples: 
&amp#27;[35m[Appium]&amp#27;[39m Welcome to Appium v1.19.1
&amp#27;[35m[Appium]&amp#27;[39m Appium REST http interface listener started on 0.0.0.0:4723
&amp#27;[35m[HTTP]&amp#27;[39m &amp#27;[37m-->&amp#27;[39m &amp#27;[37mGET&amp#27;[39m &amp#27;[37m/wd/hub/status&amp#27;[39m
&amp#27;[35m[HTTP]&amp#27;[39m &amp#27;[90m{}&amp#27;[39m
[debug] &amp#27;[35m[GENERIC]&amp#27;[39m Calling AppiumDriver.getStatus() with args: []
[debug] &amp#27;[35m[GENERIC]&amp#27;[39m Responding to client with driver.getStatus() result: {"build":{"version":"1.19.1"}}
&amp#27;[35m[HTTP]&amp#27;[39m &amp#27;[37m<-- GET /wd/hub/status &amp#27;[39m&amp#27;[32m200&amp#27;[39m &amp#27;[90m6 ms - 68&amp#27;[39m
&amp#27;[35m[HTTP]&amp#27;[39m &amp#27;[90m&amp#27;[39m
&amp#27;[35m[HTTP]&amp#27;[39m &amp#27;[37m-->&amp#27;[39m &amp#27;[37mPOST&amp#27;[39m &amp#27;[37m/wd/hub/session&amp#27;[39m
&amp#27;[35m[HTTP]&amp#27;[39m &amp#27;[90m{"desiredCapabilities":{"app":"./Resourses/in.workindia.apk","appActivity":"in.workindia.nileshdungarwal.workindiaandroid.RegisterActivity","appPackage":"in.workindia.nileshdungarwal.workindiaandroid","platformVersion":"8.1","platformName":"Android","deviceName":"emulator-5554"},"capabilities":{"alwaysMatch":{"appium:app":"./Resourses/in.workindia.apk","appium:appActivity":"in.workindia.nileshdungarwal.workindiaandroid.RegisterActivity","appium:appPackage":"in.workindia.nileshdungarwal.workindiaandroid","appium:deviceName":"emulator-5554","platformName":"android","appium:platformVersion":"8.1"},"firstMatch":[{}]}}&amp#27;[39m
[debug] &amp#27;[35m[W3C]&amp#27;[39m Calling AppiumDriver.createSession() with args: [{"app":"./Resourses/in.workindia.apk","appActivity":"in.workindia.nileshdungarwal.workindiaandroid.RegisterActivity","appPackage":"in.workindia.nileshdungarwal.workindiaandroid","platformVersion":"8.1","platformName":"Android","deviceName":"emulator-5554"},null,{"alwaysMatch":{"appium:app":"./Resourses/in.workindia.apk","appium:appActivity":"in.workindia.nileshdungarwal.workindiaandroid.RegisterActivity","appium:appPackage":"in.workindia.nileshdungarwal.workindiaandroid","appium:deviceName":"emulator-5554","platformName":"android","appium:platformVersion":"8.1"},"firstMatch":[{}]}]
[debug] &amp#27;[35m[BaseDriver]&amp#27;[39m Event 'newSessionRequested' logged at 1610626405817 (17:43:25 GMT+0530 (India Standard Time))
&amp#27;[35m[Appium]&amp#27;[39m 
&amp#27;[35m[Appium]&amp#27;[39m ======================================================================
&amp#27;[35m[Appium]&amp#27;[39m   DEPRECATION WARNING:
&amp#27;[35m[Appium]&amp#27;[39m 
&amp#27;[35m[Appium]&amp#27;[39m   The 'automationName' capability was not provided in the desired 
&amp#27;[35m[Appium]&amp#27;[39m   capabilities for this Android session
&amp#27;[35m[Appium]&amp#27;[39m 
&amp#27;[35m[Appium]&amp#27;[39m   Setting 'automationName=UiAutomator2' by default and using the 
&amp#27;[35m[Appium]&amp#27;[39m   UiAutomator2 Driver
&amp#27;[35m[Appium]&amp#27;[39m 
&amp#27;[35m[Appium]&amp#27;[39m   The next major version of Appium (2.x) will **require** the 
&amp#27;[35m[Appium]&amp#27;[39m   'automationName' capability to be set for all sessions on all 
&amp#27;[35m[Appium]&amp#27;[39m   platforms
&amp#27;[35m[Appium]&amp#27;[39m 
&amp#27;[35m[Appium]&amp#27;[39m   In previous versions (Appium <= 1.13.x), the default was 
&amp#27;[35m[Appium]&amp#27;[39m   'automationName=UiAutomator1'
&amp#27;[35m[Appium]&amp#27;[39m 
&amp#27;[35m[Appium]&amp#27;[39m   If you wish to use that automation instead of UiAutomator2, please 
&amp#27;[35m[Appium]&amp#27;[39m   add 'automationName=UiAutomator1' to your desired capabilities
&amp#27;[35m[Appium]&amp#27;[39m 
&amp#27;[35m[Appium]&amp#27;[39m   For more information about drivers, please visit 
&amp#27;[35m[Appium]&amp#27;[39m   http://appium.io/docs/en/about-appium/intro/ and explore the 
&amp#27;[35m[Appium]&amp#27;[39m   'Drivers' menu
&amp#27;[35m[Appium]&amp#27;[39m 
&amp#27;[35m[Appium]&amp#27;[39m ======================================================================
&amp#27;[35m[Appium]&amp#27;[39m 
&amp#27;[35m[Appium]&amp#27;[39m Appium v1.19.1 creating new AndroidUiautomator2Driver (v1.59.0) session
[debug] &amp#27;[35m[BaseDriver]&amp#27;[39m W3C capabilities and MJSONWP desired capabilities were provided
[debug] &amp#27;[35m[BaseDriver]&amp#27;[39m Creating session with W3C capabilities: {
[debug] &amp#27;[35m[BaseDriver]&amp#27;[39m   "alwaysMatch": {
[debug] &amp#27;[35m[BaseDriver]&amp#27;[39m     "platformName": "android",
[debug] &amp#27;[35m[BaseDriver]&amp#27;[39m     "appium:app": "./Resourses/in.workindia.apk",
[debug] &amp#27;[35m[BaseDriver]&amp#27;[39m     "appium:appActivity": "in.workindia.nileshdungarwal.workindiaandroid.RegisterActivity",
[debug] &amp#27;[35m[BaseDriver]&amp#27;[39m     "appium:appPackage": "in.workindia.nileshdungarwal.workindiaandroid",
[debug] &amp#27;[35m[BaseDriver]&amp#27;[39m     "appium:deviceName": "emulator-5554",
[debug] &amp#27;[35m[BaseDriver]&amp#27;[39m     "appium:platformVersion": "8.1"
[debug] &amp#27;[35m[BaseDriver]&amp#27;[39m   },
[debug] &amp#27;[35m[BaseDriver]&amp#27;[39m   "firstMatch": [
[debug] &amp#27;[35m[BaseDriver]&amp#27;[39m     {}
[debug] &amp#27;[35m[BaseDriver]&amp#27;[39m   ]
[debug] &amp#27;[35m[BaseDriver]&amp#27;[39m }
&amp#27;[35m[BaseDriver]&amp#27;[39m Session created with session id: 9ad58081-1fb1-4d15-80ce-e759d4eceebf
&amp#27;[35m[BaseDriver]&amp#27;[39m Using local app './Resourses/in.workindia.apk'
&amp#27;[35m[BaseDriver]&amp#27;[39m The current application path './Resourses/in.workindia.apk' is not absolute and has been rewritten to 'C:\Users\saurabhkumar04\Downloads\WorkIndiaPractise (3)\WorkIndiaPractise\Resourses\in.workindia.apk'. Consider using absolute paths rather than relative
[debug] &amp#27;[35m[UiAutomator2]&amp#27;[39m Checking whether app is actually present
&amp#27;[35m[ADB]&amp#27;[39m Found 1 'build-tools' folders under 'C:\Users\saurabhkumar04\AppData\Local\Android\Sdk' (newest first):
&amp#27;[35m[ADB]&amp#27;[39m     C:/Users/saurabhkumar04/AppData/Local/Android/Sdk/build-tools/30.0.3
&amp#27;[35m[ADB]&amp#27;[39m Using 'adb.exe' from 'C:\Users\saurabhkumar04\AppData\Local\Android\Sdk\platform-tools\adb.exe'
[debug] &amp#27;[35m[ADB]&amp#27;[39m Running 'C:\Users\saurabhkumar04\AppData\Local\Android\Sdk\platform-tools\adb.exe -P 5037 start-server'
&amp#27;[35m[AndroidDriver]&amp#27;[39m Retrieving device list
[debug] &amp#27;[35m[ADB]&amp#27;[39m Trying to find a connected android device
[debug] &amp#27;[35m[ADB]&amp#27;[39m Getting connected devices
[debug] &amp#27;[35m[ADB]&amp#27;[39m Connected devices: [{"udid":"emulator-5554","state":"device"}]
&amp#27;[35m[AndroidDriver]&amp#27;[39m Looking for a device with Android '8.1.0'
[debug] &amp#27;[35m[ADB]&amp#27;[39m Setting device id to emulator-5554
&amp#27;[35m[ADB]&amp#27;[39m Getting device platform version
[debug] &amp#27;[35m[ADB]&amp#27;[39m Running 'C:\Users\saurabhkumar04\AppData\Local\Android\Sdk\platform-tools\adb.exe -P 5037 -s emulator-5554 shell getprop ro.build.version.release'
[debug] &amp#27;[35m[ADB]&amp#27;[39m Current device property 'ro.build.version.release': 8.1.0
&amp#27;[35m[AndroidDriver]&amp#27;[39m Using device: emulator-5554
&amp#27;[35m[ADB]&amp#27;[39m Using 'adb.exe' from 'C:\Users\saurabhkumar04\AppData\Local\Android\Sdk\platform-tools\adb.exe'
[debug] &amp#27;[35m[ADB]&amp#27;[39m Running 'C:\Users\saurabhkumar04\AppData\Local\Android\Sdk\platform-tools\adb.exe -P 5037 start-server'
[debug] &amp#27;[35m[ADB]&amp#27;[39m Setting device id to emulator-5554
[debug] &amp#27;[35m[ADB]&amp#27;[39m Running 'C:\Users\saurabhkumar04\AppData\Local\Android\Sdk\platform-tools\adb.exe -P 5037 -s emulator-5554 shell getprop ro.build.version.sdk'
[debug] &amp#27;[35m[ADB]&amp#27;[39m Current device property 'ro.build.version.sdk': 27
[debug] &amp#27;[35m[ADB]&amp#27;[39m Device API level: 27
[debug] &amp#27;[35m[ADB]&amp#27;[39m Running 'C:\Users\saurabhkumar04\AppData\Local\Android\Sdk\platform-tools\adb.exe -P 5037 -s emulator-5554 wait-for-device'
[debug] &amp#27;[35m[ADB]&amp#27;[39m Running 'C:\Users\saurabhkumar04\AppData\Local\Android\Sdk\platform-tools\adb.exe -P 5037 -s emulator-5554 shell echo ping'
[debug] &amp#27;[35m[AndroidDriver]&amp#27;[39m Pushing settings apk to device...
[debug] &amp#27;[35m[ADB]&amp#27;[39m Getting install status for io.appium.settings
[debug] &amp#27;[35m[ADB]&amp#27;[39m Running 'C:\Users\saurabhkumar04\AppData\Local\Android\Sdk\platform-tools\adb.exe -P 5037 -s emulator-5554 shell dumpsys package io.appium.settings'
[debug] &amp#27;[35m[ADB]&amp#27;[39m 'io.appium.settings' is installed
[debug] &amp#27;[35m[ADB]&amp#27;[39m Getting package info for 'io.appium.settings'
[debug] &amp#27;[35m[ADB]&amp#27;[39m Running 'C:\Users\saurabhkumar04\AppData\Local\Android\Sdk\platform-tools\adb.exe -P 5037 -s emulator-5554 shell dumpsys package io.appium.settings'
[debug] &amp#27;[35m[ADB]&amp#27;[39m The version name of the installed 'io.appium.settings' is greater or equal to the application version name ('3.2.1' >= '3.2.1')
[debug] &amp#27;[35m[ADB]&amp#27;[39m There is no need to install/upgrade 'C:\Users\saurabhkumar04\AppData\Roaming\npm\node_modules\appium\node_modules\io.appium.settings\apks\settings_apk-debug.apk'
[debug] &amp#27;[35m[ADB]&amp#27;[39m Getting IDs of all 'io.appium.settings' processes
[debug] &amp#27;[35m[ADB]&amp#27;[39m Running 'C:\Users\saurabhkumar04\AppData\Local\Android\Sdk\platform-tools\adb.exe -P 5037 -s emulator-5554 shell 'pgrep --help; echo $?''
[debug] &amp#27;[35m[ADB]&amp#27;[39m Running 'C:\Users\saurabhkumar04\AppData\Local\Android\Sdk\platform-tools\adb.exe -P 5037 -s emulator-5554 shell pgrep -f \(\[\[:blank:\]\]\|\^\)io\.appium\.settings\(\[\[:blank:\]\]\|\$\)'
[debug] &amp#27;[35m[AndroidDriver]&amp#27;[39m io.appium.settings is already running. There is no need to reset its permissions.
[debug] &amp#27;[35m[Logcat]&amp#27;[39m Starting logs capture with command: C:\\Users\\saurabhkumar04\\AppData\\Local\\Android\\Sdk\\platform-tools\\adb.exe -P 5037 -s emulator-5554 logcat -v threadtime
[debug] &amp#27;[35m[UiAutomator2]&amp#27;[39m Forwarding UiAutomator2 Server port 6790 to local port 8202
[debug] &amp#27;[35m[ADB]&amp#27;[39m Forwarding system: 8202 to device: 6790
[debug] &amp#27;[35m[ADB]&amp#27;[39m Running 'C:\Users\saurabhkumar04\AppData\Local\Android\Sdk\platform-tools\adb.exe -P 5037 -s emulator-5554 forward tcp:8202 tcp:6790'
[debug] &amp#27;[35m[ADB]&amp#27;[39m Getting install status for io.appium.uiautomator2.server
[debug] &amp#27;[35m[ADB]&amp#27;[39m Running 'C:\Users\saurabhkumar04\AppData\Local\Android\Sdk\platform-tools\adb.exe -P 5037 -s emulator-5554 shell dumpsys package io.appium.uiautomator2.server'
[debug] &amp#27;[35m[ADB]&amp#27;[39m 'io.appium.uiautomator2.server' is installed
[debug] &amp#27;[35m[ADB]&amp#27;[39m Getting package info for 'io.appium.uiautomator2.server'
[debug] &amp#27;[35m[ADB]&amp#27;[39m Running 'C:\Users\saurabhkumar04\AppData\Local\Android\Sdk\platform-tools\adb.exe -P 5037 -s emulator-5554 shell dumpsys package io.appium.uiautomator2.server'
[debug] &amp#27;[35m[ADB]&amp#27;[39m The version name of the installed 'io.appium.uiautomator2.server' is greater or equal to the application version name ('4.15.0' >= '4.15.0')
[debug] &amp#27;[35m[UiAutomator2]&amp#27;[39m io.appium.uiautomator2.server installation state: sameVersionInstalled
[debug] &amp#27;[35m[ADB]&amp#27;[39m Checking app cert for C:\Users\saurabhkumar04\AppData\Roaming\npm\node_modules\appium\node_modules\appium-uiautomator2-server\apks\appium-uiautomator2-server-v4.15.0.apk
&amp#27;[35m[ADB]&amp#27;[39m Using 'apksigner.jar' from 'C:\Users\saurabhkumar04\AppData\Local\Android\Sdk\build-tools\30.0.3\lib\apksigner.jar'
[debug] &amp#27;[35m[ADB]&amp#27;[39m Starting apksigner: 'C:\\Program Files\\Java\\jdk1.8.0_221\\bin\\java.exe' -Xmx1024M -Xss1m -jar C:\\Users\\saurabhkumar04\\AppData\\Local\\Android\\Sdk\\build-tools\\30.0.3\\lib\\apksigner.jar verify --print-certs C:\\Users\\saurabhkumar04\\AppData\\Roaming\\npm\\node_modules\\appium\\node_modules\\appium-uiautomator2-server\\apks\\appium-uiautomator2-server-v4.15.0.apk
[debug] &amp#27;[35m[ADB]&amp#27;[39m apksigner stdout: Signer #1 certificate DN: EMAILADDRESS=android@android.com, CN=Android, OU=Android, O=Android, L=Mountain View, ST=California, C=US
[debug] &amp#27;[35m[ADB]&amp#27;[39m Signer #1 certificate SHA-256 digest: a40da80a59d170caa950cf15c18c454d47a39b26989d8b640ecd745ba71bf5dc
[debug] &amp#27;[35m[ADB]&amp#27;[39m Signer #1 certificate SHA-1 digest: 61ed377e85d386a8dfee6b864bd85b0bfaa5af81
[debug] &amp#27;[35m[ADB]&amp#27;[39m Signer #1 certificate MD5 digest: e89b158e4bcf988ebd09eb83f5378e87
[debug] &amp#27;[35m[ADB]&amp#27;[39m 
[debug] &amp#27;[35m[ADB]&amp#27;[39m sha256 hash did match for 'appium-uiautomator2-server-v4.15.0.apk'
&amp#27;[35m[ADB]&amp#27;[39m 'C:\Users\saurabhkumar04\AppData\Roaming\npm\node_modules\appium\node_modules\appium-uiautomator2-server\apks\appium-uiautomator2-server-v4.15.0.apk' is signed with the default certificate
[debug] &amp#27;[35m[ADB]&amp#27;[39m Getting install status for io.appium.uiautomator2.server.test
[debug] &amp#27;[35m[ADB]&amp#27;[39m Running 'C:\Users\saurabhkumar04\AppData\Local\Android\Sdk\platform-tools\adb.exe -P 5037 -s emulator-5554 shell dumpsys package io.appium.uiautomator2.server.test'
[debug] &amp#27;[35m[ADB]&amp#27;[39m 'io.appium.uiautomator2.server.test' is installed
[debug] &amp#27;[35m[ADB]&amp#27;[39m Checking app cert for C:\Users\saurabhkumar04\AppData\Roaming\npm\node_modules\appium\node_modules\appium-uiautomator2-server\apks\appium-uiautomator2-server-debug-androidTest.apk
[debug] &amp#27;[35m[ADB]&amp#27;[39m Starting apksigner: 'C:\\Program Files\\Java\\jdk1.8.0_221\\bin\\java.exe' -Xmx1024M -Xss1m -jar C:\\Users\\saurabhkumar04\\AppData\\Local\\Android\\Sdk\\build-tools\\30.0.3\\lib\\apksigner.jar verify --print-certs C:\\Users\\saurabhkumar04\\AppData\\Roaming\\npm\\node_modules\\appium\\node_modules\\appium-uiautomator2-server\\apks\\appium-uiautomator2-server-debug-androidTest.apk
[debug] &amp#27;[35m[ADB]&amp#27;[39m apksigner stdout: Signer #1 certificate DN: EMAILADDRESS=android@android.com, CN=Android, OU=Android, O=Android, L=Mountain View, ST=California, C=US
[debug] &amp#27;[35m[ADB]&amp#27;[39m Signer #1 certificate SHA-256 digest: a40da80a59d170caa950cf15c18c454d47a39b26989d8b640ecd745ba71bf5dc
[debug] &amp#27;[35m[ADB]&amp#27;[39m Signer #1 certificate SHA-1 digest: 61ed377e85d386a8dfee6b864bd85b0bfaa5af81
[debug] &amp#27;[35m[ADB]&amp#27;[39m Signer #1 certificate MD5 digest: e89b158e4bcf988ebd09eb83f5378e87
[debug] &amp#27;[35m[ADB]&amp#27;[39m 
[debug] &amp#27;[35m[ADB]&amp#27;[39m sha256 hash did match for 'appium-uiautomator2-server-debug-androidTest.apk'
&amp#27;[35m[ADB]&amp#27;[39m 'C:\Users\saurabhkumar04\AppData\Roaming\npm\node_modules\appium\node_modules\appium-uiautomator2-server\apks\appium-uiautomator2-server-debug-androidTest.apk' is signed with the default certificate
&amp#27;[35m[UiAutomator2]&amp#27;[39m Server packages are not going to be (re)installed
[debug] &amp#27;[35m[UiAutomator2]&amp#27;[39m Waiting up to 30000ms for services to be available
[debug] &amp#27;[35m[ADB]&amp#27;[39m Running 'C:\Users\saurabhkumar04\AppData\Local\Android\Sdk\platform-tools\adb.exe -P 5037 -s emulator-5554 shell pm list instrumentation'
[debug] &amp#27;[35m[UiAutomator2]&amp#27;[39m Instrumentation target 'io.appium.uiautomator2.server.test/androidx.test.runner.AndroidJUnitRunner' is available
[debug] &amp#27;[35m[ADB]&amp#27;[39m Checking app cert for C:\Users\saurabhkumar04\Downloads\WorkIndiaPractise (3)\WorkIndiaPractise\Resourses\in.workindia.apk
[debug] &amp#27;[35m[ADB]&amp#27;[39m Starting apksigner: 'C:\\Program Files\\Java\\jdk1.8.0_221\\bin\\java.exe' -Xmx1024M -Xss1m -jar C:\\Users\\saurabhkumar04\\AppData\\Local\\Android\\Sdk\\build-tools\\30.0.3\\lib\\apksigner.jar verify --print-certs 'C:\\Users\\saurabhkumar04\\Downloads\\WorkIndiaPractise (3)\\WorkIndiaPractise\\Resourses\\in.workindia.apk'
[debug] &amp#27;[35m[ADB]&amp#27;[39m apksigner stdout: Signer #1 certificate DN: CN=Nilesh Dungarwal, OU=WorkIndia, O=WorkIndia, L=Mumbai, ST=Maharashtra, C=IN
[debug] &amp#27;[35m[ADB]&amp#27;[39m Signer #1 certificate SHA-256 digest: 0fdc1fed6cd07d2c4854153ee799955c35f5dd671743e3c4610c90914d2f7d32
[debug] &amp#27;[35m[ADB]&amp#27;[39m Signer #1 certificate SHA-1 digest: 2e328de1bc8d9844c8a7634fa66f9363c00f613d
[debug] &amp#27;[35m[ADB]&amp#27;[39m Signer #1 certificate MD5 digest: c47446d10c7a53d63b2f43c2e34ce656
[debug] &amp#27;[35m[ADB]&amp#27;[39m 
&amp#27;[35m[ADB]&amp#27;[39m 'C:\Users\saurabhkumar04\Downloads\WorkIndiaPractise (3)\WorkIndiaPractise\Resourses\in.workindia.apk' is signed with a non-default certificate
[debug] &amp#27;[35m[ADB]&amp#27;[39m Getting install status for in.workindia.nileshdungarwal.workindiaandroid
[debug] &amp#27;[35m[ADB]&amp#27;[39m Running 'C:\Users\saurabhkumar04\AppData\Local\Android\Sdk\platform-tools\adb.exe -P 5037 -s emulator-5554 shell dumpsys package in.workindia.nileshdungarwal.workindiaandroid'
[debug] &amp#27;[35m[ADB]&amp#27;[39m 'in.workindia.nileshdungarwal.workindiaandroid' is installed
[debug] &amp#27;[35m[ADB]&amp#27;[39m Getting package info for 'in.workindia.nileshdungarwal.workindiaandroid'
[debug] &amp#27;[35m[ADB]&amp#27;[39m Running 'C:\Users\saurabhkumar04\AppData\Local\Android\Sdk\platform-tools\adb.exe -P 5037 -s emulator-5554 shell dumpsys package in.workindia.nileshdungarwal.workindiaandroid'
[debug] &amp#27;[35m[ADB]&amp#27;[39m The version name of the installed 'in.workindia.nileshdungarwal.workindiaandroid' is greater or equal to the application version name ('4.1.1' >= '4.1.1')
[debug] &amp#27;[35m[ADB]&amp#27;[39m There is no need to install/upgrade 'C:\Users\saurabhkumar04\Downloads\WorkIndiaPractise (3)\WorkIndiaPractise\Resourses\in.workindia.apk'
&amp#27;[35m[AndroidDriver]&amp#27;[39m Performing fast reset on 'in.workindia.nileshdungarwal.workindiaandroid'
[debug] &amp#27;[35m[ADB]&amp#27;[39m Getting install status for in.workindia.nileshdungarwal.workindiaandroid
[debug] &amp#27;[35m[ADB]&amp#27;[39m Running 'C:\Users\saurabhkumar04\AppData\Local\Android\Sdk\platform-tools\adb.exe -P 5037 -s emulator-5554 shell dumpsys package in.workindia.nileshdungarwal.workindiaandroid'
[debug] &amp#27;[35m[ADB]&amp#27;[39m 'in.workindia.nileshdungarwal.workindiaandroid' is installed
[debug] &amp#27;[35m[ADB]&amp#27;[39m Running 'C:\Users\saurabhkumar04\AppData\Local\Android\Sdk\platform-tools\adb.exe -P 5037 -s emulator-5554 shell am force-stop in.workindia.nileshdungarwal.workindiaandroid'
[debug] &amp#27;[35m[ADB]&amp#27;[39m Running 'C:\Users\saurabhkumar04\AppData\Local\Android\Sdk\platform-tools\adb.exe -P 5037 -s emulator-5554 shell pm clear in.workindia.nileshdungarwal.workindiaandroid'
[debug] &amp#27;[35m[AndroidDriver]&amp#27;[39m Performed fast reset on the installed 'in.workindia.nileshdungarwal.workindiaandroid' application (stop and clear)
[debug] &amp#27;[35m[UiAutomator2]&amp#27;[39m Performing shallow cleanup of automation leftovers
[debug] &amp#27;[35m[UiAutomator2]&amp#27;[39m No obsolete sessions have been detected (socket hang up)
[debug] &amp#27;[35m[ADB]&amp#27;[39m Running 'C:\Users\saurabhkumar04\AppData\Local\Android\Sdk\platform-tools\adb.exe -P 5037 -s emulator-5554 shell am force-stop io.appium.uiautomator2.server.test'
&amp#27;[35m[UiAutomator2]&amp#27;[39m Starting UIAutomator2 server 4.15.0
&amp#27;[35m[UiAutomator2]&amp#27;[39m Using UIAutomator2 server from 'C:\Users\saurabhkumar04\AppData\Roaming\npm\node_modules\appium\node_modules\appium-uiautomator2-server\apks\appium-uiautomator2-server-v4.15.0.apk' and test from 'C:\Users\saurabhkumar04\AppData\Roaming\npm\node_modules\appium\node_modules\appium-uiautomator2-server\apks\appium-uiautomator2-server-debug-androidTest.apk'
&amp#27;[35m[UiAutomator2]&amp#27;[39m Waiting up to 30000ms for UiAutomator2 to be online...
[debug] &amp#27;[35m[ADB]&amp#27;[39m Creating ADB subprocess with args: ["-P",5037,"-s","emulator-5554","shell","am","instrument","-w","io.appium.uiautomator2.server.test/androidx.test.runner.AndroidJUnitRunner"]
[debug] &amp#27;[35m[Instrumentation]&amp#27;[39m io.appium.uiautomator2.server.test.AppiumUiAutomator2Server:
[debug] &amp#27;[35m[WD Proxy]&amp#27;[39m Matched '/status' to command name 'getStatus'
[debug] &amp#27;[35m[WD Proxy]&amp#27;[39m Proxying [GET /status] to [GET http://127.0.0.1:8202/wd/hub/status] with no body
&amp#27;[35m[WD Proxy]&amp#27;[39m socket hang up
[debug] &amp#27;[35m[WD Proxy]&amp#27;[39m Matched '/status' to command name 'getStatus'
[debug] &amp#27;[35m[WD Proxy]&amp#27;[39m Proxying [GET /status] to [GET http://127.0.0.1:8202/wd/hub/status] with no body
[debug] &amp#27;[35m[WD Proxy]&amp#27;[39m Got response with status 200: {"sessionId":"None","value":{"message":"UiAutomator2 Server is ready to accept commands","ready":true}}
[debug] &amp#27;[35m[UiAutomator2]&amp#27;[39m The initialization of the instrumentation process took 2138ms
[debug] &amp#27;[35m[WD Proxy]&amp#27;[39m Matched '/session' to command name 'createSession'
[debug] &amp#27;[35m[WD Proxy]&amp#27;[39m Proxying [POST /session] to [POST http://127.0.0.1:8202/wd/hub/session] with body: {"capabilities":{"firstMatch":[{"platform":"LINUX","webStorageEnabled":false,"takesScreenshot":true,"javascriptEnabled":true,"databaseEnabled":false,"networkConnectionEnabled":true,"locationContextEnabled":false,"warnings":{},"desired":{"platformName":"android","app":"./Resourses/in.workindia.apk","appActivity":"in.workindia.nileshdungarwal.workindiaandroid.RegisterActivity","appPackage":"in.workindia.nileshdungarwal.workindiaandroid","deviceName":"emulator-5554","platformVersion":"8.1"},"platformName":"android","app":"./Resourses/in.workindia.apk","appActivity":"in.workindia.nileshdungarwal.workindiaandroid.RegisterActivity","appPackage":"in.workindia.nileshdungarwal.workindiaandroid","deviceName":"emulator-5554","platformVersion":"8.1","deviceUDID":"emulator-5554"}],"alwaysMatch":{}}}
[debug] &amp#27;[35m[WD Proxy]&amp#27;[39m Got response with status 200: {"sessionId":"309ecd4d-745f-4bb1-975d-019119a1d545","value":{"capabilities":{"firstMatch":[{"platform":"LINUX","webStorageEnabled":false,"takesScreenshot":true,"javascriptEnabled":true,"databaseEnabled":false,"networkConnectionEnabled":true,"locationContextEnabled":false,"warnings":{},"desired":{"platformName":"android","app":"./Resourses/in.workindia.apk","appActivity":"in.workindia.nileshdungarwal.workindiaandroid.RegisterActivity","appPackage":"in.workindia.nileshdungarwal.workindiaandroid","deviceName":"emulator-5554","platformVersion":"8.1"},"platformName":"android","app":"./Resourses/in.workindia.apk","appActivity":"in.workindia.nileshdungarwal.workindiaandroid.RegisterActivity","appPackage":"in.workindia.nileshdungarwal.workindiaandroid","deviceName":"emulator-5554","platformVersion":"8.1","deviceUDID":"emulator-5554"}],"alwaysMatch":{}},"sessionId":"309ecd4d-745f-4bb1-975d-019119a1d545"}}
&amp#27;[35m[WD Proxy]&amp#27;[39m Determined the downstream protocol as 'W3C'
[debug] &amp#27;[35m[WD Proxy]&amp#27;[39m Proxying [GET /appium/device/info] to [GET http://127.0.0.1:8202/wd/hub/session/309ecd4d-745f-4bb1-975d-019119a1d545/appium/device/info] with no body
[debug] &amp#27;[35m[WD Proxy]&amp#27;[39m Got response with status 200: {"sessionId":"309ecd4d-745f-4bb1-975d-019119a1d545","value":{"androidId":"36ad8e858761607e","apiVersion":"27","bluetooth":null,"brand":"google","carrierName":"Android","displayDensity":440,"locale":"en_US","manufacturer":"Google","model":"Android SDK built for x86","networks":[{"capabilities":{"SSID":null,"linkDownBandwidthKbps":102400,"linkUpstreamBandwidthKbps":51200,"networkCapabilities":"NET_CAPABILITY_MMS,NET_CAPABILITY_SUPL,NET_CAPABILITY_DUN,NET_CAPABILITY_FOTA,NET_CAPABILITY_IMS,NET_CAPABILITY_CBS,NET_CAPABILITY_IA,NET_CAPABILITY_INTERNET,NET_CAPABILITY_NOT_RESTRICTED,NET_CAPABILITY_TRUSTED,NET_CAPABILITY_NOT_VPN,NET_CAPABILITY_VALIDATED","signalStrength":-2147483648,"transportTypes":"TRANSPORT_CELLULAR"},"detailedState":"CONNECTED","extraInfo":"epc.tmobile.com","isAvailable":true,"isConnected":true,"isFailover":false,"isRoaming":false,"state":"CONNECTED","subtype":13,"subtypeName":"LTE","type":0,"typeName":"MOBILE"},{"capabilities":{"SSID":null,"linkDownBandwidthKbps":1048576,"linkUpstreamBandwidt...
[debug] &amp#27;[35m[ADB]&amp#27;[39m Running 'C:\Users\saurabhkumar04\AppData\Local\Android\Sdk\platform-tools\adb.exe -P 5037 -s emulator-5554 shell dumpsys window'
&amp#27;[35m[AndroidDriver]&amp#27;[39m Screen already unlocked, doing nothing
&amp#27;[35m[UiAutomator2]&amp#27;[39m Starting 'in.workindia.nileshdungarwal.workindiaandroid/in.workindia.nileshdungarwal.workindiaandroid.RegisterActivity and waiting for 'in.workindia.nileshdungarwal.workindiaandroid/in.workindia.nileshdungarwal.workindiaandroid.RegisterActivity'
[debug] &amp#27;[35m[ADB]&amp#27;[39m Running 'C:\Users\saurabhkumar04\AppData\Local\Android\Sdk\platform-tools\adb.exe -P 5037 -s emulator-5554 shell am start -W -n in.workindia.nileshdungarwal.workindiaandroid/in.workindia.nileshdungarwal.workindiaandroid.RegisterActivity -S -a android.intent.action.MAIN -c android.intent.category.LAUNCHER -f 0x10200000'
[debug] &amp#27;[35m[WD Proxy]&amp#27;[39m Proxying [GET /appium/device/pixel_ratio] to [GET http://127.0.0.1:8202/wd/hub/session/309ecd4d-745f-4bb1-975d-019119a1d545/appium/device/pixel_ratio] with no body
[debug] &amp#27;[35m[WD Proxy]&amp#27;[39m Got response with status 200: {"sessionId":"309ecd4d-745f-4bb1-975d-019119a1d545","value":2.75}
[debug] &amp#27;[35m[WD Proxy]&amp#27;[39m Matched '/appium/device/system_bars' to command name 'getSystemBars'
[debug] &amp#27;[35m[WD Proxy]&amp#27;[39m Proxying [GET /appium/device/system_bars] to [GET http://127.0.0.1:8202/wd/hub/session/309ecd4d-745f-4bb1-975d-019119a1d545/appium/device/system_bars] with no body
[debug] &amp#27;[35m[WD Proxy]&amp#27;[39m Got response with status 200: {"sessionId":"309ecd4d-745f-4bb1-975d-019119a1d545","value":{"statusBar":66}}
[debug] &amp#27;[35m[WD Proxy]&amp#27;[39m Matched '/window/current/size' to command name 'getWindowSize'
[debug] &amp#27;[35m[WD Proxy]&amp#27;[39m Proxying [GET /window/current/size] to [GET http://127.0.0.1:8202/wd/hub/session/309ecd4d-745f-4bb1-975d-019119a1d545/window/current/size] with no body
[debug] &amp#27;[35m[WD Proxy]&amp#27;[39m Got response with status 200: {"sessionId":"309ecd4d-745f-4bb1-975d-019119a1d545","value":{"height":2028,"width":1080}}
&amp#27;[35m[Appium]&amp#27;[39m New AndroidUiautomator2Driver session created successfully, session 9ad58081-1fb1-4d15-80ce-e759d4eceebf added to master session list
[debug] &amp#27;[35m[BaseDriver]&amp#27;[39m Event 'newSessionStarted' logged at 1610626414470 (17:43:34 GMT+0530 (India Standard Time))
[debug] &amp#27;[35m[W3C (9ad58081)]&amp#27;[39m Cached the protocol value 'W3C' for the new session 9ad58081-1fb1-4d15-80ce-e759d4eceebf
[debug] &amp#27;[35m[W3C (9ad58081)]&amp#27;[39m Responding to client with driver.createSession() result: {"capabilities":{"platform":"LINUX","webStorageEnabled":false,"takesScreenshot":true,"javascriptEnabled":true,"databaseEnabled":false,"networkConnectionEnabled":true,"locationContextEnabled":false,"warnings":{},"desired":{"platformName":"android","app":"./Resourses/in.workindia.apk","appActivity":"in.workindia.nileshdungarwal.workindiaandroid.RegisterActivity","appPackage":"in.workindia.nileshdungarwal.workindiaandroid","deviceName":"emulator-5554","platformVersion":"8.1"},"platformName":"android","app":"./Resourses/in.workindia.apk","appActivity":"in.workindia.nileshdungarwal.workindiaandroid.RegisterActivity","appPackage":"in.workindia.nileshdungarwal.workindiaandroid","deviceName":"emulator-5554","platformVersion":"8.1.0","deviceUDID":"emulator-5554","deviceApiLevel":27,"deviceScreenSize":"1080x2160","deviceScreenDensity":440,"deviceModel":"Android SDK built for x86","deviceManufacturer":"Google","pixelRatio":2.75,"statBarHeight":66,"viewportRect":{"left":0,"top":66,"width":1080,"height":1962}}}
&amp#27;[35m[HTTP]&amp#27;[39m &amp#27;[37m<-- POST /wd/hub/session &amp#27;[39m&amp#27;[32m200&amp#27;[39m &amp#27;[90m8658 ms - 1074&amp#27;[39m
&amp#27;[35m[HTTP]&amp#27;[39m &amp#27;[90m&amp#27;[39m
&amp#27;[35m[HTTP]&amp#27;[39m &amp#27;[37m-->&amp#27;[39m &amp#27;[37mGET&amp#27;[39m &amp#27;[37m/wd/hub/session/9ad58081-1fb1-4d15-80ce-e759d4eceebf&amp#27;[39m
&amp#27;[35m[HTTP]&amp#27;[39m &amp#27;[90m{}&amp#27;[39m
[debug] &amp#27;[35m[W3C (9ad58081)]&amp#27;[39m Calling AppiumDriver.getSession() with args: ["9ad58081-1fb1-4d15-80ce-e759d4eceebf"]
[debug] &amp#27;[35m[UiAutomator2]&amp#27;[39m Getting session details from server to mix in
[debug] &amp#27;[35m[WD Proxy]&amp#27;[39m Matched '/' to command name 'getSession'
[debug] &amp#27;[35m[WD Proxy]&amp#27;[39m Proxying [GET /] to [GET http://127.0.0.1:8202/wd/hub/session/309ecd4d-745f-4bb1-975d-019119a1d545] with no body
[debug] &amp#27;[35m[WD Proxy]&amp#27;[39m Got response with status 200: {"sessionId":"309ecd4d-745f-4bb1-975d-019119a1d545","value":{"lastScrollData":null}}
[debug] &amp#27;[35m[W3C (9ad58081)]&amp#27;[39m Responding to client with driver.getSession() result: {"platform":"LINUX","webStorageEnabled":false,"takesScreenshot":true,"javascriptEnabled":true,"databaseEnabled":false,"networkConnectionEnabled":true,"locationContextEnabled":false,"warnings":{},"desired":{"platformName":"android","app":"./Resourses/in.workindia.apk","appActivity":"in.workindia.nileshdungarwal.workindiaandroid.RegisterActivity","appPackage":"in.workindia.nileshdungarwal.workindiaandroid","deviceName":"emulator-5554","platformVersion":"8.1"},"platformName":"android","app":"./Resourses/in.workindia.apk","appActivity":"in.workindia.nileshdungarwal.workindiaandroid.RegisterActivity","appPackage":"in.workindia.nileshdungarwal.workindiaandroid","deviceName":"emulator-5554","platformVersion":"8.1.0","deviceUDID":"emulator-5554","deviceApiLevel":27,"deviceScreenSize":"1080x2160","deviceScreenDensity":440,"deviceModel":"Android SDK built for x86","deviceManufacturer":"Google","pixelRatio":2.75,"statBarHeight":66,"viewportRect":{"left":0,"top":66,"width":1080,"height":1962},"lastScrollData":null}
&amp#27;[35m[HTTP]&amp#27;[39m &amp#27;[37m<-- GET /wd/hub/session/9ad58081-1fb1-4d15-80ce-e759d4eceebf &amp#27;[39m&amp#27;[32m200&amp#27;[39m &amp#27;[90m45 ms - 1028&amp#27;[39m
&amp#27;[35m[HTTP]&amp#27;[39m &amp#27;[90m&amp#27;[39m
&amp#27;[35m[HTTP]&amp#27;[39m &amp#27;[37m-->&amp#27;[39m &amp#27;[37mGET&amp#27;[39m &amp#27;[37m/wd/hub/session/9ad58081-1fb1-4d15-80ce-e759d4eceebf&amp#27;[39m
&amp#27;[35m[HTTP]&amp#27;[39m &amp#27;[90m{}&amp#27;[39m
[debug] &amp#27;[35m[W3C (9ad58081)]&amp#27;[39m Calling AppiumDriver.getSession() with args: ["9ad58081-1fb1-4d15-80ce-e759d4eceebf"]
[debug] &amp#27;[35m[UiAutomator2]&amp#27;[39m Getting session details from server to mix in
[debug] &amp#27;[35m[WD Proxy]&amp#27;[39m Matched '/' to command name 'getSession'
[debug] &amp#27;[35m[WD Proxy]&amp#27;[39m Proxying [GET /] to [GET http://127.0.0.1:8202/wd/hub/session/309ecd4d-745f-4bb1-975d-019119a1d545] with no body
[debug] &amp#27;[35m[WD Proxy]&amp#27;[39m Got response with status 200: {"sessionId":"309ecd4d-745f-4bb1-975d-019119a1d545","value":{"lastScrollData":null}}
[debug] &amp#27;[35m[W3C (9ad58081)]&amp#27;[39m Responding to client with driver.getSession() result: {"platform":"LINUX","webStorageEnabled":false,"takesScreenshot":true,"javascriptEnabled":true,"databaseEnabled":false,"networkConnectionEnabled":true,"locationContextEnabled":false,"warnings":{},"desired":{"platformName":"android","app":"./Resourses/in.workindia.apk","appActivity":"in.workindia.nileshdungarwal.workindiaandroid.RegisterActivity","appPackage":"in.workindia.nileshdungarwal.workindiaandroid","deviceName":"emulator-5554","platformVersion":"8.1"},"platformName":"android","app":"./Resourses/in.workindia.apk","appActivity":"in.workindia.nileshdungarwal.workindiaandroid.RegisterActivity","appPackage":"in.workindia.nileshdungarwal.workindiaandroid","deviceName":"emulator-5554","platformVersion":"8.1.0","deviceUDID":"emulator-5554","deviceApiLevel":27,"deviceScreenSize":"1080x2160","deviceScreenDensity":440,"deviceModel":"Android SDK built for x86","deviceManufacturer":"Google","pixelRatio":2.75,"statBarHeight":66,"viewportRect":{"left":0,"top":66,"width":1080,"height":1962},"lastScrollData":null}
&amp#27;[35m[HTTP]&amp#27;[39m &amp#27;[37m<-- GET /wd/hub/session/9ad58081-1fb1-4d15-80ce-e759d4eceebf &amp#27;[39m&amp#27;[32m200&amp#27;[39m &amp#27;[90m25 ms - 1028&amp#27;[39m
&amp#27;[35m[HTTP]&amp#27;[39m &amp#27;[90m&amp#27;[39m
&amp#27;[35m[HTTP]&amp#27;[39m &amp#27;[37m-->&amp#27;[39m &amp#27;[37mPOST&amp#27;[39m &amp#27;[37m/wd/hub/session/9ad58081-1fb1-4d15-80ce-e759d4eceebf/timeouts&amp#27;[39m
&amp#27;[35m[HTTP]&amp#27;[39m &amp#27;[90m{"implicit":30000}&amp#27;[39m
[debug] &amp#27;[35m[W3C (9ad58081)]&amp#27;[39m Calling AppiumDriver.timeouts() with args: [null,null,null,null,30000,"9ad58081-1fb1-4d15-80ce-e759d4eceebf"]
[debug] &amp#27;[35m[BaseDriver]&amp#27;[39m W3C timeout argument: {"implicit":30000}}
[debug] &amp#27;[35m[BaseDriver]&amp#27;[39m Set implicit wait to 30000ms
[debug] &amp#27;[35m[W3C (9ad58081)]&amp#27;[39m Responding to client with driver.timeouts() result: null
&amp#27;[35m[HTTP]&amp#27;[39m &amp#27;[37m<-- POST /wd/hub/session/9ad58081-1fb1-4d15-80ce-e759d4eceebf/timeouts &amp#27;[39m&amp#27;[32m200&amp#27;[39m &amp#27;[90m5 ms - 14&amp#27;[39m
&amp#27;[35m[HTTP]&amp#27;[39m &amp#27;[90m&amp#27;[39m
&amp#27;[35m[HTTP]&amp#27;[39m &amp#27;[37m-->&amp#27;[39m &amp#27;[37mGET&amp#27;[39m &amp#27;[37m/wd/hub/session/9ad58081-1fb1-4d15-80ce-e759d4eceebf&amp#27;[39m
&amp#27;[35m[HTTP]&amp#27;[39m &amp#27;[90m{}&amp#27;[39m
[debug] &amp#27;[35m[W3C (9ad58081)]&amp#27;[39m Calling AppiumDriver.getSession() with args: ["9ad58081-1fb1-4d15-80ce-e759d4eceebf"]
[debug] &amp#27;[35m[UiAutomator2]&amp#27;[39m Getting session details from server to mix in
[debug] &amp#27;[35m[WD Proxy]&amp#27;[39m Matched '/' to command name 'getSession'
[debug] &amp#27;[35m[WD Proxy]&amp#27;[39m Proxying [GET /] to [GET http://127.0.0.1:8202/wd/hub/session/309ecd4d-745f-4bb1-975d-019119a1d545] with no body
[debug] &amp#27;[35m[WD Proxy]&amp#27;[39m Got response with status 200: {"sessionId":"309ecd4d-745f-4bb1-975d-019119a1d545","value":{"lastScrollData":null}}
[debug] &amp#27;[35m[W3C (9ad58081)]&amp#27;[39m Responding to client with driver.getSession() result: {"platform":"LINUX","webStorageEnabled":false,"takesScreenshot":true,"javascriptEnabled":true,"databaseEnabled":false,"networkConnectionEnabled":true,"locationContextEnabled":false,"warnings":{},"desired":{"platformName":"android","app":"./Resourses/in.workindia.apk","appActivity":"in.workindia.nileshdungarwal.workindiaandroid.RegisterActivity","appPackage":"in.workindia.nileshdungarwal.workindiaandroid","deviceName":"emulator-5554","platformVersion":"8.1"},"platformName":"android","app":"./Resourses/in.workindia.apk","appActivity":"in.workindia.nileshdungarwal.workindiaandroid.RegisterActivity","appPackage":"in.workindia.nileshdungarwal.workindiaandroid","deviceName":"emulator-5554","platformVersion":"8.1.0","deviceUDID":"emulator-5554","deviceApiLevel":27,"deviceScreenSize":"1080x2160","deviceScreenDensity":440,"deviceModel":"Android SDK built for x86","deviceManufacturer":"Google","pixelRatio":2.75,"statBarHeight":66,"viewportRect":{"left":0,"top":66,"width":1080,"height":1962},"lastScrollData":null}
&amp#27;[35m[HTTP]&amp#27;[39m &amp#27;[37m<-- GET /wd/hub/session/9ad58081-1fb1-4d15-80ce-e759d4eceebf &amp#27;[39m&amp#27;[32m200&amp#27;[39m &amp#27;[90m18 ms - 1028&amp#27;[39m
&amp#27;[35m[HTTP]&amp#27;[39m &amp#27;[90m&amp#27;[39m
&amp#27;[35m[HTTP]&amp#27;[39m &amp#27;[37m-->&amp#27;[39m &amp#27;[37mGET&amp#27;[39m &amp#27;[37m/wd/hub/session/9ad58081-1fb1-4d15-80ce-e759d4eceebf&amp#27;[39m
&amp#27;[35m[HTTP]&amp#27;[39m &amp#27;[90m{}&amp#27;[39m
[debug] &amp#27;[35m[W3C (9ad58081)]&amp#27;[39m Calling AppiumDriver.getSession() with args: ["9ad58081-1fb1-4d15-80ce-e759d4eceebf"]
[debug] &amp#27;[35m[UiAutomator2]&amp#27;[39m Getting session details from server to mix in
[debug] &amp#27;[35m[WD Proxy]&amp#27;[39m Matched '/' to command name 'getSession'
[debug] &amp#27;[35m[WD Proxy]&amp#27;[39m Proxying [GET /] to [GET http://127.0.0.1:8202/wd/hub/session/309ecd4d-745f-4bb1-975d-019119a1d545] with no body
[debug] &amp#27;[35m[WD Proxy]&amp#27;[39m Got response with status 200: {"sessionId":"309ecd4d-745f-4bb1-975d-019119a1d545","value":{"lastScrollData":null}}
[debug] &amp#27;[35m[W3C (9ad58081)]&amp#27;[39m Responding to client with driver.getSession() result: {"platform":"LINUX","webStorageEnabled":false,"takesScreenshot":true,"javascriptEnabled":true,"databaseEnabled":false,"networkConnectionEnabled":true,"locationContextEnabled":false,"warnings":{},"desired":{"platformName":"android","app":"./Resourses/in.workindia.apk","appActivity":"in.workindia.nileshdungarwal.workindiaandroid.RegisterActivity","appPackage":"in.workindia.nileshdungarwal.workindiaandroid","deviceName":"emulator-5554","platformVersion":"8.1"},"platformName":"android","app":"./Resourses/in.workindia.apk","appActivity":"in.workindia.nileshdungarwal.workindiaandroid.RegisterActivity","appPackage":"in.workindia.nileshdungarwal.workindiaandroid","deviceName":"emulator-5554","platformVersion":"8.1.0","deviceUDID":"emulator-5554","deviceApiLevel":27,"deviceScreenSize":"1080x2160","deviceScreenDensity":440,"deviceModel":"Android SDK built for x86","deviceManufacturer":"Google","pixelRatio":2.75,"statBarHeight":66,"viewportRect":{"left":0,"top":66,"width":1080,"height":1962},"lastScrollData":null}
&amp#27;[35m[HTTP]&amp#27;[39m &amp#27;[37m<-- GET /wd/hub/session/9ad58081-1fb1-4d15-80ce-e759d4eceebf &amp#27;[39m&amp#27;[32m200&amp#27;[39m &amp#27;[90m20 ms - 1028&amp#27;[39m
&amp#27;[35m[HTTP]&amp#27;[39m &amp#27;[90m&amp#27;[39m
&amp#27;[35m[HTTP]&amp#27;[39m &amp#27;[37m-->&amp#27;[39m &amp#27;[37mGET&amp#27;[39m &amp#27;[37m/wd/hub/session/9ad58081-1fb1-4d15-80ce-e759d4eceebf&amp#27;[39m
&amp#27;[35m[HTTP]&amp#27;[39m &amp#27;[90m{}&amp#27;[39m
[debug] &amp#27;[35m[W3C (9ad58081)]&amp#27;[39m Calling AppiumDriver.getSession() with args: ["9ad58081-1fb1-4d15-80ce-e759d4eceebf"]
[debug] &amp#27;[35m[UiAutomator2]&amp#27;[39m Getting session details from server to mix in
[debug] &amp#27;[35m[WD Proxy]&amp#27;[39m Matched '/' to command name 'getSession'
[debug] &amp#27;[35m[WD Proxy]&amp#27;[39m Proxying [GET /] to [GET http://127.0.0.1:8202/wd/hub/session/309ecd4d-745f-4bb1-975d-019119a1d545] with no body
[debug] &amp#27;[35m[WD Proxy]&amp#27;[39m Got response with status 200: {"sessionId":"309ecd4d-745f-4bb1-975d-019119a1d545","value":{"lastScrollData":null}}
[debug] &amp#27;[35m[W3C (9ad58081)]&amp#27;[39m Responding to client with driver.getSession() result: {"platform":"LINUX","webStorageEnabled":false,"takesScreenshot":true,"javascriptEnabled":true,"databaseEnabled":false,"networkConnectionEnabled":true,"locationContextEnabled":false,"warnings":{},"desired":{"platformName":"android","app":"./Resourses/in.workindia.apk","appActivity":"in.workindia.nileshdungarwal.workindiaandroid.RegisterActivity","appPackage":"in.workindia.nileshdungarwal.workindiaandroid","deviceName":"emulator-5554","platformVersion":"8.1"},"platformName":"android","app":"./Resourses/in.workindia.apk","appActivity":"in.workindia.nileshdungarwal.workindiaandroid.RegisterActivity","appPackage":"in.workindia.nileshdungarwal.workindiaandroid","deviceName":"emulator-5554","platformVersion":"8.1.0","deviceUDID":"emulator-5554","deviceApiLevel":27,"deviceScreenSize":"1080x2160","deviceScreenDensity":440,"deviceModel":"Android SDK built for x86","deviceManufacturer":"Google","pixelRatio":2.75,"statBarHeight":66,"viewportRect":{"left":0,"top":66,"width":1080,"height":1962},"lastScrollData":null}
&amp#27;[35m[HTTP]&amp#27;[39m &amp#27;[37m<-- GET /wd/hub/session/9ad58081-1fb1-4d15-80ce-e759d4eceebf &amp#27;[39m&amp#27;[32m200&amp#27;[39m &amp#27;[90m17 ms - 1028&amp#27;[39m
&amp#27;[35m[HTTP]&amp#27;[39m &amp#27;[90m&amp#27;[39m
&amp#27;[35m[HTTP]&amp#27;[39m &amp#27;[37m-->&amp#27;[39m &amp#27;[37mPOST&amp#27;[39m &amp#27;[37m/wd/hub/session/9ad58081-1fb1-4d15-80ce-e759d4eceebf/element&amp#27;[39m
&amp#27;[35m[HTTP]&amp#27;[39m &amp#27;[90m{"using":"id","value":"in.workindia.nileshdungarwal.workindiaandroid:id/et_name"}&amp#27;[39m
[debug] &amp#27;[35m[W3C (9ad58081)]&amp#27;[39m Calling AppiumDriver.findElement() with args: ["id","in.workindia.nileshdungarwal.workindiaandroid:id/et_name","9ad58081-1fb1-4d15-80ce-e759d4eceebf"]
[debug] &amp#27;[35m[BaseDriver]&amp#27;[39m Valid locator strategies for this request: xpath, id, class name, accessibility id, css selector, -android uiautomator
[debug] &amp#27;[35m[BaseDriver]&amp#27;[39m Waiting up to 30000 ms for condition
[debug] &amp#27;[35m[WD Proxy]&amp#27;[39m Matched '/element' to command name 'findElement'
[debug] &amp#27;[35m[WD Proxy]&amp#27;[39m Proxying [POST /element] to [POST http://127.0.0.1:8202/wd/hub/session/309ecd4d-745f-4bb1-975d-019119a1d545/element] with body: {"strategy":"id","selector":"in.workindia.nileshdungarwal.workindiaandroid:id/et_name","context":"","multiple":false}
[debug] &amp#27;[35m[WD Proxy]&amp#27;[39m Got response with status 200: {"sessionId":"309ecd4d-745f-4bb1-975d-019119a1d545","value":{"ELEMENT":"8bc44871-09e5-40ee-8226-adafd0903ca6","element-6066-11e4-a52e-4f735466cecf":"8bc44871-09e5-40ee-8226-adafd0903ca6"}}
[debug] &amp#27;[35m[W3C (9ad58081)]&amp#27;[39m Responding to client with driver.findElement() result: {"element-6066-11e4-a52e-4f735466cecf":"8bc44871-09e5-40ee-8226-adafd0903ca6","ELEMENT":"8bc44871-09e5-40ee-8226-adafd0903ca6"}
&amp#27;[35m[HTTP]&amp#27;[39m &amp#27;[37m<-- POST /wd/hub/session/9ad58081-1fb1-4d15-80ce-e759d4eceebf/element &amp#27;[39m&amp#27;[32m200&amp#27;[39m &amp#27;[90m52 ms - 137&amp#27;[39m
&amp#27;[35m[HTTP]&amp#27;[39m &amp#27;[90m&amp#27;[39m
&amp#27;[35m[HTTP]&amp#27;[39m &amp#27;[37m-->&amp#27;[39m &amp#27;[37mPOST&amp#27;[39m &amp#27;[37m/wd/hub/session/9ad58081-1fb1-4d15-80ce-e759d4eceebf/element/8bc44871-09e5-40ee-8226-adafd0903ca6/value&amp#27;[39m
&amp#27;[35m[HTTP]&amp#27;[39m &amp#27;[90m{"id":"8bc44871-09e5-40ee-8226-adafd0903ca6","text":"Aadarsh","value":["A","a","d","a","r","s","h"]}&amp#27;[39m
[debug] &amp#27;[35m[W3C (9ad58081)]&amp#27;[39m Calling AppiumDriver.setValue() with args: [["A","a","d","a","r","s","h"],"8bc44871-09e5-40ee-8226-adafd0903ca6","9ad58081-1fb1-4d15-80ce-e759d4eceebf"]
[debug] &amp#27;[35m[WD Proxy]&amp#27;[39m Matched '/element/8bc44871-09e5-40ee-8226-adafd0903ca6/value' to command name 'setValue'
[debug] &amp#27;[35m[Protocol Converter]&amp#27;[39m Added 'value' property ["A","a","d","a","r","s","h"] to 'setValue' request body
[debug] &amp#27;[35m[WD Proxy]&amp#27;[39m Proxying [POST /element/8bc44871-09e5-40ee-8226-adafd0903ca6/value] to [POST http://127.0.0.1:8202/wd/hub/session/309ecd4d-745f-4bb1-975d-019119a1d545/element/8bc44871-09e5-40ee-8226-adafd0903ca6/value] with body: {"elementId":"8bc44871-09e5-40ee-8226-adafd0903ca6","text":"Aadarsh","replace":false,"value":["A","a","d","a","r","s","h"]}
[debug] &amp#27;[35m[WD Proxy]&amp#27;[39m Got response with status 200: {"sessionId":"309ecd4d-745f-4bb1-975d-019119a1d545","value":null}
[debug] &amp#27;[35m[W3C (9ad58081)]&amp#27;[39m Responding to client with driver.setValue() result: null
&amp#27;[35m[HTTP]&amp#27;[39m &amp#27;[37m<-- POST /wd/hub/session/9ad58081-1fb1-4d15-80ce-e759d4eceebf/element/8bc44871-09e5-40ee-8226-adafd0903ca6/value &amp#27;[39m&amp#27;[32m200&amp#27;[39m &amp#27;[90m34 ms - 14&amp#27;[39m
&amp#27;[35m[HTTP]&amp#27;[39m &amp#27;[90m&amp#27;[39m
&amp#27;[35m[HTTP]&amp#27;[39m &amp#27;[37m-->&amp#27;[39m &amp#27;[37mGET&amp#27;[39m &amp#27;[37m/wd/hub/session/9ad58081-1fb1-4d15-80ce-e759d4eceebf&amp#27;[39m
&amp#27;[35m[HTTP]&amp#27;[39m &amp#27;[90m{}&amp#27;[39m
[debug] &amp#27;[35m[W3C (9ad58081)]&amp#27;[39m Calling AppiumDriver.getSession() with args: ["9ad58081-1fb1-4d15-80ce-e759d4eceebf"]
[debug] &amp#27;[35m[UiAutomator2]&amp#27;[39m Getting session details from server to mix in
[debug] &amp#27;[35m[WD Proxy]&amp#27;[39m Matched '/' to command name 'getSession'
[debug] &amp#27;[35m[WD Proxy]&amp#27;[39m Proxying [GET /] to [GET http://127.0.0.1:8202/wd/hub/session/309ecd4d-745f-4bb1-975d-019119a1d545] with no body
[debug] &amp#27;[35m[WD Proxy]&amp#27;[39m Got response with status 200: {"sessionId":"309ecd4d-745f-4bb1-975d-019119a1d545","value":{"lastScrollData":null}}
[debug] &amp#27;[35m[W3C (9ad58081)]&amp#27;[39m Responding to client with driver.getSession() result: {"platform":"LINUX","webStorageEnabled":false,"takesScreenshot":true,"javascriptEnabled":true,"databaseEnabled":false,"networkConnectionEnabled":true,"locationContextEnabled":false,"warnings":{},"desired":{"platformName":"android","app":"./Resourses/in.workindia.apk","appActivity":"in.workindia.nileshdungarwal.workindiaandroid.RegisterActivity","appPackage":"in.workindia.nileshdungarwal.workindiaandroid","deviceName":"emulator-5554","platformVersion":"8.1"},"platformName":"android","app":"./Resourses/in.workindia.apk","appActivity":"in.workindia.nileshdungarwal.workindiaandroid.RegisterActivity","appPackage":"in.workindia.nileshdungarwal.workindiaandroid","deviceName":"emulator-5554","platformVersion":"8.1.0","deviceUDID":"emulator-5554","deviceApiLevel":27,"deviceScreenSize":"1080x2160","deviceScreenDensity":440,"deviceModel":"Android SDK built for x86","deviceManufacturer":"Google","pixelRatio":2.75,"statBarHeight":66,"viewportRect":{"left":0,"top":66,"width":1080,"height":1962},"lastScrollData":null}
&amp#27;[35m[HTTP]&amp#27;[39m &amp#27;[37m<-- GET /wd/hub/session/9ad58081-1fb1-4d15-80ce-e759d4eceebf &amp#27;[39m&amp#27;[32m200&amp#27;[39m &amp#27;[90m16 ms - 1028&amp#27;[39m
&amp#27;[35m[HTTP]&amp#27;[39m &amp#27;[90m&amp#27;[39m
&amp#27;[35m[HTTP]&amp#27;[39m &amp#27;[37m-->&amp#27;[39m &amp#27;[37mPOST&amp#27;[39m &amp#27;[37m/wd/hub/session/9ad58081-1fb1-4d15-80ce-e759d4eceebf/element&amp#27;[39m
&amp#27;[35m[HTTP]&amp#27;[39m &amp#27;[90m{"using":"id","value":"in.workindia.nileshdungarwal.workindiaandroid:id/et_number"}&amp#27;[39m
[debug] &amp#27;[35m[W3C (9ad58081)]&amp#27;[39m Calling AppiumDriver.findElement() with args: ["id","in.workindia.nileshdungarwal.workindiaandroid:id/et_number","9ad58081-1fb1-4d15-80ce-e759d4eceebf"]
[debug] &amp#27;[35m[BaseDriver]&amp#27;[39m Valid locator strategies for this request: xpath, id, class name, accessibility id, css selector, -android uiautomator
[debug] &amp#27;[35m[BaseDriver]&amp#27;[39m Waiting up to 30000 ms for condition
[debug] &amp#27;[35m[WD Proxy]&amp#27;[39m Matched '/element' to command name 'findElement'
[debug] &amp#27;[35m[WD Proxy]&amp#27;[39m Proxying [POST /element] to [POST http://127.0.0.1:8202/wd/hub/session/309ecd4d-745f-4bb1-975d-019119a1d545/element] with body: {"strategy":"id","selector":"in.workindia.nileshdungarwal.workindiaandroid:id/et_number","context":"","multiple":false}
[debug] &amp#27;[35m[WD Proxy]&amp#27;[39m Got response with status 200: {"sessionId":"309ecd4d-745f-4bb1-975d-019119a1d545","value":{"ELEMENT":"56c2bd6d-9465-442b-9a2b-cf853c4918e8","element-6066-11e4-a52e-4f735466cecf":"56c2bd6d-9465-442b-9a2b-cf853c4918e8"}}
[debug] &amp#27;[35m[W3C (9ad58081)]&amp#27;[39m Responding to client with driver.findElement() result: {"element-6066-11e4-a52e-4f735466cecf":"56c2bd6d-9465-442b-9a2b-cf853c4918e8","ELEMENT":"56c2bd6d-9465-442b-9a2b-cf853c4918e8"}
&amp#27;[35m[HTTP]&amp#27;[39m &amp#27;[37m<-- POST /wd/hub/session/9ad58081-1fb1-4d15-80ce-e759d4eceebf/element &amp#27;[39m&amp#27;[32m200&amp#27;[39m &amp#27;[90m499 ms - 137&amp#27;[39m
&amp#27;[35m[HTTP]&amp#27;[39m &amp#27;[90m&amp#27;[39m
&amp#27;[35m[HTTP]&amp#27;[39m &amp#27;[37m-->&amp#27;[39m &amp#27;[37mPOST&amp#27;[39m &amp#27;[37m/wd/hub/session/9ad58081-1fb1-4d15-80ce-e759d4eceebf/element/56c2bd6d-9465-442b-9a2b-cf853c4918e8/value&amp#27;[39m
&amp#27;[35m[HTTP]&amp#27;[39m &amp#27;[90m{"id":"56c2bd6d-9465-442b-9a2b-cf853c4918e8","text":"1234567897","value":["1","2","3","4","5","6","7","8","9","7"]}&amp#27;[39m
[debug] &amp#27;[35m[W3C (9ad58081)]&amp#27;[39m Calling AppiumDriver.setValue() with args: [["1","2","3","4","5","6","7","8","9","7"],"56c2bd6d-9465-442b-9a2b-cf853c4918e8","9ad58081-1fb1-4d15-80ce-e759d4eceebf"]
[debug] &amp#27;[35m[WD Proxy]&amp#27;[39m Matched '/element/56c2bd6d-9465-442b-9a2b-cf853c4918e8/value' to command name 'setValue'
[debug] &amp#27;[35m[Protocol Converter]&amp#27;[39m Added 'value' property ["1","2","3","4","5","6","7","8","9","7"] to 'setValue' request body
[debug] &amp#27;[35m[WD Proxy]&amp#27;[39m Proxying [POST /element/56c2bd6d-9465-442b-9a2b-cf853c4918e8/value] to [POST http://127.0.0.1:8202/wd/hub/session/309ecd4d-745f-4bb1-975d-019119a1d545/element/56c2bd6d-9465-442b-9a2b-cf853c4918e8/value] with body: {"elementId":"56c2bd6d-9465-442b-9a2b-cf853c4918e8","text":"1234567897","replace":false,"value":["1","2","3","4","5","6","7","8","9","7"]}
[debug] &amp#27;[35m[WD Proxy]&amp#27;[39m Got response with status 200: {"sessionId":"309ecd4d-745f-4bb1-975d-019119a1d545","value":null}
[debug] &amp#27;[35m[W3C (9ad58081)]&amp#27;[39m Responding to client with driver.setValue() result: null
&amp#27;[35m[HTTP]&amp#27;[39m &amp#27;[37m<-- POST /wd/hub/session/9ad58081-1fb1-4d15-80ce-e759d4eceebf/element/56c2bd6d-9465-442b-9a2b-cf853c4918e8/value &amp#27;[39m&amp#27;[32m200&amp#27;[39m &amp#27;[90m37 ms - 14&amp#27;[39m
&amp#27;[35m[HTTP]&amp#27;[39m &amp#27;[90m&amp#27;[39m
&amp#27;[35m[HTTP]&amp#27;[39m &amp#27;[37m-->&amp#27;[39m &amp#27;[37mGET&amp#27;[39m &amp#27;[37m/wd/hub/session/9ad58081-1fb1-4d15-80ce-e759d4eceebf&amp#27;[39m
&amp#27;[35m[HTTP]&amp#27;[39m &amp#27;[90m{}&amp#27;[39m
[debug] &amp#27;[35m[W3C (9ad58081)]&amp#27;[39m Calling AppiumDriver.getSession() with args: ["9ad58081-1fb1-4d15-80ce-e759d4eceebf"]
[debug] &amp#27;[35m[UiAutomator2]&amp#27;[39m Getting session details from server to mix in
[debug] &amp#27;[35m[WD Proxy]&amp#27;[39m Matched '/' to command name 'getSession'
[debug] &amp#27;[35m[WD Proxy]&amp#27;[39m Proxying [GET /] to [GET http://127.0.0.1:8202/wd/hub/session/309ecd4d-745f-4bb1-975d-019119a1d545] with no body
[debug] &amp#27;[35m[WD Proxy]&amp#27;[39m Got response with status 200: {"sessionId":"309ecd4d-745f-4bb1-975d-019119a1d545","value":{"lastScrollData":null}}
[debug] &amp#27;[35m[W3C (9ad58081)]&amp#27;[39m Responding to client with driver.getSession() result: {"platform":"LINUX","webStorageEnabled":false,"takesScreenshot":true,"javascriptEnabled":true,"databaseEnabled":false,"networkConnectionEnabled":true,"locationContextEnabled":false,"warnings":{},"desired":{"platformName":"android","app":"./Resourses/in.workindia.apk","appActivity":"in.workindia.nileshdungarwal.workindiaandroid.RegisterActivity","appPackage":"in.workindia.nileshdungarwal.workindiaandroid","deviceName":"emulator-5554","platformVersion":"8.1"},"platformName":"android","app":"./Resourses/in.workindia.apk","appActivity":"in.workindia.nileshdungarwal.workindiaandroid.RegisterActivity","appPackage":"in.workindia.nileshdungarwal.workindiaandroid","deviceName":"emulator-5554","platformVersion":"8.1.0","deviceUDID":"emulator-5554","deviceApiLevel":27,"deviceScreenSize":"1080x2160","deviceScreenDensity":440,"deviceModel":"Android SDK built for x86","deviceManufacturer":"Google","pixelRatio":2.75,"statBarHeight":66,"viewportRect":{"left":0,"top":66,"width":1080,"height":1962},"lastScrollData":null}
&amp#27;[35m[HTTP]&amp#27;[39m &amp#27;[37m<-- GET /wd/hub/session/9ad58081-1fb1-4d15-80ce-e759d4eceebf &amp#27;[39m&amp#27;[32m200&amp#27;[39m &amp#27;[90m16 ms - 1028&amp#27;[39m
&amp#27;[35m[HTTP]&amp#27;[39m &amp#27;[90m&amp#27;[39m
&amp#27;[35m[HTTP]&amp#27;[39m &amp#27;[37m-->&amp#27;[39m &amp#27;[37mGET&amp#27;[39m &amp#27;[37m/wd/hub/session/9ad58081-1fb1-4d15-80ce-e759d4eceebf&amp#27;[39m
&amp#27;[35m[HTTP]&amp#27;[39m &amp#27;[90m{}&amp#27;[39m
[debug] &amp#27;[35m[W3C (9ad58081)]&amp#27;[39m Calling AppiumDriver.getSession() with args: ["9ad58081-1fb1-4d15-80ce-e759d4eceebf"]
[debug] &amp#27;[35m[UiAutomator2]&amp#27;[39m Getting session details from server to mix in
[debug] &amp#27;[35m[WD Proxy]&amp#27;[39m Matched '/' to command name 'getSession'
[debug] &amp#27;[35m[WD Proxy]&amp#27;[39m Proxying [GET /] to [GET http://127.0.0.1:8202/wd/hub/session/309ecd4d-745f-4bb1-975d-019119a1d545] with no body
[debug] &amp#27;[35m[WD Proxy]&amp#27;[39m Got response with status 200: {"sessionId":"309ecd4d-745f-4bb1-975d-019119a1d545","value":{"lastScrollData":null}}
[debug] &amp#27;[35m[W3C (9ad58081)]&amp#27;[39m Responding to client with driver.getSession() result: {"platform":"LINUX","webStorageEnabled":false,"takesScreenshot":true,"javascriptEnabled":true,"databaseEnabled":false,"networkConnectionEnabled":true,"locationContextEnabled":false,"warnings":{},"desired":{"platformName":"android","app":"./Resourses/in.workindia.apk","appActivity":"in.workindia.nileshdungarwal.workindiaandroid.RegisterActivity","appPackage":"in.workindia.nileshdungarwal.workindiaandroid","deviceName":"emulator-5554","platformVersion":"8.1"},"platformName":"android","app":"./Resourses/in.workindia.apk","appActivity":"in.workindia.nileshdungarwal.workindiaandroid.RegisterActivity","appPackage":"in.workindia.nileshdungarwal.workindiaandroid","deviceName":"emulator-5554","platformVersion":"8.1.0","deviceUDID":"emulator-5554","deviceApiLevel":27,"deviceScreenSize":"1080x2160","deviceScreenDensity":440,"deviceModel":"Android SDK built for x86","deviceManufacturer":"Google","pixelRatio":2.75,"statBarHeight":66,"viewportRect":{"left":0,"top":66,"width":1080,"height":1962},"lastScrollData":null}
&amp#27;[35m[HTTP]&amp#27;[39m &amp#27;[37m<-- GET /wd/hub/session/9ad58081-1fb1-4d15-80ce-e759d4eceebf &amp#27;[39m&amp#27;[32m200&amp#27;[39m &amp#27;[90m15 ms - 1028&amp#27;[39m
&amp#27;[35m[HTTP]&amp#27;[39m &amp#27;[90m&amp#27;[39m
&amp#27;[35m[HTTP]&amp#27;[39m &amp#27;[37m-->&amp#27;[39m &amp#27;[37mGET&amp#27;[39m &amp#27;[37m/wd/hub/session/9ad58081-1fb1-4d15-80ce-e759d4eceebf&amp#27;[39m
&amp#27;[35m[HTTP]&amp#27;[39m &amp#27;[90m{}&amp#27;[39m
[debug] &amp#27;[35m[W3C (9ad58081)]&amp#27;[39m Calling AppiumDriver.getSession() with args: ["9ad58081-1fb1-4d15-80ce-e759d4eceebf"]
[debug] &amp#27;[35m[UiAutomator2]&amp#27;[39m Getting session details from server to mix in
[debug] &amp#27;[35m[WD Proxy]&amp#27;[39m Matched '/' to command name 'getSession'
[debug] &amp#27;[35m[WD Proxy]&amp#27;[39m Proxying [GET /] to [GET http://127.0.0.1:8202/wd/hub/session/309ecd4d-745f-4bb1-975d-019119a1d545] with no body
[debug] &amp#27;[35m[WD Proxy]&amp#27;[39m Got response with status 200: {"sessionId":"309ecd4d-745f-4bb1-975d-019119a1d545","value":{"lastScrollData":null}}
[debug] &amp#27;[35m[W3C (9ad58081)]&amp#27;[39m Responding to client with driver.getSession() result: {"platform":"LINUX","webStorageEnabled":false,"takesScreenshot":true,"javascriptEnabled":true,"databaseEnabled":false,"networkConnectionEnabled":true,"locationContextEnabled":false,"warnings":{},"desired":{"platformName":"android","app":"./Resourses/in.workindia.apk","appActivity":"in.workindia.nileshdungarwal.workindiaandroid.RegisterActivity","appPackage":"in.workindia.nileshdungarwal.workindiaandroid","deviceName":"emulator-5554","platformVersion":"8.1"},"platformName":"android","app":"./Resourses/in.workindia.apk","appActivity":"in.workindia.nileshdungarwal.workindiaandroid.RegisterActivity","appPackage":"in.workindia.nileshdungarwal.workindiaandroid","deviceName":"emulator-5554","platformVersion":"8.1.0","deviceUDID":"emulator-5554","deviceApiLevel":27,"deviceScreenSize":"1080x2160","deviceScreenDensity":440,"deviceModel":"Android SDK built for x86","deviceManufacturer":"Google","pixelRatio":2.75,"statBarHeight":66,"viewportRect":{"left":0,"top":66,"width":1080,"height":1962},"lastScrollData":null}
&amp#27;[35m[HTTP]&amp#27;[39m &amp#27;[37m<-- GET /wd/hub/session/9ad58081-1fb1-4d15-80ce-e759d4eceebf &amp#27;[39m&amp#27;[32m200&amp#27;[39m &amp#27;[90m17 ms - 1028&amp#27;[39m
&amp#27;[35m[HTTP]&amp#27;[39m &amp#27;[90m&amp#27;[39m
&amp#27;[35m[HTTP]&amp#27;[39m &amp#27;[37m-->&amp#27;[39m &amp#27;[37mPOST&amp#27;[39m &amp#27;[37m/wd/hub/session/9ad58081-1fb1-4d15-80ce-e759d4eceebf/element&amp#27;[39m
&amp#27;[35m[HTTP]&amp#27;[39m &amp#27;[90m{"using":"id","value":"in.workindia.nileshdungarwal.workindiaandroid:id/btn_submit"}&amp#27;[39m
[debug] &amp#27;[35m[W3C (9ad58081)]&amp#27;[39m Calling AppiumDriver.findElement() with args: ["id","in.workindia.nileshdungarwal.workindiaandroid:id/btn_submit","9ad58081-1fb1-4d15-80ce-e759d4eceebf"]
[debug] &amp#27;[35m[BaseDriver]&amp#27;[39m Valid locator strategies for this request: xpath, id, class name, accessibility id, css selector, -android uiautomator
[debug] &amp#27;[35m[BaseDriver]&amp#27;[39m Waiting up to 30000 ms for condition
[debug] &amp#27;[35m[WD Proxy]&amp#27;[39m Matched '/element' to command name 'findElement'
[debug] &amp#27;[35m[WD Proxy]&amp#27;[39m Proxying [POST /element] to [POST http://127.0.0.1:8202/wd/hub/session/309ecd4d-745f-4bb1-975d-019119a1d545/element] with body: {"strategy":"id","selector":"in.workindia.nileshdungarwal.workindiaandroid:id/btn_submit","context":"","multiple":false}
[debug] &amp#27;[35m[WD Proxy]&amp#27;[39m Got response with status 200: {"sessionId":"309ecd4d-745f-4bb1-975d-019119a1d545","value":{"ELEMENT":"598401ff-0083-420d-a17d-324534be5f2a","element-6066-11e4-a52e-4f735466cecf":"598401ff-0083-420d-a17d-324534be5f2a"}}
[debug] &amp#27;[35m[W3C (9ad58081)]&amp#27;[39m Responding to client with driver.findElement() result: {"element-6066-11e4-a52e-4f735466cecf":"598401ff-0083-420d-a17d-324534be5f2a","ELEMENT":"598401ff-0083-420d-a17d-324534be5f2a"}
&amp#27;[35m[HTTP]&amp#27;[39m &amp#27;[37m<-- POST /wd/hub/session/9ad58081-1fb1-4d15-80ce-e759d4eceebf/element &amp#27;[39m&amp#27;[32m200&amp#27;[39m &amp#27;[90m428 ms - 137&amp#27;[39m
&amp#27;[35m[HTTP]&amp#27;[39m &amp#27;[90m&amp#27;[39m
&amp#27;[35m[HTTP]&amp#27;[39m &amp#27;[37m-->&amp#27;[39m &amp#27;[37mPOST&amp#27;[39m &amp#27;[37m/wd/hub/session/9ad58081-1fb1-4d15-80ce-e759d4eceebf/element/598401ff-0083-420d-a17d-324534be5f2a/click&amp#27;[39m
&amp#27;[35m[HTTP]&amp#27;[39m &amp#27;[90m{"id":"598401ff-0083-420d-a17d-324534be5f2a"}&amp#27;[39m
[debug] &amp#27;[35m[W3C (9ad58081)]&amp#27;[39m Calling AppiumDriver.click() with args: ["598401ff-0083-420d-a17d-324534be5f2a","9ad58081-1fb1-4d15-80ce-e759d4eceebf"]
[debug] &amp#27;[35m[WD Proxy]&amp#27;[39m Matched '/element/598401ff-0083-420d-a17d-324534be5f2a/click' to command name 'click'
[debug] &amp#27;[35m[WD Proxy]&amp#27;[39m Proxying [POST /element/598401ff-0083-420d-a17d-324534be5f2a/click] to [POST http://127.0.0.1:8202/wd/hub/session/309ecd4d-745f-4bb1-975d-019119a1d545/element/598401ff-0083-420d-a17d-324534be5f2a/click] with body: {"element":"598401ff-0083-420d-a17d-324534be5f2a"}
[debug] &amp#27;[35m[WD Proxy]&amp#27;[39m Got response with status 200: {"sessionId":"309ecd4d-745f-4bb1-975d-019119a1d545","value":null}
[debug] &amp#27;[35m[W3C (9ad58081)]&amp#27;[39m Responding to client with driver.click() result: null
&amp#27;[35m[HTTP]&amp#27;[39m &amp#27;[37m<-- POST /wd/hub/session/9ad58081-1fb1-4d15-80ce-e759d4eceebf/element/598401ff-0083-420d-a17d-324534be5f2a/click &amp#27;[39m&amp#27;[32m200&amp#27;[39m &amp#27;[90m23 ms - 14&amp#27;[39m
&amp#27;[35m[HTTP]&amp#27;[39m &amp#27;[90m&amp#27;[39m
&amp#27;[35m[HTTP]&amp#27;[39m &amp#27;[37m-->&amp#27;[39m &amp#27;[37mGET&amp#27;[39m &amp#27;[37m/wd/hub/session/9ad58081-1fb1-4d15-80ce-e759d4eceebf&amp#27;[39m
&amp#27;[35m[HTTP]&amp#27;[39m &amp#27;[90m{}&amp#27;[39m
[debug] &amp#27;[35m[W3C (9ad58081)]&amp#27;[39m Calling AppiumDriver.getSession() with args: ["9ad58081-1fb1-4d15-80ce-e759d4eceebf"]
[debug] &amp#27;[35m[UiAutomator2]&amp#27;[39m Getting session details from server to mix in
[debug] &amp#27;[35m[WD Proxy]&amp#27;[39m Matched '/' to command name 'getSession'
[debug] &amp#27;[35m[WD Proxy]&amp#27;[39m Proxying [GET /] to [GET http://127.0.0.1:8202/wd/hub/session/309ecd4d-745f-4bb1-975d-019119a1d545] with no body
[debug] &amp#27;[35m[WD Proxy]&amp#27;[39m Got response with status 200: {"sessionId":"309ecd4d-745f-4bb1-975d-019119a1d545","value":{"lastScrollData":null}}
[debug] &amp#27;[35m[W3C (9ad58081)]&amp#27;[39m Responding to client with driver.getSession() result: {"platform":"LINUX","webStorageEnabled":false,"takesScreenshot":true,"javascriptEnabled":true,"databaseEnabled":false,"networkConnectionEnabled":true,"locationContextEnabled":false,"warnings":{},"desired":{"platformName":"android","app":"./Resourses/in.workindia.apk","appActivity":"in.workindia.nileshdungarwal.workindiaandroid.RegisterActivity","appPackage":"in.workindia.nileshdungarwal.workindiaandroid","deviceName":"emulator-5554","platformVersion":"8.1"},"platformName":"android","app":"./Resourses/in.workindia.apk","appActivity":"in.workindia.nileshdungarwal.workindiaandroid.RegisterActivity","appPackage":"in.workindia.nileshdungarwal.workindiaandroid","deviceName":"emulator-5554","platformVersion":"8.1.0","deviceUDID":"emulator-5554","deviceApiLevel":27,"deviceScreenSize":"1080x2160","deviceScreenDensity":440,"deviceModel":"Android SDK built for x86","deviceManufacturer":"Google","pixelRatio":2.75,"statBarHeight":66,"viewportRect":{"left":0,"top":66,"width":1080,"height":1962},"lastScrollData":null}
&amp#27;[35m[HTTP]&amp#27;[39m &amp#27;[37m<-- GET /wd/hub/session/9ad58081-1fb1-4d15-80ce-e759d4eceebf &amp#27;[39m&amp#27;[32m200&amp#27;[39m &amp#27;[90m14 ms - 1028&amp#27;[39m
&amp#27;[35m[HTTP]&amp#27;[39m &amp#27;[90m&amp#27;[39m
&amp#27;[35m[HTTP]&amp#27;[39m &amp#27;[37m-->&amp#27;[39m &amp#27;[37mGET&amp#27;[39m &amp#27;[37m/wd/hub/session/9ad58081-1fb1-4d15-80ce-e759d4eceebf&amp#27;[39m
&amp#27;[35m[HTTP]&amp#27;[39m &amp#27;[90m{}&amp#27;[39m
[debug] &amp#27;[35m[W3C (9ad58081)]&amp#27;[39m Calling AppiumDriver.getSession() with args: ["9ad58081-1fb1-4d15-80ce-e759d4eceebf"]
[debug] &amp#27;[35m[UiAutomator2]&amp#27;[39m Getting session details from server to mix in
[debug] &amp#27;[35m[WD Proxy]&amp#27;[39m Matched '/' to command name 'getSession'
[debug] &amp#27;[35m[WD Proxy]&amp#27;[39m Proxying [GET /] to [GET http://127.0.0.1:8202/wd/hub/session/309ecd4d-745f-4bb1-975d-019119a1d545] with no body
[debug] &amp#27;[35m[WD Proxy]&amp#27;[39m Got response with status 200: {"sessionId":"309ecd4d-745f-4bb1-975d-019119a1d545","value":{"lastScrollData":null}}
[debug] &amp#27;[35m[W3C (9ad58081)]&amp#27;[39m Responding to client with driver.getSession() result: {"platform":"LINUX","webStorageEnabled":false,"takesScreenshot":true,"javascriptEnabled":true,"databaseEnabled":false,"networkConnectionEnabled":true,"locationContextEnabled":false,"warnings":{},"desired":{"platformName":"android","app":"./Resourses/in.workindia.apk","appActivity":"in.workindia.nileshdungarwal.workindiaandroid.RegisterActivity","appPackage":"in.workindia.nileshdungarwal.workindiaandroid","deviceName":"emulator-5554","platformVersion":"8.1"},"platformName":"android","app":"./Resourses/in.workindia.apk","appActivity":"in.workindia.nileshdungarwal.workindiaandroid.RegisterActivity","appPackage":"in.workindia.nileshdungarwal.workindiaandroid","deviceName":"emulator-5554","platformVersion":"8.1.0","deviceUDID":"emulator-5554","deviceApiLevel":27,"deviceScreenSize":"1080x2160","deviceScreenDensity":440,"deviceModel":"Android SDK built for x86","deviceManufacturer":"Google","pixelRatio":2.75,"statBarHeight":66,"viewportRect":{"left":0,"top":66,"width":1080,"height":1962},"lastScrollData":null}
&amp#27;[35m[HTTP]&amp#27;[39m &amp#27;[37m<-- GET /wd/hub/session/9ad58081-1fb1-4d15-80ce-e759d4eceebf &amp#27;[39m&amp#27;[32m200&amp#27;[39m &amp#27;[90m12 ms - 1028&amp#27;[39m
&amp#27;[35m[HTTP]&amp#27;[39m &amp#27;[90m&amp#27;[39m
&amp#27;[35m[HTTP]&amp#27;[39m &amp#27;[37m-->&amp#27;[39m &amp#27;[37mGET&amp#27;[39m &amp#27;[37m/wd/hub/session/9ad58081-1fb1-4d15-80ce-e759d4eceebf&amp#27;[39m
&amp#27;[35m[HTTP]&amp#27;[39m &amp#27;[90m{}&amp#27;[39m
[debug] &amp#27;[35m[W3C (9ad58081)]&amp#27;[39m Calling AppiumDriver.getSession() with args: ["9ad58081-1fb1-4d15-80ce-e759d4eceebf"]
[debug] &amp#27;[35m[UiAutomator2]&amp#27;[39m Getting session details from server to mix in
[debug] &amp#27;[35m[WD Proxy]&amp#27;[39m Matched '/' to command name 'getSession'
[debug] &amp#27;[35m[WD Proxy]&amp#27;[39m Proxying [GET /] to [GET http://127.0.0.1:8202/wd/hub/session/309ecd4d-745f-4bb1-975d-019119a1d545] with no body
[debug] &amp#27;[35m[WD Proxy]&amp#27;[39m Got response with status 200: {"sessionId":"309ecd4d-745f-4bb1-975d-019119a1d545","value":{"lastScrollData":null}}
[debug] &amp#27;[35m[W3C (9ad58081)]&amp#27;[39m Responding to client with driver.getSession() result: {"platform":"LINUX","webStorageEnabled":false,"takesScreenshot":true,"javascriptEnabled":true,"databaseEnabled":false,"networkConnectionEnabled":true,"locationContextEnabled":false,"warnings":{},"desired":{"platformName":"android","app":"./Resourses/in.workindia.apk","appActivity":"in.workindia.nileshdungarwal.workindiaandroid.RegisterActivity","appPackage":"in.workindia.nileshdungarwal.workindiaandroid","deviceName":"emulator-5554","platformVersion":"8.1"},"platformName":"android","app":"./Resourses/in.workindia.apk","appActivity":"in.workindia.nileshdungarwal.workindiaandroid.RegisterActivity","appPackage":"in.workindia.nileshdungarwal.workindiaandroid","deviceName":"emulator-5554","platformVersion":"8.1.0","deviceUDID":"emulator-5554","deviceApiLevel":27,"deviceScreenSize":"1080x2160","deviceScreenDensity":440,"deviceModel":"Android SDK built for x86","deviceManufacturer":"Google","pixelRatio":2.75,"statBarHeight":66,"viewportRect":{"left":0,"top":66,"width":1080,"height":1962},"lastScrollData":null}
&amp#27;[35m[HTTP]&amp#27;[39m &amp#27;[37m<-- GET /wd/hub/session/9ad58081-1fb1-4d15-80ce-e759d4eceebf &amp#27;[39m&amp#27;[32m200&amp#27;[39m &amp#27;[90m15 ms - 1028&amp#27;[39m
&amp#27;[35m[HTTP]&amp#27;[39m &amp#27;[90m&amp#27;[39m
&amp#27;[35m[HTTP]&amp#27;[39m &amp#27;[37m-->&amp#27;[39m &amp#27;[37mPOST&amp#27;[39m &amp#27;[37m/wd/hub/session/9ad58081-1fb1-4d15-80ce-e759d4eceebf/element&amp#27;[39m
&amp#27;[35m[HTTP]&amp#27;[39m &amp#27;[90m{"using":"id","value":"in.workindia.nileshdungarwal.workindiaandroid:id/rb_delhi"}&amp#27;[39m
[debug] &amp#27;[35m[W3C (9ad58081)]&amp#27;[39m Calling AppiumDriver.findElement() with args: ["id","in.workindia.nileshdungarwal.workindiaandroid:id/rb_delhi","9ad58081-1fb1-4d15-80ce-e759d4eceebf"]
[debug] &amp#27;[35m[BaseDriver]&amp#27;[39m Valid locator strategies for this request: xpath, id, class name, accessibility id, css selector, -android uiautomator
[debug] &amp#27;[35m[BaseDriver]&amp#27;[39m Waiting up to 30000 ms for condition
[debug] &amp#27;[35m[WD Proxy]&amp#27;[39m Matched '/element' to command name 'findElement'
[debug] &amp#27;[35m[WD Proxy]&amp#27;[39m Proxying [POST /element] to [POST http://127.0.0.1:8202/wd/hub/session/309ecd4d-745f-4bb1-975d-019119a1d545/element] with body: {"strategy":"id","selector":"in.workindia.nileshdungarwal.workindiaandroid:id/rb_delhi","context":"","multiple":false}
&amp#27;[35m[WD Proxy]&amp#27;[39m Got response with status 404: {"sessionId":"309ecd4d-745f-4bb1-975d-019119a1d545","value":{"error":"no such element","message":"An element could not be located on the page using the given search parameters","stacktrace":"io.appium.uiautomator2.common.exceptions.ElementNotFoundException: An element could not be located on the page using the given search parameters\n\tat io.appium.uiautomator2.handler.FindElement.safeHandle(FindElement.java:73)\n\tat io.appium.uiautomator2.handler.request.SafeRequestHandler.handle(SafeRequestHandler.java:41)\n\tat io.appium.uiautomator2.server.AppiumServlet.handleRequest(AppiumServlet.java:261)\n\tat io.appium.uiautomator2.server.AppiumServlet.handleHttpRequest(AppiumServlet.java:255)\n\tat io.appium.uiautomator2.http.ServerHandler.channelRead(ServerHandler.java:68)\n\tat io.netty.channel.AbstractChannelHandlerContext.invokeChannelRead(AbstractChannelHandlerContext.java:366)\n\tat io.netty.channel.AbstractChannelHandlerContext.invokeChannelRead(AbstractChannelHandlerContext.java:352)\n\tat io.netty.chann...
[debug] &amp#27;[35m[W3C]&amp#27;[39m Matched W3C error code 'no such element' to NoSuchElementError
[debug] &amp#27;[35m[BaseDriver]&amp#27;[39m Waited for 233 ms so far
[debug] &amp#27;[35m[WD Proxy]&amp#27;[39m Matched '/element' to command name 'findElement'
[debug] &amp#27;[35m[WD Proxy]&amp#27;[39m Proxying [POST /element] to [POST http://127.0.0.1:8202/wd/hub/session/309ecd4d-745f-4bb1-975d-019119a1d545/element] with body: {"strategy":"id","selector":"in.workindia.nileshdungarwal.workindiaandroid:id/rb_delhi","context":"","multiple":false}
&amp#27;[35m[WD Proxy]&amp#27;[39m Got response with status 404: {"sessionId":"309ecd4d-745f-4bb1-975d-019119a1d545","value":{"error":"no such element","message":"An element could not be located on the page using the given search parameters","stacktrace":"io.appium.uiautomator2.common.exceptions.ElementNotFoundException: An element could not be located on the page using the given search parameters\n\tat io.appium.uiautomator2.handler.FindElement.safeHandle(FindElement.java:73)\n\tat io.appium.uiautomator2.handler.request.SafeRequestHandler.handle(SafeRequestHandler.java:41)\n\tat io.appium.uiautomator2.server.AppiumServlet.handleRequest(AppiumServlet.java:261)\n\tat io.appium.uiautomator2.server.AppiumServlet.handleHttpRequest(AppiumServlet.java:255)\n\tat io.appium.uiautomator2.http.ServerHandler.channelRead(ServerHandler.java:68)\n\tat io.netty.channel.AbstractChannelHandlerContext.invokeChannelRead(AbstractChannelHandlerContext.java:366)\n\tat io.netty.channel.AbstractChannelHandlerContext.invokeChannelRead(AbstractChannelHandlerContext.java:352)\n\tat io.netty.chann...
[debug] &amp#27;[35m[W3C]&amp#27;[39m Matched W3C error code 'no such element' to NoSuchElementError
[debug] &amp#27;[35m[BaseDriver]&amp#27;[39m Waited for 857 ms so far
[debug] &amp#27;[35m[WD Proxy]&amp#27;[39m Matched '/element' to command name 'findElement'
[debug] &amp#27;[35m[WD Proxy]&amp#27;[39m Proxying [POST /element] to [POST http://127.0.0.1:8202/wd/hub/session/309ecd4d-745f-4bb1-975d-019119a1d545/element] with body: {"strategy":"id","selector":"in.workindia.nileshdungarwal.workindiaandroid:id/rb_delhi","context":"","multiple":false}
&amp#27;[35m[WD Proxy]&amp#27;[39m Got response with status 404: {"sessionId":"309ecd4d-745f-4bb1-975d-019119a1d545","value":{"error":"no such element","message":"An element could not be located on the page using the given search parameters","stacktrace":"io.appium.uiautomator2.common.exceptions.ElementNotFoundException: An element could not be located on the page using the given search parameters\n\tat io.appium.uiautomator2.handler.FindElement.safeHandle(FindElement.java:73)\n\tat io.appium.uiautomator2.handler.request.SafeRequestHandler.handle(SafeRequestHandler.java:41)\n\tat io.appium.uiautomator2.server.AppiumServlet.handleRequest(AppiumServlet.java:261)\n\tat io.appium.uiautomator2.server.AppiumServlet.handleHttpRequest(AppiumServlet.java:255)\n\tat io.appium.uiautomator2.http.ServerHandler.channelRead(ServerHandler.java:68)\n\tat io.netty.channel.AbstractChannelHandlerContext.invokeChannelRead(AbstractChannelHandlerContext.java:366)\n\tat io.netty.channel.AbstractChannelHandlerContext.invokeChannelRead(AbstractChannelHandlerContext.java:352)\n\tat io.netty.chann...
[debug] &amp#27;[35m[W3C]&amp#27;[39m Matched W3C error code 'no such element' to NoSuchElementError
[debug] &amp#27;[35m[BaseDriver]&amp#27;[39m Waited for 1422 ms so far
[debug] &amp#27;[35m[WD Proxy]&amp#27;[39m Matched '/element' to command name 'findElement'
[debug] &amp#27;[35m[WD Proxy]&amp#27;[39m Proxying [POST /element] to [POST http://127.0.0.1:8202/wd/hub/session/309ecd4d-745f-4bb1-975d-019119a1d545/element] with body: {"strategy":"id","selector":"in.workindia.nileshdungarwal.workindiaandroid:id/rb_delhi","context":"","multiple":false}
&amp#27;[35m[WD Proxy]&amp#27;[39m Got response with status 404: {"sessionId":"309ecd4d-745f-4bb1-975d-019119a1d545","value":{"error":"no such element","message":"An element could not be located on the page using the given search parameters","stacktrace":"io.appium.uiautomator2.common.exceptions.ElementNotFoundException: An element could not be located on the page using the given search parameters\n\tat io.appium.uiautomator2.handler.FindElement.safeHandle(FindElement.java:73)\n\tat io.appium.uiautomator2.handler.request.SafeRequestHandler.handle(SafeRequestHandler.java:41)\n\tat io.appium.uiautomator2.server.AppiumServlet.handleRequest(AppiumServlet.java:261)\n\tat io.appium.uiautomator2.server.AppiumServlet.handleHttpRequest(AppiumServlet.java:255)\n\tat io.appium.uiautomator2.http.ServerHandler.channelRead(ServerHandler.java:68)\n\tat io.netty.channel.AbstractChannelHandlerContext.invokeChannelRead(AbstractChannelHandlerContext.java:366)\n\tat io.netty.channel.AbstractChannelHandlerContext.invokeChannelRead(AbstractChannelHandlerContext.java:352)\n\tat io.netty.chann...
[debug] &amp#27;[35m[W3C]&amp#27;[39m Matched W3C error code 'no such element' to NoSuchElementError
[debug] &amp#27;[35m[BaseDriver]&amp#27;[39m Waited for 1957 ms so far
[debug] &amp#27;[35m[WD Proxy]&amp#27;[39m Matched '/element' to command name 'findElement'
[debug] &amp#27;[35m[WD Proxy]&amp#27;[39m Proxying [POST /element] to [POST http://127.0.0.1:8202/wd/hub/session/309ecd4d-745f-4bb1-975d-019119a1d545/element] with body: {"strategy":"id","selector":"in.workindia.nileshdungarwal.workindiaandroid:id/rb_delhi","context":"","multiple":false}
&amp#27;[35m[WD Proxy]&amp#27;[39m Got response with status 404: {"sessionId":"309ecd4d-745f-4bb1-975d-019119a1d545","value":{"error":"no such element","message":"An element could not be located on the page using the given search parameters","stacktrace":"io.appium.uiautomator2.common.exceptions.ElementNotFoundException: An element could not be located on the page using the given search parameters\n\tat io.appium.uiautomator2.handler.FindElement.safeHandle(FindElement.java:73)\n\tat io.appium.uiautomator2.handler.request.SafeRequestHandler.handle(SafeRequestHandler.java:41)\n\tat io.appium.uiautomator2.server.AppiumServlet.handleRequest(AppiumServlet.java:261)\n\tat io.appium.uiautomator2.server.AppiumServlet.handleHttpRequest(AppiumServlet.java:255)\n\tat io.appium.uiautomator2.http.ServerHandler.channelRead(ServerHandler.java:68)\n\tat io.netty.channel.AbstractChannelHandlerContext.invokeChannelRead(AbstractChannelHandlerContext.java:366)\n\tat io.netty.channel.AbstractChannelHandlerContext.invokeChannelRead(AbstractChannelHandlerContext.java:352)\n\tat io.netty.chann...
[debug] &amp#27;[35m[W3C]&amp#27;[39m Matched W3C error code 'no such element' to NoSuchElementError
[debug] &amp#27;[35m[BaseDriver]&amp#27;[39m Waited for 2502 ms so far
[debug] &amp#27;[35m[WD Proxy]&amp#27;[39m Matched '/element' to command name 'findElement'
[debug] &amp#27;[35m[WD Proxy]&amp#27;[39m Proxying [POST /element] to [POST http://127.0.0.1:8202/wd/hub/session/309ecd4d-745f-4bb1-975d-019119a1d545/element] with body: {"strategy":"id","selector":"in.workindia.nileshdungarwal.workindiaandroid:id/rb_delhi","context":"","multiple":false}
&amp#27;[35m[WD Proxy]&amp#27;[39m Got response with status 404: {"sessionId":"309ecd4d-745f-4bb1-975d-019119a1d545","value":{"error":"no such element","message":"An element could not be located on the page using the given search parameters","stacktrace":"io.appium.uiautomator2.common.exceptions.ElementNotFoundException: An element could not be located on the page using the given search parameters\n\tat io.appium.uiautomator2.handler.FindElement.safeHandle(FindElement.java:73)\n\tat io.appium.uiautomator2.handler.request.SafeRequestHandler.handle(SafeRequestHandler.java:41)\n\tat io.appium.uiautomator2.server.AppiumServlet.handleRequest(AppiumServlet.java:261)\n\tat io.appium.uiautomator2.server.AppiumServlet.handleHttpRequest(AppiumServlet.java:255)\n\tat io.appium.uiautomator2.http.ServerHandler.channelRead(ServerHandler.java:68)\n\tat io.netty.channel.AbstractChannelHandlerContext.invokeChannelRead(AbstractChannelHandlerContext.java:366)\n\tat io.netty.channel.AbstractChannelHandlerContext.invokeChannelRead(AbstractChannelHandlerContext.java:352)\n\tat io.netty.chann...
[debug] &amp#27;[35m[W3C]&amp#27;[39m Matched W3C error code 'no such element' to NoSuchElementError
[debug] &amp#27;[35m[BaseDriver]&amp#27;[39m Waited for 3055 ms so far
[debug] &amp#27;[35m[WD Proxy]&amp#27;[39m Matched '/element' to command name 'findElement'
[debug] &amp#27;[35m[WD Proxy]&amp#27;[39m Proxying [POST /element] to [POST http://127.0.0.1:8202/wd/hub/session/309ecd4d-745f-4bb1-975d-019119a1d545/element] with body: {"strategy":"id","selector":"in.workindia.nileshdungarwal.workindiaandroid:id/rb_delhi","context":"","multiple":false}
&amp#27;[35m[WD Proxy]&amp#27;[39m Got response with status 404: {"sessionId":"309ecd4d-745f-4bb1-975d-019119a1d545","value":{"error":"no such element","message":"An element could not be located on the page using the given search parameters","stacktrace":"io.appium.uiautomator2.common.exceptions.ElementNotFoundException: An element could not be located on the page using the given search parameters\n\tat io.appium.uiautomator2.handler.FindElement.safeHandle(FindElement.java:73)\n\tat io.appium.uiautomator2.handler.request.SafeRequestHandler.handle(SafeRequestHandler.java:41)\n\tat io.appium.uiautomator2.server.AppiumServlet.handleRequest(AppiumServlet.java:261)\n\tat io.appium.uiautomator2.server.AppiumServlet.handleHttpRequest(AppiumServlet.java:255)\n\tat io.appium.uiautomator2.http.ServerHandler.channelRead(ServerHandler.java:68)\n\tat io.netty.channel.AbstractChannelHandlerContext.invokeChannelRead(AbstractChannelHandlerContext.java:366)\n\tat io.netty.channel.AbstractChannelHandlerContext.invokeChannelRead(AbstractChannelHandlerContext.java:352)\n\tat io.netty.chann...
[debug] &amp#27;[35m[W3C]&amp#27;[39m Matched W3C error code 'no such element' to NoSuchElementError
[debug] &amp#27;[35m[BaseDriver]&amp#27;[39m Waited for 3594 ms so far
[debug] &amp#27;[35m[WD Proxy]&amp#27;[39m Matched '/element' to command name 'findElement'
[debug] &amp#27;[35m[WD Proxy]&amp#27;[39m Proxying [POST /element] to [POST http://127.0.0.1:8202/wd/hub/session/309ecd4d-745f-4bb1-975d-019119a1d545/element] with body: {"strategy":"id","selector":"in.workindia.nileshdungarwal.workindiaandroid:id/rb_delhi","context":"","multiple":false}
&amp#27;[35m[WD Proxy]&amp#27;[39m Got response with status 404: {"sessionId":"309ecd4d-745f-4bb1-975d-019119a1d545","value":{"error":"no such element","message":"An element could not be located on the page using the given search parameters","stacktrace":"io.appium.uiautomator2.common.exceptions.ElementNotFoundException: An element could not be located on the page using the given search parameters\n\tat io.appium.uiautomator2.handler.FindElement.safeHandle(FindElement.java:73)\n\tat io.appium.uiautomator2.handler.request.SafeRequestHandler.handle(SafeRequestHandler.java:41)\n\tat io.appium.uiautomator2.server.AppiumServlet.handleRequest(AppiumServlet.java:261)\n\tat io.appium.uiautomator2.server.AppiumServlet.handleHttpRequest(AppiumServlet.java:255)\n\tat io.appium.uiautomator2.http.ServerHandler.channelRead(ServerHandler.java:68)\n\tat io.netty.channel.AbstractChannelHandlerContext.invokeChannelRead(AbstractChannelHandlerContext.java:366)\n\tat io.netty.channel.AbstractChannelHandlerContext.invokeChannelRead(AbstractChannelHandlerContext.java:352)\n\tat io.netty.chann...
[debug] &amp#27;[35m[W3C]&amp#27;[39m Matched W3C error code 'no such element' to NoSuchElementError
[debug] &amp#27;[35m[BaseDriver]&amp#27;[39m Waited for 4127 ms so far
[debug] &amp#27;[35m[WD Proxy]&amp#27;[39m Matched '/element' to command name 'findElement'
[debug] &amp#27;[35m[WD Proxy]&amp#27;[39m Proxying [POST /element] to [POST http://127.0.0.1:8202/wd/hub/session/309ecd4d-745f-4bb1-975d-019119a1d545/element] with body: {"strategy":"id","selector":"in.workindia.nileshdungarwal.workindiaandroid:id/rb_delhi","context":"","multiple":false}
&amp#27;[35m[WD Proxy]&amp#27;[39m Got response with status 404: {"sessionId":"309ecd4d-745f-4bb1-975d-019119a1d545","value":{"error":"no such element","message":"An element could not be located on the page using the given search parameters","stacktrace":"io.appium.uiautomator2.common.exceptions.ElementNotFoundException: An element could not be located on the page using the given search parameters\n\tat io.appium.uiautomator2.handler.FindElement.safeHandle(FindElement.java:73)\n\tat io.appium.uiautomator2.handler.request.SafeRequestHandler.handle(SafeRequestHandler.java:41)\n\tat io.appium.uiautomator2.server.AppiumServlet.handleRequest(AppiumServlet.java:261)\n\tat io.appium.uiautomator2.server.AppiumServlet.handleHttpRequest(AppiumServlet.java:255)\n\tat io.appium.uiautomator2.http.ServerHandler.channelRead(ServerHandler.java:68)\n\tat io.netty.channel.AbstractChannelHandlerContext.invokeChannelRead(AbstractChannelHandlerContext.java:366)\n\tat io.netty.channel.AbstractChannelHandlerContext.invokeChannelRead(AbstractChannelHandlerContext.java:352)\n\tat io.netty.chann...
[debug] &amp#27;[35m[W3C]&amp#27;[39m Matched W3C error code 'no such element' to NoSuchElementError
[debug] &amp#27;[35m[BaseDriver]&amp#27;[39m Waited for 4661 ms so far
[debug] &amp#27;[35m[WD Proxy]&amp#27;[39m Matched '/element' to command name 'findElement'
[debug] &amp#27;[35m[WD Proxy]&amp#27;[39m Proxying [POST /element] to [POST http://127.0.0.1:8202/wd/hub/session/309ecd4d-745f-4bb1-975d-019119a1d545/element] with body: {"strategy":"id","selector":"in.workindia.nileshdungarwal.workindiaandroid:id/rb_delhi","context":"","multiple":false}
&amp#27;[35m[WD Proxy]&amp#27;[39m Got response with status 404: {"sessionId":"309ecd4d-745f-4bb1-975d-019119a1d545","value":{"error":"no such element","message":"An element could not be located on the page using the given search parameters","stacktrace":"io.appium.uiautomator2.common.exceptions.ElementNotFoundException: An element could not be located on the page using the given search parameters\n\tat io.appium.uiautomator2.handler.FindElement.safeHandle(FindElement.java:73)\n\tat io.appium.uiautomator2.handler.request.SafeRequestHandler.handle(SafeRequestHandler.java:41)\n\tat io.appium.uiautomator2.server.AppiumServlet.handleRequest(AppiumServlet.java:261)\n\tat io.appium.uiautomator2.server.AppiumServlet.handleHttpRequest(AppiumServlet.java:255)\n\tat io.appium.uiautomator2.http.ServerHandler.channelRead(ServerHandler.java:68)\n\tat io.netty.channel.AbstractChannelHandlerContext.invokeChannelRead(AbstractChannelHandlerContext.java:366)\n\tat io.netty.channel.AbstractChannelHandlerContext.invokeChannelRead(AbstractChannelHandlerContext.java:352)\n\tat io.netty.chann...
[debug] &amp#27;[35m[W3C]&amp#27;[39m Matched W3C error code 'no such element' to NoSuchElementError
[debug] &amp#27;[35m[BaseDriver]&amp#27;[39m Waited for 5213 ms so far
[debug] &amp#27;[35m[WD Proxy]&amp#27;[39m Matched '/element' to command name 'findElement'
[debug] &amp#27;[35m[WD Proxy]&amp#27;[39m Proxying [POST /element] to [POST http://127.0.0.1:8202/wd/hub/session/309ecd4d-745f-4bb1-975d-019119a1d545/element] with body: {"strategy":"id","selector":"in.workindia.nileshdungarwal.workindiaandroid:id/rb_delhi","context":"","multiple":false}
&amp#27;[35m[WD Proxy]&amp#27;[39m Got response with status 404: {"sessionId":"309ecd4d-745f-4bb1-975d-019119a1d545","value":{"error":"no such element","message":"An element could not be located on the page using the given search parameters","stacktrace":"io.appium.uiautomator2.common.exceptions.ElementNotFoundException: An element could not be located on the page using the given search parameters\n\tat io.appium.uiautomator2.handler.FindElement.safeHandle(FindElement.java:73)\n\tat io.appium.uiautomator2.handler.request.SafeRequestHandler.handle(SafeRequestHandler.java:41)\n\tat io.appium.uiautomator2.server.AppiumServlet.handleRequest(AppiumServlet.java:261)\n\tat io.appium.uiautomator2.server.AppiumServlet.handleHttpRequest(AppiumServlet.java:255)\n\tat io.appium.uiautomator2.http.ServerHandler.channelRead(ServerHandler.java:68)\n\tat io.netty.channel.AbstractChannelHandlerContext.invokeChannelRead(AbstractChannelHandlerContext.java:366)\n\tat io.netty.channel.AbstractChannelHandlerContext.invokeChannelRead(AbstractChannelHandlerContext.java:352)\n\tat io.netty.chann...
[debug] &amp#27;[35m[W3C]&amp#27;[39m Matched W3C error code 'no such element' to NoSuchElementError
[debug] &amp#27;[35m[BaseDriver]&amp#27;[39m Waited for 5754 ms so far
[debug] &amp#27;[35m[WD Proxy]&amp#27;[39m Matched '/element' to command name 'findElement'
[debug] &amp#27;[35m[WD Proxy]&amp#27;[39m Proxying [POST /element] to [POST http://127.0.0.1:8202/wd/hub/session/309ecd4d-745f-4bb1-975d-019119a1d545/element] with body: {"strategy":"id","selector":"in.workindia.nileshdungarwal.workindiaandroid:id/rb_delhi","context":"","multiple":false}
&amp#27;[35m[WD Proxy]&amp#27;[39m Got response with status 404: {"sessionId":"309ecd4d-745f-4bb1-975d-019119a1d545","value":{"error":"no such element","message":"An element could not be located on the page using the given search parameters","stacktrace":"io.appium.uiautomator2.common.exceptions.ElementNotFoundException: An element could not be located on the page using the given search parameters\n\tat io.appium.uiautomator2.handler.FindElement.safeHandle(FindElement.java:73)\n\tat io.appium.uiautomator2.handler.request.SafeRequestHandler.handle(SafeRequestHandler.java:41)\n\tat io.appium.uiautomator2.server.AppiumServlet.handleRequest(AppiumServlet.java:261)\n\tat io.appium.uiautomator2.server.AppiumServlet.handleHttpRequest(AppiumServlet.java:255)\n\tat io.appium.uiautomator2.http.ServerHandler.channelRead(ServerHandler.java:68)\n\tat io.netty.channel.AbstractChannelHandlerContext.invokeChannelRead(AbstractChannelHandlerContext.java:366)\n\tat io.netty.channel.AbstractChannelHandlerContext.invokeChannelRead(AbstractChannelHandlerContext.java:352)\n\tat io.netty.chann...
[debug] &amp#27;[35m[W3C]&amp#27;[39m Matched W3C error code 'no such element' to NoSuchElementError
[debug] &amp#27;[35m[BaseDriver]&amp#27;[39m Waited for 6303 ms so far
[debug] &amp#27;[35m[WD Proxy]&amp#27;[39m Matched '/element' to command name 'findElement'
[debug] &amp#27;[35m[WD Proxy]&amp#27;[39m Proxying [POST /element] to [POST http://127.0.0.1:8202/wd/hub/session/309ecd4d-745f-4bb1-975d-019119a1d545/element] with body: {"strategy":"id","selector":"in.workindia.nileshdungarwal.workindiaandroid:id/rb_delhi","context":"","multiple":false}
&amp#27;[35m[WD Proxy]&amp#27;[39m Got response with status 404: {"sessionId":"309ecd4d-745f-4bb1-975d-019119a1d545","value":{"error":"no such element","message":"An element could not be located on the page using the given search parameters","stacktrace":"io.appium.uiautomator2.common.exceptions.ElementNotFoundException: An element could not be located on the page using the given search parameters\n\tat io.appium.uiautomator2.handler.FindElement.safeHandle(FindElement.java:73)\n\tat io.appium.uiautomator2.handler.request.SafeRequestHandler.handle(SafeRequestHandler.java:41)\n\tat io.appium.uiautomator2.server.AppiumServlet.handleRequest(AppiumServlet.java:261)\n\tat io.appium.uiautomator2.server.AppiumServlet.handleHttpRequest(AppiumServlet.java:255)\n\tat io.appium.uiautomator2.http.ServerHandler.channelRead(ServerHandler.java:68)\n\tat io.netty.channel.AbstractChannelHandlerContext.invokeChannelRead(AbstractChannelHandlerContext.java:366)\n\tat io.netty.channel.AbstractChannelHandlerContext.invokeChannelRead(AbstractChannelHandlerContext.java:352)\n\tat io.netty.chann...
[debug] &amp#27;[35m[W3C]&amp#27;[39m Matched W3C error code 'no such element' to NoSuchElementError
[debug] &amp#27;[35m[BaseDriver]&amp#27;[39m Waited for 6845 ms so far
[debug] &amp#27;[35m[WD Proxy]&amp#27;[39m Matched '/element' to command name 'findElement'
[debug] &amp#27;[35m[WD Proxy]&amp#27;[39m Proxying [POST /element] to [POST http://127.0.0.1:8202/wd/hub/session/309ecd4d-745f-4bb1-975d-019119a1d545/element] with body: {"strategy":"id","selector":"in.workindia.nileshdungarwal.workindiaandroid:id/rb_delhi","context":"","multiple":false}
&amp#27;[35m[WD Proxy]&amp#27;[39m Got response with status 404: {"sessionId":"309ecd4d-745f-4bb1-975d-019119a1d545","value":{"error":"no such element","message":"An element could not be located on the page using the given search parameters","stacktrace":"io.appium.uiautomator2.common.exceptions.ElementNotFoundException: An element could not be located on the page using the given search parameters\n\tat io.appium.uiautomator2.handler.FindElement.safeHandle(FindElement.java:73)\n\tat io.appium.uiautomator2.handler.request.SafeRequestHandler.handle(SafeRequestHandler.java:41)\n\tat io.appium.uiautomator2.server.AppiumServlet.handleRequest(AppiumServlet.java:261)\n\tat io.appium.uiautomator2.server.AppiumServlet.handleHttpRequest(AppiumServlet.java:255)\n\tat io.appium.uiautomator2.http.ServerHandler.channelRead(ServerHandler.java:68)\n\tat io.netty.channel.AbstractChannelHandlerContext.invokeChannelRead(AbstractChannelHandlerContext.java:366)\n\tat io.netty.channel.AbstractChannelHandlerContext.invokeChannelRead(AbstractChannelHandlerContext.java:352)\n\tat io.netty.chann...
[debug] &amp#27;[35m[W3C]&amp#27;[39m Matched W3C error code 'no such element' to NoSuchElementError
[debug] &amp#27;[35m[BaseDriver]&amp#27;[39m Waited for 7394 ms so far
[debug] &amp#27;[35m[WD Proxy]&amp#27;[39m Matched '/element' to command name 'findElement'
[debug] &amp#27;[35m[WD Proxy]&amp#27;[39m Proxying [POST /element] to [POST http://127.0.0.1:8202/wd/hub/session/309ecd4d-745f-4bb1-975d-019119a1d545/element] with body: {"strategy":"id","selector":"in.workindia.nileshdungarwal.workindiaandroid:id/rb_delhi","context":"","multiple":false}
&amp#27;[35m[WD Proxy]&amp#27;[39m Got response with status 404: {"sessionId":"309ecd4d-745f-4bb1-975d-019119a1d545","value":{"error":"no such element","message":"An element could not be located on the page using the given search parameters","stacktrace":"io.appium.uiautomator2.common.exceptions.ElementNotFoundException: An element could not be located on the page using the given search parameters\n\tat io.appium.uiautomator2.handler.FindElement.safeHandle(FindElement.java:73)\n\tat io.appium.uiautomator2.handler.request.SafeRequestHandler.handle(SafeRequestHandler.java:41)\n\tat io.appium.uiautomator2.server.AppiumServlet.handleRequest(AppiumServlet.java:261)\n\tat io.appium.uiautomator2.server.AppiumServlet.handleHttpRequest(AppiumServlet.java:255)\n\tat io.appium.uiautomator2.http.ServerHandler.channelRead(ServerHandler.java:68)\n\tat io.netty.channel.AbstractChannelHandlerContext.invokeChannelRead(AbstractChannelHandlerContext.java:366)\n\tat io.netty.channel.AbstractChannelHandlerContext.invokeChannelRead(AbstractChannelHandlerContext.java:352)\n\tat io.netty.chann...
[debug] &amp#27;[35m[W3C]&amp#27;[39m Matched W3C error code 'no such element' to NoSuchElementError
[debug] &amp#27;[35m[BaseDriver]&amp#27;[39m Waited for 7922 ms so far
[debug] &amp#27;[35m[WD Proxy]&amp#27;[39m Matched '/element' to command name 'findElement'
[debug] &amp#27;[35m[WD Proxy]&amp#27;[39m Proxying [POST /element] to [POST http://127.0.0.1:8202/wd/hub/session/309ecd4d-745f-4bb1-975d-019119a1d545/element] with body: {"strategy":"id","selector":"in.workindia.nileshdungarwal.workindiaandroid:id/rb_delhi","context":"","multiple":false}
&amp#27;[35m[WD Proxy]&amp#27;[39m Got response with status 404: {"sessionId":"309ecd4d-745f-4bb1-975d-019119a1d545","value":{"error":"no such element","message":"An element could not be located on the page using the given search parameters","stacktrace":"io.appium.uiautomator2.common.exceptions.ElementNotFoundException: An element could not be located on the page using the given search parameters\n\tat io.appium.uiautomator2.handler.FindElement.safeHandle(FindElement.java:73)\n\tat io.appium.uiautomator2.handler.request.SafeRequestHandler.handle(SafeRequestHandler.java:41)\n\tat io.appium.uiautomator2.server.AppiumServlet.handleRequest(AppiumServlet.java:261)\n\tat io.appium.uiautomator2.server.AppiumServlet.handleHttpRequest(AppiumServlet.java:255)\n\tat io.appium.uiautomator2.http.ServerHandler.channelRead(ServerHandler.java:68)\n\tat io.netty.channel.AbstractChannelHandlerContext.invokeChannelRead(AbstractChannelHandlerContext.java:366)\n\tat io.netty.channel.AbstractChannelHandlerContext.invokeChannelRead(AbstractChannelHandlerContext.java:352)\n\tat io.netty.chann...
[debug] &amp#27;[35m[W3C]&amp#27;[39m Matched W3C error code 'no such element' to NoSuchElementError
[debug] &amp#27;[35m[BaseDriver]&amp#27;[39m Waited for 8821 ms so far
[debug] &amp#27;[35m[WD Proxy]&amp#27;[39m Matched '/element' to command name 'findElement'
[debug] &amp#27;[35m[WD Proxy]&amp#27;[39m Proxying [POST /element] to [POST http://127.0.0.1:8202/wd/hub/session/309ecd4d-745f-4bb1-975d-019119a1d545/element] with body: {"strategy":"id","selector":"in.workindia.nileshdungarwal.workindiaandroid:id/rb_delhi","context":"","multiple":false}
[debug] &amp#27;[35m[WD Proxy]&amp#27;[39m Got response with status 200: {"sessionId":"309ecd4d-745f-4bb1-975d-019119a1d545","value":{"ELEMENT":"48c6d810-f8f1-4980-87b1-111d10e58e5c","element-6066-11e4-a52e-4f735466cecf":"48c6d810-f8f1-4980-87b1-111d10e58e5c"}}
[debug] &amp#27;[35m[W3C (9ad58081)]&amp#27;[39m Responding to client with driver.findElement() result: {"element-6066-11e4-a52e-4f735466cecf":"48c6d810-f8f1-4980-87b1-111d10e58e5c","ELEMENT":"48c6d810-f8f1-4980-87b1-111d10e58e5c"}
&amp#27;[35m[HTTP]&amp#27;[39m &amp#27;[37m<-- POST /wd/hub/session/9ad58081-1fb1-4d15-80ce-e759d4eceebf/element &amp#27;[39m&amp#27;[32m200&amp#27;[39m &amp#27;[90m9914 ms - 137&amp#27;[39m
&amp#27;[35m[HTTP]&amp#27;[39m &amp#27;[90m&amp#27;[39m
&amp#27;[35m[HTTP]&amp#27;[39m &amp#27;[37m-->&amp#27;[39m &amp#27;[37mPOST&amp#27;[39m &amp#27;[37m/wd/hub/session/9ad58081-1fb1-4d15-80ce-e759d4eceebf/element/48c6d810-f8f1-4980-87b1-111d10e58e5c/click&amp#27;[39m
&amp#27;[35m[HTTP]&amp#27;[39m &amp#27;[90m{"id":"48c6d810-f8f1-4980-87b1-111d10e58e5c"}&amp#27;[39m
[debug] &amp#27;[35m[W3C (9ad58081)]&amp#27;[39m Calling AppiumDriver.click() with args: ["48c6d810-f8f1-4980-87b1-111d10e58e5c","9ad58081-1fb1-4d15-80ce-e759d4eceebf"]
[debug] &amp#27;[35m[WD Proxy]&amp#27;[39m Matched '/element/48c6d810-f8f1-4980-87b1-111d10e58e5c/click' to command name 'click'
[debug] &amp#27;[35m[WD Proxy]&amp#27;[39m Proxying [POST /element/48c6d810-f8f1-4980-87b1-111d10e58e5c/click] to [POST http://127.0.0.1:8202/wd/hub/session/309ecd4d-745f-4bb1-975d-019119a1d545/element/48c6d810-f8f1-4980-87b1-111d10e58e5c/click] with body: {"element":"48c6d810-f8f1-4980-87b1-111d10e58e5c"}
[debug] &amp#27;[35m[WD Proxy]&amp#27;[39m Got response with status 200: {"sessionId":"309ecd4d-745f-4bb1-975d-019119a1d545","value":null}
[debug] &amp#27;[35m[W3C (9ad58081)]&amp#27;[39m Responding to client with driver.click() result: null
&amp#27;[35m[HTTP]&amp#27;[39m &amp#27;[37m<-- POST /wd/hub/session/9ad58081-1fb1-4d15-80ce-e759d4eceebf/element/48c6d810-f8f1-4980-87b1-111d10e58e5c/click &amp#27;[39m&amp#27;[32m200&amp#27;[39m &amp#27;[90m30 ms - 14&amp#27;[39m
&amp#27;[35m[HTTP]&amp#27;[39m &amp#27;[90m&amp#27;[39m
&amp#27;[35m[HTTP]&amp#27;[39m &amp#27;[37m-->&amp#27;[39m &amp#27;[37mGET&amp#27;[39m &amp#27;[37m/wd/hub/session/9ad58081-1fb1-4d15-80ce-e759d4eceebf&amp#27;[39m
&amp#27;[35m[HTTP]&amp#27;[39m &amp#27;[90m{}&amp#27;[39m
[debug] &amp#27;[35m[W3C (9ad58081)]&amp#27;[39m Calling AppiumDriver.getSession() with args: ["9ad58081-1fb1-4d15-80ce-e759d4eceebf"]
[debug] &amp#27;[35m[UiAutomator2]&amp#27;[39m Getting session details from server to mix in
[debug] &amp#27;[35m[WD Proxy]&amp#27;[39m Matched '/' to command name 'getSession'
[debug] &amp#27;[35m[WD Proxy]&amp#27;[39m Proxying [GET /] to [GET http://127.0.0.1:8202/wd/hub/session/309ecd4d-745f-4bb1-975d-019119a1d545] with no body
[debug] &amp#27;[35m[WD Proxy]&amp#27;[39m Got response with status 200: {"sessionId":"309ecd4d-745f-4bb1-975d-019119a1d545","value":{"lastScrollData":null}}
[debug] &amp#27;[35m[W3C (9ad58081)]&amp#27;[39m Responding to client with driver.getSession() result: {"platform":"LINUX","webStorageEnabled":false,"takesScreenshot":true,"javascriptEnabled":true,"databaseEnabled":false,"networkConnectionEnabled":true,"locationContextEnabled":false,"warnings":{},"desired":{"platformName":"android","app":"./Resourses/in.workindia.apk","appActivity":"in.workindia.nileshdungarwal.workindiaandroid.RegisterActivity","appPackage":"in.workindia.nileshdungarwal.workindiaandroid","deviceName":"emulator-5554","platformVersion":"8.1"},"platformName":"android","app":"./Resourses/in.workindia.apk","appActivity":"in.workindia.nileshdungarwal.workindiaandroid.RegisterActivity","appPackage":"in.workindia.nileshdungarwal.workindiaandroid","deviceName":"emulator-5554","platformVersion":"8.1.0","deviceUDID":"emulator-5554","deviceApiLevel":27,"deviceScreenSize":"1080x2160","deviceScreenDensity":440,"deviceModel":"Android SDK built for x86","deviceManufacturer":"Google","pixelRatio":2.75,"statBarHeight":66,"viewportRect":{"left":0,"top":66,"width":1080,"height":1962},"lastScrollData":null}
&amp#27;[35m[HTTP]&amp#27;[39m &amp#27;[37m<-- GET /wd/hub/session/9ad58081-1fb1-4d15-80ce-e759d4eceebf &amp#27;[39m&amp#27;[32m200&amp#27;[39m &amp#27;[90m14 ms - 1028&amp#27;[39m
&amp#27;[35m[HTTP]&amp#27;[39m &amp#27;[90m&amp#27;[39m
&amp#27;[35m[HTTP]&amp#27;[39m &amp#27;[37m-->&amp#27;[39m &amp#27;[37mGET&amp#27;[39m &amp#27;[37m/wd/hub/session/9ad58081-1fb1-4d15-80ce-e759d4eceebf&amp#27;[39m
&amp#27;[35m[HTTP]&amp#27;[39m &amp#27;[90m{}&amp#27;[39m
[debug] &amp#27;[35m[W3C (9ad58081)]&amp#27;[39m Calling AppiumDriver.getSession() with args: ["9ad58081-1fb1-4d15-80ce-e759d4eceebf"]
[debug] &amp#27;[35m[UiAutomator2]&amp#27;[39m Getting session details from server to mix in
[debug] &amp#27;[35m[WD Proxy]&amp#27;[39m Matched '/' to command name 'getSession'
[debug] &amp#27;[35m[WD Proxy]&amp#27;[39m Proxying [GET /] to [GET http://127.0.0.1:8202/wd/hub/session/309ecd4d-745f-4bb1-975d-019119a1d545] with no body
[debug] &amp#27;[35m[WD Proxy]&amp#27;[39m Got response with status 200: {"sessionId":"309ecd4d-745f-4bb1-975d-019119a1d545","value":{"lastScrollData":null}}
[debug] &amp#27;[35m[W3C (9ad58081)]&amp#27;[39m Responding to client with driver.getSession() result: {"platform":"LINUX","webStorageEnabled":false,"takesScreenshot":true,"javascriptEnabled":true,"databaseEnabled":false,"networkConnectionEnabled":true,"locationContextEnabled":false,"warnings":{},"desired":{"platformName":"android","app":"./Resourses/in.workindia.apk","appActivity":"in.workindia.nileshdungarwal.workindiaandroid.RegisterActivity","appPackage":"in.workindia.nileshdungarwal.workindiaandroid","deviceName":"emulator-5554","platformVersion":"8.1"},"platformName":"android","app":"./Resourses/in.workindia.apk","appActivity":"in.workindia.nileshdungarwal.workindiaandroid.RegisterActivity","appPackage":"in.workindia.nileshdungarwal.workindiaandroid","deviceName":"emulator-5554","platformVersion":"8.1.0","deviceUDID":"emulator-5554","deviceApiLevel":27,"deviceScreenSize":"1080x2160","deviceScreenDensity":440,"deviceModel":"Android SDK built for x86","deviceManufacturer":"Google","pixelRatio":2.75,"statBarHeight":66,"viewportRect":{"left":0,"top":66,"width":1080,"height":1962},"lastScrollData":null}
&amp#27;[35m[HTTP]&amp#27;[39m &amp#27;[37m<-- GET /wd/hub/session/9ad58081-1fb1-4d15-80ce-e759d4eceebf &amp#27;[39m&amp#27;[32m200&amp#27;[39m &amp#27;[90m17 ms - 1028&amp#27;[39m
&amp#27;[35m[HTTP]&amp#27;[39m &amp#27;[90m&amp#27;[39m
&amp#27;[35m[HTTP]&amp#27;[39m &amp#27;[37m-->&amp#27;[39m &amp#27;[37mGET&amp#27;[39m &amp#27;[37m/wd/hub/session/9ad58081-1fb1-4d15-80ce-e759d4eceebf&amp#27;[39m
&amp#27;[35m[HTTP]&amp#27;[39m &amp#27;[90m{}&amp#27;[39m
[debug] &amp#27;[35m[W3C (9ad58081)]&amp#27;[39m Calling AppiumDriver.getSession() with args: ["9ad58081-1fb1-4d15-80ce-e759d4eceebf"]
[debug] &amp#27;[35m[UiAutomator2]&amp#27;[39m Getting session details from server to mix in
[debug] &amp#27;[35m[WD Proxy]&amp#27;[39m Matched '/' to command name 'getSession'
[debug] &amp#27;[35m[WD Proxy]&amp#27;[39m Proxying [GET /] to [GET http://127.0.0.1:8202/wd/hub/session/309ecd4d-745f-4bb1-975d-019119a1d545] with no body
[debug] &amp#27;[35m[WD Proxy]&amp#27;[39m Got response with status 200: {"sessionId":"309ecd4d-745f-4bb1-975d-019119a1d545","value":{"lastScrollData":null}}
[debug] &amp#27;[35m[W3C (9ad58081)]&amp#27;[39m Responding to client with driver.getSession() result: {"platform":"LINUX","webStorageEnabled":false,"takesScreenshot":true,"javascriptEnabled":true,"databaseEnabled":false,"networkConnectionEnabled":true,"locationContextEnabled":false,"warnings":{},"desired":{"platformName":"android","app":"./Resourses/in.workindia.apk","appActivity":"in.workindia.nileshdungarwal.workindiaandroid.RegisterActivity","appPackage":"in.workindia.nileshdungarwal.workindiaandroid","deviceName":"emulator-5554","platformVersion":"8.1"},"platformName":"android","app":"./Resourses/in.workindia.apk","appActivity":"in.workindia.nileshdungarwal.workindiaandroid.RegisterActivity","appPackage":"in.workindia.nileshdungarwal.workindiaandroid","deviceName":"emulator-5554","platformVersion":"8.1.0","deviceUDID":"emulator-5554","deviceApiLevel":27,"deviceScreenSize":"1080x2160","deviceScreenDensity":440,"deviceModel":"Android SDK built for x86","deviceManufacturer":"Google","pixelRatio":2.75,"statBarHeight":66,"viewportRect":{"left":0,"top":66,"width":1080,"height":1962},"lastScrollData":null}
&amp#27;[35m[HTTP]&amp#27;[39m &amp#27;[37m<-- GET /wd/hub/session/9ad58081-1fb1-4d15-80ce-e759d4eceebf &amp#27;[39m&amp#27;[32m200&amp#27;[39m &amp#27;[90m15 ms - 1028&amp#27;[39m
&amp#27;[35m[HTTP]&amp#27;[39m &amp#27;[90m&amp#27;[39m
&amp#27;[35m[HTTP]&amp#27;[39m &amp#27;[37m-->&amp#27;[39m &amp#27;[37mPOST&amp#27;[39m &amp#27;[37m/wd/hub/session/9ad58081-1fb1-4d15-80ce-e759d4eceebf/element&amp#27;[39m
&amp#27;[35m[HTTP]&amp#27;[39m &amp#27;[90m{"using":"id","value":"in.workindia.nileshdungarwal.workindiaandroid:id/act_auto_complete"}&amp#27;[39m
[debug] &amp#27;[35m[W3C (9ad58081)]&amp#27;[39m Calling AppiumDriver.findElement() with args: ["id","in.workindia.nileshdungarwal.workindiaandroid:id/act_auto_complete","9ad58081-1fb1-4d15-80ce-e759d4eceebf"]
[debug] &amp#27;[35m[BaseDriver]&amp#27;[39m Valid locator strategies for this request: xpath, id, class name, accessibility id, css selector, -android uiautomator
[debug] &amp#27;[35m[BaseDriver]&amp#27;[39m Waiting up to 30000 ms for condition
[debug] &amp#27;[35m[WD Proxy]&amp#27;[39m Matched '/element' to command name 'findElement'
[debug] &amp#27;[35m[WD Proxy]&amp#27;[39m Proxying [POST /element] to [POST http://127.0.0.1:8202/wd/hub/session/309ecd4d-745f-4bb1-975d-019119a1d545/element] with body: {"strategy":"id","selector":"in.workindia.nileshdungarwal.workindiaandroid:id/act_auto_complete","context":"","multiple":false}
&amp#27;[35m[WD Proxy]&amp#27;[39m Got response with status 404: {"sessionId":"309ecd4d-745f-4bb1-975d-019119a1d545","value":{"error":"no such element","message":"An element could not be located on the page using the given search parameters","stacktrace":"io.appium.uiautomator2.common.exceptions.ElementNotFoundException: An element could not be located on the page using the given search parameters\n\tat io.appium.uiautomator2.handler.FindElement.safeHandle(FindElement.java:73)\n\tat io.appium.uiautomator2.handler.request.SafeRequestHandler.handle(SafeRequestHandler.java:41)\n\tat io.appium.uiautomator2.server.AppiumServlet.handleRequest(AppiumServlet.java:261)\n\tat io.appium.uiautomator2.server.AppiumServlet.handleHttpRequest(AppiumServlet.java:255)\n\tat io.appium.uiautomator2.http.ServerHandler.channelRead(ServerHandler.java:68)\n\tat io.netty.channel.AbstractChannelHandlerContext.invokeChannelRead(AbstractChannelHandlerContext.java:366)\n\tat io.netty.channel.AbstractChannelHandlerContext.invokeChannelRead(AbstractChannelHandlerContext.java:352)\n\tat io.netty.chann...
[debug] &amp#27;[35m[W3C]&amp#27;[39m Matched W3C error code 'no such element' to NoSuchElementError
[debug] &amp#27;[35m[BaseDriver]&amp#27;[39m Waited for 709 ms so far
[debug] &amp#27;[35m[WD Proxy]&amp#27;[39m Matched '/element' to command name 'findElement'
[debug] &amp#27;[35m[WD Proxy]&amp#27;[39m Proxying [POST /element] to [POST http://127.0.0.1:8202/wd/hub/session/309ecd4d-745f-4bb1-975d-019119a1d545/element] with body: {"strategy":"id","selector":"in.workindia.nileshdungarwal.workindiaandroid:id/act_auto_complete","context":"","multiple":false}
[debug] &amp#27;[35m[WD Proxy]&amp#27;[39m Got response with status 200: {"sessionId":"309ecd4d-745f-4bb1-975d-019119a1d545","value":{"ELEMENT":"d9a976c6-b443-400f-8785-6820e97ddbe5","element-6066-11e4-a52e-4f735466cecf":"d9a976c6-b443-400f-8785-6820e97ddbe5"}}
[debug] &amp#27;[35m[W3C (9ad58081)]&amp#27;[39m Responding to client with driver.findElement() result: {"element-6066-11e4-a52e-4f735466cecf":"d9a976c6-b443-400f-8785-6820e97ddbe5","ELEMENT":"d9a976c6-b443-400f-8785-6820e97ddbe5"}
&amp#27;[35m[HTTP]&amp#27;[39m &amp#27;[37m<-- POST /wd/hub/session/9ad58081-1fb1-4d15-80ce-e759d4eceebf/element &amp#27;[39m&amp#27;[32m200&amp#27;[39m &amp#27;[90m1575 ms - 137&amp#27;[39m
&amp#27;[35m[HTTP]&amp#27;[39m &amp#27;[90m&amp#27;[39m
&amp#27;[35m[HTTP]&amp#27;[39m &amp#27;[37m-->&amp#27;[39m &amp#27;[37mPOST&amp#27;[39m &amp#27;[37m/wd/hub/session/9ad58081-1fb1-4d15-80ce-e759d4eceebf/element/d9a976c6-b443-400f-8785-6820e97ddbe5/value&amp#27;[39m
&amp#27;[35m[HTTP]&amp#27;[39m &amp#27;[90m{"id":"d9a976c6-b443-400f-8785-6820e97ddbe5","text":"Karol Bagh","value":["K","a","r","o","l"," ","B","a","g","h"]}&amp#27;[39m
[debug] &amp#27;[35m[W3C (9ad58081)]&amp#27;[39m Calling AppiumDriver.setValue() with args: [["K","a","r","o","l"," ","B","a","g","h"],"d9a976c6-b443-400f-8785-6820e97ddbe5","9ad58081-1fb1-4d15-80ce-e759d4eceebf"]
[debug] &amp#27;[35m[WD Proxy]&amp#27;[39m Matched '/element/d9a976c6-b443-400f-8785-6820e97ddbe5/value' to command name 'setValue'
[debug] &amp#27;[35m[Protocol Converter]&amp#27;[39m Added 'value' property ["K","a","r","o","l"," ","B","a","g","h"] to 'setValue' request body
[debug] &amp#27;[35m[WD Proxy]&amp#27;[39m Proxying [POST /element/d9a976c6-b443-400f-8785-6820e97ddbe5/value] to [POST http://127.0.0.1:8202/wd/hub/session/309ecd4d-745f-4bb1-975d-019119a1d545/element/d9a976c6-b443-400f-8785-6820e97ddbe5/value] with body: {"elementId":"d9a976c6-b443-400f-8785-6820e97ddbe5","text":"Karol Bagh","replace":false,"value":["K","a","r","o","l"," ","B","a","g","h"]}
[debug] &amp#27;[35m[WD Proxy]&amp#27;[39m Got response with status 200: {"sessionId":"309ecd4d-745f-4bb1-975d-019119a1d545","value":null}
[debug] &amp#27;[35m[W3C (9ad58081)]&amp#27;[39m Responding to client with driver.setValue() result: null
&amp#27;[35m[HTTP]&amp#27;[39m &amp#27;[37m<-- POST /wd/hub/session/9ad58081-1fb1-4d15-80ce-e759d4eceebf/element/d9a976c6-b443-400f-8785-6820e97ddbe5/value &amp#27;[39m&amp#27;[32m200&amp#27;[39m &amp#27;[90m644 ms - 14&amp#27;[39m
&amp#27;[35m[HTTP]&amp#27;[39m &amp#27;[90m&amp#27;[39m
&amp#27;[35m[HTTP]&amp#27;[39m &amp#27;[37m-->&amp#27;[39m &amp#27;[37mGET&amp#27;[39m &amp#27;[37m/wd/hub/session/9ad58081-1fb1-4d15-80ce-e759d4eceebf&amp#27;[39m
&amp#27;[35m[HTTP]&amp#27;[39m &amp#27;[90m{}&amp#27;[39m
[debug] &amp#27;[35m[W3C (9ad58081)]&amp#27;[39m Calling AppiumDriver.getSession() with args: ["9ad58081-1fb1-4d15-80ce-e759d4eceebf"]
[debug] &amp#27;[35m[UiAutomator2]&amp#27;[39m Getting session details from server to mix in
[debug] &amp#27;[35m[WD Proxy]&amp#27;[39m Matched '/' to command name 'getSession'
[debug] &amp#27;[35m[WD Proxy]&amp#27;[39m Proxying [GET /] to [GET http://127.0.0.1:8202/wd/hub/session/309ecd4d-745f-4bb1-975d-019119a1d545] with no body
[debug] &amp#27;[35m[WD Proxy]&amp#27;[39m Got response with status 200: {"sessionId":"309ecd4d-745f-4bb1-975d-019119a1d545","value":{"lastScrollData":null}}
[debug] &amp#27;[35m[W3C (9ad58081)]&amp#27;[39m Responding to client with driver.getSession() result: {"platform":"LINUX","webStorageEnabled":false,"takesScreenshot":true,"javascriptEnabled":true,"databaseEnabled":false,"networkConnectionEnabled":true,"locationContextEnabled":false,"warnings":{},"desired":{"platformName":"android","app":"./Resourses/in.workindia.apk","appActivity":"in.workindia.nileshdungarwal.workindiaandroid.RegisterActivity","appPackage":"in.workindia.nileshdungarwal.workindiaandroid","deviceName":"emulator-5554","platformVersion":"8.1"},"platformName":"android","app":"./Resourses/in.workindia.apk","appActivity":"in.workindia.nileshdungarwal.workindiaandroid.RegisterActivity","appPackage":"in.workindia.nileshdungarwal.workindiaandroid","deviceName":"emulator-5554","platformVersion":"8.1.0","deviceUDID":"emulator-5554","deviceApiLevel":27,"deviceScreenSize":"1080x2160","deviceScreenDensity":440,"deviceModel":"Android SDK built for x86","deviceManufacturer":"Google","pixelRatio":2.75,"statBarHeight":66,"viewportRect":{"left":0,"top":66,"width":1080,"height":1962},"lastScrollData":null}
&amp#27;[35m[HTTP]&amp#27;[39m &amp#27;[37m<-- GET /wd/hub/session/9ad58081-1fb1-4d15-80ce-e759d4eceebf &amp#27;[39m&amp#27;[32m200&amp#27;[39m &amp#27;[90m23 ms - 1028&amp#27;[39m
&amp#27;[35m[HTTP]&amp#27;[39m &amp#27;[90m&amp#27;[39m
&amp#27;[35m[HTTP]&amp#27;[39m &amp#27;[37m-->&amp#27;[39m &amp#27;[37mGET&amp#27;[39m &amp#27;[37m/wd/hub/session/9ad58081-1fb1-4d15-80ce-e759d4eceebf&amp#27;[39m
&amp#27;[35m[HTTP]&amp#27;[39m &amp#27;[90m{}&amp#27;[39m
[debug] &amp#27;[35m[W3C (9ad58081)]&amp#27;[39m Calling AppiumDriver.getSession() with args: ["9ad58081-1fb1-4d15-80ce-e759d4eceebf"]
[debug] &amp#27;[35m[UiAutomator2]&amp#27;[39m Getting session details from server to mix in
[debug] &amp#27;[35m[WD Proxy]&amp#27;[39m Matched '/' to command name 'getSession'
[debug] &amp#27;[35m[WD Proxy]&amp#27;[39m Proxying [GET /] to [GET http://127.0.0.1:8202/wd/hub/session/309ecd4d-745f-4bb1-975d-019119a1d545] with no body
[debug] &amp#27;[35m[WD Proxy]&amp#27;[39m Got response with status 200: {"sessionId":"309ecd4d-745f-4bb1-975d-019119a1d545","value":{"lastScrollData":null}}
[debug] &amp#27;[35m[W3C (9ad58081)]&amp#27;[39m Responding to client with driver.getSession() result: {"platform":"LINUX","webStorageEnabled":false,"takesScreenshot":true,"javascriptEnabled":true,"databaseEnabled":false,"networkConnectionEnabled":true,"locationContextEnabled":false,"warnings":{},"desired":{"platformName":"android","app":"./Resourses/in.workindia.apk","appActivity":"in.workindia.nileshdungarwal.workindiaandroid.RegisterActivity","appPackage":"in.workindia.nileshdungarwal.workindiaandroid","deviceName":"emulator-5554","platformVersion":"8.1"},"platformName":"android","app":"./Resourses/in.workindia.apk","appActivity":"in.workindia.nileshdungarwal.workindiaandroid.RegisterActivity","appPackage":"in.workindia.nileshdungarwal.workindiaandroid","deviceName":"emulator-5554","platformVersion":"8.1.0","deviceUDID":"emulator-5554","deviceApiLevel":27,"deviceScreenSize":"1080x2160","deviceScreenDensity":440,"deviceModel":"Android SDK built for x86","deviceManufacturer":"Google","pixelRatio":2.75,"statBarHeight":66,"viewportRect":{"left":0,"top":66,"width":1080,"height":1962},"lastScrollData":null}
&amp#27;[35m[HTTP]&amp#27;[39m &amp#27;[37m<-- GET /wd/hub/session/9ad58081-1fb1-4d15-80ce-e759d4eceebf &amp#27;[39m&amp#27;[32m200&amp#27;[39m &amp#27;[90m25 ms - 1028&amp#27;[39m
&amp#27;[35m[HTTP]&amp#27;[39m &amp#27;[90m&amp#27;[39m
&amp#27;[35m[HTTP]&amp#27;[39m &amp#27;[37m-->&amp#27;[39m &amp#27;[37mGET&amp#27;[39m &amp#27;[37m/wd/hub/session/9ad58081-1fb1-4d15-80ce-e759d4eceebf&amp#27;[39m
&amp#27;[35m[HTTP]&amp#27;[39m &amp#27;[90m{}&amp#27;[39m
[debug] &amp#27;[35m[W3C (9ad58081)]&amp#27;[39m Calling AppiumDriver.getSession() with args: ["9ad58081-1fb1-4d15-80ce-e759d4eceebf"]
[debug] &amp#27;[35m[UiAutomator2]&amp#27;[39m Getting session details from server to mix in
[debug] &amp#27;[35m[WD Proxy]&amp#27;[39m Matched '/' to command name 'getSession'
[debug] &amp#27;[35m[WD Proxy]&amp#27;[39m Proxying [GET /] to [GET http://127.0.0.1:8202/wd/hub/session/309ecd4d-745f-4bb1-975d-019119a1d545] with no body
[debug] &amp#27;[35m[WD Proxy]&amp#27;[39m Got response with status 200: {"sessionId":"309ecd4d-745f-4bb1-975d-019119a1d545","value":{"lastScrollData":null}}
[debug] &amp#27;[35m[W3C (9ad58081)]&amp#27;[39m Responding to client with driver.getSession() result: {"platform":"LINUX","webStorageEnabled":false,"takesScreenshot":true,"javascriptEnabled":true,"databaseEnabled":false,"networkConnectionEnabled":true,"locationContextEnabled":false,"warnings":{},"desired":{"platformName":"android","app":"./Resourses/in.workindia.apk","appActivity":"in.workindia.nileshdungarwal.workindiaandroid.RegisterActivity","appPackage":"in.workindia.nileshdungarwal.workindiaandroid","deviceName":"emulator-5554","platformVersion":"8.1"},"platformName":"android","app":"./Resourses/in.workindia.apk","appActivity":"in.workindia.nileshdungarwal.workindiaandroid.RegisterActivity","appPackage":"in.workindia.nileshdungarwal.workindiaandroid","deviceName":"emulator-5554","platformVersion":"8.1.0","deviceUDID":"emulator-5554","deviceApiLevel":27,"deviceScreenSize":"1080x2160","deviceScreenDensity":440,"deviceModel":"Android SDK built for x86","deviceManufacturer":"Google","pixelRatio":2.75,"statBarHeight":66,"viewportRect":{"left":0,"top":66,"width":1080,"height":1962},"lastScrollData":null}
&amp#27;[35m[HTTP]&amp#27;[39m &amp#27;[37m<-- GET /wd/hub/session/9ad58081-1fb1-4d15-80ce-e759d4eceebf &amp#27;[39m&amp#27;[32m200&amp#27;[39m &amp#27;[90m22 ms - 1028&amp#27;[39m
&amp#27;[35m[HTTP]&amp#27;[39m &amp#27;[90m&amp#27;[39m
&amp#27;[35m[HTTP]&amp#27;[39m &amp#27;[37m-->&amp#27;[39m &amp#27;[37mPOST&amp#27;[39m &amp#27;[37m/wd/hub/session/9ad58081-1fb1-4d15-80ce-e759d4eceebf/element&amp#27;[39m
&amp#27;[35m[HTTP]&amp#27;[39m &amp#27;[90m{"using":"id","value":"in.workindia.nileshdungarwal.workindiaandroid:id/btn_done"}&amp#27;[39m
[debug] &amp#27;[35m[W3C (9ad58081)]&amp#27;[39m Calling AppiumDriver.findElement() with args: ["id","in.workindia.nileshdungarwal.workindiaandroid:id/btn_done","9ad58081-1fb1-4d15-80ce-e759d4eceebf"]
[debug] &amp#27;[35m[BaseDriver]&amp#27;[39m Valid locator strategies for this request: xpath, id, class name, accessibility id, css selector, -android uiautomator
[debug] &amp#27;[35m[BaseDriver]&amp#27;[39m Waiting up to 30000 ms for condition
[debug] &amp#27;[35m[WD Proxy]&amp#27;[39m Matched '/element' to command name 'findElement'
[debug] &amp#27;[35m[WD Proxy]&amp#27;[39m Proxying [POST /element] to [POST http://127.0.0.1:8202/wd/hub/session/309ecd4d-745f-4bb1-975d-019119a1d545/element] with body: {"strategy":"id","selector":"in.workindia.nileshdungarwal.workindiaandroid:id/btn_done","context":"","multiple":false}
[debug] &amp#27;[35m[WD Proxy]&amp#27;[39m Got response with status 200: {"sessionId":"309ecd4d-745f-4bb1-975d-019119a1d545","value":{"ELEMENT":"3d3040f6-7bb3-4d41-98e4-1474f4698c65","element-6066-11e4-a52e-4f735466cecf":"3d3040f6-7bb3-4d41-98e4-1474f4698c65"}}
[debug] &amp#27;[35m[W3C (9ad58081)]&amp#27;[39m Responding to client with driver.findElement() result: {"element-6066-11e4-a52e-4f735466cecf":"3d3040f6-7bb3-4d41-98e4-1474f4698c65","ELEMENT":"3d3040f6-7bb3-4d41-98e4-1474f4698c65"}
&amp#27;[35m[HTTP]&amp#27;[39m &amp#27;[37m<-- POST /wd/hub/session/9ad58081-1fb1-4d15-80ce-e759d4eceebf/element &amp#27;[39m&amp#27;[32m200&amp#27;[39m &amp#27;[90m936 ms - 137&amp#27;[39m
&amp#27;[35m[HTTP]&amp#27;[39m &amp#27;[90m&amp#27;[39m
&amp#27;[35m[HTTP]&amp#27;[39m &amp#27;[37m-->&amp#27;[39m &amp#27;[37mPOST&amp#27;[39m &amp#27;[37m/wd/hub/session/9ad58081-1fb1-4d15-80ce-e759d4eceebf/element/3d3040f6-7bb3-4d41-98e4-1474f4698c65/click&amp#27;[39m
&amp#27;[35m[HTTP]&amp#27;[39m &amp#27;[90m{"id":"3d3040f6-7bb3-4d41-98e4-1474f4698c65"}&amp#27;[39m
[debug] &amp#27;[35m[W3C (9ad58081)]&amp#27;[39m Calling AppiumDriver.click() with args: ["3d3040f6-7bb3-4d41-98e4-1474f4698c65","9ad58081-1fb1-4d15-80ce-e759d4eceebf"]
[debug] &amp#27;[35m[WD Proxy]&amp#27;[39m Matched '/element/3d3040f6-7bb3-4d41-98e4-1474f4698c65/click' to command name 'click'
[debug] &amp#27;[35m[WD Proxy]&amp#27;[39m Proxying [POST /element/3d3040f6-7bb3-4d41-98e4-1474f4698c65/click] to [POST http://127.0.0.1:8202/wd/hub/session/309ecd4d-745f-4bb1-975d-019119a1d545/element/3d3040f6-7bb3-4d41-98e4-1474f4698c65/click] with body: {"element":"3d3040f6-7bb3-4d41-98e4-1474f4698c65"}
[debug] &amp#27;[35m[WD Proxy]&amp#27;[39m Got response with status 200: {"sessionId":"309ecd4d-745f-4bb1-975d-019119a1d545","value":null}
[debug] &amp#27;[35m[W3C (9ad58081)]&amp#27;[39m Responding to client with driver.click() result: null
&amp#27;[35m[HTTP]&amp#27;[39m &amp#27;[37m<-- POST /wd/hub/session/9ad58081-1fb1-4d15-80ce-e759d4eceebf/element/3d3040f6-7bb3-4d41-98e4-1474f4698c65/click &amp#27;[39m&amp#27;[32m200&amp#27;[39m &amp#27;[90m53 ms - 14&amp#27;[39m
&amp#27;[35m[HTTP]&amp#27;[39m &amp#27;[90m&amp#27;[39m
&amp#27;[35m[HTTP]&amp#27;[39m &amp#27;[37m-->&amp#27;[39m &amp#27;[37mGET&amp#27;[39m &amp#27;[37m/wd/hub/session/9ad58081-1fb1-4d15-80ce-e759d4eceebf&amp#27;[39m
&amp#27;[35m[HTTP]&amp#27;[39m &amp#27;[90m{}&amp#27;[39m
[debug] &amp#27;[35m[W3C (9ad58081)]&amp#27;[39m Calling AppiumDriver.getSession() with args: ["9ad58081-1fb1-4d15-80ce-e759d4eceebf"]
[debug] &amp#27;[35m[UiAutomator2]&amp#27;[39m Getting session details from server to mix in
[debug] &amp#27;[35m[WD Proxy]&amp#27;[39m Matched '/' to command name 'getSession'
[debug] &amp#27;[35m[WD Proxy]&amp#27;[39m Proxying [GET /] to [GET http://127.0.0.1:8202/wd/hub/session/309ecd4d-745f-4bb1-975d-019119a1d545] with no body
[debug] &amp#27;[35m[WD Proxy]&amp#27;[39m Got response with status 200: {"sessionId":"309ecd4d-745f-4bb1-975d-019119a1d545","value":{"lastScrollData":null}}
[debug] &amp#27;[35m[W3C (9ad58081)]&amp#27;[39m Responding to client with driver.getSession() result: {"platform":"LINUX","webStorageEnabled":false,"takesScreenshot":true,"javascriptEnabled":true,"databaseEnabled":false,"networkConnectionEnabled":true,"locationContextEnabled":false,"warnings":{},"desired":{"platformName":"android","app":"./Resourses/in.workindia.apk","appActivity":"in.workindia.nileshdungarwal.workindiaandroid.RegisterActivity","appPackage":"in.workindia.nileshdungarwal.workindiaandroid","deviceName":"emulator-5554","platformVersion":"8.1"},"platformName":"android","app":"./Resourses/in.workindia.apk","appActivity":"in.workindia.nileshdungarwal.workindiaandroid.RegisterActivity","appPackage":"in.workindia.nileshdungarwal.workindiaandroid","deviceName":"emulator-5554","platformVersion":"8.1.0","deviceUDID":"emulator-5554","deviceApiLevel":27,"deviceScreenSize":"1080x2160","deviceScreenDensity":440,"deviceModel":"Android SDK built for x86","deviceManufacturer":"Google","pixelRatio":2.75,"statBarHeight":66,"viewportRect":{"left":0,"top":66,"width":1080,"height":1962},"lastScrollData":null}
&amp#27;[35m[HTTP]&amp#27;[39m &amp#27;[37m<-- GET /wd/hub/session/9ad58081-1fb1-4d15-80ce-e759d4eceebf &amp#27;[39m&amp#27;[32m200&amp#27;[39m &amp#27;[90m18 ms - 1028&amp#27;[39m
&amp#27;[35m[HTTP]&amp#27;[39m &amp#27;[90m&amp#27;[39m
&amp#27;[35m[HTTP]&amp#27;[39m &amp#27;[37m-->&amp#27;[39m &amp#27;[37mGET&amp#27;[39m &amp#27;[37m/wd/hub/session/9ad58081-1fb1-4d15-80ce-e759d4eceebf&amp#27;[39m
&amp#27;[35m[HTTP]&amp#27;[39m &amp#27;[90m{}&amp#27;[39m
[debug] &amp#27;[35m[W3C (9ad58081)]&amp#27;[39m Calling AppiumDriver.getSession() with args: ["9ad58081-1fb1-4d15-80ce-e759d4eceebf"]
[debug] &amp#27;[35m[UiAutomator2]&amp#27;[39m Getting session details from server to mix in
[debug] &amp#27;[35m[WD Proxy]&amp#27;[39m Matched '/' to command name 'getSession'
[debug] &amp#27;[35m[WD Proxy]&amp#27;[39m Proxying [GET /] to [GET http://127.0.0.1:8202/wd/hub/session/309ecd4d-745f-4bb1-975d-019119a1d545] with no body
[debug] &amp#27;[35m[WD Proxy]&amp#27;[39m Got response with status 200: {"sessionId":"309ecd4d-745f-4bb1-975d-019119a1d545","value":{"lastScrollData":null}}
[debug] &amp#27;[35m[W3C (9ad58081)]&amp#27;[39m Responding to client with driver.getSession() result: {"platform":"LINUX","webStorageEnabled":false,"takesScreenshot":true,"javascriptEnabled":true,"databaseEnabled":false,"networkConnectionEnabled":true,"locationContextEnabled":false,"warnings":{},"desired":{"platformName":"android","app":"./Resourses/in.workindia.apk","appActivity":"in.workindia.nileshdungarwal.workindiaandroid.RegisterActivity","appPackage":"in.workindia.nileshdungarwal.workindiaandroid","deviceName":"emulator-5554","platformVersion":"8.1"},"platformName":"android","app":"./Resourses/in.workindia.apk","appActivity":"in.workindia.nileshdungarwal.workindiaandroid.RegisterActivity","appPackage":"in.workindia.nileshdungarwal.workindiaandroid","deviceName":"emulator-5554","platformVersion":"8.1.0","deviceUDID":"emulator-5554","deviceApiLevel":27,"deviceScreenSize":"1080x2160","deviceScreenDensity":440,"deviceModel":"Android SDK built for x86","deviceManufacturer":"Google","pixelRatio":2.75,"statBarHeight":66,"viewportRect":{"left":0,"top":66,"width":1080,"height":1962},"lastScrollData":null}
&amp#27;[35m[HTTP]&amp#27;[39m &amp#27;[37m<-- GET /wd/hub/session/9ad58081-1fb1-4d15-80ce-e759d4eceebf &amp#27;[39m&amp#27;[32m200&amp#27;[39m &amp#27;[90m18 ms - 1028&amp#27;[39m
&amp#27;[35m[HTTP]&amp#27;[39m &amp#27;[90m&amp#27;[39m
&amp#27;[35m[HTTP]&amp#27;[39m &amp#27;[37m-->&amp#27;[39m &amp#27;[37mGET&amp#27;[39m &amp#27;[37m/wd/hub/session/9ad58081-1fb1-4d15-80ce-e759d4eceebf&amp#27;[39m
&amp#27;[35m[HTTP]&amp#27;[39m &amp#27;[90m{}&amp#27;[39m
[debug] &amp#27;[35m[W3C (9ad58081)]&amp#27;[39m Calling AppiumDriver.getSession() with args: ["9ad58081-1fb1-4d15-80ce-e759d4eceebf"]
[debug] &amp#27;[35m[UiAutomator2]&amp#27;[39m Getting session details from server to mix in
[debug] &amp#27;[35m[WD Proxy]&amp#27;[39m Matched '/' to command name 'getSession'
[debug] &amp#27;[35m[WD Proxy]&amp#27;[39m Proxying [GET /] to [GET http://127.0.0.1:8202/wd/hub/session/309ecd4d-745f-4bb1-975d-019119a1d545] with no body
[debug] &amp#27;[35m[WD Proxy]&amp#27;[39m Got response with status 200: {"sessionId":"309ecd4d-745f-4bb1-975d-019119a1d545","value":{"lastScrollData":null}}
[debug] &amp#27;[35m[W3C (9ad58081)]&amp#27;[39m Responding to client with driver.getSession() result: {"platform":"LINUX","webStorageEnabled":false,"takesScreenshot":true,"javascriptEnabled":true,"databaseEnabled":false,"networkConnectionEnabled":true,"locationContextEnabled":false,"warnings":{},"desired":{"platformName":"android","app":"./Resourses/in.workindia.apk","appActivity":"in.workindia.nileshdungarwal.workindiaandroid.RegisterActivity","appPackage":"in.workindia.nileshdungarwal.workindiaandroid","deviceName":"emulator-5554","platformVersion":"8.1"},"platformName":"android","app":"./Resourses/in.workindia.apk","appActivity":"in.workindia.nileshdungarwal.workindiaandroid.RegisterActivity","appPackage":"in.workindia.nileshdungarwal.workindiaandroid","deviceName":"emulator-5554","platformVersion":"8.1.0","deviceUDID":"emulator-5554","deviceApiLevel":27,"deviceScreenSize":"1080x2160","deviceScreenDensity":440,"deviceModel":"Android SDK built for x86","deviceManufacturer":"Google","pixelRatio":2.75,"statBarHeight":66,"viewportRect":{"left":0,"top":66,"width":1080,"height":1962},"lastScrollData":null}
&amp#27;[35m[HTTP]&amp#27;[39m &amp#27;[37m<-- GET /wd/hub/session/9ad58081-1fb1-4d15-80ce-e759d4eceebf &amp#27;[39m&amp#27;[32m200&amp#27;[39m &amp#27;[90m21 ms - 1028&amp#27;[39m
&amp#27;[35m[HTTP]&amp#27;[39m &amp#27;[90m&amp#27;[39m
&amp#27;[35m[HTTP]&amp#27;[39m &amp#27;[37m-->&amp#27;[39m &amp#27;[37mPOST&amp#27;[39m &amp#27;[37m/wd/hub/session/9ad58081-1fb1-4d15-80ce-e759d4eceebf/element&amp#27;[39m
&amp#27;[35m[HTTP]&amp#27;[39m &amp#27;[90m{"using":"id","value":"in.workindia.nileshdungarwal.workindiaandroid:id/rg_male"}&amp#27;[39m
[debug] &amp#27;[35m[W3C (9ad58081)]&amp#27;[39m Calling AppiumDriver.findElement() with args: ["id","in.workindia.nileshdungarwal.workindiaandroid:id/rg_male","9ad58081-1fb1-4d15-80ce-e759d4eceebf"]
[debug] &amp#27;[35m[BaseDriver]&amp#27;[39m Valid locator strategies for this request: xpath, id, class name, accessibility id, css selector, -android uiautomator
[debug] &amp#27;[35m[BaseDriver]&amp#27;[39m Waiting up to 30000 ms for condition
[debug] &amp#27;[35m[WD Proxy]&amp#27;[39m Matched '/element' to command name 'findElement'
[debug] &amp#27;[35m[WD Proxy]&amp#27;[39m Proxying [POST /element] to [POST http://127.0.0.1:8202/wd/hub/session/309ecd4d-745f-4bb1-975d-019119a1d545/element] with body: {"strategy":"id","selector":"in.workindia.nileshdungarwal.workindiaandroid:id/rg_male","context":"","multiple":false}
[debug] &amp#27;[35m[WD Proxy]&amp#27;[39m Got response with status 200: {"sessionId":"309ecd4d-745f-4bb1-975d-019119a1d545","value":{"ELEMENT":"f2033b30-09d5-4d85-8154-3aecebfe29fa","element-6066-11e4-a52e-4f735466cecf":"f2033b30-09d5-4d85-8154-3aecebfe29fa"}}
[debug] &amp#27;[35m[W3C (9ad58081)]&amp#27;[39m Responding to client with driver.findElement() result: {"element-6066-11e4-a52e-4f735466cecf":"f2033b30-09d5-4d85-8154-3aecebfe29fa","ELEMENT":"f2033b30-09d5-4d85-8154-3aecebfe29fa"}
&amp#27;[35m[HTTP]&amp#27;[39m &amp#27;[37m<-- POST /wd/hub/session/9ad58081-1fb1-4d15-80ce-e759d4eceebf/element &amp#27;[39m&amp#27;[32m200&amp#27;[39m &amp#27;[90m1614 ms - 137&amp#27;[39m
&amp#27;[35m[HTTP]&amp#27;[39m &amp#27;[90m&amp#27;[39m
&amp#27;[35m[HTTP]&amp#27;[39m &amp#27;[37m-->&amp#27;[39m &amp#27;[37mPOST&amp#27;[39m &amp#27;[37m/wd/hub/session/9ad58081-1fb1-4d15-80ce-e759d4eceebf/element/f2033b30-09d5-4d85-8154-3aecebfe29fa/click&amp#27;[39m
&amp#27;[35m[HTTP]&amp#27;[39m &amp#27;[90m{"id":"f2033b30-09d5-4d85-8154-3aecebfe29fa"}&amp#27;[39m
[debug] &amp#27;[35m[W3C (9ad58081)]&amp#27;[39m Calling AppiumDriver.click() with args: ["f2033b30-09d5-4d85-8154-3aecebfe29fa","9ad58081-1fb1-4d15-80ce-e759d4eceebf"]
[debug] &amp#27;[35m[WD Proxy]&amp#27;[39m Matched '/element/f2033b30-09d5-4d85-8154-3aecebfe29fa/click' to command name 'click'
[debug] &amp#27;[35m[WD Proxy]&amp#27;[39m Proxying [POST /element/f2033b30-09d5-4d85-8154-3aecebfe29fa/click] to [POST http://127.0.0.1:8202/wd/hub/session/309ecd4d-745f-4bb1-975d-019119a1d545/element/f2033b30-09d5-4d85-8154-3aecebfe29fa/click] with body: {"element":"f2033b30-09d5-4d85-8154-3aecebfe29fa"}
[debug] &amp#27;[35m[WD Proxy]&amp#27;[39m Got response with status 200: {"sessionId":"309ecd4d-745f-4bb1-975d-019119a1d545","value":null}
[debug] &amp#27;[35m[W3C (9ad58081)]&amp#27;[39m Responding to client with driver.click() result: null
&amp#27;[35m[HTTP]&amp#27;[39m &amp#27;[37m<-- POST /wd/hub/session/9ad58081-1fb1-4d15-80ce-e759d4eceebf/element/f2033b30-09d5-4d85-8154-3aecebfe29fa/click &amp#27;[39m&amp#27;[32m200&amp#27;[39m &amp#27;[90m33 ms - 14&amp#27;[39m
&amp#27;[35m[HTTP]&amp#27;[39m &amp#27;[90m&amp#27;[39m
&amp#27;[35m[HTTP]&amp#27;[39m &amp#27;[37m-->&amp#27;[39m &amp#27;[37mGET&amp#27;[39m &amp#27;[37m/wd/hub/session/9ad58081-1fb1-4d15-80ce-e759d4eceebf&amp#27;[39m
&amp#27;[35m[HTTP]&amp#27;[39m &amp#27;[90m{}&amp#27;[39m
[debug] &amp#27;[35m[W3C (9ad58081)]&amp#27;[39m Calling AppiumDriver.getSession() with args: ["9ad58081-1fb1-4d15-80ce-e759d4eceebf"]
[debug] &amp#27;[35m[UiAutomator2]&amp#27;[39m Getting session details from server to mix in
[debug] &amp#27;[35m[WD Proxy]&amp#27;[39m Matched '/' to command name 'getSession'
[debug] &amp#27;[35m[WD Proxy]&amp#27;[39m Proxying [GET /] to [GET http://127.0.0.1:8202/wd/hub/session/309ecd4d-745f-4bb1-975d-019119a1d545] with no body
[debug] &amp#27;[35m[WD Proxy]&amp#27;[39m Got response with status 200: {"sessionId":"309ecd4d-745f-4bb1-975d-019119a1d545","value":{"lastScrollData":null}}
[debug] &amp#27;[35m[W3C (9ad58081)]&amp#27;[39m Responding to client with driver.getSession() result: {"platform":"LINUX","webStorageEnabled":false,"takesScreenshot":true,"javascriptEnabled":true,"databaseEnabled":false,"networkConnectionEnabled":true,"locationContextEnabled":false,"warnings":{},"desired":{"platformName":"android","app":"./Resourses/in.workindia.apk","appActivity":"in.workindia.nileshdungarwal.workindiaandroid.RegisterActivity","appPackage":"in.workindia.nileshdungarwal.workindiaandroid","deviceName":"emulator-5554","platformVersion":"8.1"},"platformName":"android","app":"./Resourses/in.workindia.apk","appActivity":"in.workindia.nileshdungarwal.workindiaandroid.RegisterActivity","appPackage":"in.workindia.nileshdungarwal.workindiaandroid","deviceName":"emulator-5554","platformVersion":"8.1.0","deviceUDID":"emulator-5554","deviceApiLevel":27,"deviceScreenSize":"1080x2160","deviceScreenDensity":440,"deviceModel":"Android SDK built for x86","deviceManufacturer":"Google","pixelRatio":2.75,"statBarHeight":66,"viewportRect":{"left":0,"top":66,"width":1080,"height":1962},"lastScrollData":null}
&amp#27;[35m[HTTP]&amp#27;[39m &amp#27;[37m<-- GET /wd/hub/session/9ad58081-1fb1-4d15-80ce-e759d4eceebf &amp#27;[39m&amp#27;[32m200&amp#27;[39m &amp#27;[90m25 ms - 1028&amp#27;[39m
&amp#27;[35m[HTTP]&amp#27;[39m &amp#27;[90m&amp#27;[39m
&amp#27;[35m[HTTP]&amp#27;[39m &amp#27;[37m-->&amp#27;[39m &amp#27;[37mPOST&amp#27;[39m &amp#27;[37m/wd/hub/session/9ad58081-1fb1-4d15-80ce-e759d4eceebf/element&amp#27;[39m
&amp#27;[35m[HTTP]&amp#27;[39m &amp#27;[90m{"using":"id","value":"in.workindia.nileshdungarwal.workindiaandroid:id/rb_graduate"}&amp#27;[39m
[debug] &amp#27;[35m[W3C (9ad58081)]&amp#27;[39m Calling AppiumDriver.findElement() with args: ["id","in.workindia.nileshdungarwal.workindiaandroid:id/rb_graduate","9ad58081-1fb1-4d15-80ce-e759d4eceebf"]
[debug] &amp#27;[35m[BaseDriver]&amp#27;[39m Valid locator strategies for this request: xpath, id, class name, accessibility id, css selector, -android uiautomator
[debug] &amp#27;[35m[BaseDriver]&amp#27;[39m Waiting up to 30000 ms for condition
[debug] &amp#27;[35m[WD Proxy]&amp#27;[39m Matched '/element' to command name 'findElement'
[debug] &amp#27;[35m[WD Proxy]&amp#27;[39m Proxying [POST /element] to [POST http://127.0.0.1:8202/wd/hub/session/309ecd4d-745f-4bb1-975d-019119a1d545/element] with body: {"strategy":"id","selector":"in.workindia.nileshdungarwal.workindiaandroid:id/rb_graduate","context":"","multiple":false}
[debug] &amp#27;[35m[WD Proxy]&amp#27;[39m Got response with status 200: {"sessionId":"309ecd4d-745f-4bb1-975d-019119a1d545","value":{"ELEMENT":"4f92c929-4fa9-412a-af37-99f6a8fd8c30","element-6066-11e4-a52e-4f735466cecf":"4f92c929-4fa9-412a-af37-99f6a8fd8c30"}}
[debug] &amp#27;[35m[W3C (9ad58081)]&amp#27;[39m Responding to client with driver.findElement() result: {"element-6066-11e4-a52e-4f735466cecf":"4f92c929-4fa9-412a-af37-99f6a8fd8c30","ELEMENT":"4f92c929-4fa9-412a-af37-99f6a8fd8c30"}
&amp#27;[35m[HTTP]&amp#27;[39m &amp#27;[37m<-- POST /wd/hub/session/9ad58081-1fb1-4d15-80ce-e759d4eceebf/element &amp#27;[39m&amp#27;[32m200&amp#27;[39m &amp#27;[90m621 ms - 137&amp#27;[39m
&amp#27;[35m[HTTP]&amp#27;[39m &amp#27;[90m&amp#27;[39m
&amp#27;[35m[HTTP]&amp#27;[39m &amp#27;[37m-->&amp#27;[39m &amp#27;[37mPOST&amp#27;[39m &amp#27;[37m/wd/hub/session/9ad58081-1fb1-4d15-80ce-e759d4eceebf/element/4f92c929-4fa9-412a-af37-99f6a8fd8c30/click&amp#27;[39m
&amp#27;[35m[HTTP]&amp#27;[39m &amp#27;[90m{"id":"4f92c929-4fa9-412a-af37-99f6a8fd8c30"}&amp#27;[39m
[debug] &amp#27;[35m[W3C (9ad58081)]&amp#27;[39m Calling AppiumDriver.click() with args: ["4f92c929-4fa9-412a-af37-99f6a8fd8c30","9ad58081-1fb1-4d15-80ce-e759d4eceebf"]
[debug] &amp#27;[35m[WD Proxy]&amp#27;[39m Matched '/element/4f92c929-4fa9-412a-af37-99f6a8fd8c30/click' to command name 'click'
[debug] &amp#27;[35m[WD Proxy]&amp#27;[39m Proxying [POST /element/4f92c929-4fa9-412a-af37-99f6a8fd8c30/click] to [POST http://127.0.0.1:8202/wd/hub/session/309ecd4d-745f-4bb1-975d-019119a1d545/element/4f92c929-4fa9-412a-af37-99f6a8fd8c30/click] with body: {"element":"4f92c929-4fa9-412a-af37-99f6a8fd8c30"}
[debug] &amp#27;[35m[WD Proxy]&amp#27;[39m Got response with status 200: {"sessionId":"309ecd4d-745f-4bb1-975d-019119a1d545","value":null}
[debug] &amp#27;[35m[W3C (9ad58081)]&amp#27;[39m Responding to client with driver.click() result: null
&amp#27;[35m[HTTP]&amp#27;[39m &amp#27;[37m<-- POST /wd/hub/session/9ad58081-1fb1-4d15-80ce-e759d4eceebf/element/4f92c929-4fa9-412a-af37-99f6a8fd8c30/click &amp#27;[39m&amp#27;[32m200&amp#27;[39m &amp#27;[90m92 ms - 14&amp#27;[39m
&amp#27;[35m[HTTP]&amp#27;[39m &amp#27;[90m&amp#27;[39m
&amp#27;[35m[HTTP]&amp#27;[39m &amp#27;[37m-->&amp#27;[39m &amp#27;[37mGET&amp#27;[39m &amp#27;[37m/wd/hub/session/9ad58081-1fb1-4d15-80ce-e759d4eceebf&amp#27;[39m
&amp#27;[35m[HTTP]&amp#27;[39m &amp#27;[90m{}&amp#27;[39m
[debug] &amp#27;[35m[W3C (9ad58081)]&amp#27;[39m Calling AppiumDriver.getSession() with args: ["9ad58081-1fb1-4d15-80ce-e759d4eceebf"]
[debug] &amp#27;[35m[UiAutomator2]&amp#27;[39m Getting session details from server to mix in
[debug] &amp#27;[35m[WD Proxy]&amp#27;[39m Matched '/' to command name 'getSession'
[debug] &amp#27;[35m[WD Proxy]&amp#27;[39m Proxying [GET /] to [GET http://127.0.0.1:8202/wd/hub/session/309ecd4d-745f-4bb1-975d-019119a1d545] with no body
[debug] &amp#27;[35m[WD Proxy]&amp#27;[39m Got response with status 200: {"sessionId":"309ecd4d-745f-4bb1-975d-019119a1d545","value":{"lastScrollData":null}}
[debug] &amp#27;[35m[W3C (9ad58081)]&amp#27;[39m Responding to client with driver.getSession() result: {"platform":"LINUX","webStorageEnabled":false,"takesScreenshot":true,"javascriptEnabled":true,"databaseEnabled":false,"networkConnectionEnabled":true,"locationContextEnabled":false,"warnings":{},"desired":{"platformName":"android","app":"./Resourses/in.workindia.apk","appActivity":"in.workindia.nileshdungarwal.workindiaandroid.RegisterActivity","appPackage":"in.workindia.nileshdungarwal.workindiaandroid","deviceName":"emulator-5554","platformVersion":"8.1"},"platformName":"android","app":"./Resourses/in.workindia.apk","appActivity":"in.workindia.nileshdungarwal.workindiaandroid.RegisterActivity","appPackage":"in.workindia.nileshdungarwal.workindiaandroid","deviceName":"emulator-5554","platformVersion":"8.1.0","deviceUDID":"emulator-5554","deviceApiLevel":27,"deviceScreenSize":"1080x2160","deviceScreenDensity":440,"deviceModel":"Android SDK built for x86","deviceManufacturer":"Google","pixelRatio":2.75,"statBarHeight":66,"viewportRect":{"left":0,"top":66,"width":1080,"height":1962},"lastScrollData":null}
&amp#27;[35m[HTTP]&amp#27;[39m &amp#27;[37m<-- GET /wd/hub/session/9ad58081-1fb1-4d15-80ce-e759d4eceebf &amp#27;[39m&amp#27;[32m200&amp#27;[39m &amp#27;[90m27 ms - 1028&amp#27;[39m
&amp#27;[35m[HTTP]&amp#27;[39m &amp#27;[90m&amp#27;[39m
&amp#27;[35m[HTTP]&amp#27;[39m &amp#27;[37m-->&amp#27;[39m &amp#27;[37mPOST&amp#27;[39m &amp#27;[37m/wd/hub/session/9ad58081-1fb1-4d15-80ce-e759d4eceebf/element&amp#27;[39m
&amp#27;[35m[HTTP]&amp#27;[39m &amp#27;[90m{"using":"id","value":"in.workindia.nileshdungarwal.workindiaandroid:id/cb_hindi"}&amp#27;[39m
[debug] &amp#27;[35m[W3C (9ad58081)]&amp#27;[39m Calling AppiumDriver.findElement() with args: ["id","in.workindia.nileshdungarwal.workindiaandroid:id/cb_hindi","9ad58081-1fb1-4d15-80ce-e759d4eceebf"]
[debug] &amp#27;[35m[BaseDriver]&amp#27;[39m Valid locator strategies for this request: xpath, id, class name, accessibility id, css selector, -android uiautomator
[debug] &amp#27;[35m[BaseDriver]&amp#27;[39m Waiting up to 30000 ms for condition
[debug] &amp#27;[35m[WD Proxy]&amp#27;[39m Matched '/element' to command name 'findElement'
[debug] &amp#27;[35m[WD Proxy]&amp#27;[39m Proxying [POST /element] to [POST http://127.0.0.1:8202/wd/hub/session/309ecd4d-745f-4bb1-975d-019119a1d545/element] with body: {"strategy":"id","selector":"in.workindia.nileshdungarwal.workindiaandroid:id/cb_hindi","context":"","multiple":false}
[debug] &amp#27;[35m[WD Proxy]&amp#27;[39m Got response with status 200: {"sessionId":"309ecd4d-745f-4bb1-975d-019119a1d545","value":{"ELEMENT":"b2e8e5fa-e31a-4c8c-809f-097d429e3f71","element-6066-11e4-a52e-4f735466cecf":"b2e8e5fa-e31a-4c8c-809f-097d429e3f71"}}
[debug] &amp#27;[35m[W3C (9ad58081)]&amp#27;[39m Responding to client with driver.findElement() result: {"element-6066-11e4-a52e-4f735466cecf":"b2e8e5fa-e31a-4c8c-809f-097d429e3f71","ELEMENT":"b2e8e5fa-e31a-4c8c-809f-097d429e3f71"}
&amp#27;[35m[HTTP]&amp#27;[39m &amp#27;[37m<-- POST /wd/hub/session/9ad58081-1fb1-4d15-80ce-e759d4eceebf/element &amp#27;[39m&amp#27;[32m200&amp#27;[39m &amp#27;[90m86 ms - 137&amp#27;[39m
&amp#27;[35m[HTTP]&amp#27;[39m &amp#27;[90m&amp#27;[39m
&amp#27;[35m[HTTP]&amp#27;[39m &amp#27;[37m-->&amp#27;[39m &amp#27;[37mPOST&amp#27;[39m &amp#27;[37m/wd/hub/session/9ad58081-1fb1-4d15-80ce-e759d4eceebf/element/b2e8e5fa-e31a-4c8c-809f-097d429e3f71/click&amp#27;[39m
&amp#27;[35m[HTTP]&amp#27;[39m &amp#27;[90m{"id":"b2e8e5fa-e31a-4c8c-809f-097d429e3f71"}&amp#27;[39m
[debug] &amp#27;[35m[W3C (9ad58081)]&amp#27;[39m Calling AppiumDriver.click() with args: ["b2e8e5fa-e31a-4c8c-809f-097d429e3f71","9ad58081-1fb1-4d15-80ce-e759d4eceebf"]
[debug] &amp#27;[35m[WD Proxy]&amp#27;[39m Matched '/element/b2e8e5fa-e31a-4c8c-809f-097d429e3f71/click' to command name 'click'
[debug] &amp#27;[35m[WD Proxy]&amp#27;[39m Proxying [POST /element/b2e8e5fa-e31a-4c8c-809f-097d429e3f71/click] to [POST http://127.0.0.1:8202/wd/hub/session/309ecd4d-745f-4bb1-975d-019119a1d545/element/b2e8e5fa-e31a-4c8c-809f-097d429e3f71/click] with body: {"element":"b2e8e5fa-e31a-4c8c-809f-097d429e3f71"}
[debug] &amp#27;[35m[WD Proxy]&amp#27;[39m Got response with status 200: {"sessionId":"309ecd4d-745f-4bb1-975d-019119a1d545","value":null}
[debug] &amp#27;[35m[W3C (9ad58081)]&amp#27;[39m Responding to client with driver.click() result: null
&amp#27;[35m[HTTP]&amp#27;[39m &amp#27;[37m<-- POST /wd/hub/session/9ad58081-1fb1-4d15-80ce-e759d4eceebf/element/b2e8e5fa-e31a-4c8c-809f-097d429e3f71/click &amp#27;[39m&amp#27;[32m200&amp#27;[39m &amp#27;[90m1150 ms - 14&amp#27;[39m
&amp#27;[35m[HTTP]&amp#27;[39m &amp#27;[90m&amp#27;[39m
&amp#27;[35m[HTTP]&amp#27;[39m &amp#27;[37m-->&amp#27;[39m &amp#27;[37mGET&amp#27;[39m &amp#27;[37m/wd/hub/session/9ad58081-1fb1-4d15-80ce-e759d4eceebf&amp#27;[39m
&amp#27;[35m[HTTP]&amp#27;[39m &amp#27;[90m{}&amp#27;[39m
[debug] &amp#27;[35m[W3C (9ad58081)]&amp#27;[39m Calling AppiumDriver.getSession() with args: ["9ad58081-1fb1-4d15-80ce-e759d4eceebf"]
[debug] &amp#27;[35m[UiAutomator2]&amp#27;[39m Getting session details from server to mix in
[debug] &amp#27;[35m[WD Proxy]&amp#27;[39m Matched '/' to command name 'getSession'
[debug] &amp#27;[35m[WD Proxy]&amp#27;[39m Proxying [GET /] to [GET http://127.0.0.1:8202/wd/hub/session/309ecd4d-745f-4bb1-975d-019119a1d545] with no body
[debug] &amp#27;[35m[WD Proxy]&amp#27;[39m Got response with status 200: {"sessionId":"309ecd4d-745f-4bb1-975d-019119a1d545","value":{"lastScrollData":null}}
[debug] &amp#27;[35m[W3C (9ad58081)]&amp#27;[39m Responding to client with driver.getSession() result: {"platform":"LINUX","webStorageEnabled":false,"takesScreenshot":true,"javascriptEnabled":true,"databaseEnabled":false,"networkConnectionEnabled":true,"locationContextEnabled":false,"warnings":{},"desired":{"platformName":"android","app":"./Resourses/in.workindia.apk","appActivity":"in.workindia.nileshdungarwal.workindiaandroid.RegisterActivity","appPackage":"in.workindia.nileshdungarwal.workindiaandroid","deviceName":"emulator-5554","platformVersion":"8.1"},"platformName":"android","app":"./Resourses/in.workindia.apk","appActivity":"in.workindia.nileshdungarwal.workindiaandroid.RegisterActivity","appPackage":"in.workindia.nileshdungarwal.workindiaandroid","deviceName":"emulator-5554","platformVersion":"8.1.0","deviceUDID":"emulator-5554","deviceApiLevel":27,"deviceScreenSize":"1080x2160","deviceScreenDensity":440,"deviceModel":"Android SDK built for x86","deviceManufacturer":"Google","pixelRatio":2.75,"statBarHeight":66,"viewportRect":{"left":0,"top":66,"width":1080,"height":1962},"lastScrollData":null}
&amp#27;[35m[HTTP]&amp#27;[39m &amp#27;[37m<-- GET /wd/hub/session/9ad58081-1fb1-4d15-80ce-e759d4eceebf &amp#27;[39m&amp#27;[32m200&amp#27;[39m &amp#27;[90m57 ms - 1028&amp#27;[39m
&amp#27;[35m[HTTP]&amp#27;[39m &amp#27;[90m&amp#27;[39m
&amp#27;[35m[HTTP]&amp#27;[39m &amp#27;[37m-->&amp#27;[39m &amp#27;[37mGET&amp#27;[39m &amp#27;[37m/wd/hub/session/9ad58081-1fb1-4d15-80ce-e759d4eceebf&amp#27;[39m
&amp#27;[35m[HTTP]&amp#27;[39m &amp#27;[90m{}&amp#27;[39m
[debug] &amp#27;[35m[W3C (9ad58081)]&amp#27;[39m Calling AppiumDriver.getSession() with args: ["9ad58081-1fb1-4d15-80ce-e759d4eceebf"]
[debug] &amp#27;[35m[UiAutomator2]&amp#27;[39m Getting session details from server to mix in
[debug] &amp#27;[35m[WD Proxy]&amp#27;[39m Matched '/' to command name 'getSession'
[debug] &amp#27;[35m[WD Proxy]&amp#27;[39m Proxying [GET /] to [GET http://127.0.0.1:8202/wd/hub/session/309ecd4d-745f-4bb1-975d-019119a1d545] with no body
[debug] &amp#27;[35m[WD Proxy]&amp#27;[39m Got response with status 200: {"sessionId":"309ecd4d-745f-4bb1-975d-019119a1d545","value":{"lastScrollData":null}}
[debug] &amp#27;[35m[W3C (9ad58081)]&amp#27;[39m Responding to client with driver.getSession() result: {"platform":"LINUX","webStorageEnabled":false,"takesScreenshot":true,"javascriptEnabled":true,"databaseEnabled":false,"networkConnectionEnabled":true,"locationContextEnabled":false,"warnings":{},"desired":{"platformName":"android","app":"./Resourses/in.workindia.apk","appActivity":"in.workindia.nileshdungarwal.workindiaandroid.RegisterActivity","appPackage":"in.workindia.nileshdungarwal.workindiaandroid","deviceName":"emulator-5554","platformVersion":"8.1"},"platformName":"android","app":"./Resourses/in.workindia.apk","appActivity":"in.workindia.nileshdungarwal.workindiaandroid.RegisterActivity","appPackage":"in.workindia.nileshdungarwal.workindiaandroid","deviceName":"emulator-5554","platformVersion":"8.1.0","deviceUDID":"emulator-5554","deviceApiLevel":27,"deviceScreenSize":"1080x2160","deviceScreenDensity":440,"deviceModel":"Android SDK built for x86","deviceManufacturer":"Google","pixelRatio":2.75,"statBarHeight":66,"viewportRect":{"left":0,"top":66,"width":1080,"height":1962},"lastScrollData":null}
&amp#27;[35m[HTTP]&amp#27;[39m &amp#27;[37m<-- GET /wd/hub/session/9ad58081-1fb1-4d15-80ce-e759d4eceebf &amp#27;[39m&amp#27;[32m200&amp#27;[39m &amp#27;[90m17 ms - 1028&amp#27;[39m
&amp#27;[35m[HTTP]&amp#27;[39m &amp#27;[90m&amp#27;[39m
&amp#27;[35m[HTTP]&amp#27;[39m &amp#27;[37m-->&amp#27;[39m &amp#27;[37mGET&amp#27;[39m &amp#27;[37m/wd/hub/session/9ad58081-1fb1-4d15-80ce-e759d4eceebf&amp#27;[39m
&amp#27;[35m[HTTP]&amp#27;[39m &amp#27;[90m{}&amp#27;[39m
[debug] &amp#27;[35m[W3C (9ad58081)]&amp#27;[39m Calling AppiumDriver.getSession() with args: ["9ad58081-1fb1-4d15-80ce-e759d4eceebf"]
[debug] &amp#27;[35m[UiAutomator2]&amp#27;[39m Getting session details from server to mix in
[debug] &amp#27;[35m[WD Proxy]&amp#27;[39m Matched '/' to command name 'getSession'
[debug] &amp#27;[35m[WD Proxy]&amp#27;[39m Proxying [GET /] to [GET http://127.0.0.1:8202/wd/hub/session/309ecd4d-745f-4bb1-975d-019119a1d545] with no body
[debug] &amp#27;[35m[WD Proxy]&amp#27;[39m Got response with status 200: {"sessionId":"309ecd4d-745f-4bb1-975d-019119a1d545","value":{"lastScrollData":null}}
[debug] &amp#27;[35m[W3C (9ad58081)]&amp#27;[39m Responding to client with driver.getSession() result: {"platform":"LINUX","webStorageEnabled":false,"takesScreenshot":true,"javascriptEnabled":true,"databaseEnabled":false,"networkConnectionEnabled":true,"locationContextEnabled":false,"warnings":{},"desired":{"platformName":"android","app":"./Resourses/in.workindia.apk","appActivity":"in.workindia.nileshdungarwal.workindiaandroid.RegisterActivity","appPackage":"in.workindia.nileshdungarwal.workindiaandroid","deviceName":"emulator-5554","platformVersion":"8.1"},"platformName":"android","app":"./Resourses/in.workindia.apk","appActivity":"in.workindia.nileshdungarwal.workindiaandroid.RegisterActivity","appPackage":"in.workindia.nileshdungarwal.workindiaandroid","deviceName":"emulator-5554","platformVersion":"8.1.0","deviceUDID":"emulator-5554","deviceApiLevel":27,"deviceScreenSize":"1080x2160","deviceScreenDensity":440,"deviceModel":"Android SDK built for x86","deviceManufacturer":"Google","pixelRatio":2.75,"statBarHeight":66,"viewportRect":{"left":0,"top":66,"width":1080,"height":1962},"lastScrollData":null}
&amp#27;[35m[HTTP]&amp#27;[39m &amp#27;[37m<-- GET /wd/hub/session/9ad58081-1fb1-4d15-80ce-e759d4eceebf &amp#27;[39m&amp#27;[32m200&amp#27;[39m &amp#27;[90m14 ms - 1028&amp#27;[39m
&amp#27;[35m[HTTP]&amp#27;[39m &amp#27;[90m&amp#27;[39m
&amp#27;[35m[HTTP]&amp#27;[39m &amp#27;[37m-->&amp#27;[39m &amp#27;[37mPOST&amp#27;[39m &amp#27;[37m/wd/hub/session/9ad58081-1fb1-4d15-80ce-e759d4eceebf/element&amp#27;[39m
&amp#27;[35m[HTTP]&amp#27;[39m &amp#27;[90m{"using":"id","value":"in.workindia.nileshdungarwal.workindiaandroid:id/rg_eng_level_2"}&amp#27;[39m
[debug] &amp#27;[35m[W3C (9ad58081)]&amp#27;[39m Calling AppiumDriver.findElement() with args: ["id","in.workindia.nileshdungarwal.workindiaandroid:id/rg_eng_level_2","9ad58081-1fb1-4d15-80ce-e759d4eceebf"]
[debug] &amp#27;[35m[BaseDriver]&amp#27;[39m Valid locator strategies for this request: xpath, id, class name, accessibility id, css selector, -android uiautomator
[debug] &amp#27;[35m[BaseDriver]&amp#27;[39m Waiting up to 30000 ms for condition
[debug] &amp#27;[35m[WD Proxy]&amp#27;[39m Matched '/element' to command name 'findElement'
[debug] &amp#27;[35m[WD Proxy]&amp#27;[39m Proxying [POST /element] to [POST http://127.0.0.1:8202/wd/hub/session/309ecd4d-745f-4bb1-975d-019119a1d545/element] with body: {"strategy":"id","selector":"in.workindia.nileshdungarwal.workindiaandroid:id/rg_eng_level_2","context":"","multiple":false}
[debug] &amp#27;[35m[WD Proxy]&amp#27;[39m Got response with status 200: {"sessionId":"309ecd4d-745f-4bb1-975d-019119a1d545","value":{"ELEMENT":"ea1f4bbe-895f-4813-b195-43a417b445c9","element-6066-11e4-a52e-4f735466cecf":"ea1f4bbe-895f-4813-b195-43a417b445c9"}}
[debug] &amp#27;[35m[W3C (9ad58081)]&amp#27;[39m Responding to client with driver.findElement() result: {"element-6066-11e4-a52e-4f735466cecf":"ea1f4bbe-895f-4813-b195-43a417b445c9","ELEMENT":"ea1f4bbe-895f-4813-b195-43a417b445c9"}
&amp#27;[35m[HTTP]&amp#27;[39m &amp#27;[37m<-- POST /wd/hub/session/9ad58081-1fb1-4d15-80ce-e759d4eceebf/element &amp#27;[39m&amp#27;[32m200&amp#27;[39m &amp#27;[90m36 ms - 137&amp#27;[39m
&amp#27;[35m[HTTP]&amp#27;[39m &amp#27;[90m&amp#27;[39m
&amp#27;[35m[HTTP]&amp#27;[39m &amp#27;[37m-->&amp#27;[39m &amp#27;[37mPOST&amp#27;[39m &amp#27;[37m/wd/hub/session/9ad58081-1fb1-4d15-80ce-e759d4eceebf/element/ea1f4bbe-895f-4813-b195-43a417b445c9/click&amp#27;[39m
&amp#27;[35m[HTTP]&amp#27;[39m &amp#27;[90m{"id":"ea1f4bbe-895f-4813-b195-43a417b445c9"}&amp#27;[39m
[debug] &amp#27;[35m[W3C (9ad58081)]&amp#27;[39m Calling AppiumDriver.click() with args: ["ea1f4bbe-895f-4813-b195-43a417b445c9","9ad58081-1fb1-4d15-80ce-e759d4eceebf"]
[debug] &amp#27;[35m[WD Proxy]&amp#27;[39m Matched '/element/ea1f4bbe-895f-4813-b195-43a417b445c9/click' to command name 'click'
[debug] &amp#27;[35m[WD Proxy]&amp#27;[39m Proxying [POST /element/ea1f4bbe-895f-4813-b195-43a417b445c9/click] to [POST http://127.0.0.1:8202/wd/hub/session/309ecd4d-745f-4bb1-975d-019119a1d545/element/ea1f4bbe-895f-4813-b195-43a417b445c9/click] with body: {"element":"ea1f4bbe-895f-4813-b195-43a417b445c9"}
[debug] &amp#27;[35m[WD Proxy]&amp#27;[39m Got response with status 200: {"sessionId":"309ecd4d-745f-4bb1-975d-019119a1d545","value":null}
[debug] &amp#27;[35m[W3C (9ad58081)]&amp#27;[39m Responding to client with driver.click() result: null
&amp#27;[35m[HTTP]&amp#27;[39m &amp#27;[37m<-- POST /wd/hub/session/9ad58081-1fb1-4d15-80ce-e759d4eceebf/element/ea1f4bbe-895f-4813-b195-43a417b445c9/click &amp#27;[39m&amp#27;[32m200&amp#27;[39m &amp#27;[90m22 ms - 14&amp#27;[39m
&amp#27;[35m[HTTP]&amp#27;[39m &amp#27;[90m&amp#27;[39m
&amp#27;[35m[HTTP]&amp#27;[39m &amp#27;[37m-->&amp#27;[39m &amp#27;[37mGET&amp#27;[39m &amp#27;[37m/wd/hub/session/9ad58081-1fb1-4d15-80ce-e759d4eceebf&amp#27;[39m
&amp#27;[35m[HTTP]&amp#27;[39m &amp#27;[90m{}&amp#27;[39m
[debug] &amp#27;[35m[W3C (9ad58081)]&amp#27;[39m Calling AppiumDriver.getSession() with args: ["9ad58081-1fb1-4d15-80ce-e759d4eceebf"]
[debug] &amp#27;[35m[UiAutomator2]&amp#27;[39m Getting session details from server to mix in
[debug] &amp#27;[35m[WD Proxy]&amp#27;[39m Matched '/' to command name 'getSession'
[debug] &amp#27;[35m[WD Proxy]&amp#27;[39m Proxying [GET /] to [GET http://127.0.0.1:8202/wd/hub/session/309ecd4d-745f-4bb1-975d-019119a1d545] with no body
[debug] &amp#27;[35m[WD Proxy]&amp#27;[39m Got response with status 200: {"sessionId":"309ecd4d-745f-4bb1-975d-019119a1d545","value":{"lastScrollData":null}}
[debug] &amp#27;[35m[W3C (9ad58081)]&amp#27;[39m Responding to client with driver.getSession() result: {"platform":"LINUX","webStorageEnabled":false,"takesScreenshot":true,"javascriptEnabled":true,"databaseEnabled":false,"networkConnectionEnabled":true,"locationContextEnabled":false,"warnings":{},"desired":{"platformName":"android","app":"./Resourses/in.workindia.apk","appActivity":"in.workindia.nileshdungarwal.workindiaandroid.RegisterActivity","appPackage":"in.workindia.nileshdungarwal.workindiaandroid","deviceName":"emulator-5554","platformVersion":"8.1"},"platformName":"android","app":"./Resourses/in.workindia.apk","appActivity":"in.workindia.nileshdungarwal.workindiaandroid.RegisterActivity","appPackage":"in.workindia.nileshdungarwal.workindiaandroid","deviceName":"emulator-5554","platformVersion":"8.1.0","deviceUDID":"emulator-5554","deviceApiLevel":27,"deviceScreenSize":"1080x2160","deviceScreenDensity":440,"deviceModel":"Android SDK built for x86","deviceManufacturer":"Google","pixelRatio":2.75,"statBarHeight":66,"viewportRect":{"left":0,"top":66,"width":1080,"height":1962},"lastScrollData":null}
&amp#27;[35m[HTTP]&amp#27;[39m &amp#27;[37m<-- GET /wd/hub/session/9ad58081-1fb1-4d15-80ce-e759d4eceebf &amp#27;[39m&amp#27;[32m200&amp#27;[39m &amp#27;[90m22 ms - 1028&amp#27;[39m
&amp#27;[35m[HTTP]&amp#27;[39m &amp#27;[90m&amp#27;[39m
&amp#27;[35m[HTTP]&amp#27;[39m &amp#27;[37m-->&amp#27;[39m &amp#27;[37mGET&amp#27;[39m &amp#27;[37m/wd/hub/session/9ad58081-1fb1-4d15-80ce-e759d4eceebf&amp#27;[39m
&amp#27;[35m[HTTP]&amp#27;[39m &amp#27;[90m{}&amp#27;[39m
[debug] &amp#27;[35m[W3C (9ad58081)]&amp#27;[39m Calling AppiumDriver.getSession() with args: ["9ad58081-1fb1-4d15-80ce-e759d4eceebf"]
[debug] &amp#27;[35m[UiAutomator2]&amp#27;[39m Getting session details from server to mix in
[debug] &amp#27;[35m[WD Proxy]&amp#27;[39m Matched '/' to command name 'getSession'
[debug] &amp#27;[35m[WD Proxy]&amp#27;[39m Proxying [GET /] to [GET http://127.0.0.1:8202/wd/hub/session/309ecd4d-745f-4bb1-975d-019119a1d545] with no body
[debug] &amp#27;[35m[WD Proxy]&amp#27;[39m Got response with status 200: {"sessionId":"309ecd4d-745f-4bb1-975d-019119a1d545","value":{"lastScrollData":null}}
[debug] &amp#27;[35m[W3C (9ad58081)]&amp#27;[39m Responding to client with driver.getSession() result: {"platform":"LINUX","webStorageEnabled":false,"takesScreenshot":true,"javascriptEnabled":true,"databaseEnabled":false,"networkConnectionEnabled":true,"locationContextEnabled":false,"warnings":{},"desired":{"platformName":"android","app":"./Resourses/in.workindia.apk","appActivity":"in.workindia.nileshdungarwal.workindiaandroid.RegisterActivity","appPackage":"in.workindia.nileshdungarwal.workindiaandroid","deviceName":"emulator-5554","platformVersion":"8.1"},"platformName":"android","app":"./Resourses/in.workindia.apk","appActivity":"in.workindia.nileshdungarwal.workindiaandroid.RegisterActivity","appPackage":"in.workindia.nileshdungarwal.workindiaandroid","deviceName":"emulator-5554","platformVersion":"8.1.0","deviceUDID":"emulator-5554","deviceApiLevel":27,"deviceScreenSize":"1080x2160","deviceScreenDensity":440,"deviceModel":"Android SDK built for x86","deviceManufacturer":"Google","pixelRatio":2.75,"statBarHeight":66,"viewportRect":{"left":0,"top":66,"width":1080,"height":1962},"lastScrollData":null}
&amp#27;[35m[HTTP]&amp#27;[39m &amp#27;[37m<-- GET /wd/hub/session/9ad58081-1fb1-4d15-80ce-e759d4eceebf &amp#27;[39m&amp#27;[32m200&amp#27;[39m &amp#27;[90m15 ms - 1028&amp#27;[39m
&amp#27;[35m[HTTP]&amp#27;[39m &amp#27;[90m&amp#27;[39m
&amp#27;[35m[HTTP]&amp#27;[39m &amp#27;[37m-->&amp#27;[39m &amp#27;[37mGET&amp#27;[39m &amp#27;[37m/wd/hub/session/9ad58081-1fb1-4d15-80ce-e759d4eceebf/window/rect&amp#27;[39m
&amp#27;[35m[HTTP]&amp#27;[39m &amp#27;[90m{}&amp#27;[39m
[debug] &amp#27;[35m[W3C (9ad58081)]&amp#27;[39m Calling AppiumDriver.getWindowRect() with args: ["9ad58081-1fb1-4d15-80ce-e759d4eceebf"]
[debug] &amp#27;[35m[WD Proxy]&amp#27;[39m Matched '/window/current/size' to command name 'getWindowSize'
[debug] &amp#27;[35m[WD Proxy]&amp#27;[39m Proxying [GET /window/current/size] to [GET http://127.0.0.1:8202/wd/hub/session/309ecd4d-745f-4bb1-975d-019119a1d545/window/current/size] with no body
[debug] &amp#27;[35m[WD Proxy]&amp#27;[39m Got response with status 200: {"sessionId":"309ecd4d-745f-4bb1-975d-019119a1d545","value":{"height":2028,"width":1080}}
[debug] &amp#27;[35m[W3C (9ad58081)]&amp#27;[39m Responding to client with driver.getWindowRect() result: {"width":1080,"height":2028,"x":0,"y":0}
&amp#27;[35m[HTTP]&amp#27;[39m &amp#27;[37m<-- GET /wd/hub/session/9ad58081-1fb1-4d15-80ce-e759d4eceebf/window/rect &amp#27;[39m&amp#27;[32m200&amp#27;[39m &amp#27;[90m36 ms - 50&amp#27;[39m
&amp#27;[35m[HTTP]&amp#27;[39m &amp#27;[90m&amp#27;[39m
&amp#27;[35m[HTTP]&amp#27;[39m &amp#27;[37m-->&amp#27;[39m &amp#27;[37mPOST&amp#27;[39m &amp#27;[37m/wd/hub/session/9ad58081-1fb1-4d15-80ce-e759d4eceebf/touch/perform&amp#27;[39m
&amp#27;[35m[HTTP]&amp#27;[39m &amp#27;[90m{"actions":[{"action":"press","options":{"x":540,"y":1419}},{"action":"wait","options":{"ms":1000}},{"action":"moveTo","options":{"x":540,"y":202}},{"action":"release","options":{}}]}&amp#27;[39m
[debug] &amp#27;[35m[W3C (9ad58081)]&amp#27;[39m Calling AppiumDriver.performTouch() with args: [[{"action":"press","options":{"x":540,"y":1419}},{"action":"wait","options":{"ms":1000}},{"action":"moveTo","options":{"x":540,"y":202}},{"action":"release","options":{}}],"9ad58081-1fb1-4d15-80ce-e759d4eceebf"]
[debug] &amp#27;[35m[WD Proxy]&amp#27;[39m Matched '/touch/perform' to command name 'performTouch'
[debug] &amp#27;[35m[WD Proxy]&amp#27;[39m Proxying [POST /touch/perform] to [POST http://127.0.0.1:8202/wd/hub/session/309ecd4d-745f-4bb1-975d-019119a1d545/touch/perform] with body: {"startX":540,"startY":1419,"endX":540,"endY":202,"steps":28}
[debug] &amp#27;[35m[WD Proxy]&amp#27;[39m Got response with status 200: {"sessionId":"309ecd4d-745f-4bb1-975d-019119a1d545","value":null}
[debug] &amp#27;[35m[W3C (9ad58081)]&amp#27;[39m Responding to client with driver.performTouch() result: null
&amp#27;[35m[HTTP]&amp#27;[39m &amp#27;[37m<-- POST /wd/hub/session/9ad58081-1fb1-4d15-80ce-e759d4eceebf/touch/perform &amp#27;[39m&amp#27;[32m200&amp#27;[39m &amp#27;[90m1425 ms - 14&amp#27;[39m
&amp#27;[35m[HTTP]&amp#27;[39m &amp#27;[90m&amp#27;[39m
&amp#27;[35m[HTTP]&amp#27;[39m &amp#27;[37m-->&amp#27;[39m &amp#27;[37mGET&amp#27;[39m &amp#27;[37m/wd/hub/session/9ad58081-1fb1-4d15-80ce-e759d4eceebf&amp#27;[39m
&amp#27;[35m[HTTP]&amp#27;[39m &amp#27;[90m{}&amp#27;[39m
[debug] &amp#27;[35m[W3C (9ad58081)]&amp#27;[39m Calling AppiumDriver.getSession() with args: ["9ad58081-1fb1-4d15-80ce-e759d4eceebf"]
[debug] &amp#27;[35m[UiAutomator2]&amp#27;[39m Getting session details from server to mix in
[debug] &amp#27;[35m[WD Proxy]&amp#27;[39m Matched '/' to command name 'getSession'
[debug] &amp#27;[35m[WD Proxy]&amp#27;[39m Proxying [GET /] to [GET http://127.0.0.1:8202/wd/hub/session/309ecd4d-745f-4bb1-975d-019119a1d545] with no body
[debug] &amp#27;[35m[WD Proxy]&amp#27;[39m Got response with status 200: {"sessionId":"309ecd4d-745f-4bb1-975d-019119a1d545","value":{"lastScrollData":{"toIndex":-1,"maxScrollY":2299,"maxScrollX":0,"scrollY":1633,"scrollX":0,"fromIndex":-1,"itemCount":-1}}}
[debug] &amp#27;[35m[W3C (9ad58081)]&amp#27;[39m Responding to client with driver.getSession() result: {"platform":"LINUX","webStorageEnabled":false,"takesScreenshot":true,"javascriptEnabled":true,"databaseEnabled":false,"networkConnectionEnabled":true,"locationContextEnabled":false,"warnings":{},"desired":{"platformName":"android","app":"./Resourses/in.workindia.apk","appActivity":"in.workindia.nileshdungarwal.workindiaandroid.RegisterActivity","appPackage":"in.workindia.nileshdungarwal.workindiaandroid","deviceName":"emulator-5554","platformVersion":"8.1"},"platformName":"android","app":"./Resourses/in.workindia.apk","appActivity":"in.workindia.nileshdungarwal.workindiaandroid.RegisterActivity","appPackage":"in.workindia.nileshdungarwal.workindiaandroid","deviceName":"emulator-5554","platformVersion":"8.1.0","deviceUDID":"emulator-5554","deviceApiLevel":27,"deviceScreenSize":"1080x2160","deviceScreenDensity":440,"deviceModel":"Android SDK built for x86","deviceManufacturer":"Google","pixelRatio":2.75,"statBarHeight":66,"viewportRect":{"left":0,"top":66,"width":1080,"height":1962},"lastScrollData":{"toInde...
&amp#27;[35m[HTTP]&amp#27;[39m &amp#27;[37m<-- GET /wd/hub/session/9ad58081-1fb1-4d15-80ce-e759d4eceebf &amp#27;[39m&amp#27;[32m200&amp#27;[39m &amp#27;[90m25 ms - 1128&amp#27;[39m
&amp#27;[35m[HTTP]&amp#27;[39m &amp#27;[90m&amp#27;[39m
&amp#27;[35m[HTTP]&amp#27;[39m &amp#27;[37m-->&amp#27;[39m &amp#27;[37mGET&amp#27;[39m &amp#27;[37m/wd/hub/session/9ad58081-1fb1-4d15-80ce-e759d4eceebf&amp#27;[39m
&amp#27;[35m[HTTP]&amp#27;[39m &amp#27;[90m{}&amp#27;[39m
[debug] &amp#27;[35m[W3C (9ad58081)]&amp#27;[39m Calling AppiumDriver.getSession() with args: ["9ad58081-1fb1-4d15-80ce-e759d4eceebf"]
[debug] &amp#27;[35m[UiAutomator2]&amp#27;[39m Getting session details from server to mix in
[debug] &amp#27;[35m[WD Proxy]&amp#27;[39m Matched '/' to command name 'getSession'
[debug] &amp#27;[35m[WD Proxy]&amp#27;[39m Proxying [GET /] to [GET http://127.0.0.1:8202/wd/hub/session/309ecd4d-745f-4bb1-975d-019119a1d545] with no body
[debug] &amp#27;[35m[WD Proxy]&amp#27;[39m Got response with status 200: {"sessionId":"309ecd4d-745f-4bb1-975d-019119a1d545","value":{"lastScrollData":{"toIndex":-1,"maxScrollY":2299,"maxScrollX":0,"scrollY":1633,"scrollX":0,"fromIndex":-1,"itemCount":-1}}}
[debug] &amp#27;[35m[W3C (9ad58081)]&amp#27;[39m Responding to client with driver.getSession() result: {"platform":"LINUX","webStorageEnabled":false,"takesScreenshot":true,"javascriptEnabled":true,"databaseEnabled":false,"networkConnectionEnabled":true,"locationContextEnabled":false,"warnings":{},"desired":{"platformName":"android","app":"./Resourses/in.workindia.apk","appActivity":"in.workindia.nileshdungarwal.workindiaandroid.RegisterActivity","appPackage":"in.workindia.nileshdungarwal.workindiaandroid","deviceName":"emulator-5554","platformVersion":"8.1"},"platformName":"android","app":"./Resourses/in.workindia.apk","appActivity":"in.workindia.nileshdungarwal.workindiaandroid.RegisterActivity","appPackage":"in.workindia.nileshdungarwal.workindiaandroid","deviceName":"emulator-5554","platformVersion":"8.1.0","deviceUDID":"emulator-5554","deviceApiLevel":27,"deviceScreenSize":"1080x2160","deviceScreenDensity":440,"deviceModel":"Android SDK built for x86","deviceManufacturer":"Google","pixelRatio":2.75,"statBarHeight":66,"viewportRect":{"left":0,"top":66,"width":1080,"height":1962},"lastScrollData":{"toInde...
&amp#27;[35m[HTTP]&amp#27;[39m &amp#27;[37m<-- GET /wd/hub/session/9ad58081-1fb1-4d15-80ce-e759d4eceebf &amp#27;[39m&amp#27;[32m200&amp#27;[39m &amp#27;[90m38 ms - 1128&amp#27;[39m
&amp#27;[35m[HTTP]&amp#27;[39m &amp#27;[90m&amp#27;[39m
&amp#27;[35m[HTTP]&amp#27;[39m &amp#27;[37m-->&amp#27;[39m &amp#27;[37mGET&amp#27;[39m &amp#27;[37m/wd/hub/session/9ad58081-1fb1-4d15-80ce-e759d4eceebf&amp#27;[39m
&amp#27;[35m[HTTP]&amp#27;[39m &amp#27;[90m{}&amp#27;[39m
[debug] &amp#27;[35m[W3C (9ad58081)]&amp#27;[39m Calling AppiumDriver.getSession() with args: ["9ad58081-1fb1-4d15-80ce-e759d4eceebf"]
[debug] &amp#27;[35m[UiAutomator2]&amp#27;[39m Getting session details from server to mix in
[debug] &amp#27;[35m[WD Proxy]&amp#27;[39m Matched '/' to command name 'getSession'
[debug] &amp#27;[35m[WD Proxy]&amp#27;[39m Proxying [GET /] to [GET http://127.0.0.1:8202/wd/hub/session/309ecd4d-745f-4bb1-975d-019119a1d545] with no body
[debug] &amp#27;[35m[WD Proxy]&amp#27;[39m Got response with status 200: {"sessionId":"309ecd4d-745f-4bb1-975d-019119a1d545","value":{"lastScrollData":{"toIndex":-1,"maxScrollY":2299,"maxScrollX":0,"scrollY":1633,"scrollX":0,"fromIndex":-1,"itemCount":-1}}}
[debug] &amp#27;[35m[W3C (9ad58081)]&amp#27;[39m Responding to client with driver.getSession() result: {"platform":"LINUX","webStorageEnabled":false,"takesScreenshot":true,"javascriptEnabled":true,"databaseEnabled":false,"networkConnectionEnabled":true,"locationContextEnabled":false,"warnings":{},"desired":{"platformName":"android","app":"./Resourses/in.workindia.apk","appActivity":"in.workindia.nileshdungarwal.workindiaandroid.RegisterActivity","appPackage":"in.workindia.nileshdungarwal.workindiaandroid","deviceName":"emulator-5554","platformVersion":"8.1"},"platformName":"android","app":"./Resourses/in.workindia.apk","appActivity":"in.workindia.nileshdungarwal.workindiaandroid.RegisterActivity","appPackage":"in.workindia.nileshdungarwal.workindiaandroid","deviceName":"emulator-5554","platformVersion":"8.1.0","deviceUDID":"emulator-5554","deviceApiLevel":27,"deviceScreenSize":"1080x2160","deviceScreenDensity":440,"deviceModel":"Android SDK built for x86","deviceManufacturer":"Google","pixelRatio":2.75,"statBarHeight":66,"viewportRect":{"left":0,"top":66,"width":1080,"height":1962},"lastScrollData":{"toInde...
&amp#27;[35m[HTTP]&amp#27;[39m &amp#27;[37m<-- GET /wd/hub/session/9ad58081-1fb1-4d15-80ce-e759d4eceebf &amp#27;[39m&amp#27;[32m200&amp#27;[39m &amp#27;[90m25 ms - 1128&amp#27;[39m
&amp#27;[35m[HTTP]&amp#27;[39m &amp#27;[90m&amp#27;[39m
&amp#27;[35m[HTTP]&amp#27;[39m &amp#27;[37m-->&amp#27;[39m &amp#27;[37mPOST&amp#27;[39m &amp#27;[37m/wd/hub/session/9ad58081-1fb1-4d15-80ce-e759d4eceebf/element&amp#27;[39m
&amp#27;[35m[HTTP]&amp#27;[39m &amp#27;[90m{"using":"id","value":"in.workindia.nileshdungarwal.workindiaandroid:id/cb_fresher"}&amp#27;[39m
[debug] &amp#27;[35m[W3C (9ad58081)]&amp#27;[39m Calling AppiumDriver.findElement() with args: ["id","in.workindia.nileshdungarwal.workindiaandroid:id/cb_fresher","9ad58081-1fb1-4d15-80ce-e759d4eceebf"]
[debug] &amp#27;[35m[BaseDriver]&amp#27;[39m Valid locator strategies for this request: xpath, id, class name, accessibility id, css selector, -android uiautomator
[debug] &amp#27;[35m[BaseDriver]&amp#27;[39m Waiting up to 30000 ms for condition
[debug] &amp#27;[35m[WD Proxy]&amp#27;[39m Matched '/element' to command name 'findElement'
[debug] &amp#27;[35m[WD Proxy]&amp#27;[39m Proxying [POST /element] to [POST http://127.0.0.1:8202/wd/hub/session/309ecd4d-745f-4bb1-975d-019119a1d545/element] with body: {"strategy":"id","selector":"in.workindia.nileshdungarwal.workindiaandroid:id/cb_fresher","context":"","multiple":false}
[debug] &amp#27;[35m[WD Proxy]&amp#27;[39m Got response with status 200: {"sessionId":"309ecd4d-745f-4bb1-975d-019119a1d545","value":{"ELEMENT":"e60acd44-1392-4f97-8229-e8242ffcfb70","element-6066-11e4-a52e-4f735466cecf":"e60acd44-1392-4f97-8229-e8242ffcfb70"}}
[debug] &amp#27;[35m[W3C (9ad58081)]&amp#27;[39m Responding to client with driver.findElement() result: {"element-6066-11e4-a52e-4f735466cecf":"e60acd44-1392-4f97-8229-e8242ffcfb70","ELEMENT":"e60acd44-1392-4f97-8229-e8242ffcfb70"}
&amp#27;[35m[HTTP]&amp#27;[39m &amp#27;[37m<-- POST /wd/hub/session/9ad58081-1fb1-4d15-80ce-e759d4eceebf/element &amp#27;[39m&amp#27;[32m200&amp#27;[39m &amp#27;[90m168 ms - 137&amp#27;[39m
&amp#27;[35m[HTTP]&amp#27;[39m &amp#27;[90m&amp#27;[39m
&amp#27;[35m[HTTP]&amp#27;[39m &amp#27;[37m-->&amp#27;[39m &amp#27;[37mPOST&amp#27;[39m &amp#27;[37m/wd/hub/session/9ad58081-1fb1-4d15-80ce-e759d4eceebf/element/e60acd44-1392-4f97-8229-e8242ffcfb70/click&amp#27;[39m
&amp#27;[35m[HTTP]&amp#27;[39m &amp#27;[90m{"id":"e60acd44-1392-4f97-8229-e8242ffcfb70"}&amp#27;[39m
[debug] &amp#27;[35m[W3C (9ad58081)]&amp#27;[39m Calling AppiumDriver.click() with args: ["e60acd44-1392-4f97-8229-e8242ffcfb70","9ad58081-1fb1-4d15-80ce-e759d4eceebf"]
[debug] &amp#27;[35m[WD Proxy]&amp#27;[39m Matched '/element/e60acd44-1392-4f97-8229-e8242ffcfb70/click' to command name 'click'
[debug] &amp#27;[35m[WD Proxy]&amp#27;[39m Proxying [POST /element/e60acd44-1392-4f97-8229-e8242ffcfb70/click] to [POST http://127.0.0.1:8202/wd/hub/session/309ecd4d-745f-4bb1-975d-019119a1d545/element/e60acd44-1392-4f97-8229-e8242ffcfb70/click] with body: {"element":"e60acd44-1392-4f97-8229-e8242ffcfb70"}
[debug] &amp#27;[35m[WD Proxy]&amp#27;[39m Got response with status 200: {"sessionId":"309ecd4d-745f-4bb1-975d-019119a1d545","value":null}
[debug] &amp#27;[35m[W3C (9ad58081)]&amp#27;[39m Responding to client with driver.click() result: null
&amp#27;[35m[HTTP]&amp#27;[39m &amp#27;[37m<-- POST /wd/hub/session/9ad58081-1fb1-4d15-80ce-e759d4eceebf/element/e60acd44-1392-4f97-8229-e8242ffcfb70/click &amp#27;[39m&amp#27;[32m200&amp#27;[39m &amp#27;[90m106 ms - 14&amp#27;[39m
&amp#27;[35m[HTTP]&amp#27;[39m &amp#27;[90m&amp#27;[39m
&amp#27;[35m[HTTP]&amp#27;[39m &amp#27;[37m-->&amp#27;[39m &amp#27;[37mGET&amp#27;[39m &amp#27;[37m/wd/hub/session/9ad58081-1fb1-4d15-80ce-e759d4eceebf&amp#27;[39m
&amp#27;[35m[HTTP]&amp#27;[39m &amp#27;[90m{}&amp#27;[39m
[debug] &amp#27;[35m[W3C (9ad58081)]&amp#27;[39m Calling AppiumDriver.getSession() with args: ["9ad58081-1fb1-4d15-80ce-e759d4eceebf"]
[debug] &amp#27;[35m[UiAutomator2]&amp#27;[39m Getting session details from server to mix in
[debug] &amp#27;[35m[WD Proxy]&amp#27;[39m Matched '/' to command name 'getSession'
[debug] &amp#27;[35m[WD Proxy]&amp#27;[39m Proxying [GET /] to [GET http://127.0.0.1:8202/wd/hub/session/309ecd4d-745f-4bb1-975d-019119a1d545] with no body
[debug] &amp#27;[35m[WD Proxy]&amp#27;[39m Got response with status 200: {"sessionId":"309ecd4d-745f-4bb1-975d-019119a1d545","value":{"lastScrollData":{"toIndex":-1,"maxScrollY":2299,"maxScrollX":0,"scrollY":1633,"scrollX":0,"fromIndex":-1,"itemCount":-1}}}
[debug] &amp#27;[35m[W3C (9ad58081)]&amp#27;[39m Responding to client with driver.getSession() result: {"platform":"LINUX","webStorageEnabled":false,"takesScreenshot":true,"javascriptEnabled":true,"databaseEnabled":false,"networkConnectionEnabled":true,"locationContextEnabled":false,"warnings":{},"desired":{"platformName":"android","app":"./Resourses/in.workindia.apk","appActivity":"in.workindia.nileshdungarwal.workindiaandroid.RegisterActivity","appPackage":"in.workindia.nileshdungarwal.workindiaandroid","deviceName":"emulator-5554","platformVersion":"8.1"},"platformName":"android","app":"./Resourses/in.workindia.apk","appActivity":"in.workindia.nileshdungarwal.workindiaandroid.RegisterActivity","appPackage":"in.workindia.nileshdungarwal.workindiaandroid","deviceName":"emulator-5554","platformVersion":"8.1.0","deviceUDID":"emulator-5554","deviceApiLevel":27,"deviceScreenSize":"1080x2160","deviceScreenDensity":440,"deviceModel":"Android SDK built for x86","deviceManufacturer":"Google","pixelRatio":2.75,"statBarHeight":66,"viewportRect":{"left":0,"top":66,"width":1080,"height":1962},"lastScrollData":{"toInde...
&amp#27;[35m[HTTP]&amp#27;[39m &amp#27;[37m<-- GET /wd/hub/session/9ad58081-1fb1-4d15-80ce-e759d4eceebf &amp#27;[39m&amp#27;[32m200&amp#27;[39m &amp#27;[90m22 ms - 1128&amp#27;[39m
&amp#27;[35m[HTTP]&amp#27;[39m &amp#27;[90m&amp#27;[39m
&amp#27;[35m[HTTP]&amp#27;[39m &amp#27;[37m-->&amp#27;[39m &amp#27;[37mPOST&amp#27;[39m &amp#27;[37m/wd/hub/session/9ad58081-1fb1-4d15-80ce-e759d4eceebf/element&amp#27;[39m
&amp#27;[35m[HTTP]&amp#27;[39m &amp#27;[90m{"using":"id","value":"in.workindia.nileshdungarwal.workindiaandroid:id/et_age"}&amp#27;[39m
[debug] &amp#27;[35m[W3C (9ad58081)]&amp#27;[39m Calling AppiumDriver.findElement() with args: ["id","in.workindia.nileshdungarwal.workindiaandroid:id/et_age","9ad58081-1fb1-4d15-80ce-e759d4eceebf"]
[debug] &amp#27;[35m[BaseDriver]&amp#27;[39m Valid locator strategies for this request: xpath, id, class name, accessibility id, css selector, -android uiautomator
[debug] &amp#27;[35m[BaseDriver]&amp#27;[39m Waiting up to 30000 ms for condition
[debug] &amp#27;[35m[WD Proxy]&amp#27;[39m Matched '/element' to command name 'findElement'
[debug] &amp#27;[35m[WD Proxy]&amp#27;[39m Proxying [POST /element] to [POST http://127.0.0.1:8202/wd/hub/session/309ecd4d-745f-4bb1-975d-019119a1d545/element] with body: {"strategy":"id","selector":"in.workindia.nileshdungarwal.workindiaandroid:id/et_age","context":"","multiple":false}
[debug] &amp#27;[35m[WD Proxy]&amp#27;[39m Got response with status 200: {"sessionId":"309ecd4d-745f-4bb1-975d-019119a1d545","value":{"ELEMENT":"047fbe6a-c79d-49f3-8966-f413503ab768","element-6066-11e4-a52e-4f735466cecf":"047fbe6a-c79d-49f3-8966-f413503ab768"}}
[debug] &amp#27;[35m[W3C (9ad58081)]&amp#27;[39m Responding to client with driver.findElement() result: {"element-6066-11e4-a52e-4f735466cecf":"047fbe6a-c79d-49f3-8966-f413503ab768","ELEMENT":"047fbe6a-c79d-49f3-8966-f413503ab768"}
&amp#27;[35m[HTTP]&amp#27;[39m &amp#27;[37m<-- POST /wd/hub/session/9ad58081-1fb1-4d15-80ce-e759d4eceebf/element &amp#27;[39m&amp#27;[32m200&amp#27;[39m &amp#27;[90m493 ms - 137&amp#27;[39m
&amp#27;[35m[HTTP]&amp#27;[39m &amp#27;[90m&amp#27;[39m
&amp#27;[35m[HTTP]&amp#27;[39m &amp#27;[37m-->&amp#27;[39m &amp#27;[37mPOST&amp#27;[39m &amp#27;[37m/wd/hub/session/9ad58081-1fb1-4d15-80ce-e759d4eceebf/element/047fbe6a-c79d-49f3-8966-f413503ab768/click&amp#27;[39m
&amp#27;[35m[HTTP]&amp#27;[39m &amp#27;[90m{"id":"047fbe6a-c79d-49f3-8966-f413503ab768"}&amp#27;[39m
[debug] &amp#27;[35m[W3C (9ad58081)]&amp#27;[39m Calling AppiumDriver.click() with args: ["047fbe6a-c79d-49f3-8966-f413503ab768","9ad58081-1fb1-4d15-80ce-e759d4eceebf"]
[debug] &amp#27;[35m[WD Proxy]&amp#27;[39m Matched '/element/047fbe6a-c79d-49f3-8966-f413503ab768/click' to command name 'click'
[debug] &amp#27;[35m[WD Proxy]&amp#27;[39m Proxying [POST /element/047fbe6a-c79d-49f3-8966-f413503ab768/click] to [POST http://127.0.0.1:8202/wd/hub/session/309ecd4d-745f-4bb1-975d-019119a1d545/element/047fbe6a-c79d-49f3-8966-f413503ab768/click] with body: {"element":"047fbe6a-c79d-49f3-8966-f413503ab768"}
[debug] &amp#27;[35m[WD Proxy]&amp#27;[39m Got response with status 200: {"sessionId":"309ecd4d-745f-4bb1-975d-019119a1d545","value":null}
[debug] &amp#27;[35m[W3C (9ad58081)]&amp#27;[39m Responding to client with driver.click() result: null
&amp#27;[35m[HTTP]&amp#27;[39m &amp#27;[37m<-- POST /wd/hub/session/9ad58081-1fb1-4d15-80ce-e759d4eceebf/element/047fbe6a-c79d-49f3-8966-f413503ab768/click &amp#27;[39m&amp#27;[32m200&amp#27;[39m &amp#27;[90m39 ms - 14&amp#27;[39m
&amp#27;[35m[HTTP]&amp#27;[39m &amp#27;[90m&amp#27;[39m
&amp#27;[35m[HTTP]&amp#27;[39m &amp#27;[37m-->&amp#27;[39m &amp#27;[37mGET&amp#27;[39m &amp#27;[37m/wd/hub/session/9ad58081-1fb1-4d15-80ce-e759d4eceebf&amp#27;[39m
&amp#27;[35m[HTTP]&amp#27;[39m &amp#27;[90m{}&amp#27;[39m
[debug] &amp#27;[35m[W3C (9ad58081)]&amp#27;[39m Calling AppiumDriver.getSession() with args: ["9ad58081-1fb1-4d15-80ce-e759d4eceebf"]
[debug] &amp#27;[35m[UiAutomator2]&amp#27;[39m Getting session details from server to mix in
[debug] &amp#27;[35m[WD Proxy]&amp#27;[39m Matched '/' to command name 'getSession'
[debug] &amp#27;[35m[WD Proxy]&amp#27;[39m Proxying [GET /] to [GET http://127.0.0.1:8202/wd/hub/session/309ecd4d-745f-4bb1-975d-019119a1d545] with no body
[debug] &amp#27;[35m[WD Proxy]&amp#27;[39m Got response with status 200: {"sessionId":"309ecd4d-745f-4bb1-975d-019119a1d545","value":{"lastScrollData":{"toIndex":-1,"maxScrollY":2299,"maxScrollX":0,"scrollY":1633,"scrollX":0,"fromIndex":-1,"itemCount":-1}}}
[debug] &amp#27;[35m[W3C (9ad58081)]&amp#27;[39m Responding to client with driver.getSession() result: {"platform":"LINUX","webStorageEnabled":false,"takesScreenshot":true,"javascriptEnabled":true,"databaseEnabled":false,"networkConnectionEnabled":true,"locationContextEnabled":false,"warnings":{},"desired":{"platformName":"android","app":"./Resourses/in.workindia.apk","appActivity":"in.workindia.nileshdungarwal.workindiaandroid.RegisterActivity","appPackage":"in.workindia.nileshdungarwal.workindiaandroid","deviceName":"emulator-5554","platformVersion":"8.1"},"platformName":"android","app":"./Resourses/in.workindia.apk","appActivity":"in.workindia.nileshdungarwal.workindiaandroid.RegisterActivity","appPackage":"in.workindia.nileshdungarwal.workindiaandroid","deviceName":"emulator-5554","platformVersion":"8.1.0","deviceUDID":"emulator-5554","deviceApiLevel":27,"deviceScreenSize":"1080x2160","deviceScreenDensity":440,"deviceModel":"Android SDK built for x86","deviceManufacturer":"Google","pixelRatio":2.75,"statBarHeight":66,"viewportRect":{"left":0,"top":66,"width":1080,"height":1962},"lastScrollData":{"toInde...
&amp#27;[35m[HTTP]&amp#27;[39m &amp#27;[37m<-- GET /wd/hub/session/9ad58081-1fb1-4d15-80ce-e759d4eceebf &amp#27;[39m&amp#27;[32m200&amp#27;[39m &amp#27;[90m32 ms - 1128&amp#27;[39m
&amp#27;[35m[HTTP]&amp#27;[39m &amp#27;[90m&amp#27;[39m
&amp#27;[35m[HTTP]&amp#27;[39m &amp#27;[37m-->&amp#27;[39m &amp#27;[37mPOST&amp#27;[39m &amp#27;[37m/wd/hub/session/9ad58081-1fb1-4d15-80ce-e759d4eceebf/element&amp#27;[39m
&amp#27;[35m[HTTP]&amp#27;[39m &amp#27;[90m{"using":"xpath","value":"//android.widget.TextView[8]"}&amp#27;[39m
[debug] &amp#27;[35m[W3C (9ad58081)]&amp#27;[39m Calling AppiumDriver.findElement() with args: ["xpath","//android.widget.TextView[8]","9ad58081-1fb1-4d15-80ce-e759d4eceebf"]
[debug] &amp#27;[35m[BaseDriver]&amp#27;[39m Valid locator strategies for this request: xpath, id, class name, accessibility id, css selector, -android uiautomator
[debug] &amp#27;[35m[BaseDriver]&amp#27;[39m Waiting up to 30000 ms for condition
[debug] &amp#27;[35m[WD Proxy]&amp#27;[39m Matched '/element' to command name 'findElement'
[debug] &amp#27;[35m[WD Proxy]&amp#27;[39m Proxying [POST /element] to [POST http://127.0.0.1:8202/wd/hub/session/309ecd4d-745f-4bb1-975d-019119a1d545/element] with body: {"strategy":"xpath","selector":"//android.widget.TextView[8]","context":"","multiple":false}
[debug] &amp#27;[35m[WD Proxy]&amp#27;[39m Got response with status 200: {"sessionId":"309ecd4d-745f-4bb1-975d-019119a1d545","value":{"ELEMENT":"048aea6a-f0b9-4c9b-9596-3c0ce6d80508","element-6066-11e4-a52e-4f735466cecf":"048aea6a-f0b9-4c9b-9596-3c0ce6d80508"}}
[debug] &amp#27;[35m[W3C (9ad58081)]&amp#27;[39m Responding to client with driver.findElement() result: {"element-6066-11e4-a52e-4f735466cecf":"048aea6a-f0b9-4c9b-9596-3c0ce6d80508","ELEMENT":"048aea6a-f0b9-4c9b-9596-3c0ce6d80508"}
&amp#27;[35m[HTTP]&amp#27;[39m &amp#27;[37m<-- POST /wd/hub/session/9ad58081-1fb1-4d15-80ce-e759d4eceebf/element &amp#27;[39m&amp#27;[32m200&amp#27;[39m &amp#27;[90m868 ms - 137&amp#27;[39m
&amp#27;[35m[HTTP]&amp#27;[39m &amp#27;[90m&amp#27;[39m
&amp#27;[35m[HTTP]&amp#27;[39m &amp#27;[37m-->&amp#27;[39m &amp#27;[37mPOST&amp#27;[39m &amp#27;[37m/wd/hub/session/9ad58081-1fb1-4d15-80ce-e759d4eceebf/element/048aea6a-f0b9-4c9b-9596-3c0ce6d80508/click&amp#27;[39m
&amp#27;[35m[HTTP]&amp#27;[39m &amp#27;[90m{"id":"048aea6a-f0b9-4c9b-9596-3c0ce6d80508"}&amp#27;[39m
[debug] &amp#27;[35m[W3C (9ad58081)]&amp#27;[39m Calling AppiumDriver.click() with args: ["048aea6a-f0b9-4c9b-9596-3c0ce6d80508","9ad58081-1fb1-4d15-80ce-e759d4eceebf"]
[debug] &amp#27;[35m[WD Proxy]&amp#27;[39m Matched '/element/048aea6a-f0b9-4c9b-9596-3c0ce6d80508/click' to command name 'click'
[debug] &amp#27;[35m[WD Proxy]&amp#27;[39m Proxying [POST /element/048aea6a-f0b9-4c9b-9596-3c0ce6d80508/click] to [POST http://127.0.0.1:8202/wd/hub/session/309ecd4d-745f-4bb1-975d-019119a1d545/element/048aea6a-f0b9-4c9b-9596-3c0ce6d80508/click] with body: {"element":"048aea6a-f0b9-4c9b-9596-3c0ce6d80508"}
[debug] &amp#27;[35m[WD Proxy]&amp#27;[39m Got response with status 200: {"sessionId":"309ecd4d-745f-4bb1-975d-019119a1d545","value":null}
[debug] &amp#27;[35m[W3C (9ad58081)]&amp#27;[39m Responding to client with driver.click() result: null
&amp#27;[35m[HTTP]&amp#27;[39m &amp#27;[37m<-- POST /wd/hub/session/9ad58081-1fb1-4d15-80ce-e759d4eceebf/element/048aea6a-f0b9-4c9b-9596-3c0ce6d80508/click &amp#27;[39m&amp#27;[32m200&amp#27;[39m &amp#27;[90m705 ms - 14&amp#27;[39m
&amp#27;[35m[HTTP]&amp#27;[39m &amp#27;[90m&amp#27;[39m
&amp#27;[35m[HTTP]&amp#27;[39m &amp#27;[37m-->&amp#27;[39m &amp#27;[37mPOST&amp#27;[39m &amp#27;[37m/wd/hub/session/9ad58081-1fb1-4d15-80ce-e759d4eceebf/timeouts&amp#27;[39m
&amp#27;[35m[HTTP]&amp#27;[39m &amp#27;[90m{"implicit":50000}&amp#27;[39m
[debug] &amp#27;[35m[W3C (9ad58081)]&amp#27;[39m Calling AppiumDriver.timeouts() with args: [null,null,null,null,50000,"9ad58081-1fb1-4d15-80ce-e759d4eceebf"]
[debug] &amp#27;[35m[BaseDriver]&amp#27;[39m W3C timeout argument: {"implicit":50000}}
[debug] &amp#27;[35m[BaseDriver]&amp#27;[39m Set implicit wait to 50000ms
[debug] &amp#27;[35m[W3C (9ad58081)]&amp#27;[39m Responding to client with driver.timeouts() result: null
&amp#27;[35m[HTTP]&amp#27;[39m &amp#27;[37m<-- POST /wd/hub/session/9ad58081-1fb1-4d15-80ce-e759d4eceebf/timeouts &amp#27;[39m&amp#27;[32m200&amp#27;[39m &amp#27;[90m17 ms - 14&amp#27;[39m
&amp#27;[35m[HTTP]&amp#27;[39m &amp#27;[90m&amp#27;[39m
&amp#27;[35m[HTTP]&amp#27;[39m &amp#27;[37m-->&amp#27;[39m &amp#27;[37mGET&amp#27;[39m &amp#27;[37m/wd/hub/session/9ad58081-1fb1-4d15-80ce-e759d4eceebf&amp#27;[39m
&amp#27;[35m[HTTP]&amp#27;[39m &amp#27;[90m{}&amp#27;[39m
[debug] &amp#27;[35m[W3C (9ad58081)]&amp#27;[39m Calling AppiumDriver.getSession() with args: ["9ad58081-1fb1-4d15-80ce-e759d4eceebf"]
[debug] &amp#27;[35m[UiAutomator2]&amp#27;[39m Getting session details from server to mix in
[debug] &amp#27;[35m[WD Proxy]&amp#27;[39m Matched '/' to command name 'getSession'
[debug] &amp#27;[35m[WD Proxy]&amp#27;[39m Proxying [GET /] to [GET http://127.0.0.1:8202/wd/hub/session/309ecd4d-745f-4bb1-975d-019119a1d545] with no body
[debug] &amp#27;[35m[WD Proxy]&amp#27;[39m Got response with status 200: {"sessionId":"309ecd4d-745f-4bb1-975d-019119a1d545","value":{"lastScrollData":{"toIndex":-1,"maxScrollY":2299,"maxScrollX":0,"scrollY":1633,"scrollX":0,"fromIndex":-1,"itemCount":-1}}}
[debug] &amp#27;[35m[W3C (9ad58081)]&amp#27;[39m Responding to client with driver.getSession() result: {"platform":"LINUX","webStorageEnabled":false,"takesScreenshot":true,"javascriptEnabled":true,"databaseEnabled":false,"networkConnectionEnabled":true,"locationContextEnabled":false,"warnings":{},"desired":{"platformName":"android","app":"./Resourses/in.workindia.apk","appActivity":"in.workindia.nileshdungarwal.workindiaandroid.RegisterActivity","appPackage":"in.workindia.nileshdungarwal.workindiaandroid","deviceName":"emulator-5554","platformVersion":"8.1"},"platformName":"android","app":"./Resourses/in.workindia.apk","appActivity":"in.workindia.nileshdungarwal.workindiaandroid.RegisterActivity","appPackage":"in.workindia.nileshdungarwal.workindiaandroid","deviceName":"emulator-5554","platformVersion":"8.1.0","deviceUDID":"emulator-5554","deviceApiLevel":27,"deviceScreenSize":"1080x2160","deviceScreenDensity":440,"deviceModel":"Android SDK built for x86","deviceManufacturer":"Google","pixelRatio":2.75,"statBarHeight":66,"viewportRect":{"left":0,"top":66,"width":1080,"height":1962},"lastScrollData":{"toInde...
&amp#27;[35m[HTTP]&amp#27;[39m &amp#27;[37m<-- GET /wd/hub/session/9ad58081-1fb1-4d15-80ce-e759d4eceebf &amp#27;[39m&amp#27;[32m200&amp#27;[39m &amp#27;[90m35 ms - 1128&amp#27;[39m
&amp#27;[35m[HTTP]&amp#27;[39m &amp#27;[90m&amp#27;[39m
&amp#27;[35m[HTTP]&amp#27;[39m &amp#27;[37m-->&amp#27;[39m &amp#27;[37mGET&amp#27;[39m &amp#27;[37m/wd/hub/session/9ad58081-1fb1-4d15-80ce-e759d4eceebf&amp#27;[39m
&amp#27;[35m[HTTP]&amp#27;[39m &amp#27;[90m{}&amp#27;[39m
[debug] &amp#27;[35m[W3C (9ad58081)]&amp#27;[39m Calling AppiumDriver.getSession() with args: ["9ad58081-1fb1-4d15-80ce-e759d4eceebf"]
[debug] &amp#27;[35m[UiAutomator2]&amp#27;[39m Getting session details from server to mix in
[debug] &amp#27;[35m[WD Proxy]&amp#27;[39m Matched '/' to command name 'getSession'
[debug] &amp#27;[35m[WD Proxy]&amp#27;[39m Proxying [GET /] to [GET http://127.0.0.1:8202/wd/hub/session/309ecd4d-745f-4bb1-975d-019119a1d545] with no body
[debug] &amp#27;[35m[WD Proxy]&amp#27;[39m Got response with status 200: {"sessionId":"309ecd4d-745f-4bb1-975d-019119a1d545","value":{"lastScrollData":{"toIndex":-1,"maxScrollY":2299,"maxScrollX":0,"scrollY":1633,"scrollX":0,"fromIndex":-1,"itemCount":-1}}}
[debug] &amp#27;[35m[W3C (9ad58081)]&amp#27;[39m Responding to client with driver.getSession() result: {"platform":"LINUX","webStorageEnabled":false,"takesScreenshot":true,"javascriptEnabled":true,"databaseEnabled":false,"networkConnectionEnabled":true,"locationContextEnabled":false,"warnings":{},"desired":{"platformName":"android","app":"./Resourses/in.workindia.apk","appActivity":"in.workindia.nileshdungarwal.workindiaandroid.RegisterActivity","appPackage":"in.workindia.nileshdungarwal.workindiaandroid","deviceName":"emulator-5554","platformVersion":"8.1"},"platformName":"android","app":"./Resourses/in.workindia.apk","appActivity":"in.workindia.nileshdungarwal.workindiaandroid.RegisterActivity","appPackage":"in.workindia.nileshdungarwal.workindiaandroid","deviceName":"emulator-5554","platformVersion":"8.1.0","deviceUDID":"emulator-5554","deviceApiLevel":27,"deviceScreenSize":"1080x2160","deviceScreenDensity":440,"deviceModel":"Android SDK built for x86","deviceManufacturer":"Google","pixelRatio":2.75,"statBarHeight":66,"viewportRect":{"left":0,"top":66,"width":1080,"height":1962},"lastScrollData":{"toInde...
&amp#27;[35m[HTTP]&amp#27;[39m &amp#27;[37m<-- GET /wd/hub/session/9ad58081-1fb1-4d15-80ce-e759d4eceebf &amp#27;[39m&amp#27;[32m200&amp#27;[39m &amp#27;[90m18 ms - 1128&amp#27;[39m
&amp#27;[35m[HTTP]&amp#27;[39m &amp#27;[90m&amp#27;[39m
&amp#27;[35m[HTTP]&amp#27;[39m &amp#27;[37m-->&amp#27;[39m &amp#27;[37mGET&amp#27;[39m &amp#27;[37m/wd/hub/session/9ad58081-1fb1-4d15-80ce-e759d4eceebf&amp#27;[39m
&amp#27;[35m[HTTP]&amp#27;[39m &amp#27;[90m{}&amp#27;[39m
[debug] &amp#27;[35m[W3C (9ad58081)]&amp#27;[39m Calling AppiumDriver.getSession() with args: ["9ad58081-1fb1-4d15-80ce-e759d4eceebf"]
[debug] &amp#27;[35m[UiAutomator2]&amp#27;[39m Getting session details from server to mix in
[debug] &amp#27;[35m[WD Proxy]&amp#27;[39m Matched '/' to command name 'getSession'
[debug] &amp#27;[35m[WD Proxy]&amp#27;[39m Proxying [GET /] to [GET http://127.0.0.1:8202/wd/hub/session/309ecd4d-745f-4bb1-975d-019119a1d545] with no body
[debug] &amp#27;[35m[WD Proxy]&amp#27;[39m Got response with status 200: {"sessionId":"309ecd4d-745f-4bb1-975d-019119a1d545","value":{"lastScrollData":{"toIndex":-1,"maxScrollY":2299,"maxScrollX":0,"scrollY":1633,"scrollX":0,"fromIndex":-1,"itemCount":-1}}}
[debug] &amp#27;[35m[W3C (9ad58081)]&amp#27;[39m Responding to client with driver.getSession() result: {"platform":"LINUX","webStorageEnabled":false,"takesScreenshot":true,"javascriptEnabled":true,"databaseEnabled":false,"networkConnectionEnabled":true,"locationContextEnabled":false,"warnings":{},"desired":{"platformName":"android","app":"./Resourses/in.workindia.apk","appActivity":"in.workindia.nileshdungarwal.workindiaandroid.RegisterActivity","appPackage":"in.workindia.nileshdungarwal.workindiaandroid","deviceName":"emulator-5554","platformVersion":"8.1"},"platformName":"android","app":"./Resourses/in.workindia.apk","appActivity":"in.workindia.nileshdungarwal.workindiaandroid.RegisterActivity","appPackage":"in.workindia.nileshdungarwal.workindiaandroid","deviceName":"emulator-5554","platformVersion":"8.1.0","deviceUDID":"emulator-5554","deviceApiLevel":27,"deviceScreenSize":"1080x2160","deviceScreenDensity":440,"deviceModel":"Android SDK built for x86","deviceManufacturer":"Google","pixelRatio":2.75,"statBarHeight":66,"viewportRect":{"left":0,"top":66,"width":1080,"height":1962},"lastScrollData":{"toInde...
&amp#27;[35m[HTTP]&amp#27;[39m &amp#27;[37m<-- GET /wd/hub/session/9ad58081-1fb1-4d15-80ce-e759d4eceebf &amp#27;[39m&amp#27;[32m200&amp#27;[39m &amp#27;[90m28 ms - 1128&amp#27;[39m
&amp#27;[35m[HTTP]&amp#27;[39m &amp#27;[90m&amp#27;[39m
&amp#27;[35m[HTTP]&amp#27;[39m &amp#27;[37m-->&amp#27;[39m &amp#27;[37mPOST&amp#27;[39m &amp#27;[37m/wd/hub/session/9ad58081-1fb1-4d15-80ce-e759d4eceebf/element&amp#27;[39m
&amp#27;[35m[HTTP]&amp#27;[39m &amp#27;[90m{"using":"xpath","value":"//android.widget.FrameLayout[1]/android.widget.CheckBox"}&amp#27;[39m
[debug] &amp#27;[35m[W3C (9ad58081)]&amp#27;[39m Calling AppiumDriver.findElement() with args: ["xpath","//android.widget.FrameLayout[1]/android.widget.CheckBox","9ad58081-1fb1-4d15-80ce-e759d4eceebf"]
[debug] &amp#27;[35m[BaseDriver]&amp#27;[39m Valid locator strategies for this request: xpath, id, class name, accessibility id, css selector, -android uiautomator
[debug] &amp#27;[35m[BaseDriver]&amp#27;[39m Waiting up to 50000 ms for condition
[debug] &amp#27;[35m[WD Proxy]&amp#27;[39m Matched '/element' to command name 'findElement'
[debug] &amp#27;[35m[WD Proxy]&amp#27;[39m Proxying [POST /element] to [POST http://127.0.0.1:8202/wd/hub/session/309ecd4d-745f-4bb1-975d-019119a1d545/element] with body: {"strategy":"xpath","selector":"//android.widget.FrameLayout[1]/android.widget.CheckBox","context":"","multiple":false}
[debug] &amp#27;[35m[WD Proxy]&amp#27;[39m Got response with status 200: {"sessionId":"309ecd4d-745f-4bb1-975d-019119a1d545","value":{"ELEMENT":"3e76392d-1288-4138-8589-cff67117ff65","element-6066-11e4-a52e-4f735466cecf":"3e76392d-1288-4138-8589-cff67117ff65"}}
[debug] &amp#27;[35m[W3C (9ad58081)]&amp#27;[39m Responding to client with driver.findElement() result: {"element-6066-11e4-a52e-4f735466cecf":"3e76392d-1288-4138-8589-cff67117ff65","ELEMENT":"3e76392d-1288-4138-8589-cff67117ff65"}
&amp#27;[35m[HTTP]&amp#27;[39m &amp#27;[37m<-- POST /wd/hub/session/9ad58081-1fb1-4d15-80ce-e759d4eceebf/element &amp#27;[39m&amp#27;[32m200&amp#27;[39m &amp#27;[90m105 ms - 137&amp#27;[39m
&amp#27;[35m[HTTP]&amp#27;[39m &amp#27;[90m&amp#27;[39m
&amp#27;[35m[HTTP]&amp#27;[39m &amp#27;[37m-->&amp#27;[39m &amp#27;[37mPOST&amp#27;[39m &amp#27;[37m/wd/hub/session/9ad58081-1fb1-4d15-80ce-e759d4eceebf/element/3e76392d-1288-4138-8589-cff67117ff65/click&amp#27;[39m
&amp#27;[35m[HTTP]&amp#27;[39m &amp#27;[90m{"id":"3e76392d-1288-4138-8589-cff67117ff65"}&amp#27;[39m
[debug] &amp#27;[35m[W3C (9ad58081)]&amp#27;[39m Calling AppiumDriver.click() with args: ["3e76392d-1288-4138-8589-cff67117ff65","9ad58081-1fb1-4d15-80ce-e759d4eceebf"]
[debug] &amp#27;[35m[WD Proxy]&amp#27;[39m Matched '/element/3e76392d-1288-4138-8589-cff67117ff65/click' to command name 'click'
[debug] &amp#27;[35m[WD Proxy]&amp#27;[39m Proxying [POST /element/3e76392d-1288-4138-8589-cff67117ff65/click] to [POST http://127.0.0.1:8202/wd/hub/session/309ecd4d-745f-4bb1-975d-019119a1d545/element/3e76392d-1288-4138-8589-cff67117ff65/click] with body: {"element":"3e76392d-1288-4138-8589-cff67117ff65"}
[debug] &amp#27;[35m[WD Proxy]&amp#27;[39m Got response with status 200: {"sessionId":"309ecd4d-745f-4bb1-975d-019119a1d545","value":null}
[debug] &amp#27;[35m[W3C (9ad58081)]&amp#27;[39m Responding to client with driver.click() result: null
&amp#27;[35m[HTTP]&amp#27;[39m &amp#27;[37m<-- POST /wd/hub/session/9ad58081-1fb1-4d15-80ce-e759d4eceebf/element/3e76392d-1288-4138-8589-cff67117ff65/click &amp#27;[39m&amp#27;[32m200&amp#27;[39m &amp#27;[90m18 ms - 14&amp#27;[39m
&amp#27;[35m[HTTP]&amp#27;[39m &amp#27;[90m&amp#27;[39m
&amp#27;[35m[HTTP]&amp#27;[39m &amp#27;[37m-->&amp#27;[39m &amp#27;[37mGET&amp#27;[39m &amp#27;[37m/wd/hub/session/9ad58081-1fb1-4d15-80ce-e759d4eceebf&amp#27;[39m
&amp#27;[35m[HTTP]&amp#27;[39m &amp#27;[90m{}&amp#27;[39m
[debug] &amp#27;[35m[W3C (9ad58081)]&amp#27;[39m Calling AppiumDriver.getSession() with args: ["9ad58081-1fb1-4d15-80ce-e759d4eceebf"]
[debug] &amp#27;[35m[UiAutomator2]&amp#27;[39m Getting session details from server to mix in
[debug] &amp#27;[35m[WD Proxy]&amp#27;[39m Matched '/' to command name 'getSession'
[debug] &amp#27;[35m[WD Proxy]&amp#27;[39m Proxying [GET /] to [GET http://127.0.0.1:8202/wd/hub/session/309ecd4d-745f-4bb1-975d-019119a1d545] with no body
[debug] &amp#27;[35m[WD Proxy]&amp#27;[39m Got response with status 200: {"sessionId":"309ecd4d-745f-4bb1-975d-019119a1d545","value":{"lastScrollData":{"toIndex":-1,"maxScrollY":2299,"maxScrollX":0,"scrollY":1633,"scrollX":0,"fromIndex":-1,"itemCount":-1}}}
[debug] &amp#27;[35m[W3C (9ad58081)]&amp#27;[39m Responding to client with driver.getSession() result: {"platform":"LINUX","webStorageEnabled":false,"takesScreenshot":true,"javascriptEnabled":true,"databaseEnabled":false,"networkConnectionEnabled":true,"locationContextEnabled":false,"warnings":{},"desired":{"platformName":"android","app":"./Resourses/in.workindia.apk","appActivity":"in.workindia.nileshdungarwal.workindiaandroid.RegisterActivity","appPackage":"in.workindia.nileshdungarwal.workindiaandroid","deviceName":"emulator-5554","platformVersion":"8.1"},"platformName":"android","app":"./Resourses/in.workindia.apk","appActivity":"in.workindia.nileshdungarwal.workindiaandroid.RegisterActivity","appPackage":"in.workindia.nileshdungarwal.workindiaandroid","deviceName":"emulator-5554","platformVersion":"8.1.0","deviceUDID":"emulator-5554","deviceApiLevel":27,"deviceScreenSize":"1080x2160","deviceScreenDensity":440,"deviceModel":"Android SDK built for x86","deviceManufacturer":"Google","pixelRatio":2.75,"statBarHeight":66,"viewportRect":{"left":0,"top":66,"width":1080,"height":1962},"lastScrollData":{"toInde...
&amp#27;[35m[HTTP]&amp#27;[39m &amp#27;[37m<-- GET /wd/hub/session/9ad58081-1fb1-4d15-80ce-e759d4eceebf &amp#27;[39m&amp#27;[32m200&amp#27;[39m &amp#27;[90m8 ms - 1128&amp#27;[39m
&amp#27;[35m[HTTP]&amp#27;[39m &amp#27;[90m&amp#27;[39m
&amp#27;[35m[HTTP]&amp#27;[39m &amp#27;[37m-->&amp#27;[39m &amp#27;[37mPOST&amp#27;[39m &amp#27;[37m/wd/hub/session/9ad58081-1fb1-4d15-80ce-e759d4eceebf/element&amp#27;[39m
&amp#27;[35m[HTTP]&amp#27;[39m &amp#27;[90m{"using":"xpath","value":"//android.widget.FrameLayout[2]/android.widget.CheckBox"}&amp#27;[39m
[debug] &amp#27;[35m[W3C (9ad58081)]&amp#27;[39m Calling AppiumDriver.findElement() with args: ["xpath","//android.widget.FrameLayout[2]/android.widget.CheckBox","9ad58081-1fb1-4d15-80ce-e759d4eceebf"]
[debug] &amp#27;[35m[BaseDriver]&amp#27;[39m Valid locator strategies for this request: xpath, id, class name, accessibility id, css selector, -android uiautomator
[debug] &amp#27;[35m[BaseDriver]&amp#27;[39m Waiting up to 50000 ms for condition
[debug] &amp#27;[35m[WD Proxy]&amp#27;[39m Matched '/element' to command name 'findElement'
[debug] &amp#27;[35m[WD Proxy]&amp#27;[39m Proxying [POST /element] to [POST http://127.0.0.1:8202/wd/hub/session/309ecd4d-745f-4bb1-975d-019119a1d545/element] with body: {"strategy":"xpath","selector":"//android.widget.FrameLayout[2]/android.widget.CheckBox","context":"","multiple":false}
[debug] &amp#27;[35m[WD Proxy]&amp#27;[39m Got response with status 200: {"sessionId":"309ecd4d-745f-4bb1-975d-019119a1d545","value":{"ELEMENT":"23effb0b-5502-4af2-a222-85445d2f6907","element-6066-11e4-a52e-4f735466cecf":"23effb0b-5502-4af2-a222-85445d2f6907"}}
[debug] &amp#27;[35m[W3C (9ad58081)]&amp#27;[39m Responding to client with driver.findElement() result: {"element-6066-11e4-a52e-4f735466cecf":"23effb0b-5502-4af2-a222-85445d2f6907","ELEMENT":"23effb0b-5502-4af2-a222-85445d2f6907"}
&amp#27;[35m[HTTP]&amp#27;[39m &amp#27;[37m<-- POST /wd/hub/session/9ad58081-1fb1-4d15-80ce-e759d4eceebf/element &amp#27;[39m&amp#27;[32m200&amp#27;[39m &amp#27;[90m667 ms - 137&amp#27;[39m
&amp#27;[35m[HTTP]&amp#27;[39m &amp#27;[90m&amp#27;[39m
&amp#27;[35m[HTTP]&amp#27;[39m &amp#27;[37m-->&amp#27;[39m &amp#27;[37mPOST&amp#27;[39m &amp#27;[37m/wd/hub/session/9ad58081-1fb1-4d15-80ce-e759d4eceebf/element/23effb0b-5502-4af2-a222-85445d2f6907/click&amp#27;[39m
&amp#27;[35m[HTTP]&amp#27;[39m &amp#27;[90m{"id":"23effb0b-5502-4af2-a222-85445d2f6907"}&amp#27;[39m
[debug] &amp#27;[35m[W3C (9ad58081)]&amp#27;[39m Calling AppiumDriver.click() with args: ["23effb0b-5502-4af2-a222-85445d2f6907","9ad58081-1fb1-4d15-80ce-e759d4eceebf"]
[debug] &amp#27;[35m[WD Proxy]&amp#27;[39m Matched '/element/23effb0b-5502-4af2-a222-85445d2f6907/click' to command name 'click'
[debug] &amp#27;[35m[WD Proxy]&amp#27;[39m Proxying [POST /element/23effb0b-5502-4af2-a222-85445d2f6907/click] to [POST http://127.0.0.1:8202/wd/hub/session/309ecd4d-745f-4bb1-975d-019119a1d545/element/23effb0b-5502-4af2-a222-85445d2f6907/click] with body: {"element":"23effb0b-5502-4af2-a222-85445d2f6907"}
[debug] &amp#27;[35m[WD Proxy]&amp#27;[39m Got response with status 200: {"sessionId":"309ecd4d-745f-4bb1-975d-019119a1d545","value":null}
[debug] &amp#27;[35m[W3C (9ad58081)]&amp#27;[39m Responding to client with driver.click() result: null
&amp#27;[35m[HTTP]&amp#27;[39m &amp#27;[37m<-- POST /wd/hub/session/9ad58081-1fb1-4d15-80ce-e759d4eceebf/element/23effb0b-5502-4af2-a222-85445d2f6907/click &amp#27;[39m&amp#27;[32m200&amp#27;[39m &amp#27;[90m40 ms - 14&amp#27;[39m
&amp#27;[35m[HTTP]&amp#27;[39m &amp#27;[90m&amp#27;[39m
&amp#27;[35m[HTTP]&amp#27;[39m &amp#27;[37m-->&amp#27;[39m &amp#27;[37mPOST&amp#27;[39m &amp#27;[37m/wd/hub/session/9ad58081-1fb1-4d15-80ce-e759d4eceebf/timeouts&amp#27;[39m
&amp#27;[35m[HTTP]&amp#27;[39m &amp#27;[90m{"implicit":50000}&amp#27;[39m
[debug] &amp#27;[35m[W3C (9ad58081)]&amp#27;[39m Calling AppiumDriver.timeouts() with args: [null,null,null,null,50000,"9ad58081-1fb1-4d15-80ce-e759d4eceebf"]
[debug] &amp#27;[35m[BaseDriver]&amp#27;[39m W3C timeout argument: {"implicit":50000}}
[debug] &amp#27;[35m[BaseDriver]&amp#27;[39m Set implicit wait to 50000ms
[debug] &amp#27;[35m[W3C (9ad58081)]&amp#27;[39m Responding to client with driver.timeouts() result: null
&amp#27;[35m[HTTP]&amp#27;[39m &amp#27;[37m<-- POST /wd/hub/session/9ad58081-1fb1-4d15-80ce-e759d4eceebf/timeouts &amp#27;[39m&amp#27;[32m200&amp#27;[39m &amp#27;[90m5 ms - 14&amp#27;[39m
&amp#27;[35m[HTTP]&amp#27;[39m &amp#27;[90m&amp#27;[39m
&amp#27;[35m[HTTP]&amp#27;[39m &amp#27;[37m-->&amp#27;[39m &amp#27;[37mGET&amp#27;[39m &amp#27;[37m/wd/hub/session/9ad58081-1fb1-4d15-80ce-e759d4eceebf&amp#27;[39m
&amp#27;[35m[HTTP]&amp#27;[39m &amp#27;[90m{}&amp#27;[39m
[debug] &amp#27;[35m[W3C (9ad58081)]&amp#27;[39m Calling AppiumDriver.getSession() with args: ["9ad58081-1fb1-4d15-80ce-e759d4eceebf"]
[debug] &amp#27;[35m[UiAutomator2]&amp#27;[39m Getting session details from server to mix in
[debug] &amp#27;[35m[WD Proxy]&amp#27;[39m Matched '/' to command name 'getSession'
[debug] &amp#27;[35m[WD Proxy]&amp#27;[39m Proxying [GET /] to [GET http://127.0.0.1:8202/wd/hub/session/309ecd4d-745f-4bb1-975d-019119a1d545] with no body
[debug] &amp#27;[35m[WD Proxy]&amp#27;[39m Got response with status 200: {"sessionId":"309ecd4d-745f-4bb1-975d-019119a1d545","value":{"lastScrollData":{"toIndex":-1,"maxScrollY":2299,"maxScrollX":0,"scrollY":1633,"scrollX":0,"fromIndex":-1,"itemCount":-1}}}
[debug] &amp#27;[35m[W3C (9ad58081)]&amp#27;[39m Responding to client with driver.getSession() result: {"platform":"LINUX","webStorageEnabled":false,"takesScreenshot":true,"javascriptEnabled":true,"databaseEnabled":false,"networkConnectionEnabled":true,"locationContextEnabled":false,"warnings":{},"desired":{"platformName":"android","app":"./Resourses/in.workindia.apk","appActivity":"in.workindia.nileshdungarwal.workindiaandroid.RegisterActivity","appPackage":"in.workindia.nileshdungarwal.workindiaandroid","deviceName":"emulator-5554","platformVersion":"8.1"},"platformName":"android","app":"./Resourses/in.workindia.apk","appActivity":"in.workindia.nileshdungarwal.workindiaandroid.RegisterActivity","appPackage":"in.workindia.nileshdungarwal.workindiaandroid","deviceName":"emulator-5554","platformVersion":"8.1.0","deviceUDID":"emulator-5554","deviceApiLevel":27,"deviceScreenSize":"1080x2160","deviceScreenDensity":440,"deviceModel":"Android SDK built for x86","deviceManufacturer":"Google","pixelRatio":2.75,"statBarHeight":66,"viewportRect":{"left":0,"top":66,"width":1080,"height":1962},"lastScrollData":{"toInde...
&amp#27;[35m[HTTP]&amp#27;[39m &amp#27;[37m<-- GET /wd/hub/session/9ad58081-1fb1-4d15-80ce-e759d4eceebf &amp#27;[39m&amp#27;[32m200&amp#27;[39m &amp#27;[90m23 ms - 1128&amp#27;[39m
&amp#27;[35m[HTTP]&amp#27;[39m &amp#27;[90m&amp#27;[39m
&amp#27;[35m[HTTP]&amp#27;[39m &amp#27;[37m-->&amp#27;[39m &amp#27;[37mGET&amp#27;[39m &amp#27;[37m/wd/hub/session/9ad58081-1fb1-4d15-80ce-e759d4eceebf&amp#27;[39m
&amp#27;[35m[HTTP]&amp#27;[39m &amp#27;[90m{}&amp#27;[39m
[debug] &amp#27;[35m[W3C (9ad58081)]&amp#27;[39m Calling AppiumDriver.getSession() with args: ["9ad58081-1fb1-4d15-80ce-e759d4eceebf"]
[debug] &amp#27;[35m[UiAutomator2]&amp#27;[39m Getting session details from server to mix in
[debug] &amp#27;[35m[WD Proxy]&amp#27;[39m Matched '/' to command name 'getSession'
[debug] &amp#27;[35m[WD Proxy]&amp#27;[39m Proxying [GET /] to [GET http://127.0.0.1:8202/wd/hub/session/309ecd4d-745f-4bb1-975d-019119a1d545] with no body
[debug] &amp#27;[35m[WD Proxy]&amp#27;[39m Got response with status 200: {"sessionId":"309ecd4d-745f-4bb1-975d-019119a1d545","value":{"lastScrollData":{"toIndex":-1,"maxScrollY":2299,"maxScrollX":0,"scrollY":1633,"scrollX":0,"fromIndex":-1,"itemCount":-1}}}
[debug] &amp#27;[35m[W3C (9ad58081)]&amp#27;[39m Responding to client with driver.getSession() result: {"platform":"LINUX","webStorageEnabled":false,"takesScreenshot":true,"javascriptEnabled":true,"databaseEnabled":false,"networkConnectionEnabled":true,"locationContextEnabled":false,"warnings":{},"desired":{"platformName":"android","app":"./Resourses/in.workindia.apk","appActivity":"in.workindia.nileshdungarwal.workindiaandroid.RegisterActivity","appPackage":"in.workindia.nileshdungarwal.workindiaandroid","deviceName":"emulator-5554","platformVersion":"8.1"},"platformName":"android","app":"./Resourses/in.workindia.apk","appActivity":"in.workindia.nileshdungarwal.workindiaandroid.RegisterActivity","appPackage":"in.workindia.nileshdungarwal.workindiaandroid","deviceName":"emulator-5554","platformVersion":"8.1.0","deviceUDID":"emulator-5554","deviceApiLevel":27,"deviceScreenSize":"1080x2160","deviceScreenDensity":440,"deviceModel":"Android SDK built for x86","deviceManufacturer":"Google","pixelRatio":2.75,"statBarHeight":66,"viewportRect":{"left":0,"top":66,"width":1080,"height":1962},"lastScrollData":{"toInde...
&amp#27;[35m[HTTP]&amp#27;[39m &amp#27;[37m<-- GET /wd/hub/session/9ad58081-1fb1-4d15-80ce-e759d4eceebf &amp#27;[39m&amp#27;[32m200&amp#27;[39m &amp#27;[90m21 ms - 1128&amp#27;[39m
&amp#27;[35m[HTTP]&amp#27;[39m &amp#27;[90m&amp#27;[39m
&amp#27;[35m[HTTP]&amp#27;[39m &amp#27;[37m-->&amp#27;[39m &amp#27;[37mGET&amp#27;[39m &amp#27;[37m/wd/hub/session/9ad58081-1fb1-4d15-80ce-e759d4eceebf&amp#27;[39m
&amp#27;[35m[HTTP]&amp#27;[39m &amp#27;[90m{}&amp#27;[39m
[debug] &amp#27;[35m[W3C (9ad58081)]&amp#27;[39m Calling AppiumDriver.getSession() with args: ["9ad58081-1fb1-4d15-80ce-e759d4eceebf"]
[debug] &amp#27;[35m[UiAutomator2]&amp#27;[39m Getting session details from server to mix in
[debug] &amp#27;[35m[WD Proxy]&amp#27;[39m Matched '/' to command name 'getSession'
[debug] &amp#27;[35m[WD Proxy]&amp#27;[39m Proxying [GET /] to [GET http://127.0.0.1:8202/wd/hub/session/309ecd4d-745f-4bb1-975d-019119a1d545] with no body
[debug] &amp#27;[35m[WD Proxy]&amp#27;[39m Got response with status 200: {"sessionId":"309ecd4d-745f-4bb1-975d-019119a1d545","value":{"lastScrollData":{"toIndex":-1,"maxScrollY":2299,"maxScrollX":0,"scrollY":1633,"scrollX":0,"fromIndex":-1,"itemCount":-1}}}
[debug] &amp#27;[35m[W3C (9ad58081)]&amp#27;[39m Responding to client with driver.getSession() result: {"platform":"LINUX","webStorageEnabled":false,"takesScreenshot":true,"javascriptEnabled":true,"databaseEnabled":false,"networkConnectionEnabled":true,"locationContextEnabled":false,"warnings":{},"desired":{"platformName":"android","app":"./Resourses/in.workindia.apk","appActivity":"in.workindia.nileshdungarwal.workindiaandroid.RegisterActivity","appPackage":"in.workindia.nileshdungarwal.workindiaandroid","deviceName":"emulator-5554","platformVersion":"8.1"},"platformName":"android","app":"./Resourses/in.workindia.apk","appActivity":"in.workindia.nileshdungarwal.workindiaandroid.RegisterActivity","appPackage":"in.workindia.nileshdungarwal.workindiaandroid","deviceName":"emulator-5554","platformVersion":"8.1.0","deviceUDID":"emulator-5554","deviceApiLevel":27,"deviceScreenSize":"1080x2160","deviceScreenDensity":440,"deviceModel":"Android SDK built for x86","deviceManufacturer":"Google","pixelRatio":2.75,"statBarHeight":66,"viewportRect":{"left":0,"top":66,"width":1080,"height":1962},"lastScrollData":{"toInde...
&amp#27;[35m[HTTP]&amp#27;[39m &amp#27;[37m<-- GET /wd/hub/session/9ad58081-1fb1-4d15-80ce-e759d4eceebf &amp#27;[39m&amp#27;[32m200&amp#27;[39m &amp#27;[90m18 ms - 1128&amp#27;[39m
&amp#27;[35m[HTTP]&amp#27;[39m &amp#27;[90m&amp#27;[39m
&amp#27;[35m[HTTP]&amp#27;[39m &amp#27;[37m-->&amp#27;[39m &amp#27;[37mPOST&amp#27;[39m &amp#27;[37m/wd/hub/session/9ad58081-1fb1-4d15-80ce-e759d4eceebf/element&amp#27;[39m
&amp#27;[35m[HTTP]&amp#27;[39m &amp#27;[90m{"using":"id","value":"in.workindia.nileshdungarwal.workindiaandroid:id/btn_done"}&amp#27;[39m
[debug] &amp#27;[35m[W3C (9ad58081)]&amp#27;[39m Calling AppiumDriver.findElement() with args: ["id","in.workindia.nileshdungarwal.workindiaandroid:id/btn_done","9ad58081-1fb1-4d15-80ce-e759d4eceebf"]
[debug] &amp#27;[35m[BaseDriver]&amp#27;[39m Valid locator strategies for this request: xpath, id, class name, accessibility id, css selector, -android uiautomator
[debug] &amp#27;[35m[BaseDriver]&amp#27;[39m Waiting up to 50000 ms for condition
[debug] &amp#27;[35m[WD Proxy]&amp#27;[39m Matched '/element' to command name 'findElement'
[debug] &amp#27;[35m[WD Proxy]&amp#27;[39m Proxying [POST /element] to [POST http://127.0.0.1:8202/wd/hub/session/309ecd4d-745f-4bb1-975d-019119a1d545/element] with body: {"strategy":"id","selector":"in.workindia.nileshdungarwal.workindiaandroid:id/btn_done","context":"","multiple":false}
[debug] &amp#27;[35m[WD Proxy]&amp#27;[39m Got response with status 200: {"sessionId":"309ecd4d-745f-4bb1-975d-019119a1d545","value":{"ELEMENT":"baaf65ce-82b1-496b-a1c8-ad818fa072cc","element-6066-11e4-a52e-4f735466cecf":"baaf65ce-82b1-496b-a1c8-ad818fa072cc"}}
[debug] &amp#27;[35m[W3C (9ad58081)]&amp#27;[39m Responding to client with driver.findElement() result: {"element-6066-11e4-a52e-4f735466cecf":"baaf65ce-82b1-496b-a1c8-ad818fa072cc","ELEMENT":"baaf65ce-82b1-496b-a1c8-ad818fa072cc"}
&amp#27;[35m[HTTP]&amp#27;[39m &amp#27;[37m<-- POST /wd/hub/session/9ad58081-1fb1-4d15-80ce-e759d4eceebf/element &amp#27;[39m&amp#27;[32m200&amp#27;[39m &amp#27;[90m447 ms - 137&amp#27;[39m
&amp#27;[35m[HTTP]&amp#27;[39m &amp#27;[90m&amp#27;[39m
&amp#27;[35m[HTTP]&amp#27;[39m &amp#27;[37m-->&amp#27;[39m &amp#27;[37mPOST&amp#27;[39m &amp#27;[37m/wd/hub/session/9ad58081-1fb1-4d15-80ce-e759d4eceebf/element/baaf65ce-82b1-496b-a1c8-ad818fa072cc/click&amp#27;[39m
&amp#27;[35m[HTTP]&amp#27;[39m &amp#27;[90m{"id":"baaf65ce-82b1-496b-a1c8-ad818fa072cc"}&amp#27;[39m
[debug] &amp#27;[35m[W3C (9ad58081)]&amp#27;[39m Calling AppiumDriver.click() with args: ["baaf65ce-82b1-496b-a1c8-ad818fa072cc","9ad58081-1fb1-4d15-80ce-e759d4eceebf"]
[debug] &amp#27;[35m[WD Proxy]&amp#27;[39m Matched '/element/baaf65ce-82b1-496b-a1c8-ad818fa072cc/click' to command name 'click'
[debug] &amp#27;[35m[WD Proxy]&amp#27;[39m Proxying [POST /element/baaf65ce-82b1-496b-a1c8-ad818fa072cc/click] to [POST http://127.0.0.1:8202/wd/hub/session/309ecd4d-745f-4bb1-975d-019119a1d545/element/baaf65ce-82b1-496b-a1c8-ad818fa072cc/click] with body: {"element":"baaf65ce-82b1-496b-a1c8-ad818fa072cc"}
[debug] &amp#27;[35m[WD Proxy]&amp#27;[39m Got response with status 200: {"sessionId":"309ecd4d-745f-4bb1-975d-019119a1d545","value":null}
[debug] &amp#27;[35m[W3C (9ad58081)]&amp#27;[39m Responding to client with driver.click() result: null
&amp#27;[35m[HTTP]&amp#27;[39m &amp#27;[37m<-- POST /wd/hub/session/9ad58081-1fb1-4d15-80ce-e759d4eceebf/element/baaf65ce-82b1-496b-a1c8-ad818fa072cc/click &amp#27;[39m&amp#27;[32m200&amp#27;[39m &amp#27;[90m34 ms - 14&amp#27;[39m
&amp#27;[35m[HTTP]&amp#27;[39m &amp#27;[90m&amp#27;[39m
&amp#27;[35m[HTTP]&amp#27;[39m &amp#27;[37m-->&amp#27;[39m &amp#27;[37mPOST&amp#27;[39m &amp#27;[37m/wd/hub/session/9ad58081-1fb1-4d15-80ce-e759d4eceebf/timeouts&amp#27;[39m
&amp#27;[35m[HTTP]&amp#27;[39m &amp#27;[90m{"implicit":50000}&amp#27;[39m
[debug] &amp#27;[35m[W3C (9ad58081)]&amp#27;[39m Calling AppiumDriver.timeouts() with args: [null,null,null,null,50000,"9ad58081-1fb1-4d15-80ce-e759d4eceebf"]
[debug] &amp#27;[35m[BaseDriver]&amp#27;[39m W3C timeout argument: {"implicit":50000}}
[debug] &amp#27;[35m[BaseDriver]&amp#27;[39m Set implicit wait to 50000ms
[debug] &amp#27;[35m[W3C (9ad58081)]&amp#27;[39m Responding to client with driver.timeouts() result: null
&amp#27;[35m[HTTP]&amp#27;[39m &amp#27;[37m<-- POST /wd/hub/session/9ad58081-1fb1-4d15-80ce-e759d4eceebf/timeouts &amp#27;[39m&amp#27;[32m200&amp#27;[39m &amp#27;[90m3 ms - 14&amp#27;[39m
&amp#27;[35m[HTTP]&amp#27;[39m &amp#27;[90m&amp#27;[39m
&amp#27;[35m[HTTP]&amp#27;[39m &amp#27;[37m-->&amp#27;[39m &amp#27;[37mGET&amp#27;[39m &amp#27;[37m/wd/hub/session/9ad58081-1fb1-4d15-80ce-e759d4eceebf&amp#27;[39m
&amp#27;[35m[HTTP]&amp#27;[39m &amp#27;[90m{}&amp#27;[39m
[debug] &amp#27;[35m[W3C (9ad58081)]&amp#27;[39m Calling AppiumDriver.getSession() with args: ["9ad58081-1fb1-4d15-80ce-e759d4eceebf"]
[debug] &amp#27;[35m[UiAutomator2]&amp#27;[39m Getting session details from server to mix in
[debug] &amp#27;[35m[WD Proxy]&amp#27;[39m Matched '/' to command name 'getSession'
[debug] &amp#27;[35m[WD Proxy]&amp#27;[39m Proxying [GET /] to [GET http://127.0.0.1:8202/wd/hub/session/309ecd4d-745f-4bb1-975d-019119a1d545] with no body
[debug] &amp#27;[35m[WD Proxy]&amp#27;[39m Got response with status 200: {"sessionId":"309ecd4d-745f-4bb1-975d-019119a1d545","value":{"lastScrollData":{"toIndex":-1,"maxScrollY":2299,"maxScrollX":0,"scrollY":1633,"scrollX":0,"fromIndex":-1,"itemCount":-1}}}
[debug] &amp#27;[35m[W3C (9ad58081)]&amp#27;[39m Responding to client with driver.getSession() result: {"platform":"LINUX","webStorageEnabled":false,"takesScreenshot":true,"javascriptEnabled":true,"databaseEnabled":false,"networkConnectionEnabled":true,"locationContextEnabled":false,"warnings":{},"desired":{"platformName":"android","app":"./Resourses/in.workindia.apk","appActivity":"in.workindia.nileshdungarwal.workindiaandroid.RegisterActivity","appPackage":"in.workindia.nileshdungarwal.workindiaandroid","deviceName":"emulator-5554","platformVersion":"8.1"},"platformName":"android","app":"./Resourses/in.workindia.apk","appActivity":"in.workindia.nileshdungarwal.workindiaandroid.RegisterActivity","appPackage":"in.workindia.nileshdungarwal.workindiaandroid","deviceName":"emulator-5554","platformVersion":"8.1.0","deviceUDID":"emulator-5554","deviceApiLevel":27,"deviceScreenSize":"1080x2160","deviceScreenDensity":440,"deviceModel":"Android SDK built for x86","deviceManufacturer":"Google","pixelRatio":2.75,"statBarHeight":66,"viewportRect":{"left":0,"top":66,"width":1080,"height":1962},"lastScrollData":{"toInde...
&amp#27;[35m[HTTP]&amp#27;[39m &amp#27;[37m<-- GET /wd/hub/session/9ad58081-1fb1-4d15-80ce-e759d4eceebf &amp#27;[39m&amp#27;[32m200&amp#27;[39m &amp#27;[90m16 ms - 1128&amp#27;[39m
&amp#27;[35m[HTTP]&amp#27;[39m &amp#27;[90m&amp#27;[39m
&amp#27;[35m[HTTP]&amp#27;[39m &amp#27;[37m-->&amp#27;[39m &amp#27;[37mGET&amp#27;[39m &amp#27;[37m/wd/hub/session/9ad58081-1fb1-4d15-80ce-e759d4eceebf&amp#27;[39m
&amp#27;[35m[HTTP]&amp#27;[39m &amp#27;[90m{}&amp#27;[39m
[debug] &amp#27;[35m[W3C (9ad58081)]&amp#27;[39m Calling AppiumDriver.getSession() with args: ["9ad58081-1fb1-4d15-80ce-e759d4eceebf"]
[debug] &amp#27;[35m[UiAutomator2]&amp#27;[39m Getting session details from server to mix in
[debug] &amp#27;[35m[WD Proxy]&amp#27;[39m Matched '/' to command name 'getSession'
[debug] &amp#27;[35m[WD Proxy]&amp#27;[39m Proxying [GET /] to [GET http://127.0.0.1:8202/wd/hub/session/309ecd4d-745f-4bb1-975d-019119a1d545] with no body
[debug] &amp#27;[35m[WD Proxy]&amp#27;[39m Got response with status 200: {"sessionId":"309ecd4d-745f-4bb1-975d-019119a1d545","value":{"lastScrollData":{"toIndex":-1,"maxScrollY":2299,"maxScrollX":0,"scrollY":1633,"scrollX":0,"fromIndex":-1,"itemCount":-1}}}
[debug] &amp#27;[35m[W3C (9ad58081)]&amp#27;[39m Responding to client with driver.getSession() result: {"platform":"LINUX","webStorageEnabled":false,"takesScreenshot":true,"javascriptEnabled":true,"databaseEnabled":false,"networkConnectionEnabled":true,"locationContextEnabled":false,"warnings":{},"desired":{"platformName":"android","app":"./Resourses/in.workindia.apk","appActivity":"in.workindia.nileshdungarwal.workindiaandroid.RegisterActivity","appPackage":"in.workindia.nileshdungarwal.workindiaandroid","deviceName":"emulator-5554","platformVersion":"8.1"},"platformName":"android","app":"./Resourses/in.workindia.apk","appActivity":"in.workindia.nileshdungarwal.workindiaandroid.RegisterActivity","appPackage":"in.workindia.nileshdungarwal.workindiaandroid","deviceName":"emulator-5554","platformVersion":"8.1.0","deviceUDID":"emulator-5554","deviceApiLevel":27,"deviceScreenSize":"1080x2160","deviceScreenDensity":440,"deviceModel":"Android SDK built for x86","deviceManufacturer":"Google","pixelRatio":2.75,"statBarHeight":66,"viewportRect":{"left":0,"top":66,"width":1080,"height":1962},"lastScrollData":{"toInde...
&amp#27;[35m[HTTP]&amp#27;[39m &amp#27;[37m<-- GET /wd/hub/session/9ad58081-1fb1-4d15-80ce-e759d4eceebf &amp#27;[39m&amp#27;[32m200&amp#27;[39m &amp#27;[90m18 ms - 1128&amp#27;[39m
&amp#27;[35m[HTTP]&amp#27;[39m &amp#27;[90m&amp#27;[39m
&amp#27;[35m[HTTP]&amp#27;[39m &amp#27;[37m-->&amp#27;[39m &amp#27;[37mGET&amp#27;[39m &amp#27;[37m/wd/hub/session/9ad58081-1fb1-4d15-80ce-e759d4eceebf&amp#27;[39m
&amp#27;[35m[HTTP]&amp#27;[39m &amp#27;[90m{}&amp#27;[39m
[debug] &amp#27;[35m[W3C (9ad58081)]&amp#27;[39m Calling AppiumDriver.getSession() with args: ["9ad58081-1fb1-4d15-80ce-e759d4eceebf"]
[debug] &amp#27;[35m[UiAutomator2]&amp#27;[39m Getting session details from server to mix in
[debug] &amp#27;[35m[WD Proxy]&amp#27;[39m Matched '/' to command name 'getSession'
[debug] &amp#27;[35m[WD Proxy]&amp#27;[39m Proxying [GET /] to [GET http://127.0.0.1:8202/wd/hub/session/309ecd4d-745f-4bb1-975d-019119a1d545] with no body
[debug] &amp#27;[35m[WD Proxy]&amp#27;[39m Got response with status 200: {"sessionId":"309ecd4d-745f-4bb1-975d-019119a1d545","value":{"lastScrollData":{"toIndex":-1,"maxScrollY":2299,"maxScrollX":0,"scrollY":1633,"scrollX":0,"fromIndex":-1,"itemCount":-1}}}
[debug] &amp#27;[35m[W3C (9ad58081)]&amp#27;[39m Responding to client with driver.getSession() result: {"platform":"LINUX","webStorageEnabled":false,"takesScreenshot":true,"javascriptEnabled":true,"databaseEnabled":false,"networkConnectionEnabled":true,"locationContextEnabled":false,"warnings":{},"desired":{"platformName":"android","app":"./Resourses/in.workindia.apk","appActivity":"in.workindia.nileshdungarwal.workindiaandroid.RegisterActivity","appPackage":"in.workindia.nileshdungarwal.workindiaandroid","deviceName":"emulator-5554","platformVersion":"8.1"},"platformName":"android","app":"./Resourses/in.workindia.apk","appActivity":"in.workindia.nileshdungarwal.workindiaandroid.RegisterActivity","appPackage":"in.workindia.nileshdungarwal.workindiaandroid","deviceName":"emulator-5554","platformVersion":"8.1.0","deviceUDID":"emulator-5554","deviceApiLevel":27,"deviceScreenSize":"1080x2160","deviceScreenDensity":440,"deviceModel":"Android SDK built for x86","deviceManufacturer":"Google","pixelRatio":2.75,"statBarHeight":66,"viewportRect":{"left":0,"top":66,"width":1080,"height":1962},"lastScrollData":{"toInde...
&amp#27;[35m[HTTP]&amp#27;[39m &amp#27;[37m<-- GET /wd/hub/session/9ad58081-1fb1-4d15-80ce-e759d4eceebf &amp#27;[39m&amp#27;[32m200&amp#27;[39m &amp#27;[90m14 ms - 1128&amp#27;[39m
&amp#27;[35m[HTTP]&amp#27;[39m &amp#27;[90m&amp#27;[39m
&amp#27;[35m[HTTP]&amp#27;[39m &amp#27;[37m-->&amp#27;[39m &amp#27;[37mPOST&amp#27;[39m &amp#27;[37m/wd/hub/session/9ad58081-1fb1-4d15-80ce-e759d4eceebf/element&amp#27;[39m
&amp#27;[35m[HTTP]&amp#27;[39m &amp#27;[90m{"using":"id","value":"in.workindia.nileshdungarwal.workindiaandroid:id/et_skill_1"}&amp#27;[39m
[debug] &amp#27;[35m[W3C (9ad58081)]&amp#27;[39m Calling AppiumDriver.findElement() with args: ["id","in.workindia.nileshdungarwal.workindiaandroid:id/et_skill_1","9ad58081-1fb1-4d15-80ce-e759d4eceebf"]
[debug] &amp#27;[35m[BaseDriver]&amp#27;[39m Valid locator strategies for this request: xpath, id, class name, accessibility id, css selector, -android uiautomator
[debug] &amp#27;[35m[BaseDriver]&amp#27;[39m Waiting up to 50000 ms for condition
[debug] &amp#27;[35m[WD Proxy]&amp#27;[39m Matched '/element' to command name 'findElement'
[debug] &amp#27;[35m[WD Proxy]&amp#27;[39m Proxying [POST /element] to [POST http://127.0.0.1:8202/wd/hub/session/309ecd4d-745f-4bb1-975d-019119a1d545/element] with body: {"strategy":"id","selector":"in.workindia.nileshdungarwal.workindiaandroid:id/et_skill_1","context":"","multiple":false}
&amp#27;[35m[WD Proxy]&amp#27;[39m Got response with status 404: {"sessionId":"309ecd4d-745f-4bb1-975d-019119a1d545","value":{"error":"no such element","message":"An element could not be located on the page using the given search parameters","stacktrace":"io.appium.uiautomator2.common.exceptions.ElementNotFoundException: An element could not be located on the page using the given search parameters\n\tat io.appium.uiautomator2.handler.FindElement.safeHandle(FindElement.java:73)\n\tat io.appium.uiautomator2.handler.request.SafeRequestHandler.handle(SafeRequestHandler.java:41)\n\tat io.appium.uiautomator2.server.AppiumServlet.handleRequest(AppiumServlet.java:261)\n\tat io.appium.uiautomator2.server.AppiumServlet.handleHttpRequest(AppiumServlet.java:255)\n\tat io.appium.uiautomator2.http.ServerHandler.channelRead(ServerHandler.java:68)\n\tat io.netty.channel.AbstractChannelHandlerContext.invokeChannelRead(AbstractChannelHandlerContext.java:366)\n\tat io.netty.channel.AbstractChannelHandlerContext.invokeChannelRead(AbstractChannelHandlerContext.java:352)\n\tat io.netty.chann...
[debug] &amp#27;[35m[W3C]&amp#27;[39m Matched W3C error code 'no such element' to NoSuchElementError
[debug] &amp#27;[35m[BaseDriver]&amp#27;[39m Waited for 1414 ms so far
[debug] &amp#27;[35m[WD Proxy]&amp#27;[39m Matched '/element' to command name 'findElement'
[debug] &amp#27;[35m[WD Proxy]&amp#27;[39m Proxying [POST /element] to [POST http://127.0.0.1:8202/wd/hub/session/309ecd4d-745f-4bb1-975d-019119a1d545/element] with body: {"strategy":"id","selector":"in.workindia.nileshdungarwal.workindiaandroid:id/et_skill_1","context":"","multiple":false}
[debug] &amp#27;[35m[WD Proxy]&amp#27;[39m Got response with status 200: {"sessionId":"309ecd4d-745f-4bb1-975d-019119a1d545","value":{"ELEMENT":"a780e247-602e-45ef-aa8e-73839a82572e","element-6066-11e4-a52e-4f735466cecf":"a780e247-602e-45ef-aa8e-73839a82572e"}}
[debug] &amp#27;[35m[W3C (9ad58081)]&amp#27;[39m Responding to client with driver.findElement() result: {"element-6066-11e4-a52e-4f735466cecf":"a780e247-602e-45ef-aa8e-73839a82572e","ELEMENT":"a780e247-602e-45ef-aa8e-73839a82572e"}
&amp#27;[35m[HTTP]&amp#27;[39m &amp#27;[37m<-- POST /wd/hub/session/9ad58081-1fb1-4d15-80ce-e759d4eceebf/element &amp#27;[39m&amp#27;[32m200&amp#27;[39m &amp#27;[90m2192 ms - 137&amp#27;[39m
&amp#27;[35m[HTTP]&amp#27;[39m &amp#27;[90m&amp#27;[39m
&amp#27;[35m[HTTP]&amp#27;[39m &amp#27;[37m-->&amp#27;[39m &amp#27;[37mPOST&amp#27;[39m &amp#27;[37m/wd/hub/session/9ad58081-1fb1-4d15-80ce-e759d4eceebf/element/a780e247-602e-45ef-aa8e-73839a82572e/click&amp#27;[39m
&amp#27;[35m[HTTP]&amp#27;[39m &amp#27;[90m{"id":"a780e247-602e-45ef-aa8e-73839a82572e"}&amp#27;[39m
[debug] &amp#27;[35m[W3C (9ad58081)]&amp#27;[39m Calling AppiumDriver.click() with args: ["a780e247-602e-45ef-aa8e-73839a82572e","9ad58081-1fb1-4d15-80ce-e759d4eceebf"]
[debug] &amp#27;[35m[WD Proxy]&amp#27;[39m Matched '/element/a780e247-602e-45ef-aa8e-73839a82572e/click' to command name 'click'
[debug] &amp#27;[35m[WD Proxy]&amp#27;[39m Proxying [POST /element/a780e247-602e-45ef-aa8e-73839a82572e/click] to [POST http://127.0.0.1:8202/wd/hub/session/309ecd4d-745f-4bb1-975d-019119a1d545/element/a780e247-602e-45ef-aa8e-73839a82572e/click] with body: {"element":"a780e247-602e-45ef-aa8e-73839a82572e"}
[debug] &amp#27;[35m[WD Proxy]&amp#27;[39m Got response with status 200: {"sessionId":"309ecd4d-745f-4bb1-975d-019119a1d545","value":null}
[debug] &amp#27;[35m[W3C (9ad58081)]&amp#27;[39m Responding to client with driver.click() result: null
&amp#27;[35m[HTTP]&amp#27;[39m &amp#27;[37m<-- POST /wd/hub/session/9ad58081-1fb1-4d15-80ce-e759d4eceebf/element/a780e247-602e-45ef-aa8e-73839a82572e/click &amp#27;[39m&amp#27;[32m200&amp#27;[39m &amp#27;[90m21 ms - 14&amp#27;[39m
&amp#27;[35m[HTTP]&amp#27;[39m &amp#27;[90m&amp#27;[39m
&amp#27;[35m[HTTP]&amp#27;[39m &amp#27;[37m-->&amp#27;[39m &amp#27;[37mPOST&amp#27;[39m &amp#27;[37m/wd/hub/session/9ad58081-1fb1-4d15-80ce-e759d4eceebf/timeouts&amp#27;[39m
&amp#27;[35m[HTTP]&amp#27;[39m &amp#27;[90m{"implicit":50000}&amp#27;[39m
[debug] &amp#27;[35m[W3C (9ad58081)]&amp#27;[39m Calling AppiumDriver.timeouts() with args: [null,null,null,null,50000,"9ad58081-1fb1-4d15-80ce-e759d4eceebf"]
[debug] &amp#27;[35m[BaseDriver]&amp#27;[39m W3C timeout argument: {"implicit":50000}}
[debug] &amp#27;[35m[BaseDriver]&amp#27;[39m Set implicit wait to 50000ms
[debug] &amp#27;[35m[W3C (9ad58081)]&amp#27;[39m Responding to client with driver.timeouts() result: null
&amp#27;[35m[HTTP]&amp#27;[39m &amp#27;[37m<-- POST /wd/hub/session/9ad58081-1fb1-4d15-80ce-e759d4eceebf/timeouts &amp#27;[39m&amp#27;[32m200&amp#27;[39m &amp#27;[90m2 ms - 14&amp#27;[39m
&amp#27;[35m[HTTP]&amp#27;[39m &amp#27;[90m&amp#27;[39m
&amp#27;[35m[HTTP]&amp#27;[39m &amp#27;[37m-->&amp#27;[39m &amp#27;[37mPOST&amp#27;[39m &amp#27;[37m/wd/hub/session/9ad58081-1fb1-4d15-80ce-e759d4eceebf/timeouts&amp#27;[39m
&amp#27;[35m[HTTP]&amp#27;[39m &amp#27;[90m{"implicit":50000}&amp#27;[39m
[debug] &amp#27;[35m[W3C (9ad58081)]&amp#27;[39m Calling AppiumDriver.timeouts() with args: [null,null,null,null,50000,"9ad58081-1fb1-4d15-80ce-e759d4eceebf"]
[debug] &amp#27;[35m[BaseDriver]&amp#27;[39m W3C timeout argument: {"implicit":50000}}
[debug] &amp#27;[35m[BaseDriver]&amp#27;[39m Set implicit wait to 50000ms
[debug] &amp#27;[35m[W3C (9ad58081)]&amp#27;[39m Responding to client with driver.timeouts() result: null
&amp#27;[35m[HTTP]&amp#27;[39m &amp#27;[37m<-- POST /wd/hub/session/9ad58081-1fb1-4d15-80ce-e759d4eceebf/timeouts &amp#27;[39m&amp#27;[32m200&amp#27;[39m &amp#27;[90m3 ms - 14&amp#27;[39m
&amp#27;[35m[HTTP]&amp#27;[39m &amp#27;[90m&amp#27;[39m
&amp#27;[35m[HTTP]&amp#27;[39m &amp#27;[37m-->&amp#27;[39m &amp#27;[37mGET&amp#27;[39m &amp#27;[37m/wd/hub/session/9ad58081-1fb1-4d15-80ce-e759d4eceebf&amp#27;[39m
&amp#27;[35m[HTTP]&amp#27;[39m &amp#27;[90m{}&amp#27;[39m
[debug] &amp#27;[35m[W3C (9ad58081)]&amp#27;[39m Calling AppiumDriver.getSession() with args: ["9ad58081-1fb1-4d15-80ce-e759d4eceebf"]
[debug] &amp#27;[35m[UiAutomator2]&amp#27;[39m Getting session details from server to mix in
[debug] &amp#27;[35m[WD Proxy]&amp#27;[39m Matched '/' to command name 'getSession'
[debug] &amp#27;[35m[WD Proxy]&amp#27;[39m Proxying [GET /] to [GET http://127.0.0.1:8202/wd/hub/session/309ecd4d-745f-4bb1-975d-019119a1d545] with no body
[debug] &amp#27;[35m[WD Proxy]&amp#27;[39m Got response with status 200: {"sessionId":"309ecd4d-745f-4bb1-975d-019119a1d545","value":{"lastScrollData":{"toIndex":-1,"maxScrollY":2299,"maxScrollX":0,"scrollY":1633,"scrollX":0,"fromIndex":-1,"itemCount":-1}}}
[debug] &amp#27;[35m[W3C (9ad58081)]&amp#27;[39m Responding to client with driver.getSession() result: {"platform":"LINUX","webStorageEnabled":false,"takesScreenshot":true,"javascriptEnabled":true,"databaseEnabled":false,"networkConnectionEnabled":true,"locationContextEnabled":false,"warnings":{},"desired":{"platformName":"android","app":"./Resourses/in.workindia.apk","appActivity":"in.workindia.nileshdungarwal.workindiaandroid.RegisterActivity","appPackage":"in.workindia.nileshdungarwal.workindiaandroid","deviceName":"emulator-5554","platformVersion":"8.1"},"platformName":"android","app":"./Resourses/in.workindia.apk","appActivity":"in.workindia.nileshdungarwal.workindiaandroid.RegisterActivity","appPackage":"in.workindia.nileshdungarwal.workindiaandroid","deviceName":"emulator-5554","platformVersion":"8.1.0","deviceUDID":"emulator-5554","deviceApiLevel":27,"deviceScreenSize":"1080x2160","deviceScreenDensity":440,"deviceModel":"Android SDK built for x86","deviceManufacturer":"Google","pixelRatio":2.75,"statBarHeight":66,"viewportRect":{"left":0,"top":66,"width":1080,"height":1962},"lastScrollData":{"toInde...
&amp#27;[35m[HTTP]&amp#27;[39m &amp#27;[37m<-- GET /wd/hub/session/9ad58081-1fb1-4d15-80ce-e759d4eceebf &amp#27;[39m&amp#27;[32m200&amp#27;[39m &amp#27;[90m20 ms - 1128&amp#27;[39m
&amp#27;[35m[HTTP]&amp#27;[39m &amp#27;[90m&amp#27;[39m
&amp#27;[35m[HTTP]&amp#27;[39m &amp#27;[37m-->&amp#27;[39m &amp#27;[37mGET&amp#27;[39m &amp#27;[37m/wd/hub/session/9ad58081-1fb1-4d15-80ce-e759d4eceebf&amp#27;[39m
&amp#27;[35m[HTTP]&amp#27;[39m &amp#27;[90m{}&amp#27;[39m
[debug] &amp#27;[35m[W3C (9ad58081)]&amp#27;[39m Calling AppiumDriver.getSession() with args: ["9ad58081-1fb1-4d15-80ce-e759d4eceebf"]
[debug] &amp#27;[35m[UiAutomator2]&amp#27;[39m Getting session details from server to mix in
[debug] &amp#27;[35m[WD Proxy]&amp#27;[39m Matched '/' to command name 'getSession'
[debug] &amp#27;[35m[WD Proxy]&amp#27;[39m Proxying [GET /] to [GET http://127.0.0.1:8202/wd/hub/session/309ecd4d-745f-4bb1-975d-019119a1d545] with no body
[debug] &amp#27;[35m[WD Proxy]&amp#27;[39m Got response with status 200: {"sessionId":"309ecd4d-745f-4bb1-975d-019119a1d545","value":{"lastScrollData":{"toIndex":-1,"maxScrollY":2299,"maxScrollX":0,"scrollY":1633,"scrollX":0,"fromIndex":-1,"itemCount":-1}}}
[debug] &amp#27;[35m[W3C (9ad58081)]&amp#27;[39m Responding to client with driver.getSession() result: {"platform":"LINUX","webStorageEnabled":false,"takesScreenshot":true,"javascriptEnabled":true,"databaseEnabled":false,"networkConnectionEnabled":true,"locationContextEnabled":false,"warnings":{},"desired":{"platformName":"android","app":"./Resourses/in.workindia.apk","appActivity":"in.workindia.nileshdungarwal.workindiaandroid.RegisterActivity","appPackage":"in.workindia.nileshdungarwal.workindiaandroid","deviceName":"emulator-5554","platformVersion":"8.1"},"platformName":"android","app":"./Resourses/in.workindia.apk","appActivity":"in.workindia.nileshdungarwal.workindiaandroid.RegisterActivity","appPackage":"in.workindia.nileshdungarwal.workindiaandroid","deviceName":"emulator-5554","platformVersion":"8.1.0","deviceUDID":"emulator-5554","deviceApiLevel":27,"deviceScreenSize":"1080x2160","deviceScreenDensity":440,"deviceModel":"Android SDK built for x86","deviceManufacturer":"Google","pixelRatio":2.75,"statBarHeight":66,"viewportRect":{"left":0,"top":66,"width":1080,"height":1962},"lastScrollData":{"toInde...
&amp#27;[35m[HTTP]&amp#27;[39m &amp#27;[37m<-- GET /wd/hub/session/9ad58081-1fb1-4d15-80ce-e759d4eceebf &amp#27;[39m&amp#27;[32m200&amp#27;[39m &amp#27;[90m17 ms - 1128&amp#27;[39m
&amp#27;[35m[HTTP]&amp#27;[39m &amp#27;[90m&amp#27;[39m
&amp#27;[35m[HTTP]&amp#27;[39m &amp#27;[37m-->&amp#27;[39m &amp#27;[37mGET&amp#27;[39m &amp#27;[37m/wd/hub/session/9ad58081-1fb1-4d15-80ce-e759d4eceebf&amp#27;[39m
&amp#27;[35m[HTTP]&amp#27;[39m &amp#27;[90m{}&amp#27;[39m
[debug] &amp#27;[35m[W3C (9ad58081)]&amp#27;[39m Calling AppiumDriver.getSession() with args: ["9ad58081-1fb1-4d15-80ce-e759d4eceebf"]
[debug] &amp#27;[35m[UiAutomator2]&amp#27;[39m Getting session details from server to mix in
[debug] &amp#27;[35m[WD Proxy]&amp#27;[39m Matched '/' to command name 'getSession'
[debug] &amp#27;[35m[WD Proxy]&amp#27;[39m Proxying [GET /] to [GET http://127.0.0.1:8202/wd/hub/session/309ecd4d-745f-4bb1-975d-019119a1d545] with no body
[debug] &amp#27;[35m[WD Proxy]&amp#27;[39m Got response with status 200: {"sessionId":"309ecd4d-745f-4bb1-975d-019119a1d545","value":{"lastScrollData":{"toIndex":-1,"maxScrollY":2299,"maxScrollX":0,"scrollY":1633,"scrollX":0,"fromIndex":-1,"itemCount":-1}}}
[debug] &amp#27;[35m[W3C (9ad58081)]&amp#27;[39m Responding to client with driver.getSession() result: {"platform":"LINUX","webStorageEnabled":false,"takesScreenshot":true,"javascriptEnabled":true,"databaseEnabled":false,"networkConnectionEnabled":true,"locationContextEnabled":false,"warnings":{},"desired":{"platformName":"android","app":"./Resourses/in.workindia.apk","appActivity":"in.workindia.nileshdungarwal.workindiaandroid.RegisterActivity","appPackage":"in.workindia.nileshdungarwal.workindiaandroid","deviceName":"emulator-5554","platformVersion":"8.1"},"platformName":"android","app":"./Resourses/in.workindia.apk","appActivity":"in.workindia.nileshdungarwal.workindiaandroid.RegisterActivity","appPackage":"in.workindia.nileshdungarwal.workindiaandroid","deviceName":"emulator-5554","platformVersion":"8.1.0","deviceUDID":"emulator-5554","deviceApiLevel":27,"deviceScreenSize":"1080x2160","deviceScreenDensity":440,"deviceModel":"Android SDK built for x86","deviceManufacturer":"Google","pixelRatio":2.75,"statBarHeight":66,"viewportRect":{"left":0,"top":66,"width":1080,"height":1962},"lastScrollData":{"toInde...
&amp#27;[35m[HTTP]&amp#27;[39m &amp#27;[37m<-- GET /wd/hub/session/9ad58081-1fb1-4d15-80ce-e759d4eceebf &amp#27;[39m&amp#27;[32m200&amp#27;[39m &amp#27;[90m13 ms - 1128&amp#27;[39m
&amp#27;[35m[HTTP]&amp#27;[39m &amp#27;[90m&amp#27;[39m
&amp#27;[35m[HTTP]&amp#27;[39m &amp#27;[37m-->&amp#27;[39m &amp#27;[37mPOST&amp#27;[39m &amp#27;[37m/wd/hub/session/9ad58081-1fb1-4d15-80ce-e759d4eceebf/element&amp#27;[39m
&amp#27;[35m[HTTP]&amp#27;[39m &amp#27;[90m{"using":"xpath","value":"//*[@text='Computer']"}&amp#27;[39m
[debug] &amp#27;[35m[W3C (9ad58081)]&amp#27;[39m Calling AppiumDriver.findElement() with args: ["xpath","//*[@text='Computer']","9ad58081-1fb1-4d15-80ce-e759d4eceebf"]
[debug] &amp#27;[35m[BaseDriver]&amp#27;[39m Valid locator strategies for this request: xpath, id, class name, accessibility id, css selector, -android uiautomator
[debug] &amp#27;[35m[BaseDriver]&amp#27;[39m Waiting up to 50000 ms for condition
[debug] &amp#27;[35m[WD Proxy]&amp#27;[39m Matched '/element' to command name 'findElement'
[debug] &amp#27;[35m[WD Proxy]&amp#27;[39m Proxying [POST /element] to [POST http://127.0.0.1:8202/wd/hub/session/309ecd4d-745f-4bb1-975d-019119a1d545/element] with body: {"strategy":"xpath","selector":"//*[@text='Computer']","context":"","multiple":false}
[debug] &amp#27;[35m[WD Proxy]&amp#27;[39m Got response with status 200: {"sessionId":"309ecd4d-745f-4bb1-975d-019119a1d545","value":{"ELEMENT":"3a356e9a-a444-4c35-b24a-d235628738cf","element-6066-11e4-a52e-4f735466cecf":"3a356e9a-a444-4c35-b24a-d235628738cf"}}
[debug] &amp#27;[35m[W3C (9ad58081)]&amp#27;[39m Responding to client with driver.findElement() result: {"element-6066-11e4-a52e-4f735466cecf":"3a356e9a-a444-4c35-b24a-d235628738cf","ELEMENT":"3a356e9a-a444-4c35-b24a-d235628738cf"}
&amp#27;[35m[HTTP]&amp#27;[39m &amp#27;[37m<-- POST /wd/hub/session/9ad58081-1fb1-4d15-80ce-e759d4eceebf/element &amp#27;[39m&amp#27;[32m200&amp#27;[39m &amp#27;[90m763 ms - 137&amp#27;[39m
&amp#27;[35m[HTTP]&amp#27;[39m &amp#27;[90m&amp#27;[39m
&amp#27;[35m[HTTP]&amp#27;[39m &amp#27;[37m-->&amp#27;[39m &amp#27;[37mPOST&amp#27;[39m &amp#27;[37m/wd/hub/session/9ad58081-1fb1-4d15-80ce-e759d4eceebf/element/3a356e9a-a444-4c35-b24a-d235628738cf/click&amp#27;[39m
&amp#27;[35m[HTTP]&amp#27;[39m &amp#27;[90m{"id":"3a356e9a-a444-4c35-b24a-d235628738cf"}&amp#27;[39m
[debug] &amp#27;[35m[W3C (9ad58081)]&amp#27;[39m Calling AppiumDriver.click() with args: ["3a356e9a-a444-4c35-b24a-d235628738cf","9ad58081-1fb1-4d15-80ce-e759d4eceebf"]
[debug] &amp#27;[35m[WD Proxy]&amp#27;[39m Matched '/element/3a356e9a-a444-4c35-b24a-d235628738cf/click' to command name 'click'
[debug] &amp#27;[35m[WD Proxy]&amp#27;[39m Proxying [POST /element/3a356e9a-a444-4c35-b24a-d235628738cf/click] to [POST http://127.0.0.1:8202/wd/hub/session/309ecd4d-745f-4bb1-975d-019119a1d545/element/3a356e9a-a444-4c35-b24a-d235628738cf/click] with body: {"element":"3a356e9a-a444-4c35-b24a-d235628738cf"}
[debug] &amp#27;[35m[WD Proxy]&amp#27;[39m Got response with status 200: {"sessionId":"309ecd4d-745f-4bb1-975d-019119a1d545","value":null}
[debug] &amp#27;[35m[W3C (9ad58081)]&amp#27;[39m Responding to client with driver.click() result: null
&amp#27;[35m[HTTP]&amp#27;[39m &amp#27;[37m<-- POST /wd/hub/session/9ad58081-1fb1-4d15-80ce-e759d4eceebf/element/3a356e9a-a444-4c35-b24a-d235628738cf/click &amp#27;[39m&amp#27;[32m200&amp#27;[39m &amp#27;[90m17 ms - 14&amp#27;[39m
&amp#27;[35m[HTTP]&amp#27;[39m &amp#27;[90m&amp#27;[39m
&amp#27;[35m[HTTP]&amp#27;[39m &amp#27;[37m-->&amp#27;[39m &amp#27;[37mPOST&amp#27;[39m &amp#27;[37m/wd/hub/session/9ad58081-1fb1-4d15-80ce-e759d4eceebf/timeouts&amp#27;[39m
&amp#27;[35m[HTTP]&amp#27;[39m &amp#27;[90m{"implicit":50000}&amp#27;[39m
[debug] &amp#27;[35m[W3C (9ad58081)]&amp#27;[39m Calling AppiumDriver.timeouts() with args: [null,null,null,null,50000,"9ad58081-1fb1-4d15-80ce-e759d4eceebf"]
[debug] &amp#27;[35m[BaseDriver]&amp#27;[39m W3C timeout argument: {"implicit":50000}}
[debug] &amp#27;[35m[BaseDriver]&amp#27;[39m Set implicit wait to 50000ms
[debug] &amp#27;[35m[W3C (9ad58081)]&amp#27;[39m Responding to client with driver.timeouts() result: null
&amp#27;[35m[HTTP]&amp#27;[39m &amp#27;[37m<-- POST /wd/hub/session/9ad58081-1fb1-4d15-80ce-e759d4eceebf/timeouts &amp#27;[39m&amp#27;[32m200&amp#27;[39m &amp#27;[90m1 ms - 14&amp#27;[39m
&amp#27;[35m[HTTP]&amp#27;[39m &amp#27;[90m&amp#27;[39m
&amp#27;[35m[HTTP]&amp#27;[39m &amp#27;[37m-->&amp#27;[39m &amp#27;[37mGET&amp#27;[39m &amp#27;[37m/wd/hub/session/9ad58081-1fb1-4d15-80ce-e759d4eceebf&amp#27;[39m
&amp#27;[35m[HTTP]&amp#27;[39m &amp#27;[90m{}&amp#27;[39m
[debug] &amp#27;[35m[W3C (9ad58081)]&amp#27;[39m Calling AppiumDriver.getSession() with args: ["9ad58081-1fb1-4d15-80ce-e759d4eceebf"]
[debug] &amp#27;[35m[UiAutomator2]&amp#27;[39m Getting session details from server to mix in
[debug] &amp#27;[35m[WD Proxy]&amp#27;[39m Matched '/' to command name 'getSession'
[debug] &amp#27;[35m[WD Proxy]&amp#27;[39m Proxying [GET /] to [GET http://127.0.0.1:8202/wd/hub/session/309ecd4d-745f-4bb1-975d-019119a1d545] with no body
[debug] &amp#27;[35m[WD Proxy]&amp#27;[39m Got response with status 200: {"sessionId":"309ecd4d-745f-4bb1-975d-019119a1d545","value":{"lastScrollData":{"toIndex":-1,"maxScrollY":2299,"maxScrollX":0,"scrollY":1633,"scrollX":0,"fromIndex":-1,"itemCount":-1}}}
[debug] &amp#27;[35m[W3C (9ad58081)]&amp#27;[39m Responding to client with driver.getSession() result: {"platform":"LINUX","webStorageEnabled":false,"takesScreenshot":true,"javascriptEnabled":true,"databaseEnabled":false,"networkConnectionEnabled":true,"locationContextEnabled":false,"warnings":{},"desired":{"platformName":"android","app":"./Resourses/in.workindia.apk","appActivity":"in.workindia.nileshdungarwal.workindiaandroid.RegisterActivity","appPackage":"in.workindia.nileshdungarwal.workindiaandroid","deviceName":"emulator-5554","platformVersion":"8.1"},"platformName":"android","app":"./Resourses/in.workindia.apk","appActivity":"in.workindia.nileshdungarwal.workindiaandroid.RegisterActivity","appPackage":"in.workindia.nileshdungarwal.workindiaandroid","deviceName":"emulator-5554","platformVersion":"8.1.0","deviceUDID":"emulator-5554","deviceApiLevel":27,"deviceScreenSize":"1080x2160","deviceScreenDensity":440,"deviceModel":"Android SDK built for x86","deviceManufacturer":"Google","pixelRatio":2.75,"statBarHeight":66,"viewportRect":{"left":0,"top":66,"width":1080,"height":1962},"lastScrollData":{"toInde...
&amp#27;[35m[HTTP]&amp#27;[39m &amp#27;[37m<-- GET /wd/hub/session/9ad58081-1fb1-4d15-80ce-e759d4eceebf &amp#27;[39m&amp#27;[32m200&amp#27;[39m &amp#27;[90m17 ms - 1128&amp#27;[39m
&amp#27;[35m[HTTP]&amp#27;[39m &amp#27;[90m&amp#27;[39m
&amp#27;[35m[HTTP]&amp#27;[39m &amp#27;[37m-->&amp#27;[39m &amp#27;[37mGET&amp#27;[39m &amp#27;[37m/wd/hub/session/9ad58081-1fb1-4d15-80ce-e759d4eceebf&amp#27;[39m
&amp#27;[35m[HTTP]&amp#27;[39m &amp#27;[90m{}&amp#27;[39m
[debug] &amp#27;[35m[W3C (9ad58081)]&amp#27;[39m Calling AppiumDriver.getSession() with args: ["9ad58081-1fb1-4d15-80ce-e759d4eceebf"]
[debug] &amp#27;[35m[UiAutomator2]&amp#27;[39m Getting session details from server to mix in
[debug] &amp#27;[35m[WD Proxy]&amp#27;[39m Matched '/' to command name 'getSession'
[debug] &amp#27;[35m[WD Proxy]&amp#27;[39m Proxying [GET /] to [GET http://127.0.0.1:8202/wd/hub/session/309ecd4d-745f-4bb1-975d-019119a1d545] with no body
[debug] &amp#27;[35m[WD Proxy]&amp#27;[39m Got response with status 200: {"sessionId":"309ecd4d-745f-4bb1-975d-019119a1d545","value":{"lastScrollData":{"toIndex":-1,"maxScrollY":2299,"maxScrollX":0,"scrollY":1633,"scrollX":0,"fromIndex":-1,"itemCount":-1}}}
[debug] &amp#27;[35m[W3C (9ad58081)]&amp#27;[39m Responding to client with driver.getSession() result: {"platform":"LINUX","webStorageEnabled":false,"takesScreenshot":true,"javascriptEnabled":true,"databaseEnabled":false,"networkConnectionEnabled":true,"locationContextEnabled":false,"warnings":{},"desired":{"platformName":"android","app":"./Resourses/in.workindia.apk","appActivity":"in.workindia.nileshdungarwal.workindiaandroid.RegisterActivity","appPackage":"in.workindia.nileshdungarwal.workindiaandroid","deviceName":"emulator-5554","platformVersion":"8.1"},"platformName":"android","app":"./Resourses/in.workindia.apk","appActivity":"in.workindia.nileshdungarwal.workindiaandroid.RegisterActivity","appPackage":"in.workindia.nileshdungarwal.workindiaandroid","deviceName":"emulator-5554","platformVersion":"8.1.0","deviceUDID":"emulator-5554","deviceApiLevel":27,"deviceScreenSize":"1080x2160","deviceScreenDensity":440,"deviceModel":"Android SDK built for x86","deviceManufacturer":"Google","pixelRatio":2.75,"statBarHeight":66,"viewportRect":{"left":0,"top":66,"width":1080,"height":1962},"lastScrollData":{"toInde...
&amp#27;[35m[HTTP]&amp#27;[39m &amp#27;[37m<-- GET /wd/hub/session/9ad58081-1fb1-4d15-80ce-e759d4eceebf &amp#27;[39m&amp#27;[32m200&amp#27;[39m &amp#27;[90m22 ms - 1128&amp#27;[39m
&amp#27;[35m[HTTP]&amp#27;[39m &amp#27;[90m&amp#27;[39m
&amp#27;[35m[HTTP]&amp#27;[39m &amp#27;[37m-->&amp#27;[39m &amp#27;[37mGET&amp#27;[39m &amp#27;[37m/wd/hub/session/9ad58081-1fb1-4d15-80ce-e759d4eceebf&amp#27;[39m
&amp#27;[35m[HTTP]&amp#27;[39m &amp#27;[90m{}&amp#27;[39m
[debug] &amp#27;[35m[W3C (9ad58081)]&amp#27;[39m Calling AppiumDriver.getSession() with args: ["9ad58081-1fb1-4d15-80ce-e759d4eceebf"]
[debug] &amp#27;[35m[UiAutomator2]&amp#27;[39m Getting session details from server to mix in
[debug] &amp#27;[35m[WD Proxy]&amp#27;[39m Matched '/' to command name 'getSession'
[debug] &amp#27;[35m[WD Proxy]&amp#27;[39m Proxying [GET /] to [GET http://127.0.0.1:8202/wd/hub/session/309ecd4d-745f-4bb1-975d-019119a1d545] with no body
[debug] &amp#27;[35m[WD Proxy]&amp#27;[39m Got response with status 200: {"sessionId":"309ecd4d-745f-4bb1-975d-019119a1d545","value":{"lastScrollData":{"toIndex":-1,"maxScrollY":2299,"maxScrollX":0,"scrollY":1633,"scrollX":0,"fromIndex":-1,"itemCount":-1}}}
[debug] &amp#27;[35m[W3C (9ad58081)]&amp#27;[39m Responding to client with driver.getSession() result: {"platform":"LINUX","webStorageEnabled":false,"takesScreenshot":true,"javascriptEnabled":true,"databaseEnabled":false,"networkConnectionEnabled":true,"locationContextEnabled":false,"warnings":{},"desired":{"platformName":"android","app":"./Resourses/in.workindia.apk","appActivity":"in.workindia.nileshdungarwal.workindiaandroid.RegisterActivity","appPackage":"in.workindia.nileshdungarwal.workindiaandroid","deviceName":"emulator-5554","platformVersion":"8.1"},"platformName":"android","app":"./Resourses/in.workindia.apk","appActivity":"in.workindia.nileshdungarwal.workindiaandroid.RegisterActivity","appPackage":"in.workindia.nileshdungarwal.workindiaandroid","deviceName":"emulator-5554","platformVersion":"8.1.0","deviceUDID":"emulator-5554","deviceApiLevel":27,"deviceScreenSize":"1080x2160","deviceScreenDensity":440,"deviceModel":"Android SDK built for x86","deviceManufacturer":"Google","pixelRatio":2.75,"statBarHeight":66,"viewportRect":{"left":0,"top":66,"width":1080,"height":1962},"lastScrollData":{"toInde...
&amp#27;[35m[HTTP]&amp#27;[39m &amp#27;[37m<-- GET /wd/hub/session/9ad58081-1fb1-4d15-80ce-e759d4eceebf &amp#27;[39m&amp#27;[32m200&amp#27;[39m &amp#27;[90m20 ms - 1128&amp#27;[39m
&amp#27;[35m[HTTP]&amp#27;[39m &amp#27;[90m&amp#27;[39m
&amp#27;[35m[HTTP]&amp#27;[39m &amp#27;[37m-->&amp#27;[39m &amp#27;[37mPOST&amp#27;[39m &amp#27;[37m/wd/hub/session/9ad58081-1fb1-4d15-80ce-e759d4eceebf/element&amp#27;[39m
&amp#27;[35m[HTTP]&amp#27;[39m &amp#27;[90m{"using":"id","value":"android:id/button1"}&amp#27;[39m
[debug] &amp#27;[35m[W3C (9ad58081)]&amp#27;[39m Calling AppiumDriver.findElement() with args: ["id","android:id/button1","9ad58081-1fb1-4d15-80ce-e759d4eceebf"]
[debug] &amp#27;[35m[BaseDriver]&amp#27;[39m Valid locator strategies for this request: xpath, id, class name, accessibility id, css selector, -android uiautomator
[debug] &amp#27;[35m[BaseDriver]&amp#27;[39m Waiting up to 50000 ms for condition
[debug] &amp#27;[35m[WD Proxy]&amp#27;[39m Matched '/element' to command name 'findElement'
[debug] &amp#27;[35m[WD Proxy]&amp#27;[39m Proxying [POST /element] to [POST http://127.0.0.1:8202/wd/hub/session/309ecd4d-745f-4bb1-975d-019119a1d545/element] with body: {"strategy":"id","selector":"android:id/button1","context":"","multiple":false}
[debug] &amp#27;[35m[WD Proxy]&amp#27;[39m Got response with status 200: {"sessionId":"309ecd4d-745f-4bb1-975d-019119a1d545","value":{"ELEMENT":"42274ba2-8958-4e8e-96e6-b42eda075d63","element-6066-11e4-a52e-4f735466cecf":"42274ba2-8958-4e8e-96e6-b42eda075d63"}}
[debug] &amp#27;[35m[W3C (9ad58081)]&amp#27;[39m Responding to client with driver.findElement() result: {"element-6066-11e4-a52e-4f735466cecf":"42274ba2-8958-4e8e-96e6-b42eda075d63","ELEMENT":"42274ba2-8958-4e8e-96e6-b42eda075d63"}
&amp#27;[35m[HTTP]&amp#27;[39m &amp#27;[37m<-- POST /wd/hub/session/9ad58081-1fb1-4d15-80ce-e759d4eceebf/element &amp#27;[39m&amp#27;[32m200&amp#27;[39m &amp#27;[90m495 ms - 137&amp#27;[39m
&amp#27;[35m[HTTP]&amp#27;[39m &amp#27;[90m&amp#27;[39m
&amp#27;[35m[HTTP]&amp#27;[39m &amp#27;[37m-->&amp#27;[39m &amp#27;[37mPOST&amp#27;[39m &amp#27;[37m/wd/hub/session/9ad58081-1fb1-4d15-80ce-e759d4eceebf/element/42274ba2-8958-4e8e-96e6-b42eda075d63/click&amp#27;[39m
&amp#27;[35m[HTTP]&amp#27;[39m &amp#27;[90m{"id":"42274ba2-8958-4e8e-96e6-b42eda075d63"}&amp#27;[39m
[debug] &amp#27;[35m[W3C (9ad58081)]&amp#27;[39m Calling AppiumDriver.click() with args: ["42274ba2-8958-4e8e-96e6-b42eda075d63","9ad58081-1fb1-4d15-80ce-e759d4eceebf"]
[debug] &amp#27;[35m[WD Proxy]&amp#27;[39m Matched '/element/42274ba2-8958-4e8e-96e6-b42eda075d63/click' to command name 'click'
[debug] &amp#27;[35m[WD Proxy]&amp#27;[39m Proxying [POST /element/42274ba2-8958-4e8e-96e6-b42eda075d63/click] to [POST http://127.0.0.1:8202/wd/hub/session/309ecd4d-745f-4bb1-975d-019119a1d545/element/42274ba2-8958-4e8e-96e6-b42eda075d63/click] with body: {"element":"42274ba2-8958-4e8e-96e6-b42eda075d63"}
[debug] &amp#27;[35m[WD Proxy]&amp#27;[39m Got response with status 200: {"sessionId":"309ecd4d-745f-4bb1-975d-019119a1d545","value":null}
[debug] &amp#27;[35m[W3C (9ad58081)]&amp#27;[39m Responding to client with driver.click() result: null
&amp#27;[35m[HTTP]&amp#27;[39m &amp#27;[37m<-- POST /wd/hub/session/9ad58081-1fb1-4d15-80ce-e759d4eceebf/element/42274ba2-8958-4e8e-96e6-b42eda075d63/click &amp#27;[39m&amp#27;[32m200&amp#27;[39m &amp#27;[90m50 ms - 14&amp#27;[39m
&amp#27;[35m[HTTP]&amp#27;[39m &amp#27;[90m&amp#27;[39m
&amp#27;[35m[HTTP]&amp#27;[39m &amp#27;[37m-->&amp#27;[39m &amp#27;[37mPOST&amp#27;[39m &amp#27;[37m/wd/hub/session/9ad58081-1fb1-4d15-80ce-e759d4eceebf/timeouts&amp#27;[39m
&amp#27;[35m[HTTP]&amp#27;[39m &amp#27;[90m{"implicit":50000}&amp#27;[39m
[debug] &amp#27;[35m[W3C (9ad58081)]&amp#27;[39m Calling AppiumDriver.timeouts() with args: [null,null,null,null,50000,"9ad58081-1fb1-4d15-80ce-e759d4eceebf"]
[debug] &amp#27;[35m[BaseDriver]&amp#27;[39m W3C timeout argument: {"implicit":50000}}
[debug] &amp#27;[35m[BaseDriver]&amp#27;[39m Set implicit wait to 50000ms
[debug] &amp#27;[35m[W3C (9ad58081)]&amp#27;[39m Responding to client with driver.timeouts() result: null
&amp#27;[35m[HTTP]&amp#27;[39m &amp#27;[37m<-- POST /wd/hub/session/9ad58081-1fb1-4d15-80ce-e759d4eceebf/timeouts &amp#27;[39m&amp#27;[32m200&amp#27;[39m &amp#27;[90m6 ms - 14&amp#27;[39m
&amp#27;[35m[HTTP]&amp#27;[39m &amp#27;[90m&amp#27;[39m
&amp#27;[35m[HTTP]&amp#27;[39m &amp#27;[37m-->&amp#27;[39m &amp#27;[37mPOST&amp#27;[39m &amp#27;[37m/wd/hub/session/9ad58081-1fb1-4d15-80ce-e759d4eceebf/timeouts&amp#27;[39m
&amp#27;[35m[HTTP]&amp#27;[39m &amp#27;[90m{"implicit":50000}&amp#27;[39m
[debug] &amp#27;[35m[W3C (9ad58081)]&amp#27;[39m Calling AppiumDriver.timeouts() with args: [null,null,null,null,50000,"9ad58081-1fb1-4d15-80ce-e759d4eceebf"]
[debug] &amp#27;[35m[BaseDriver]&amp#27;[39m W3C timeout argument: {"implicit":50000}}
[debug] &amp#27;[35m[BaseDriver]&amp#27;[39m Set implicit wait to 50000ms
[debug] &amp#27;[35m[W3C (9ad58081)]&amp#27;[39m Responding to client with driver.timeouts() result: null
&amp#27;[35m[HTTP]&amp#27;[39m &amp#27;[37m<-- POST /wd/hub/session/9ad58081-1fb1-4d15-80ce-e759d4eceebf/timeouts &amp#27;[39m&amp#27;[32m200&amp#27;[39m &amp#27;[90m5 ms - 14&amp#27;[39m
&amp#27;[35m[HTTP]&amp#27;[39m &amp#27;[90m&amp#27;[39m
&amp#27;[35m[HTTP]&amp#27;[39m &amp#27;[37m-->&amp#27;[39m &amp#27;[37mGET&amp#27;[39m &amp#27;[37m/wd/hub/session/9ad58081-1fb1-4d15-80ce-e759d4eceebf&amp#27;[39m
&amp#27;[35m[HTTP]&amp#27;[39m &amp#27;[90m{}&amp#27;[39m
[debug] &amp#27;[35m[W3C (9ad58081)]&amp#27;[39m Calling AppiumDriver.getSession() with args: ["9ad58081-1fb1-4d15-80ce-e759d4eceebf"]
[debug] &amp#27;[35m[UiAutomator2]&amp#27;[39m Getting session details from server to mix in
[debug] &amp#27;[35m[WD Proxy]&amp#27;[39m Matched '/' to command name 'getSession'
[debug] &amp#27;[35m[WD Proxy]&amp#27;[39m Proxying [GET /] to [GET http://127.0.0.1:8202/wd/hub/session/309ecd4d-745f-4bb1-975d-019119a1d545] with no body
[debug] &amp#27;[35m[WD Proxy]&amp#27;[39m Got response with status 200: {"sessionId":"309ecd4d-745f-4bb1-975d-019119a1d545","value":{"lastScrollData":{"toIndex":-1,"maxScrollY":2299,"maxScrollX":0,"scrollY":1633,"scrollX":0,"fromIndex":-1,"itemCount":-1}}}
[debug] &amp#27;[35m[W3C (9ad58081)]&amp#27;[39m Responding to client with driver.getSession() result: {"platform":"LINUX","webStorageEnabled":false,"takesScreenshot":true,"javascriptEnabled":true,"databaseEnabled":false,"networkConnectionEnabled":true,"locationContextEnabled":false,"warnings":{},"desired":{"platformName":"android","app":"./Resourses/in.workindia.apk","appActivity":"in.workindia.nileshdungarwal.workindiaandroid.RegisterActivity","appPackage":"in.workindia.nileshdungarwal.workindiaandroid","deviceName":"emulator-5554","platformVersion":"8.1"},"platformName":"android","app":"./Resourses/in.workindia.apk","appActivity":"in.workindia.nileshdungarwal.workindiaandroid.RegisterActivity","appPackage":"in.workindia.nileshdungarwal.workindiaandroid","deviceName":"emulator-5554","platformVersion":"8.1.0","deviceUDID":"emulator-5554","deviceApiLevel":27,"deviceScreenSize":"1080x2160","deviceScreenDensity":440,"deviceModel":"Android SDK built for x86","deviceManufacturer":"Google","pixelRatio":2.75,"statBarHeight":66,"viewportRect":{"left":0,"top":66,"width":1080,"height":1962},"lastScrollData":{"toInde...
&amp#27;[35m[HTTP]&amp#27;[39m &amp#27;[37m<-- GET /wd/hub/session/9ad58081-1fb1-4d15-80ce-e759d4eceebf &amp#27;[39m&amp#27;[32m200&amp#27;[39m &amp#27;[90m31 ms - 1128&amp#27;[39m
&amp#27;[35m[HTTP]&amp#27;[39m &amp#27;[90m&amp#27;[39m
&amp#27;[35m[HTTP]&amp#27;[39m &amp#27;[37m-->&amp#27;[39m &amp#27;[37mGET&amp#27;[39m &amp#27;[37m/wd/hub/session/9ad58081-1fb1-4d15-80ce-e759d4eceebf&amp#27;[39m
&amp#27;[35m[HTTP]&amp#27;[39m &amp#27;[90m{}&amp#27;[39m
[debug] &amp#27;[35m[W3C (9ad58081)]&amp#27;[39m Calling AppiumDriver.getSession() with args: ["9ad58081-1fb1-4d15-80ce-e759d4eceebf"]
[debug] &amp#27;[35m[UiAutomator2]&amp#27;[39m Getting session details from server to mix in
[debug] &amp#27;[35m[WD Proxy]&amp#27;[39m Matched '/' to command name 'getSession'
[debug] &amp#27;[35m[WD Proxy]&amp#27;[39m Proxying [GET /] to [GET http://127.0.0.1:8202/wd/hub/session/309ecd4d-745f-4bb1-975d-019119a1d545] with no body
[debug] &amp#27;[35m[WD Proxy]&amp#27;[39m Got response with status 200: {"sessionId":"309ecd4d-745f-4bb1-975d-019119a1d545","value":{"lastScrollData":{"toIndex":-1,"maxScrollY":2299,"maxScrollX":0,"scrollY":1633,"scrollX":0,"fromIndex":-1,"itemCount":-1}}}
[debug] &amp#27;[35m[W3C (9ad58081)]&amp#27;[39m Responding to client with driver.getSession() result: {"platform":"LINUX","webStorageEnabled":false,"takesScreenshot":true,"javascriptEnabled":true,"databaseEnabled":false,"networkConnectionEnabled":true,"locationContextEnabled":false,"warnings":{},"desired":{"platformName":"android","app":"./Resourses/in.workindia.apk","appActivity":"in.workindia.nileshdungarwal.workindiaandroid.RegisterActivity","appPackage":"in.workindia.nileshdungarwal.workindiaandroid","deviceName":"emulator-5554","platformVersion":"8.1"},"platformName":"android","app":"./Resourses/in.workindia.apk","appActivity":"in.workindia.nileshdungarwal.workindiaandroid.RegisterActivity","appPackage":"in.workindia.nileshdungarwal.workindiaandroid","deviceName":"emulator-5554","platformVersion":"8.1.0","deviceUDID":"emulator-5554","deviceApiLevel":27,"deviceScreenSize":"1080x2160","deviceScreenDensity":440,"deviceModel":"Android SDK built for x86","deviceManufacturer":"Google","pixelRatio":2.75,"statBarHeight":66,"viewportRect":{"left":0,"top":66,"width":1080,"height":1962},"lastScrollData":{"toInde...
&amp#27;[35m[HTTP]&amp#27;[39m &amp#27;[37m<-- GET /wd/hub/session/9ad58081-1fb1-4d15-80ce-e759d4eceebf &amp#27;[39m&amp#27;[32m200&amp#27;[39m &amp#27;[90m22 ms - 1128&amp#27;[39m
&amp#27;[35m[HTTP]&amp#27;[39m &amp#27;[90m&amp#27;[39m
&amp#27;[35m[HTTP]&amp#27;[39m &amp#27;[37m-->&amp#27;[39m &amp#27;[37mGET&amp#27;[39m &amp#27;[37m/wd/hub/session/9ad58081-1fb1-4d15-80ce-e759d4eceebf&amp#27;[39m
&amp#27;[35m[HTTP]&amp#27;[39m &amp#27;[90m{}&amp#27;[39m
[debug] &amp#27;[35m[W3C (9ad58081)]&amp#27;[39m Calling AppiumDriver.getSession() with args: ["9ad58081-1fb1-4d15-80ce-e759d4eceebf"]
[debug] &amp#27;[35m[UiAutomator2]&amp#27;[39m Getting session details from server to mix in
[debug] &amp#27;[35m[WD Proxy]&amp#27;[39m Matched '/' to command name 'getSession'
[debug] &amp#27;[35m[WD Proxy]&amp#27;[39m Proxying [GET /] to [GET http://127.0.0.1:8202/wd/hub/session/309ecd4d-745f-4bb1-975d-019119a1d545] with no body
[debug] &amp#27;[35m[WD Proxy]&amp#27;[39m Got response with status 200: {"sessionId":"309ecd4d-745f-4bb1-975d-019119a1d545","value":{"lastScrollData":{"toIndex":-1,"maxScrollY":2299,"maxScrollX":0,"scrollY":1633,"scrollX":0,"fromIndex":-1,"itemCount":-1}}}
[debug] &amp#27;[35m[W3C (9ad58081)]&amp#27;[39m Responding to client with driver.getSession() result: {"platform":"LINUX","webStorageEnabled":false,"takesScreenshot":true,"javascriptEnabled":true,"databaseEnabled":false,"networkConnectionEnabled":true,"locationContextEnabled":false,"warnings":{},"desired":{"platformName":"android","app":"./Resourses/in.workindia.apk","appActivity":"in.workindia.nileshdungarwal.workindiaandroid.RegisterActivity","appPackage":"in.workindia.nileshdungarwal.workindiaandroid","deviceName":"emulator-5554","platformVersion":"8.1"},"platformName":"android","app":"./Resourses/in.workindia.apk","appActivity":"in.workindia.nileshdungarwal.workindiaandroid.RegisterActivity","appPackage":"in.workindia.nileshdungarwal.workindiaandroid","deviceName":"emulator-5554","platformVersion":"8.1.0","deviceUDID":"emulator-5554","deviceApiLevel":27,"deviceScreenSize":"1080x2160","deviceScreenDensity":440,"deviceModel":"Android SDK built for x86","deviceManufacturer":"Google","pixelRatio":2.75,"statBarHeight":66,"viewportRect":{"left":0,"top":66,"width":1080,"height":1962},"lastScrollData":{"toInde...
&amp#27;[35m[HTTP]&amp#27;[39m &amp#27;[37m<-- GET /wd/hub/session/9ad58081-1fb1-4d15-80ce-e759d4eceebf &amp#27;[39m&amp#27;[32m200&amp#27;[39m &amp#27;[90m19 ms - 1128&amp#27;[39m
&amp#27;[35m[HTTP]&amp#27;[39m &amp#27;[90m&amp#27;[39m
&amp#27;[35m[HTTP]&amp#27;[39m &amp#27;[37m-->&amp#27;[39m &amp#27;[37mPOST&amp#27;[39m &amp#27;[37m/wd/hub/session/9ad58081-1fb1-4d15-80ce-e759d4eceebf/element&amp#27;[39m
&amp#27;[35m[HTTP]&amp#27;[39m &amp#27;[90m{"using":"id","value":"in.workindia.nileshdungarwal.workindiaandroid:id/et_course"}&amp#27;[39m
[debug] &amp#27;[35m[W3C (9ad58081)]&amp#27;[39m Calling AppiumDriver.findElement() with args: ["id","in.workindia.nileshdungarwal.workindiaandroid:id/et_course","9ad58081-1fb1-4d15-80ce-e759d4eceebf"]
[debug] &amp#27;[35m[BaseDriver]&amp#27;[39m Valid locator strategies for this request: xpath, id, class name, accessibility id, css selector, -android uiautomator
[debug] &amp#27;[35m[BaseDriver]&amp#27;[39m Waiting up to 50000 ms for condition
[debug] &amp#27;[35m[WD Proxy]&amp#27;[39m Matched '/element' to command name 'findElement'
[debug] &amp#27;[35m[WD Proxy]&amp#27;[39m Proxying [POST /element] to [POST http://127.0.0.1:8202/wd/hub/session/309ecd4d-745f-4bb1-975d-019119a1d545/element] with body: {"strategy":"id","selector":"in.workindia.nileshdungarwal.workindiaandroid:id/et_course","context":"","multiple":false}
[debug] &amp#27;[35m[WD Proxy]&amp#27;[39m Got response with status 200: {"sessionId":"309ecd4d-745f-4bb1-975d-019119a1d545","value":{"ELEMENT":"442dbd81-1892-4fe6-90df-71c42972e35f","element-6066-11e4-a52e-4f735466cecf":"442dbd81-1892-4fe6-90df-71c42972e35f"}}
[debug] &amp#27;[35m[W3C (9ad58081)]&amp#27;[39m Responding to client with driver.findElement() result: {"element-6066-11e4-a52e-4f735466cecf":"442dbd81-1892-4fe6-90df-71c42972e35f","ELEMENT":"442dbd81-1892-4fe6-90df-71c42972e35f"}
&amp#27;[35m[HTTP]&amp#27;[39m &amp#27;[37m<-- POST /wd/hub/session/9ad58081-1fb1-4d15-80ce-e759d4eceebf/element &amp#27;[39m&amp#27;[32m200&amp#27;[39m &amp#27;[90m511 ms - 137&amp#27;[39m
&amp#27;[35m[HTTP]&amp#27;[39m &amp#27;[90m&amp#27;[39m
&amp#27;[35m[HTTP]&amp#27;[39m &amp#27;[37m-->&amp#27;[39m &amp#27;[37mPOST&amp#27;[39m &amp#27;[37m/wd/hub/session/9ad58081-1fb1-4d15-80ce-e759d4eceebf/element/442dbd81-1892-4fe6-90df-71c42972e35f/click&amp#27;[39m
&amp#27;[35m[HTTP]&amp#27;[39m &amp#27;[90m{"id":"442dbd81-1892-4fe6-90df-71c42972e35f"}&amp#27;[39m
[debug] &amp#27;[35m[W3C (9ad58081)]&amp#27;[39m Calling AppiumDriver.click() with args: ["442dbd81-1892-4fe6-90df-71c42972e35f","9ad58081-1fb1-4d15-80ce-e759d4eceebf"]
[debug] &amp#27;[35m[WD Proxy]&amp#27;[39m Matched '/element/442dbd81-1892-4fe6-90df-71c42972e35f/click' to command name 'click'
[debug] &amp#27;[35m[WD Proxy]&amp#27;[39m Proxying [POST /element/442dbd81-1892-4fe6-90df-71c42972e35f/click] to [POST http://127.0.0.1:8202/wd/hub/session/309ecd4d-745f-4bb1-975d-019119a1d545/element/442dbd81-1892-4fe6-90df-71c42972e35f/click] with body: {"element":"442dbd81-1892-4fe6-90df-71c42972e35f"}
[debug] &amp#27;[35m[WD Proxy]&amp#27;[39m Got response with status 200: {"sessionId":"309ecd4d-745f-4bb1-975d-019119a1d545","value":null}
[debug] &amp#27;[35m[W3C (9ad58081)]&amp#27;[39m Responding to client with driver.click() result: null
&amp#27;[35m[HTTP]&amp#27;[39m &amp#27;[37m<-- POST /wd/hub/session/9ad58081-1fb1-4d15-80ce-e759d4eceebf/element/442dbd81-1892-4fe6-90df-71c42972e35f/click &amp#27;[39m&amp#27;[32m200&amp#27;[39m &amp#27;[90m18 ms - 14&amp#27;[39m
&amp#27;[35m[HTTP]&amp#27;[39m &amp#27;[90m&amp#27;[39m
&amp#27;[35m[HTTP]&amp#27;[39m &amp#27;[37m-->&amp#27;[39m &amp#27;[37mPOST&amp#27;[39m &amp#27;[37m/wd/hub/session/9ad58081-1fb1-4d15-80ce-e759d4eceebf/timeouts&amp#27;[39m
&amp#27;[35m[HTTP]&amp#27;[39m &amp#27;[90m{"implicit":50000}&amp#27;[39m
[debug] &amp#27;[35m[W3C (9ad58081)]&amp#27;[39m Calling AppiumDriver.timeouts() with args: [null,null,null,null,50000,"9ad58081-1fb1-4d15-80ce-e759d4eceebf"]
[debug] &amp#27;[35m[BaseDriver]&amp#27;[39m W3C timeout argument: {"implicit":50000}}
[debug] &amp#27;[35m[BaseDriver]&amp#27;[39m Set implicit wait to 50000ms
[debug] &amp#27;[35m[W3C (9ad58081)]&amp#27;[39m Responding to client with driver.timeouts() result: null
&amp#27;[35m[HTTP]&amp#27;[39m &amp#27;[37m<-- POST /wd/hub/session/9ad58081-1fb1-4d15-80ce-e759d4eceebf/timeouts &amp#27;[39m&amp#27;[32m200&amp#27;[39m &amp#27;[90m2 ms - 14&amp#27;[39m
&amp#27;[35m[HTTP]&amp#27;[39m &amp#27;[90m&amp#27;[39m
&amp#27;[35m[HTTP]&amp#27;[39m &amp#27;[37m-->&amp#27;[39m &amp#27;[37mGET&amp#27;[39m &amp#27;[37m/wd/hub/session/9ad58081-1fb1-4d15-80ce-e759d4eceebf&amp#27;[39m
&amp#27;[35m[HTTP]&amp#27;[39m &amp#27;[90m{}&amp#27;[39m
[debug] &amp#27;[35m[W3C (9ad58081)]&amp#27;[39m Calling AppiumDriver.getSession() with args: ["9ad58081-1fb1-4d15-80ce-e759d4eceebf"]
[debug] &amp#27;[35m[UiAutomator2]&amp#27;[39m Getting session details from server to mix in
[debug] &amp#27;[35m[WD Proxy]&amp#27;[39m Matched '/' to command name 'getSession'
[debug] &amp#27;[35m[WD Proxy]&amp#27;[39m Proxying [GET /] to [GET http://127.0.0.1:8202/wd/hub/session/309ecd4d-745f-4bb1-975d-019119a1d545] with no body
[debug] &amp#27;[35m[WD Proxy]&amp#27;[39m Got response with status 200: {"sessionId":"309ecd4d-745f-4bb1-975d-019119a1d545","value":{"lastScrollData":{"toIndex":-1,"maxScrollY":2299,"maxScrollX":0,"scrollY":1633,"scrollX":0,"fromIndex":-1,"itemCount":-1}}}
[debug] &amp#27;[35m[W3C (9ad58081)]&amp#27;[39m Responding to client with driver.getSession() result: {"platform":"LINUX","webStorageEnabled":false,"takesScreenshot":true,"javascriptEnabled":true,"databaseEnabled":false,"networkConnectionEnabled":true,"locationContextEnabled":false,"warnings":{},"desired":{"platformName":"android","app":"./Resourses/in.workindia.apk","appActivity":"in.workindia.nileshdungarwal.workindiaandroid.RegisterActivity","appPackage":"in.workindia.nileshdungarwal.workindiaandroid","deviceName":"emulator-5554","platformVersion":"8.1"},"platformName":"android","app":"./Resourses/in.workindia.apk","appActivity":"in.workindia.nileshdungarwal.workindiaandroid.RegisterActivity","appPackage":"in.workindia.nileshdungarwal.workindiaandroid","deviceName":"emulator-5554","platformVersion":"8.1.0","deviceUDID":"emulator-5554","deviceApiLevel":27,"deviceScreenSize":"1080x2160","deviceScreenDensity":440,"deviceModel":"Android SDK built for x86","deviceManufacturer":"Google","pixelRatio":2.75,"statBarHeight":66,"viewportRect":{"left":0,"top":66,"width":1080,"height":1962},"lastScrollData":{"toInde...
&amp#27;[35m[HTTP]&amp#27;[39m &amp#27;[37m<-- GET /wd/hub/session/9ad58081-1fb1-4d15-80ce-e759d4eceebf &amp#27;[39m&amp#27;[32m200&amp#27;[39m &amp#27;[90m14 ms - 1128&amp#27;[39m
&amp#27;[35m[HTTP]&amp#27;[39m &amp#27;[90m&amp#27;[39m
&amp#27;[35m[HTTP]&amp#27;[39m &amp#27;[37m-->&amp#27;[39m &amp#27;[37mGET&amp#27;[39m &amp#27;[37m/wd/hub/session/9ad58081-1fb1-4d15-80ce-e759d4eceebf&amp#27;[39m
&amp#27;[35m[HTTP]&amp#27;[39m &amp#27;[90m{}&amp#27;[39m
[debug] &amp#27;[35m[W3C (9ad58081)]&amp#27;[39m Calling AppiumDriver.getSession() with args: ["9ad58081-1fb1-4d15-80ce-e759d4eceebf"]
[debug] &amp#27;[35m[UiAutomator2]&amp#27;[39m Getting session details from server to mix in
[debug] &amp#27;[35m[WD Proxy]&amp#27;[39m Matched '/' to command name 'getSession'
[debug] &amp#27;[35m[WD Proxy]&amp#27;[39m Proxying [GET /] to [GET http://127.0.0.1:8202/wd/hub/session/309ecd4d-745f-4bb1-975d-019119a1d545] with no body
[debug] &amp#27;[35m[WD Proxy]&amp#27;[39m Got response with status 200: {"sessionId":"309ecd4d-745f-4bb1-975d-019119a1d545","value":{"lastScrollData":{"toIndex":-1,"maxScrollY":2299,"maxScrollX":0,"scrollY":1633,"scrollX":0,"fromIndex":-1,"itemCount":-1}}}
[debug] &amp#27;[35m[W3C (9ad58081)]&amp#27;[39m Responding to client with driver.getSession() result: {"platform":"LINUX","webStorageEnabled":false,"takesScreenshot":true,"javascriptEnabled":true,"databaseEnabled":false,"networkConnectionEnabled":true,"locationContextEnabled":false,"warnings":{},"desired":{"platformName":"android","app":"./Resourses/in.workindia.apk","appActivity":"in.workindia.nileshdungarwal.workindiaandroid.RegisterActivity","appPackage":"in.workindia.nileshdungarwal.workindiaandroid","deviceName":"emulator-5554","platformVersion":"8.1"},"platformName":"android","app":"./Resourses/in.workindia.apk","appActivity":"in.workindia.nileshdungarwal.workindiaandroid.RegisterActivity","appPackage":"in.workindia.nileshdungarwal.workindiaandroid","deviceName":"emulator-5554","platformVersion":"8.1.0","deviceUDID":"emulator-5554","deviceApiLevel":27,"deviceScreenSize":"1080x2160","deviceScreenDensity":440,"deviceModel":"Android SDK built for x86","deviceManufacturer":"Google","pixelRatio":2.75,"statBarHeight":66,"viewportRect":{"left":0,"top":66,"width":1080,"height":1962},"lastScrollData":{"toInde...
&amp#27;[35m[HTTP]&amp#27;[39m &amp#27;[37m<-- GET /wd/hub/session/9ad58081-1fb1-4d15-80ce-e759d4eceebf &amp#27;[39m&amp#27;[32m200&amp#27;[39m &amp#27;[90m14 ms - 1128&amp#27;[39m
&amp#27;[35m[HTTP]&amp#27;[39m &amp#27;[90m&amp#27;[39m
&amp#27;[35m[HTTP]&amp#27;[39m &amp#27;[37m-->&amp#27;[39m &amp#27;[37mGET&amp#27;[39m &amp#27;[37m/wd/hub/session/9ad58081-1fb1-4d15-80ce-e759d4eceebf&amp#27;[39m
&amp#27;[35m[HTTP]&amp#27;[39m &amp#27;[90m{}&amp#27;[39m
[debug] &amp#27;[35m[W3C (9ad58081)]&amp#27;[39m Calling AppiumDriver.getSession() with args: ["9ad58081-1fb1-4d15-80ce-e759d4eceebf"]
[debug] &amp#27;[35m[UiAutomator2]&amp#27;[39m Getting session details from server to mix in
[debug] &amp#27;[35m[WD Proxy]&amp#27;[39m Matched '/' to command name 'getSession'
[debug] &amp#27;[35m[WD Proxy]&amp#27;[39m Proxying [GET /] to [GET http://127.0.0.1:8202/wd/hub/session/309ecd4d-745f-4bb1-975d-019119a1d545] with no body
[debug] &amp#27;[35m[WD Proxy]&amp#27;[39m Got response with status 200: {"sessionId":"309ecd4d-745f-4bb1-975d-019119a1d545","value":{"lastScrollData":{"toIndex":-1,"maxScrollY":2299,"maxScrollX":0,"scrollY":1633,"scrollX":0,"fromIndex":-1,"itemCount":-1}}}
[debug] &amp#27;[35m[W3C (9ad58081)]&amp#27;[39m Responding to client with driver.getSession() result: {"platform":"LINUX","webStorageEnabled":false,"takesScreenshot":true,"javascriptEnabled":true,"databaseEnabled":false,"networkConnectionEnabled":true,"locationContextEnabled":false,"warnings":{},"desired":{"platformName":"android","app":"./Resourses/in.workindia.apk","appActivity":"in.workindia.nileshdungarwal.workindiaandroid.RegisterActivity","appPackage":"in.workindia.nileshdungarwal.workindiaandroid","deviceName":"emulator-5554","platformVersion":"8.1"},"platformName":"android","app":"./Resourses/in.workindia.apk","appActivity":"in.workindia.nileshdungarwal.workindiaandroid.RegisterActivity","appPackage":"in.workindia.nileshdungarwal.workindiaandroid","deviceName":"emulator-5554","platformVersion":"8.1.0","deviceUDID":"emulator-5554","deviceApiLevel":27,"deviceScreenSize":"1080x2160","deviceScreenDensity":440,"deviceModel":"Android SDK built for x86","deviceManufacturer":"Google","pixelRatio":2.75,"statBarHeight":66,"viewportRect":{"left":0,"top":66,"width":1080,"height":1962},"lastScrollData":{"toInde...
&amp#27;[35m[HTTP]&amp#27;[39m &amp#27;[37m<-- GET /wd/hub/session/9ad58081-1fb1-4d15-80ce-e759d4eceebf &amp#27;[39m&amp#27;[32m200&amp#27;[39m &amp#27;[90m14 ms - 1128&amp#27;[39m
&amp#27;[35m[HTTP]&amp#27;[39m &amp#27;[90m&amp#27;[39m
&amp#27;[35m[HTTP]&amp#27;[39m &amp#27;[37m-->&amp#27;[39m &amp#27;[37mPOST&amp#27;[39m &amp#27;[37m/wd/hub/session/9ad58081-1fb1-4d15-80ce-e759d4eceebf/element&amp#27;[39m
&amp#27;[35m[HTTP]&amp#27;[39m &amp#27;[90m{"using":"xpath","value":"//android.widget.ListView/android.widget.CheckedTextView[11]"}&amp#27;[39m
[debug] &amp#27;[35m[W3C (9ad58081)]&amp#27;[39m Calling AppiumDriver.findElement() with args: ["xpath","//android.widget.ListView/android.widget.CheckedTextView[11]","9ad58081-1fb1-4d15-80ce-e759d4eceebf"]
[debug] &amp#27;[35m[BaseDriver]&amp#27;[39m Valid locator strategies for this request: xpath, id, class name, accessibility id, css selector, -android uiautomator
[debug] &amp#27;[35m[BaseDriver]&amp#27;[39m Waiting up to 50000 ms for condition
[debug] &amp#27;[35m[WD Proxy]&amp#27;[39m Matched '/element' to command name 'findElement'
[debug] &amp#27;[35m[WD Proxy]&amp#27;[39m Proxying [POST /element] to [POST http://127.0.0.1:8202/wd/hub/session/309ecd4d-745f-4bb1-975d-019119a1d545/element] with body: {"strategy":"xpath","selector":"//android.widget.ListView/android.widget.CheckedTextView[11]","context":"","multiple":false}
[debug] &amp#27;[35m[WD Proxy]&amp#27;[39m Got response with status 200: {"sessionId":"309ecd4d-745f-4bb1-975d-019119a1d545","value":{"ELEMENT":"7ff4d87b-811b-4fd4-866a-2403549df4a8","element-6066-11e4-a52e-4f735466cecf":"7ff4d87b-811b-4fd4-866a-2403549df4a8"}}
[debug] &amp#27;[35m[W3C (9ad58081)]&amp#27;[39m Responding to client with driver.findElement() result: {"element-6066-11e4-a52e-4f735466cecf":"7ff4d87b-811b-4fd4-866a-2403549df4a8","ELEMENT":"7ff4d87b-811b-4fd4-866a-2403549df4a8"}
&amp#27;[35m[HTTP]&amp#27;[39m &amp#27;[37m<-- POST /wd/hub/session/9ad58081-1fb1-4d15-80ce-e759d4eceebf/element &amp#27;[39m&amp#27;[32m200&amp#27;[39m &amp#27;[90m744 ms - 137&amp#27;[39m
&amp#27;[35m[HTTP]&amp#27;[39m &amp#27;[90m&amp#27;[39m
&amp#27;[35m[HTTP]&amp#27;[39m &amp#27;[37m-->&amp#27;[39m &amp#27;[37mPOST&amp#27;[39m &amp#27;[37m/wd/hub/session/9ad58081-1fb1-4d15-80ce-e759d4eceebf/element/7ff4d87b-811b-4fd4-866a-2403549df4a8/click&amp#27;[39m
&amp#27;[35m[HTTP]&amp#27;[39m &amp#27;[90m{"id":"7ff4d87b-811b-4fd4-866a-2403549df4a8"}&amp#27;[39m
[debug] &amp#27;[35m[W3C (9ad58081)]&amp#27;[39m Calling AppiumDriver.click() with args: ["7ff4d87b-811b-4fd4-866a-2403549df4a8","9ad58081-1fb1-4d15-80ce-e759d4eceebf"]
[debug] &amp#27;[35m[WD Proxy]&amp#27;[39m Matched '/element/7ff4d87b-811b-4fd4-866a-2403549df4a8/click' to command name 'click'
[debug] &amp#27;[35m[WD Proxy]&amp#27;[39m Proxying [POST /element/7ff4d87b-811b-4fd4-866a-2403549df4a8/click] to [POST http://127.0.0.1:8202/wd/hub/session/309ecd4d-745f-4bb1-975d-019119a1d545/element/7ff4d87b-811b-4fd4-866a-2403549df4a8/click] with body: {"element":"7ff4d87b-811b-4fd4-866a-2403549df4a8"}
[debug] &amp#27;[35m[WD Proxy]&amp#27;[39m Got response with status 200: {"sessionId":"309ecd4d-745f-4bb1-975d-019119a1d545","value":null}
[debug] &amp#27;[35m[W3C (9ad58081)]&amp#27;[39m Responding to client with driver.click() result: null
&amp#27;[35m[HTTP]&amp#27;[39m &amp#27;[37m<-- POST /wd/hub/session/9ad58081-1fb1-4d15-80ce-e759d4eceebf/element/7ff4d87b-811b-4fd4-866a-2403549df4a8/click &amp#27;[39m&amp#27;[32m200&amp#27;[39m &amp#27;[90m42 ms - 14&amp#27;[39m
&amp#27;[35m[HTTP]&amp#27;[39m &amp#27;[90m&amp#27;[39m
&amp#27;[35m[HTTP]&amp#27;[39m &amp#27;[37m-->&amp#27;[39m &amp#27;[37mPOST&amp#27;[39m &amp#27;[37m/wd/hub/session/9ad58081-1fb1-4d15-80ce-e759d4eceebf/timeouts&amp#27;[39m
&amp#27;[35m[HTTP]&amp#27;[39m &amp#27;[90m{"implicit":50000}&amp#27;[39m
[debug] &amp#27;[35m[W3C (9ad58081)]&amp#27;[39m Calling AppiumDriver.timeouts() with args: [null,null,null,null,50000,"9ad58081-1fb1-4d15-80ce-e759d4eceebf"]
[debug] &amp#27;[35m[BaseDriver]&amp#27;[39m W3C timeout argument: {"implicit":50000}}
[debug] &amp#27;[35m[BaseDriver]&amp#27;[39m Set implicit wait to 50000ms
[debug] &amp#27;[35m[W3C (9ad58081)]&amp#27;[39m Responding to client with driver.timeouts() result: null
&amp#27;[35m[HTTP]&amp#27;[39m &amp#27;[37m<-- POST /wd/hub/session/9ad58081-1fb1-4d15-80ce-e759d4eceebf/timeouts &amp#27;[39m&amp#27;[32m200&amp#27;[39m &amp#27;[90m2 ms - 14&amp#27;[39m
&amp#27;[35m[HTTP]&amp#27;[39m &amp#27;[90m&amp#27;[39m
&amp#27;[35m[HTTP]&amp#27;[39m &amp#27;[37m-->&amp#27;[39m &amp#27;[37mGET&amp#27;[39m &amp#27;[37m/wd/hub/session/9ad58081-1fb1-4d15-80ce-e759d4eceebf&amp#27;[39m
&amp#27;[35m[HTTP]&amp#27;[39m &amp#27;[90m{}&amp#27;[39m
[debug] &amp#27;[35m[W3C (9ad58081)]&amp#27;[39m Calling AppiumDriver.getSession() with args: ["9ad58081-1fb1-4d15-80ce-e759d4eceebf"]
[debug] &amp#27;[35m[UiAutomator2]&amp#27;[39m Getting session details from server to mix in
[debug] &amp#27;[35m[WD Proxy]&amp#27;[39m Matched '/' to command name 'getSession'
[debug] &amp#27;[35m[WD Proxy]&amp#27;[39m Proxying [GET /] to [GET http://127.0.0.1:8202/wd/hub/session/309ecd4d-745f-4bb1-975d-019119a1d545] with no body
[debug] &amp#27;[35m[WD Proxy]&amp#27;[39m Got response with status 200: {"sessionId":"309ecd4d-745f-4bb1-975d-019119a1d545","value":{"lastScrollData":{"toIndex":-1,"maxScrollY":2299,"maxScrollX":0,"scrollY":1633,"scrollX":0,"fromIndex":-1,"itemCount":-1}}}
[debug] &amp#27;[35m[W3C (9ad58081)]&amp#27;[39m Responding to client with driver.getSession() result: {"platform":"LINUX","webStorageEnabled":false,"takesScreenshot":true,"javascriptEnabled":true,"databaseEnabled":false,"networkConnectionEnabled":true,"locationContextEnabled":false,"warnings":{},"desired":{"platformName":"android","app":"./Resourses/in.workindia.apk","appActivity":"in.workindia.nileshdungarwal.workindiaandroid.RegisterActivity","appPackage":"in.workindia.nileshdungarwal.workindiaandroid","deviceName":"emulator-5554","platformVersion":"8.1"},"platformName":"android","app":"./Resourses/in.workindia.apk","appActivity":"in.workindia.nileshdungarwal.workindiaandroid.RegisterActivity","appPackage":"in.workindia.nileshdungarwal.workindiaandroid","deviceName":"emulator-5554","platformVersion":"8.1.0","deviceUDID":"emulator-5554","deviceApiLevel":27,"deviceScreenSize":"1080x2160","deviceScreenDensity":440,"deviceModel":"Android SDK built for x86","deviceManufacturer":"Google","pixelRatio":2.75,"statBarHeight":66,"viewportRect":{"left":0,"top":66,"width":1080,"height":1962},"lastScrollData":{"toInde...
&amp#27;[35m[HTTP]&amp#27;[39m &amp#27;[37m<-- GET /wd/hub/session/9ad58081-1fb1-4d15-80ce-e759d4eceebf &amp#27;[39m&amp#27;[32m200&amp#27;[39m &amp#27;[90m15 ms - 1128&amp#27;[39m
&amp#27;[35m[HTTP]&amp#27;[39m &amp#27;[90m&amp#27;[39m
&amp#27;[35m[HTTP]&amp#27;[39m &amp#27;[37m-->&amp#27;[39m &amp#27;[37mGET&amp#27;[39m &amp#27;[37m/wd/hub/session/9ad58081-1fb1-4d15-80ce-e759d4eceebf&amp#27;[39m
&amp#27;[35m[HTTP]&amp#27;[39m &amp#27;[90m{}&amp#27;[39m
[debug] &amp#27;[35m[W3C (9ad58081)]&amp#27;[39m Calling AppiumDriver.getSession() with args: ["9ad58081-1fb1-4d15-80ce-e759d4eceebf"]
[debug] &amp#27;[35m[UiAutomator2]&amp#27;[39m Getting session details from server to mix in
[debug] &amp#27;[35m[WD Proxy]&amp#27;[39m Matched '/' to command name 'getSession'
[debug] &amp#27;[35m[WD Proxy]&amp#27;[39m Proxying [GET /] to [GET http://127.0.0.1:8202/wd/hub/session/309ecd4d-745f-4bb1-975d-019119a1d545] with no body
[debug] &amp#27;[35m[WD Proxy]&amp#27;[39m Got response with status 200: {"sessionId":"309ecd4d-745f-4bb1-975d-019119a1d545","value":{"lastScrollData":{"toIndex":-1,"maxScrollY":2299,"maxScrollX":0,"scrollY":1633,"scrollX":0,"fromIndex":-1,"itemCount":-1}}}
[debug] &amp#27;[35m[W3C (9ad58081)]&amp#27;[39m Responding to client with driver.getSession() result: {"platform":"LINUX","webStorageEnabled":false,"takesScreenshot":true,"javascriptEnabled":true,"databaseEnabled":false,"networkConnectionEnabled":true,"locationContextEnabled":false,"warnings":{},"desired":{"platformName":"android","app":"./Resourses/in.workindia.apk","appActivity":"in.workindia.nileshdungarwal.workindiaandroid.RegisterActivity","appPackage":"in.workindia.nileshdungarwal.workindiaandroid","deviceName":"emulator-5554","platformVersion":"8.1"},"platformName":"android","app":"./Resourses/in.workindia.apk","appActivity":"in.workindia.nileshdungarwal.workindiaandroid.RegisterActivity","appPackage":"in.workindia.nileshdungarwal.workindiaandroid","deviceName":"emulator-5554","platformVersion":"8.1.0","deviceUDID":"emulator-5554","deviceApiLevel":27,"deviceScreenSize":"1080x2160","deviceScreenDensity":440,"deviceModel":"Android SDK built for x86","deviceManufacturer":"Google","pixelRatio":2.75,"statBarHeight":66,"viewportRect":{"left":0,"top":66,"width":1080,"height":1962},"lastScrollData":{"toInde...
&amp#27;[35m[HTTP]&amp#27;[39m &amp#27;[37m<-- GET /wd/hub/session/9ad58081-1fb1-4d15-80ce-e759d4eceebf &amp#27;[39m&amp#27;[32m200&amp#27;[39m &amp#27;[90m31 ms - 1128&amp#27;[39m
&amp#27;[35m[HTTP]&amp#27;[39m &amp#27;[90m&amp#27;[39m
&amp#27;[35m[HTTP]&amp#27;[39m &amp#27;[37m-->&amp#27;[39m &amp#27;[37mGET&amp#27;[39m &amp#27;[37m/wd/hub/session/9ad58081-1fb1-4d15-80ce-e759d4eceebf&amp#27;[39m
&amp#27;[35m[HTTP]&amp#27;[39m &amp#27;[90m{}&amp#27;[39m
[debug] &amp#27;[35m[W3C (9ad58081)]&amp#27;[39m Calling AppiumDriver.getSession() with args: ["9ad58081-1fb1-4d15-80ce-e759d4eceebf"]
[debug] &amp#27;[35m[UiAutomator2]&amp#27;[39m Getting session details from server to mix in
[debug] &amp#27;[35m[WD Proxy]&amp#27;[39m Matched '/' to command name 'getSession'
[debug] &amp#27;[35m[WD Proxy]&amp#27;[39m Proxying [GET /] to [GET http://127.0.0.1:8202/wd/hub/session/309ecd4d-745f-4bb1-975d-019119a1d545] with no body
[debug] &amp#27;[35m[WD Proxy]&amp#27;[39m Got response with status 200: {"sessionId":"309ecd4d-745f-4bb1-975d-019119a1d545","value":{"lastScrollData":{"toIndex":-1,"maxScrollY":2299,"maxScrollX":0,"scrollY":1633,"scrollX":0,"fromIndex":-1,"itemCount":-1}}}
[debug] &amp#27;[35m[W3C (9ad58081)]&amp#27;[39m Responding to client with driver.getSession() result: {"platform":"LINUX","webStorageEnabled":false,"takesScreenshot":true,"javascriptEnabled":true,"databaseEnabled":false,"networkConnectionEnabled":true,"locationContextEnabled":false,"warnings":{},"desired":{"platformName":"android","app":"./Resourses/in.workindia.apk","appActivity":"in.workindia.nileshdungarwal.workindiaandroid.RegisterActivity","appPackage":"in.workindia.nileshdungarwal.workindiaandroid","deviceName":"emulator-5554","platformVersion":"8.1"},"platformName":"android","app":"./Resourses/in.workindia.apk","appActivity":"in.workindia.nileshdungarwal.workindiaandroid.RegisterActivity","appPackage":"in.workindia.nileshdungarwal.workindiaandroid","deviceName":"emulator-5554","platformVersion":"8.1.0","deviceUDID":"emulator-5554","deviceApiLevel":27,"deviceScreenSize":"1080x2160","deviceScreenDensity":440,"deviceModel":"Android SDK built for x86","deviceManufacturer":"Google","pixelRatio":2.75,"statBarHeight":66,"viewportRect":{"left":0,"top":66,"width":1080,"height":1962},"lastScrollData":{"toInde...
&amp#27;[35m[HTTP]&amp#27;[39m &amp#27;[37m<-- GET /wd/hub/session/9ad58081-1fb1-4d15-80ce-e759d4eceebf &amp#27;[39m&amp#27;[32m200&amp#27;[39m &amp#27;[90m19 ms - 1128&amp#27;[39m
&amp#27;[35m[HTTP]&amp#27;[39m &amp#27;[90m&amp#27;[39m
&amp#27;[35m[HTTP]&amp#27;[39m &amp#27;[37m-->&amp#27;[39m &amp#27;[37mPOST&amp#27;[39m &amp#27;[37m/wd/hub/session/9ad58081-1fb1-4d15-80ce-e759d4eceebf/element&amp#27;[39m
&amp#27;[35m[HTTP]&amp#27;[39m &amp#27;[90m{"using":"id","value":"in.workindia.nileshdungarwal.workindiaandroid:id/btn_done"}&amp#27;[39m
[debug] &amp#27;[35m[W3C (9ad58081)]&amp#27;[39m Calling AppiumDriver.findElement() with args: ["id","in.workindia.nileshdungarwal.workindiaandroid:id/btn_done","9ad58081-1fb1-4d15-80ce-e759d4eceebf"]
[debug] &amp#27;[35m[BaseDriver]&amp#27;[39m Valid locator strategies for this request: xpath, id, class name, accessibility id, css selector, -android uiautomator
[debug] &amp#27;[35m[BaseDriver]&amp#27;[39m Waiting up to 50000 ms for condition
[debug] &amp#27;[35m[WD Proxy]&amp#27;[39m Matched '/element' to command name 'findElement'
[debug] &amp#27;[35m[WD Proxy]&amp#27;[39m Proxying [POST /element] to [POST http://127.0.0.1:8202/wd/hub/session/309ecd4d-745f-4bb1-975d-019119a1d545/element] with body: {"strategy":"id","selector":"in.workindia.nileshdungarwal.workindiaandroid:id/btn_done","context":"","multiple":false}
[debug] &amp#27;[35m[WD Proxy]&amp#27;[39m Got response with status 200: {"sessionId":"309ecd4d-745f-4bb1-975d-019119a1d545","value":{"ELEMENT":"6192a183-117b-457f-a3dc-631fd1182a0c","element-6066-11e4-a52e-4f735466cecf":"6192a183-117b-457f-a3dc-631fd1182a0c"}}
[debug] &amp#27;[35m[W3C (9ad58081)]&amp#27;[39m Responding to client with driver.findElement() result: {"element-6066-11e4-a52e-4f735466cecf":"6192a183-117b-457f-a3dc-631fd1182a0c","ELEMENT":"6192a183-117b-457f-a3dc-631fd1182a0c"}
&amp#27;[35m[HTTP]&amp#27;[39m &amp#27;[37m<-- POST /wd/hub/session/9ad58081-1fb1-4d15-80ce-e759d4eceebf/element &amp#27;[39m&amp#27;[32m200&amp#27;[39m &amp#27;[90m583 ms - 137&amp#27;[39m
&amp#27;[35m[HTTP]&amp#27;[39m &amp#27;[90m&amp#27;[39m
&amp#27;[35m[HTTP]&amp#27;[39m &amp#27;[37m-->&amp#27;[39m &amp#27;[37mPOST&amp#27;[39m &amp#27;[37m/wd/hub/session/9ad58081-1fb1-4d15-80ce-e759d4eceebf/element/6192a183-117b-457f-a3dc-631fd1182a0c/click&amp#27;[39m
&amp#27;[35m[HTTP]&amp#27;[39m &amp#27;[90m{"id":"6192a183-117b-457f-a3dc-631fd1182a0c"}&amp#27;[39m
[debug] &amp#27;[35m[W3C (9ad58081)]&amp#27;[39m Calling AppiumDriver.click() with args: ["6192a183-117b-457f-a3dc-631fd1182a0c","9ad58081-1fb1-4d15-80ce-e759d4eceebf"]
[debug] &amp#27;[35m[WD Proxy]&amp#27;[39m Matched '/element/6192a183-117b-457f-a3dc-631fd1182a0c/click' to command name 'click'
[debug] &amp#27;[35m[WD Proxy]&amp#27;[39m Proxying [POST /element/6192a183-117b-457f-a3dc-631fd1182a0c/click] to [POST http://127.0.0.1:8202/wd/hub/session/309ecd4d-745f-4bb1-975d-019119a1d545/element/6192a183-117b-457f-a3dc-631fd1182a0c/click] with body: {"element":"6192a183-117b-457f-a3dc-631fd1182a0c"}
[debug] &amp#27;[35m[WD Proxy]&amp#27;[39m Got response with status 200: {"sessionId":"309ecd4d-745f-4bb1-975d-019119a1d545","value":null}
[debug] &amp#27;[35m[W3C (9ad58081)]&amp#27;[39m Responding to client with driver.click() result: null
&amp#27;[35m[HTTP]&amp#27;[39m &amp#27;[37m<-- POST /wd/hub/session/9ad58081-1fb1-4d15-80ce-e759d4eceebf/element/6192a183-117b-457f-a3dc-631fd1182a0c/click &amp#27;[39m&amp#27;[32m200&amp#27;[39m &amp#27;[90m36 ms - 14&amp#27;[39m
&amp#27;[35m[HTTP]&amp#27;[39m &amp#27;[90m&amp#27;[39m
&amp#27;[35m[HTTP]&amp#27;[39m &amp#27;[37m-->&amp#27;[39m &amp#27;[37mPOST&amp#27;[39m &amp#27;[37m/wd/hub/session/9ad58081-1fb1-4d15-80ce-e759d4eceebf/timeouts&amp#27;[39m
&amp#27;[35m[HTTP]&amp#27;[39m &amp#27;[90m{"implicit":50000}&amp#27;[39m
[debug] &amp#27;[35m[W3C (9ad58081)]&amp#27;[39m Calling AppiumDriver.timeouts() with args: [null,null,null,null,50000,"9ad58081-1fb1-4d15-80ce-e759d4eceebf"]
[debug] &amp#27;[35m[BaseDriver]&amp#27;[39m W3C timeout argument: {"implicit":50000}}
[debug] &amp#27;[35m[BaseDriver]&amp#27;[39m Set implicit wait to 50000ms
[debug] &amp#27;[35m[W3C (9ad58081)]&amp#27;[39m Responding to client with driver.timeouts() result: null
&amp#27;[35m[HTTP]&amp#27;[39m &amp#27;[37m<-- POST /wd/hub/session/9ad58081-1fb1-4d15-80ce-e759d4eceebf/timeouts &amp#27;[39m&amp#27;[32m200&amp#27;[39m &amp#27;[90m3 ms - 14&amp#27;[39m
&amp#27;[35m[HTTP]&amp#27;[39m &amp#27;[90m&amp#27;[39m
&amp#27;[35m[HTTP]&amp#27;[39m &amp#27;[37m-->&amp#27;[39m &amp#27;[37mGET&amp#27;[39m &amp#27;[37m/wd/hub/session/9ad58081-1fb1-4d15-80ce-e759d4eceebf&amp#27;[39m
&amp#27;[35m[HTTP]&amp#27;[39m &amp#27;[90m{}&amp#27;[39m
[debug] &amp#27;[35m[W3C (9ad58081)]&amp#27;[39m Calling AppiumDriver.getSession() with args: ["9ad58081-1fb1-4d15-80ce-e759d4eceebf"]
[debug] &amp#27;[35m[UiAutomator2]&amp#27;[39m Getting session details from server to mix in
[debug] &amp#27;[35m[WD Proxy]&amp#27;[39m Matched '/' to command name 'getSession'
[debug] &amp#27;[35m[WD Proxy]&amp#27;[39m Proxying [GET /] to [GET http://127.0.0.1:8202/wd/hub/session/309ecd4d-745f-4bb1-975d-019119a1d545] with no body
[debug] &amp#27;[35m[WD Proxy]&amp#27;[39m Got response with status 200: {"sessionId":"309ecd4d-745f-4bb1-975d-019119a1d545","value":{"lastScrollData":{"toIndex":-1,"maxScrollY":2299,"maxScrollX":0,"scrollY":1633,"scrollX":0,"fromIndex":-1,"itemCount":-1}}}
[debug] &amp#27;[35m[W3C (9ad58081)]&amp#27;[39m Responding to client with driver.getSession() result: {"platform":"LINUX","webStorageEnabled":false,"takesScreenshot":true,"javascriptEnabled":true,"databaseEnabled":false,"networkConnectionEnabled":true,"locationContextEnabled":false,"warnings":{},"desired":{"platformName":"android","app":"./Resourses/in.workindia.apk","appActivity":"in.workindia.nileshdungarwal.workindiaandroid.RegisterActivity","appPackage":"in.workindia.nileshdungarwal.workindiaandroid","deviceName":"emulator-5554","platformVersion":"8.1"},"platformName":"android","app":"./Resourses/in.workindia.apk","appActivity":"in.workindia.nileshdungarwal.workindiaandroid.RegisterActivity","appPackage":"in.workindia.nileshdungarwal.workindiaandroid","deviceName":"emulator-5554","platformVersion":"8.1.0","deviceUDID":"emulator-5554","deviceApiLevel":27,"deviceScreenSize":"1080x2160","deviceScreenDensity":440,"deviceModel":"Android SDK built for x86","deviceManufacturer":"Google","pixelRatio":2.75,"statBarHeight":66,"viewportRect":{"left":0,"top":66,"width":1080,"height":1962},"lastScrollData":{"toInde...
&amp#27;[35m[HTTP]&amp#27;[39m &amp#27;[37m<-- GET /wd/hub/session/9ad58081-1fb1-4d15-80ce-e759d4eceebf &amp#27;[39m&amp#27;[32m200&amp#27;[39m &amp#27;[90m15 ms - 1128&amp#27;[39m
&amp#27;[35m[HTTP]&amp#27;[39m &amp#27;[90m&amp#27;[39m
&amp#27;[35m[HTTP]&amp#27;[39m &amp#27;[37m-->&amp#27;[39m &amp#27;[37mGET&amp#27;[39m &amp#27;[37m/wd/hub/session/9ad58081-1fb1-4d15-80ce-e759d4eceebf&amp#27;[39m
&amp#27;[35m[HTTP]&amp#27;[39m &amp#27;[90m{}&amp#27;[39m
[debug] &amp#27;[35m[W3C (9ad58081)]&amp#27;[39m Calling AppiumDriver.getSession() with args: ["9ad58081-1fb1-4d15-80ce-e759d4eceebf"]
[debug] &amp#27;[35m[UiAutomator2]&amp#27;[39m Getting session details from server to mix in
[debug] &amp#27;[35m[WD Proxy]&amp#27;[39m Matched '/' to command name 'getSession'
[debug] &amp#27;[35m[WD Proxy]&amp#27;[39m Proxying [GET /] to [GET http://127.0.0.1:8202/wd/hub/session/309ecd4d-745f-4bb1-975d-019119a1d545] with no body
[debug] &amp#27;[35m[WD Proxy]&amp#27;[39m Got response with status 200: {"sessionId":"309ecd4d-745f-4bb1-975d-019119a1d545","value":{"lastScrollData":{"toIndex":-1,"maxScrollY":2299,"maxScrollX":0,"scrollY":1633,"scrollX":0,"fromIndex":-1,"itemCount":-1}}}
[debug] &amp#27;[35m[W3C (9ad58081)]&amp#27;[39m Responding to client with driver.getSession() result: {"platform":"LINUX","webStorageEnabled":false,"takesScreenshot":true,"javascriptEnabled":true,"databaseEnabled":false,"networkConnectionEnabled":true,"locationContextEnabled":false,"warnings":{},"desired":{"platformName":"android","app":"./Resourses/in.workindia.apk","appActivity":"in.workindia.nileshdungarwal.workindiaandroid.RegisterActivity","appPackage":"in.workindia.nileshdungarwal.workindiaandroid","deviceName":"emulator-5554","platformVersion":"8.1"},"platformName":"android","app":"./Resourses/in.workindia.apk","appActivity":"in.workindia.nileshdungarwal.workindiaandroid.RegisterActivity","appPackage":"in.workindia.nileshdungarwal.workindiaandroid","deviceName":"emulator-5554","platformVersion":"8.1.0","deviceUDID":"emulator-5554","deviceApiLevel":27,"deviceScreenSize":"1080x2160","deviceScreenDensity":440,"deviceModel":"Android SDK built for x86","deviceManufacturer":"Google","pixelRatio":2.75,"statBarHeight":66,"viewportRect":{"left":0,"top":66,"width":1080,"height":1962},"lastScrollData":{"toInde...
&amp#27;[35m[HTTP]&amp#27;[39m &amp#27;[37m<-- GET /wd/hub/session/9ad58081-1fb1-4d15-80ce-e759d4eceebf &amp#27;[39m&amp#27;[32m200&amp#27;[39m &amp#27;[90m15 ms - 1128&amp#27;[39m
&amp#27;[35m[HTTP]&amp#27;[39m &amp#27;[90m&amp#27;[39m
&amp#27;[35m[HTTP]&amp#27;[39m &amp#27;[37m-->&amp#27;[39m &amp#27;[37mGET&amp#27;[39m &amp#27;[37m/wd/hub/session/9ad58081-1fb1-4d15-80ce-e759d4eceebf&amp#27;[39m
&amp#27;[35m[HTTP]&amp#27;[39m &amp#27;[90m{}&amp#27;[39m
[debug] &amp#27;[35m[W3C (9ad58081)]&amp#27;[39m Calling AppiumDriver.getSession() with args: ["9ad58081-1fb1-4d15-80ce-e759d4eceebf"]
[debug] &amp#27;[35m[UiAutomator2]&amp#27;[39m Getting session details from server to mix in
[debug] &amp#27;[35m[WD Proxy]&amp#27;[39m Matched '/' to command name 'getSession'
[debug] &amp#27;[35m[WD Proxy]&amp#27;[39m Proxying [GET /] to [GET http://127.0.0.1:8202/wd/hub/session/309ecd4d-745f-4bb1-975d-019119a1d545] with no body
[debug] &amp#27;[35m[WD Proxy]&amp#27;[39m Got response with status 200: {"sessionId":"309ecd4d-745f-4bb1-975d-019119a1d545","value":{"lastScrollData":{"toIndex":-1,"maxScrollY":2299,"maxScrollX":0,"scrollY":1633,"scrollX":0,"fromIndex":-1,"itemCount":-1}}}
[debug] &amp#27;[35m[W3C (9ad58081)]&amp#27;[39m Responding to client with driver.getSession() result: {"platform":"LINUX","webStorageEnabled":false,"takesScreenshot":true,"javascriptEnabled":true,"databaseEnabled":false,"networkConnectionEnabled":true,"locationContextEnabled":false,"warnings":{},"desired":{"platformName":"android","app":"./Resourses/in.workindia.apk","appActivity":"in.workindia.nileshdungarwal.workindiaandroid.RegisterActivity","appPackage":"in.workindia.nileshdungarwal.workindiaandroid","deviceName":"emulator-5554","platformVersion":"8.1"},"platformName":"android","app":"./Resourses/in.workindia.apk","appActivity":"in.workindia.nileshdungarwal.workindiaandroid.RegisterActivity","appPackage":"in.workindia.nileshdungarwal.workindiaandroid","deviceName":"emulator-5554","platformVersion":"8.1.0","deviceUDID":"emulator-5554","deviceApiLevel":27,"deviceScreenSize":"1080x2160","deviceScreenDensity":440,"deviceModel":"Android SDK built for x86","deviceManufacturer":"Google","pixelRatio":2.75,"statBarHeight":66,"viewportRect":{"left":0,"top":66,"width":1080,"height":1962},"lastScrollData":{"toInde...
&amp#27;[35m[HTTP]&amp#27;[39m &amp#27;[37m<-- GET /wd/hub/session/9ad58081-1fb1-4d15-80ce-e759d4eceebf &amp#27;[39m&amp#27;[32m200&amp#27;[39m &amp#27;[90m11 ms - 1128&amp#27;[39m
&amp#27;[35m[HTTP]&amp#27;[39m &amp#27;[90m&amp#27;[39m
&amp#27;[35m[HTTP]&amp#27;[39m &amp#27;[37m-->&amp#27;[39m &amp#27;[37mPOST&amp#27;[39m &amp#27;[37m/wd/hub/session/9ad58081-1fb1-4d15-80ce-e759d4eceebf/element&amp#27;[39m
&amp#27;[35m[HTTP]&amp#27;[39m &amp#27;[90m{"using":"id","value":"in.workindia.nileshdungarwal.workindiaandroid:id/btn_english"}&amp#27;[39m
[debug] &amp#27;[35m[W3C (9ad58081)]&amp#27;[39m Calling AppiumDriver.findElement() with args: ["id","in.workindia.nileshdungarwal.workindiaandroid:id/btn_english","9ad58081-1fb1-4d15-80ce-e759d4eceebf"]
[debug] &amp#27;[35m[BaseDriver]&amp#27;[39m Valid locator strategies for this request: xpath, id, class name, accessibility id, css selector, -android uiautomator
[debug] &amp#27;[35m[BaseDriver]&amp#27;[39m Waiting up to 50000 ms for condition
[debug] &amp#27;[35m[WD Proxy]&amp#27;[39m Matched '/element' to command name 'findElement'
[debug] &amp#27;[35m[WD Proxy]&amp#27;[39m Proxying [POST /element] to [POST http://127.0.0.1:8202/wd/hub/session/309ecd4d-745f-4bb1-975d-019119a1d545/element] with body: {"strategy":"id","selector":"in.workindia.nileshdungarwal.workindiaandroid:id/btn_english","context":"","multiple":false}
&amp#27;[35m[WD Proxy]&amp#27;[39m Got response with status 404: {"sessionId":"309ecd4d-745f-4bb1-975d-019119a1d545","value":{"error":"no such element","message":"An element could not be located on the page using the given search parameters","stacktrace":"io.appium.uiautomator2.common.exceptions.ElementNotFoundException: An element could not be located on the page using the given search parameters\n\tat io.appium.uiautomator2.handler.FindElement.safeHandle(FindElement.java:73)\n\tat io.appium.uiautomator2.handler.request.SafeRequestHandler.handle(SafeRequestHandler.java:41)\n\tat io.appium.uiautomator2.server.AppiumServlet.handleRequest(AppiumServlet.java:261)\n\tat io.appium.uiautomator2.server.AppiumServlet.handleHttpRequest(AppiumServlet.java:255)\n\tat io.appium.uiautomator2.http.ServerHandler.channelRead(ServerHandler.java:68)\n\tat io.netty.channel.AbstractChannelHandlerContext.invokeChannelRead(AbstractChannelHandlerContext.java:366)\n\tat io.netty.channel.AbstractChannelHandlerContext.invokeChannelRead(AbstractChannelHandlerContext.java:352)\n\tat io.netty.chann...
[debug] &amp#27;[35m[W3C]&amp#27;[39m Matched W3C error code 'no such element' to NoSuchElementError
[debug] &amp#27;[35m[BaseDriver]&amp#27;[39m Waited for 71 ms so far
[debug] &amp#27;[35m[WD Proxy]&amp#27;[39m Matched '/element' to command name 'findElement'
[debug] &amp#27;[35m[WD Proxy]&amp#27;[39m Proxying [POST /element] to [POST http://127.0.0.1:8202/wd/hub/session/309ecd4d-745f-4bb1-975d-019119a1d545/element] with body: {"strategy":"id","selector":"in.workindia.nileshdungarwal.workindiaandroid:id/btn_english","context":"","multiple":false}
[debug] &amp#27;[35m[WD Proxy]&amp#27;[39m Got response with status 200: {"sessionId":"309ecd4d-745f-4bb1-975d-019119a1d545","value":{"ELEMENT":"ba2672f4-4b94-429e-b131-9ae536c73706","element-6066-11e4-a52e-4f735466cecf":"ba2672f4-4b94-429e-b131-9ae536c73706"}}
[debug] &amp#27;[35m[W3C (9ad58081)]&amp#27;[39m Responding to client with driver.findElement() result: {"element-6066-11e4-a52e-4f735466cecf":"ba2672f4-4b94-429e-b131-9ae536c73706","ELEMENT":"ba2672f4-4b94-429e-b131-9ae536c73706"}
&amp#27;[35m[HTTP]&amp#27;[39m &amp#27;[37m<-- POST /wd/hub/session/9ad58081-1fb1-4d15-80ce-e759d4eceebf/element &amp#27;[39m&amp#27;[32m200&amp#27;[39m &amp#27;[90m1583 ms - 137&amp#27;[39m
&amp#27;[35m[HTTP]&amp#27;[39m &amp#27;[90m&amp#27;[39m
&amp#27;[35m[HTTP]&amp#27;[39m &amp#27;[37m-->&amp#27;[39m &amp#27;[37mPOST&amp#27;[39m &amp#27;[37m/wd/hub/session/9ad58081-1fb1-4d15-80ce-e759d4eceebf/element/ba2672f4-4b94-429e-b131-9ae536c73706/click&amp#27;[39m
&amp#27;[35m[HTTP]&amp#27;[39m &amp#27;[90m{"id":"ba2672f4-4b94-429e-b131-9ae536c73706"}&amp#27;[39m
[debug] &amp#27;[35m[W3C (9ad58081)]&amp#27;[39m Calling AppiumDriver.click() with args: ["ba2672f4-4b94-429e-b131-9ae536c73706","9ad58081-1fb1-4d15-80ce-e759d4eceebf"]
[debug] &amp#27;[35m[WD Proxy]&amp#27;[39m Matched '/element/ba2672f4-4b94-429e-b131-9ae536c73706/click' to command name 'click'
[debug] &amp#27;[35m[WD Proxy]&amp#27;[39m Proxying [POST /element/ba2672f4-4b94-429e-b131-9ae536c73706/click] to [POST http://127.0.0.1:8202/wd/hub/session/309ecd4d-745f-4bb1-975d-019119a1d545/element/ba2672f4-4b94-429e-b131-9ae536c73706/click] with body: {"element":"ba2672f4-4b94-429e-b131-9ae536c73706"}
[debug] &amp#27;[35m[WD Proxy]&amp#27;[39m Got response with status 200: {"sessionId":"309ecd4d-745f-4bb1-975d-019119a1d545","value":null}
[debug] &amp#27;[35m[W3C (9ad58081)]&amp#27;[39m Responding to client with driver.click() result: null
&amp#27;[35m[HTTP]&amp#27;[39m &amp#27;[37m<-- POST /wd/hub/session/9ad58081-1fb1-4d15-80ce-e759d4eceebf/element/ba2672f4-4b94-429e-b131-9ae536c73706/click &amp#27;[39m&amp#27;[32m200&amp#27;[39m &amp#27;[90m28 ms - 14&amp#27;[39m
&amp#27;[35m[HTTP]&amp#27;[39m &amp#27;[90m&amp#27;[39m
&amp#27;[35m[HTTP]&amp#27;[39m &amp#27;[37m-->&amp#27;[39m &amp#27;[37mPOST&amp#27;[39m &amp#27;[37m/wd/hub/session/9ad58081-1fb1-4d15-80ce-e759d4eceebf/timeouts&amp#27;[39m
&amp#27;[35m[HTTP]&amp#27;[39m &amp#27;[90m{"implicit":50000}&amp#27;[39m
[debug] &amp#27;[35m[W3C (9ad58081)]&amp#27;[39m Calling AppiumDriver.timeouts() with args: [null,null,null,null,50000,"9ad58081-1fb1-4d15-80ce-e759d4eceebf"]
[debug] &amp#27;[35m[BaseDriver]&amp#27;[39m W3C timeout argument: {"implicit":50000}}
[debug] &amp#27;[35m[BaseDriver]&amp#27;[39m Set implicit wait to 50000ms
[debug] &amp#27;[35m[W3C (9ad58081)]&amp#27;[39m Responding to client with driver.timeouts() result: null
&amp#27;[35m[HTTP]&amp#27;[39m &amp#27;[37m<-- POST /wd/hub/session/9ad58081-1fb1-4d15-80ce-e759d4eceebf/timeouts &amp#27;[39m&amp#27;[32m200&amp#27;[39m &amp#27;[90m3 ms - 14&amp#27;[39m
&amp#27;[35m[HTTP]&amp#27;[39m &amp#27;[90m&amp#27;[39m
&amp#27;[35m[HTTP]&amp#27;[39m &amp#27;[37m-->&amp#27;[39m &amp#27;[37mGET&amp#27;[39m &amp#27;[37m/wd/hub/session/9ad58081-1fb1-4d15-80ce-e759d4eceebf&amp#27;[39m
&amp#27;[35m[HTTP]&amp#27;[39m &amp#27;[90m{}&amp#27;[39m
[debug] &amp#27;[35m[W3C (9ad58081)]&amp#27;[39m Calling AppiumDriver.getSession() with args: ["9ad58081-1fb1-4d15-80ce-e759d4eceebf"]
[debug] &amp#27;[35m[UiAutomator2]&amp#27;[39m Getting session details from server to mix in
[debug] &amp#27;[35m[WD Proxy]&amp#27;[39m Matched '/' to command name 'getSession'
[debug] &amp#27;[35m[WD Proxy]&amp#27;[39m Proxying [GET /] to [GET http://127.0.0.1:8202/wd/hub/session/309ecd4d-745f-4bb1-975d-019119a1d545] with no body
[debug] &amp#27;[35m[WD Proxy]&amp#27;[39m Got response with status 200: {"sessionId":"309ecd4d-745f-4bb1-975d-019119a1d545","value":{"lastScrollData":{"toIndex":-1,"maxScrollY":2299,"maxScrollX":0,"scrollY":1633,"scrollX":0,"fromIndex":-1,"itemCount":-1}}}
[debug] &amp#27;[35m[W3C (9ad58081)]&amp#27;[39m Responding to client with driver.getSession() result: {"platform":"LINUX","webStorageEnabled":false,"takesScreenshot":true,"javascriptEnabled":true,"databaseEnabled":false,"networkConnectionEnabled":true,"locationContextEnabled":false,"warnings":{},"desired":{"platformName":"android","app":"./Resourses/in.workindia.apk","appActivity":"in.workindia.nileshdungarwal.workindiaandroid.RegisterActivity","appPackage":"in.workindia.nileshdungarwal.workindiaandroid","deviceName":"emulator-5554","platformVersion":"8.1"},"platformName":"android","app":"./Resourses/in.workindia.apk","appActivity":"in.workindia.nileshdungarwal.workindiaandroid.RegisterActivity","appPackage":"in.workindia.nileshdungarwal.workindiaandroid","deviceName":"emulator-5554","platformVersion":"8.1.0","deviceUDID":"emulator-5554","deviceApiLevel":27,"deviceScreenSize":"1080x2160","deviceScreenDensity":440,"deviceModel":"Android SDK built for x86","deviceManufacturer":"Google","pixelRatio":2.75,"statBarHeight":66,"viewportRect":{"left":0,"top":66,"width":1080,"height":1962},"lastScrollData":{"toInde...
&amp#27;[35m[HTTP]&amp#27;[39m &amp#27;[37m<-- GET /wd/hub/session/9ad58081-1fb1-4d15-80ce-e759d4eceebf &amp#27;[39m&amp#27;[32m200&amp#27;[39m &amp#27;[90m14 ms - 1128&amp#27;[39m
&amp#27;[35m[HTTP]&amp#27;[39m &amp#27;[90m&amp#27;[39m
&amp#27;[35m[HTTP]&amp#27;[39m &amp#27;[37m-->&amp#27;[39m &amp#27;[37mGET&amp#27;[39m &amp#27;[37m/wd/hub/session/9ad58081-1fb1-4d15-80ce-e759d4eceebf&amp#27;[39m
&amp#27;[35m[HTTP]&amp#27;[39m &amp#27;[90m{}&amp#27;[39m
[debug] &amp#27;[35m[W3C (9ad58081)]&amp#27;[39m Calling AppiumDriver.getSession() with args: ["9ad58081-1fb1-4d15-80ce-e759d4eceebf"]
[debug] &amp#27;[35m[UiAutomator2]&amp#27;[39m Getting session details from server to mix in
[debug] &amp#27;[35m[WD Proxy]&amp#27;[39m Matched '/' to command name 'getSession'
[debug] &amp#27;[35m[WD Proxy]&amp#27;[39m Proxying [GET /] to [GET http://127.0.0.1:8202/wd/hub/session/309ecd4d-745f-4bb1-975d-019119a1d545] with no body
[debug] &amp#27;[35m[WD Proxy]&amp#27;[39m Got response with status 200: {"sessionId":"309ecd4d-745f-4bb1-975d-019119a1d545","value":{"lastScrollData":{"toIndex":-1,"maxScrollY":2299,"maxScrollX":0,"scrollY":1633,"scrollX":0,"fromIndex":-1,"itemCount":-1}}}
[debug] &amp#27;[35m[W3C (9ad58081)]&amp#27;[39m Responding to client with driver.getSession() result: {"platform":"LINUX","webStorageEnabled":false,"takesScreenshot":true,"javascriptEnabled":true,"databaseEnabled":false,"networkConnectionEnabled":true,"locationContextEnabled":false,"warnings":{},"desired":{"platformName":"android","app":"./Resourses/in.workindia.apk","appActivity":"in.workindia.nileshdungarwal.workindiaandroid.RegisterActivity","appPackage":"in.workindia.nileshdungarwal.workindiaandroid","deviceName":"emulator-5554","platformVersion":"8.1"},"platformName":"android","app":"./Resourses/in.workindia.apk","appActivity":"in.workindia.nileshdungarwal.workindiaandroid.RegisterActivity","appPackage":"in.workindia.nileshdungarwal.workindiaandroid","deviceName":"emulator-5554","platformVersion":"8.1.0","deviceUDID":"emulator-5554","deviceApiLevel":27,"deviceScreenSize":"1080x2160","deviceScreenDensity":440,"deviceModel":"Android SDK built for x86","deviceManufacturer":"Google","pixelRatio":2.75,"statBarHeight":66,"viewportRect":{"left":0,"top":66,"width":1080,"height":1962},"lastScrollData":{"toInde...
&amp#27;[35m[HTTP]&amp#27;[39m &amp#27;[37m<-- GET /wd/hub/session/9ad58081-1fb1-4d15-80ce-e759d4eceebf &amp#27;[39m&amp#27;[32m200&amp#27;[39m &amp#27;[90m12 ms - 1128&amp#27;[39m
&amp#27;[35m[HTTP]&amp#27;[39m &amp#27;[90m&amp#27;[39m
&amp#27;[35m[HTTP]&amp#27;[39m &amp#27;[37m-->&amp#27;[39m &amp#27;[37mGET&amp#27;[39m &amp#27;[37m/wd/hub/session/9ad58081-1fb1-4d15-80ce-e759d4eceebf&amp#27;[39m
&amp#27;[35m[HTTP]&amp#27;[39m &amp#27;[90m{}&amp#27;[39m
[debug] &amp#27;[35m[W3C (9ad58081)]&amp#27;[39m Calling AppiumDriver.getSession() with args: ["9ad58081-1fb1-4d15-80ce-e759d4eceebf"]
[debug] &amp#27;[35m[UiAutomator2]&amp#27;[39m Getting session details from server to mix in
[debug] &amp#27;[35m[WD Proxy]&amp#27;[39m Matched '/' to command name 'getSession'
[debug] &amp#27;[35m[WD Proxy]&amp#27;[39m Proxying [GET /] to [GET http://127.0.0.1:8202/wd/hub/session/309ecd4d-745f-4bb1-975d-019119a1d545] with no body
[debug] &amp#27;[35m[WD Proxy]&amp#27;[39m Got response with status 200: {"sessionId":"309ecd4d-745f-4bb1-975d-019119a1d545","value":{"lastScrollData":{"toIndex":-1,"maxScrollY":2299,"maxScrollX":0,"scrollY":1633,"scrollX":0,"fromIndex":-1,"itemCount":-1}}}
[debug] &amp#27;[35m[W3C (9ad58081)]&amp#27;[39m Responding to client with driver.getSession() result: {"platform":"LINUX","webStorageEnabled":false,"takesScreenshot":true,"javascriptEnabled":true,"databaseEnabled":false,"networkConnectionEnabled":true,"locationContextEnabled":false,"warnings":{},"desired":{"platformName":"android","app":"./Resourses/in.workindia.apk","appActivity":"in.workindia.nileshdungarwal.workindiaandroid.RegisterActivity","appPackage":"in.workindia.nileshdungarwal.workindiaandroid","deviceName":"emulator-5554","platformVersion":"8.1"},"platformName":"android","app":"./Resourses/in.workindia.apk","appActivity":"in.workindia.nileshdungarwal.workindiaandroid.RegisterActivity","appPackage":"in.workindia.nileshdungarwal.workindiaandroid","deviceName":"emulator-5554","platformVersion":"8.1.0","deviceUDID":"emulator-5554","deviceApiLevel":27,"deviceScreenSize":"1080x2160","deviceScreenDensity":440,"deviceModel":"Android SDK built for x86","deviceManufacturer":"Google","pixelRatio":2.75,"statBarHeight":66,"viewportRect":{"left":0,"top":66,"width":1080,"height":1962},"lastScrollData":{"toInde...
&amp#27;[35m[HTTP]&amp#27;[39m &amp#27;[37m<-- GET /wd/hub/session/9ad58081-1fb1-4d15-80ce-e759d4eceebf &amp#27;[39m&amp#27;[32m200&amp#27;[39m &amp#27;[90m11 ms - 1128&amp#27;[39m
&amp#27;[35m[HTTP]&amp#27;[39m &amp#27;[90m&amp#27;[39m
&amp#27;[35m[HTTP]&amp#27;[39m &amp#27;[37m-->&amp#27;[39m &amp#27;[37mPOST&amp#27;[39m &amp#27;[37m/wd/hub/session/9ad58081-1fb1-4d15-80ce-e759d4eceebf/element&amp#27;[39m
&amp#27;[35m[HTTP]&amp#27;[39m &amp#27;[90m{"using":"id","value":"in.workindia.nileshdungarwal.workindiaandroid:id/navigation_ham_menu"}&amp#27;[39m
[debug] &amp#27;[35m[W3C (9ad58081)]&amp#27;[39m Calling AppiumDriver.findElement() with args: ["id","in.workindia.nileshdungarwal.workindiaandroid:id/navigation_ham_menu","9ad58081-1fb1-4d15-80ce-e759d4eceebf"]
[debug] &amp#27;[35m[BaseDriver]&amp#27;[39m Valid locator strategies for this request: xpath, id, class name, accessibility id, css selector, -android uiautomator
[debug] &amp#27;[35m[BaseDriver]&amp#27;[39m Waiting up to 50000 ms for condition
[debug] &amp#27;[35m[WD Proxy]&amp#27;[39m Matched '/element' to command name 'findElement'
[debug] &amp#27;[35m[WD Proxy]&amp#27;[39m Proxying [POST /element] to [POST http://127.0.0.1:8202/wd/hub/session/309ecd4d-745f-4bb1-975d-019119a1d545/element] with body: {"strategy":"id","selector":"in.workindia.nileshdungarwal.workindiaandroid:id/navigation_ham_menu","context":"","multiple":false}
&amp#27;[35m[WD Proxy]&amp#27;[39m Got response with status 404: {"sessionId":"309ecd4d-745f-4bb1-975d-019119a1d545","value":{"error":"no such element","message":"An element could not be located on the page using the given search parameters","stacktrace":"io.appium.uiautomator2.common.exceptions.ElementNotFoundException: An element could not be located on the page using the given search parameters\n\tat io.appium.uiautomator2.handler.FindElement.safeHandle(FindElement.java:73)\n\tat io.appium.uiautomator2.handler.request.SafeRequestHandler.handle(SafeRequestHandler.java:41)\n\tat io.appium.uiautomator2.server.AppiumServlet.handleRequest(AppiumServlet.java:261)\n\tat io.appium.uiautomator2.server.AppiumServlet.handleHttpRequest(AppiumServlet.java:255)\n\tat io.appium.uiautomator2.http.ServerHandler.channelRead(ServerHandler.java:68)\n\tat io.netty.channel.AbstractChannelHandlerContext.invokeChannelRead(AbstractChannelHandlerContext.java:366)\n\tat io.netty.channel.AbstractChannelHandlerContext.invokeChannelRead(AbstractChannelHandlerContext.java:352)\n\tat io.netty.chann...
[debug] &amp#27;[35m[W3C]&amp#27;[39m Matched W3C error code 'no such element' to NoSuchElementError
[debug] &amp#27;[35m[BaseDriver]&amp#27;[39m Waited for 65 ms so far
[debug] &amp#27;[35m[WD Proxy]&amp#27;[39m Matched '/element' to command name 'findElement'
[debug] &amp#27;[35m[WD Proxy]&amp#27;[39m Proxying [POST /element] to [POST http://127.0.0.1:8202/wd/hub/session/309ecd4d-745f-4bb1-975d-019119a1d545/element] with body: {"strategy":"id","selector":"in.workindia.nileshdungarwal.workindiaandroid:id/navigation_ham_menu","context":"","multiple":false}
[debug] &amp#27;[35m[WD Proxy]&amp#27;[39m Got response with status 200: {"sessionId":"309ecd4d-745f-4bb1-975d-019119a1d545","value":{"ELEMENT":"5ade11c7-d0cf-4f43-9ada-53caa9381087","element-6066-11e4-a52e-4f735466cecf":"5ade11c7-d0cf-4f43-9ada-53caa9381087"}}
[debug] &amp#27;[35m[W3C (9ad58081)]&amp#27;[39m Responding to client with driver.findElement() result: {"element-6066-11e4-a52e-4f735466cecf":"5ade11c7-d0cf-4f43-9ada-53caa9381087","ELEMENT":"5ade11c7-d0cf-4f43-9ada-53caa9381087"}
&amp#27;[35m[HTTP]&amp#27;[39m &amp#27;[37m<-- POST /wd/hub/session/9ad58081-1fb1-4d15-80ce-e759d4eceebf/element &amp#27;[39m&amp#27;[32m200&amp#27;[39m &amp#27;[90m1582 ms - 137&amp#27;[39m
&amp#27;[35m[HTTP]&amp#27;[39m &amp#27;[90m&amp#27;[39m
&amp#27;[35m[HTTP]&amp#27;[39m &amp#27;[37m-->&amp#27;[39m &amp#27;[37mPOST&amp#27;[39m &amp#27;[37m/wd/hub/session/9ad58081-1fb1-4d15-80ce-e759d4eceebf/element/5ade11c7-d0cf-4f43-9ada-53caa9381087/click&amp#27;[39m
&amp#27;[35m[HTTP]&amp#27;[39m &amp#27;[90m{"id":"5ade11c7-d0cf-4f43-9ada-53caa9381087"}&amp#27;[39m
[debug] &amp#27;[35m[W3C (9ad58081)]&amp#27;[39m Calling AppiumDriver.click() with args: ["5ade11c7-d0cf-4f43-9ada-53caa9381087","9ad58081-1fb1-4d15-80ce-e759d4eceebf"]
[debug] &amp#27;[35m[WD Proxy]&amp#27;[39m Matched '/element/5ade11c7-d0cf-4f43-9ada-53caa9381087/click' to command name 'click'
[debug] &amp#27;[35m[WD Proxy]&amp#27;[39m Proxying [POST /element/5ade11c7-d0cf-4f43-9ada-53caa9381087/click] to [POST http://127.0.0.1:8202/wd/hub/session/309ecd4d-745f-4bb1-975d-019119a1d545/element/5ade11c7-d0cf-4f43-9ada-53caa9381087/click] with body: {"element":"5ade11c7-d0cf-4f43-9ada-53caa9381087"}
[debug] &amp#27;[35m[WD Proxy]&amp#27;[39m Got response with status 200: {"sessionId":"309ecd4d-745f-4bb1-975d-019119a1d545","value":null}
[debug] &amp#27;[35m[W3C (9ad58081)]&amp#27;[39m Responding to client with driver.click() result: null
&amp#27;[35m[HTTP]&amp#27;[39m &amp#27;[37m<-- POST /wd/hub/session/9ad58081-1fb1-4d15-80ce-e759d4eceebf/element/5ade11c7-d0cf-4f43-9ada-53caa9381087/click &amp#27;[39m&amp#27;[32m200&amp#27;[39m &amp#27;[90m22 ms - 14&amp#27;[39m
&amp#27;[35m[HTTP]&amp#27;[39m &amp#27;[90m&amp#27;[39m
&amp#27;[35m[HTTP]&amp#27;[39m &amp#27;[37m-->&amp#27;[39m &amp#27;[37mPOST&amp#27;[39m &amp#27;[37m/wd/hub/session/9ad58081-1fb1-4d15-80ce-e759d4eceebf/timeouts&amp#27;[39m
&amp#27;[35m[HTTP]&amp#27;[39m &amp#27;[90m{"implicit":50000}&amp#27;[39m
[debug] &amp#27;[35m[W3C (9ad58081)]&amp#27;[39m Calling AppiumDriver.timeouts() with args: [null,null,null,null,50000,"9ad58081-1fb1-4d15-80ce-e759d4eceebf"]
[debug] &amp#27;[35m[BaseDriver]&amp#27;[39m W3C timeout argument: {"implicit":50000}}
[debug] &amp#27;[35m[BaseDriver]&amp#27;[39m Set implicit wait to 50000ms
[debug] &amp#27;[35m[W3C (9ad58081)]&amp#27;[39m Responding to client with driver.timeouts() result: null
&amp#27;[35m[HTTP]&amp#27;[39m &amp#27;[37m<-- POST /wd/hub/session/9ad58081-1fb1-4d15-80ce-e759d4eceebf/timeouts &amp#27;[39m&amp#27;[32m200&amp#27;[39m &amp#27;[90m2 ms - 14&amp#27;[39m
&amp#27;[35m[HTTP]&amp#27;[39m &amp#27;[90m&amp#27;[39m
&amp#27;[35m[HTTP]&amp#27;[39m &amp#27;[37m-->&amp#27;[39m &amp#27;[37mGET&amp#27;[39m &amp#27;[37m/wd/hub/session/9ad58081-1fb1-4d15-80ce-e759d4eceebf&amp#27;[39m
&amp#27;[35m[HTTP]&amp#27;[39m &amp#27;[90m{}&amp#27;[39m
[debug] &amp#27;[35m[W3C (9ad58081)]&amp#27;[39m Calling AppiumDriver.getSession() with args: ["9ad58081-1fb1-4d15-80ce-e759d4eceebf"]
[debug] &amp#27;[35m[UiAutomator2]&amp#27;[39m Getting session details from server to mix in
[debug] &amp#27;[35m[WD Proxy]&amp#27;[39m Matched '/' to command name 'getSession'
[debug] &amp#27;[35m[WD Proxy]&amp#27;[39m Proxying [GET /] to [GET http://127.0.0.1:8202/wd/hub/session/309ecd4d-745f-4bb1-975d-019119a1d545] with no body
[debug] &amp#27;[35m[WD Proxy]&amp#27;[39m Got response with status 200: {"sessionId":"309ecd4d-745f-4bb1-975d-019119a1d545","value":{"lastScrollData":{"toIndex":-1,"maxScrollY":2299,"maxScrollX":0,"scrollY":1633,"scrollX":0,"fromIndex":-1,"itemCount":-1}}}
[debug] &amp#27;[35m[W3C (9ad58081)]&amp#27;[39m Responding to client with driver.getSession() result: {"platform":"LINUX","webStorageEnabled":false,"takesScreenshot":true,"javascriptEnabled":true,"databaseEnabled":false,"networkConnectionEnabled":true,"locationContextEnabled":false,"warnings":{},"desired":{"platformName":"android","app":"./Resourses/in.workindia.apk","appActivity":"in.workindia.nileshdungarwal.workindiaandroid.RegisterActivity","appPackage":"in.workindia.nileshdungarwal.workindiaandroid","deviceName":"emulator-5554","platformVersion":"8.1"},"platformName":"android","app":"./Resourses/in.workindia.apk","appActivity":"in.workindia.nileshdungarwal.workindiaandroid.RegisterActivity","appPackage":"in.workindia.nileshdungarwal.workindiaandroid","deviceName":"emulator-5554","platformVersion":"8.1.0","deviceUDID":"emulator-5554","deviceApiLevel":27,"deviceScreenSize":"1080x2160","deviceScreenDensity":440,"deviceModel":"Android SDK built for x86","deviceManufacturer":"Google","pixelRatio":2.75,"statBarHeight":66,"viewportRect":{"left":0,"top":66,"width":1080,"height":1962},"lastScrollData":{"toInde...
&amp#27;[35m[HTTP]&amp#27;[39m &amp#27;[37m<-- GET /wd/hub/session/9ad58081-1fb1-4d15-80ce-e759d4eceebf &amp#27;[39m&amp#27;[32m200&amp#27;[39m &amp#27;[90m15 ms - 1128&amp#27;[39m
&amp#27;[35m[HTTP]&amp#27;[39m &amp#27;[90m&amp#27;[39m
&amp#27;[35m[HTTP]&amp#27;[39m &amp#27;[37m-->&amp#27;[39m &amp#27;[37mPOST&amp#27;[39m &amp#27;[37m/wd/hub/session/9ad58081-1fb1-4d15-80ce-e759d4eceebf/element&amp#27;[39m
&amp#27;[35m[HTTP]&amp#27;[39m &amp#27;[90m{"using":"xpath","value":"//android.widget.LinearLayout[2]/android.widget.LinearLayout"}&amp#27;[39m
[debug] &amp#27;[35m[W3C (9ad58081)]&amp#27;[39m Calling AppiumDriver.findElement() with args: ["xpath","//android.widget.LinearLayout[2]/android.widget.LinearLayout","9ad58081-1fb1-4d15-80ce-e759d4eceebf"]
[debug] &amp#27;[35m[BaseDriver]&amp#27;[39m Valid locator strategies for this request: xpath, id, class name, accessibility id, css selector, -android uiautomator
[debug] &amp#27;[35m[BaseDriver]&amp#27;[39m Waiting up to 50000 ms for condition
[debug] &amp#27;[35m[WD Proxy]&amp#27;[39m Matched '/element' to command name 'findElement'
[debug] &amp#27;[35m[WD Proxy]&amp#27;[39m Proxying [POST /element] to [POST http://127.0.0.1:8202/wd/hub/session/309ecd4d-745f-4bb1-975d-019119a1d545/element] with body: {"strategy":"xpath","selector":"//android.widget.LinearLayout[2]/android.widget.LinearLayout","context":"","multiple":false}
[debug] &amp#27;[35m[WD Proxy]&amp#27;[39m Got response with status 200: {"sessionId":"309ecd4d-745f-4bb1-975d-019119a1d545","value":{"ELEMENT":"2321b020-b12e-4d1c-9add-fe40154b116c","element-6066-11e4-a52e-4f735466cecf":"2321b020-b12e-4d1c-9add-fe40154b116c"}}
[debug] &amp#27;[35m[W3C (9ad58081)]&amp#27;[39m Responding to client with driver.findElement() result: {"element-6066-11e4-a52e-4f735466cecf":"2321b020-b12e-4d1c-9add-fe40154b116c","ELEMENT":"2321b020-b12e-4d1c-9add-fe40154b116c"}
&amp#27;[35m[HTTP]&amp#27;[39m &amp#27;[37m<-- POST /wd/hub/session/9ad58081-1fb1-4d15-80ce-e759d4eceebf/element &amp#27;[39m&amp#27;[32m200&amp#27;[39m &amp#27;[90m360 ms - 137&amp#27;[39m
&amp#27;[35m[HTTP]&amp#27;[39m &amp#27;[90m&amp#27;[39m
&amp#27;[35m[HTTP]&amp#27;[39m &amp#27;[37m-->&amp#27;[39m &amp#27;[37mPOST&amp#27;[39m &amp#27;[37m/wd/hub/session/9ad58081-1fb1-4d15-80ce-e759d4eceebf/element/2321b020-b12e-4d1c-9add-fe40154b116c/click&amp#27;[39m
&amp#27;[35m[HTTP]&amp#27;[39m &amp#27;[90m{"id":"2321b020-b12e-4d1c-9add-fe40154b116c"}&amp#27;[39m
[debug] &amp#27;[35m[W3C (9ad58081)]&amp#27;[39m Calling AppiumDriver.click() with args: ["2321b020-b12e-4d1c-9add-fe40154b116c","9ad58081-1fb1-4d15-80ce-e759d4eceebf"]
[debug] &amp#27;[35m[WD Proxy]&amp#27;[39m Matched '/element/2321b020-b12e-4d1c-9add-fe40154b116c/click' to command name 'click'
[debug] &amp#27;[35m[WD Proxy]&amp#27;[39m Proxying [POST /element/2321b020-b12e-4d1c-9add-fe40154b116c/click] to [POST http://127.0.0.1:8202/wd/hub/session/309ecd4d-745f-4bb1-975d-019119a1d545/element/2321b020-b12e-4d1c-9add-fe40154b116c/click] with body: {"element":"2321b020-b12e-4d1c-9add-fe40154b116c"}
[debug] &amp#27;[35m[WD Proxy]&amp#27;[39m Got response with status 200: {"sessionId":"309ecd4d-745f-4bb1-975d-019119a1d545","value":null}
[debug] &amp#27;[35m[W3C (9ad58081)]&amp#27;[39m Responding to client with driver.click() result: null
&amp#27;[35m[HTTP]&amp#27;[39m &amp#27;[37m<-- POST /wd/hub/session/9ad58081-1fb1-4d15-80ce-e759d4eceebf/element/2321b020-b12e-4d1c-9add-fe40154b116c/click &amp#27;[39m&amp#27;[32m200&amp#27;[39m &amp#27;[90m468 ms - 14&amp#27;[39m
&amp#27;[35m[HTTP]&amp#27;[39m &amp#27;[90m&amp#27;[39m
&amp#27;[35m[HTTP]&amp#27;[39m &amp#27;[37m-->&amp#27;[39m &amp#27;[37mPOST&amp#27;[39m &amp#27;[37m/wd/hub/session/9ad58081-1fb1-4d15-80ce-e759d4eceebf/timeouts&amp#27;[39m
&amp#27;[35m[HTTP]&amp#27;[39m &amp#27;[90m{"implicit":50000}&amp#27;[39m
[debug] &amp#27;[35m[W3C (9ad58081)]&amp#27;[39m Calling AppiumDriver.timeouts() with args: [null,null,null,null,50000,"9ad58081-1fb1-4d15-80ce-e759d4eceebf"]
[debug] &amp#27;[35m[BaseDriver]&amp#27;[39m W3C timeout argument: {"implicit":50000}}
[debug] &amp#27;[35m[BaseDriver]&amp#27;[39m Set implicit wait to 50000ms
[debug] &amp#27;[35m[W3C (9ad58081)]&amp#27;[39m Responding to client with driver.timeouts() result: null
&amp#27;[35m[HTTP]&amp#27;[39m &amp#27;[37m<-- POST /wd/hub/session/9ad58081-1fb1-4d15-80ce-e759d4eceebf/timeouts &amp#27;[39m&amp#27;[32m200&amp#27;[39m &amp#27;[90m2 ms - 14&amp#27;[39m
&amp#27;[35m[HTTP]&amp#27;[39m &amp#27;[90m&amp#27;[39m
&amp#27;[35m[HTTP]&amp#27;[39m &amp#27;[37m-->&amp#27;[39m &amp#27;[37mGET&amp#27;[39m &amp#27;[37m/wd/hub/session/9ad58081-1fb1-4d15-80ce-e759d4eceebf&amp#27;[39m
&amp#27;[35m[HTTP]&amp#27;[39m &amp#27;[90m{}&amp#27;[39m
[debug] &amp#27;[35m[W3C (9ad58081)]&amp#27;[39m Calling AppiumDriver.getSession() with args: ["9ad58081-1fb1-4d15-80ce-e759d4eceebf"]
[debug] &amp#27;[35m[UiAutomator2]&amp#27;[39m Getting session details from server to mix in
[debug] &amp#27;[35m[WD Proxy]&amp#27;[39m Matched '/' to command name 'getSession'
[debug] &amp#27;[35m[WD Proxy]&amp#27;[39m Proxying [GET /] to [GET http://127.0.0.1:8202/wd/hub/session/309ecd4d-745f-4bb1-975d-019119a1d545] with no body
[debug] &amp#27;[35m[WD Proxy]&amp#27;[39m Got response with status 200: {"sessionId":"309ecd4d-745f-4bb1-975d-019119a1d545","value":{"lastScrollData":{"toIndex":-1,"maxScrollY":2299,"maxScrollX":0,"scrollY":1633,"scrollX":0,"fromIndex":-1,"itemCount":-1}}}
[debug] &amp#27;[35m[W3C (9ad58081)]&amp#27;[39m Responding to client with driver.getSession() result: {"platform":"LINUX","webStorageEnabled":false,"takesScreenshot":true,"javascriptEnabled":true,"databaseEnabled":false,"networkConnectionEnabled":true,"locationContextEnabled":false,"warnings":{},"desired":{"platformName":"android","app":"./Resourses/in.workindia.apk","appActivity":"in.workindia.nileshdungarwal.workindiaandroid.RegisterActivity","appPackage":"in.workindia.nileshdungarwal.workindiaandroid","deviceName":"emulator-5554","platformVersion":"8.1"},"platformName":"android","app":"./Resourses/in.workindia.apk","appActivity":"in.workindia.nileshdungarwal.workindiaandroid.RegisterActivity","appPackage":"in.workindia.nileshdungarwal.workindiaandroid","deviceName":"emulator-5554","platformVersion":"8.1.0","deviceUDID":"emulator-5554","deviceApiLevel":27,"deviceScreenSize":"1080x2160","deviceScreenDensity":440,"deviceModel":"Android SDK built for x86","deviceManufacturer":"Google","pixelRatio":2.75,"statBarHeight":66,"viewportRect":{"left":0,"top":66,"width":1080,"height":1962},"lastScrollData":{"toInde...
&amp#27;[35m[HTTP]&amp#27;[39m &amp#27;[37m<-- GET /wd/hub/session/9ad58081-1fb1-4d15-80ce-e759d4eceebf &amp#27;[39m&amp#27;[32m200&amp#27;[39m &amp#27;[90m15 ms - 1128&amp#27;[39m
&amp#27;[35m[HTTP]&amp#27;[39m &amp#27;[90m&amp#27;[39m
&amp#27;[35m[HTTP]&amp#27;[39m &amp#27;[37m-->&amp#27;[39m &amp#27;[37mGET&amp#27;[39m &amp#27;[37m/wd/hub/session/9ad58081-1fb1-4d15-80ce-e759d4eceebf&amp#27;[39m
&amp#27;[35m[HTTP]&amp#27;[39m &amp#27;[90m{}&amp#27;[39m
[debug] &amp#27;[35m[W3C (9ad58081)]&amp#27;[39m Calling AppiumDriver.getSession() with args: ["9ad58081-1fb1-4d15-80ce-e759d4eceebf"]
[debug] &amp#27;[35m[UiAutomator2]&amp#27;[39m Getting session details from server to mix in
[debug] &amp#27;[35m[WD Proxy]&amp#27;[39m Matched '/' to command name 'getSession'
[debug] &amp#27;[35m[WD Proxy]&amp#27;[39m Proxying [GET /] to [GET http://127.0.0.1:8202/wd/hub/session/309ecd4d-745f-4bb1-975d-019119a1d545] with no body
[debug] &amp#27;[35m[WD Proxy]&amp#27;[39m Got response with status 200: {"sessionId":"309ecd4d-745f-4bb1-975d-019119a1d545","value":{"lastScrollData":{"toIndex":-1,"maxScrollY":2299,"maxScrollX":0,"scrollY":1633,"scrollX":0,"fromIndex":-1,"itemCount":-1}}}
[debug] &amp#27;[35m[W3C (9ad58081)]&amp#27;[39m Responding to client with driver.getSession() result: {"platform":"LINUX","webStorageEnabled":false,"takesScreenshot":true,"javascriptEnabled":true,"databaseEnabled":false,"networkConnectionEnabled":true,"locationContextEnabled":false,"warnings":{},"desired":{"platformName":"android","app":"./Resourses/in.workindia.apk","appActivity":"in.workindia.nileshdungarwal.workindiaandroid.RegisterActivity","appPackage":"in.workindia.nileshdungarwal.workindiaandroid","deviceName":"emulator-5554","platformVersion":"8.1"},"platformName":"android","app":"./Resourses/in.workindia.apk","appActivity":"in.workindia.nileshdungarwal.workindiaandroid.RegisterActivity","appPackage":"in.workindia.nileshdungarwal.workindiaandroid","deviceName":"emulator-5554","platformVersion":"8.1.0","deviceUDID":"emulator-5554","deviceApiLevel":27,"deviceScreenSize":"1080x2160","deviceScreenDensity":440,"deviceModel":"Android SDK built for x86","deviceManufacturer":"Google","pixelRatio":2.75,"statBarHeight":66,"viewportRect":{"left":0,"top":66,"width":1080,"height":1962},"lastScrollData":{"toInde...
&amp#27;[35m[HTTP]&amp#27;[39m &amp#27;[37m<-- GET /wd/hub/session/9ad58081-1fb1-4d15-80ce-e759d4eceebf &amp#27;[39m&amp#27;[32m200&amp#27;[39m &amp#27;[90m20 ms - 1128&amp#27;[39m
&amp#27;[35m[HTTP]&amp#27;[39m &amp#27;[90m&amp#27;[39m
&amp#27;[35m[HTTP]&amp#27;[39m &amp#27;[37m-->&amp#27;[39m &amp#27;[37mPOST&amp#27;[39m &amp#27;[37m/wd/hub/session/9ad58081-1fb1-4d15-80ce-e759d4eceebf/element&amp#27;[39m
&amp#27;[35m[HTTP]&amp#27;[39m &amp#27;[90m{"using":"id","value":"in.workindia.nileshdungarwal.workindiaandroid:id/ll_job_alert"}&amp#27;[39m
[debug] &amp#27;[35m[W3C (9ad58081)]&amp#27;[39m Calling AppiumDriver.findElement() with args: ["id","in.workindia.nileshdungarwal.workindiaandroid:id/ll_job_alert","9ad58081-1fb1-4d15-80ce-e759d4eceebf"]
[debug] &amp#27;[35m[BaseDriver]&amp#27;[39m Valid locator strategies for this request: xpath, id, class name, accessibility id, css selector, -android uiautomator
[debug] &amp#27;[35m[BaseDriver]&amp#27;[39m Waiting up to 50000 ms for condition
[debug] &amp#27;[35m[WD Proxy]&amp#27;[39m Matched '/element' to command name 'findElement'
[debug] &amp#27;[35m[WD Proxy]&amp#27;[39m Proxying [POST /element] to [POST http://127.0.0.1:8202/wd/hub/session/309ecd4d-745f-4bb1-975d-019119a1d545/element] with body: {"strategy":"id","selector":"in.workindia.nileshdungarwal.workindiaandroid:id/ll_job_alert","context":"","multiple":false}
&amp#27;[35m[WD Proxy]&amp#27;[39m Got response with status 404: {"sessionId":"309ecd4d-745f-4bb1-975d-019119a1d545","value":{"error":"no such element","message":"An element could not be located on the page using the given search parameters","stacktrace":"io.appium.uiautomator2.common.exceptions.ElementNotFoundException: An element could not be located on the page using the given search parameters\n\tat io.appium.uiautomator2.handler.FindElement.safeHandle(FindElement.java:73)\n\tat io.appium.uiautomator2.handler.request.SafeRequestHandler.handle(SafeRequestHandler.java:41)\n\tat io.appium.uiautomator2.server.AppiumServlet.handleRequest(AppiumServlet.java:261)\n\tat io.appium.uiautomator2.server.AppiumServlet.handleHttpRequest(AppiumServlet.java:255)\n\tat io.appium.uiautomator2.http.ServerHandler.channelRead(ServerHandler.java:68)\n\tat io.netty.channel.AbstractChannelHandlerContext.invokeChannelRead(AbstractChannelHandlerContext.java:366)\n\tat io.netty.channel.AbstractChannelHandlerContext.invokeChannelRead(AbstractChannelHandlerContext.java:352)\n\tat io.netty.chann...
[debug] &amp#27;[35m[W3C]&amp#27;[39m Matched W3C error code 'no such element' to NoSuchElementError
[debug] &amp#27;[35m[BaseDriver]&amp#27;[39m Waited for 849 ms so far
[debug] &amp#27;[35m[WD Proxy]&amp#27;[39m Matched '/element' to command name 'findElement'
[debug] &amp#27;[35m[WD Proxy]&amp#27;[39m Proxying [POST /element] to [POST http://127.0.0.1:8202/wd/hub/session/309ecd4d-745f-4bb1-975d-019119a1d545/element] with body: {"strategy":"id","selector":"in.workindia.nileshdungarwal.workindiaandroid:id/ll_job_alert","context":"","multiple":false}
[debug] &amp#27;[35m[WD Proxy]&amp#27;[39m Got response with status 200: {"sessionId":"309ecd4d-745f-4bb1-975d-019119a1d545","value":{"ELEMENT":"852abd85-fdcb-4038-a195-e3d2b69711d7","element-6066-11e4-a52e-4f735466cecf":"852abd85-fdcb-4038-a195-e3d2b69711d7"}}
[debug] &amp#27;[35m[W3C (9ad58081)]&amp#27;[39m Responding to client with driver.findElement() result: {"element-6066-11e4-a52e-4f735466cecf":"852abd85-fdcb-4038-a195-e3d2b69711d7","ELEMENT":"852abd85-fdcb-4038-a195-e3d2b69711d7"}
&amp#27;[35m[HTTP]&amp#27;[39m &amp#27;[37m<-- POST /wd/hub/session/9ad58081-1fb1-4d15-80ce-e759d4eceebf/element &amp#27;[39m&amp#27;[32m200&amp#27;[39m &amp#27;[90m1504 ms - 137&amp#27;[39m
&amp#27;[35m[HTTP]&amp#27;[39m &amp#27;[90m&amp#27;[39m
&amp#27;[35m[HTTP]&amp#27;[39m &amp#27;[37m-->&amp#27;[39m &amp#27;[37mPOST&amp#27;[39m &amp#27;[37m/wd/hub/session/9ad58081-1fb1-4d15-80ce-e759d4eceebf/touch/perform&amp#27;[39m
&amp#27;[35m[HTTP]&amp#27;[39m &amp#27;[90m{"actions":[{"action":"tap","options":{"element":"852abd85-fdcb-4038-a195-e3d2b69711d7"}},{"action":"release","options":{}}]}&amp#27;[39m
[debug] &amp#27;[35m[W3C (9ad58081)]&amp#27;[39m Calling AppiumDriver.performTouch() with args: [[{"action":"tap","options":{"element":"852abd85-fdcb-4038-a195-e3d2b69711d7"}},{"action":"release","options":{}}],"9ad58081-1fb1-4d15-80ce-e759d4eceebf"]
&amp#27;[35m[UiAutomator2]&amp#27;[39m calling get location: 852abd85-fdcb-4038-a195-e3d2b69711d7
[debug] &amp#27;[35m[WD Proxy]&amp#27;[39m Matched '/element/852abd85-fdcb-4038-a195-e3d2b69711d7/location' to command name 'getLocation'
[debug] &amp#27;[35m[WD Proxy]&amp#27;[39m Proxying [GET /element/852abd85-fdcb-4038-a195-e3d2b69711d7/location] to [GET http://127.0.0.1:8202/wd/hub/session/309ecd4d-745f-4bb1-975d-019119a1d545/element/852abd85-fdcb-4038-a195-e3d2b69711d7/location] with no body
[debug] &amp#27;[35m[WD Proxy]&amp#27;[39m Got response with status 200: {"sessionId":"309ecd4d-745f-4bb1-975d-019119a1d545","value":{"x":19,"y":653}}
[debug] &amp#27;[35m[WD Proxy]&amp#27;[39m Matched '/element/852abd85-fdcb-4038-a195-e3d2b69711d7/size' to command name 'getSize'
[debug] &amp#27;[35m[WD Proxy]&amp#27;[39m Proxying [GET /element/852abd85-fdcb-4038-a195-e3d2b69711d7/size] to [GET http://127.0.0.1:8202/wd/hub/session/309ecd4d-745f-4bb1-975d-019119a1d545/element/852abd85-fdcb-4038-a195-e3d2b69711d7/size] with no body
[debug] &amp#27;[35m[WD Proxy]&amp#27;[39m Got response with status 200: {"sessionId":"309ecd4d-745f-4bb1-975d-019119a1d545","value":{"height":155,"width":1042}}
[debug] &amp#27;[35m[WD Proxy]&amp#27;[39m Proxying [POST /appium/tap] to [POST http://127.0.0.1:8202/wd/hub/session/309ecd4d-745f-4bb1-975d-019119a1d545/appium/tap] with body: {"x":540,"y":730.5,"undefined":null}
[debug] &amp#27;[35m[WD Proxy]&amp#27;[39m Got response with status 200: {"sessionId":"309ecd4d-745f-4bb1-975d-019119a1d545","value":null}
[debug] &amp#27;[35m[W3C (9ad58081)]&amp#27;[39m Responding to client with driver.performTouch() result: null
&amp#27;[35m[HTTP]&amp#27;[39m &amp#27;[37m<-- POST /wd/hub/session/9ad58081-1fb1-4d15-80ce-e759d4eceebf/touch/perform &amp#27;[39m&amp#27;[32m200&amp#27;[39m &amp#27;[90m158 ms - 14&amp#27;[39m
&amp#27;[35m[HTTP]&amp#27;[39m &amp#27;[90m&amp#27;[39m
&amp#27;[35m[HTTP]&amp#27;[39m &amp#27;[37m-->&amp#27;[39m &amp#27;[37mPOST&amp#27;[39m &amp#27;[37m/wd/hub/session/9ad58081-1fb1-4d15-80ce-e759d4eceebf/timeouts&amp#27;[39m
&amp#27;[35m[HTTP]&amp#27;[39m &amp#27;[90m{"implicit":10000}&amp#27;[39m
[debug] &amp#27;[35m[W3C (9ad58081)]&amp#27;[39m Calling AppiumDriver.timeouts() with args: [null,null,null,null,10000,"9ad58081-1fb1-4d15-80ce-e759d4eceebf"]
[debug] &amp#27;[35m[BaseDriver]&amp#27;[39m W3C timeout argument: {"implicit":10000}}
[debug] &amp#27;[35m[BaseDriver]&amp#27;[39m Set implicit wait to 10000ms
[debug] &amp#27;[35m[W3C (9ad58081)]&amp#27;[39m Responding to client with driver.timeouts() result: null
&amp#27;[35m[HTTP]&amp#27;[39m &amp#27;[37m<-- POST /wd/hub/session/9ad58081-1fb1-4d15-80ce-e759d4eceebf/timeouts &amp#27;[39m&amp#27;[32m200&amp#27;[39m &amp#27;[90m4 ms - 14&amp#27;[39m
&amp#27;[35m[HTTP]&amp#27;[39m &amp#27;[90m&amp#27;[39m
&amp#27;[35m[HTTP]&amp#27;[39m &amp#27;[37m-->&amp#27;[39m &amp#27;[37mGET&amp#27;[39m &amp#27;[37m/wd/hub/session/9ad58081-1fb1-4d15-80ce-e759d4eceebf&amp#27;[39m
&amp#27;[35m[HTTP]&amp#27;[39m &amp#27;[90m{}&amp#27;[39m
[debug] &amp#27;[35m[W3C (9ad58081)]&amp#27;[39m Calling AppiumDriver.getSession() with args: ["9ad58081-1fb1-4d15-80ce-e759d4eceebf"]
[debug] &amp#27;[35m[UiAutomator2]&amp#27;[39m Getting session details from server to mix in
[debug] &amp#27;[35m[WD Proxy]&amp#27;[39m Matched '/' to command name 'getSession'
[debug] &amp#27;[35m[WD Proxy]&amp#27;[39m Proxying [GET /] to [GET http://127.0.0.1:8202/wd/hub/session/309ecd4d-745f-4bb1-975d-019119a1d545] with no body
[debug] &amp#27;[35m[WD Proxy]&amp#27;[39m Got response with status 200: {"sessionId":"309ecd4d-745f-4bb1-975d-019119a1d545","value":{"lastScrollData":{"toIndex":-1,"maxScrollY":2299,"maxScrollX":0,"scrollY":1633,"scrollX":0,"fromIndex":-1,"itemCount":-1}}}
[debug] &amp#27;[35m[W3C (9ad58081)]&amp#27;[39m Responding to client with driver.getSession() result: {"platform":"LINUX","webStorageEnabled":false,"takesScreenshot":true,"javascriptEnabled":true,"databaseEnabled":false,"networkConnectionEnabled":true,"locationContextEnabled":false,"warnings":{},"desired":{"platformName":"android","app":"./Resourses/in.workindia.apk","appActivity":"in.workindia.nileshdungarwal.workindiaandroid.RegisterActivity","appPackage":"in.workindia.nileshdungarwal.workindiaandroid","deviceName":"emulator-5554","platformVersion":"8.1"},"platformName":"android","app":"./Resourses/in.workindia.apk","appActivity":"in.workindia.nileshdungarwal.workindiaandroid.RegisterActivity","appPackage":"in.workindia.nileshdungarwal.workindiaandroid","deviceName":"emulator-5554","platformVersion":"8.1.0","deviceUDID":"emulator-5554","deviceApiLevel":27,"deviceScreenSize":"1080x2160","deviceScreenDensity":440,"deviceModel":"Android SDK built for x86","deviceManufacturer":"Google","pixelRatio":2.75,"statBarHeight":66,"viewportRect":{"left":0,"top":66,"width":1080,"height":1962},"lastScrollData":{"toInde...
&amp#27;[35m[HTTP]&amp#27;[39m &amp#27;[37m<-- GET /wd/hub/session/9ad58081-1fb1-4d15-80ce-e759d4eceebf &amp#27;[39m&amp#27;[32m200&amp#27;[39m &amp#27;[90m13 ms - 1128&amp#27;[39m
&amp#27;[35m[HTTP]&amp#27;[39m &amp#27;[90m&amp#27;[39m
&amp#27;[35m[HTTP]&amp#27;[39m &amp#27;[37m-->&amp#27;[39m &amp#27;[37mGET&amp#27;[39m &amp#27;[37m/wd/hub/session/9ad58081-1fb1-4d15-80ce-e759d4eceebf&amp#27;[39m
&amp#27;[35m[HTTP]&amp#27;[39m &amp#27;[90m{}&amp#27;[39m
[debug] &amp#27;[35m[W3C (9ad58081)]&amp#27;[39m Calling AppiumDriver.getSession() with args: ["9ad58081-1fb1-4d15-80ce-e759d4eceebf"]
[debug] &amp#27;[35m[UiAutomator2]&amp#27;[39m Getting session details from server to mix in
[debug] &amp#27;[35m[WD Proxy]&amp#27;[39m Matched '/' to command name 'getSession'
[debug] &amp#27;[35m[WD Proxy]&amp#27;[39m Proxying [GET /] to [GET http://127.0.0.1:8202/wd/hub/session/309ecd4d-745f-4bb1-975d-019119a1d545] with no body
[debug] &amp#27;[35m[WD Proxy]&amp#27;[39m Got response with status 200: {"sessionId":"309ecd4d-745f-4bb1-975d-019119a1d545","value":{"lastScrollData":{"toIndex":-1,"maxScrollY":2299,"maxScrollX":0,"scrollY":1633,"scrollX":0,"fromIndex":-1,"itemCount":-1}}}
[debug] &amp#27;[35m[W3C (9ad58081)]&amp#27;[39m Responding to client with driver.getSession() result: {"platform":"LINUX","webStorageEnabled":false,"takesScreenshot":true,"javascriptEnabled":true,"databaseEnabled":false,"networkConnectionEnabled":true,"locationContextEnabled":false,"warnings":{},"desired":{"platformName":"android","app":"./Resourses/in.workindia.apk","appActivity":"in.workindia.nileshdungarwal.workindiaandroid.RegisterActivity","appPackage":"in.workindia.nileshdungarwal.workindiaandroid","deviceName":"emulator-5554","platformVersion":"8.1"},"platformName":"android","app":"./Resourses/in.workindia.apk","appActivity":"in.workindia.nileshdungarwal.workindiaandroid.RegisterActivity","appPackage":"in.workindia.nileshdungarwal.workindiaandroid","deviceName":"emulator-5554","platformVersion":"8.1.0","deviceUDID":"emulator-5554","deviceApiLevel":27,"deviceScreenSize":"1080x2160","deviceScreenDensity":440,"deviceModel":"Android SDK built for x86","deviceManufacturer":"Google","pixelRatio":2.75,"statBarHeight":66,"viewportRect":{"left":0,"top":66,"width":1080,"height":1962},"lastScrollData":{"toInde...
&amp#27;[35m[HTTP]&amp#27;[39m &amp#27;[37m<-- GET /wd/hub/session/9ad58081-1fb1-4d15-80ce-e759d4eceebf &amp#27;[39m&amp#27;[32m200&amp#27;[39m &amp#27;[90m13 ms - 1128&amp#27;[39m
&amp#27;[35m[HTTP]&amp#27;[39m &amp#27;[90m&amp#27;[39m
&amp#27;[35m[HTTP]&amp#27;[39m &amp#27;[37m-->&amp#27;[39m &amp#27;[37mGET&amp#27;[39m &amp#27;[37m/wd/hub/session/9ad58081-1fb1-4d15-80ce-e759d4eceebf&amp#27;[39m
&amp#27;[35m[HTTP]&amp#27;[39m &amp#27;[90m{}&amp#27;[39m
[debug] &amp#27;[35m[W3C (9ad58081)]&amp#27;[39m Calling AppiumDriver.getSession() with args: ["9ad58081-1fb1-4d15-80ce-e759d4eceebf"]
[debug] &amp#27;[35m[UiAutomator2]&amp#27;[39m Getting session details from server to mix in
[debug] &amp#27;[35m[WD Proxy]&amp#27;[39m Matched '/' to command name 'getSession'
[debug] &amp#27;[35m[WD Proxy]&amp#27;[39m Proxying [GET /] to [GET http://127.0.0.1:8202/wd/hub/session/309ecd4d-745f-4bb1-975d-019119a1d545] with no body
[debug] &amp#27;[35m[WD Proxy]&amp#27;[39m Got response with status 200: {"sessionId":"309ecd4d-745f-4bb1-975d-019119a1d545","value":{"lastScrollData":{"toIndex":-1,"maxScrollY":2299,"maxScrollX":0,"scrollY":1633,"scrollX":0,"fromIndex":-1,"itemCount":-1}}}
[debug] &amp#27;[35m[W3C (9ad58081)]&amp#27;[39m Responding to client with driver.getSession() result: {"platform":"LINUX","webStorageEnabled":false,"takesScreenshot":true,"javascriptEnabled":true,"databaseEnabled":false,"networkConnectionEnabled":true,"locationContextEnabled":false,"warnings":{},"desired":{"platformName":"android","app":"./Resourses/in.workindia.apk","appActivity":"in.workindia.nileshdungarwal.workindiaandroid.RegisterActivity","appPackage":"in.workindia.nileshdungarwal.workindiaandroid","deviceName":"emulator-5554","platformVersion":"8.1"},"platformName":"android","app":"./Resourses/in.workindia.apk","appActivity":"in.workindia.nileshdungarwal.workindiaandroid.RegisterActivity","appPackage":"in.workindia.nileshdungarwal.workindiaandroid","deviceName":"emulator-5554","platformVersion":"8.1.0","deviceUDID":"emulator-5554","deviceApiLevel":27,"deviceScreenSize":"1080x2160","deviceScreenDensity":440,"deviceModel":"Android SDK built for x86","deviceManufacturer":"Google","pixelRatio":2.75,"statBarHeight":66,"viewportRect":{"left":0,"top":66,"width":1080,"height":1962},"lastScrollData":{"toInde...
&amp#27;[35m[HTTP]&amp#27;[39m &amp#27;[37m<-- GET /wd/hub/session/9ad58081-1fb1-4d15-80ce-e759d4eceebf &amp#27;[39m&amp#27;[32m200&amp#27;[39m &amp#27;[90m12 ms - 1128&amp#27;[39m
&amp#27;[35m[HTTP]&amp#27;[39m &amp#27;[90m&amp#27;[39m
&amp#27;[35m[HTTP]&amp#27;[39m &amp#27;[37m-->&amp#27;[39m &amp#27;[37mPOST&amp#27;[39m &amp#27;[37m/wd/hub/session/9ad58081-1fb1-4d15-80ce-e759d4eceebf/element&amp#27;[39m
&amp#27;[35m[HTTP]&amp#27;[39m &amp#27;[90m{"using":"xpath","value":"//*[@text='SUBMIT']"}&amp#27;[39m
[debug] &amp#27;[35m[W3C (9ad58081)]&amp#27;[39m Calling AppiumDriver.findElement() with args: ["xpath","//*[@text='SUBMIT']","9ad58081-1fb1-4d15-80ce-e759d4eceebf"]
[debug] &amp#27;[35m[BaseDriver]&amp#27;[39m Valid locator strategies for this request: xpath, id, class name, accessibility id, css selector, -android uiautomator
[debug] &amp#27;[35m[BaseDriver]&amp#27;[39m Waiting up to 10000 ms for condition
[debug] &amp#27;[35m[WD Proxy]&amp#27;[39m Matched '/element' to command name 'findElement'
[debug] &amp#27;[35m[WD Proxy]&amp#27;[39m Proxying [POST /element] to [POST http://127.0.0.1:8202/wd/hub/session/309ecd4d-745f-4bb1-975d-019119a1d545/element] with body: {"strategy":"xpath","selector":"//*[@text='SUBMIT']","context":"","multiple":false}
[debug] &amp#27;[35m[WD Proxy]&amp#27;[39m Got response with status 200: {"sessionId":"309ecd4d-745f-4bb1-975d-019119a1d545","value":{"ELEMENT":"23b10b9d-30fa-4e72-9d55-fc87a05d6980","element-6066-11e4-a52e-4f735466cecf":"23b10b9d-30fa-4e72-9d55-fc87a05d6980"}}
[debug] &amp#27;[35m[W3C (9ad58081)]&amp#27;[39m Responding to client with driver.findElement() result: {"element-6066-11e4-a52e-4f735466cecf":"23b10b9d-30fa-4e72-9d55-fc87a05d6980","ELEMENT":"23b10b9d-30fa-4e72-9d55-fc87a05d6980"}
&amp#27;[35m[HTTP]&amp#27;[39m &amp#27;[37m<-- POST /wd/hub/session/9ad58081-1fb1-4d15-80ce-e759d4eceebf/element &amp#27;[39m&amp#27;[32m200&amp#27;[39m &amp#27;[90m655 ms - 137&amp#27;[39m
&amp#27;[35m[HTTP]&amp#27;[39m &amp#27;[90m&amp#27;[39m
&amp#27;[35m[HTTP]&amp#27;[39m &amp#27;[37m-->&amp#27;[39m &amp#27;[37mPOST&amp#27;[39m &amp#27;[37m/wd/hub/session/9ad58081-1fb1-4d15-80ce-e759d4eceebf/element/23b10b9d-30fa-4e72-9d55-fc87a05d6980/click&amp#27;[39m
&amp#27;[35m[HTTP]&amp#27;[39m &amp#27;[90m{"id":"23b10b9d-30fa-4e72-9d55-fc87a05d6980"}&amp#27;[39m
[debug] &amp#27;[35m[W3C (9ad58081)]&amp#27;[39m Calling AppiumDriver.click() with args: ["23b10b9d-30fa-4e72-9d55-fc87a05d6980","9ad58081-1fb1-4d15-80ce-e759d4eceebf"]
[debug] &amp#27;[35m[WD Proxy]&amp#27;[39m Matched '/element/23b10b9d-30fa-4e72-9d55-fc87a05d6980/click' to command name 'click'
[debug] &amp#27;[35m[WD Proxy]&amp#27;[39m Proxying [POST /element/23b10b9d-30fa-4e72-9d55-fc87a05d6980/click] to [POST http://127.0.0.1:8202/wd/hub/session/309ecd4d-745f-4bb1-975d-019119a1d545/element/23b10b9d-30fa-4e72-9d55-fc87a05d6980/click] with body: {"element":"23b10b9d-30fa-4e72-9d55-fc87a05d6980"}
[debug] &amp#27;[35m[WD Proxy]&amp#27;[39m Got response with status 200: {"sessionId":"309ecd4d-745f-4bb1-975d-019119a1d545","value":null}
[debug] &amp#27;[35m[W3C (9ad58081)]&amp#27;[39m Responding to client with driver.click() result: null
&amp#27;[35m[HTTP]&amp#27;[39m &amp#27;[37m<-- POST /wd/hub/session/9ad58081-1fb1-4d15-80ce-e759d4eceebf/element/23b10b9d-30fa-4e72-9d55-fc87a05d6980/click &amp#27;[39m&amp#27;[32m200&amp#27;[39m &amp#27;[90m22 ms - 14&amp#27;[39m
&amp#27;[35m[HTTP]&amp#27;[39m &amp#27;[90m&amp#27;[39m
&amp#27;[35m[HTTP]&amp#27;[39m &amp#27;[37m-->&amp#27;[39m &amp#27;[37mPOST&amp#27;[39m &amp#27;[37m/wd/hub/session/9ad58081-1fb1-4d15-80ce-e759d4eceebf/element&amp#27;[39m
&amp#27;[35m[HTTP]&amp#27;[39m &amp#27;[90m{"using":"xpath","value":"//*[@text='SUBMIT']"}&amp#27;[39m
[debug] &amp#27;[35m[W3C (9ad58081)]&amp#27;[39m Calling AppiumDriver.findElement() with args: ["xpath","//*[@text='SUBMIT']","9ad58081-1fb1-4d15-80ce-e759d4eceebf"]
[debug] &amp#27;[35m[BaseDriver]&amp#27;[39m Valid locator strategies for this request: xpath, id, class name, accessibility id, css selector, -android uiautomator
[debug] &amp#27;[35m[BaseDriver]&amp#27;[39m Waiting up to 10000 ms for condition
[debug] &amp#27;[35m[WD Proxy]&amp#27;[39m Matched '/element' to command name 'findElement'
[debug] &amp#27;[35m[WD Proxy]&amp#27;[39m Proxying [POST /element] to [POST http://127.0.0.1:8202/wd/hub/session/309ecd4d-745f-4bb1-975d-019119a1d545/element] with body: {"strategy":"xpath","selector":"//*[@text='SUBMIT']","context":"","multiple":false}
[debug] &amp#27;[35m[WD Proxy]&amp#27;[39m Got response with status 200: {"sessionId":"309ecd4d-745f-4bb1-975d-019119a1d545","value":{"ELEMENT":"06af17c4-b592-4b50-a5d6-817969663b2c","element-6066-11e4-a52e-4f735466cecf":"06af17c4-b592-4b50-a5d6-817969663b2c"}}
[debug] &amp#27;[35m[W3C (9ad58081)]&amp#27;[39m Responding to client with driver.findElement() result: {"element-6066-11e4-a52e-4f735466cecf":"06af17c4-b592-4b50-a5d6-817969663b2c","ELEMENT":"06af17c4-b592-4b50-a5d6-817969663b2c"}
&amp#27;[35m[HTTP]&amp#27;[39m &amp#27;[37m<-- POST /wd/hub/session/9ad58081-1fb1-4d15-80ce-e759d4eceebf/element &amp#27;[39m&amp#27;[32m200&amp#27;[39m &amp#27;[90m127 ms - 137&amp#27;[39m
&amp#27;[35m[HTTP]&amp#27;[39m &amp#27;[90m&amp#27;[39m
&amp#27;[35m[HTTP]&amp#27;[39m &amp#27;[37m-->&amp#27;[39m &amp#27;[37mGET&amp#27;[39m &amp#27;[37m/wd/hub/session/9ad58081-1fb1-4d15-80ce-e759d4eceebf/element/06af17c4-b592-4b50-a5d6-817969663b2c/text&amp#27;[39m
&amp#27;[35m[HTTP]&amp#27;[39m &amp#27;[90m{}&amp#27;[39m
&amp#27;[35m[W3C (9ad58081)]&amp#27;[39m Driver proxy active, passing request on via HTTP proxy
[debug] &amp#27;[35m[WD Proxy]&amp#27;[39m Matched '/wd/hub/session/9ad58081-1fb1-4d15-80ce-e759d4eceebf/element/06af17c4-b592-4b50-a5d6-817969663b2c/text' to command name 'getText'
[debug] &amp#27;[35m[WD Proxy]&amp#27;[39m Proxying [GET /wd/hub/session/9ad58081-1fb1-4d15-80ce-e759d4eceebf/element/06af17c4-b592-4b50-a5d6-817969663b2c/text] to [GET http://127.0.0.1:8202/wd/hub/session/309ecd4d-745f-4bb1-975d-019119a1d545/element/06af17c4-b592-4b50-a5d6-817969663b2c/text] with no body
[debug] &amp#27;[35m[WD Proxy]&amp#27;[39m Got response with status 200: {"sessionId":"309ecd4d-745f-4bb1-975d-019119a1d545","value":"SUBMIT"}
&amp#27;[35m[WD Proxy]&amp#27;[39m Replacing sessionId 309ecd4d-745f-4bb1-975d-019119a1d545 with 9ad58081-1fb1-4d15-80ce-e759d4eceebf
&amp#27;[35m[HTTP]&amp#27;[39m &amp#27;[37m<-- GET /wd/hub/session/9ad58081-1fb1-4d15-80ce-e759d4eceebf/element/06af17c4-b592-4b50-a5d6-817969663b2c/text &amp#27;[39m&amp#27;[32m200&amp#27;[39m &amp#27;[90m414 ms - 69&amp#27;[39m
&amp#27;[35m[HTTP]&amp#27;[39m &amp#27;[90m&amp#27;[39m
&amp#27;[35m[HTTP]&amp#27;[39m &amp#27;[37m-->&amp#27;[39m &amp#27;[37mGET&amp#27;[39m &amp#27;[37m/wd/hub/session/9ad58081-1fb1-4d15-80ce-e759d4eceebf/screenshot&amp#27;[39m
&amp#27;[35m[HTTP]&amp#27;[39m &amp#27;[90m{}&amp#27;[39m
[debug] &amp#27;[35m[W3C (9ad58081)]&amp#27;[39m Calling AppiumDriver.getScreenshot() with args: ["9ad58081-1fb1-4d15-80ce-e759d4eceebf"]
[debug] &amp#27;[35m[WD Proxy]&amp#27;[39m Matched '/screenshot' to command name 'getScreenshot'
[debug] &amp#27;[35m[WD Proxy]&amp#27;[39m Proxying [GET /screenshot] to [GET http://127.0.0.1:8202/wd/hub/session/309ecd4d-745f-4bb1-975d-019119a1d545/screenshot] with no body
[debug] &amp#27;[35m[WD Proxy]&amp#27;[39m Got response with status 200: {"sessionId":"309ecd4d-745f-4bb1-975d-019119a1d545","value":"iVBORw0KGgoAAAANSUhEUgAABDgAAAhwCAYAAADIu476AAAABHNCSVQICAgIfAhkiAAAIABJREFU\neJzsvXmUZNd93/d7VdVVvfd093T3TM++YbCDQ3ADREqkFMq0HMs8oilZkiNa1gISYpxYFiVFVESK\nFOXlRJSjHEthLDl0HOcwlLXYjCJTFC2HtrmJAEmQAAbADGYwG2Zfel+qq/JHz+t5desuv9+991X1\n6/l+zsGZrvfu/d3fu8tvQy3J+M63NslBkiTUbDqbsZHIiz12nuh0Nenv29bUj4io2WyK58s1pmts\nrjzuvbzWW5WrPhcRiec+7af2dT1DHvs/ZN199JGus2vfSvHdL53e7yl520+JPZHI9ZEXa3/76uNr\nQyTrFWNsm03iEkNGnuSpH0d2iP8NWQ+f/cH17bp/VUJ8sBSJzfS1ITHOho8ekrY+PjWG3XbJDpUX\n2w77xh5cfWL1iYmPLyZyx6Q+Y3PPhSneldjTFN+znIe9co1HJIvXQvIvk7xO2EjpOKYYmYise0Ya\nS8XwQynl/qH9H84q6ourP0d+iIz0nqmN7rraJ0mS4HmIgc88SJ/bJUO9z03kTPg6pezfrme06e87\nbnZsXTApMRJ5Izkf2X9VY5XH2DGTmjzaxkByBmOPayq8cXQI1ZtjN6VzEPJMUj8RW/cQYo0VwxZ2\nwxd26wzZyDs28pET6o9D9PI5yyHYEmXuWZfaRKl+ujFdfUxtJXGorq8PtnOX1/9wsv0dO5/oZGyf\nx77KE5/YgCvXp1CQh2wpedp83/hMYlPyIKZf4Z5vyTzq2m4UODjkGQiGyt5sAVDsICBGshEjCU3l\ndzrI8cFHRzXhNxU20vumwCsmnSw8xDbstvnLts8zAM3KkxhWrmPR9Y/BZpSVhxPlOjGb7emEDeb2\nD0lQYuhhk5GHHY4VIKu2V3fd...
[debug] &amp#27;[35m[W3C (9ad58081)]&amp#27;[39m Responding to client with driver.getScreenshot() result: "iVBORw0KGgoAAAANSUhEUgAABDgAAAhwCAYAAADIu476AAAABHNCSVQICAgIfAhkiAAAIABJREFU\neJzsvXmUZNd93/d7VdVVvfd093T3TM++YbCDQ3ADREqkFMq0HMs8oilZkiNa1gISYpxYFiVFVESK\nFOXlRJSjHEthLDl0HOcwlLXYjCJTFC2HtrmJAEmQAAbADGYwG2Zfel+qq/JHz+t5desuv9+991X1\n6/l+zsGZrvfu/d3fu8tvQy3J+M63NslBkiTUbDqbsZHIiz12nuh0Nenv29bUj4io2WyK58s1pmts\nrjzuvbzWW5WrPhcRiec+7af2dT1DHvs/ZN199JGus2vfSvHdL53e7yl520+JPZHI9ZEXa3/76uNr\nQyTrFWNsm03iEkNGnuSpH0d2iP8NWQ+f/cH17bp/VUJ8sBSJzfS1ITHOho8ekrY+PjWG3XbJDpUX\n2w77xh5cfWL1iYmPLyZyx6Q+Y3PPhSneldjTFN+znIe9co1HJIvXQvIvk7xO2EjpOKYYmYise0Ya\nS8XwQynl/qH9H84q6ourP0d+iIz0nqmN7rraJ0mS4HmIgc88SJ/bJUO9z03kTPg6pezfrme06e87\nbnZsXTApMRJ5Izkf2X9VY5XH2DGTmjzaxkByBmOPayq8cXQI1ZtjN6VzEPJMUj8RW/cQYo0VwxZ2\nwxd26wzZyDs28pET6o9D9PI5yyHYEmXuWZfaRKl+ujFdfUxtJXGorq8PtnOX1/9wsv0dO5/oZGyf\nx77KE5/YgCvXp1CQh2wpedp83/hMYlPyIKZf4Z5vyTzq2m4UODjkGQiGyt5sAVDsICBGshEjCU3l\ndzrI8cFHRzXhNxU20vumwCsmnSw8xDbstvnLts8zAM3KkxhWrmPR9Y/BZpSVhxPlOjGb7emEDeb2\nD0lQYuhhk5GHHY4VIKu2V3fdJD9WUGVKvGLi65/Tf23zxH1Gqe3Pc142Q2xnKzLkYf9Na+iSxQnq\npXq4/v...
&amp#27;[35m[HTTP]&amp#27;[39m &amp#27;[37m<-- GET /wd/hub/session/9ad58081-1fb1-4d15-80ce-e759d4eceebf/screenshot &amp#27;[39m&amp#27;[32m200&amp#27;[39m &amp#27;[90m545 ms - 238458&amp#27;[39m
&amp#27;[35m[HTTP]&amp#27;[39m &amp#27;[90m&amp#27;[39m
&amp#27;[35m[HTTP]&amp#27;[39m &amp#27;[37m-->&amp#27;[39m &amp#27;[37mDELETE&amp#27;[39m &amp#27;[37m/wd/hub/session/9ad58081-1fb1-4d15-80ce-e759d4eceebf&amp#27;[39m
&amp#27;[35m[HTTP]&amp#27;[39m &amp#27;[90m{}&amp#27;[39m
[debug] &amp#27;[35m[W3C (9ad58081)]&amp#27;[39m Calling AppiumDriver.deleteSession() with args: ["9ad58081-1fb1-4d15-80ce-e759d4eceebf"]
[debug] &amp#27;[35m[BaseDriver]&amp#27;[39m Event 'quitSessionRequested' logged at 1610626453917 (17:44:13 GMT+0530 (India Standard Time))
&amp#27;[35m[Appium]&amp#27;[39m Removing session 9ad58081-1fb1-4d15-80ce-e759d4eceebf from our master session list
[debug] &amp#27;[35m[UiAutomator2]&amp#27;[39m Deleting UiAutomator2 session
[debug] &amp#27;[35m[UiAutomator2]&amp#27;[39m Deleting UiAutomator2 server session
[debug] &amp#27;[35m[WD Proxy]&amp#27;[39m Matched '/' to command name 'deleteSession'
[debug] &amp#27;[35m[WD Proxy]&amp#27;[39m Proxying [DELETE /] to [DELETE http://127.0.0.1:8202/wd/hub/session/309ecd4d-745f-4bb1-975d-019119a1d545] with no body
[debug] &amp#27;[35m[WD Proxy]&amp#27;[39m Got response with status 200: {"sessionId":"309ecd4d-745f-4bb1-975d-019119a1d545","value":null}
[debug] &amp#27;[35m[ADB]&amp#27;[39m Running 'C:\Users\saurabhkumar04\AppData\Local\Android\Sdk\platform-tools\adb.exe -P 5037 -s emulator-5554 shell am force-stop in.workindia.nileshdungarwal.workindiaandroid'
[debug] &amp#27;[35m[Instrumentation]&amp#27;[39m .
[debug] &amp#27;[35m[Logcat]&amp#27;[39m Stopping logcat capture
[debug] &amp#27;[35m[ADB]&amp#27;[39m Removing forwarded port socket connection: 8202 
[debug] &amp#27;[35m[ADB]&amp#27;[39m Running 'C:\Users\saurabhkumar04\AppData\Local\Android\Sdk\platform-tools\adb.exe -P 5037 -s emulator-5554 forward --remove tcp:8202'
[debug] &amp#27;[35m[BaseDriver]&amp#27;[39m Event 'quitSessionFinished' logged at 1610626454256 (17:44:14 GMT+0530 (India Standard Time))
[debug] &amp#27;[35m[W3C (9ad58081)]&amp#27;[39m Received response: null
[debug] &amp#27;[35m[W3C (9ad58081)]&amp#27;[39m But deleting session, so not returning
[debug] &amp#27;[35m[W3C (9ad58081)]&amp#27;[39m Responding to client with driver.deleteSession() result: null
[debug] &amp#27;[35m[W3C (9ad58081)]&amp#27;[39m Destroying socket connection

  @efg
  Scenario Outline: User Cant create job alert with invalid inputs                                    # JobAlert.feature:29
    Given User has already on Registration page                                                       # MainpageStepDef.user_has_already_on_Registration_page()
    When User enter the "Aadarsh" and "1234567897"                                                    # MainpageStepDef.user_enter_the_and(String,String)
    And User click on Submit button                                                                   # MainpageStepDef.user_click_on_Submit_button()
    And User will Select the city                                                                     # MainpageStepDef.user_will_Select_the_city()
    And User will enter the nearest "Karol Bagh"                                                      # MainpageStepDef.user_will_enter_the_nearest(String)
    Then User will click on Submit button                                                             # MainpageStepDef.user_will_click_on_Submit_button()
    Then User will select the Gender , User chooses the qualification , User select the school medium # MainpageStepDef.user_will_select_the_Gender_User_chooses_the_qualification_User_select_the_school_medium()
    Then User select the english fluency                                                              # MainpageStepDef.user_select_the_english_fluency()
    Then User select the experience and User select the age                                           # MainpageStepDef.user_select_the_experience_and_User_select_the_age()
    Then User chooses the interest area                                                               # MainpageStepDef.user_chooses_the_interest_area()
    Then User will click on Submit btn                                                                # MainpageStepDef.user_will_click_on_Submit_btn()
    Then User will click on Specialization                                                            # MainpageStepDef.user_will_click_on_Specialization()
    Then User will select the specialiazation He Has                                                  # MainpageStepDef.user_will_select_the_specialiazation_He_Has()
    Then User will click on Specialization Submit button                                              # MainpageStepDef.user_will_click_on_Specialization_Submit_button()
    Then User will click on Degree                                                                    # MainpageStepDef.user_will_click_on_Degree()
    Then User will Select the Degree He Has                                                           # MainpageStepDef.user_will_Select_the_Degree_He_Has()
    Then User will Click On Degree Submit button                                                      # MainpageStepDef.user_will_Click_On_Degree_Submit_button()
    Then User will Select Language of his/her Choice                                                  # MainpageStepDef.user_will_Select_Language_of_his_her_Choice()
    Then User will Click on Profile Icon, User Will Click On My Profile Icon                          # UpdateProfileStepDef.user_will_Click_on_Profile_Icon_User_Will_Click_On_My_Profile_Icon()
    Then User will Click On create Job Alert                                                          # JobAlertStefDef.user_will_Click_On_create_Job_Alert()
    Then User will click on Job Alert submit button                                                   # JobAlertStefDef.user_will_click_on_Job_Alert_submit_button()
      java.lang.AssertionError: null
      	at org.testng.Assert.fail(Assert.java:93)
      	at org.testng.Assert.assertNotEquals(Assert.java:897)
      	at org.testng.Assert.assertNotEquals(Assert.java:902)
      	at StepDef.JobAlertStefDef.user_will_click_on_Job_Alert_submit_button(JobAlertStefDef.java:35)
      	at ?.Then User will click on Job Alert submit button(JobAlert.feature:25)

]]></system-out>
    <system-err><![CDATA[Jan 14, 2021 5:43:34 PM io.appium.java_client.remote.AppiumCommandExecutor$1 lambda$0
INFO: Detected dialect: W3C
]]></system-err>
  </testcase>
  <testcase name="feature[Valid WorkIndia Application](2)" classname="Runner.RunnerClass" time="67.794">
    <system-out><![CDATA[Feature: Valid WorkIndia Application

  @NameSubmission
  Scenario Outline: User with enter Name and the Mobile Number in to the Application # MainPage.feature:5
    Given User has already on Registration page
    When User enter the "<Name>" and "<PhoneNumber>"
    And User click on Submit button
    And User will Select the city
    And User will enter the nearest "<location>"
    Then User will click on Submit button

    Examples: 
&amp#27;[35m[Appium]&amp#27;[39m Welcome to Appium v1.19.1
&amp#27;[35m[Appium]&amp#27;[39m Appium REST http interface listener started on 0.0.0.0:4723
&amp#27;[35m[HTTP]&amp#27;[39m &amp#27;[37m-->&amp#27;[39m &amp#27;[37mGET&amp#27;[39m &amp#27;[37m/wd/hub/status&amp#27;[39m
&amp#27;[35m[HTTP]&amp#27;[39m &amp#27;[90m{}&amp#27;[39m
[debug] &amp#27;[35m[GENERIC]&amp#27;[39m Calling AppiumDriver.getStatus() with args: []
[debug] &amp#27;[35m[GENERIC]&amp#27;[39m Responding to client with driver.getStatus() result: {"build":{"version":"1.19.1"}}
&amp#27;[35m[HTTP]&amp#27;[39m &amp#27;[37m<-- GET /wd/hub/status &amp#27;[39m&amp#27;[32m200&amp#27;[39m &amp#27;[90m12 ms - 68&amp#27;[39m
&amp#27;[35m[HTTP]&amp#27;[39m &amp#27;[90m&amp#27;[39m
&amp#27;[35m[HTTP]&amp#27;[39m &amp#27;[37m-->&amp#27;[39m &amp#27;[37mPOST&amp#27;[39m &amp#27;[37m/wd/hub/session&amp#27;[39m
&amp#27;[35m[HTTP]&amp#27;[39m &amp#27;[90m{"desiredCapabilities":{"app":"./Resourses/in.workindia.apk","appActivity":"in.workindia.nileshdungarwal.workindiaandroid.RegisterActivity","appPackage":"in.workindia.nileshdungarwal.workindiaandroid","platformVersion":"8.1","platformName":"Android","deviceName":"emulator-5554"},"capabilities":{"alwaysMatch":{"appium:app":"./Resourses/in.workindia.apk","appium:appActivity":"in.workindia.nileshdungarwal.workindiaandroid.RegisterActivity","appium:appPackage":"in.workindia.nileshdungarwal.workindiaandroid","appium:deviceName":"emulator-5554","platformName":"android","appium:platformVersion":"8.1"},"firstMatch":[{}]}}&amp#27;[39m
[debug] &amp#27;[35m[W3C]&amp#27;[39m Calling AppiumDriver.createSession() with args: [{"app":"./Resourses/in.workindia.apk","appActivity":"in.workindia.nileshdungarwal.workindiaandroid.RegisterActivity","appPackage":"in.workindia.nileshdungarwal.workindiaandroid","platformVersion":"8.1","platformName":"Android","deviceName":"emulator-5554"},null,{"alwaysMatch":{"appium:app":"./Resourses/in.workindia.apk","appium:appActivity":"in.workindia.nileshdungarwal.workindiaandroid.RegisterActivity","appium:appPackage":"in.workindia.nileshdungarwal.workindiaandroid","appium:deviceName":"emulator-5554","platformName":"android","appium:platformVersion":"8.1"},"firstMatch":[{}]}]
[debug] &amp#27;[35m[BaseDriver]&amp#27;[39m Event 'newSessionRequested' logged at 1610626456852 (17:44:16 GMT+0530 (India Standard Time))
&amp#27;[35m[Appium]&amp#27;[39m 
&amp#27;[35m[Appium]&amp#27;[39m ======================================================================
&amp#27;[35m[Appium]&amp#27;[39m   DEPRECATION WARNING:
&amp#27;[35m[Appium]&amp#27;[39m 
&amp#27;[35m[Appium]&amp#27;[39m   The 'automationName' capability was not provided in the desired 
&amp#27;[35m[Appium]&amp#27;[39m   capabilities for this Android session
&amp#27;[35m[Appium]&amp#27;[39m 
&amp#27;[35m[Appium]&amp#27;[39m   Setting 'automationName=UiAutomator2' by default and using the 
&amp#27;[35m[Appium]&amp#27;[39m   UiAutomator2 Driver
&amp#27;[35m[Appium]&amp#27;[39m 
&amp#27;[35m[Appium]&amp#27;[39m   The next major version of Appium (2.x) will **require** the 
&amp#27;[35m[Appium]&amp#27;[39m   'automationName' capability to be set for all sessions on all 
&amp#27;[35m[Appium]&amp#27;[39m   platforms
&amp#27;[35m[Appium]&amp#27;[39m 
&amp#27;[35m[Appium]&amp#27;[39m   In previous versions (Appium <= 1.13.x), the default was 
&amp#27;[35m[Appium]&amp#27;[39m   'automationName=UiAutomator1'
&amp#27;[35m[Appium]&amp#27;[39m 
&amp#27;[35m[Appium]&amp#27;[39m   If you wish to use that automation instead of UiAutomator2, please 
&amp#27;[35m[Appium]&amp#27;[39m   add 'automationName=UiAutomator1' to your desired capabilities
&amp#27;[35m[Appium]&amp#27;[39m 
&amp#27;[35m[Appium]&amp#27;[39m   For more information about drivers, please visit 
&amp#27;[35m[Appium]&amp#27;[39m   http://appium.io/docs/en/about-appium/intro/ and explore the 
&amp#27;[35m[Appium]&amp#27;[39m   'Drivers' menu
&amp#27;[35m[Appium]&amp#27;[39m 
&amp#27;[35m[Appium]&amp#27;[39m ======================================================================
&amp#27;[35m[Appium]&amp#27;[39m 
&amp#27;[35m[Appium]&amp#27;[39m Appium v1.19.1 creating new AndroidUiautomator2Driver (v1.59.0) session
[debug] &amp#27;[35m[BaseDriver]&amp#27;[39m W3C capabilities and MJSONWP desired capabilities were provided
[debug] &amp#27;[35m[BaseDriver]&amp#27;[39m Creating session with W3C capabilities: {
[debug] &amp#27;[35m[BaseDriver]&amp#27;[39m   "alwaysMatch": {
[debug] &amp#27;[35m[BaseDriver]&amp#27;[39m     "platformName": "android",
[debug] &amp#27;[35m[BaseDriver]&amp#27;[39m     "appium:app": "./Resourses/in.workindia.apk",
[debug] &amp#27;[35m[BaseDriver]&amp#27;[39m     "appium:appActivity": "in.workindia.nileshdungarwal.workindiaandroid.RegisterActivity",
[debug] &amp#27;[35m[BaseDriver]&amp#27;[39m     "appium:appPackage": "in.workindia.nileshdungarwal.workindiaandroid",
[debug] &amp#27;[35m[BaseDriver]&amp#27;[39m     "appium:deviceName": "emulator-5554",
[debug] &amp#27;[35m[BaseDriver]&amp#27;[39m     "appium:platformVersion": "8.1"
[debug] &amp#27;[35m[BaseDriver]&amp#27;[39m   },
[debug] &amp#27;[35m[BaseDriver]&amp#27;[39m   "firstMatch": [
[debug] &amp#27;[35m[BaseDriver]&amp#27;[39m     {}
[debug] &amp#27;[35m[BaseDriver]&amp#27;[39m   ]
[debug] &amp#27;[35m[BaseDriver]&amp#27;[39m }
&amp#27;[35m[BaseDriver]&amp#27;[39m Session created with session id: 421ea0a9-d989-402b-b932-926b1329ce6c
&amp#27;[35m[BaseDriver]&amp#27;[39m Using local app './Resourses/in.workindia.apk'
&amp#27;[35m[BaseDriver]&amp#27;[39m The current application path './Resourses/in.workindia.apk' is not absolute and has been rewritten to 'C:\Users\saurabhkumar04\Downloads\WorkIndiaPractise (3)\WorkIndiaPractise\Resourses\in.workindia.apk'. Consider using absolute paths rather than relative
[debug] &amp#27;[35m[UiAutomator2]&amp#27;[39m Checking whether app is actually present
&amp#27;[35m[ADB]&amp#27;[39m Found 1 'build-tools' folders under 'C:\Users\saurabhkumar04\AppData\Local\Android\Sdk' (newest first):
&amp#27;[35m[ADB]&amp#27;[39m     C:/Users/saurabhkumar04/AppData/Local/Android/Sdk/build-tools/30.0.3
&amp#27;[35m[ADB]&amp#27;[39m Using 'adb.exe' from 'C:\Users\saurabhkumar04\AppData\Local\Android\Sdk\platform-tools\adb.exe'
[debug] &amp#27;[35m[ADB]&amp#27;[39m Running 'C:\Users\saurabhkumar04\AppData\Local\Android\Sdk\platform-tools\adb.exe -P 5037 start-server'
&amp#27;[35m[AndroidDriver]&amp#27;[39m Retrieving device list
[debug] &amp#27;[35m[ADB]&amp#27;[39m Trying to find a connected android device
[debug] &amp#27;[35m[ADB]&amp#27;[39m Getting connected devices
[debug] &amp#27;[35m[ADB]&amp#27;[39m Connected devices: [{"udid":"emulator-5554","state":"device"}]
&amp#27;[35m[AndroidDriver]&amp#27;[39m Looking for a device with Android '8.1.0'
[debug] &amp#27;[35m[ADB]&amp#27;[39m Setting device id to emulator-5554
&amp#27;[35m[ADB]&amp#27;[39m Getting device platform version
[debug] &amp#27;[35m[ADB]&amp#27;[39m Running 'C:\Users\saurabhkumar04\AppData\Local\Android\Sdk\platform-tools\adb.exe -P 5037 -s emulator-5554 shell getprop ro.build.version.release'
[debug] &amp#27;[35m[ADB]&amp#27;[39m Current device property 'ro.build.version.release': 8.1.0
&amp#27;[35m[AndroidDriver]&amp#27;[39m Using device: emulator-5554
&amp#27;[35m[ADB]&amp#27;[39m Using 'adb.exe' from 'C:\Users\saurabhkumar04\AppData\Local\Android\Sdk\platform-tools\adb.exe'
[debug] &amp#27;[35m[ADB]&amp#27;[39m Running 'C:\Users\saurabhkumar04\AppData\Local\Android\Sdk\platform-tools\adb.exe -P 5037 start-server'
[debug] &amp#27;[35m[ADB]&amp#27;[39m Setting device id to emulator-5554
[debug] &amp#27;[35m[ADB]&amp#27;[39m Running 'C:\Users\saurabhkumar04\AppData\Local\Android\Sdk\platform-tools\adb.exe -P 5037 -s emulator-5554 shell getprop ro.build.version.sdk'
[debug] &amp#27;[35m[ADB]&amp#27;[39m Current device property 'ro.build.version.sdk': 27
[debug] &amp#27;[35m[ADB]&amp#27;[39m Device API level: 27
[debug] &amp#27;[35m[ADB]&amp#27;[39m Running 'C:\Users\saurabhkumar04\AppData\Local\Android\Sdk\platform-tools\adb.exe -P 5037 -s emulator-5554 wait-for-device'
[debug] &amp#27;[35m[ADB]&amp#27;[39m Running 'C:\Users\saurabhkumar04\AppData\Local\Android\Sdk\platform-tools\adb.exe -P 5037 -s emulator-5554 shell echo ping'
[debug] &amp#27;[35m[AndroidDriver]&amp#27;[39m Pushing settings apk to device...
[debug] &amp#27;[35m[ADB]&amp#27;[39m Getting install status for io.appium.settings
[debug] &amp#27;[35m[ADB]&amp#27;[39m Running 'C:\Users\saurabhkumar04\AppData\Local\Android\Sdk\platform-tools\adb.exe -P 5037 -s emulator-5554 shell dumpsys package io.appium.settings'
[debug] &amp#27;[35m[ADB]&amp#27;[39m 'io.appium.settings' is installed
[debug] &amp#27;[35m[ADB]&amp#27;[39m Getting package info for 'io.appium.settings'
[debug] &amp#27;[35m[ADB]&amp#27;[39m Running 'C:\Users\saurabhkumar04\AppData\Local\Android\Sdk\platform-tools\adb.exe -P 5037 -s emulator-5554 shell dumpsys package io.appium.settings'
[debug] &amp#27;[35m[ADB]&amp#27;[39m The version name of the installed 'io.appium.settings' is greater or equal to the application version name ('3.2.1' >= '3.2.1')
[debug] &amp#27;[35m[ADB]&amp#27;[39m There is no need to install/upgrade 'C:\Users\saurabhkumar04\AppData\Roaming\npm\node_modules\appium\node_modules\io.appium.settings\apks\settings_apk-debug.apk'
[debug] &amp#27;[35m[ADB]&amp#27;[39m Getting IDs of all 'io.appium.settings' processes
[debug] &amp#27;[35m[ADB]&amp#27;[39m Running 'C:\Users\saurabhkumar04\AppData\Local\Android\Sdk\platform-tools\adb.exe -P 5037 -s emulator-5554 shell 'pgrep --help; echo $?''
[debug] &amp#27;[35m[ADB]&amp#27;[39m Running 'C:\Users\saurabhkumar04\AppData\Local\Android\Sdk\platform-tools\adb.exe -P 5037 -s emulator-5554 shell pgrep -f \(\[\[:blank:\]\]\|\^\)io\.appium\.settings\(\[\[:blank:\]\]\|\$\)'
[debug] &amp#27;[35m[AndroidDriver]&amp#27;[39m io.appium.settings is already running. There is no need to reset its permissions.
[debug] &amp#27;[35m[Logcat]&amp#27;[39m Starting logs capture with command: C:\\Users\\saurabhkumar04\\AppData\\Local\\Android\\Sdk\\platform-tools\\adb.exe -P 5037 -s emulator-5554 logcat -v threadtime
[debug] &amp#27;[35m[UiAutomator2]&amp#27;[39m Forwarding UiAutomator2 Server port 6790 to local port 8202
[debug] &amp#27;[35m[ADB]&amp#27;[39m Forwarding system: 8202 to device: 6790
[debug] &amp#27;[35m[ADB]&amp#27;[39m Running 'C:\Users\saurabhkumar04\AppData\Local\Android\Sdk\platform-tools\adb.exe -P 5037 -s emulator-5554 forward tcp:8202 tcp:6790'
[debug] &amp#27;[35m[ADB]&amp#27;[39m Getting install status for io.appium.uiautomator2.server
[debug] &amp#27;[35m[ADB]&amp#27;[39m Running 'C:\Users\saurabhkumar04\AppData\Local\Android\Sdk\platform-tools\adb.exe -P 5037 -s emulator-5554 shell dumpsys package io.appium.uiautomator2.server'
[debug] &amp#27;[35m[ADB]&amp#27;[39m 'io.appium.uiautomator2.server' is installed
[debug] &amp#27;[35m[ADB]&amp#27;[39m Getting package info for 'io.appium.uiautomator2.server'
[debug] &amp#27;[35m[ADB]&amp#27;[39m Running 'C:\Users\saurabhkumar04\AppData\Local\Android\Sdk\platform-tools\adb.exe -P 5037 -s emulator-5554 shell dumpsys package io.appium.uiautomator2.server'
[debug] &amp#27;[35m[ADB]&amp#27;[39m The version name of the installed 'io.appium.uiautomator2.server' is greater or equal to the application version name ('4.15.0' >= '4.15.0')
[debug] &amp#27;[35m[UiAutomator2]&amp#27;[39m io.appium.uiautomator2.server installation state: sameVersionInstalled
[debug] &amp#27;[35m[ADB]&amp#27;[39m Checking app cert for C:\Users\saurabhkumar04\AppData\Roaming\npm\node_modules\appium\node_modules\appium-uiautomator2-server\apks\appium-uiautomator2-server-v4.15.0.apk
&amp#27;[35m[ADB]&amp#27;[39m Using 'apksigner.jar' from 'C:\Users\saurabhkumar04\AppData\Local\Android\Sdk\build-tools\30.0.3\lib\apksigner.jar'
[debug] &amp#27;[35m[ADB]&amp#27;[39m Starting apksigner: 'C:\\Program Files\\Java\\jdk1.8.0_221\\bin\\java.exe' -Xmx1024M -Xss1m -jar C:\\Users\\saurabhkumar04\\AppData\\Local\\Android\\Sdk\\build-tools\\30.0.3\\lib\\apksigner.jar verify --print-certs C:\\Users\\saurabhkumar04\\AppData\\Roaming\\npm\\node_modules\\appium\\node_modules\\appium-uiautomator2-server\\apks\\appium-uiautomator2-server-v4.15.0.apk
[debug] &amp#27;[35m[ADB]&amp#27;[39m apksigner stdout: Signer #1 certificate DN: EMAILADDRESS=android@android.com, CN=Android, OU=Android, O=Android, L=Mountain View, ST=California, C=US
[debug] &amp#27;[35m[ADB]&amp#27;[39m Signer #1 certificate SHA-256 digest: a40da80a59d170caa950cf15c18c454d47a39b26989d8b640ecd745ba71bf5dc
[debug] &amp#27;[35m[ADB]&amp#27;[39m Signer #1 certificate SHA-1 digest: 61ed377e85d386a8dfee6b864bd85b0bfaa5af81
[debug] &amp#27;[35m[ADB]&amp#27;[39m Signer #1 certificate MD5 digest: e89b158e4bcf988ebd09eb83f5378e87
[debug] &amp#27;[35m[ADB]&amp#27;[39m 
[debug] &amp#27;[35m[ADB]&amp#27;[39m sha256 hash did match for 'appium-uiautomator2-server-v4.15.0.apk'
&amp#27;[35m[ADB]&amp#27;[39m 'C:\Users\saurabhkumar04\AppData\Roaming\npm\node_modules\appium\node_modules\appium-uiautomator2-server\apks\appium-uiautomator2-server-v4.15.0.apk' is signed with the default certificate
[debug] &amp#27;[35m[ADB]&amp#27;[39m Getting install status for io.appium.uiautomator2.server.test
[debug] &amp#27;[35m[ADB]&amp#27;[39m Running 'C:\Users\saurabhkumar04\AppData\Local\Android\Sdk\platform-tools\adb.exe -P 5037 -s emulator-5554 shell dumpsys package io.appium.uiautomator2.server.test'
[debug] &amp#27;[35m[ADB]&amp#27;[39m 'io.appium.uiautomator2.server.test' is installed
[debug] &amp#27;[35m[ADB]&amp#27;[39m Checking app cert for C:\Users\saurabhkumar04\AppData\Roaming\npm\node_modules\appium\node_modules\appium-uiautomator2-server\apks\appium-uiautomator2-server-debug-androidTest.apk
[debug] &amp#27;[35m[ADB]&amp#27;[39m Starting apksigner: 'C:\\Program Files\\Java\\jdk1.8.0_221\\bin\\java.exe' -Xmx1024M -Xss1m -jar C:\\Users\\saurabhkumar04\\AppData\\Local\\Android\\Sdk\\build-tools\\30.0.3\\lib\\apksigner.jar verify --print-certs C:\\Users\\saurabhkumar04\\AppData\\Roaming\\npm\\node_modules\\appium\\node_modules\\appium-uiautomator2-server\\apks\\appium-uiautomator2-server-debug-androidTest.apk
[debug] &amp#27;[35m[ADB]&amp#27;[39m apksigner stdout: Signer #1 certificate DN: EMAILADDRESS=android@android.com, CN=Android, OU=Android, O=Android, L=Mountain View, ST=California, C=US
[debug] &amp#27;[35m[ADB]&amp#27;[39m Signer #1 certificate SHA-256 digest: a40da80a59d170caa950cf15c18c454d47a39b26989d8b640ecd745ba71bf5dc
[debug] &amp#27;[35m[ADB]&amp#27;[39m Signer #1 certificate SHA-1 digest: 61ed377e85d386a8dfee6b864bd85b0bfaa5af81
[debug] &amp#27;[35m[ADB]&amp#27;[39m Signer #1 certificate MD5 digest: e89b158e4bcf988ebd09eb83f5378e87
[debug] &amp#27;[35m[ADB]&amp#27;[39m 
[debug] &amp#27;[35m[ADB]&amp#27;[39m sha256 hash did match for 'appium-uiautomator2-server-debug-androidTest.apk'
&amp#27;[35m[ADB]&amp#27;[39m 'C:\Users\saurabhkumar04\AppData\Roaming\npm\node_modules\appium\node_modules\appium-uiautomator2-server\apks\appium-uiautomator2-server-debug-androidTest.apk' is signed with the default certificate
&amp#27;[35m[UiAutomator2]&amp#27;[39m Server packages are not going to be (re)installed
[debug] &amp#27;[35m[UiAutomator2]&amp#27;[39m Waiting up to 30000ms for services to be available
[debug] &amp#27;[35m[ADB]&amp#27;[39m Running 'C:\Users\saurabhkumar04\AppData\Local\Android\Sdk\platform-tools\adb.exe -P 5037 -s emulator-5554 shell pm list instrumentation'
[debug] &amp#27;[35m[UiAutomator2]&amp#27;[39m Instrumentation target 'io.appium.uiautomator2.server.test/androidx.test.runner.AndroidJUnitRunner' is available
[debug] &amp#27;[35m[ADB]&amp#27;[39m Checking app cert for C:\Users\saurabhkumar04\Downloads\WorkIndiaPractise (3)\WorkIndiaPractise\Resourses\in.workindia.apk
[debug] &amp#27;[35m[ADB]&amp#27;[39m Starting apksigner: 'C:\\Program Files\\Java\\jdk1.8.0_221\\bin\\java.exe' -Xmx1024M -Xss1m -jar C:\\Users\\saurabhkumar04\\AppData\\Local\\Android\\Sdk\\build-tools\\30.0.3\\lib\\apksigner.jar verify --print-certs 'C:\\Users\\saurabhkumar04\\Downloads\\WorkIndiaPractise (3)\\WorkIndiaPractise\\Resourses\\in.workindia.apk'
[debug] &amp#27;[35m[ADB]&amp#27;[39m apksigner stdout: Signer #1 certificate DN: CN=Nilesh Dungarwal, OU=WorkIndia, O=WorkIndia, L=Mumbai, ST=Maharashtra, C=IN
[debug] &amp#27;[35m[ADB]&amp#27;[39m Signer #1 certificate SHA-256 digest: 0fdc1fed6cd07d2c4854153ee799955c35f5dd671743e3c4610c90914d2f7d32
[debug] &amp#27;[35m[ADB]&amp#27;[39m Signer #1 certificate SHA-1 digest: 2e328de1bc8d9844c8a7634fa66f9363c00f613d
[debug] &amp#27;[35m[ADB]&amp#27;[39m Signer #1 certificate MD5 digest: c47446d10c7a53d63b2f43c2e34ce656
[debug] &amp#27;[35m[ADB]&amp#27;[39m 
&amp#27;[35m[ADB]&amp#27;[39m 'C:\Users\saurabhkumar04\Downloads\WorkIndiaPractise (3)\WorkIndiaPractise\Resourses\in.workindia.apk' is signed with a non-default certificate
[debug] &amp#27;[35m[ADB]&amp#27;[39m Getting install status for in.workindia.nileshdungarwal.workindiaandroid
[debug] &amp#27;[35m[ADB]&amp#27;[39m Running 'C:\Users\saurabhkumar04\AppData\Local\Android\Sdk\platform-tools\adb.exe -P 5037 -s emulator-5554 shell dumpsys package in.workindia.nileshdungarwal.workindiaandroid'
[debug] &amp#27;[35m[ADB]&amp#27;[39m 'in.workindia.nileshdungarwal.workindiaandroid' is installed
[debug] &amp#27;[35m[ADB]&amp#27;[39m Getting package info for 'in.workindia.nileshdungarwal.workindiaandroid'
[debug] &amp#27;[35m[ADB]&amp#27;[39m Running 'C:\Users\saurabhkumar04\AppData\Local\Android\Sdk\platform-tools\adb.exe -P 5037 -s emulator-5554 shell dumpsys package in.workindia.nileshdungarwal.workindiaandroid'
[debug] &amp#27;[35m[ADB]&amp#27;[39m The version name of the installed 'in.workindia.nileshdungarwal.workindiaandroid' is greater or equal to the application version name ('4.1.1' >= '4.1.1')
[debug] &amp#27;[35m[ADB]&amp#27;[39m There is no need to install/upgrade 'C:\Users\saurabhkumar04\Downloads\WorkIndiaPractise (3)\WorkIndiaPractise\Resourses\in.workindia.apk'
&amp#27;[35m[AndroidDriver]&amp#27;[39m Performing fast reset on 'in.workindia.nileshdungarwal.workindiaandroid'
[debug] &amp#27;[35m[ADB]&amp#27;[39m Getting install status for in.workindia.nileshdungarwal.workindiaandroid
[debug] &amp#27;[35m[ADB]&amp#27;[39m Running 'C:\Users\saurabhkumar04\AppData\Local\Android\Sdk\platform-tools\adb.exe -P 5037 -s emulator-5554 shell dumpsys package in.workindia.nileshdungarwal.workindiaandroid'
[debug] &amp#27;[35m[ADB]&amp#27;[39m 'in.workindia.nileshdungarwal.workindiaandroid' is installed
[debug] &amp#27;[35m[ADB]&amp#27;[39m Running 'C:\Users\saurabhkumar04\AppData\Local\Android\Sdk\platform-tools\adb.exe -P 5037 -s emulator-5554 shell am force-stop in.workindia.nileshdungarwal.workindiaandroid'
[debug] &amp#27;[35m[ADB]&amp#27;[39m Running 'C:\Users\saurabhkumar04\AppData\Local\Android\Sdk\platform-tools\adb.exe -P 5037 -s emulator-5554 shell pm clear in.workindia.nileshdungarwal.workindiaandroid'
[debug] &amp#27;[35m[AndroidDriver]&amp#27;[39m Performed fast reset on the installed 'in.workindia.nileshdungarwal.workindiaandroid' application (stop and clear)
[debug] &amp#27;[35m[UiAutomator2]&amp#27;[39m Performing shallow cleanup of automation leftovers
[debug] &amp#27;[35m[UiAutomator2]&amp#27;[39m No obsolete sessions have been detected (socket hang up)
[debug] &amp#27;[35m[ADB]&amp#27;[39m Running 'C:\Users\saurabhkumar04\AppData\Local\Android\Sdk\platform-tools\adb.exe -P 5037 -s emulator-5554 shell am force-stop io.appium.uiautomator2.server.test'
&amp#27;[35m[UiAutomator2]&amp#27;[39m Starting UIAutomator2 server 4.15.0
&amp#27;[35m[UiAutomator2]&amp#27;[39m Using UIAutomator2 server from 'C:\Users\saurabhkumar04\AppData\Roaming\npm\node_modules\appium\node_modules\appium-uiautomator2-server\apks\appium-uiautomator2-server-v4.15.0.apk' and test from 'C:\Users\saurabhkumar04\AppData\Roaming\npm\node_modules\appium\node_modules\appium-uiautomator2-server\apks\appium-uiautomator2-server-debug-androidTest.apk'
&amp#27;[35m[UiAutomator2]&amp#27;[39m Waiting up to 30000ms for UiAutomator2 to be online...
[debug] &amp#27;[35m[ADB]&amp#27;[39m Creating ADB subprocess with args: ["-P",5037,"-s","emulator-5554","shell","am","instrument","-w","io.appium.uiautomator2.server.test/androidx.test.runner.AndroidJUnitRunner"]
[debug] &amp#27;[35m[Instrumentation]&amp#27;[39m io.appium.uiautomator2.server.test.AppiumUiAutomator2Server:
[debug] &amp#27;[35m[WD Proxy]&amp#27;[39m Matched '/status' to command name 'getStatus'
[debug] &amp#27;[35m[WD Proxy]&amp#27;[39m Proxying [GET /status] to [GET http://127.0.0.1:8202/wd/hub/status] with no body
&amp#27;[35m[WD Proxy]&amp#27;[39m socket hang up
[debug] &amp#27;[35m[WD Proxy]&amp#27;[39m Matched '/status' to command name 'getStatus'
[debug] &amp#27;[35m[WD Proxy]&amp#27;[39m Proxying [GET /status] to [GET http://127.0.0.1:8202/wd/hub/status] with no body
[debug] &amp#27;[35m[WD Proxy]&amp#27;[39m Got response with status 200: {"sessionId":"None","value":{"message":"UiAutomator2 Server is ready to accept commands","ready":true}}
[debug] &amp#27;[35m[UiAutomator2]&amp#27;[39m The initialization of the instrumentation process took 2127ms
[debug] &amp#27;[35m[WD Proxy]&amp#27;[39m Matched '/session' to command name 'createSession'
[debug] &amp#27;[35m[WD Proxy]&amp#27;[39m Proxying [POST /session] to [POST http://127.0.0.1:8202/wd/hub/session] with body: {"capabilities":{"firstMatch":[{"platform":"LINUX","webStorageEnabled":false,"takesScreenshot":true,"javascriptEnabled":true,"databaseEnabled":false,"networkConnectionEnabled":true,"locationContextEnabled":false,"warnings":{},"desired":{"platformName":"android","app":"./Resourses/in.workindia.apk","appActivity":"in.workindia.nileshdungarwal.workindiaandroid.RegisterActivity","appPackage":"in.workindia.nileshdungarwal.workindiaandroid","deviceName":"emulator-5554","platformVersion":"8.1"},"platformName":"android","app":"./Resourses/in.workindia.apk","appActivity":"in.workindia.nileshdungarwal.workindiaandroid.RegisterActivity","appPackage":"in.workindia.nileshdungarwal.workindiaandroid","deviceName":"emulator-5554","platformVersion":"8.1","deviceUDID":"emulator-5554"}],"alwaysMatch":{}}}
[debug] &amp#27;[35m[WD Proxy]&amp#27;[39m Got response with status 200: {"sessionId":"1d13a9a4-06ff-4168-88f7-85f6bb7f564a","value":{"capabilities":{"firstMatch":[{"platform":"LINUX","webStorageEnabled":false,"takesScreenshot":true,"javascriptEnabled":true,"databaseEnabled":false,"networkConnectionEnabled":true,"locationContextEnabled":false,"warnings":{},"desired":{"platformName":"android","app":"./Resourses/in.workindia.apk","appActivity":"in.workindia.nileshdungarwal.workindiaandroid.RegisterActivity","appPackage":"in.workindia.nileshdungarwal.workindiaandroid","deviceName":"emulator-5554","platformVersion":"8.1"},"platformName":"android","app":"./Resourses/in.workindia.apk","appActivity":"in.workindia.nileshdungarwal.workindiaandroid.RegisterActivity","appPackage":"in.workindia.nileshdungarwal.workindiaandroid","deviceName":"emulator-5554","platformVersion":"8.1","deviceUDID":"emulator-5554"}],"alwaysMatch":{}},"sessionId":"1d13a9a4-06ff-4168-88f7-85f6bb7f564a"}}
&amp#27;[35m[WD Proxy]&amp#27;[39m Determined the downstream protocol as 'W3C'
[debug] &amp#27;[35m[WD Proxy]&amp#27;[39m Proxying [GET /appium/device/info] to [GET http://127.0.0.1:8202/wd/hub/session/1d13a9a4-06ff-4168-88f7-85f6bb7f564a/appium/device/info] with no body
[debug] &amp#27;[35m[WD Proxy]&amp#27;[39m Got response with status 200: {"sessionId":"1d13a9a4-06ff-4168-88f7-85f6bb7f564a","value":{"androidId":"36ad8e858761607e","apiVersion":"27","bluetooth":null,"brand":"google","carrierName":"Android","displayDensity":440,"locale":"en_US","manufacturer":"Google","model":"Android SDK built for x86","networks":[{"capabilities":{"SSID":null,"linkDownBandwidthKbps":102400,"linkUpstreamBandwidthKbps":51200,"networkCapabilities":"NET_CAPABILITY_MMS,NET_CAPABILITY_SUPL,NET_CAPABILITY_DUN,NET_CAPABILITY_FOTA,NET_CAPABILITY_IMS,NET_CAPABILITY_CBS,NET_CAPABILITY_IA,NET_CAPABILITY_INTERNET,NET_CAPABILITY_NOT_RESTRICTED,NET_CAPABILITY_TRUSTED,NET_CAPABILITY_NOT_VPN,NET_CAPABILITY_VALIDATED","signalStrength":-2147483648,"transportTypes":"TRANSPORT_CELLULAR"},"detailedState":"CONNECTED","extraInfo":"epc.tmobile.com","isAvailable":true,"isConnected":true,"isFailover":false,"isRoaming":false,"state":"CONNECTED","subtype":13,"subtypeName":"LTE","type":0,"typeName":"MOBILE"},{"capabilities":{"SSID":null,"linkDownBandwidthKbps":1048576,"linkUpstreamBandwidt...
[debug] &amp#27;[35m[ADB]&amp#27;[39m Running 'C:\Users\saurabhkumar04\AppData\Local\Android\Sdk\platform-tools\adb.exe -P 5037 -s emulator-5554 shell dumpsys window'
&amp#27;[35m[AndroidDriver]&amp#27;[39m Screen already unlocked, doing nothing
&amp#27;[35m[UiAutomator2]&amp#27;[39m Starting 'in.workindia.nileshdungarwal.workindiaandroid/in.workindia.nileshdungarwal.workindiaandroid.RegisterActivity and waiting for 'in.workindia.nileshdungarwal.workindiaandroid/in.workindia.nileshdungarwal.workindiaandroid.RegisterActivity'
[debug] &amp#27;[35m[ADB]&amp#27;[39m Running 'C:\Users\saurabhkumar04\AppData\Local\Android\Sdk\platform-tools\adb.exe -P 5037 -s emulator-5554 shell am start -W -n in.workindia.nileshdungarwal.workindiaandroid/in.workindia.nileshdungarwal.workindiaandroid.RegisterActivity -S -a android.intent.action.MAIN -c android.intent.category.LAUNCHER -f 0x10200000'
[debug] &amp#27;[35m[WD Proxy]&amp#27;[39m Proxying [GET /appium/device/pixel_ratio] to [GET http://127.0.0.1:8202/wd/hub/session/1d13a9a4-06ff-4168-88f7-85f6bb7f564a/appium/device/pixel_ratio] with no body
[debug] &amp#27;[35m[WD Proxy]&amp#27;[39m Got response with status 200: {"sessionId":"1d13a9a4-06ff-4168-88f7-85f6bb7f564a","value":2.75}
[debug] &amp#27;[35m[WD Proxy]&amp#27;[39m Matched '/appium/device/system_bars' to command name 'getSystemBars'
[debug] &amp#27;[35m[WD Proxy]&amp#27;[39m Proxying [GET /appium/device/system_bars] to [GET http://127.0.0.1:8202/wd/hub/session/1d13a9a4-06ff-4168-88f7-85f6bb7f564a/appium/device/system_bars] with no body
[debug] &amp#27;[35m[WD Proxy]&amp#27;[39m Got response with status 200: {"sessionId":"1d13a9a4-06ff-4168-88f7-85f6bb7f564a","value":{"statusBar":66}}
[debug] &amp#27;[35m[WD Proxy]&amp#27;[39m Matched '/window/current/size' to command name 'getWindowSize'
[debug] &amp#27;[35m[WD Proxy]&amp#27;[39m Proxying [GET /window/current/size] to [GET http://127.0.0.1:8202/wd/hub/session/1d13a9a4-06ff-4168-88f7-85f6bb7f564a/window/current/size] with no body
[debug] &amp#27;[35m[WD Proxy]&amp#27;[39m Got response with status 200: {"sessionId":"1d13a9a4-06ff-4168-88f7-85f6bb7f564a","value":{"height":2028,"width":1080}}
&amp#27;[35m[Appium]&amp#27;[39m New AndroidUiautomator2Driver session created successfully, session 421ea0a9-d989-402b-b932-926b1329ce6c added to master session list
[debug] &amp#27;[35m[BaseDriver]&amp#27;[39m Event 'newSessionStarted' logged at 1610626465214 (17:44:25 GMT+0530 (India Standard Time))
[debug] &amp#27;[35m[W3C (421ea0a9)]&amp#27;[39m Cached the protocol value 'W3C' for the new session 421ea0a9-d989-402b-b932-926b1329ce6c
[debug] &amp#27;[35m[W3C (421ea0a9)]&amp#27;[39m Responding to client with driver.createSession() result: {"capabilities":{"platform":"LINUX","webStorageEnabled":false,"takesScreenshot":true,"javascriptEnabled":true,"databaseEnabled":false,"networkConnectionEnabled":true,"locationContextEnabled":false,"warnings":{},"desired":{"platformName":"android","app":"./Resourses/in.workindia.apk","appActivity":"in.workindia.nileshdungarwal.workindiaandroid.RegisterActivity","appPackage":"in.workindia.nileshdungarwal.workindiaandroid","deviceName":"emulator-5554","platformVersion":"8.1"},"platformName":"android","app":"./Resourses/in.workindia.apk","appActivity":"in.workindia.nileshdungarwal.workindiaandroid.RegisterActivity","appPackage":"in.workindia.nileshdungarwal.workindiaandroid","deviceName":"emulator-5554","platformVersion":"8.1.0","deviceUDID":"emulator-5554","deviceApiLevel":27,"deviceScreenSize":"1080x2160","deviceScreenDensity":440,"deviceModel":"Android SDK built for x86","deviceManufacturer":"Google","pixelRatio":2.75,"statBarHeight":66,"viewportRect":{"left":0,"top":66,"width":1080,"height":1962}}}
&amp#27;[35m[HTTP]&amp#27;[39m &amp#27;[37m<-- POST /wd/hub/session &amp#27;[39m&amp#27;[32m200&amp#27;[39m &amp#27;[90m8368 ms - 1074&amp#27;[39m
&amp#27;[35m[HTTP]&amp#27;[39m &amp#27;[90m&amp#27;[39m
&amp#27;[35m[HTTP]&amp#27;[39m &amp#27;[37m-->&amp#27;[39m &amp#27;[37mGET&amp#27;[39m &amp#27;[37m/wd/hub/session/421ea0a9-d989-402b-b932-926b1329ce6c&amp#27;[39m
&amp#27;[35m[HTTP]&amp#27;[39m &amp#27;[90m{}&amp#27;[39m
[debug] &amp#27;[35m[W3C (421ea0a9)]&amp#27;[39m Calling AppiumDriver.getSession() with args: ["421ea0a9-d989-402b-b932-926b1329ce6c"]
[debug] &amp#27;[35m[UiAutomator2]&amp#27;[39m Getting session details from server to mix in
[debug] &amp#27;[35m[WD Proxy]&amp#27;[39m Matched '/' to command name 'getSession'
[debug] &amp#27;[35m[WD Proxy]&amp#27;[39m Proxying [GET /] to [GET http://127.0.0.1:8202/wd/hub/session/1d13a9a4-06ff-4168-88f7-85f6bb7f564a] with no body
[debug] &amp#27;[35m[WD Proxy]&amp#27;[39m Got response with status 200: {"sessionId":"1d13a9a4-06ff-4168-88f7-85f6bb7f564a","value":{"lastScrollData":null}}
[debug] &amp#27;[35m[W3C (421ea0a9)]&amp#27;[39m Responding to client with driver.getSession() result: {"platform":"LINUX","webStorageEnabled":false,"takesScreenshot":true,"javascriptEnabled":true,"databaseEnabled":false,"networkConnectionEnabled":true,"locationContextEnabled":false,"warnings":{},"desired":{"platformName":"android","app":"./Resourses/in.workindia.apk","appActivity":"in.workindia.nileshdungarwal.workindiaandroid.RegisterActivity","appPackage":"in.workindia.nileshdungarwal.workindiaandroid","deviceName":"emulator-5554","platformVersion":"8.1"},"platformName":"android","app":"./Resourses/in.workindia.apk","appActivity":"in.workindia.nileshdungarwal.workindiaandroid.RegisterActivity","appPackage":"in.workindia.nileshdungarwal.workindiaandroid","deviceName":"emulator-5554","platformVersion":"8.1.0","deviceUDID":"emulator-5554","deviceApiLevel":27,"deviceScreenSize":"1080x2160","deviceScreenDensity":440,"deviceModel":"Android SDK built for x86","deviceManufacturer":"Google","pixelRatio":2.75,"statBarHeight":66,"viewportRect":{"left":0,"top":66,"width":1080,"height":1962},"lastScrollData":null}
&amp#27;[35m[HTTP]&amp#27;[39m &amp#27;[37m<-- GET /wd/hub/session/421ea0a9-d989-402b-b932-926b1329ce6c &amp#27;[39m&amp#27;[32m200&amp#27;[39m &amp#27;[90m30 ms - 1028&amp#27;[39m
&amp#27;[35m[HTTP]&amp#27;[39m &amp#27;[90m&amp#27;[39m
&amp#27;[35m[HTTP]&amp#27;[39m &amp#27;[37m-->&amp#27;[39m &amp#27;[37mGET&amp#27;[39m &amp#27;[37m/wd/hub/session/421ea0a9-d989-402b-b932-926b1329ce6c&amp#27;[39m
&amp#27;[35m[HTTP]&amp#27;[39m &amp#27;[90m{}&amp#27;[39m
[debug] &amp#27;[35m[W3C (421ea0a9)]&amp#27;[39m Calling AppiumDriver.getSession() with args: ["421ea0a9-d989-402b-b932-926b1329ce6c"]
[debug] &amp#27;[35m[UiAutomator2]&amp#27;[39m Getting session details from server to mix in
[debug] &amp#27;[35m[WD Proxy]&amp#27;[39m Matched '/' to command name 'getSession'
[debug] &amp#27;[35m[WD Proxy]&amp#27;[39m Proxying [GET /] to [GET http://127.0.0.1:8202/wd/hub/session/1d13a9a4-06ff-4168-88f7-85f6bb7f564a] with no body
[debug] &amp#27;[35m[WD Proxy]&amp#27;[39m Got response with status 200: {"sessionId":"1d13a9a4-06ff-4168-88f7-85f6bb7f564a","value":{"lastScrollData":null}}
[debug] &amp#27;[35m[W3C (421ea0a9)]&amp#27;[39m Responding to client with driver.getSession() result: {"platform":"LINUX","webStorageEnabled":false,"takesScreenshot":true,"javascriptEnabled":true,"databaseEnabled":false,"networkConnectionEnabled":true,"locationContextEnabled":false,"warnings":{},"desired":{"platformName":"android","app":"./Resourses/in.workindia.apk","appActivity":"in.workindia.nileshdungarwal.workindiaandroid.RegisterActivity","appPackage":"in.workindia.nileshdungarwal.workindiaandroid","deviceName":"emulator-5554","platformVersion":"8.1"},"platformName":"android","app":"./Resourses/in.workindia.apk","appActivity":"in.workindia.nileshdungarwal.workindiaandroid.RegisterActivity","appPackage":"in.workindia.nileshdungarwal.workindiaandroid","deviceName":"emulator-5554","platformVersion":"8.1.0","deviceUDID":"emulator-5554","deviceApiLevel":27,"deviceScreenSize":"1080x2160","deviceScreenDensity":440,"deviceModel":"Android SDK built for x86","deviceManufacturer":"Google","pixelRatio":2.75,"statBarHeight":66,"viewportRect":{"left":0,"top":66,"width":1080,"height":1962},"lastScrollData":null}
&amp#27;[35m[HTTP]&amp#27;[39m &amp#27;[37m<-- GET /wd/hub/session/421ea0a9-d989-402b-b932-926b1329ce6c &amp#27;[39m&amp#27;[32m200&amp#27;[39m &amp#27;[90m48 ms - 1028&amp#27;[39m
&amp#27;[35m[HTTP]&amp#27;[39m &amp#27;[90m&amp#27;[39m
&amp#27;[35m[HTTP]&amp#27;[39m &amp#27;[37m-->&amp#27;[39m &amp#27;[37mPOST&amp#27;[39m &amp#27;[37m/wd/hub/session/421ea0a9-d989-402b-b932-926b1329ce6c/timeouts&amp#27;[39m
&amp#27;[35m[HTTP]&amp#27;[39m &amp#27;[90m{"implicit":30000}&amp#27;[39m
[debug] &amp#27;[35m[W3C (421ea0a9)]&amp#27;[39m Calling AppiumDriver.timeouts() with args: [null,null,null,null,30000,"421ea0a9-d989-402b-b932-926b1329ce6c"]
[debug] &amp#27;[35m[BaseDriver]&amp#27;[39m W3C timeout argument: {"implicit":30000}}
[debug] &amp#27;[35m[BaseDriver]&amp#27;[39m Set implicit wait to 30000ms
[debug] &amp#27;[35m[W3C (421ea0a9)]&amp#27;[39m Responding to client with driver.timeouts() result: null
&amp#27;[35m[HTTP]&amp#27;[39m &amp#27;[37m<-- POST /wd/hub/session/421ea0a9-d989-402b-b932-926b1329ce6c/timeouts &amp#27;[39m&amp#27;[32m200&amp#27;[39m &amp#27;[90m6 ms - 14&amp#27;[39m
&amp#27;[35m[HTTP]&amp#27;[39m &amp#27;[90m&amp#27;[39m
&amp#27;[35m[HTTP]&amp#27;[39m &amp#27;[37m-->&amp#27;[39m &amp#27;[37mGET&amp#27;[39m &amp#27;[37m/wd/hub/session/421ea0a9-d989-402b-b932-926b1329ce6c&amp#27;[39m
&amp#27;[35m[HTTP]&amp#27;[39m &amp#27;[90m{}&amp#27;[39m
[debug] &amp#27;[35m[W3C (421ea0a9)]&amp#27;[39m Calling AppiumDriver.getSession() with args: ["421ea0a9-d989-402b-b932-926b1329ce6c"]
[debug] &amp#27;[35m[UiAutomator2]&amp#27;[39m Getting session details from server to mix in
[debug] &amp#27;[35m[WD Proxy]&amp#27;[39m Matched '/' to command name 'getSession'
[debug] &amp#27;[35m[WD Proxy]&amp#27;[39m Proxying [GET /] to [GET http://127.0.0.1:8202/wd/hub/session/1d13a9a4-06ff-4168-88f7-85f6bb7f564a] with no body
[debug] &amp#27;[35m[WD Proxy]&amp#27;[39m Got response with status 200: {"sessionId":"1d13a9a4-06ff-4168-88f7-85f6bb7f564a","value":{"lastScrollData":null}}
[debug] &amp#27;[35m[W3C (421ea0a9)]&amp#27;[39m Responding to client with driver.getSession() result: {"platform":"LINUX","webStorageEnabled":false,"takesScreenshot":true,"javascriptEnabled":true,"databaseEnabled":false,"networkConnectionEnabled":true,"locationContextEnabled":false,"warnings":{},"desired":{"platformName":"android","app":"./Resourses/in.workindia.apk","appActivity":"in.workindia.nileshdungarwal.workindiaandroid.RegisterActivity","appPackage":"in.workindia.nileshdungarwal.workindiaandroid","deviceName":"emulator-5554","platformVersion":"8.1"},"platformName":"android","app":"./Resourses/in.workindia.apk","appActivity":"in.workindia.nileshdungarwal.workindiaandroid.RegisterActivity","appPackage":"in.workindia.nileshdungarwal.workindiaandroid","deviceName":"emulator-5554","platformVersion":"8.1.0","deviceUDID":"emulator-5554","deviceApiLevel":27,"deviceScreenSize":"1080x2160","deviceScreenDensity":440,"deviceModel":"Android SDK built for x86","deviceManufacturer":"Google","pixelRatio":2.75,"statBarHeight":66,"viewportRect":{"left":0,"top":66,"width":1080,"height":1962},"lastScrollData":null}
&amp#27;[35m[HTTP]&amp#27;[39m &amp#27;[37m<-- GET /wd/hub/session/421ea0a9-d989-402b-b932-926b1329ce6c &amp#27;[39m&amp#27;[32m200&amp#27;[39m &amp#27;[90m33 ms - 1028&amp#27;[39m
&amp#27;[35m[HTTP]&amp#27;[39m &amp#27;[90m&amp#27;[39m
&amp#27;[35m[HTTP]&amp#27;[39m &amp#27;[37m-->&amp#27;[39m &amp#27;[37mGET&amp#27;[39m &amp#27;[37m/wd/hub/session/421ea0a9-d989-402b-b932-926b1329ce6c&amp#27;[39m
&amp#27;[35m[HTTP]&amp#27;[39m &amp#27;[90m{}&amp#27;[39m
[debug] &amp#27;[35m[W3C (421ea0a9)]&amp#27;[39m Calling AppiumDriver.getSession() with args: ["421ea0a9-d989-402b-b932-926b1329ce6c"]
[debug] &amp#27;[35m[UiAutomator2]&amp#27;[39m Getting session details from server to mix in
[debug] &amp#27;[35m[WD Proxy]&amp#27;[39m Matched '/' to command name 'getSession'
[debug] &amp#27;[35m[WD Proxy]&amp#27;[39m Proxying [GET /] to [GET http://127.0.0.1:8202/wd/hub/session/1d13a9a4-06ff-4168-88f7-85f6bb7f564a] with no body
[debug] &amp#27;[35m[WD Proxy]&amp#27;[39m Got response with status 200: {"sessionId":"1d13a9a4-06ff-4168-88f7-85f6bb7f564a","value":{"lastScrollData":null}}
[debug] &amp#27;[35m[W3C (421ea0a9)]&amp#27;[39m Responding to client with driver.getSession() result: {"platform":"LINUX","webStorageEnabled":false,"takesScreenshot":true,"javascriptEnabled":true,"databaseEnabled":false,"networkConnectionEnabled":true,"locationContextEnabled":false,"warnings":{},"desired":{"platformName":"android","app":"./Resourses/in.workindia.apk","appActivity":"in.workindia.nileshdungarwal.workindiaandroid.RegisterActivity","appPackage":"in.workindia.nileshdungarwal.workindiaandroid","deviceName":"emulator-5554","platformVersion":"8.1"},"platformName":"android","app":"./Resourses/in.workindia.apk","appActivity":"in.workindia.nileshdungarwal.workindiaandroid.RegisterActivity","appPackage":"in.workindia.nileshdungarwal.workindiaandroid","deviceName":"emulator-5554","platformVersion":"8.1.0","deviceUDID":"emulator-5554","deviceApiLevel":27,"deviceScreenSize":"1080x2160","deviceScreenDensity":440,"deviceModel":"Android SDK built for x86","deviceManufacturer":"Google","pixelRatio":2.75,"statBarHeight":66,"viewportRect":{"left":0,"top":66,"width":1080,"height":1962},"lastScrollData":null}
&amp#27;[35m[HTTP]&amp#27;[39m &amp#27;[37m<-- GET /wd/hub/session/421ea0a9-d989-402b-b932-926b1329ce6c &amp#27;[39m&amp#27;[32m200&amp#27;[39m &amp#27;[90m15 ms - 1028&amp#27;[39m
&amp#27;[35m[HTTP]&amp#27;[39m &amp#27;[90m&amp#27;[39m
&amp#27;[35m[HTTP]&amp#27;[39m &amp#27;[37m-->&amp#27;[39m &amp#27;[37mGET&amp#27;[39m &amp#27;[37m/wd/hub/session/421ea0a9-d989-402b-b932-926b1329ce6c&amp#27;[39m
&amp#27;[35m[HTTP]&amp#27;[39m &amp#27;[90m{}&amp#27;[39m
[debug] &amp#27;[35m[W3C (421ea0a9)]&amp#27;[39m Calling AppiumDriver.getSession() with args: ["421ea0a9-d989-402b-b932-926b1329ce6c"]
[debug] &amp#27;[35m[UiAutomator2]&amp#27;[39m Getting session details from server to mix in
[debug] &amp#27;[35m[WD Proxy]&amp#27;[39m Matched '/' to command name 'getSession'
[debug] &amp#27;[35m[WD Proxy]&amp#27;[39m Proxying [GET /] to [GET http://127.0.0.1:8202/wd/hub/session/1d13a9a4-06ff-4168-88f7-85f6bb7f564a] with no body
[debug] &amp#27;[35m[WD Proxy]&amp#27;[39m Got response with status 200: {"sessionId":"1d13a9a4-06ff-4168-88f7-85f6bb7f564a","value":{"lastScrollData":null}}
[debug] &amp#27;[35m[W3C (421ea0a9)]&amp#27;[39m Responding to client with driver.getSession() result: {"platform":"LINUX","webStorageEnabled":false,"takesScreenshot":true,"javascriptEnabled":true,"databaseEnabled":false,"networkConnectionEnabled":true,"locationContextEnabled":false,"warnings":{},"desired":{"platformName":"android","app":"./Resourses/in.workindia.apk","appActivity":"in.workindia.nileshdungarwal.workindiaandroid.RegisterActivity","appPackage":"in.workindia.nileshdungarwal.workindiaandroid","deviceName":"emulator-5554","platformVersion":"8.1"},"platformName":"android","app":"./Resourses/in.workindia.apk","appActivity":"in.workindia.nileshdungarwal.workindiaandroid.RegisterActivity","appPackage":"in.workindia.nileshdungarwal.workindiaandroid","deviceName":"emulator-5554","platformVersion":"8.1.0","deviceUDID":"emulator-5554","deviceApiLevel":27,"deviceScreenSize":"1080x2160","deviceScreenDensity":440,"deviceModel":"Android SDK built for x86","deviceManufacturer":"Google","pixelRatio":2.75,"statBarHeight":66,"viewportRect":{"left":0,"top":66,"width":1080,"height":1962},"lastScrollData":null}
&amp#27;[35m[HTTP]&amp#27;[39m &amp#27;[37m<-- GET /wd/hub/session/421ea0a9-d989-402b-b932-926b1329ce6c &amp#27;[39m&amp#27;[32m200&amp#27;[39m &amp#27;[90m20 ms - 1028&amp#27;[39m
&amp#27;[35m[HTTP]&amp#27;[39m &amp#27;[90m&amp#27;[39m
&amp#27;[35m[HTTP]&amp#27;[39m &amp#27;[37m-->&amp#27;[39m &amp#27;[37mPOST&amp#27;[39m &amp#27;[37m/wd/hub/session/421ea0a9-d989-402b-b932-926b1329ce6c/element&amp#27;[39m
&amp#27;[35m[HTTP]&amp#27;[39m &amp#27;[90m{"using":"id","value":"in.workindia.nileshdungarwal.workindiaandroid:id/et_name"}&amp#27;[39m
[debug] &amp#27;[35m[W3C (421ea0a9)]&amp#27;[39m Calling AppiumDriver.findElement() with args: ["id","in.workindia.nileshdungarwal.workindiaandroid:id/et_name","421ea0a9-d989-402b-b932-926b1329ce6c"]
[debug] &amp#27;[35m[BaseDriver]&amp#27;[39m Valid locator strategies for this request: xpath, id, class name, accessibility id, css selector, -android uiautomator
[debug] &amp#27;[35m[BaseDriver]&amp#27;[39m Waiting up to 30000 ms for condition
[debug] &amp#27;[35m[WD Proxy]&amp#27;[39m Matched '/element' to command name 'findElement'
[debug] &amp#27;[35m[WD Proxy]&amp#27;[39m Proxying [POST /element] to [POST http://127.0.0.1:8202/wd/hub/session/1d13a9a4-06ff-4168-88f7-85f6bb7f564a/element] with body: {"strategy":"id","selector":"in.workindia.nileshdungarwal.workindiaandroid:id/et_name","context":"","multiple":false}
[debug] &amp#27;[35m[WD Proxy]&amp#27;[39m Got response with status 200: {"sessionId":"1d13a9a4-06ff-4168-88f7-85f6bb7f564a","value":{"ELEMENT":"cf8e4c24-61c3-49a7-ae35-08640f38ef73","element-6066-11e4-a52e-4f735466cecf":"cf8e4c24-61c3-49a7-ae35-08640f38ef73"}}
[debug] &amp#27;[35m[W3C (421ea0a9)]&amp#27;[39m Responding to client with driver.findElement() result: {"element-6066-11e4-a52e-4f735466cecf":"cf8e4c24-61c3-49a7-ae35-08640f38ef73","ELEMENT":"cf8e4c24-61c3-49a7-ae35-08640f38ef73"}
&amp#27;[35m[HTTP]&amp#27;[39m &amp#27;[37m<-- POST /wd/hub/session/421ea0a9-d989-402b-b932-926b1329ce6c/element &amp#27;[39m&amp#27;[32m200&amp#27;[39m &amp#27;[90m226 ms - 137&amp#27;[39m
&amp#27;[35m[HTTP]&amp#27;[39m &amp#27;[90m&amp#27;[39m
&amp#27;[35m[HTTP]&amp#27;[39m &amp#27;[37m-->&amp#27;[39m &amp#27;[37mPOST&amp#27;[39m &amp#27;[37m/wd/hub/session/421ea0a9-d989-402b-b932-926b1329ce6c/element/cf8e4c24-61c3-49a7-ae35-08640f38ef73/value&amp#27;[39m
&amp#27;[35m[HTTP]&amp#27;[39m &amp#27;[90m{"id":"cf8e4c24-61c3-49a7-ae35-08640f38ef73","text":"Saurabh","value":["S","a","u","r","a","b","h"]}&amp#27;[39m
[debug] &amp#27;[35m[W3C (421ea0a9)]&amp#27;[39m Calling AppiumDriver.setValue() with args: [["S","a","u","r","a","b","h"],"cf8e4c24-61c3-49a7-ae35-08640f38ef73","421ea0a9-d989-402b-b932-926b1329ce6c"]
[debug] &amp#27;[35m[WD Proxy]&amp#27;[39m Matched '/element/cf8e4c24-61c3-49a7-ae35-08640f38ef73/value' to command name 'setValue'
[debug] &amp#27;[35m[Protocol Converter]&amp#27;[39m Added 'value' property ["S","a","u","r","a","b","h"] to 'setValue' request body
[debug] &amp#27;[35m[WD Proxy]&amp#27;[39m Proxying [POST /element/cf8e4c24-61c3-49a7-ae35-08640f38ef73/value] to [POST http://127.0.0.1:8202/wd/hub/session/1d13a9a4-06ff-4168-88f7-85f6bb7f564a/element/cf8e4c24-61c3-49a7-ae35-08640f38ef73/value] with body: {"elementId":"cf8e4c24-61c3-49a7-ae35-08640f38ef73","text":"Saurabh","replace":false,"value":["S","a","u","r","a","b","h"]}
[debug] &amp#27;[35m[WD Proxy]&amp#27;[39m Got response with status 200: {"sessionId":"1d13a9a4-06ff-4168-88f7-85f6bb7f564a","value":null}
[debug] &amp#27;[35m[W3C (421ea0a9)]&amp#27;[39m Responding to client with driver.setValue() result: null
&amp#27;[35m[HTTP]&amp#27;[39m &amp#27;[37m<-- POST /wd/hub/session/421ea0a9-d989-402b-b932-926b1329ce6c/element/cf8e4c24-61c3-49a7-ae35-08640f38ef73/value &amp#27;[39m&amp#27;[32m200&amp#27;[39m &amp#27;[90m47 ms - 14&amp#27;[39m
&amp#27;[35m[HTTP]&amp#27;[39m &amp#27;[90m&amp#27;[39m
&amp#27;[35m[HTTP]&amp#27;[39m &amp#27;[37m-->&amp#27;[39m &amp#27;[37mGET&amp#27;[39m &amp#27;[37m/wd/hub/session/421ea0a9-d989-402b-b932-926b1329ce6c&amp#27;[39m
&amp#27;[35m[HTTP]&amp#27;[39m &amp#27;[90m{}&amp#27;[39m
[debug] &amp#27;[35m[W3C (421ea0a9)]&amp#27;[39m Calling AppiumDriver.getSession() with args: ["421ea0a9-d989-402b-b932-926b1329ce6c"]
[debug] &amp#27;[35m[UiAutomator2]&amp#27;[39m Getting session details from server to mix in
[debug] &amp#27;[35m[WD Proxy]&amp#27;[39m Matched '/' to command name 'getSession'
[debug] &amp#27;[35m[WD Proxy]&amp#27;[39m Proxying [GET /] to [GET http://127.0.0.1:8202/wd/hub/session/1d13a9a4-06ff-4168-88f7-85f6bb7f564a] with no body
[debug] &amp#27;[35m[WD Proxy]&amp#27;[39m Got response with status 200: {"sessionId":"1d13a9a4-06ff-4168-88f7-85f6bb7f564a","value":{"lastScrollData":null}}
[debug] &amp#27;[35m[W3C (421ea0a9)]&amp#27;[39m Responding to client with driver.getSession() result: {"platform":"LINUX","webStorageEnabled":false,"takesScreenshot":true,"javascriptEnabled":true,"databaseEnabled":false,"networkConnectionEnabled":true,"locationContextEnabled":false,"warnings":{},"desired":{"platformName":"android","app":"./Resourses/in.workindia.apk","appActivity":"in.workindia.nileshdungarwal.workindiaandroid.RegisterActivity","appPackage":"in.workindia.nileshdungarwal.workindiaandroid","deviceName":"emulator-5554","platformVersion":"8.1"},"platformName":"android","app":"./Resourses/in.workindia.apk","appActivity":"in.workindia.nileshdungarwal.workindiaandroid.RegisterActivity","appPackage":"in.workindia.nileshdungarwal.workindiaandroid","deviceName":"emulator-5554","platformVersion":"8.1.0","deviceUDID":"emulator-5554","deviceApiLevel":27,"deviceScreenSize":"1080x2160","deviceScreenDensity":440,"deviceModel":"Android SDK built for x86","deviceManufacturer":"Google","pixelRatio":2.75,"statBarHeight":66,"viewportRect":{"left":0,"top":66,"width":1080,"height":1962},"lastScrollData":null}
&amp#27;[35m[HTTP]&amp#27;[39m &amp#27;[37m<-- GET /wd/hub/session/421ea0a9-d989-402b-b932-926b1329ce6c &amp#27;[39m&amp#27;[32m200&amp#27;[39m &amp#27;[90m17 ms - 1028&amp#27;[39m
&amp#27;[35m[HTTP]&amp#27;[39m &amp#27;[90m&amp#27;[39m
&amp#27;[35m[HTTP]&amp#27;[39m &amp#27;[37m-->&amp#27;[39m &amp#27;[37mPOST&amp#27;[39m &amp#27;[37m/wd/hub/session/421ea0a9-d989-402b-b932-926b1329ce6c/element&amp#27;[39m
&amp#27;[35m[HTTP]&amp#27;[39m &amp#27;[90m{"using":"id","value":"in.workindia.nileshdungarwal.workindiaandroid:id/et_number"}&amp#27;[39m
[debug] &amp#27;[35m[W3C (421ea0a9)]&amp#27;[39m Calling AppiumDriver.findElement() with args: ["id","in.workindia.nileshdungarwal.workindiaandroid:id/et_number","421ea0a9-d989-402b-b932-926b1329ce6c"]
[debug] &amp#27;[35m[BaseDriver]&amp#27;[39m Valid locator strategies for this request: xpath, id, class name, accessibility id, css selector, -android uiautomator
[debug] &amp#27;[35m[BaseDriver]&amp#27;[39m Waiting up to 30000 ms for condition
[debug] &amp#27;[35m[WD Proxy]&amp#27;[39m Matched '/element' to command name 'findElement'
[debug] &amp#27;[35m[WD Proxy]&amp#27;[39m Proxying [POST /element] to [POST http://127.0.0.1:8202/wd/hub/session/1d13a9a4-06ff-4168-88f7-85f6bb7f564a/element] with body: {"strategy":"id","selector":"in.workindia.nileshdungarwal.workindiaandroid:id/et_number","context":"","multiple":false}
[debug] &amp#27;[35m[WD Proxy]&amp#27;[39m Got response with status 200: {"sessionId":"1d13a9a4-06ff-4168-88f7-85f6bb7f564a","value":{"ELEMENT":"97a27566-aade-4721-9e5c-8c791a192874","element-6066-11e4-a52e-4f735466cecf":"97a27566-aade-4721-9e5c-8c791a192874"}}
[debug] &amp#27;[35m[W3C (421ea0a9)]&amp#27;[39m Responding to client with driver.findElement() result: {"element-6066-11e4-a52e-4f735466cecf":"97a27566-aade-4721-9e5c-8c791a192874","ELEMENT":"97a27566-aade-4721-9e5c-8c791a192874"}
&amp#27;[35m[HTTP]&amp#27;[39m &amp#27;[37m<-- POST /wd/hub/session/421ea0a9-d989-402b-b932-926b1329ce6c/element &amp#27;[39m&amp#27;[32m200&amp#27;[39m &amp#27;[90m478 ms - 137&amp#27;[39m
&amp#27;[35m[HTTP]&amp#27;[39m &amp#27;[90m&amp#27;[39m
&amp#27;[35m[HTTP]&amp#27;[39m &amp#27;[37m-->&amp#27;[39m &amp#27;[37mPOST&amp#27;[39m &amp#27;[37m/wd/hub/session/421ea0a9-d989-402b-b932-926b1329ce6c/element/97a27566-aade-4721-9e5c-8c791a192874/value&amp#27;[39m
&amp#27;[35m[HTTP]&amp#27;[39m &amp#27;[90m{"id":"97a27566-aade-4721-9e5c-8c791a192874","text":"9876543219","value":["9","8","7","6","5","4","3","2","1","9"]}&amp#27;[39m
[debug] &amp#27;[35m[W3C (421ea0a9)]&amp#27;[39m Calling AppiumDriver.setValue() with args: [["9","8","7","6","5","4","3","2","1","9"],"97a27566-aade-4721-9e5c-8c791a192874","421ea0a9-d989-402b-b932-926b1329ce6c"]
[debug] &amp#27;[35m[WD Proxy]&amp#27;[39m Matched '/element/97a27566-aade-4721-9e5c-8c791a192874/value' to command name 'setValue'
[debug] &amp#27;[35m[Protocol Converter]&amp#27;[39m Added 'value' property ["9","8","7","6","5","4","3","2","1","9"] to 'setValue' request body
[debug] &amp#27;[35m[WD Proxy]&amp#27;[39m Proxying [POST /element/97a27566-aade-4721-9e5c-8c791a192874/value] to [POST http://127.0.0.1:8202/wd/hub/session/1d13a9a4-06ff-4168-88f7-85f6bb7f564a/element/97a27566-aade-4721-9e5c-8c791a192874/value] with body: {"elementId":"97a27566-aade-4721-9e5c-8c791a192874","text":"9876543219","replace":false,"value":["9","8","7","6","5","4","3","2","1","9"]}
[debug] &amp#27;[35m[WD Proxy]&amp#27;[39m Got response with status 200: {"sessionId":"1d13a9a4-06ff-4168-88f7-85f6bb7f564a","value":null}
[debug] &amp#27;[35m[W3C (421ea0a9)]&amp#27;[39m Responding to client with driver.setValue() result: null
&amp#27;[35m[HTTP]&amp#27;[39m &amp#27;[37m<-- POST /wd/hub/session/421ea0a9-d989-402b-b932-926b1329ce6c/element/97a27566-aade-4721-9e5c-8c791a192874/value &amp#27;[39m&amp#27;[32m200&amp#27;[39m &amp#27;[90m35 ms - 14&amp#27;[39m
&amp#27;[35m[HTTP]&amp#27;[39m &amp#27;[90m&amp#27;[39m
&amp#27;[35m[HTTP]&amp#27;[39m &amp#27;[37m-->&amp#27;[39m &amp#27;[37mGET&amp#27;[39m &amp#27;[37m/wd/hub/session/421ea0a9-d989-402b-b932-926b1329ce6c&amp#27;[39m
&amp#27;[35m[HTTP]&amp#27;[39m &amp#27;[90m{}&amp#27;[39m
[debug] &amp#27;[35m[W3C (421ea0a9)]&amp#27;[39m Calling AppiumDriver.getSession() with args: ["421ea0a9-d989-402b-b932-926b1329ce6c"]
[debug] &amp#27;[35m[UiAutomator2]&amp#27;[39m Getting session details from server to mix in
[debug] &amp#27;[35m[WD Proxy]&amp#27;[39m Matched '/' to command name 'getSession'
[debug] &amp#27;[35m[WD Proxy]&amp#27;[39m Proxying [GET /] to [GET http://127.0.0.1:8202/wd/hub/session/1d13a9a4-06ff-4168-88f7-85f6bb7f564a] with no body
[debug] &amp#27;[35m[WD Proxy]&amp#27;[39m Got response with status 200: {"sessionId":"1d13a9a4-06ff-4168-88f7-85f6bb7f564a","value":{"lastScrollData":null}}
[debug] &amp#27;[35m[W3C (421ea0a9)]&amp#27;[39m Responding to client with driver.getSession() result: {"platform":"LINUX","webStorageEnabled":false,"takesScreenshot":true,"javascriptEnabled":true,"databaseEnabled":false,"networkConnectionEnabled":true,"locationContextEnabled":false,"warnings":{},"desired":{"platformName":"android","app":"./Resourses/in.workindia.apk","appActivity":"in.workindia.nileshdungarwal.workindiaandroid.RegisterActivity","appPackage":"in.workindia.nileshdungarwal.workindiaandroid","deviceName":"emulator-5554","platformVersion":"8.1"},"platformName":"android","app":"./Resourses/in.workindia.apk","appActivity":"in.workindia.nileshdungarwal.workindiaandroid.RegisterActivity","appPackage":"in.workindia.nileshdungarwal.workindiaandroid","deviceName":"emulator-5554","platformVersion":"8.1.0","deviceUDID":"emulator-5554","deviceApiLevel":27,"deviceScreenSize":"1080x2160","deviceScreenDensity":440,"deviceModel":"Android SDK built for x86","deviceManufacturer":"Google","pixelRatio":2.75,"statBarHeight":66,"viewportRect":{"left":0,"top":66,"width":1080,"height":1962},"lastScrollData":null}
&amp#27;[35m[HTTP]&amp#27;[39m &amp#27;[37m<-- GET /wd/hub/session/421ea0a9-d989-402b-b932-926b1329ce6c &amp#27;[39m&amp#27;[32m200&amp#27;[39m &amp#27;[90m15 ms - 1028&amp#27;[39m
&amp#27;[35m[HTTP]&amp#27;[39m &amp#27;[90m&amp#27;[39m
&amp#27;[35m[HTTP]&amp#27;[39m &amp#27;[37m-->&amp#27;[39m &amp#27;[37mGET&amp#27;[39m &amp#27;[37m/wd/hub/session/421ea0a9-d989-402b-b932-926b1329ce6c&amp#27;[39m
&amp#27;[35m[HTTP]&amp#27;[39m &amp#27;[90m{}&amp#27;[39m
[debug] &amp#27;[35m[W3C (421ea0a9)]&amp#27;[39m Calling AppiumDriver.getSession() with args: ["421ea0a9-d989-402b-b932-926b1329ce6c"]
[debug] &amp#27;[35m[UiAutomator2]&amp#27;[39m Getting session details from server to mix in
[debug] &amp#27;[35m[WD Proxy]&amp#27;[39m Matched '/' to command name 'getSession'
[debug] &amp#27;[35m[WD Proxy]&amp#27;[39m Proxying [GET /] to [GET http://127.0.0.1:8202/wd/hub/session/1d13a9a4-06ff-4168-88f7-85f6bb7f564a] with no body
[debug] &amp#27;[35m[WD Proxy]&amp#27;[39m Got response with status 200: {"sessionId":"1d13a9a4-06ff-4168-88f7-85f6bb7f564a","value":{"lastScrollData":null}}
[debug] &amp#27;[35m[W3C (421ea0a9)]&amp#27;[39m Responding to client with driver.getSession() result: {"platform":"LINUX","webStorageEnabled":false,"takesScreenshot":true,"javascriptEnabled":true,"databaseEnabled":false,"networkConnectionEnabled":true,"locationContextEnabled":false,"warnings":{},"desired":{"platformName":"android","app":"./Resourses/in.workindia.apk","appActivity":"in.workindia.nileshdungarwal.workindiaandroid.RegisterActivity","appPackage":"in.workindia.nileshdungarwal.workindiaandroid","deviceName":"emulator-5554","platformVersion":"8.1"},"platformName":"android","app":"./Resourses/in.workindia.apk","appActivity":"in.workindia.nileshdungarwal.workindiaandroid.RegisterActivity","appPackage":"in.workindia.nileshdungarwal.workindiaandroid","deviceName":"emulator-5554","platformVersion":"8.1.0","deviceUDID":"emulator-5554","deviceApiLevel":27,"deviceScreenSize":"1080x2160","deviceScreenDensity":440,"deviceModel":"Android SDK built for x86","deviceManufacturer":"Google","pixelRatio":2.75,"statBarHeight":66,"viewportRect":{"left":0,"top":66,"width":1080,"height":1962},"lastScrollData":null}
&amp#27;[35m[HTTP]&amp#27;[39m &amp#27;[37m<-- GET /wd/hub/session/421ea0a9-d989-402b-b932-926b1329ce6c &amp#27;[39m&amp#27;[32m200&amp#27;[39m &amp#27;[90m16 ms - 1028&amp#27;[39m
&amp#27;[35m[HTTP]&amp#27;[39m &amp#27;[90m&amp#27;[39m
&amp#27;[35m[HTTP]&amp#27;[39m &amp#27;[37m-->&amp#27;[39m &amp#27;[37mGET&amp#27;[39m &amp#27;[37m/wd/hub/session/421ea0a9-d989-402b-b932-926b1329ce6c&amp#27;[39m
&amp#27;[35m[HTTP]&amp#27;[39m &amp#27;[90m{}&amp#27;[39m
[debug] &amp#27;[35m[W3C (421ea0a9)]&amp#27;[39m Calling AppiumDriver.getSession() with args: ["421ea0a9-d989-402b-b932-926b1329ce6c"]
[debug] &amp#27;[35m[UiAutomator2]&amp#27;[39m Getting session details from server to mix in
[debug] &amp#27;[35m[WD Proxy]&amp#27;[39m Matched '/' to command name 'getSession'
[debug] &amp#27;[35m[WD Proxy]&amp#27;[39m Proxying [GET /] to [GET http://127.0.0.1:8202/wd/hub/session/1d13a9a4-06ff-4168-88f7-85f6bb7f564a] with no body
[debug] &amp#27;[35m[WD Proxy]&amp#27;[39m Got response with status 200: {"sessionId":"1d13a9a4-06ff-4168-88f7-85f6bb7f564a","value":{"lastScrollData":null}}
[debug] &amp#27;[35m[W3C (421ea0a9)]&amp#27;[39m Responding to client with driver.getSession() result: {"platform":"LINUX","webStorageEnabled":false,"takesScreenshot":true,"javascriptEnabled":true,"databaseEnabled":false,"networkConnectionEnabled":true,"locationContextEnabled":false,"warnings":{},"desired":{"platformName":"android","app":"./Resourses/in.workindia.apk","appActivity":"in.workindia.nileshdungarwal.workindiaandroid.RegisterActivity","appPackage":"in.workindia.nileshdungarwal.workindiaandroid","deviceName":"emulator-5554","platformVersion":"8.1"},"platformName":"android","app":"./Resourses/in.workindia.apk","appActivity":"in.workindia.nileshdungarwal.workindiaandroid.RegisterActivity","appPackage":"in.workindia.nileshdungarwal.workindiaandroid","deviceName":"emulator-5554","platformVersion":"8.1.0","deviceUDID":"emulator-5554","deviceApiLevel":27,"deviceScreenSize":"1080x2160","deviceScreenDensity":440,"deviceModel":"Android SDK built for x86","deviceManufacturer":"Google","pixelRatio":2.75,"statBarHeight":66,"viewportRect":{"left":0,"top":66,"width":1080,"height":1962},"lastScrollData":null}
&amp#27;[35m[HTTP]&amp#27;[39m &amp#27;[37m<-- GET /wd/hub/session/421ea0a9-d989-402b-b932-926b1329ce6c &amp#27;[39m&amp#27;[32m200&amp#27;[39m &amp#27;[90m17 ms - 1028&amp#27;[39m
&amp#27;[35m[HTTP]&amp#27;[39m &amp#27;[90m&amp#27;[39m
&amp#27;[35m[HTTP]&amp#27;[39m &amp#27;[37m-->&amp#27;[39m &amp#27;[37mPOST&amp#27;[39m &amp#27;[37m/wd/hub/session/421ea0a9-d989-402b-b932-926b1329ce6c/element&amp#27;[39m
&amp#27;[35m[HTTP]&amp#27;[39m &amp#27;[90m{"using":"id","value":"in.workindia.nileshdungarwal.workindiaandroid:id/btn_submit"}&amp#27;[39m
[debug] &amp#27;[35m[W3C (421ea0a9)]&amp#27;[39m Calling AppiumDriver.findElement() with args: ["id","in.workindia.nileshdungarwal.workindiaandroid:id/btn_submit","421ea0a9-d989-402b-b932-926b1329ce6c"]
[debug] &amp#27;[35m[BaseDriver]&amp#27;[39m Valid locator strategies for this request: xpath, id, class name, accessibility id, css selector, -android uiautomator
[debug] &amp#27;[35m[BaseDriver]&amp#27;[39m Waiting up to 30000 ms for condition
[debug] &amp#27;[35m[WD Proxy]&amp#27;[39m Matched '/element' to command name 'findElement'
[debug] &amp#27;[35m[WD Proxy]&amp#27;[39m Proxying [POST /element] to [POST http://127.0.0.1:8202/wd/hub/session/1d13a9a4-06ff-4168-88f7-85f6bb7f564a/element] with body: {"strategy":"id","selector":"in.workindia.nileshdungarwal.workindiaandroid:id/btn_submit","context":"","multiple":false}
[debug] &amp#27;[35m[WD Proxy]&amp#27;[39m Got response with status 200: {"sessionId":"1d13a9a4-06ff-4168-88f7-85f6bb7f564a","value":{"ELEMENT":"9ee7476c-4222-4bcf-b3cc-fb46f44a8475","element-6066-11e4-a52e-4f735466cecf":"9ee7476c-4222-4bcf-b3cc-fb46f44a8475"}}
[debug] &amp#27;[35m[W3C (421ea0a9)]&amp#27;[39m Responding to client with driver.findElement() result: {"element-6066-11e4-a52e-4f735466cecf":"9ee7476c-4222-4bcf-b3cc-fb46f44a8475","ELEMENT":"9ee7476c-4222-4bcf-b3cc-fb46f44a8475"}
&amp#27;[35m[HTTP]&amp#27;[39m &amp#27;[37m<-- POST /wd/hub/session/421ea0a9-d989-402b-b932-926b1329ce6c/element &amp#27;[39m&amp#27;[32m200&amp#27;[39m &amp#27;[90m434 ms - 137&amp#27;[39m
&amp#27;[35m[HTTP]&amp#27;[39m &amp#27;[90m&amp#27;[39m
&amp#27;[35m[HTTP]&amp#27;[39m &amp#27;[37m-->&amp#27;[39m &amp#27;[37mPOST&amp#27;[39m &amp#27;[37m/wd/hub/session/421ea0a9-d989-402b-b932-926b1329ce6c/element/9ee7476c-4222-4bcf-b3cc-fb46f44a8475/click&amp#27;[39m
&amp#27;[35m[HTTP]&amp#27;[39m &amp#27;[90m{"id":"9ee7476c-4222-4bcf-b3cc-fb46f44a8475"}&amp#27;[39m
[debug] &amp#27;[35m[W3C (421ea0a9)]&amp#27;[39m Calling AppiumDriver.click() with args: ["9ee7476c-4222-4bcf-b3cc-fb46f44a8475","421ea0a9-d989-402b-b932-926b1329ce6c"]
[debug] &amp#27;[35m[WD Proxy]&amp#27;[39m Matched '/element/9ee7476c-4222-4bcf-b3cc-fb46f44a8475/click' to command name 'click'
[debug] &amp#27;[35m[WD Proxy]&amp#27;[39m Proxying [POST /element/9ee7476c-4222-4bcf-b3cc-fb46f44a8475/click] to [POST http://127.0.0.1:8202/wd/hub/session/1d13a9a4-06ff-4168-88f7-85f6bb7f564a/element/9ee7476c-4222-4bcf-b3cc-fb46f44a8475/click] with body: {"element":"9ee7476c-4222-4bcf-b3cc-fb46f44a8475"}
[debug] &amp#27;[35m[WD Proxy]&amp#27;[39m Got response with status 200: {"sessionId":"1d13a9a4-06ff-4168-88f7-85f6bb7f564a","value":null}
[debug] &amp#27;[35m[W3C (421ea0a9)]&amp#27;[39m Responding to client with driver.click() result: null
&amp#27;[35m[HTTP]&amp#27;[39m &amp#27;[37m<-- POST /wd/hub/session/421ea0a9-d989-402b-b932-926b1329ce6c/element/9ee7476c-4222-4bcf-b3cc-fb46f44a8475/click &amp#27;[39m&amp#27;[32m200&amp#27;[39m &amp#27;[90m23 ms - 14&amp#27;[39m
&amp#27;[35m[HTTP]&amp#27;[39m &amp#27;[90m&amp#27;[39m
&amp#27;[35m[HTTP]&amp#27;[39m &amp#27;[37m-->&amp#27;[39m &amp#27;[37mGET&amp#27;[39m &amp#27;[37m/wd/hub/session/421ea0a9-d989-402b-b932-926b1329ce6c&amp#27;[39m
&amp#27;[35m[HTTP]&amp#27;[39m &amp#27;[90m{}&amp#27;[39m
[debug] &amp#27;[35m[W3C (421ea0a9)]&amp#27;[39m Calling AppiumDriver.getSession() with args: ["421ea0a9-d989-402b-b932-926b1329ce6c"]
[debug] &amp#27;[35m[UiAutomator2]&amp#27;[39m Getting session details from server to mix in
[debug] &amp#27;[35m[WD Proxy]&amp#27;[39m Matched '/' to command name 'getSession'
[debug] &amp#27;[35m[WD Proxy]&amp#27;[39m Proxying [GET /] to [GET http://127.0.0.1:8202/wd/hub/session/1d13a9a4-06ff-4168-88f7-85f6bb7f564a] with no body
[debug] &amp#27;[35m[WD Proxy]&amp#27;[39m Got response with status 200: {"sessionId":"1d13a9a4-06ff-4168-88f7-85f6bb7f564a","value":{"lastScrollData":null}}
[debug] &amp#27;[35m[W3C (421ea0a9)]&amp#27;[39m Responding to client with driver.getSession() result: {"platform":"LINUX","webStorageEnabled":false,"takesScreenshot":true,"javascriptEnabled":true,"databaseEnabled":false,"networkConnectionEnabled":true,"locationContextEnabled":false,"warnings":{},"desired":{"platformName":"android","app":"./Resourses/in.workindia.apk","appActivity":"in.workindia.nileshdungarwal.workindiaandroid.RegisterActivity","appPackage":"in.workindia.nileshdungarwal.workindiaandroid","deviceName":"emulator-5554","platformVersion":"8.1"},"platformName":"android","app":"./Resourses/in.workindia.apk","appActivity":"in.workindia.nileshdungarwal.workindiaandroid.RegisterActivity","appPackage":"in.workindia.nileshdungarwal.workindiaandroid","deviceName":"emulator-5554","platformVersion":"8.1.0","deviceUDID":"emulator-5554","deviceApiLevel":27,"deviceScreenSize":"1080x2160","deviceScreenDensity":440,"deviceModel":"Android SDK built for x86","deviceManufacturer":"Google","pixelRatio":2.75,"statBarHeight":66,"viewportRect":{"left":0,"top":66,"width":1080,"height":1962},"lastScrollData":null}
&amp#27;[35m[HTTP]&amp#27;[39m &amp#27;[37m<-- GET /wd/hub/session/421ea0a9-d989-402b-b932-926b1329ce6c &amp#27;[39m&amp#27;[32m200&amp#27;[39m &amp#27;[90m12 ms - 1028&amp#27;[39m
&amp#27;[35m[HTTP]&amp#27;[39m &amp#27;[90m&amp#27;[39m
&amp#27;[35m[HTTP]&amp#27;[39m &amp#27;[37m-->&amp#27;[39m &amp#27;[37mGET&amp#27;[39m &amp#27;[37m/wd/hub/session/421ea0a9-d989-402b-b932-926b1329ce6c&amp#27;[39m
&amp#27;[35m[HTTP]&amp#27;[39m &amp#27;[90m{}&amp#27;[39m
[debug] &amp#27;[35m[W3C (421ea0a9)]&amp#27;[39m Calling AppiumDriver.getSession() with args: ["421ea0a9-d989-402b-b932-926b1329ce6c"]
[debug] &amp#27;[35m[UiAutomator2]&amp#27;[39m Getting session details from server to mix in
[debug] &amp#27;[35m[WD Proxy]&amp#27;[39m Matched '/' to command name 'getSession'
[debug] &amp#27;[35m[WD Proxy]&amp#27;[39m Proxying [GET /] to [GET http://127.0.0.1:8202/wd/hub/session/1d13a9a4-06ff-4168-88f7-85f6bb7f564a] with no body
[debug] &amp#27;[35m[WD Proxy]&amp#27;[39m Got response with status 200: {"sessionId":"1d13a9a4-06ff-4168-88f7-85f6bb7f564a","value":{"lastScrollData":null}}
[debug] &amp#27;[35m[W3C (421ea0a9)]&amp#27;[39m Responding to client with driver.getSession() result: {"platform":"LINUX","webStorageEnabled":false,"takesScreenshot":true,"javascriptEnabled":true,"databaseEnabled":false,"networkConnectionEnabled":true,"locationContextEnabled":false,"warnings":{},"desired":{"platformName":"android","app":"./Resourses/in.workindia.apk","appActivity":"in.workindia.nileshdungarwal.workindiaandroid.RegisterActivity","appPackage":"in.workindia.nileshdungarwal.workindiaandroid","deviceName":"emulator-5554","platformVersion":"8.1"},"platformName":"android","app":"./Resourses/in.workindia.apk","appActivity":"in.workindia.nileshdungarwal.workindiaandroid.RegisterActivity","appPackage":"in.workindia.nileshdungarwal.workindiaandroid","deviceName":"emulator-5554","platformVersion":"8.1.0","deviceUDID":"emulator-5554","deviceApiLevel":27,"deviceScreenSize":"1080x2160","deviceScreenDensity":440,"deviceModel":"Android SDK built for x86","deviceManufacturer":"Google","pixelRatio":2.75,"statBarHeight":66,"viewportRect":{"left":0,"top":66,"width":1080,"height":1962},"lastScrollData":null}
&amp#27;[35m[HTTP]&amp#27;[39m &amp#27;[37m<-- GET /wd/hub/session/421ea0a9-d989-402b-b932-926b1329ce6c &amp#27;[39m&amp#27;[32m200&amp#27;[39m &amp#27;[90m19 ms - 1028&amp#27;[39m
&amp#27;[35m[HTTP]&amp#27;[39m &amp#27;[90m&amp#27;[39m
&amp#27;[35m[HTTP]&amp#27;[39m &amp#27;[37m-->&amp#27;[39m &amp#27;[37mGET&amp#27;[39m &amp#27;[37m/wd/hub/session/421ea0a9-d989-402b-b932-926b1329ce6c&amp#27;[39m
&amp#27;[35m[HTTP]&amp#27;[39m &amp#27;[90m{}&amp#27;[39m
[debug] &amp#27;[35m[W3C (421ea0a9)]&amp#27;[39m Calling AppiumDriver.getSession() with args: ["421ea0a9-d989-402b-b932-926b1329ce6c"]
[debug] &amp#27;[35m[UiAutomator2]&amp#27;[39m Getting session details from server to mix in
[debug] &amp#27;[35m[WD Proxy]&amp#27;[39m Matched '/' to command name 'getSession'
[debug] &amp#27;[35m[WD Proxy]&amp#27;[39m Proxying [GET /] to [GET http://127.0.0.1:8202/wd/hub/session/1d13a9a4-06ff-4168-88f7-85f6bb7f564a] with no body
[debug] &amp#27;[35m[WD Proxy]&amp#27;[39m Got response with status 200: {"sessionId":"1d13a9a4-06ff-4168-88f7-85f6bb7f564a","value":{"lastScrollData":null}}
[debug] &amp#27;[35m[W3C (421ea0a9)]&amp#27;[39m Responding to client with driver.getSession() result: {"platform":"LINUX","webStorageEnabled":false,"takesScreenshot":true,"javascriptEnabled":true,"databaseEnabled":false,"networkConnectionEnabled":true,"locationContextEnabled":false,"warnings":{},"desired":{"platformName":"android","app":"./Resourses/in.workindia.apk","appActivity":"in.workindia.nileshdungarwal.workindiaandroid.RegisterActivity","appPackage":"in.workindia.nileshdungarwal.workindiaandroid","deviceName":"emulator-5554","platformVersion":"8.1"},"platformName":"android","app":"./Resourses/in.workindia.apk","appActivity":"in.workindia.nileshdungarwal.workindiaandroid.RegisterActivity","appPackage":"in.workindia.nileshdungarwal.workindiaandroid","deviceName":"emulator-5554","platformVersion":"8.1.0","deviceUDID":"emulator-5554","deviceApiLevel":27,"deviceScreenSize":"1080x2160","deviceScreenDensity":440,"deviceModel":"Android SDK built for x86","deviceManufacturer":"Google","pixelRatio":2.75,"statBarHeight":66,"viewportRect":{"left":0,"top":66,"width":1080,"height":1962},"lastScrollData":null}
&amp#27;[35m[HTTP]&amp#27;[39m &amp#27;[37m<-- GET /wd/hub/session/421ea0a9-d989-402b-b932-926b1329ce6c &amp#27;[39m&amp#27;[32m200&amp#27;[39m &amp#27;[90m14 ms - 1028&amp#27;[39m
&amp#27;[35m[HTTP]&amp#27;[39m &amp#27;[90m&amp#27;[39m
&amp#27;[35m[HTTP]&amp#27;[39m &amp#27;[37m-->&amp#27;[39m &amp#27;[37mPOST&amp#27;[39m &amp#27;[37m/wd/hub/session/421ea0a9-d989-402b-b932-926b1329ce6c/element&amp#27;[39m
&amp#27;[35m[HTTP]&amp#27;[39m &amp#27;[90m{"using":"id","value":"in.workindia.nileshdungarwal.workindiaandroid:id/rb_delhi"}&amp#27;[39m
[debug] &amp#27;[35m[W3C (421ea0a9)]&amp#27;[39m Calling AppiumDriver.findElement() with args: ["id","in.workindia.nileshdungarwal.workindiaandroid:id/rb_delhi","421ea0a9-d989-402b-b932-926b1329ce6c"]
[debug] &amp#27;[35m[BaseDriver]&amp#27;[39m Valid locator strategies for this request: xpath, id, class name, accessibility id, css selector, -android uiautomator
[debug] &amp#27;[35m[BaseDriver]&amp#27;[39m Waiting up to 30000 ms for condition
[debug] &amp#27;[35m[WD Proxy]&amp#27;[39m Matched '/element' to command name 'findElement'
[debug] &amp#27;[35m[WD Proxy]&amp#27;[39m Proxying [POST /element] to [POST http://127.0.0.1:8202/wd/hub/session/1d13a9a4-06ff-4168-88f7-85f6bb7f564a/element] with body: {"strategy":"id","selector":"in.workindia.nileshdungarwal.workindiaandroid:id/rb_delhi","context":"","multiple":false}
&amp#27;[35m[WD Proxy]&amp#27;[39m Got response with status 404: {"sessionId":"1d13a9a4-06ff-4168-88f7-85f6bb7f564a","value":{"error":"no such element","message":"An element could not be located on the page using the given search parameters","stacktrace":"io.appium.uiautomator2.common.exceptions.ElementNotFoundException: An element could not be located on the page using the given search parameters\n\tat io.appium.uiautomator2.handler.FindElement.safeHandle(FindElement.java:73)\n\tat io.appium.uiautomator2.handler.request.SafeRequestHandler.handle(SafeRequestHandler.java:41)\n\tat io.appium.uiautomator2.server.AppiumServlet.handleRequest(AppiumServlet.java:261)\n\tat io.appium.uiautomator2.server.AppiumServlet.handleHttpRequest(AppiumServlet.java:255)\n\tat io.appium.uiautomator2.http.ServerHandler.channelRead(ServerHandler.java:68)\n\tat io.netty.channel.AbstractChannelHandlerContext.invokeChannelRead(AbstractChannelHandlerContext.java:366)\n\tat io.netty.channel.AbstractChannelHandlerContext.invokeChannelRead(AbstractChannelHandlerContext.java:352)\n\tat io.netty.chann...
[debug] &amp#27;[35m[W3C]&amp#27;[39m Matched W3C error code 'no such element' to NoSuchElementError
[debug] &amp#27;[35m[BaseDriver]&amp#27;[39m Waited for 201 ms so far
[debug] &amp#27;[35m[WD Proxy]&amp#27;[39m Matched '/element' to command name 'findElement'
[debug] &amp#27;[35m[WD Proxy]&amp#27;[39m Proxying [POST /element] to [POST http://127.0.0.1:8202/wd/hub/session/1d13a9a4-06ff-4168-88f7-85f6bb7f564a/element] with body: {"strategy":"id","selector":"in.workindia.nileshdungarwal.workindiaandroid:id/rb_delhi","context":"","multiple":false}
&amp#27;[35m[WD Proxy]&amp#27;[39m Got response with status 404: {"sessionId":"1d13a9a4-06ff-4168-88f7-85f6bb7f564a","value":{"error":"no such element","message":"An element could not be located on the page using the given search parameters","stacktrace":"io.appium.uiautomator2.common.exceptions.ElementNotFoundException: An element could not be located on the page using the given search parameters\n\tat io.appium.uiautomator2.handler.FindElement.safeHandle(FindElement.java:73)\n\tat io.appium.uiautomator2.handler.request.SafeRequestHandler.handle(SafeRequestHandler.java:41)\n\tat io.appium.uiautomator2.server.AppiumServlet.handleRequest(AppiumServlet.java:261)\n\tat io.appium.uiautomator2.server.AppiumServlet.handleHttpRequest(AppiumServlet.java:255)\n\tat io.appium.uiautomator2.http.ServerHandler.channelRead(ServerHandler.java:68)\n\tat io.netty.channel.AbstractChannelHandlerContext.invokeChannelRead(AbstractChannelHandlerContext.java:366)\n\tat io.netty.channel.AbstractChannelHandlerContext.invokeChannelRead(AbstractChannelHandlerContext.java:352)\n\tat io.netty.chann...
[debug] &amp#27;[35m[W3C]&amp#27;[39m Matched W3C error code 'no such element' to NoSuchElementError
[debug] &amp#27;[35m[BaseDriver]&amp#27;[39m Waited for 844 ms so far
[debug] &amp#27;[35m[WD Proxy]&amp#27;[39m Matched '/element' to command name 'findElement'
[debug] &amp#27;[35m[WD Proxy]&amp#27;[39m Proxying [POST /element] to [POST http://127.0.0.1:8202/wd/hub/session/1d13a9a4-06ff-4168-88f7-85f6bb7f564a/element] with body: {"strategy":"id","selector":"in.workindia.nileshdungarwal.workindiaandroid:id/rb_delhi","context":"","multiple":false}
&amp#27;[35m[WD Proxy]&amp#27;[39m Got response with status 404: {"sessionId":"1d13a9a4-06ff-4168-88f7-85f6bb7f564a","value":{"error":"no such element","message":"An element could not be located on the page using the given search parameters","stacktrace":"io.appium.uiautomator2.common.exceptions.ElementNotFoundException: An element could not be located on the page using the given search parameters\n\tat io.appium.uiautomator2.handler.FindElement.safeHandle(FindElement.java:73)\n\tat io.appium.uiautomator2.handler.request.SafeRequestHandler.handle(SafeRequestHandler.java:41)\n\tat io.appium.uiautomator2.server.AppiumServlet.handleRequest(AppiumServlet.java:261)\n\tat io.appium.uiautomator2.server.AppiumServlet.handleHttpRequest(AppiumServlet.java:255)\n\tat io.appium.uiautomator2.http.ServerHandler.channelRead(ServerHandler.java:68)\n\tat io.netty.channel.AbstractChannelHandlerContext.invokeChannelRead(AbstractChannelHandlerContext.java:366)\n\tat io.netty.channel.AbstractChannelHandlerContext.invokeChannelRead(AbstractChannelHandlerContext.java:352)\n\tat io.netty.chann...
[debug] &amp#27;[35m[W3C]&amp#27;[39m Matched W3C error code 'no such element' to NoSuchElementError
[debug] &amp#27;[35m[BaseDriver]&amp#27;[39m Waited for 1392 ms so far
[debug] &amp#27;[35m[WD Proxy]&amp#27;[39m Matched '/element' to command name 'findElement'
[debug] &amp#27;[35m[WD Proxy]&amp#27;[39m Proxying [POST /element] to [POST http://127.0.0.1:8202/wd/hub/session/1d13a9a4-06ff-4168-88f7-85f6bb7f564a/element] with body: {"strategy":"id","selector":"in.workindia.nileshdungarwal.workindiaandroid:id/rb_delhi","context":"","multiple":false}
&amp#27;[35m[WD Proxy]&amp#27;[39m Got response with status 404: {"sessionId":"1d13a9a4-06ff-4168-88f7-85f6bb7f564a","value":{"error":"no such element","message":"An element could not be located on the page using the given search parameters","stacktrace":"io.appium.uiautomator2.common.exceptions.ElementNotFoundException: An element could not be located on the page using the given search parameters\n\tat io.appium.uiautomator2.handler.FindElement.safeHandle(FindElement.java:73)\n\tat io.appium.uiautomator2.handler.request.SafeRequestHandler.handle(SafeRequestHandler.java:41)\n\tat io.appium.uiautomator2.server.AppiumServlet.handleRequest(AppiumServlet.java:261)\n\tat io.appium.uiautomator2.server.AppiumServlet.handleHttpRequest(AppiumServlet.java:255)\n\tat io.appium.uiautomator2.http.ServerHandler.channelRead(ServerHandler.java:68)\n\tat io.netty.channel.AbstractChannelHandlerContext.invokeChannelRead(AbstractChannelHandlerContext.java:366)\n\tat io.netty.channel.AbstractChannelHandlerContext.invokeChannelRead(AbstractChannelHandlerContext.java:352)\n\tat io.netty.chann...
[debug] &amp#27;[35m[W3C]&amp#27;[39m Matched W3C error code 'no such element' to NoSuchElementError
[debug] &amp#27;[35m[BaseDriver]&amp#27;[39m Waited for 1939 ms so far
[debug] &amp#27;[35m[WD Proxy]&amp#27;[39m Matched '/element' to command name 'findElement'
[debug] &amp#27;[35m[WD Proxy]&amp#27;[39m Proxying [POST /element] to [POST http://127.0.0.1:8202/wd/hub/session/1d13a9a4-06ff-4168-88f7-85f6bb7f564a/element] with body: {"strategy":"id","selector":"in.workindia.nileshdungarwal.workindiaandroid:id/rb_delhi","context":"","multiple":false}
&amp#27;[35m[WD Proxy]&amp#27;[39m Got response with status 404: {"sessionId":"1d13a9a4-06ff-4168-88f7-85f6bb7f564a","value":{"error":"no such element","message":"An element could not be located on the page using the given search parameters","stacktrace":"io.appium.uiautomator2.common.exceptions.ElementNotFoundException: An element could not be located on the page using the given search parameters\n\tat io.appium.uiautomator2.handler.FindElement.safeHandle(FindElement.java:73)\n\tat io.appium.uiautomator2.handler.request.SafeRequestHandler.handle(SafeRequestHandler.java:41)\n\tat io.appium.uiautomator2.server.AppiumServlet.handleRequest(AppiumServlet.java:261)\n\tat io.appium.uiautomator2.server.AppiumServlet.handleHttpRequest(AppiumServlet.java:255)\n\tat io.appium.uiautomator2.http.ServerHandler.channelRead(ServerHandler.java:68)\n\tat io.netty.channel.AbstractChannelHandlerContext.invokeChannelRead(AbstractChannelHandlerContext.java:366)\n\tat io.netty.channel.AbstractChannelHandlerContext.invokeChannelRead(AbstractChannelHandlerContext.java:352)\n\tat io.netty.chann...
[debug] &amp#27;[35m[W3C]&amp#27;[39m Matched W3C error code 'no such element' to NoSuchElementError
[debug] &amp#27;[35m[BaseDriver]&amp#27;[39m Waited for 2487 ms so far
[debug] &amp#27;[35m[WD Proxy]&amp#27;[39m Matched '/element' to command name 'findElement'
[debug] &amp#27;[35m[WD Proxy]&amp#27;[39m Proxying [POST /element] to [POST http://127.0.0.1:8202/wd/hub/session/1d13a9a4-06ff-4168-88f7-85f6bb7f564a/element] with body: {"strategy":"id","selector":"in.workindia.nileshdungarwal.workindiaandroid:id/rb_delhi","context":"","multiple":false}
&amp#27;[35m[WD Proxy]&amp#27;[39m Got response with status 404: {"sessionId":"1d13a9a4-06ff-4168-88f7-85f6bb7f564a","value":{"error":"no such element","message":"An element could not be located on the page using the given search parameters","stacktrace":"io.appium.uiautomator2.common.exceptions.ElementNotFoundException: An element could not be located on the page using the given search parameters\n\tat io.appium.uiautomator2.handler.FindElement.safeHandle(FindElement.java:73)\n\tat io.appium.uiautomator2.handler.request.SafeRequestHandler.handle(SafeRequestHandler.java:41)\n\tat io.appium.uiautomator2.server.AppiumServlet.handleRequest(AppiumServlet.java:261)\n\tat io.appium.uiautomator2.server.AppiumServlet.handleHttpRequest(AppiumServlet.java:255)\n\tat io.appium.uiautomator2.http.ServerHandler.channelRead(ServerHandler.java:68)\n\tat io.netty.channel.AbstractChannelHandlerContext.invokeChannelRead(AbstractChannelHandlerContext.java:366)\n\tat io.netty.channel.AbstractChannelHandlerContext.invokeChannelRead(AbstractChannelHandlerContext.java:352)\n\tat io.netty.chann...
[debug] &amp#27;[35m[W3C]&amp#27;[39m Matched W3C error code 'no such element' to NoSuchElementError
[debug] &amp#27;[35m[BaseDriver]&amp#27;[39m Waited for 3025 ms so far
[debug] &amp#27;[35m[WD Proxy]&amp#27;[39m Matched '/element' to command name 'findElement'
[debug] &amp#27;[35m[WD Proxy]&amp#27;[39m Proxying [POST /element] to [POST http://127.0.0.1:8202/wd/hub/session/1d13a9a4-06ff-4168-88f7-85f6bb7f564a/element] with body: {"strategy":"id","selector":"in.workindia.nileshdungarwal.workindiaandroid:id/rb_delhi","context":"","multiple":false}
&amp#27;[35m[WD Proxy]&amp#27;[39m Got response with status 404: {"sessionId":"1d13a9a4-06ff-4168-88f7-85f6bb7f564a","value":{"error":"no such element","message":"An element could not be located on the page using the given search parameters","stacktrace":"io.appium.uiautomator2.common.exceptions.ElementNotFoundException: An element could not be located on the page using the given search parameters\n\tat io.appium.uiautomator2.handler.FindElement.safeHandle(FindElement.java:73)\n\tat io.appium.uiautomator2.handler.request.SafeRequestHandler.handle(SafeRequestHandler.java:41)\n\tat io.appium.uiautomator2.server.AppiumServlet.handleRequest(AppiumServlet.java:261)\n\tat io.appium.uiautomator2.server.AppiumServlet.handleHttpRequest(AppiumServlet.java:255)\n\tat io.appium.uiautomator2.http.ServerHandler.channelRead(ServerHandler.java:68)\n\tat io.netty.channel.AbstractChannelHandlerContext.invokeChannelRead(AbstractChannelHandlerContext.java:366)\n\tat io.netty.channel.AbstractChannelHandlerContext.invokeChannelRead(AbstractChannelHandlerContext.java:352)\n\tat io.netty.chann...
[debug] &amp#27;[35m[W3C]&amp#27;[39m Matched W3C error code 'no such element' to NoSuchElementError
[debug] &amp#27;[35m[BaseDriver]&amp#27;[39m Waited for 4052 ms so far
[debug] &amp#27;[35m[WD Proxy]&amp#27;[39m Matched '/element' to command name 'findElement'
[debug] &amp#27;[35m[WD Proxy]&amp#27;[39m Proxying [POST /element] to [POST http://127.0.0.1:8202/wd/hub/session/1d13a9a4-06ff-4168-88f7-85f6bb7f564a/element] with body: {"strategy":"id","selector":"in.workindia.nileshdungarwal.workindiaandroid:id/rb_delhi","context":"","multiple":false}
&amp#27;[35m[WD Proxy]&amp#27;[39m Got response with status 404: {"sessionId":"1d13a9a4-06ff-4168-88f7-85f6bb7f564a","value":{"error":"no such element","message":"An element could not be located on the page using the given search parameters","stacktrace":"io.appium.uiautomator2.common.exceptions.ElementNotFoundException: An element could not be located on the page using the given search parameters\n\tat io.appium.uiautomator2.handler.FindElement.safeHandle(FindElement.java:73)\n\tat io.appium.uiautomator2.handler.request.SafeRequestHandler.handle(SafeRequestHandler.java:41)\n\tat io.appium.uiautomator2.server.AppiumServlet.handleRequest(AppiumServlet.java:261)\n\tat io.appium.uiautomator2.server.AppiumServlet.handleHttpRequest(AppiumServlet.java:255)\n\tat io.appium.uiautomator2.http.ServerHandler.channelRead(ServerHandler.java:68)\n\tat io.netty.channel.AbstractChannelHandlerContext.invokeChannelRead(AbstractChannelHandlerContext.java:366)\n\tat io.netty.channel.AbstractChannelHandlerContext.invokeChannelRead(AbstractChannelHandlerContext.java:352)\n\tat io.netty.chann...
[debug] &amp#27;[35m[W3C]&amp#27;[39m Matched W3C error code 'no such element' to NoSuchElementError
[debug] &amp#27;[35m[BaseDriver]&amp#27;[39m Waited for 4581 ms so far
[debug] &amp#27;[35m[WD Proxy]&amp#27;[39m Matched '/element' to command name 'findElement'
[debug] &amp#27;[35m[WD Proxy]&amp#27;[39m Proxying [POST /element] to [POST http://127.0.0.1:8202/wd/hub/session/1d13a9a4-06ff-4168-88f7-85f6bb7f564a/element] with body: {"strategy":"id","selector":"in.workindia.nileshdungarwal.workindiaandroid:id/rb_delhi","context":"","multiple":false}
&amp#27;[35m[WD Proxy]&amp#27;[39m Got response with status 404: {"sessionId":"1d13a9a4-06ff-4168-88f7-85f6bb7f564a","value":{"error":"no such element","message":"An element could not be located on the page using the given search parameters","stacktrace":"io.appium.uiautomator2.common.exceptions.ElementNotFoundException: An element could not be located on the page using the given search parameters\n\tat io.appium.uiautomator2.handler.FindElement.safeHandle(FindElement.java:73)\n\tat io.appium.uiautomator2.handler.request.SafeRequestHandler.handle(SafeRequestHandler.java:41)\n\tat io.appium.uiautomator2.server.AppiumServlet.handleRequest(AppiumServlet.java:261)\n\tat io.appium.uiautomator2.server.AppiumServlet.handleHttpRequest(AppiumServlet.java:255)\n\tat io.appium.uiautomator2.http.ServerHandler.channelRead(ServerHandler.java:68)\n\tat io.netty.channel.AbstractChannelHandlerContext.invokeChannelRead(AbstractChannelHandlerContext.java:366)\n\tat io.netty.channel.AbstractChannelHandlerContext.invokeChannelRead(AbstractChannelHandlerContext.java:352)\n\tat io.netty.chann...
[debug] &amp#27;[35m[W3C]&amp#27;[39m Matched W3C error code 'no such element' to NoSuchElementError
[debug] &amp#27;[35m[BaseDriver]&amp#27;[39m Waited for 5121 ms so far
[debug] &amp#27;[35m[WD Proxy]&amp#27;[39m Matched '/element' to command name 'findElement'
[debug] &amp#27;[35m[WD Proxy]&amp#27;[39m Proxying [POST /element] to [POST http://127.0.0.1:8202/wd/hub/session/1d13a9a4-06ff-4168-88f7-85f6bb7f564a/element] with body: {"strategy":"id","selector":"in.workindia.nileshdungarwal.workindiaandroid:id/rb_delhi","context":"","multiple":false}
&amp#27;[35m[WD Proxy]&amp#27;[39m Got response with status 404: {"sessionId":"1d13a9a4-06ff-4168-88f7-85f6bb7f564a","value":{"error":"no such element","message":"An element could not be located on the page using the given search parameters","stacktrace":"io.appium.uiautomator2.common.exceptions.ElementNotFoundException: An element could not be located on the page using the given search parameters\n\tat io.appium.uiautomator2.handler.FindElement.safeHandle(FindElement.java:73)\n\tat io.appium.uiautomator2.handler.request.SafeRequestHandler.handle(SafeRequestHandler.java:41)\n\tat io.appium.uiautomator2.server.AppiumServlet.handleRequest(AppiumServlet.java:261)\n\tat io.appium.uiautomator2.server.AppiumServlet.handleHttpRequest(AppiumServlet.java:255)\n\tat io.appium.uiautomator2.http.ServerHandler.channelRead(ServerHandler.java:68)\n\tat io.netty.channel.AbstractChannelHandlerContext.invokeChannelRead(AbstractChannelHandlerContext.java:366)\n\tat io.netty.channel.AbstractChannelHandlerContext.invokeChannelRead(AbstractChannelHandlerContext.java:352)\n\tat io.netty.chann...
[debug] &amp#27;[35m[W3C]&amp#27;[39m Matched W3C error code 'no such element' to NoSuchElementError
[debug] &amp#27;[35m[BaseDriver]&amp#27;[39m Waited for 5652 ms so far
[debug] &amp#27;[35m[WD Proxy]&amp#27;[39m Matched '/element' to command name 'findElement'
[debug] &amp#27;[35m[WD Proxy]&amp#27;[39m Proxying [POST /element] to [POST http://127.0.0.1:8202/wd/hub/session/1d13a9a4-06ff-4168-88f7-85f6bb7f564a/element] with body: {"strategy":"id","selector":"in.workindia.nileshdungarwal.workindiaandroid:id/rb_delhi","context":"","multiple":false}
&amp#27;[35m[WD Proxy]&amp#27;[39m Got response with status 404: {"sessionId":"1d13a9a4-06ff-4168-88f7-85f6bb7f564a","value":{"error":"no such element","message":"An element could not be located on the page using the given search parameters","stacktrace":"io.appium.uiautomator2.common.exceptions.ElementNotFoundException: An element could not be located on the page using the given search parameters\n\tat io.appium.uiautomator2.handler.FindElement.safeHandle(FindElement.java:73)\n\tat io.appium.uiautomator2.handler.request.SafeRequestHandler.handle(SafeRequestHandler.java:41)\n\tat io.appium.uiautomator2.server.AppiumServlet.handleRequest(AppiumServlet.java:261)\n\tat io.appium.uiautomator2.server.AppiumServlet.handleHttpRequest(AppiumServlet.java:255)\n\tat io.appium.uiautomator2.http.ServerHandler.channelRead(ServerHandler.java:68)\n\tat io.netty.channel.AbstractChannelHandlerContext.invokeChannelRead(AbstractChannelHandlerContext.java:366)\n\tat io.netty.channel.AbstractChannelHandlerContext.invokeChannelRead(AbstractChannelHandlerContext.java:352)\n\tat io.netty.chann...
[debug] &amp#27;[35m[W3C]&amp#27;[39m Matched W3C error code 'no such element' to NoSuchElementError
[debug] &amp#27;[35m[BaseDriver]&amp#27;[39m Waited for 6189 ms so far
[debug] &amp#27;[35m[WD Proxy]&amp#27;[39m Matched '/element' to command name 'findElement'
[debug] &amp#27;[35m[WD Proxy]&amp#27;[39m Proxying [POST /element] to [POST http://127.0.0.1:8202/wd/hub/session/1d13a9a4-06ff-4168-88f7-85f6bb7f564a/element] with body: {"strategy":"id","selector":"in.workindia.nileshdungarwal.workindiaandroid:id/rb_delhi","context":"","multiple":false}
[debug] &amp#27;[35m[WD Proxy]&amp#27;[39m Got response with status 200: {"sessionId":"1d13a9a4-06ff-4168-88f7-85f6bb7f564a","value":{"ELEMENT":"6f9b47e7-f456-41ae-9503-640746f241bf","element-6066-11e4-a52e-4f735466cecf":"6f9b47e7-f456-41ae-9503-640746f241bf"}}
[debug] &amp#27;[35m[W3C (421ea0a9)]&amp#27;[39m Responding to client with driver.findElement() result: {"element-6066-11e4-a52e-4f735466cecf":"6f9b47e7-f456-41ae-9503-640746f241bf","ELEMENT":"6f9b47e7-f456-41ae-9503-640746f241bf"}
&amp#27;[35m[HTTP]&amp#27;[39m &amp#27;[37m<-- POST /wd/hub/session/421ea0a9-d989-402b-b932-926b1329ce6c/element &amp#27;[39m&amp#27;[32m200&amp#27;[39m &amp#27;[90m8076 ms - 137&amp#27;[39m
&amp#27;[35m[HTTP]&amp#27;[39m &amp#27;[90m&amp#27;[39m
&amp#27;[35m[HTTP]&amp#27;[39m &amp#27;[37m-->&amp#27;[39m &amp#27;[37mPOST&amp#27;[39m &amp#27;[37m/wd/hub/session/421ea0a9-d989-402b-b932-926b1329ce6c/element/6f9b47e7-f456-41ae-9503-640746f241bf/click&amp#27;[39m
&amp#27;[35m[HTTP]&amp#27;[39m &amp#27;[90m{"id":"6f9b47e7-f456-41ae-9503-640746f241bf"}&amp#27;[39m
[debug] &amp#27;[35m[W3C (421ea0a9)]&amp#27;[39m Calling AppiumDriver.click() with args: ["6f9b47e7-f456-41ae-9503-640746f241bf","421ea0a9-d989-402b-b932-926b1329ce6c"]
[debug] &amp#27;[35m[WD Proxy]&amp#27;[39m Matched '/element/6f9b47e7-f456-41ae-9503-640746f241bf/click' to command name 'click'
[debug] &amp#27;[35m[WD Proxy]&amp#27;[39m Proxying [POST /element/6f9b47e7-f456-41ae-9503-640746f241bf/click] to [POST http://127.0.0.1:8202/wd/hub/session/1d13a9a4-06ff-4168-88f7-85f6bb7f564a/element/6f9b47e7-f456-41ae-9503-640746f241bf/click] with body: {"element":"6f9b47e7-f456-41ae-9503-640746f241bf"}
[debug] &amp#27;[35m[WD Proxy]&amp#27;[39m Got response with status 200: {"sessionId":"1d13a9a4-06ff-4168-88f7-85f6bb7f564a","value":null}
[debug] &amp#27;[35m[W3C (421ea0a9)]&amp#27;[39m Responding to client with driver.click() result: null
&amp#27;[35m[HTTP]&amp#27;[39m &amp#27;[37m<-- POST /wd/hub/session/421ea0a9-d989-402b-b932-926b1329ce6c/element/6f9b47e7-f456-41ae-9503-640746f241bf/click &amp#27;[39m&amp#27;[32m200&amp#27;[39m &amp#27;[90m57 ms - 14&amp#27;[39m
&amp#27;[35m[HTTP]&amp#27;[39m &amp#27;[90m&amp#27;[39m
&amp#27;[35m[HTTP]&amp#27;[39m &amp#27;[37m-->&amp#27;[39m &amp#27;[37mGET&amp#27;[39m &amp#27;[37m/wd/hub/session/421ea0a9-d989-402b-b932-926b1329ce6c&amp#27;[39m
&amp#27;[35m[HTTP]&amp#27;[39m &amp#27;[90m{}&amp#27;[39m
[debug] &amp#27;[35m[W3C (421ea0a9)]&amp#27;[39m Calling AppiumDriver.getSession() with args: ["421ea0a9-d989-402b-b932-926b1329ce6c"]
[debug] &amp#27;[35m[UiAutomator2]&amp#27;[39m Getting session details from server to mix in
[debug] &amp#27;[35m[WD Proxy]&amp#27;[39m Matched '/' to command name 'getSession'
[debug] &amp#27;[35m[WD Proxy]&amp#27;[39m Proxying [GET /] to [GET http://127.0.0.1:8202/wd/hub/session/1d13a9a4-06ff-4168-88f7-85f6bb7f564a] with no body
[debug] &amp#27;[35m[WD Proxy]&amp#27;[39m Got response with status 200: {"sessionId":"1d13a9a4-06ff-4168-88f7-85f6bb7f564a","value":{"lastScrollData":null}}
[debug] &amp#27;[35m[W3C (421ea0a9)]&amp#27;[39m Responding to client with driver.getSession() result: {"platform":"LINUX","webStorageEnabled":false,"takesScreenshot":true,"javascriptEnabled":true,"databaseEnabled":false,"networkConnectionEnabled":true,"locationContextEnabled":false,"warnings":{},"desired":{"platformName":"android","app":"./Resourses/in.workindia.apk","appActivity":"in.workindia.nileshdungarwal.workindiaandroid.RegisterActivity","appPackage":"in.workindia.nileshdungarwal.workindiaandroid","deviceName":"emulator-5554","platformVersion":"8.1"},"platformName":"android","app":"./Resourses/in.workindia.apk","appActivity":"in.workindia.nileshdungarwal.workindiaandroid.RegisterActivity","appPackage":"in.workindia.nileshdungarwal.workindiaandroid","deviceName":"emulator-5554","platformVersion":"8.1.0","deviceUDID":"emulator-5554","deviceApiLevel":27,"deviceScreenSize":"1080x2160","deviceScreenDensity":440,"deviceModel":"Android SDK built for x86","deviceManufacturer":"Google","pixelRatio":2.75,"statBarHeight":66,"viewportRect":{"left":0,"top":66,"width":1080,"height":1962},"lastScrollData":null}
&amp#27;[35m[HTTP]&amp#27;[39m &amp#27;[37m<-- GET /wd/hub/session/421ea0a9-d989-402b-b932-926b1329ce6c &amp#27;[39m&amp#27;[32m200&amp#27;[39m &amp#27;[90m23 ms - 1028&amp#27;[39m
&amp#27;[35m[HTTP]&amp#27;[39m &amp#27;[90m&amp#27;[39m
&amp#27;[35m[HTTP]&amp#27;[39m &amp#27;[37m-->&amp#27;[39m &amp#27;[37mGET&amp#27;[39m &amp#27;[37m/wd/hub/session/421ea0a9-d989-402b-b932-926b1329ce6c&amp#27;[39m
&amp#27;[35m[HTTP]&amp#27;[39m &amp#27;[90m{}&amp#27;[39m
[debug] &amp#27;[35m[W3C (421ea0a9)]&amp#27;[39m Calling AppiumDriver.getSession() with args: ["421ea0a9-d989-402b-b932-926b1329ce6c"]
[debug] &amp#27;[35m[UiAutomator2]&amp#27;[39m Getting session details from server to mix in
[debug] &amp#27;[35m[WD Proxy]&amp#27;[39m Matched '/' to command name 'getSession'
[debug] &amp#27;[35m[WD Proxy]&amp#27;[39m Proxying [GET /] to [GET http://127.0.0.1:8202/wd/hub/session/1d13a9a4-06ff-4168-88f7-85f6bb7f564a] with no body
[debug] &amp#27;[35m[WD Proxy]&amp#27;[39m Got response with status 200: {"sessionId":"1d13a9a4-06ff-4168-88f7-85f6bb7f564a","value":{"lastScrollData":null}}
[debug] &amp#27;[35m[W3C (421ea0a9)]&amp#27;[39m Responding to client with driver.getSession() result: {"platform":"LINUX","webStorageEnabled":false,"takesScreenshot":true,"javascriptEnabled":true,"databaseEnabled":false,"networkConnectionEnabled":true,"locationContextEnabled":false,"warnings":{},"desired":{"platformName":"android","app":"./Resourses/in.workindia.apk","appActivity":"in.workindia.nileshdungarwal.workindiaandroid.RegisterActivity","appPackage":"in.workindia.nileshdungarwal.workindiaandroid","deviceName":"emulator-5554","platformVersion":"8.1"},"platformName":"android","app":"./Resourses/in.workindia.apk","appActivity":"in.workindia.nileshdungarwal.workindiaandroid.RegisterActivity","appPackage":"in.workindia.nileshdungarwal.workindiaandroid","deviceName":"emulator-5554","platformVersion":"8.1.0","deviceUDID":"emulator-5554","deviceApiLevel":27,"deviceScreenSize":"1080x2160","deviceScreenDensity":440,"deviceModel":"Android SDK built for x86","deviceManufacturer":"Google","pixelRatio":2.75,"statBarHeight":66,"viewportRect":{"left":0,"top":66,"width":1080,"height":1962},"lastScrollData":null}
&amp#27;[35m[HTTP]&amp#27;[39m &amp#27;[37m<-- GET /wd/hub/session/421ea0a9-d989-402b-b932-926b1329ce6c &amp#27;[39m&amp#27;[32m200&amp#27;[39m &amp#27;[90m20 ms - 1028&amp#27;[39m
&amp#27;[35m[HTTP]&amp#27;[39m &amp#27;[90m&amp#27;[39m
&amp#27;[35m[HTTP]&amp#27;[39m &amp#27;[37m-->&amp#27;[39m &amp#27;[37mGET&amp#27;[39m &amp#27;[37m/wd/hub/session/421ea0a9-d989-402b-b932-926b1329ce6c&amp#27;[39m
&amp#27;[35m[HTTP]&amp#27;[39m &amp#27;[90m{}&amp#27;[39m
[debug] &amp#27;[35m[W3C (421ea0a9)]&amp#27;[39m Calling AppiumDriver.getSession() with args: ["421ea0a9-d989-402b-b932-926b1329ce6c"]
[debug] &amp#27;[35m[UiAutomator2]&amp#27;[39m Getting session details from server to mix in
[debug] &amp#27;[35m[WD Proxy]&amp#27;[39m Matched '/' to command name 'getSession'
[debug] &amp#27;[35m[WD Proxy]&amp#27;[39m Proxying [GET /] to [GET http://127.0.0.1:8202/wd/hub/session/1d13a9a4-06ff-4168-88f7-85f6bb7f564a] with no body
[debug] &amp#27;[35m[WD Proxy]&amp#27;[39m Got response with status 200: {"sessionId":"1d13a9a4-06ff-4168-88f7-85f6bb7f564a","value":{"lastScrollData":null}}
[debug] &amp#27;[35m[W3C (421ea0a9)]&amp#27;[39m Responding to client with driver.getSession() result: {"platform":"LINUX","webStorageEnabled":false,"takesScreenshot":true,"javascriptEnabled":true,"databaseEnabled":false,"networkConnectionEnabled":true,"locationContextEnabled":false,"warnings":{},"desired":{"platformName":"android","app":"./Resourses/in.workindia.apk","appActivity":"in.workindia.nileshdungarwal.workindiaandroid.RegisterActivity","appPackage":"in.workindia.nileshdungarwal.workindiaandroid","deviceName":"emulator-5554","platformVersion":"8.1"},"platformName":"android","app":"./Resourses/in.workindia.apk","appActivity":"in.workindia.nileshdungarwal.workindiaandroid.RegisterActivity","appPackage":"in.workindia.nileshdungarwal.workindiaandroid","deviceName":"emulator-5554","platformVersion":"8.1.0","deviceUDID":"emulator-5554","deviceApiLevel":27,"deviceScreenSize":"1080x2160","deviceScreenDensity":440,"deviceModel":"Android SDK built for x86","deviceManufacturer":"Google","pixelRatio":2.75,"statBarHeight":66,"viewportRect":{"left":0,"top":66,"width":1080,"height":1962},"lastScrollData":null}
&amp#27;[35m[HTTP]&amp#27;[39m &amp#27;[37m<-- GET /wd/hub/session/421ea0a9-d989-402b-b932-926b1329ce6c &amp#27;[39m&amp#27;[32m200&amp#27;[39m &amp#27;[90m21 ms - 1028&amp#27;[39m
&amp#27;[35m[HTTP]&amp#27;[39m &amp#27;[90m&amp#27;[39m
&amp#27;[35m[HTTP]&amp#27;[39m &amp#27;[37m-->&amp#27;[39m &amp#27;[37mPOST&amp#27;[39m &amp#27;[37m/wd/hub/session/421ea0a9-d989-402b-b932-926b1329ce6c/element&amp#27;[39m
&amp#27;[35m[HTTP]&amp#27;[39m &amp#27;[90m{"using":"id","value":"in.workindia.nileshdungarwal.workindiaandroid:id/act_auto_complete"}&amp#27;[39m
[debug] &amp#27;[35m[W3C (421ea0a9)]&amp#27;[39m Calling AppiumDriver.findElement() with args: ["id","in.workindia.nileshdungarwal.workindiaandroid:id/act_auto_complete","421ea0a9-d989-402b-b932-926b1329ce6c"]
[debug] &amp#27;[35m[BaseDriver]&amp#27;[39m Valid locator strategies for this request: xpath, id, class name, accessibility id, css selector, -android uiautomator
[debug] &amp#27;[35m[BaseDriver]&amp#27;[39m Waiting up to 30000 ms for condition
[debug] &amp#27;[35m[WD Proxy]&amp#27;[39m Matched '/element' to command name 'findElement'
[debug] &amp#27;[35m[WD Proxy]&amp#27;[39m Proxying [POST /element] to [POST http://127.0.0.1:8202/wd/hub/session/1d13a9a4-06ff-4168-88f7-85f6bb7f564a/element] with body: {"strategy":"id","selector":"in.workindia.nileshdungarwal.workindiaandroid:id/act_auto_complete","context":"","multiple":false}
&amp#27;[35m[WD Proxy]&amp#27;[39m Got response with status 404: {"sessionId":"1d13a9a4-06ff-4168-88f7-85f6bb7f564a","value":{"error":"no such element","message":"An element could not be located on the page using the given search parameters","stacktrace":"io.appium.uiautomator2.common.exceptions.ElementNotFoundException: An element could not be located on the page using the given search parameters\n\tat io.appium.uiautomator2.handler.FindElement.safeHandle(FindElement.java:73)\n\tat io.appium.uiautomator2.handler.request.SafeRequestHandler.handle(SafeRequestHandler.java:41)\n\tat io.appium.uiautomator2.server.AppiumServlet.handleRequest(AppiumServlet.java:261)\n\tat io.appium.uiautomator2.server.AppiumServlet.handleHttpRequest(AppiumServlet.java:255)\n\tat io.appium.uiautomator2.http.ServerHandler.channelRead(ServerHandler.java:68)\n\tat io.netty.channel.AbstractChannelHandlerContext.invokeChannelRead(AbstractChannelHandlerContext.java:366)\n\tat io.netty.channel.AbstractChannelHandlerContext.invokeChannelRead(AbstractChannelHandlerContext.java:352)\n\tat io.netty.chann...
[debug] &amp#27;[35m[W3C]&amp#27;[39m Matched W3C error code 'no such element' to NoSuchElementError
[debug] &amp#27;[35m[BaseDriver]&amp#27;[39m Waited for 630 ms so far
[debug] &amp#27;[35m[WD Proxy]&amp#27;[39m Matched '/element' to command name 'findElement'
[debug] &amp#27;[35m[WD Proxy]&amp#27;[39m Proxying [POST /element] to [POST http://127.0.0.1:8202/wd/hub/session/1d13a9a4-06ff-4168-88f7-85f6bb7f564a/element] with body: {"strategy":"id","selector":"in.workindia.nileshdungarwal.workindiaandroid:id/act_auto_complete","context":"","multiple":false}
[debug] &amp#27;[35m[WD Proxy]&amp#27;[39m Got response with status 200: {"sessionId":"1d13a9a4-06ff-4168-88f7-85f6bb7f564a","value":{"ELEMENT":"6bc48518-f67f-4083-b4dc-97965c00a31f","element-6066-11e4-a52e-4f735466cecf":"6bc48518-f67f-4083-b4dc-97965c00a31f"}}
[debug] &amp#27;[35m[W3C (421ea0a9)]&amp#27;[39m Responding to client with driver.findElement() result: {"element-6066-11e4-a52e-4f735466cecf":"6bc48518-f67f-4083-b4dc-97965c00a31f","ELEMENT":"6bc48518-f67f-4083-b4dc-97965c00a31f"}
&amp#27;[35m[HTTP]&amp#27;[39m &amp#27;[37m<-- POST /wd/hub/session/421ea0a9-d989-402b-b932-926b1329ce6c/element &amp#27;[39m&amp#27;[32m200&amp#27;[39m &amp#27;[90m1477 ms - 137&amp#27;[39m
&amp#27;[35m[HTTP]&amp#27;[39m &amp#27;[90m&amp#27;[39m
&amp#27;[35m[HTTP]&amp#27;[39m &amp#27;[37m-->&amp#27;[39m &amp#27;[37mPOST&amp#27;[39m &amp#27;[37m/wd/hub/session/421ea0a9-d989-402b-b932-926b1329ce6c/element/6bc48518-f67f-4083-b4dc-97965c00a31f/value&amp#27;[39m
&amp#27;[35m[HTTP]&amp#27;[39m &amp#27;[90m{"id":"6bc48518-f67f-4083-b4dc-97965c00a31f","text":"Karol Bagh","value":["K","a","r","o","l"," ","B","a","g","h"]}&amp#27;[39m
[debug] &amp#27;[35m[W3C (421ea0a9)]&amp#27;[39m Calling AppiumDriver.setValue() with args: [["K","a","r","o","l"," ","B","a","g","h"],"6bc48518-f67f-4083-b4dc-97965c00a31f","421ea0a9-d989-402b-b932-926b1329ce6c"]
[debug] &amp#27;[35m[WD Proxy]&amp#27;[39m Matched '/element/6bc48518-f67f-4083-b4dc-97965c00a31f/value' to command name 'setValue'
[debug] &amp#27;[35m[Protocol Converter]&amp#27;[39m Added 'value' property ["K","a","r","o","l"," ","B","a","g","h"] to 'setValue' request body
[debug] &amp#27;[35m[WD Proxy]&amp#27;[39m Proxying [POST /element/6bc48518-f67f-4083-b4dc-97965c00a31f/value] to [POST http://127.0.0.1:8202/wd/hub/session/1d13a9a4-06ff-4168-88f7-85f6bb7f564a/element/6bc48518-f67f-4083-b4dc-97965c00a31f/value] with body: {"elementId":"6bc48518-f67f-4083-b4dc-97965c00a31f","text":"Karol Bagh","replace":false,"value":["K","a","r","o","l"," ","B","a","g","h"]}
[debug] &amp#27;[35m[WD Proxy]&amp#27;[39m Got response with status 200: {"sessionId":"1d13a9a4-06ff-4168-88f7-85f6bb7f564a","value":null}
[debug] &amp#27;[35m[W3C (421ea0a9)]&amp#27;[39m Responding to client with driver.setValue() result: null
&amp#27;[35m[HTTP]&amp#27;[39m &amp#27;[37m<-- POST /wd/hub/session/421ea0a9-d989-402b-b932-926b1329ce6c/element/6bc48518-f67f-4083-b4dc-97965c00a31f/value &amp#27;[39m&amp#27;[32m200&amp#27;[39m &amp#27;[90m545 ms - 14&amp#27;[39m
&amp#27;[35m[HTTP]&amp#27;[39m &amp#27;[90m&amp#27;[39m
&amp#27;[35m[HTTP]&amp#27;[39m &amp#27;[37m-->&amp#27;[39m &amp#27;[37mGET&amp#27;[39m &amp#27;[37m/wd/hub/session/421ea0a9-d989-402b-b932-926b1329ce6c&amp#27;[39m
&amp#27;[35m[HTTP]&amp#27;[39m &amp#27;[90m{}&amp#27;[39m
[debug] &amp#27;[35m[W3C (421ea0a9)]&amp#27;[39m Calling AppiumDriver.getSession() with args: ["421ea0a9-d989-402b-b932-926b1329ce6c"]
[debug] &amp#27;[35m[UiAutomator2]&amp#27;[39m Getting session details from server to mix in
[debug] &amp#27;[35m[WD Proxy]&amp#27;[39m Matched '/' to command name 'getSession'
[debug] &amp#27;[35m[WD Proxy]&amp#27;[39m Proxying [GET /] to [GET http://127.0.0.1:8202/wd/hub/session/1d13a9a4-06ff-4168-88f7-85f6bb7f564a] with no body
[debug] &amp#27;[35m[WD Proxy]&amp#27;[39m Got response with status 200: {"sessionId":"1d13a9a4-06ff-4168-88f7-85f6bb7f564a","value":{"lastScrollData":null}}
[debug] &amp#27;[35m[W3C (421ea0a9)]&amp#27;[39m Responding to client with driver.getSession() result: {"platform":"LINUX","webStorageEnabled":false,"takesScreenshot":true,"javascriptEnabled":true,"databaseEnabled":false,"networkConnectionEnabled":true,"locationContextEnabled":false,"warnings":{},"desired":{"platformName":"android","app":"./Resourses/in.workindia.apk","appActivity":"in.workindia.nileshdungarwal.workindiaandroid.RegisterActivity","appPackage":"in.workindia.nileshdungarwal.workindiaandroid","deviceName":"emulator-5554","platformVersion":"8.1"},"platformName":"android","app":"./Resourses/in.workindia.apk","appActivity":"in.workindia.nileshdungarwal.workindiaandroid.RegisterActivity","appPackage":"in.workindia.nileshdungarwal.workindiaandroid","deviceName":"emulator-5554","platformVersion":"8.1.0","deviceUDID":"emulator-5554","deviceApiLevel":27,"deviceScreenSize":"1080x2160","deviceScreenDensity":440,"deviceModel":"Android SDK built for x86","deviceManufacturer":"Google","pixelRatio":2.75,"statBarHeight":66,"viewportRect":{"left":0,"top":66,"width":1080,"height":1962},"lastScrollData":null}
&amp#27;[35m[HTTP]&amp#27;[39m &amp#27;[37m<-- GET /wd/hub/session/421ea0a9-d989-402b-b932-926b1329ce6c &amp#27;[39m&amp#27;[32m200&amp#27;[39m &amp#27;[90m11 ms - 1028&amp#27;[39m
&amp#27;[35m[HTTP]&amp#27;[39m &amp#27;[90m&amp#27;[39m
&amp#27;[35m[HTTP]&amp#27;[39m &amp#27;[37m-->&amp#27;[39m &amp#27;[37mGET&amp#27;[39m &amp#27;[37m/wd/hub/session/421ea0a9-d989-402b-b932-926b1329ce6c&amp#27;[39m
&amp#27;[35m[HTTP]&amp#27;[39m &amp#27;[90m{}&amp#27;[39m
[debug] &amp#27;[35m[W3C (421ea0a9)]&amp#27;[39m Calling AppiumDriver.getSession() with args: ["421ea0a9-d989-402b-b932-926b1329ce6c"]
[debug] &amp#27;[35m[UiAutomator2]&amp#27;[39m Getting session details from server to mix in
[debug] &amp#27;[35m[WD Proxy]&amp#27;[39m Matched '/' to command name 'getSession'
[debug] &amp#27;[35m[WD Proxy]&amp#27;[39m Proxying [GET /] to [GET http://127.0.0.1:8202/wd/hub/session/1d13a9a4-06ff-4168-88f7-85f6bb7f564a] with no body
[debug] &amp#27;[35m[WD Proxy]&amp#27;[39m Got response with status 200: {"sessionId":"1d13a9a4-06ff-4168-88f7-85f6bb7f564a","value":{"lastScrollData":null}}
[debug] &amp#27;[35m[W3C (421ea0a9)]&amp#27;[39m Responding to client with driver.getSession() result: {"platform":"LINUX","webStorageEnabled":false,"takesScreenshot":true,"javascriptEnabled":true,"databaseEnabled":false,"networkConnectionEnabled":true,"locationContextEnabled":false,"warnings":{},"desired":{"platformName":"android","app":"./Resourses/in.workindia.apk","appActivity":"in.workindia.nileshdungarwal.workindiaandroid.RegisterActivity","appPackage":"in.workindia.nileshdungarwal.workindiaandroid","deviceName":"emulator-5554","platformVersion":"8.1"},"platformName":"android","app":"./Resourses/in.workindia.apk","appActivity":"in.workindia.nileshdungarwal.workindiaandroid.RegisterActivity","appPackage":"in.workindia.nileshdungarwal.workindiaandroid","deviceName":"emulator-5554","platformVersion":"8.1.0","deviceUDID":"emulator-5554","deviceApiLevel":27,"deviceScreenSize":"1080x2160","deviceScreenDensity":440,"deviceModel":"Android SDK built for x86","deviceManufacturer":"Google","pixelRatio":2.75,"statBarHeight":66,"viewportRect":{"left":0,"top":66,"width":1080,"height":1962},"lastScrollData":null}
&amp#27;[35m[HTTP]&amp#27;[39m &amp#27;[37m<-- GET /wd/hub/session/421ea0a9-d989-402b-b932-926b1329ce6c &amp#27;[39m&amp#27;[32m200&amp#27;[39m &amp#27;[90m16 ms - 1028&amp#27;[39m
&amp#27;[35m[HTTP]&amp#27;[39m &amp#27;[90m&amp#27;[39m
&amp#27;[35m[HTTP]&amp#27;[39m &amp#27;[37m-->&amp#27;[39m &amp#27;[37mGET&amp#27;[39m &amp#27;[37m/wd/hub/session/421ea0a9-d989-402b-b932-926b1329ce6c&amp#27;[39m
&amp#27;[35m[HTTP]&amp#27;[39m &amp#27;[90m{}&amp#27;[39m
[debug] &amp#27;[35m[W3C (421ea0a9)]&amp#27;[39m Calling AppiumDriver.getSession() with args: ["421ea0a9-d989-402b-b932-926b1329ce6c"]
[debug] &amp#27;[35m[UiAutomator2]&amp#27;[39m Getting session details from server to mix in
[debug] &amp#27;[35m[WD Proxy]&amp#27;[39m Matched '/' to command name 'getSession'
[debug] &amp#27;[35m[WD Proxy]&amp#27;[39m Proxying [GET /] to [GET http://127.0.0.1:8202/wd/hub/session/1d13a9a4-06ff-4168-88f7-85f6bb7f564a] with no body
[debug] &amp#27;[35m[WD Proxy]&amp#27;[39m Got response with status 200: {"sessionId":"1d13a9a4-06ff-4168-88f7-85f6bb7f564a","value":{"lastScrollData":null}}
[debug] &amp#27;[35m[W3C (421ea0a9)]&amp#27;[39m Responding to client with driver.getSession() result: {"platform":"LINUX","webStorageEnabled":false,"takesScreenshot":true,"javascriptEnabled":true,"databaseEnabled":false,"networkConnectionEnabled":true,"locationContextEnabled":false,"warnings":{},"desired":{"platformName":"android","app":"./Resourses/in.workindia.apk","appActivity":"in.workindia.nileshdungarwal.workindiaandroid.RegisterActivity","appPackage":"in.workindia.nileshdungarwal.workindiaandroid","deviceName":"emulator-5554","platformVersion":"8.1"},"platformName":"android","app":"./Resourses/in.workindia.apk","appActivity":"in.workindia.nileshdungarwal.workindiaandroid.RegisterActivity","appPackage":"in.workindia.nileshdungarwal.workindiaandroid","deviceName":"emulator-5554","platformVersion":"8.1.0","deviceUDID":"emulator-5554","deviceApiLevel":27,"deviceScreenSize":"1080x2160","deviceScreenDensity":440,"deviceModel":"Android SDK built for x86","deviceManufacturer":"Google","pixelRatio":2.75,"statBarHeight":66,"viewportRect":{"left":0,"top":66,"width":1080,"height":1962},"lastScrollData":null}
&amp#27;[35m[HTTP]&amp#27;[39m &amp#27;[37m<-- GET /wd/hub/session/421ea0a9-d989-402b-b932-926b1329ce6c &amp#27;[39m&amp#27;[32m200&amp#27;[39m &amp#27;[90m23 ms - 1028&amp#27;[39m
&amp#27;[35m[HTTP]&amp#27;[39m &amp#27;[90m&amp#27;[39m
&amp#27;[35m[HTTP]&amp#27;[39m &amp#27;[37m-->&amp#27;[39m &amp#27;[37mPOST&amp#27;[39m &amp#27;[37m/wd/hub/session/421ea0a9-d989-402b-b932-926b1329ce6c/element&amp#27;[39m
&amp#27;[35m[HTTP]&amp#27;[39m &amp#27;[90m{"using":"id","value":"in.workindia.nileshdungarwal.workindiaandroid:id/btn_done"}&amp#27;[39m
[debug] &amp#27;[35m[W3C (421ea0a9)]&amp#27;[39m Calling AppiumDriver.findElement() with args: ["id","in.workindia.nileshdungarwal.workindiaandroid:id/btn_done","421ea0a9-d989-402b-b932-926b1329ce6c"]
[debug] &amp#27;[35m[BaseDriver]&amp#27;[39m Valid locator strategies for this request: xpath, id, class name, accessibility id, css selector, -android uiautomator
[debug] &amp#27;[35m[BaseDriver]&amp#27;[39m Waiting up to 30000 ms for condition
[debug] &amp#27;[35m[WD Proxy]&amp#27;[39m Matched '/element' to command name 'findElement'
[debug] &amp#27;[35m[WD Proxy]&amp#27;[39m Proxying [POST /element] to [POST http://127.0.0.1:8202/wd/hub/session/1d13a9a4-06ff-4168-88f7-85f6bb7f564a/element] with body: {"strategy":"id","selector":"in.workindia.nileshdungarwal.workindiaandroid:id/btn_done","context":"","multiple":false}
[debug] &amp#27;[35m[WD Proxy]&amp#27;[39m Got response with status 200: {"sessionId":"1d13a9a4-06ff-4168-88f7-85f6bb7f564a","value":{"ELEMENT":"f3285f5d-6b42-4a54-aac7-97b9928792ef","element-6066-11e4-a52e-4f735466cecf":"f3285f5d-6b42-4a54-aac7-97b9928792ef"}}
[debug] &amp#27;[35m[W3C (421ea0a9)]&amp#27;[39m Responding to client with driver.findElement() result: {"element-6066-11e4-a52e-4f735466cecf":"f3285f5d-6b42-4a54-aac7-97b9928792ef","ELEMENT":"f3285f5d-6b42-4a54-aac7-97b9928792ef"}
&amp#27;[35m[HTTP]&amp#27;[39m &amp#27;[37m<-- POST /wd/hub/session/421ea0a9-d989-402b-b932-926b1329ce6c/element &amp#27;[39m&amp#27;[32m200&amp#27;[39m &amp#27;[90m900 ms - 137&amp#27;[39m
&amp#27;[35m[HTTP]&amp#27;[39m &amp#27;[90m&amp#27;[39m
&amp#27;[35m[HTTP]&amp#27;[39m &amp#27;[37m-->&amp#27;[39m &amp#27;[37mPOST&amp#27;[39m &amp#27;[37m/wd/hub/session/421ea0a9-d989-402b-b932-926b1329ce6c/element/f3285f5d-6b42-4a54-aac7-97b9928792ef/click&amp#27;[39m
&amp#27;[35m[HTTP]&amp#27;[39m &amp#27;[90m{"id":"f3285f5d-6b42-4a54-aac7-97b9928792ef"}&amp#27;[39m
[debug] &amp#27;[35m[W3C (421ea0a9)]&amp#27;[39m Calling AppiumDriver.click() with args: ["f3285f5d-6b42-4a54-aac7-97b9928792ef","421ea0a9-d989-402b-b932-926b1329ce6c"]
[debug] &amp#27;[35m[WD Proxy]&amp#27;[39m Matched '/element/f3285f5d-6b42-4a54-aac7-97b9928792ef/click' to command name 'click'
[debug] &amp#27;[35m[WD Proxy]&amp#27;[39m Proxying [POST /element/f3285f5d-6b42-4a54-aac7-97b9928792ef/click] to [POST http://127.0.0.1:8202/wd/hub/session/1d13a9a4-06ff-4168-88f7-85f6bb7f564a/element/f3285f5d-6b42-4a54-aac7-97b9928792ef/click] with body: {"element":"f3285f5d-6b42-4a54-aac7-97b9928792ef"}
[debug] &amp#27;[35m[WD Proxy]&amp#27;[39m Got response with status 200: {"sessionId":"1d13a9a4-06ff-4168-88f7-85f6bb7f564a","value":null}
[debug] &amp#27;[35m[W3C (421ea0a9)]&amp#27;[39m Responding to client with driver.click() result: null
&amp#27;[35m[HTTP]&amp#27;[39m &amp#27;[37m<-- POST /wd/hub/session/421ea0a9-d989-402b-b932-926b1329ce6c/element/f3285f5d-6b42-4a54-aac7-97b9928792ef/click &amp#27;[39m&amp#27;[32m200&amp#27;[39m &amp#27;[90m26 ms - 14&amp#27;[39m
&amp#27;[35m[HTTP]&amp#27;[39m &amp#27;[90m&amp#27;[39m
&amp#27;[35m[HTTP]&amp#27;[39m &amp#27;[37m-->&amp#27;[39m &amp#27;[37mDELETE&amp#27;[39m &amp#27;[37m/wd/hub/session/421ea0a9-d989-402b-b932-926b1329ce6c&amp#27;[39m
&amp#27;[35m[HTTP]&amp#27;[39m &amp#27;[90m{}&amp#27;[39m
[debug] &amp#27;[35m[W3C (421ea0a9)]&amp#27;[39m Calling AppiumDriver.deleteSession() with args: ["421ea0a9-d989-402b-b932-926b1329ce6c"]
[debug] &amp#27;[35m[BaseDriver]&amp#27;[39m Event 'quitSessionRequested' logged at 1610626478220 (17:44:38 GMT+0530 (India Standard Time))
&amp#27;[35m[Appium]&amp#27;[39m Removing session 421ea0a9-d989-402b-b932-926b1329ce6c from our master session list
[debug] &amp#27;[35m[UiAutomator2]&amp#27;[39m Deleting UiAutomator2 session
[debug] &amp#27;[35m[UiAutomator2]&amp#27;[39m Deleting UiAutomator2 server session
[debug] &amp#27;[35m[WD Proxy]&amp#27;[39m Matched '/' to command name 'deleteSession'
[debug] &amp#27;[35m[WD Proxy]&amp#27;[39m Proxying [DELETE /] to [DELETE http://127.0.0.1:8202/wd/hub/session/1d13a9a4-06ff-4168-88f7-85f6bb7f564a] with no body
[debug] &amp#27;[35m[WD Proxy]&amp#27;[39m Got response with status 200: {"sessionId":"1d13a9a4-06ff-4168-88f7-85f6bb7f564a","value":null}
[debug] &amp#27;[35m[ADB]&amp#27;[39m Running 'C:\Users\saurabhkumar04\AppData\Local\Android\Sdk\platform-tools\adb.exe -P 5037 -s emulator-5554 shell am force-stop in.workindia.nileshdungarwal.workindiaandroid'
[debug] &amp#27;[35m[Logcat]&amp#27;[39m Stopping logcat capture
[debug] &amp#27;[35m[ADB]&amp#27;[39m Removing forwarded port socket connection: 8202 
[debug] &amp#27;[35m[ADB]&amp#27;[39m Running 'C:\Users\saurabhkumar04\AppData\Local\Android\Sdk\platform-tools\adb.exe -P 5037 -s emulator-5554 forward --remove tcp:8202'
[debug] &amp#27;[35m[BaseDriver]&amp#27;[39m Event 'quitSessionFinished' logged at 1610626478540 (17:44:38 GMT+0530 (India Standard Time))
[debug] &amp#27;[35m[W3C (421ea0a9)]&amp#27;[39m Received response: null
[debug] &amp#27;[35m[W3C (421ea0a9)]&amp#27;[39m But deleting session, so not returning
[debug] &amp#27;[35m[W3C (421ea0a9)]&amp#27;[39m Responding to client with driver.deleteSession() result: null
[debug] &amp#27;[35m[W3C (421ea0a9)]&amp#27;[39m Destroying socket connection

  @NameSubmission
  Scenario Outline: User with enter Name and the Mobile Number in to the Application # MainPage.feature:16
    Given User has already on Registration page                                      # MainpageStepDef.user_has_already_on_Registration_page()
    When User enter the "Saurabh" and "9876543219"                                   # MainpageStepDef.user_enter_the_and(String,String)
    And User click on Submit button                                                  # MainpageStepDef.user_click_on_Submit_button()
    And User will Select the city                                                    # MainpageStepDef.user_will_Select_the_city()
    And User will enter the nearest "Karol Bagh"                                     # MainpageStepDef.user_will_enter_the_nearest(String)
    Then User will click on Submit button                                            # MainpageStepDef.user_will_click_on_Submit_button()

  @FinalRegistration
  Scenario Outline: User Filling General Details                                                      # MainPage.feature:19
    Given User has already on Registration page
    When User enter the "<Name>" and "<PhoneNumber>"
    And User click on Submit button
    And User will Select the city
    And User will enter the nearest "<location>"
    Then User will click on Submit button
    Then User will select the Gender , User chooses the qualification , User select the school medium
    Then User select the english fluency
    Then User select the experience and User select the age
    Then User chooses the interest area
    Then User will click on Submit btn
    Then User will click on Specialization
    Then User will select the specialiazation He Has
    Then User will click on Specialization Submit button
    Then User will click on Degree
    Then User will Select the Degree He Has
    Then User will Click On Degree Submit button
    Then User will Select Language of his/her Choice

    Examples: 
&amp#27;[35m[Appium]&amp#27;[39m Welcome to Appium v1.19.1
&amp#27;[35m[Appium]&amp#27;[39m Appium REST http interface listener started on 0.0.0.0:4723
&amp#27;[35m[HTTP]&amp#27;[39m &amp#27;[37m-->&amp#27;[39m &amp#27;[37mGET&amp#27;[39m &amp#27;[37m/wd/hub/status&amp#27;[39m
&amp#27;[35m[HTTP]&amp#27;[39m &amp#27;[90m{}&amp#27;[39m
[debug] &amp#27;[35m[GENERIC]&amp#27;[39m Calling AppiumDriver.getStatus() with args: []
[debug] &amp#27;[35m[GENERIC]&amp#27;[39m Responding to client with driver.getStatus() result: {"build":{"version":"1.19.1"}}
&amp#27;[35m[HTTP]&amp#27;[39m &amp#27;[37m<-- GET /wd/hub/status &amp#27;[39m&amp#27;[32m200&amp#27;[39m &amp#27;[90m5 ms - 68&amp#27;[39m
&amp#27;[35m[HTTP]&amp#27;[39m &amp#27;[90m&amp#27;[39m
&amp#27;[35m[HTTP]&amp#27;[39m &amp#27;[37m-->&amp#27;[39m &amp#27;[37mPOST&amp#27;[39m &amp#27;[37m/wd/hub/session&amp#27;[39m
&amp#27;[35m[HTTP]&amp#27;[39m &amp#27;[90m{"desiredCapabilities":{"app":"./Resourses/in.workindia.apk","appActivity":"in.workindia.nileshdungarwal.workindiaandroid.RegisterActivity","appPackage":"in.workindia.nileshdungarwal.workindiaandroid","platformVersion":"8.1","platformName":"Android","deviceName":"emulator-5554"},"capabilities":{"alwaysMatch":{"appium:app":"./Resourses/in.workindia.apk","appium:appActivity":"in.workindia.nileshdungarwal.workindiaandroid.RegisterActivity","appium:appPackage":"in.workindia.nileshdungarwal.workindiaandroid","appium:deviceName":"emulator-5554","platformName":"android","appium:platformVersion":"8.1"},"firstMatch":[{}]}}&amp#27;[39m
[debug] &amp#27;[35m[W3C]&amp#27;[39m Calling AppiumDriver.createSession() with args: [{"app":"./Resourses/in.workindia.apk","appActivity":"in.workindia.nileshdungarwal.workindiaandroid.RegisterActivity","appPackage":"in.workindia.nileshdungarwal.workindiaandroid","platformVersion":"8.1","platformName":"Android","deviceName":"emulator-5554"},null,{"alwaysMatch":{"appium:app":"./Resourses/in.workindia.apk","appium:appActivity":"in.workindia.nileshdungarwal.workindiaandroid.RegisterActivity","appium:appPackage":"in.workindia.nileshdungarwal.workindiaandroid","appium:deviceName":"emulator-5554","platformName":"android","appium:platformVersion":"8.1"},"firstMatch":[{}]}]
[debug] &amp#27;[35m[BaseDriver]&amp#27;[39m Event 'newSessionRequested' logged at 1610626480974 (17:44:40 GMT+0530 (India Standard Time))
&amp#27;[35m[Appium]&amp#27;[39m 
&amp#27;[35m[Appium]&amp#27;[39m ======================================================================
&amp#27;[35m[Appium]&amp#27;[39m   DEPRECATION WARNING:
&amp#27;[35m[Appium]&amp#27;[39m 
&amp#27;[35m[Appium]&amp#27;[39m   The 'automationName' capability was not provided in the desired 
&amp#27;[35m[Appium]&amp#27;[39m   capabilities for this Android session
&amp#27;[35m[Appium]&amp#27;[39m 
&amp#27;[35m[Appium]&amp#27;[39m   Setting 'automationName=UiAutomator2' by default and using the 
&amp#27;[35m[Appium]&amp#27;[39m   UiAutomator2 Driver
&amp#27;[35m[Appium]&amp#27;[39m 
&amp#27;[35m[Appium]&amp#27;[39m   The next major version of Appium (2.x) will **require** the 
&amp#27;[35m[Appium]&amp#27;[39m   'automationName' capability to be set for all sessions on all 
&amp#27;[35m[Appium]&amp#27;[39m   platforms
&amp#27;[35m[Appium]&amp#27;[39m 
&amp#27;[35m[Appium]&amp#27;[39m   In previous versions (Appium <= 1.13.x), the default was 
&amp#27;[35m[Appium]&amp#27;[39m   'automationName=UiAutomator1'
&amp#27;[35m[Appium]&amp#27;[39m 
&amp#27;[35m[Appium]&amp#27;[39m   If you wish to use that automation instead of UiAutomator2, please 
&amp#27;[35m[Appium]&amp#27;[39m   add 'automationName=UiAutomator1' to your desired capabilities
&amp#27;[35m[Appium]&amp#27;[39m 
&amp#27;[35m[Appium]&amp#27;[39m   For more information about drivers, please visit 
&amp#27;[35m[Appium]&amp#27;[39m   http://appium.io/docs/en/about-appium/intro/ and explore the 
&amp#27;[35m[Appium]&amp#27;[39m   'Drivers' menu
&amp#27;[35m[Appium]&amp#27;[39m 
&amp#27;[35m[Appium]&amp#27;[39m ======================================================================
&amp#27;[35m[Appium]&amp#27;[39m 
&amp#27;[35m[Appium]&amp#27;[39m Appium v1.19.1 creating new AndroidUiautomator2Driver (v1.59.0) session
[debug] &amp#27;[35m[BaseDriver]&amp#27;[39m W3C capabilities and MJSONWP desired capabilities were provided
[debug] &amp#27;[35m[BaseDriver]&amp#27;[39m Creating session with W3C capabilities: {
[debug] &amp#27;[35m[BaseDriver]&amp#27;[39m   "alwaysMatch": {
[debug] &amp#27;[35m[BaseDriver]&amp#27;[39m     "platformName": "android",
[debug] &amp#27;[35m[BaseDriver]&amp#27;[39m     "appium:app": "./Resourses/in.workindia.apk",
[debug] &amp#27;[35m[BaseDriver]&amp#27;[39m     "appium:appActivity": "in.workindia.nileshdungarwal.workindiaandroid.RegisterActivity",
[debug] &amp#27;[35m[BaseDriver]&amp#27;[39m     "appium:appPackage": "in.workindia.nileshdungarwal.workindiaandroid",
[debug] &amp#27;[35m[BaseDriver]&amp#27;[39m     "appium:deviceName": "emulator-5554",
[debug] &amp#27;[35m[BaseDriver]&amp#27;[39m     "appium:platformVersion": "8.1"
[debug] &amp#27;[35m[BaseDriver]&amp#27;[39m   },
[debug] &amp#27;[35m[BaseDriver]&amp#27;[39m   "firstMatch": [
[debug] &amp#27;[35m[BaseDriver]&amp#27;[39m     {}
[debug] &amp#27;[35m[BaseDriver]&amp#27;[39m   ]
[debug] &amp#27;[35m[BaseDriver]&amp#27;[39m }
&amp#27;[35m[BaseDriver]&amp#27;[39m Session created with session id: d1a20ab4-32fe-4fdc-ae18-bcb48c47c1d7
&amp#27;[35m[BaseDriver]&amp#27;[39m Using local app './Resourses/in.workindia.apk'
&amp#27;[35m[BaseDriver]&amp#27;[39m The current application path './Resourses/in.workindia.apk' is not absolute and has been rewritten to 'C:\Users\saurabhkumar04\Downloads\WorkIndiaPractise (3)\WorkIndiaPractise\Resourses\in.workindia.apk'. Consider using absolute paths rather than relative
[debug] &amp#27;[35m[UiAutomator2]&amp#27;[39m Checking whether app is actually present
&amp#27;[35m[ADB]&amp#27;[39m Found 1 'build-tools' folders under 'C:\Users\saurabhkumar04\AppData\Local\Android\Sdk' (newest first):
&amp#27;[35m[ADB]&amp#27;[39m     C:/Users/saurabhkumar04/AppData/Local/Android/Sdk/build-tools/30.0.3
&amp#27;[35m[ADB]&amp#27;[39m Using 'adb.exe' from 'C:\Users\saurabhkumar04\AppData\Local\Android\Sdk\platform-tools\adb.exe'
[debug] &amp#27;[35m[ADB]&amp#27;[39m Running 'C:\Users\saurabhkumar04\AppData\Local\Android\Sdk\platform-tools\adb.exe -P 5037 start-server'
&amp#27;[35m[AndroidDriver]&amp#27;[39m Retrieving device list
[debug] &amp#27;[35m[ADB]&amp#27;[39m Trying to find a connected android device
[debug] &amp#27;[35m[ADB]&amp#27;[39m Getting connected devices
[debug] &amp#27;[35m[ADB]&amp#27;[39m Connected devices: [{"udid":"emulator-5554","state":"device"}]
&amp#27;[35m[AndroidDriver]&amp#27;[39m Looking for a device with Android '8.1.0'
[debug] &amp#27;[35m[ADB]&amp#27;[39m Setting device id to emulator-5554
&amp#27;[35m[ADB]&amp#27;[39m Getting device platform version
[debug] &amp#27;[35m[ADB]&amp#27;[39m Running 'C:\Users\saurabhkumar04\AppData\Local\Android\Sdk\platform-tools\adb.exe -P 5037 -s emulator-5554 shell getprop ro.build.version.release'
[debug] &amp#27;[35m[ADB]&amp#27;[39m Current device property 'ro.build.version.release': 8.1.0
&amp#27;[35m[AndroidDriver]&amp#27;[39m Using device: emulator-5554
&amp#27;[35m[ADB]&amp#27;[39m Using 'adb.exe' from 'C:\Users\saurabhkumar04\AppData\Local\Android\Sdk\platform-tools\adb.exe'
[debug] &amp#27;[35m[ADB]&amp#27;[39m Running 'C:\Users\saurabhkumar04\AppData\Local\Android\Sdk\platform-tools\adb.exe -P 5037 start-server'
[debug] &amp#27;[35m[ADB]&amp#27;[39m Setting device id to emulator-5554
[debug] &amp#27;[35m[ADB]&amp#27;[39m Running 'C:\Users\saurabhkumar04\AppData\Local\Android\Sdk\platform-tools\adb.exe -P 5037 -s emulator-5554 shell getprop ro.build.version.sdk'
[debug] &amp#27;[35m[ADB]&amp#27;[39m Current device property 'ro.build.version.sdk': 27
[debug] &amp#27;[35m[ADB]&amp#27;[39m Device API level: 27
[debug] &amp#27;[35m[ADB]&amp#27;[39m Running 'C:\Users\saurabhkumar04\AppData\Local\Android\Sdk\platform-tools\adb.exe -P 5037 -s emulator-5554 wait-for-device'
[debug] &amp#27;[35m[ADB]&amp#27;[39m Running 'C:\Users\saurabhkumar04\AppData\Local\Android\Sdk\platform-tools\adb.exe -P 5037 -s emulator-5554 shell echo ping'
[debug] &amp#27;[35m[AndroidDriver]&amp#27;[39m Pushing settings apk to device...
[debug] &amp#27;[35m[ADB]&amp#27;[39m Getting install status for io.appium.settings
[debug] &amp#27;[35m[ADB]&amp#27;[39m Running 'C:\Users\saurabhkumar04\AppData\Local\Android\Sdk\platform-tools\adb.exe -P 5037 -s emulator-5554 shell dumpsys package io.appium.settings'
[debug] &amp#27;[35m[ADB]&amp#27;[39m 'io.appium.settings' is installed
[debug] &amp#27;[35m[ADB]&amp#27;[39m Getting package info for 'io.appium.settings'
[debug] &amp#27;[35m[ADB]&amp#27;[39m Running 'C:\Users\saurabhkumar04\AppData\Local\Android\Sdk\platform-tools\adb.exe -P 5037 -s emulator-5554 shell dumpsys package io.appium.settings'
[debug] &amp#27;[35m[ADB]&amp#27;[39m The version name of the installed 'io.appium.settings' is greater or equal to the application version name ('3.2.1' >= '3.2.1')
[debug] &amp#27;[35m[ADB]&amp#27;[39m There is no need to install/upgrade 'C:\Users\saurabhkumar04\AppData\Roaming\npm\node_modules\appium\node_modules\io.appium.settings\apks\settings_apk-debug.apk'
[debug] &amp#27;[35m[ADB]&amp#27;[39m Getting IDs of all 'io.appium.settings' processes
[debug] &amp#27;[35m[ADB]&amp#27;[39m Running 'C:\Users\saurabhkumar04\AppData\Local\Android\Sdk\platform-tools\adb.exe -P 5037 -s emulator-5554 shell 'pgrep --help; echo $?''
[debug] &amp#27;[35m[ADB]&amp#27;[39m Running 'C:\Users\saurabhkumar04\AppData\Local\Android\Sdk\platform-tools\adb.exe -P 5037 -s emulator-5554 shell pgrep -f \(\[\[:blank:\]\]\|\^\)io\.appium\.settings\(\[\[:blank:\]\]\|\$\)'
[debug] &amp#27;[35m[AndroidDriver]&amp#27;[39m io.appium.settings is already running. There is no need to reset its permissions.
[debug] &amp#27;[35m[Logcat]&amp#27;[39m Starting logs capture with command: C:\\Users\\saurabhkumar04\\AppData\\Local\\Android\\Sdk\\platform-tools\\adb.exe -P 5037 -s emulator-5554 logcat -v threadtime
[debug] &amp#27;[35m[UiAutomator2]&amp#27;[39m Forwarding UiAutomator2 Server port 6790 to local port 8202
[debug] &amp#27;[35m[ADB]&amp#27;[39m Forwarding system: 8202 to device: 6790
[debug] &amp#27;[35m[ADB]&amp#27;[39m Running 'C:\Users\saurabhkumar04\AppData\Local\Android\Sdk\platform-tools\adb.exe -P 5037 -s emulator-5554 forward tcp:8202 tcp:6790'
[debug] &amp#27;[35m[ADB]&amp#27;[39m Getting install status for io.appium.uiautomator2.server
[debug] &amp#27;[35m[ADB]&amp#27;[39m Running 'C:\Users\saurabhkumar04\AppData\Local\Android\Sdk\platform-tools\adb.exe -P 5037 -s emulator-5554 shell dumpsys package io.appium.uiautomator2.server'
[debug] &amp#27;[35m[ADB]&amp#27;[39m 'io.appium.uiautomator2.server' is installed
[debug] &amp#27;[35m[ADB]&amp#27;[39m Getting package info for 'io.appium.uiautomator2.server'
[debug] &amp#27;[35m[ADB]&amp#27;[39m Running 'C:\Users\saurabhkumar04\AppData\Local\Android\Sdk\platform-tools\adb.exe -P 5037 -s emulator-5554 shell dumpsys package io.appium.uiautomator2.server'
[debug] &amp#27;[35m[ADB]&amp#27;[39m The version name of the installed 'io.appium.uiautomator2.server' is greater or equal to the application version name ('4.15.0' >= '4.15.0')
[debug] &amp#27;[35m[UiAutomator2]&amp#27;[39m io.appium.uiautomator2.server installation state: sameVersionInstalled
[debug] &amp#27;[35m[ADB]&amp#27;[39m Checking app cert for C:\Users\saurabhkumar04\AppData\Roaming\npm\node_modules\appium\node_modules\appium-uiautomator2-server\apks\appium-uiautomator2-server-v4.15.0.apk
&amp#27;[35m[ADB]&amp#27;[39m Using 'apksigner.jar' from 'C:\Users\saurabhkumar04\AppData\Local\Android\Sdk\build-tools\30.0.3\lib\apksigner.jar'
[debug] &amp#27;[35m[ADB]&amp#27;[39m Starting apksigner: 'C:\\Program Files\\Java\\jdk1.8.0_221\\bin\\java.exe' -Xmx1024M -Xss1m -jar C:\\Users\\saurabhkumar04\\AppData\\Local\\Android\\Sdk\\build-tools\\30.0.3\\lib\\apksigner.jar verify --print-certs C:\\Users\\saurabhkumar04\\AppData\\Roaming\\npm\\node_modules\\appium\\node_modules\\appium-uiautomator2-server\\apks\\appium-uiautomator2-server-v4.15.0.apk
[debug] &amp#27;[35m[ADB]&amp#27;[39m apksigner stdout: Signer #1 certificate DN: EMAILADDRESS=android@android.com, CN=Android, OU=Android, O=Android, L=Mountain View, ST=California, C=US
[debug] &amp#27;[35m[ADB]&amp#27;[39m Signer #1 certificate SHA-256 digest: a40da80a59d170caa950cf15c18c454d47a39b26989d8b640ecd745ba71bf5dc
[debug] &amp#27;[35m[ADB]&amp#27;[39m Signer #1 certificate SHA-1 digest: 61ed377e85d386a8dfee6b864bd85b0bfaa5af81
[debug] &amp#27;[35m[ADB]&amp#27;[39m Signer #1 certificate MD5 digest: e89b158e4bcf988ebd09eb83f5378e87
[debug] &amp#27;[35m[ADB]&amp#27;[39m 
[debug] &amp#27;[35m[ADB]&amp#27;[39m sha256 hash did match for 'appium-uiautomator2-server-v4.15.0.apk'
&amp#27;[35m[ADB]&amp#27;[39m 'C:\Users\saurabhkumar04\AppData\Roaming\npm\node_modules\appium\node_modules\appium-uiautomator2-server\apks\appium-uiautomator2-server-v4.15.0.apk' is signed with the default certificate
[debug] &amp#27;[35m[ADB]&amp#27;[39m Getting install status for io.appium.uiautomator2.server.test
[debug] &amp#27;[35m[ADB]&amp#27;[39m Running 'C:\Users\saurabhkumar04\AppData\Local\Android\Sdk\platform-tools\adb.exe -P 5037 -s emulator-5554 shell dumpsys package io.appium.uiautomator2.server.test'
[debug] &amp#27;[35m[ADB]&amp#27;[39m 'io.appium.uiautomator2.server.test' is installed
[debug] &amp#27;[35m[ADB]&amp#27;[39m Checking app cert for C:\Users\saurabhkumar04\AppData\Roaming\npm\node_modules\appium\node_modules\appium-uiautomator2-server\apks\appium-uiautomator2-server-debug-androidTest.apk
[debug] &amp#27;[35m[ADB]&amp#27;[39m Starting apksigner: 'C:\\Program Files\\Java\\jdk1.8.0_221\\bin\\java.exe' -Xmx1024M -Xss1m -jar C:\\Users\\saurabhkumar04\\AppData\\Local\\Android\\Sdk\\build-tools\\30.0.3\\lib\\apksigner.jar verify --print-certs C:\\Users\\saurabhkumar04\\AppData\\Roaming\\npm\\node_modules\\appium\\node_modules\\appium-uiautomator2-server\\apks\\appium-uiautomator2-server-debug-androidTest.apk
[debug] &amp#27;[35m[ADB]&amp#27;[39m apksigner stdout: Signer #1 certificate DN: EMAILADDRESS=android@android.com, CN=Android, OU=Android, O=Android, L=Mountain View, ST=California, C=US
[debug] &amp#27;[35m[ADB]&amp#27;[39m Signer #1 certificate SHA-256 digest: a40da80a59d170caa950cf15c18c454d47a39b26989d8b640ecd745ba71bf5dc
[debug] &amp#27;[35m[ADB]&amp#27;[39m Signer #1 certificate SHA-1 digest: 61ed377e85d386a8dfee6b864bd85b0bfaa5af81
[debug] &amp#27;[35m[ADB]&amp#27;[39m Signer #1 certificate MD5 digest: e89b158e4bcf988ebd09eb83f5378e87
[debug] &amp#27;[35m[ADB]&amp#27;[39m 
[debug] &amp#27;[35m[ADB]&amp#27;[39m sha256 hash did match for 'appium-uiautomator2-server-debug-androidTest.apk'
&amp#27;[35m[ADB]&amp#27;[39m 'C:\Users\saurabhkumar04\AppData\Roaming\npm\node_modules\appium\node_modules\appium-uiautomator2-server\apks\appium-uiautomator2-server-debug-androidTest.apk' is signed with the default certificate
&amp#27;[35m[UiAutomator2]&amp#27;[39m Server packages are not going to be (re)installed
[debug] &amp#27;[35m[UiAutomator2]&amp#27;[39m Waiting up to 30000ms for services to be available
[debug] &amp#27;[35m[ADB]&amp#27;[39m Running 'C:\Users\saurabhkumar04\AppData\Local\Android\Sdk\platform-tools\adb.exe -P 5037 -s emulator-5554 shell pm list instrumentation'
[debug] &amp#27;[35m[UiAutomator2]&amp#27;[39m Instrumentation target 'io.appium.uiautomator2.server.test/androidx.test.runner.AndroidJUnitRunner' is available
[debug] &amp#27;[35m[ADB]&amp#27;[39m Checking app cert for C:\Users\saurabhkumar04\Downloads\WorkIndiaPractise (3)\WorkIndiaPractise\Resourses\in.workindia.apk
[debug] &amp#27;[35m[ADB]&amp#27;[39m Starting apksigner: 'C:\\Program Files\\Java\\jdk1.8.0_221\\bin\\java.exe' -Xmx1024M -Xss1m -jar C:\\Users\\saurabhkumar04\\AppData\\Local\\Android\\Sdk\\build-tools\\30.0.3\\lib\\apksigner.jar verify --print-certs 'C:\\Users\\saurabhkumar04\\Downloads\\WorkIndiaPractise (3)\\WorkIndiaPractise\\Resourses\\in.workindia.apk'
[debug] &amp#27;[35m[ADB]&amp#27;[39m apksigner stdout: Signer #1 certificate DN: CN=Nilesh Dungarwal, OU=WorkIndia, O=WorkIndia, L=Mumbai, ST=Maharashtra, C=IN
[debug] &amp#27;[35m[ADB]&amp#27;[39m Signer #1 certificate SHA-256 digest: 0fdc1fed6cd07d2c4854153ee799955c35f5dd671743e3c4610c90914d2f7d32
[debug] &amp#27;[35m[ADB]&amp#27;[39m Signer #1 certificate SHA-1 digest: 2e328de1bc8d9844c8a7634fa66f9363c00f613d
[debug] &amp#27;[35m[ADB]&amp#27;[39m Signer #1 certificate MD5 digest: c47446d10c7a53d63b2f43c2e34ce656
[debug] &amp#27;[35m[ADB]&amp#27;[39m 
&amp#27;[35m[ADB]&amp#27;[39m 'C:\Users\saurabhkumar04\Downloads\WorkIndiaPractise (3)\WorkIndiaPractise\Resourses\in.workindia.apk' is signed with a non-default certificate
[debug] &amp#27;[35m[ADB]&amp#27;[39m Getting install status for in.workindia.nileshdungarwal.workindiaandroid
[debug] &amp#27;[35m[ADB]&amp#27;[39m Running 'C:\Users\saurabhkumar04\AppData\Local\Android\Sdk\platform-tools\adb.exe -P 5037 -s emulator-5554 shell dumpsys package in.workindia.nileshdungarwal.workindiaandroid'
[debug] &amp#27;[35m[ADB]&amp#27;[39m 'in.workindia.nileshdungarwal.workindiaandroid' is installed
[debug] &amp#27;[35m[ADB]&amp#27;[39m Getting package info for 'in.workindia.nileshdungarwal.workindiaandroid'
[debug] &amp#27;[35m[ADB]&amp#27;[39m Running 'C:\Users\saurabhkumar04\AppData\Local\Android\Sdk\platform-tools\adb.exe -P 5037 -s emulator-5554 shell dumpsys package in.workindia.nileshdungarwal.workindiaandroid'
[debug] &amp#27;[35m[ADB]&amp#27;[39m The version name of the installed 'in.workindia.nileshdungarwal.workindiaandroid' is greater or equal to the application version name ('4.1.1' >= '4.1.1')
[debug] &amp#27;[35m[ADB]&amp#27;[39m There is no need to install/upgrade 'C:\Users\saurabhkumar04\Downloads\WorkIndiaPractise (3)\WorkIndiaPractise\Resourses\in.workindia.apk'
&amp#27;[35m[AndroidDriver]&amp#27;[39m Performing fast reset on 'in.workindia.nileshdungarwal.workindiaandroid'
[debug] &amp#27;[35m[ADB]&amp#27;[39m Getting install status for in.workindia.nileshdungarwal.workindiaandroid
[debug] &amp#27;[35m[ADB]&amp#27;[39m Running 'C:\Users\saurabhkumar04\AppData\Local\Android\Sdk\platform-tools\adb.exe -P 5037 -s emulator-5554 shell dumpsys package in.workindia.nileshdungarwal.workindiaandroid'
[debug] &amp#27;[35m[ADB]&amp#27;[39m 'in.workindia.nileshdungarwal.workindiaandroid' is installed
[debug] &amp#27;[35m[ADB]&amp#27;[39m Running 'C:\Users\saurabhkumar04\AppData\Local\Android\Sdk\platform-tools\adb.exe -P 5037 -s emulator-5554 shell am force-stop in.workindia.nileshdungarwal.workindiaandroid'
[debug] &amp#27;[35m[ADB]&amp#27;[39m Running 'C:\Users\saurabhkumar04\AppData\Local\Android\Sdk\platform-tools\adb.exe -P 5037 -s emulator-5554 shell pm clear in.workindia.nileshdungarwal.workindiaandroid'
[debug] &amp#27;[35m[AndroidDriver]&amp#27;[39m Performed fast reset on the installed 'in.workindia.nileshdungarwal.workindiaandroid' application (stop and clear)
[debug] &amp#27;[35m[UiAutomator2]&amp#27;[39m Performing shallow cleanup of automation leftovers
[debug] &amp#27;[35m[UiAutomator2]&amp#27;[39m No obsolete sessions have been detected (socket hang up)
[debug] &amp#27;[35m[ADB]&amp#27;[39m Running 'C:\Users\saurabhkumar04\AppData\Local\Android\Sdk\platform-tools\adb.exe -P 5037 -s emulator-5554 shell am force-stop io.appium.uiautomator2.server.test'
&amp#27;[35m[UiAutomator2]&amp#27;[39m Starting UIAutomator2 server 4.15.0
&amp#27;[35m[UiAutomator2]&amp#27;[39m Using UIAutomator2 server from 'C:\Users\saurabhkumar04\AppData\Roaming\npm\node_modules\appium\node_modules\appium-uiautomator2-server\apks\appium-uiautomator2-server-v4.15.0.apk' and test from 'C:\Users\saurabhkumar04\AppData\Roaming\npm\node_modules\appium\node_modules\appium-uiautomator2-server\apks\appium-uiautomator2-server-debug-androidTest.apk'
&amp#27;[35m[UiAutomator2]&amp#27;[39m Waiting up to 30000ms for UiAutomator2 to be online...
[debug] &amp#27;[35m[ADB]&amp#27;[39m Creating ADB subprocess with args: ["-P",5037,"-s","emulator-5554","shell","am","instrument","-w","io.appium.uiautomator2.server.test/androidx.test.runner.AndroidJUnitRunner"]
[debug] &amp#27;[35m[Instrumentation]&amp#27;[39m io.appium.uiautomator2.server.test.AppiumUiAutomator2Server:
[debug] &amp#27;[35m[WD Proxy]&amp#27;[39m Matched '/status' to command name 'getStatus'
[debug] &amp#27;[35m[WD Proxy]&amp#27;[39m Proxying [GET /status] to [GET http://127.0.0.1:8202/wd/hub/status] with no body
&amp#27;[35m[WD Proxy]&amp#27;[39m socket hang up
[debug] &amp#27;[35m[WD Proxy]&amp#27;[39m Matched '/status' to command name 'getStatus'
[debug] &amp#27;[35m[WD Proxy]&amp#27;[39m Proxying [GET /status] to [GET http://127.0.0.1:8202/wd/hub/status] with no body
[debug] &amp#27;[35m[WD Proxy]&amp#27;[39m Got response with status 200: {"sessionId":"None","value":{"message":"UiAutomator2 Server is ready to accept commands","ready":true}}
[debug] &amp#27;[35m[UiAutomator2]&amp#27;[39m The initialization of the instrumentation process took 2172ms
[debug] &amp#27;[35m[WD Proxy]&amp#27;[39m Matched '/session' to command name 'createSession'
[debug] &amp#27;[35m[WD Proxy]&amp#27;[39m Proxying [POST /session] to [POST http://127.0.0.1:8202/wd/hub/session] with body: {"capabilities":{"firstMatch":[{"platform":"LINUX","webStorageEnabled":false,"takesScreenshot":true,"javascriptEnabled":true,"databaseEnabled":false,"networkConnectionEnabled":true,"locationContextEnabled":false,"warnings":{},"desired":{"platformName":"android","app":"./Resourses/in.workindia.apk","appActivity":"in.workindia.nileshdungarwal.workindiaandroid.RegisterActivity","appPackage":"in.workindia.nileshdungarwal.workindiaandroid","deviceName":"emulator-5554","platformVersion":"8.1"},"platformName":"android","app":"./Resourses/in.workindia.apk","appActivity":"in.workindia.nileshdungarwal.workindiaandroid.RegisterActivity","appPackage":"in.workindia.nileshdungarwal.workindiaandroid","deviceName":"emulator-5554","platformVersion":"8.1","deviceUDID":"emulator-5554"}],"alwaysMatch":{}}}
[debug] &amp#27;[35m[WD Proxy]&amp#27;[39m Got response with status 200: {"sessionId":"fd94e242-15bb-4015-b8bb-0ed9c10f6d94","value":{"capabilities":{"firstMatch":[{"platform":"LINUX","webStorageEnabled":false,"takesScreenshot":true,"javascriptEnabled":true,"databaseEnabled":false,"networkConnectionEnabled":true,"locationContextEnabled":false,"warnings":{},"desired":{"platformName":"android","app":"./Resourses/in.workindia.apk","appActivity":"in.workindia.nileshdungarwal.workindiaandroid.RegisterActivity","appPackage":"in.workindia.nileshdungarwal.workindiaandroid","deviceName":"emulator-5554","platformVersion":"8.1"},"platformName":"android","app":"./Resourses/in.workindia.apk","appActivity":"in.workindia.nileshdungarwal.workindiaandroid.RegisterActivity","appPackage":"in.workindia.nileshdungarwal.workindiaandroid","deviceName":"emulator-5554","platformVersion":"8.1","deviceUDID":"emulator-5554"}],"alwaysMatch":{}},"sessionId":"fd94e242-15bb-4015-b8bb-0ed9c10f6d94"}}
&amp#27;[35m[WD Proxy]&amp#27;[39m Determined the downstream protocol as 'W3C'
[debug] &amp#27;[35m[WD Proxy]&amp#27;[39m Proxying [GET /appium/device/info] to [GET http://127.0.0.1:8202/wd/hub/session/fd94e242-15bb-4015-b8bb-0ed9c10f6d94/appium/device/info] with no body
[debug] &amp#27;[35m[WD Proxy]&amp#27;[39m Got response with status 200: {"sessionId":"fd94e242-15bb-4015-b8bb-0ed9c10f6d94","value":{"androidId":"36ad8e858761607e","apiVersion":"27","bluetooth":null,"brand":"google","carrierName":"Android","displayDensity":440,"locale":"en_US","manufacturer":"Google","model":"Android SDK built for x86","networks":[{"capabilities":{"SSID":null,"linkDownBandwidthKbps":102400,"linkUpstreamBandwidthKbps":51200,"networkCapabilities":"NET_CAPABILITY_MMS,NET_CAPABILITY_SUPL,NET_CAPABILITY_DUN,NET_CAPABILITY_FOTA,NET_CAPABILITY_IMS,NET_CAPABILITY_CBS,NET_CAPABILITY_IA,NET_CAPABILITY_INTERNET,NET_CAPABILITY_NOT_RESTRICTED,NET_CAPABILITY_TRUSTED,NET_CAPABILITY_NOT_VPN,NET_CAPABILITY_VALIDATED","signalStrength":-2147483648,"transportTypes":"TRANSPORT_CELLULAR"},"detailedState":"CONNECTED","extraInfo":"epc.tmobile.com","isAvailable":true,"isConnected":true,"isFailover":false,"isRoaming":false,"state":"CONNECTED","subtype":13,"subtypeName":"LTE","type":0,"typeName":"MOBILE"},{"capabilities":{"SSID":null,"linkDownBandwidthKbps":1048576,"linkUpstreamBandwidt...
[debug] &amp#27;[35m[ADB]&amp#27;[39m Running 'C:\Users\saurabhkumar04\AppData\Local\Android\Sdk\platform-tools\adb.exe -P 5037 -s emulator-5554 shell dumpsys window'
&amp#27;[35m[AndroidDriver]&amp#27;[39m Screen already unlocked, doing nothing
&amp#27;[35m[UiAutomator2]&amp#27;[39m Starting 'in.workindia.nileshdungarwal.workindiaandroid/in.workindia.nileshdungarwal.workindiaandroid.RegisterActivity and waiting for 'in.workindia.nileshdungarwal.workindiaandroid/in.workindia.nileshdungarwal.workindiaandroid.RegisterActivity'
[debug] &amp#27;[35m[ADB]&amp#27;[39m Running 'C:\Users\saurabhkumar04\AppData\Local\Android\Sdk\platform-tools\adb.exe -P 5037 -s emulator-5554 shell am start -W -n in.workindia.nileshdungarwal.workindiaandroid/in.workindia.nileshdungarwal.workindiaandroid.RegisterActivity -S -a android.intent.action.MAIN -c android.intent.category.LAUNCHER -f 0x10200000'
[debug] &amp#27;[35m[WD Proxy]&amp#27;[39m Proxying [GET /appium/device/pixel_ratio] to [GET http://127.0.0.1:8202/wd/hub/session/fd94e242-15bb-4015-b8bb-0ed9c10f6d94/appium/device/pixel_ratio] with no body
[debug] &amp#27;[35m[WD Proxy]&amp#27;[39m Got response with status 200: {"sessionId":"fd94e242-15bb-4015-b8bb-0ed9c10f6d94","value":2.75}
[debug] &amp#27;[35m[WD Proxy]&amp#27;[39m Matched '/appium/device/system_bars' to command name 'getSystemBars'
[debug] &amp#27;[35m[WD Proxy]&amp#27;[39m Proxying [GET /appium/device/system_bars] to [GET http://127.0.0.1:8202/wd/hub/session/fd94e242-15bb-4015-b8bb-0ed9c10f6d94/appium/device/system_bars] with no body
[debug] &amp#27;[35m[WD Proxy]&amp#27;[39m Got response with status 200: {"sessionId":"fd94e242-15bb-4015-b8bb-0ed9c10f6d94","value":{"statusBar":66}}
[debug] &amp#27;[35m[WD Proxy]&amp#27;[39m Matched '/window/current/size' to command name 'getWindowSize'
[debug] &amp#27;[35m[WD Proxy]&amp#27;[39m Proxying [GET /window/current/size] to [GET http://127.0.0.1:8202/wd/hub/session/fd94e242-15bb-4015-b8bb-0ed9c10f6d94/window/current/size] with no body
[debug] &amp#27;[35m[WD Proxy]&amp#27;[39m Got response with status 200: {"sessionId":"fd94e242-15bb-4015-b8bb-0ed9c10f6d94","value":{"height":2028,"width":1080}}
&amp#27;[35m[Appium]&amp#27;[39m New AndroidUiautomator2Driver session created successfully, session d1a20ab4-32fe-4fdc-ae18-bcb48c47c1d7 added to master session list
[debug] &amp#27;[35m[BaseDriver]&amp#27;[39m Event 'newSessionStarted' logged at 1610626489946 (17:44:49 GMT+0530 (India Standard Time))
[debug] &amp#27;[35m[W3C (d1a20ab4)]&amp#27;[39m Cached the protocol value 'W3C' for the new session d1a20ab4-32fe-4fdc-ae18-bcb48c47c1d7
[debug] &amp#27;[35m[W3C (d1a20ab4)]&amp#27;[39m Responding to client with driver.createSession() result: {"capabilities":{"platform":"LINUX","webStorageEnabled":false,"takesScreenshot":true,"javascriptEnabled":true,"databaseEnabled":false,"networkConnectionEnabled":true,"locationContextEnabled":false,"warnings":{},"desired":{"platformName":"android","app":"./Resourses/in.workindia.apk","appActivity":"in.workindia.nileshdungarwal.workindiaandroid.RegisterActivity","appPackage":"in.workindia.nileshdungarwal.workindiaandroid","deviceName":"emulator-5554","platformVersion":"8.1"},"platformName":"android","app":"./Resourses/in.workindia.apk","appActivity":"in.workindia.nileshdungarwal.workindiaandroid.RegisterActivity","appPackage":"in.workindia.nileshdungarwal.workindiaandroid","deviceName":"emulator-5554","platformVersion":"8.1.0","deviceUDID":"emulator-5554","deviceApiLevel":27,"deviceScreenSize":"1080x2160","deviceScreenDensity":440,"deviceModel":"Android SDK built for x86","deviceManufacturer":"Google","pixelRatio":2.75,"statBarHeight":66,"viewportRect":{"left":0,"top":66,"width":1080,"height":1962}}}
&amp#27;[35m[HTTP]&amp#27;[39m &amp#27;[37m<-- POST /wd/hub/session &amp#27;[39m&amp#27;[32m200&amp#27;[39m &amp#27;[90m8978 ms - 1074&amp#27;[39m
&amp#27;[35m[HTTP]&amp#27;[39m &amp#27;[90m&amp#27;[39m
&amp#27;[35m[HTTP]&amp#27;[39m &amp#27;[37m-->&amp#27;[39m &amp#27;[37mGET&amp#27;[39m &amp#27;[37m/wd/hub/session/d1a20ab4-32fe-4fdc-ae18-bcb48c47c1d7&amp#27;[39m
&amp#27;[35m[HTTP]&amp#27;[39m &amp#27;[90m{}&amp#27;[39m
[debug] &amp#27;[35m[W3C (d1a20ab4)]&amp#27;[39m Calling AppiumDriver.getSession() with args: ["d1a20ab4-32fe-4fdc-ae18-bcb48c47c1d7"]
[debug] &amp#27;[35m[UiAutomator2]&amp#27;[39m Getting session details from server to mix in
[debug] &amp#27;[35m[WD Proxy]&amp#27;[39m Matched '/' to command name 'getSession'
[debug] &amp#27;[35m[WD Proxy]&amp#27;[39m Proxying [GET /] to [GET http://127.0.0.1:8202/wd/hub/session/fd94e242-15bb-4015-b8bb-0ed9c10f6d94] with no body
[debug] &amp#27;[35m[WD Proxy]&amp#27;[39m Got response with status 200: {"sessionId":"fd94e242-15bb-4015-b8bb-0ed9c10f6d94","value":{"lastScrollData":null}}
[debug] &amp#27;[35m[W3C (d1a20ab4)]&amp#27;[39m Responding to client with driver.getSession() result: {"platform":"LINUX","webStorageEnabled":false,"takesScreenshot":true,"javascriptEnabled":true,"databaseEnabled":false,"networkConnectionEnabled":true,"locationContextEnabled":false,"warnings":{},"desired":{"platformName":"android","app":"./Resourses/in.workindia.apk","appActivity":"in.workindia.nileshdungarwal.workindiaandroid.RegisterActivity","appPackage":"in.workindia.nileshdungarwal.workindiaandroid","deviceName":"emulator-5554","platformVersion":"8.1"},"platformName":"android","app":"./Resourses/in.workindia.apk","appActivity":"in.workindia.nileshdungarwal.workindiaandroid.RegisterActivity","appPackage":"in.workindia.nileshdungarwal.workindiaandroid","deviceName":"emulator-5554","platformVersion":"8.1.0","deviceUDID":"emulator-5554","deviceApiLevel":27,"deviceScreenSize":"1080x2160","deviceScreenDensity":440,"deviceModel":"Android SDK built for x86","deviceManufacturer":"Google","pixelRatio":2.75,"statBarHeight":66,"viewportRect":{"left":0,"top":66,"width":1080,"height":1962},"lastScrollData":null}
&amp#27;[35m[HTTP]&amp#27;[39m &amp#27;[37m<-- GET /wd/hub/session/d1a20ab4-32fe-4fdc-ae18-bcb48c47c1d7 &amp#27;[39m&amp#27;[32m200&amp#27;[39m &amp#27;[90m36 ms - 1028&amp#27;[39m
&amp#27;[35m[HTTP]&amp#27;[39m &amp#27;[90m&amp#27;[39m
&amp#27;[35m[HTTP]&amp#27;[39m &amp#27;[37m-->&amp#27;[39m &amp#27;[37mGET&amp#27;[39m &amp#27;[37m/wd/hub/session/d1a20ab4-32fe-4fdc-ae18-bcb48c47c1d7&amp#27;[39m
&amp#27;[35m[HTTP]&amp#27;[39m &amp#27;[90m{}&amp#27;[39m
[debug] &amp#27;[35m[W3C (d1a20ab4)]&amp#27;[39m Calling AppiumDriver.getSession() with args: ["d1a20ab4-32fe-4fdc-ae18-bcb48c47c1d7"]
[debug] &amp#27;[35m[UiAutomator2]&amp#27;[39m Getting session details from server to mix in
[debug] &amp#27;[35m[WD Proxy]&amp#27;[39m Matched '/' to command name 'getSession'
[debug] &amp#27;[35m[WD Proxy]&amp#27;[39m Proxying [GET /] to [GET http://127.0.0.1:8202/wd/hub/session/fd94e242-15bb-4015-b8bb-0ed9c10f6d94] with no body
[debug] &amp#27;[35m[WD Proxy]&amp#27;[39m Got response with status 200: {"sessionId":"fd94e242-15bb-4015-b8bb-0ed9c10f6d94","value":{"lastScrollData":null}}
[debug] &amp#27;[35m[W3C (d1a20ab4)]&amp#27;[39m Responding to client with driver.getSession() result: {"platform":"LINUX","webStorageEnabled":false,"takesScreenshot":true,"javascriptEnabled":true,"databaseEnabled":false,"networkConnectionEnabled":true,"locationContextEnabled":false,"warnings":{},"desired":{"platformName":"android","app":"./Resourses/in.workindia.apk","appActivity":"in.workindia.nileshdungarwal.workindiaandroid.RegisterActivity","appPackage":"in.workindia.nileshdungarwal.workindiaandroid","deviceName":"emulator-5554","platformVersion":"8.1"},"platformName":"android","app":"./Resourses/in.workindia.apk","appActivity":"in.workindia.nileshdungarwal.workindiaandroid.RegisterActivity","appPackage":"in.workindia.nileshdungarwal.workindiaandroid","deviceName":"emulator-5554","platformVersion":"8.1.0","deviceUDID":"emulator-5554","deviceApiLevel":27,"deviceScreenSize":"1080x2160","deviceScreenDensity":440,"deviceModel":"Android SDK built for x86","deviceManufacturer":"Google","pixelRatio":2.75,"statBarHeight":66,"viewportRect":{"left":0,"top":66,"width":1080,"height":1962},"lastScrollData":null}
&amp#27;[35m[HTTP]&amp#27;[39m &amp#27;[37m<-- GET /wd/hub/session/d1a20ab4-32fe-4fdc-ae18-bcb48c47c1d7 &amp#27;[39m&amp#27;[32m200&amp#27;[39m &amp#27;[90m28 ms - 1028&amp#27;[39m
&amp#27;[35m[HTTP]&amp#27;[39m &amp#27;[90m&amp#27;[39m
&amp#27;[35m[HTTP]&amp#27;[39m &amp#27;[37m-->&amp#27;[39m &amp#27;[37mPOST&amp#27;[39m &amp#27;[37m/wd/hub/session/d1a20ab4-32fe-4fdc-ae18-bcb48c47c1d7/timeouts&amp#27;[39m
&amp#27;[35m[HTTP]&amp#27;[39m &amp#27;[90m{"implicit":30000}&amp#27;[39m
[debug] &amp#27;[35m[W3C (d1a20ab4)]&amp#27;[39m Calling AppiumDriver.timeouts() with args: [null,null,null,null,30000,"d1a20ab4-32fe-4fdc-ae18-bcb48c47c1d7"]
[debug] &amp#27;[35m[BaseDriver]&amp#27;[39m W3C timeout argument: {"implicit":30000}}
[debug] &amp#27;[35m[BaseDriver]&amp#27;[39m Set implicit wait to 30000ms
[debug] &amp#27;[35m[W3C (d1a20ab4)]&amp#27;[39m Responding to client with driver.timeouts() result: null
&amp#27;[35m[HTTP]&amp#27;[39m &amp#27;[37m<-- POST /wd/hub/session/d1a20ab4-32fe-4fdc-ae18-bcb48c47c1d7/timeouts &amp#27;[39m&amp#27;[32m200&amp#27;[39m &amp#27;[90m8 ms - 14&amp#27;[39m
&amp#27;[35m[HTTP]&amp#27;[39m &amp#27;[90m&amp#27;[39m
&amp#27;[35m[HTTP]&amp#27;[39m &amp#27;[37m-->&amp#27;[39m &amp#27;[37mGET&amp#27;[39m &amp#27;[37m/wd/hub/session/d1a20ab4-32fe-4fdc-ae18-bcb48c47c1d7&amp#27;[39m
&amp#27;[35m[HTTP]&amp#27;[39m &amp#27;[90m{}&amp#27;[39m
[debug] &amp#27;[35m[W3C (d1a20ab4)]&amp#27;[39m Calling AppiumDriver.getSession() with args: ["d1a20ab4-32fe-4fdc-ae18-bcb48c47c1d7"]
[debug] &amp#27;[35m[UiAutomator2]&amp#27;[39m Getting session details from server to mix in
[debug] &amp#27;[35m[WD Proxy]&amp#27;[39m Matched '/' to command name 'getSession'
[debug] &amp#27;[35m[WD Proxy]&amp#27;[39m Proxying [GET /] to [GET http://127.0.0.1:8202/wd/hub/session/fd94e242-15bb-4015-b8bb-0ed9c10f6d94] with no body
[debug] &amp#27;[35m[WD Proxy]&amp#27;[39m Got response with status 200: {"sessionId":"fd94e242-15bb-4015-b8bb-0ed9c10f6d94","value":{"lastScrollData":null}}
[debug] &amp#27;[35m[W3C (d1a20ab4)]&amp#27;[39m Responding to client with driver.getSession() result: {"platform":"LINUX","webStorageEnabled":false,"takesScreenshot":true,"javascriptEnabled":true,"databaseEnabled":false,"networkConnectionEnabled":true,"locationContextEnabled":false,"warnings":{},"desired":{"platformName":"android","app":"./Resourses/in.workindia.apk","appActivity":"in.workindia.nileshdungarwal.workindiaandroid.RegisterActivity","appPackage":"in.workindia.nileshdungarwal.workindiaandroid","deviceName":"emulator-5554","platformVersion":"8.1"},"platformName":"android","app":"./Resourses/in.workindia.apk","appActivity":"in.workindia.nileshdungarwal.workindiaandroid.RegisterActivity","appPackage":"in.workindia.nileshdungarwal.workindiaandroid","deviceName":"emulator-5554","platformVersion":"8.1.0","deviceUDID":"emulator-5554","deviceApiLevel":27,"deviceScreenSize":"1080x2160","deviceScreenDensity":440,"deviceModel":"Android SDK built for x86","deviceManufacturer":"Google","pixelRatio":2.75,"statBarHeight":66,"viewportRect":{"left":0,"top":66,"width":1080,"height":1962},"lastScrollData":null}
&amp#27;[35m[HTTP]&amp#27;[39m &amp#27;[37m<-- GET /wd/hub/session/d1a20ab4-32fe-4fdc-ae18-bcb48c47c1d7 &amp#27;[39m&amp#27;[32m200&amp#27;[39m &amp#27;[90m24 ms - 1028&amp#27;[39m
&amp#27;[35m[HTTP]&amp#27;[39m &amp#27;[90m&amp#27;[39m
&amp#27;[35m[HTTP]&amp#27;[39m &amp#27;[37m-->&amp#27;[39m &amp#27;[37mGET&amp#27;[39m &amp#27;[37m/wd/hub/session/d1a20ab4-32fe-4fdc-ae18-bcb48c47c1d7&amp#27;[39m
&amp#27;[35m[HTTP]&amp#27;[39m &amp#27;[90m{}&amp#27;[39m
[debug] &amp#27;[35m[W3C (d1a20ab4)]&amp#27;[39m Calling AppiumDriver.getSession() with args: ["d1a20ab4-32fe-4fdc-ae18-bcb48c47c1d7"]
[debug] &amp#27;[35m[UiAutomator2]&amp#27;[39m Getting session details from server to mix in
[debug] &amp#27;[35m[WD Proxy]&amp#27;[39m Matched '/' to command name 'getSession'
[debug] &amp#27;[35m[WD Proxy]&amp#27;[39m Proxying [GET /] to [GET http://127.0.0.1:8202/wd/hub/session/fd94e242-15bb-4015-b8bb-0ed9c10f6d94] with no body
[debug] &amp#27;[35m[WD Proxy]&amp#27;[39m Got response with status 200: {"sessionId":"fd94e242-15bb-4015-b8bb-0ed9c10f6d94","value":{"lastScrollData":null}}
[debug] &amp#27;[35m[W3C (d1a20ab4)]&amp#27;[39m Responding to client with driver.getSession() result: {"platform":"LINUX","webStorageEnabled":false,"takesScreenshot":true,"javascriptEnabled":true,"databaseEnabled":false,"networkConnectionEnabled":true,"locationContextEnabled":false,"warnings":{},"desired":{"platformName":"android","app":"./Resourses/in.workindia.apk","appActivity":"in.workindia.nileshdungarwal.workindiaandroid.RegisterActivity","appPackage":"in.workindia.nileshdungarwal.workindiaandroid","deviceName":"emulator-5554","platformVersion":"8.1"},"platformName":"android","app":"./Resourses/in.workindia.apk","appActivity":"in.workindia.nileshdungarwal.workindiaandroid.RegisterActivity","appPackage":"in.workindia.nileshdungarwal.workindiaandroid","deviceName":"emulator-5554","platformVersion":"8.1.0","deviceUDID":"emulator-5554","deviceApiLevel":27,"deviceScreenSize":"1080x2160","deviceScreenDensity":440,"deviceModel":"Android SDK built for x86","deviceManufacturer":"Google","pixelRatio":2.75,"statBarHeight":66,"viewportRect":{"left":0,"top":66,"width":1080,"height":1962},"lastScrollData":null}
&amp#27;[35m[HTTP]&amp#27;[39m &amp#27;[37m<-- GET /wd/hub/session/d1a20ab4-32fe-4fdc-ae18-bcb48c47c1d7 &amp#27;[39m&amp#27;[32m200&amp#27;[39m &amp#27;[90m32 ms - 1028&amp#27;[39m
&amp#27;[35m[HTTP]&amp#27;[39m &amp#27;[90m&amp#27;[39m
&amp#27;[35m[HTTP]&amp#27;[39m &amp#27;[37m-->&amp#27;[39m &amp#27;[37mGET&amp#27;[39m &amp#27;[37m/wd/hub/session/d1a20ab4-32fe-4fdc-ae18-bcb48c47c1d7&amp#27;[39m
&amp#27;[35m[HTTP]&amp#27;[39m &amp#27;[90m{}&amp#27;[39m
[debug] &amp#27;[35m[W3C (d1a20ab4)]&amp#27;[39m Calling AppiumDriver.getSession() with args: ["d1a20ab4-32fe-4fdc-ae18-bcb48c47c1d7"]
[debug] &amp#27;[35m[UiAutomator2]&amp#27;[39m Getting session details from server to mix in
[debug] &amp#27;[35m[WD Proxy]&amp#27;[39m Matched '/' to command name 'getSession'
[debug] &amp#27;[35m[WD Proxy]&amp#27;[39m Proxying [GET /] to [GET http://127.0.0.1:8202/wd/hub/session/fd94e242-15bb-4015-b8bb-0ed9c10f6d94] with no body
[debug] &amp#27;[35m[WD Proxy]&amp#27;[39m Got response with status 200: {"sessionId":"fd94e242-15bb-4015-b8bb-0ed9c10f6d94","value":{"lastScrollData":null}}
[debug] &amp#27;[35m[W3C (d1a20ab4)]&amp#27;[39m Responding to client with driver.getSession() result: {"platform":"LINUX","webStorageEnabled":false,"takesScreenshot":true,"javascriptEnabled":true,"databaseEnabled":false,"networkConnectionEnabled":true,"locationContextEnabled":false,"warnings":{},"desired":{"platformName":"android","app":"./Resourses/in.workindia.apk","appActivity":"in.workindia.nileshdungarwal.workindiaandroid.RegisterActivity","appPackage":"in.workindia.nileshdungarwal.workindiaandroid","deviceName":"emulator-5554","platformVersion":"8.1"},"platformName":"android","app":"./Resourses/in.workindia.apk","appActivity":"in.workindia.nileshdungarwal.workindiaandroid.RegisterActivity","appPackage":"in.workindia.nileshdungarwal.workindiaandroid","deviceName":"emulator-5554","platformVersion":"8.1.0","deviceUDID":"emulator-5554","deviceApiLevel":27,"deviceScreenSize":"1080x2160","deviceScreenDensity":440,"deviceModel":"Android SDK built for x86","deviceManufacturer":"Google","pixelRatio":2.75,"statBarHeight":66,"viewportRect":{"left":0,"top":66,"width":1080,"height":1962},"lastScrollData":null}
&amp#27;[35m[HTTP]&amp#27;[39m &amp#27;[37m<-- GET /wd/hub/session/d1a20ab4-32fe-4fdc-ae18-bcb48c47c1d7 &amp#27;[39m&amp#27;[32m200&amp#27;[39m &amp#27;[90m31 ms - 1028&amp#27;[39m
&amp#27;[35m[HTTP]&amp#27;[39m &amp#27;[90m&amp#27;[39m
&amp#27;[35m[HTTP]&amp#27;[39m &amp#27;[37m-->&amp#27;[39m &amp#27;[37mPOST&amp#27;[39m &amp#27;[37m/wd/hub/session/d1a20ab4-32fe-4fdc-ae18-bcb48c47c1d7/element&amp#27;[39m
&amp#27;[35m[HTTP]&amp#27;[39m &amp#27;[90m{"using":"id","value":"in.workindia.nileshdungarwal.workindiaandroid:id/et_name"}&amp#27;[39m
[debug] &amp#27;[35m[W3C (d1a20ab4)]&amp#27;[39m Calling AppiumDriver.findElement() with args: ["id","in.workindia.nileshdungarwal.workindiaandroid:id/et_name","d1a20ab4-32fe-4fdc-ae18-bcb48c47c1d7"]
[debug] &amp#27;[35m[BaseDriver]&amp#27;[39m Valid locator strategies for this request: xpath, id, class name, accessibility id, css selector, -android uiautomator
[debug] &amp#27;[35m[BaseDriver]&amp#27;[39m Waiting up to 30000 ms for condition
[debug] &amp#27;[35m[WD Proxy]&amp#27;[39m Matched '/element' to command name 'findElement'
[debug] &amp#27;[35m[WD Proxy]&amp#27;[39m Proxying [POST /element] to [POST http://127.0.0.1:8202/wd/hub/session/fd94e242-15bb-4015-b8bb-0ed9c10f6d94/element] with body: {"strategy":"id","selector":"in.workindia.nileshdungarwal.workindiaandroid:id/et_name","context":"","multiple":false}
[debug] &amp#27;[35m[WD Proxy]&amp#27;[39m Got response with status 200: {"sessionId":"fd94e242-15bb-4015-b8bb-0ed9c10f6d94","value":{"ELEMENT":"a98694ea-ddb3-4b71-9767-d5de4e543599","element-6066-11e4-a52e-4f735466cecf":"a98694ea-ddb3-4b71-9767-d5de4e543599"}}
[debug] &amp#27;[35m[W3C (d1a20ab4)]&amp#27;[39m Responding to client with driver.findElement() result: {"element-6066-11e4-a52e-4f735466cecf":"a98694ea-ddb3-4b71-9767-d5de4e543599","ELEMENT":"a98694ea-ddb3-4b71-9767-d5de4e543599"}
&amp#27;[35m[HTTP]&amp#27;[39m &amp#27;[37m<-- POST /wd/hub/session/d1a20ab4-32fe-4fdc-ae18-bcb48c47c1d7/element &amp#27;[39m&amp#27;[32m200&amp#27;[39m &amp#27;[90m636 ms - 137&amp#27;[39m
&amp#27;[35m[HTTP]&amp#27;[39m &amp#27;[90m&amp#27;[39m
&amp#27;[35m[HTTP]&amp#27;[39m &amp#27;[37m-->&amp#27;[39m &amp#27;[37mPOST&amp#27;[39m &amp#27;[37m/wd/hub/session/d1a20ab4-32fe-4fdc-ae18-bcb48c47c1d7/element/a98694ea-ddb3-4b71-9767-d5de4e543599/value&amp#27;[39m
&amp#27;[35m[HTTP]&amp#27;[39m &amp#27;[90m{"id":"a98694ea-ddb3-4b71-9767-d5de4e543599","text":"Saurabh Soni","value":["S","a","u","r","a","b","h"," ","S","o","n","i"]}&amp#27;[39m
[debug] &amp#27;[35m[W3C (d1a20ab4)]&amp#27;[39m Calling AppiumDriver.setValue() with args: [["S","a","u","r","a","b","h"," ","S","o","n","i"],"a98694ea-ddb3-4b71-9767-d5de4e543599","d1a20ab4-32fe-4fdc-ae18-bcb48c47c1d7"]
[debug] &amp#27;[35m[WD Proxy]&amp#27;[39m Matched '/element/a98694ea-ddb3-4b71-9767-d5de4e543599/value' to command name 'setValue'
[debug] &amp#27;[35m[Protocol Converter]&amp#27;[39m Added 'value' property ["S","a","u","r","a","b","h"," ","S","o","n","i"] to 'setValue' request body
[debug] &amp#27;[35m[WD Proxy]&amp#27;[39m Proxying [POST /element/a98694ea-ddb3-4b71-9767-d5de4e543599/value] to [POST http://127.0.0.1:8202/wd/hub/session/fd94e242-15bb-4015-b8bb-0ed9c10f6d94/element/a98694ea-ddb3-4b71-9767-d5de4e543599/value] with body: {"elementId":"a98694ea-ddb3-4b71-9767-d5de4e543599","text":"Saurabh Soni","replace":false,"value":["S","a","u","r","a","b","h"," ","S","o","n","i"]}
[debug] &amp#27;[35m[WD Proxy]&amp#27;[39m Got response with status 200: {"sessionId":"fd94e242-15bb-4015-b8bb-0ed9c10f6d94","value":null}
[debug] &amp#27;[35m[W3C (d1a20ab4)]&amp#27;[39m Responding to client with driver.setValue() result: null
&amp#27;[35m[HTTP]&amp#27;[39m &amp#27;[37m<-- POST /wd/hub/session/d1a20ab4-32fe-4fdc-ae18-bcb48c47c1d7/element/a98694ea-ddb3-4b71-9767-d5de4e543599/value &amp#27;[39m&amp#27;[32m200&amp#27;[39m &amp#27;[90m51 ms - 14&amp#27;[39m
&amp#27;[35m[HTTP]&amp#27;[39m &amp#27;[90m&amp#27;[39m
&amp#27;[35m[HTTP]&amp#27;[39m &amp#27;[37m-->&amp#27;[39m &amp#27;[37mGET&amp#27;[39m &amp#27;[37m/wd/hub/session/d1a20ab4-32fe-4fdc-ae18-bcb48c47c1d7&amp#27;[39m
&amp#27;[35m[HTTP]&amp#27;[39m &amp#27;[90m{}&amp#27;[39m
[debug] &amp#27;[35m[W3C (d1a20ab4)]&amp#27;[39m Calling AppiumDriver.getSession() with args: ["d1a20ab4-32fe-4fdc-ae18-bcb48c47c1d7"]
[debug] &amp#27;[35m[UiAutomator2]&amp#27;[39m Getting session details from server to mix in
[debug] &amp#27;[35m[WD Proxy]&amp#27;[39m Matched '/' to command name 'getSession'
[debug] &amp#27;[35m[WD Proxy]&amp#27;[39m Proxying [GET /] to [GET http://127.0.0.1:8202/wd/hub/session/fd94e242-15bb-4015-b8bb-0ed9c10f6d94] with no body
[debug] &amp#27;[35m[WD Proxy]&amp#27;[39m Got response with status 200: {"sessionId":"fd94e242-15bb-4015-b8bb-0ed9c10f6d94","value":{"lastScrollData":null}}
[debug] &amp#27;[35m[W3C (d1a20ab4)]&amp#27;[39m Responding to client with driver.getSession() result: {"platform":"LINUX","webStorageEnabled":false,"takesScreenshot":true,"javascriptEnabled":true,"databaseEnabled":false,"networkConnectionEnabled":true,"locationContextEnabled":false,"warnings":{},"desired":{"platformName":"android","app":"./Resourses/in.workindia.apk","appActivity":"in.workindia.nileshdungarwal.workindiaandroid.RegisterActivity","appPackage":"in.workindia.nileshdungarwal.workindiaandroid","deviceName":"emulator-5554","platformVersion":"8.1"},"platformName":"android","app":"./Resourses/in.workindia.apk","appActivity":"in.workindia.nileshdungarwal.workindiaandroid.RegisterActivity","appPackage":"in.workindia.nileshdungarwal.workindiaandroid","deviceName":"emulator-5554","platformVersion":"8.1.0","deviceUDID":"emulator-5554","deviceApiLevel":27,"deviceScreenSize":"1080x2160","deviceScreenDensity":440,"deviceModel":"Android SDK built for x86","deviceManufacturer":"Google","pixelRatio":2.75,"statBarHeight":66,"viewportRect":{"left":0,"top":66,"width":1080,"height":1962},"lastScrollData":null}
&amp#27;[35m[HTTP]&amp#27;[39m &amp#27;[37m<-- GET /wd/hub/session/d1a20ab4-32fe-4fdc-ae18-bcb48c47c1d7 &amp#27;[39m&amp#27;[32m200&amp#27;[39m &amp#27;[90m13 ms - 1028&amp#27;[39m
&amp#27;[35m[HTTP]&amp#27;[39m &amp#27;[90m&amp#27;[39m
&amp#27;[35m[HTTP]&amp#27;[39m &amp#27;[37m-->&amp#27;[39m &amp#27;[37mPOST&amp#27;[39m &amp#27;[37m/wd/hub/session/d1a20ab4-32fe-4fdc-ae18-bcb48c47c1d7/element&amp#27;[39m
&amp#27;[35m[HTTP]&amp#27;[39m &amp#27;[90m{"using":"id","value":"in.workindia.nileshdungarwal.workindiaandroid:id/et_number"}&amp#27;[39m
[debug] &amp#27;[35m[W3C (d1a20ab4)]&amp#27;[39m Calling AppiumDriver.findElement() with args: ["id","in.workindia.nileshdungarwal.workindiaandroid:id/et_number","d1a20ab4-32fe-4fdc-ae18-bcb48c47c1d7"]
[debug] &amp#27;[35m[BaseDriver]&amp#27;[39m Valid locator strategies for this request: xpath, id, class name, accessibility id, css selector, -android uiautomator
[debug] &amp#27;[35m[BaseDriver]&amp#27;[39m Waiting up to 30000 ms for condition
[debug] &amp#27;[35m[WD Proxy]&amp#27;[39m Matched '/element' to command name 'findElement'
[debug] &amp#27;[35m[WD Proxy]&amp#27;[39m Proxying [POST /element] to [POST http://127.0.0.1:8202/wd/hub/session/fd94e242-15bb-4015-b8bb-0ed9c10f6d94/element] with body: {"strategy":"id","selector":"in.workindia.nileshdungarwal.workindiaandroid:id/et_number","context":"","multiple":false}
[debug] &amp#27;[35m[WD Proxy]&amp#27;[39m Got response with status 200: {"sessionId":"fd94e242-15bb-4015-b8bb-0ed9c10f6d94","value":{"ELEMENT":"cca4fe99-f52f-4b3e-b2ca-c28729e0c9b9","element-6066-11e4-a52e-4f735466cecf":"cca4fe99-f52f-4b3e-b2ca-c28729e0c9b9"}}
[debug] &amp#27;[35m[W3C (d1a20ab4)]&amp#27;[39m Responding to client with driver.findElement() result: {"element-6066-11e4-a52e-4f735466cecf":"cca4fe99-f52f-4b3e-b2ca-c28729e0c9b9","ELEMENT":"cca4fe99-f52f-4b3e-b2ca-c28729e0c9b9"}
&amp#27;[35m[HTTP]&amp#27;[39m &amp#27;[37m<-- POST /wd/hub/session/d1a20ab4-32fe-4fdc-ae18-bcb48c47c1d7/element &amp#27;[39m&amp#27;[32m200&amp#27;[39m &amp#27;[90m519 ms - 137&amp#27;[39m
&amp#27;[35m[HTTP]&amp#27;[39m &amp#27;[90m&amp#27;[39m
&amp#27;[35m[HTTP]&amp#27;[39m &amp#27;[37m-->&amp#27;[39m &amp#27;[37mPOST&amp#27;[39m &amp#27;[37m/wd/hub/session/d1a20ab4-32fe-4fdc-ae18-bcb48c47c1d7/element/cca4fe99-f52f-4b3e-b2ca-c28729e0c9b9/value&amp#27;[39m
&amp#27;[35m[HTTP]&amp#27;[39m &amp#27;[90m{"id":"cca4fe99-f52f-4b3e-b2ca-c28729e0c9b9","text":"1234567890","value":["1","2","3","4","5","6","7","8","9","0"]}&amp#27;[39m
[debug] &amp#27;[35m[W3C (d1a20ab4)]&amp#27;[39m Calling AppiumDriver.setValue() with args: [["1","2","3","4","5","6","7","8","9","0"],"cca4fe99-f52f-4b3e-b2ca-c28729e0c9b9","d1a20ab4-32fe-4fdc-ae18-bcb48c47c1d7"]
[debug] &amp#27;[35m[WD Proxy]&amp#27;[39m Matched '/element/cca4fe99-f52f-4b3e-b2ca-c28729e0c9b9/value' to command name 'setValue'
[debug] &amp#27;[35m[Protocol Converter]&amp#27;[39m Added 'value' property ["1","2","3","4","5","6","7","8","9","0"] to 'setValue' request body
[debug] &amp#27;[35m[WD Proxy]&amp#27;[39m Proxying [POST /element/cca4fe99-f52f-4b3e-b2ca-c28729e0c9b9/value] to [POST http://127.0.0.1:8202/wd/hub/session/fd94e242-15bb-4015-b8bb-0ed9c10f6d94/element/cca4fe99-f52f-4b3e-b2ca-c28729e0c9b9/value] with body: {"elementId":"cca4fe99-f52f-4b3e-b2ca-c28729e0c9b9","text":"1234567890","replace":false,"value":["1","2","3","4","5","6","7","8","9","0"]}
[debug] &amp#27;[35m[WD Proxy]&amp#27;[39m Got response with status 200: {"sessionId":"fd94e242-15bb-4015-b8bb-0ed9c10f6d94","value":null}
[debug] &amp#27;[35m[W3C (d1a20ab4)]&amp#27;[39m Responding to client with driver.setValue() result: null
&amp#27;[35m[HTTP]&amp#27;[39m &amp#27;[37m<-- POST /wd/hub/session/d1a20ab4-32fe-4fdc-ae18-bcb48c47c1d7/element/cca4fe99-f52f-4b3e-b2ca-c28729e0c9b9/value &amp#27;[39m&amp#27;[32m200&amp#27;[39m &amp#27;[90m37 ms - 14&amp#27;[39m
&amp#27;[35m[HTTP]&amp#27;[39m &amp#27;[90m&amp#27;[39m
&amp#27;[35m[HTTP]&amp#27;[39m &amp#27;[37m-->&amp#27;[39m &amp#27;[37mGET&amp#27;[39m &amp#27;[37m/wd/hub/session/d1a20ab4-32fe-4fdc-ae18-bcb48c47c1d7&amp#27;[39m
&amp#27;[35m[HTTP]&amp#27;[39m &amp#27;[90m{}&amp#27;[39m
[debug] &amp#27;[35m[W3C (d1a20ab4)]&amp#27;[39m Calling AppiumDriver.getSession() with args: ["d1a20ab4-32fe-4fdc-ae18-bcb48c47c1d7"]
[debug] &amp#27;[35m[UiAutomator2]&amp#27;[39m Getting session details from server to mix in
[debug] &amp#27;[35m[WD Proxy]&amp#27;[39m Matched '/' to command name 'getSession'
[debug] &amp#27;[35m[WD Proxy]&amp#27;[39m Proxying [GET /] to [GET http://127.0.0.1:8202/wd/hub/session/fd94e242-15bb-4015-b8bb-0ed9c10f6d94] with no body
[debug] &amp#27;[35m[WD Proxy]&amp#27;[39m Got response with status 200: {"sessionId":"fd94e242-15bb-4015-b8bb-0ed9c10f6d94","value":{"lastScrollData":null}}
[debug] &amp#27;[35m[W3C (d1a20ab4)]&amp#27;[39m Responding to client with driver.getSession() result: {"platform":"LINUX","webStorageEnabled":false,"takesScreenshot":true,"javascriptEnabled":true,"databaseEnabled":false,"networkConnectionEnabled":true,"locationContextEnabled":false,"warnings":{},"desired":{"platformName":"android","app":"./Resourses/in.workindia.apk","appActivity":"in.workindia.nileshdungarwal.workindiaandroid.RegisterActivity","appPackage":"in.workindia.nileshdungarwal.workindiaandroid","deviceName":"emulator-5554","platformVersion":"8.1"},"platformName":"android","app":"./Resourses/in.workindia.apk","appActivity":"in.workindia.nileshdungarwal.workindiaandroid.RegisterActivity","appPackage":"in.workindia.nileshdungarwal.workindiaandroid","deviceName":"emulator-5554","platformVersion":"8.1.0","deviceUDID":"emulator-5554","deviceApiLevel":27,"deviceScreenSize":"1080x2160","deviceScreenDensity":440,"deviceModel":"Android SDK built for x86","deviceManufacturer":"Google","pixelRatio":2.75,"statBarHeight":66,"viewportRect":{"left":0,"top":66,"width":1080,"height":1962},"lastScrollData":null}
&amp#27;[35m[HTTP]&amp#27;[39m &amp#27;[37m<-- GET /wd/hub/session/d1a20ab4-32fe-4fdc-ae18-bcb48c47c1d7 &amp#27;[39m&amp#27;[32m200&amp#27;[39m &amp#27;[90m14 ms - 1028&amp#27;[39m
&amp#27;[35m[HTTP]&amp#27;[39m &amp#27;[90m&amp#27;[39m
&amp#27;[35m[HTTP]&amp#27;[39m &amp#27;[37m-->&amp#27;[39m &amp#27;[37mGET&amp#27;[39m &amp#27;[37m/wd/hub/session/d1a20ab4-32fe-4fdc-ae18-bcb48c47c1d7&amp#27;[39m
&amp#27;[35m[HTTP]&amp#27;[39m &amp#27;[90m{}&amp#27;[39m
[debug] &amp#27;[35m[W3C (d1a20ab4)]&amp#27;[39m Calling AppiumDriver.getSession() with args: ["d1a20ab4-32fe-4fdc-ae18-bcb48c47c1d7"]
[debug] &amp#27;[35m[UiAutomator2]&amp#27;[39m Getting session details from server to mix in
[debug] &amp#27;[35m[WD Proxy]&amp#27;[39m Matched '/' to command name 'getSession'
[debug] &amp#27;[35m[WD Proxy]&amp#27;[39m Proxying [GET /] to [GET http://127.0.0.1:8202/wd/hub/session/fd94e242-15bb-4015-b8bb-0ed9c10f6d94] with no body
[debug] &amp#27;[35m[WD Proxy]&amp#27;[39m Got response with status 200: {"sessionId":"fd94e242-15bb-4015-b8bb-0ed9c10f6d94","value":{"lastScrollData":null}}
[debug] &amp#27;[35m[W3C (d1a20ab4)]&amp#27;[39m Responding to client with driver.getSession() result: {"platform":"LINUX","webStorageEnabled":false,"takesScreenshot":true,"javascriptEnabled":true,"databaseEnabled":false,"networkConnectionEnabled":true,"locationContextEnabled":false,"warnings":{},"desired":{"platformName":"android","app":"./Resourses/in.workindia.apk","appActivity":"in.workindia.nileshdungarwal.workindiaandroid.RegisterActivity","appPackage":"in.workindia.nileshdungarwal.workindiaandroid","deviceName":"emulator-5554","platformVersion":"8.1"},"platformName":"android","app":"./Resourses/in.workindia.apk","appActivity":"in.workindia.nileshdungarwal.workindiaandroid.RegisterActivity","appPackage":"in.workindia.nileshdungarwal.workindiaandroid","deviceName":"emulator-5554","platformVersion":"8.1.0","deviceUDID":"emulator-5554","deviceApiLevel":27,"deviceScreenSize":"1080x2160","deviceScreenDensity":440,"deviceModel":"Android SDK built for x86","deviceManufacturer":"Google","pixelRatio":2.75,"statBarHeight":66,"viewportRect":{"left":0,"top":66,"width":1080,"height":1962},"lastScrollData":null}
&amp#27;[35m[HTTP]&amp#27;[39m &amp#27;[37m<-- GET /wd/hub/session/d1a20ab4-32fe-4fdc-ae18-bcb48c47c1d7 &amp#27;[39m&amp#27;[32m200&amp#27;[39m &amp#27;[90m13 ms - 1028&amp#27;[39m
&amp#27;[35m[HTTP]&amp#27;[39m &amp#27;[90m&amp#27;[39m
&amp#27;[35m[HTTP]&amp#27;[39m &amp#27;[37m-->&amp#27;[39m &amp#27;[37mGET&amp#27;[39m &amp#27;[37m/wd/hub/session/d1a20ab4-32fe-4fdc-ae18-bcb48c47c1d7&amp#27;[39m
&amp#27;[35m[HTTP]&amp#27;[39m &amp#27;[90m{}&amp#27;[39m
[debug] &amp#27;[35m[W3C (d1a20ab4)]&amp#27;[39m Calling AppiumDriver.getSession() with args: ["d1a20ab4-32fe-4fdc-ae18-bcb48c47c1d7"]
[debug] &amp#27;[35m[UiAutomator2]&amp#27;[39m Getting session details from server to mix in
[debug] &amp#27;[35m[WD Proxy]&amp#27;[39m Matched '/' to command name 'getSession'
[debug] &amp#27;[35m[WD Proxy]&amp#27;[39m Proxying [GET /] to [GET http://127.0.0.1:8202/wd/hub/session/fd94e242-15bb-4015-b8bb-0ed9c10f6d94] with no body
[debug] &amp#27;[35m[WD Proxy]&amp#27;[39m Got response with status 200: {"sessionId":"fd94e242-15bb-4015-b8bb-0ed9c10f6d94","value":{"lastScrollData":null}}
[debug] &amp#27;[35m[W3C (d1a20ab4)]&amp#27;[39m Responding to client with driver.getSession() result: {"platform":"LINUX","webStorageEnabled":false,"takesScreenshot":true,"javascriptEnabled":true,"databaseEnabled":false,"networkConnectionEnabled":true,"locationContextEnabled":false,"warnings":{},"desired":{"platformName":"android","app":"./Resourses/in.workindia.apk","appActivity":"in.workindia.nileshdungarwal.workindiaandroid.RegisterActivity","appPackage":"in.workindia.nileshdungarwal.workindiaandroid","deviceName":"emulator-5554","platformVersion":"8.1"},"platformName":"android","app":"./Resourses/in.workindia.apk","appActivity":"in.workindia.nileshdungarwal.workindiaandroid.RegisterActivity","appPackage":"in.workindia.nileshdungarwal.workindiaandroid","deviceName":"emulator-5554","platformVersion":"8.1.0","deviceUDID":"emulator-5554","deviceApiLevel":27,"deviceScreenSize":"1080x2160","deviceScreenDensity":440,"deviceModel":"Android SDK built for x86","deviceManufacturer":"Google","pixelRatio":2.75,"statBarHeight":66,"viewportRect":{"left":0,"top":66,"width":1080,"height":1962},"lastScrollData":null}
&amp#27;[35m[HTTP]&amp#27;[39m &amp#27;[37m<-- GET /wd/hub/session/d1a20ab4-32fe-4fdc-ae18-bcb48c47c1d7 &amp#27;[39m&amp#27;[32m200&amp#27;[39m &amp#27;[90m18 ms - 1028&amp#27;[39m
&amp#27;[35m[HTTP]&amp#27;[39m &amp#27;[90m&amp#27;[39m
&amp#27;[35m[HTTP]&amp#27;[39m &amp#27;[37m-->&amp#27;[39m &amp#27;[37mPOST&amp#27;[39m &amp#27;[37m/wd/hub/session/d1a20ab4-32fe-4fdc-ae18-bcb48c47c1d7/element&amp#27;[39m
&amp#27;[35m[HTTP]&amp#27;[39m &amp#27;[90m{"using":"id","value":"in.workindia.nileshdungarwal.workindiaandroid:id/btn_submit"}&amp#27;[39m
[debug] &amp#27;[35m[W3C (d1a20ab4)]&amp#27;[39m Calling AppiumDriver.findElement() with args: ["id","in.workindia.nileshdungarwal.workindiaandroid:id/btn_submit","d1a20ab4-32fe-4fdc-ae18-bcb48c47c1d7"]
[debug] &amp#27;[35m[BaseDriver]&amp#27;[39m Valid locator strategies for this request: xpath, id, class name, accessibility id, css selector, -android uiautomator
[debug] &amp#27;[35m[BaseDriver]&amp#27;[39m Waiting up to 30000 ms for condition
[debug] &amp#27;[35m[WD Proxy]&amp#27;[39m Matched '/element' to command name 'findElement'
[debug] &amp#27;[35m[WD Proxy]&amp#27;[39m Proxying [POST /element] to [POST http://127.0.0.1:8202/wd/hub/session/fd94e242-15bb-4015-b8bb-0ed9c10f6d94/element] with body: {"strategy":"id","selector":"in.workindia.nileshdungarwal.workindiaandroid:id/btn_submit","context":"","multiple":false}
[debug] &amp#27;[35m[WD Proxy]&amp#27;[39m Got response with status 200: {"sessionId":"fd94e242-15bb-4015-b8bb-0ed9c10f6d94","value":{"ELEMENT":"99db16aa-b89c-4bfe-afc0-5ea1a0aff005","element-6066-11e4-a52e-4f735466cecf":"99db16aa-b89c-4bfe-afc0-5ea1a0aff005"}}
[debug] &amp#27;[35m[W3C (d1a20ab4)]&amp#27;[39m Responding to client with driver.findElement() result: {"element-6066-11e4-a52e-4f735466cecf":"99db16aa-b89c-4bfe-afc0-5ea1a0aff005","ELEMENT":"99db16aa-b89c-4bfe-afc0-5ea1a0aff005"}
&amp#27;[35m[HTTP]&amp#27;[39m &amp#27;[37m<-- POST /wd/hub/session/d1a20ab4-32fe-4fdc-ae18-bcb48c47c1d7/element &amp#27;[39m&amp#27;[32m200&amp#27;[39m &amp#27;[90m438 ms - 137&amp#27;[39m
&amp#27;[35m[HTTP]&amp#27;[39m &amp#27;[90m&amp#27;[39m
&amp#27;[35m[HTTP]&amp#27;[39m &amp#27;[37m-->&amp#27;[39m &amp#27;[37mPOST&amp#27;[39m &amp#27;[37m/wd/hub/session/d1a20ab4-32fe-4fdc-ae18-bcb48c47c1d7/element/99db16aa-b89c-4bfe-afc0-5ea1a0aff005/click&amp#27;[39m
&amp#27;[35m[HTTP]&amp#27;[39m &amp#27;[90m{"id":"99db16aa-b89c-4bfe-afc0-5ea1a0aff005"}&amp#27;[39m
[debug] &amp#27;[35m[W3C (d1a20ab4)]&amp#27;[39m Calling AppiumDriver.click() with args: ["99db16aa-b89c-4bfe-afc0-5ea1a0aff005","d1a20ab4-32fe-4fdc-ae18-bcb48c47c1d7"]
[debug] &amp#27;[35m[WD Proxy]&amp#27;[39m Matched '/element/99db16aa-b89c-4bfe-afc0-5ea1a0aff005/click' to command name 'click'
[debug] &amp#27;[35m[WD Proxy]&amp#27;[39m Proxying [POST /element/99db16aa-b89c-4bfe-afc0-5ea1a0aff005/click] to [POST http://127.0.0.1:8202/wd/hub/session/fd94e242-15bb-4015-b8bb-0ed9c10f6d94/element/99db16aa-b89c-4bfe-afc0-5ea1a0aff005/click] with body: {"element":"99db16aa-b89c-4bfe-afc0-5ea1a0aff005"}
[debug] &amp#27;[35m[WD Proxy]&amp#27;[39m Got response with status 200: {"sessionId":"fd94e242-15bb-4015-b8bb-0ed9c10f6d94","value":null}
[debug] &amp#27;[35m[W3C (d1a20ab4)]&amp#27;[39m Responding to client with driver.click() result: null
&amp#27;[35m[HTTP]&amp#27;[39m &amp#27;[37m<-- POST /wd/hub/session/d1a20ab4-32fe-4fdc-ae18-bcb48c47c1d7/element/99db16aa-b89c-4bfe-afc0-5ea1a0aff005/click &amp#27;[39m&amp#27;[32m200&amp#27;[39m &amp#27;[90m28 ms - 14&amp#27;[39m
&amp#27;[35m[HTTP]&amp#27;[39m &amp#27;[90m&amp#27;[39m
&amp#27;[35m[HTTP]&amp#27;[39m &amp#27;[37m-->&amp#27;[39m &amp#27;[37mGET&amp#27;[39m &amp#27;[37m/wd/hub/session/d1a20ab4-32fe-4fdc-ae18-bcb48c47c1d7&amp#27;[39m
&amp#27;[35m[HTTP]&amp#27;[39m &amp#27;[90m{}&amp#27;[39m
[debug] &amp#27;[35m[W3C (d1a20ab4)]&amp#27;[39m Calling AppiumDriver.getSession() with args: ["d1a20ab4-32fe-4fdc-ae18-bcb48c47c1d7"]
[debug] &amp#27;[35m[UiAutomator2]&amp#27;[39m Getting session details from server to mix in
[debug] &amp#27;[35m[WD Proxy]&amp#27;[39m Matched '/' to command name 'getSession'
[debug] &amp#27;[35m[WD Proxy]&amp#27;[39m Proxying [GET /] to [GET http://127.0.0.1:8202/wd/hub/session/fd94e242-15bb-4015-b8bb-0ed9c10f6d94] with no body
[debug] &amp#27;[35m[WD Proxy]&amp#27;[39m Got response with status 200: {"sessionId":"fd94e242-15bb-4015-b8bb-0ed9c10f6d94","value":{"lastScrollData":null}}
[debug] &amp#27;[35m[W3C (d1a20ab4)]&amp#27;[39m Responding to client with driver.getSession() result: {"platform":"LINUX","webStorageEnabled":false,"takesScreenshot":true,"javascriptEnabled":true,"databaseEnabled":false,"networkConnectionEnabled":true,"locationContextEnabled":false,"warnings":{},"desired":{"platformName":"android","app":"./Resourses/in.workindia.apk","appActivity":"in.workindia.nileshdungarwal.workindiaandroid.RegisterActivity","appPackage":"in.workindia.nileshdungarwal.workindiaandroid","deviceName":"emulator-5554","platformVersion":"8.1"},"platformName":"android","app":"./Resourses/in.workindia.apk","appActivity":"in.workindia.nileshdungarwal.workindiaandroid.RegisterActivity","appPackage":"in.workindia.nileshdungarwal.workindiaandroid","deviceName":"emulator-5554","platformVersion":"8.1.0","deviceUDID":"emulator-5554","deviceApiLevel":27,"deviceScreenSize":"1080x2160","deviceScreenDensity":440,"deviceModel":"Android SDK built for x86","deviceManufacturer":"Google","pixelRatio":2.75,"statBarHeight":66,"viewportRect":{"left":0,"top":66,"width":1080,"height":1962},"lastScrollData":null}
&amp#27;[35m[HTTP]&amp#27;[39m &amp#27;[37m<-- GET /wd/hub/session/d1a20ab4-32fe-4fdc-ae18-bcb48c47c1d7 &amp#27;[39m&amp#27;[32m200&amp#27;[39m &amp#27;[90m15 ms - 1028&amp#27;[39m
&amp#27;[35m[HTTP]&amp#27;[39m &amp#27;[90m&amp#27;[39m
&amp#27;[35m[HTTP]&amp#27;[39m &amp#27;[37m-->&amp#27;[39m &amp#27;[37mGET&amp#27;[39m &amp#27;[37m/wd/hub/session/d1a20ab4-32fe-4fdc-ae18-bcb48c47c1d7&amp#27;[39m
&amp#27;[35m[HTTP]&amp#27;[39m &amp#27;[90m{}&amp#27;[39m
[debug] &amp#27;[35m[W3C (d1a20ab4)]&amp#27;[39m Calling AppiumDriver.getSession() with args: ["d1a20ab4-32fe-4fdc-ae18-bcb48c47c1d7"]
[debug] &amp#27;[35m[UiAutomator2]&amp#27;[39m Getting session details from server to mix in
[debug] &amp#27;[35m[WD Proxy]&amp#27;[39m Matched '/' to command name 'getSession'
[debug] &amp#27;[35m[WD Proxy]&amp#27;[39m Proxying [GET /] to [GET http://127.0.0.1:8202/wd/hub/session/fd94e242-15bb-4015-b8bb-0ed9c10f6d94] with no body
[debug] &amp#27;[35m[WD Proxy]&amp#27;[39m Got response with status 200: {"sessionId":"fd94e242-15bb-4015-b8bb-0ed9c10f6d94","value":{"lastScrollData":null}}
[debug] &amp#27;[35m[W3C (d1a20ab4)]&amp#27;[39m Responding to client with driver.getSession() result: {"platform":"LINUX","webStorageEnabled":false,"takesScreenshot":true,"javascriptEnabled":true,"databaseEnabled":false,"networkConnectionEnabled":true,"locationContextEnabled":false,"warnings":{},"desired":{"platformName":"android","app":"./Resourses/in.workindia.apk","appActivity":"in.workindia.nileshdungarwal.workindiaandroid.RegisterActivity","appPackage":"in.workindia.nileshdungarwal.workindiaandroid","deviceName":"emulator-5554","platformVersion":"8.1"},"platformName":"android","app":"./Resourses/in.workindia.apk","appActivity":"in.workindia.nileshdungarwal.workindiaandroid.RegisterActivity","appPackage":"in.workindia.nileshdungarwal.workindiaandroid","deviceName":"emulator-5554","platformVersion":"8.1.0","deviceUDID":"emulator-5554","deviceApiLevel":27,"deviceScreenSize":"1080x2160","deviceScreenDensity":440,"deviceModel":"Android SDK built for x86","deviceManufacturer":"Google","pixelRatio":2.75,"statBarHeight":66,"viewportRect":{"left":0,"top":66,"width":1080,"height":1962},"lastScrollData":null}
&amp#27;[35m[HTTP]&amp#27;[39m &amp#27;[37m<-- GET /wd/hub/session/d1a20ab4-32fe-4fdc-ae18-bcb48c47c1d7 &amp#27;[39m&amp#27;[32m200&amp#27;[39m &amp#27;[90m14 ms - 1028&amp#27;[39m
&amp#27;[35m[HTTP]&amp#27;[39m &amp#27;[90m&amp#27;[39m
&amp#27;[35m[HTTP]&amp#27;[39m &amp#27;[37m-->&amp#27;[39m &amp#27;[37mGET&amp#27;[39m &amp#27;[37m/wd/hub/session/d1a20ab4-32fe-4fdc-ae18-bcb48c47c1d7&amp#27;[39m
&amp#27;[35m[HTTP]&amp#27;[39m &amp#27;[90m{}&amp#27;[39m
[debug] &amp#27;[35m[W3C (d1a20ab4)]&amp#27;[39m Calling AppiumDriver.getSession() with args: ["d1a20ab4-32fe-4fdc-ae18-bcb48c47c1d7"]
[debug] &amp#27;[35m[UiAutomator2]&amp#27;[39m Getting session details from server to mix in
[debug] &amp#27;[35m[WD Proxy]&amp#27;[39m Matched '/' to command name 'getSession'
[debug] &amp#27;[35m[WD Proxy]&amp#27;[39m Proxying [GET /] to [GET http://127.0.0.1:8202/wd/hub/session/fd94e242-15bb-4015-b8bb-0ed9c10f6d94] with no body
[debug] &amp#27;[35m[WD Proxy]&amp#27;[39m Got response with status 200: {"sessionId":"fd94e242-15bb-4015-b8bb-0ed9c10f6d94","value":{"lastScrollData":null}}
[debug] &amp#27;[35m[W3C (d1a20ab4)]&amp#27;[39m Responding to client with driver.getSession() result: {"platform":"LINUX","webStorageEnabled":false,"takesScreenshot":true,"javascriptEnabled":true,"databaseEnabled":false,"networkConnectionEnabled":true,"locationContextEnabled":false,"warnings":{},"desired":{"platformName":"android","app":"./Resourses/in.workindia.apk","appActivity":"in.workindia.nileshdungarwal.workindiaandroid.RegisterActivity","appPackage":"in.workindia.nileshdungarwal.workindiaandroid","deviceName":"emulator-5554","platformVersion":"8.1"},"platformName":"android","app":"./Resourses/in.workindia.apk","appActivity":"in.workindia.nileshdungarwal.workindiaandroid.RegisterActivity","appPackage":"in.workindia.nileshdungarwal.workindiaandroid","deviceName":"emulator-5554","platformVersion":"8.1.0","deviceUDID":"emulator-5554","deviceApiLevel":27,"deviceScreenSize":"1080x2160","deviceScreenDensity":440,"deviceModel":"Android SDK built for x86","deviceManufacturer":"Google","pixelRatio":2.75,"statBarHeight":66,"viewportRect":{"left":0,"top":66,"width":1080,"height":1962},"lastScrollData":null}
&amp#27;[35m[HTTP]&amp#27;[39m &amp#27;[37m<-- GET /wd/hub/session/d1a20ab4-32fe-4fdc-ae18-bcb48c47c1d7 &amp#27;[39m&amp#27;[32m200&amp#27;[39m &amp#27;[90m15 ms - 1028&amp#27;[39m
&amp#27;[35m[HTTP]&amp#27;[39m &amp#27;[90m&amp#27;[39m
&amp#27;[35m[HTTP]&amp#27;[39m &amp#27;[37m-->&amp#27;[39m &amp#27;[37mPOST&amp#27;[39m &amp#27;[37m/wd/hub/session/d1a20ab4-32fe-4fdc-ae18-bcb48c47c1d7/element&amp#27;[39m
&amp#27;[35m[HTTP]&amp#27;[39m &amp#27;[90m{"using":"id","value":"in.workindia.nileshdungarwal.workindiaandroid:id/rb_delhi"}&amp#27;[39m
[debug] &amp#27;[35m[W3C (d1a20ab4)]&amp#27;[39m Calling AppiumDriver.findElement() with args: ["id","in.workindia.nileshdungarwal.workindiaandroid:id/rb_delhi","d1a20ab4-32fe-4fdc-ae18-bcb48c47c1d7"]
[debug] &amp#27;[35m[BaseDriver]&amp#27;[39m Valid locator strategies for this request: xpath, id, class name, accessibility id, css selector, -android uiautomator
[debug] &amp#27;[35m[BaseDriver]&amp#27;[39m Waiting up to 30000 ms for condition
[debug] &amp#27;[35m[WD Proxy]&amp#27;[39m Matched '/element' to command name 'findElement'
[debug] &amp#27;[35m[WD Proxy]&amp#27;[39m Proxying [POST /element] to [POST http://127.0.0.1:8202/wd/hub/session/fd94e242-15bb-4015-b8bb-0ed9c10f6d94/element] with body: {"strategy":"id","selector":"in.workindia.nileshdungarwal.workindiaandroid:id/rb_delhi","context":"","multiple":false}
&amp#27;[35m[WD Proxy]&amp#27;[39m Got response with status 404: {"sessionId":"fd94e242-15bb-4015-b8bb-0ed9c10f6d94","value":{"error":"no such element","message":"An element could not be located on the page using the given search parameters","stacktrace":"io.appium.uiautomator2.common.exceptions.ElementNotFoundException: An element could not be located on the page using the given search parameters\n\tat io.appium.uiautomator2.handler.FindElement.safeHandle(FindElement.java:73)\n\tat io.appium.uiautomator2.handler.request.SafeRequestHandler.handle(SafeRequestHandler.java:41)\n\tat io.appium.uiautomator2.server.AppiumServlet.handleRequest(AppiumServlet.java:261)\n\tat io.appium.uiautomator2.server.AppiumServlet.handleHttpRequest(AppiumServlet.java:255)\n\tat io.appium.uiautomator2.http.ServerHandler.channelRead(ServerHandler.java:68)\n\tat io.netty.channel.AbstractChannelHandlerContext.invokeChannelRead(AbstractChannelHandlerContext.java:366)\n\tat io.netty.channel.AbstractChannelHandlerContext.invokeChannelRead(AbstractChannelHandlerContext.java:352)\n\tat io.netty.chann...
[debug] &amp#27;[35m[W3C]&amp#27;[39m Matched W3C error code 'no such element' to NoSuchElementError
[debug] &amp#27;[35m[BaseDriver]&amp#27;[39m Waited for 195 ms so far
[debug] &amp#27;[35m[WD Proxy]&amp#27;[39m Matched '/element' to command name 'findElement'
[debug] &amp#27;[35m[WD Proxy]&amp#27;[39m Proxying [POST /element] to [POST http://127.0.0.1:8202/wd/hub/session/fd94e242-15bb-4015-b8bb-0ed9c10f6d94/element] with body: {"strategy":"id","selector":"in.workindia.nileshdungarwal.workindiaandroid:id/rb_delhi","context":"","multiple":false}
&amp#27;[35m[WD Proxy]&amp#27;[39m Got response with status 404: {"sessionId":"fd94e242-15bb-4015-b8bb-0ed9c10f6d94","value":{"error":"no such element","message":"An element could not be located on the page using the given search parameters","stacktrace":"io.appium.uiautomator2.common.exceptions.ElementNotFoundException: An element could not be located on the page using the given search parameters\n\tat io.appium.uiautomator2.handler.FindElement.safeHandle(FindElement.java:73)\n\tat io.appium.uiautomator2.handler.request.SafeRequestHandler.handle(SafeRequestHandler.java:41)\n\tat io.appium.uiautomator2.server.AppiumServlet.handleRequest(AppiumServlet.java:261)\n\tat io.appium.uiautomator2.server.AppiumServlet.handleHttpRequest(AppiumServlet.java:255)\n\tat io.appium.uiautomator2.http.ServerHandler.channelRead(ServerHandler.java:68)\n\tat io.netty.channel.AbstractChannelHandlerContext.invokeChannelRead(AbstractChannelHandlerContext.java:366)\n\tat io.netty.channel.AbstractChannelHandlerContext.invokeChannelRead(AbstractChannelHandlerContext.java:352)\n\tat io.netty.chann...
[debug] &amp#27;[35m[W3C]&amp#27;[39m Matched W3C error code 'no such element' to NoSuchElementError
[debug] &amp#27;[35m[BaseDriver]&amp#27;[39m Waited for 843 ms so far
[debug] &amp#27;[35m[WD Proxy]&amp#27;[39m Matched '/element' to command name 'findElement'
[debug] &amp#27;[35m[WD Proxy]&amp#27;[39m Proxying [POST /element] to [POST http://127.0.0.1:8202/wd/hub/session/fd94e242-15bb-4015-b8bb-0ed9c10f6d94/element] with body: {"strategy":"id","selector":"in.workindia.nileshdungarwal.workindiaandroid:id/rb_delhi","context":"","multiple":false}
&amp#27;[35m[WD Proxy]&amp#27;[39m Got response with status 404: {"sessionId":"fd94e242-15bb-4015-b8bb-0ed9c10f6d94","value":{"error":"no such element","message":"An element could not be located on the page using the given search parameters","stacktrace":"io.appium.uiautomator2.common.exceptions.ElementNotFoundException: An element could not be located on the page using the given search parameters\n\tat io.appium.uiautomator2.handler.FindElement.safeHandle(FindElement.java:73)\n\tat io.appium.uiautomator2.handler.request.SafeRequestHandler.handle(SafeRequestHandler.java:41)\n\tat io.appium.uiautomator2.server.AppiumServlet.handleRequest(AppiumServlet.java:261)\n\tat io.appium.uiautomator2.server.AppiumServlet.handleHttpRequest(AppiumServlet.java:255)\n\tat io.appium.uiautomator2.http.ServerHandler.channelRead(ServerHandler.java:68)\n\tat io.netty.channel.AbstractChannelHandlerContext.invokeChannelRead(AbstractChannelHandlerContext.java:366)\n\tat io.netty.channel.AbstractChannelHandlerContext.invokeChannelRead(AbstractChannelHandlerContext.java:352)\n\tat io.netty.chann...
[debug] &amp#27;[35m[W3C]&amp#27;[39m Matched W3C error code 'no such element' to NoSuchElementError
[debug] &amp#27;[35m[BaseDriver]&amp#27;[39m Waited for 1377 ms so far
[debug] &amp#27;[35m[WD Proxy]&amp#27;[39m Matched '/element' to command name 'findElement'
[debug] &amp#27;[35m[WD Proxy]&amp#27;[39m Proxying [POST /element] to [POST http://127.0.0.1:8202/wd/hub/session/fd94e242-15bb-4015-b8bb-0ed9c10f6d94/element] with body: {"strategy":"id","selector":"in.workindia.nileshdungarwal.workindiaandroid:id/rb_delhi","context":"","multiple":false}
&amp#27;[35m[WD Proxy]&amp#27;[39m Got response with status 404: {"sessionId":"fd94e242-15bb-4015-b8bb-0ed9c10f6d94","value":{"error":"no such element","message":"An element could not be located on the page using the given search parameters","stacktrace":"io.appium.uiautomator2.common.exceptions.ElementNotFoundException: An element could not be located on the page using the given search parameters\n\tat io.appium.uiautomator2.handler.FindElement.safeHandle(FindElement.java:73)\n\tat io.appium.uiautomator2.handler.request.SafeRequestHandler.handle(SafeRequestHandler.java:41)\n\tat io.appium.uiautomator2.server.AppiumServlet.handleRequest(AppiumServlet.java:261)\n\tat io.appium.uiautomator2.server.AppiumServlet.handleHttpRequest(AppiumServlet.java:255)\n\tat io.appium.uiautomator2.http.ServerHandler.channelRead(ServerHandler.java:68)\n\tat io.netty.channel.AbstractChannelHandlerContext.invokeChannelRead(AbstractChannelHandlerContext.java:366)\n\tat io.netty.channel.AbstractChannelHandlerContext.invokeChannelRead(AbstractChannelHandlerContext.java:352)\n\tat io.netty.chann...
[debug] &amp#27;[35m[W3C]&amp#27;[39m Matched W3C error code 'no such element' to NoSuchElementError
[debug] &amp#27;[35m[BaseDriver]&amp#27;[39m Waited for 1914 ms so far
[debug] &amp#27;[35m[WD Proxy]&amp#27;[39m Matched '/element' to command name 'findElement'
[debug] &amp#27;[35m[WD Proxy]&amp#27;[39m Proxying [POST /element] to [POST http://127.0.0.1:8202/wd/hub/session/fd94e242-15bb-4015-b8bb-0ed9c10f6d94/element] with body: {"strategy":"id","selector":"in.workindia.nileshdungarwal.workindiaandroid:id/rb_delhi","context":"","multiple":false}
&amp#27;[35m[WD Proxy]&amp#27;[39m Got response with status 404: {"sessionId":"fd94e242-15bb-4015-b8bb-0ed9c10f6d94","value":{"error":"no such element","message":"An element could not be located on the page using the given search parameters","stacktrace":"io.appium.uiautomator2.common.exceptions.ElementNotFoundException: An element could not be located on the page using the given search parameters\n\tat io.appium.uiautomator2.handler.FindElement.safeHandle(FindElement.java:73)\n\tat io.appium.uiautomator2.handler.request.SafeRequestHandler.handle(SafeRequestHandler.java:41)\n\tat io.appium.uiautomator2.server.AppiumServlet.handleRequest(AppiumServlet.java:261)\n\tat io.appium.uiautomator2.server.AppiumServlet.handleHttpRequest(AppiumServlet.java:255)\n\tat io.appium.uiautomator2.http.ServerHandler.channelRead(ServerHandler.java:68)\n\tat io.netty.channel.AbstractChannelHandlerContext.invokeChannelRead(AbstractChannelHandlerContext.java:366)\n\tat io.netty.channel.AbstractChannelHandlerContext.invokeChannelRead(AbstractChannelHandlerContext.java:352)\n\tat io.netty.chann...
[debug] &amp#27;[35m[W3C]&amp#27;[39m Matched W3C error code 'no such element' to NoSuchElementError
[debug] &amp#27;[35m[BaseDriver]&amp#27;[39m Waited for 2455 ms so far
[debug] &amp#27;[35m[WD Proxy]&amp#27;[39m Matched '/element' to command name 'findElement'
[debug] &amp#27;[35m[WD Proxy]&amp#27;[39m Proxying [POST /element] to [POST http://127.0.0.1:8202/wd/hub/session/fd94e242-15bb-4015-b8bb-0ed9c10f6d94/element] with body: {"strategy":"id","selector":"in.workindia.nileshdungarwal.workindiaandroid:id/rb_delhi","context":"","multiple":false}
&amp#27;[35m[WD Proxy]&amp#27;[39m Got response with status 404: {"sessionId":"fd94e242-15bb-4015-b8bb-0ed9c10f6d94","value":{"error":"no such element","message":"An element could not be located on the page using the given search parameters","stacktrace":"io.appium.uiautomator2.common.exceptions.ElementNotFoundException: An element could not be located on the page using the given search parameters\n\tat io.appium.uiautomator2.handler.FindElement.safeHandle(FindElement.java:73)\n\tat io.appium.uiautomator2.handler.request.SafeRequestHandler.handle(SafeRequestHandler.java:41)\n\tat io.appium.uiautomator2.server.AppiumServlet.handleRequest(AppiumServlet.java:261)\n\tat io.appium.uiautomator2.server.AppiumServlet.handleHttpRequest(AppiumServlet.java:255)\n\tat io.appium.uiautomator2.http.ServerHandler.channelRead(ServerHandler.java:68)\n\tat io.netty.channel.AbstractChannelHandlerContext.invokeChannelRead(AbstractChannelHandlerContext.java:366)\n\tat io.netty.channel.AbstractChannelHandlerContext.invokeChannelRead(AbstractChannelHandlerContext.java:352)\n\tat io.netty.chann...
[debug] &amp#27;[35m[W3C]&amp#27;[39m Matched W3C error code 'no such element' to NoSuchElementError
[debug] &amp#27;[35m[BaseDriver]&amp#27;[39m Waited for 3000 ms so far
[debug] &amp#27;[35m[WD Proxy]&amp#27;[39m Matched '/element' to command name 'findElement'
[debug] &amp#27;[35m[WD Proxy]&amp#27;[39m Proxying [POST /element] to [POST http://127.0.0.1:8202/wd/hub/session/fd94e242-15bb-4015-b8bb-0ed9c10f6d94/element] with body: {"strategy":"id","selector":"in.workindia.nileshdungarwal.workindiaandroid:id/rb_delhi","context":"","multiple":false}
&amp#27;[35m[WD Proxy]&amp#27;[39m Got response with status 404: {"sessionId":"fd94e242-15bb-4015-b8bb-0ed9c10f6d94","value":{"error":"no such element","message":"An element could not be located on the page using the given search parameters","stacktrace":"io.appium.uiautomator2.common.exceptions.ElementNotFoundException: An element could not be located on the page using the given search parameters\n\tat io.appium.uiautomator2.handler.FindElement.safeHandle(FindElement.java:73)\n\tat io.appium.uiautomator2.handler.request.SafeRequestHandler.handle(SafeRequestHandler.java:41)\n\tat io.appium.uiautomator2.server.AppiumServlet.handleRequest(AppiumServlet.java:261)\n\tat io.appium.uiautomator2.server.AppiumServlet.handleHttpRequest(AppiumServlet.java:255)\n\tat io.appium.uiautomator2.http.ServerHandler.channelRead(ServerHandler.java:68)\n\tat io.netty.channel.AbstractChannelHandlerContext.invokeChannelRead(AbstractChannelHandlerContext.java:366)\n\tat io.netty.channel.AbstractChannelHandlerContext.invokeChannelRead(AbstractChannelHandlerContext.java:352)\n\tat io.netty.chann...
[debug] &amp#27;[35m[W3C]&amp#27;[39m Matched W3C error code 'no such element' to NoSuchElementError
[debug] &amp#27;[35m[BaseDriver]&amp#27;[39m Waited for 3555 ms so far
[debug] &amp#27;[35m[WD Proxy]&amp#27;[39m Matched '/element' to command name 'findElement'
[debug] &amp#27;[35m[WD Proxy]&amp#27;[39m Proxying [POST /element] to [POST http://127.0.0.1:8202/wd/hub/session/fd94e242-15bb-4015-b8bb-0ed9c10f6d94/element] with body: {"strategy":"id","selector":"in.workindia.nileshdungarwal.workindiaandroid:id/rb_delhi","context":"","multiple":false}
&amp#27;[35m[WD Proxy]&amp#27;[39m Got response with status 404: {"sessionId":"fd94e242-15bb-4015-b8bb-0ed9c10f6d94","value":{"error":"no such element","message":"An element could not be located on the page using the given search parameters","stacktrace":"io.appium.uiautomator2.common.exceptions.ElementNotFoundException: An element could not be located on the page using the given search parameters\n\tat io.appium.uiautomator2.handler.FindElement.safeHandle(FindElement.java:73)\n\tat io.appium.uiautomator2.handler.request.SafeRequestHandler.handle(SafeRequestHandler.java:41)\n\tat io.appium.uiautomator2.server.AppiumServlet.handleRequest(AppiumServlet.java:261)\n\tat io.appium.uiautomator2.server.AppiumServlet.handleHttpRequest(AppiumServlet.java:255)\n\tat io.appium.uiautomator2.http.ServerHandler.channelRead(ServerHandler.java:68)\n\tat io.netty.channel.AbstractChannelHandlerContext.invokeChannelRead(AbstractChannelHandlerContext.java:366)\n\tat io.netty.channel.AbstractChannelHandlerContext.invokeChannelRead(AbstractChannelHandlerContext.java:352)\n\tat io.netty.chann...
[debug] &amp#27;[35m[W3C]&amp#27;[39m Matched W3C error code 'no such element' to NoSuchElementError
[debug] &amp#27;[35m[BaseDriver]&amp#27;[39m Waited for 4095 ms so far
[debug] &amp#27;[35m[WD Proxy]&amp#27;[39m Matched '/element' to command name 'findElement'
[debug] &amp#27;[35m[WD Proxy]&amp#27;[39m Proxying [POST /element] to [POST http://127.0.0.1:8202/wd/hub/session/fd94e242-15bb-4015-b8bb-0ed9c10f6d94/element] with body: {"strategy":"id","selector":"in.workindia.nileshdungarwal.workindiaandroid:id/rb_delhi","context":"","multiple":false}
&amp#27;[35m[WD Proxy]&amp#27;[39m Got response with status 404: {"sessionId":"fd94e242-15bb-4015-b8bb-0ed9c10f6d94","value":{"error":"no such element","message":"An element could not be located on the page using the given search parameters","stacktrace":"io.appium.uiautomator2.common.exceptions.ElementNotFoundException: An element could not be located on the page using the given search parameters\n\tat io.appium.uiautomator2.handler.FindElement.safeHandle(FindElement.java:73)\n\tat io.appium.uiautomator2.handler.request.SafeRequestHandler.handle(SafeRequestHandler.java:41)\n\tat io.appium.uiautomator2.server.AppiumServlet.handleRequest(AppiumServlet.java:261)\n\tat io.appium.uiautomator2.server.AppiumServlet.handleHttpRequest(AppiumServlet.java:255)\n\tat io.appium.uiautomator2.http.ServerHandler.channelRead(ServerHandler.java:68)\n\tat io.netty.channel.AbstractChannelHandlerContext.invokeChannelRead(AbstractChannelHandlerContext.java:366)\n\tat io.netty.channel.AbstractChannelHandlerContext.invokeChannelRead(AbstractChannelHandlerContext.java:352)\n\tat io.netty.chann...
[debug] &amp#27;[35m[W3C]&amp#27;[39m Matched W3C error code 'no such element' to NoSuchElementError
[debug] &amp#27;[35m[BaseDriver]&amp#27;[39m Waited for 4626 ms so far
[debug] &amp#27;[35m[WD Proxy]&amp#27;[39m Matched '/element' to command name 'findElement'
[debug] &amp#27;[35m[WD Proxy]&amp#27;[39m Proxying [POST /element] to [POST http://127.0.0.1:8202/wd/hub/session/fd94e242-15bb-4015-b8bb-0ed9c10f6d94/element] with body: {"strategy":"id","selector":"in.workindia.nileshdungarwal.workindiaandroid:id/rb_delhi","context":"","multiple":false}
&amp#27;[35m[WD Proxy]&amp#27;[39m Got response with status 404: {"sessionId":"fd94e242-15bb-4015-b8bb-0ed9c10f6d94","value":{"error":"no such element","message":"An element could not be located on the page using the given search parameters","stacktrace":"io.appium.uiautomator2.common.exceptions.ElementNotFoundException: An element could not be located on the page using the given search parameters\n\tat io.appium.uiautomator2.handler.FindElement.safeHandle(FindElement.java:73)\n\tat io.appium.uiautomator2.handler.request.SafeRequestHandler.handle(SafeRequestHandler.java:41)\n\tat io.appium.uiautomator2.server.AppiumServlet.handleRequest(AppiumServlet.java:261)\n\tat io.appium.uiautomator2.server.AppiumServlet.handleHttpRequest(AppiumServlet.java:255)\n\tat io.appium.uiautomator2.http.ServerHandler.channelRead(ServerHandler.java:68)\n\tat io.netty.channel.AbstractChannelHandlerContext.invokeChannelRead(AbstractChannelHandlerContext.java:366)\n\tat io.netty.channel.AbstractChannelHandlerContext.invokeChannelRead(AbstractChannelHandlerContext.java:352)\n\tat io.netty.chann...
[debug] &amp#27;[35m[W3C]&amp#27;[39m Matched W3C error code 'no such element' to NoSuchElementError
[debug] &amp#27;[35m[BaseDriver]&amp#27;[39m Waited for 5164 ms so far
[debug] &amp#27;[35m[WD Proxy]&amp#27;[39m Matched '/element' to command name 'findElement'
[debug] &amp#27;[35m[WD Proxy]&amp#27;[39m Proxying [POST /element] to [POST http://127.0.0.1:8202/wd/hub/session/fd94e242-15bb-4015-b8bb-0ed9c10f6d94/element] with body: {"strategy":"id","selector":"in.workindia.nileshdungarwal.workindiaandroid:id/rb_delhi","context":"","multiple":false}
&amp#27;[35m[WD Proxy]&amp#27;[39m Got response with status 404: {"sessionId":"fd94e242-15bb-4015-b8bb-0ed9c10f6d94","value":{"error":"no such element","message":"An element could not be located on the page using the given search parameters","stacktrace":"io.appium.uiautomator2.common.exceptions.ElementNotFoundException: An element could not be located on the page using the given search parameters\n\tat io.appium.uiautomator2.handler.FindElement.safeHandle(FindElement.java:73)\n\tat io.appium.uiautomator2.handler.request.SafeRequestHandler.handle(SafeRequestHandler.java:41)\n\tat io.appium.uiautomator2.server.AppiumServlet.handleRequest(AppiumServlet.java:261)\n\tat io.appium.uiautomator2.server.AppiumServlet.handleHttpRequest(AppiumServlet.java:255)\n\tat io.appium.uiautomator2.http.ServerHandler.channelRead(ServerHandler.java:68)\n\tat io.netty.channel.AbstractChannelHandlerContext.invokeChannelRead(AbstractChannelHandlerContext.java:366)\n\tat io.netty.channel.AbstractChannelHandlerContext.invokeChannelRead(AbstractChannelHandlerContext.java:352)\n\tat io.netty.chann...
[debug] &amp#27;[35m[W3C]&amp#27;[39m Matched W3C error code 'no such element' to NoSuchElementError
[debug] &amp#27;[35m[BaseDriver]&amp#27;[39m Waited for 5694 ms so far
[debug] &amp#27;[35m[WD Proxy]&amp#27;[39m Matched '/element' to command name 'findElement'
[debug] &amp#27;[35m[WD Proxy]&amp#27;[39m Proxying [POST /element] to [POST http://127.0.0.1:8202/wd/hub/session/fd94e242-15bb-4015-b8bb-0ed9c10f6d94/element] with body: {"strategy":"id","selector":"in.workindia.nileshdungarwal.workindiaandroid:id/rb_delhi","context":"","multiple":false}
&amp#27;[35m[WD Proxy]&amp#27;[39m Got response with status 404: {"sessionId":"fd94e242-15bb-4015-b8bb-0ed9c10f6d94","value":{"error":"no such element","message":"An element could not be located on the page using the given search parameters","stacktrace":"io.appium.uiautomator2.common.exceptions.ElementNotFoundException: An element could not be located on the page using the given search parameters\n\tat io.appium.uiautomator2.handler.FindElement.safeHandle(FindElement.java:73)\n\tat io.appium.uiautomator2.handler.request.SafeRequestHandler.handle(SafeRequestHandler.java:41)\n\tat io.appium.uiautomator2.server.AppiumServlet.handleRequest(AppiumServlet.java:261)\n\tat io.appium.uiautomator2.server.AppiumServlet.handleHttpRequest(AppiumServlet.java:255)\n\tat io.appium.uiautomator2.http.ServerHandler.channelRead(ServerHandler.java:68)\n\tat io.netty.channel.AbstractChannelHandlerContext.invokeChannelRead(AbstractChannelHandlerContext.java:366)\n\tat io.netty.channel.AbstractChannelHandlerContext.invokeChannelRead(AbstractChannelHandlerContext.java:352)\n\tat io.netty.chann...
[debug] &amp#27;[35m[W3C]&amp#27;[39m Matched W3C error code 'no such element' to NoSuchElementError
[debug] &amp#27;[35m[BaseDriver]&amp#27;[39m Waited for 6220 ms so far
[debug] &amp#27;[35m[WD Proxy]&amp#27;[39m Matched '/element' to command name 'findElement'
[debug] &amp#27;[35m[WD Proxy]&amp#27;[39m Proxying [POST /element] to [POST http://127.0.0.1:8202/wd/hub/session/fd94e242-15bb-4015-b8bb-0ed9c10f6d94/element] with body: {"strategy":"id","selector":"in.workindia.nileshdungarwal.workindiaandroid:id/rb_delhi","context":"","multiple":false}
&amp#27;[35m[WD Proxy]&amp#27;[39m Got response with status 404: {"sessionId":"fd94e242-15bb-4015-b8bb-0ed9c10f6d94","value":{"error":"no such element","message":"An element could not be located on the page using the given search parameters","stacktrace":"io.appium.uiautomator2.common.exceptions.ElementNotFoundException: An element could not be located on the page using the given search parameters\n\tat io.appium.uiautomator2.handler.FindElement.safeHandle(FindElement.java:73)\n\tat io.appium.uiautomator2.handler.request.SafeRequestHandler.handle(SafeRequestHandler.java:41)\n\tat io.appium.uiautomator2.server.AppiumServlet.handleRequest(AppiumServlet.java:261)\n\tat io.appium.uiautomator2.server.AppiumServlet.handleHttpRequest(AppiumServlet.java:255)\n\tat io.appium.uiautomator2.http.ServerHandler.channelRead(ServerHandler.java:68)\n\tat io.netty.channel.AbstractChannelHandlerContext.invokeChannelRead(AbstractChannelHandlerContext.java:366)\n\tat io.netty.channel.AbstractChannelHandlerContext.invokeChannelRead(AbstractChannelHandlerContext.java:352)\n\tat io.netty.chann...
[debug] &amp#27;[35m[W3C]&amp#27;[39m Matched W3C error code 'no such element' to NoSuchElementError
[debug] &amp#27;[35m[BaseDriver]&amp#27;[39m Waited for 6759 ms so far
[debug] &amp#27;[35m[WD Proxy]&amp#27;[39m Matched '/element' to command name 'findElement'
[debug] &amp#27;[35m[WD Proxy]&amp#27;[39m Proxying [POST /element] to [POST http://127.0.0.1:8202/wd/hub/session/fd94e242-15bb-4015-b8bb-0ed9c10f6d94/element] with body: {"strategy":"id","selector":"in.workindia.nileshdungarwal.workindiaandroid:id/rb_delhi","context":"","multiple":false}
[debug] &amp#27;[35m[WD Proxy]&amp#27;[39m Got response with status 200: {"sessionId":"fd94e242-15bb-4015-b8bb-0ed9c10f6d94","value":{"ELEMENT":"5ff9770d-6931-4b92-98b3-25be29e27805","element-6066-11e4-a52e-4f735466cecf":"5ff9770d-6931-4b92-98b3-25be29e27805"}}
[debug] &amp#27;[35m[W3C (d1a20ab4)]&amp#27;[39m Responding to client with driver.findElement() result: {"element-6066-11e4-a52e-4f735466cecf":"5ff9770d-6931-4b92-98b3-25be29e27805","ELEMENT":"5ff9770d-6931-4b92-98b3-25be29e27805"}
&amp#27;[35m[HTTP]&amp#27;[39m &amp#27;[37m<-- POST /wd/hub/session/d1a20ab4-32fe-4fdc-ae18-bcb48c47c1d7/element &amp#27;[39m&amp#27;[32m200&amp#27;[39m &amp#27;[90m8286 ms - 137&amp#27;[39m
&amp#27;[35m[HTTP]&amp#27;[39m &amp#27;[90m&amp#27;[39m
&amp#27;[35m[HTTP]&amp#27;[39m &amp#27;[37m-->&amp#27;[39m &amp#27;[37mPOST&amp#27;[39m &amp#27;[37m/wd/hub/session/d1a20ab4-32fe-4fdc-ae18-bcb48c47c1d7/element/5ff9770d-6931-4b92-98b3-25be29e27805/click&amp#27;[39m
&amp#27;[35m[HTTP]&amp#27;[39m &amp#27;[90m{"id":"5ff9770d-6931-4b92-98b3-25be29e27805"}&amp#27;[39m
[debug] &amp#27;[35m[W3C (d1a20ab4)]&amp#27;[39m Calling AppiumDriver.click() with args: ["5ff9770d-6931-4b92-98b3-25be29e27805","d1a20ab4-32fe-4fdc-ae18-bcb48c47c1d7"]
[debug] &amp#27;[35m[WD Proxy]&amp#27;[39m Matched '/element/5ff9770d-6931-4b92-98b3-25be29e27805/click' to command name 'click'
[debug] &amp#27;[35m[WD Proxy]&amp#27;[39m Proxying [POST /element/5ff9770d-6931-4b92-98b3-25be29e27805/click] to [POST http://127.0.0.1:8202/wd/hub/session/fd94e242-15bb-4015-b8bb-0ed9c10f6d94/element/5ff9770d-6931-4b92-98b3-25be29e27805/click] with body: {"element":"5ff9770d-6931-4b92-98b3-25be29e27805"}
[debug] &amp#27;[35m[WD Proxy]&amp#27;[39m Got response with status 200: {"sessionId":"fd94e242-15bb-4015-b8bb-0ed9c10f6d94","value":null}
[debug] &amp#27;[35m[W3C (d1a20ab4)]&amp#27;[39m Responding to client with driver.click() result: null
&amp#27;[35m[HTTP]&amp#27;[39m &amp#27;[37m<-- POST /wd/hub/session/d1a20ab4-32fe-4fdc-ae18-bcb48c47c1d7/element/5ff9770d-6931-4b92-98b3-25be29e27805/click &amp#27;[39m&amp#27;[32m200&amp#27;[39m &amp#27;[90m660 ms - 14&amp#27;[39m
&amp#27;[35m[HTTP]&amp#27;[39m &amp#27;[90m&amp#27;[39m
&amp#27;[35m[HTTP]&amp#27;[39m &amp#27;[37m-->&amp#27;[39m &amp#27;[37mGET&amp#27;[39m &amp#27;[37m/wd/hub/session/d1a20ab4-32fe-4fdc-ae18-bcb48c47c1d7&amp#27;[39m
&amp#27;[35m[HTTP]&amp#27;[39m &amp#27;[90m{}&amp#27;[39m
[debug] &amp#27;[35m[W3C (d1a20ab4)]&amp#27;[39m Calling AppiumDriver.getSession() with args: ["d1a20ab4-32fe-4fdc-ae18-bcb48c47c1d7"]
[debug] &amp#27;[35m[UiAutomator2]&amp#27;[39m Getting session details from server to mix in
[debug] &amp#27;[35m[WD Proxy]&amp#27;[39m Matched '/' to command name 'getSession'
[debug] &amp#27;[35m[WD Proxy]&amp#27;[39m Proxying [GET /] to [GET http://127.0.0.1:8202/wd/hub/session/fd94e242-15bb-4015-b8bb-0ed9c10f6d94] with no body
[debug] &amp#27;[35m[WD Proxy]&amp#27;[39m Got response with status 200: {"sessionId":"fd94e242-15bb-4015-b8bb-0ed9c10f6d94","value":{"lastScrollData":null}}
[debug] &amp#27;[35m[W3C (d1a20ab4)]&amp#27;[39m Responding to client with driver.getSession() result: {"platform":"LINUX","webStorageEnabled":false,"takesScreenshot":true,"javascriptEnabled":true,"databaseEnabled":false,"networkConnectionEnabled":true,"locationContextEnabled":false,"warnings":{},"desired":{"platformName":"android","app":"./Resourses/in.workindia.apk","appActivity":"in.workindia.nileshdungarwal.workindiaandroid.RegisterActivity","appPackage":"in.workindia.nileshdungarwal.workindiaandroid","deviceName":"emulator-5554","platformVersion":"8.1"},"platformName":"android","app":"./Resourses/in.workindia.apk","appActivity":"in.workindia.nileshdungarwal.workindiaandroid.RegisterActivity","appPackage":"in.workindia.nileshdungarwal.workindiaandroid","deviceName":"emulator-5554","platformVersion":"8.1.0","deviceUDID":"emulator-5554","deviceApiLevel":27,"deviceScreenSize":"1080x2160","deviceScreenDensity":440,"deviceModel":"Android SDK built for x86","deviceManufacturer":"Google","pixelRatio":2.75,"statBarHeight":66,"viewportRect":{"left":0,"top":66,"width":1080,"height":1962},"lastScrollData":null}
&amp#27;[35m[HTTP]&amp#27;[39m &amp#27;[37m<-- GET /wd/hub/session/d1a20ab4-32fe-4fdc-ae18-bcb48c47c1d7 &amp#27;[39m&amp#27;[32m200&amp#27;[39m &amp#27;[90m15 ms - 1028&amp#27;[39m
&amp#27;[35m[HTTP]&amp#27;[39m &amp#27;[90m&amp#27;[39m
&amp#27;[35m[HTTP]&amp#27;[39m &amp#27;[37m-->&amp#27;[39m &amp#27;[37mGET&amp#27;[39m &amp#27;[37m/wd/hub/session/d1a20ab4-32fe-4fdc-ae18-bcb48c47c1d7&amp#27;[39m
&amp#27;[35m[HTTP]&amp#27;[39m &amp#27;[90m{}&amp#27;[39m
[debug] &amp#27;[35m[W3C (d1a20ab4)]&amp#27;[39m Calling AppiumDriver.getSession() with args: ["d1a20ab4-32fe-4fdc-ae18-bcb48c47c1d7"]
[debug] &amp#27;[35m[UiAutomator2]&amp#27;[39m Getting session details from server to mix in
[debug] &amp#27;[35m[WD Proxy]&amp#27;[39m Matched '/' to command name 'getSession'
[debug] &amp#27;[35m[WD Proxy]&amp#27;[39m Proxying [GET /] to [GET http://127.0.0.1:8202/wd/hub/session/fd94e242-15bb-4015-b8bb-0ed9c10f6d94] with no body
[debug] &amp#27;[35m[WD Proxy]&amp#27;[39m Got response with status 200: {"sessionId":"fd94e242-15bb-4015-b8bb-0ed9c10f6d94","value":{"lastScrollData":null}}
[debug] &amp#27;[35m[W3C (d1a20ab4)]&amp#27;[39m Responding to client with driver.getSession() result: {"platform":"LINUX","webStorageEnabled":false,"takesScreenshot":true,"javascriptEnabled":true,"databaseEnabled":false,"networkConnectionEnabled":true,"locationContextEnabled":false,"warnings":{},"desired":{"platformName":"android","app":"./Resourses/in.workindia.apk","appActivity":"in.workindia.nileshdungarwal.workindiaandroid.RegisterActivity","appPackage":"in.workindia.nileshdungarwal.workindiaandroid","deviceName":"emulator-5554","platformVersion":"8.1"},"platformName":"android","app":"./Resourses/in.workindia.apk","appActivity":"in.workindia.nileshdungarwal.workindiaandroid.RegisterActivity","appPackage":"in.workindia.nileshdungarwal.workindiaandroid","deviceName":"emulator-5554","platformVersion":"8.1.0","deviceUDID":"emulator-5554","deviceApiLevel":27,"deviceScreenSize":"1080x2160","deviceScreenDensity":440,"deviceModel":"Android SDK built for x86","deviceManufacturer":"Google","pixelRatio":2.75,"statBarHeight":66,"viewportRect":{"left":0,"top":66,"width":1080,"height":1962},"lastScrollData":null}
&amp#27;[35m[HTTP]&amp#27;[39m &amp#27;[37m<-- GET /wd/hub/session/d1a20ab4-32fe-4fdc-ae18-bcb48c47c1d7 &amp#27;[39m&amp#27;[32m200&amp#27;[39m &amp#27;[90m17 ms - 1028&amp#27;[39m
&amp#27;[35m[HTTP]&amp#27;[39m &amp#27;[90m&amp#27;[39m
&amp#27;[35m[HTTP]&amp#27;[39m &amp#27;[37m-->&amp#27;[39m &amp#27;[37mGET&amp#27;[39m &amp#27;[37m/wd/hub/session/d1a20ab4-32fe-4fdc-ae18-bcb48c47c1d7&amp#27;[39m
&amp#27;[35m[HTTP]&amp#27;[39m &amp#27;[90m{}&amp#27;[39m
[debug] &amp#27;[35m[W3C (d1a20ab4)]&amp#27;[39m Calling AppiumDriver.getSession() with args: ["d1a20ab4-32fe-4fdc-ae18-bcb48c47c1d7"]
[debug] &amp#27;[35m[UiAutomator2]&amp#27;[39m Getting session details from server to mix in
[debug] &amp#27;[35m[WD Proxy]&amp#27;[39m Matched '/' to command name 'getSession'
[debug] &amp#27;[35m[WD Proxy]&amp#27;[39m Proxying [GET /] to [GET http://127.0.0.1:8202/wd/hub/session/fd94e242-15bb-4015-b8bb-0ed9c10f6d94] with no body
[debug] &amp#27;[35m[WD Proxy]&amp#27;[39m Got response with status 200: {"sessionId":"fd94e242-15bb-4015-b8bb-0ed9c10f6d94","value":{"lastScrollData":null}}
[debug] &amp#27;[35m[W3C (d1a20ab4)]&amp#27;[39m Responding to client with driver.getSession() result: {"platform":"LINUX","webStorageEnabled":false,"takesScreenshot":true,"javascriptEnabled":true,"databaseEnabled":false,"networkConnectionEnabled":true,"locationContextEnabled":false,"warnings":{},"desired":{"platformName":"android","app":"./Resourses/in.workindia.apk","appActivity":"in.workindia.nileshdungarwal.workindiaandroid.RegisterActivity","appPackage":"in.workindia.nileshdungarwal.workindiaandroid","deviceName":"emulator-5554","platformVersion":"8.1"},"platformName":"android","app":"./Resourses/in.workindia.apk","appActivity":"in.workindia.nileshdungarwal.workindiaandroid.RegisterActivity","appPackage":"in.workindia.nileshdungarwal.workindiaandroid","deviceName":"emulator-5554","platformVersion":"8.1.0","deviceUDID":"emulator-5554","deviceApiLevel":27,"deviceScreenSize":"1080x2160","deviceScreenDensity":440,"deviceModel":"Android SDK built for x86","deviceManufacturer":"Google","pixelRatio":2.75,"statBarHeight":66,"viewportRect":{"left":0,"top":66,"width":1080,"height":1962},"lastScrollData":null}
&amp#27;[35m[HTTP]&amp#27;[39m &amp#27;[37m<-- GET /wd/hub/session/d1a20ab4-32fe-4fdc-ae18-bcb48c47c1d7 &amp#27;[39m&amp#27;[32m200&amp#27;[39m &amp#27;[90m15 ms - 1028&amp#27;[39m
&amp#27;[35m[HTTP]&amp#27;[39m &amp#27;[90m&amp#27;[39m
&amp#27;[35m[HTTP]&amp#27;[39m &amp#27;[37m-->&amp#27;[39m &amp#27;[37mPOST&amp#27;[39m &amp#27;[37m/wd/hub/session/d1a20ab4-32fe-4fdc-ae18-bcb48c47c1d7/element&amp#27;[39m
&amp#27;[35m[HTTP]&amp#27;[39m &amp#27;[90m{"using":"id","value":"in.workindia.nileshdungarwal.workindiaandroid:id/act_auto_complete"}&amp#27;[39m
[debug] &amp#27;[35m[W3C (d1a20ab4)]&amp#27;[39m Calling AppiumDriver.findElement() with args: ["id","in.workindia.nileshdungarwal.workindiaandroid:id/act_auto_complete","d1a20ab4-32fe-4fdc-ae18-bcb48c47c1d7"]
[debug] &amp#27;[35m[BaseDriver]&amp#27;[39m Valid locator strategies for this request: xpath, id, class name, accessibility id, css selector, -android uiautomator
[debug] &amp#27;[35m[BaseDriver]&amp#27;[39m Waiting up to 30000 ms for condition
[debug] &amp#27;[35m[WD Proxy]&amp#27;[39m Matched '/element' to command name 'findElement'
[debug] &amp#27;[35m[WD Proxy]&amp#27;[39m Proxying [POST /element] to [POST http://127.0.0.1:8202/wd/hub/session/fd94e242-15bb-4015-b8bb-0ed9c10f6d94/element] with body: {"strategy":"id","selector":"in.workindia.nileshdungarwal.workindiaandroid:id/act_auto_complete","context":"","multiple":false}
&amp#27;[35m[WD Proxy]&amp#27;[39m Got response with status 404: {"sessionId":"fd94e242-15bb-4015-b8bb-0ed9c10f6d94","value":{"error":"no such element","message":"An element could not be located on the page using the given search parameters","stacktrace":"io.appium.uiautomator2.common.exceptions.ElementNotFoundException: An element could not be located on the page using the given search parameters\n\tat io.appium.uiautomator2.handler.FindElement.safeHandle(FindElement.java:73)\n\tat io.appium.uiautomator2.handler.request.SafeRequestHandler.handle(SafeRequestHandler.java:41)\n\tat io.appium.uiautomator2.server.AppiumServlet.handleRequest(AppiumServlet.java:261)\n\tat io.appium.uiautomator2.server.AppiumServlet.handleHttpRequest(AppiumServlet.java:255)\n\tat io.appium.uiautomator2.http.ServerHandler.channelRead(ServerHandler.java:68)\n\tat io.netty.channel.AbstractChannelHandlerContext.invokeChannelRead(AbstractChannelHandlerContext.java:366)\n\tat io.netty.channel.AbstractChannelHandlerContext.invokeChannelRead(AbstractChannelHandlerContext.java:352)\n\tat io.netty.chann...
[debug] &amp#27;[35m[W3C]&amp#27;[39m Matched W3C error code 'no such element' to NoSuchElementError
[debug] &amp#27;[35m[BaseDriver]&amp#27;[39m Waited for 636 ms so far
[debug] &amp#27;[35m[WD Proxy]&amp#27;[39m Matched '/element' to command name 'findElement'
[debug] &amp#27;[35m[WD Proxy]&amp#27;[39m Proxying [POST /element] to [POST http://127.0.0.1:8202/wd/hub/session/fd94e242-15bb-4015-b8bb-0ed9c10f6d94/element] with body: {"strategy":"id","selector":"in.workindia.nileshdungarwal.workindiaandroid:id/act_auto_complete","context":"","multiple":false}
[debug] &amp#27;[35m[WD Proxy]&amp#27;[39m Got response with status 200: {"sessionId":"fd94e242-15bb-4015-b8bb-0ed9c10f6d94","value":{"ELEMENT":"732b3cbf-d6e2-41ca-9fc4-60dcc94619a4","element-6066-11e4-a52e-4f735466cecf":"732b3cbf-d6e2-41ca-9fc4-60dcc94619a4"}}
[debug] &amp#27;[35m[W3C (d1a20ab4)]&amp#27;[39m Responding to client with driver.findElement() result: {"element-6066-11e4-a52e-4f735466cecf":"732b3cbf-d6e2-41ca-9fc4-60dcc94619a4","ELEMENT":"732b3cbf-d6e2-41ca-9fc4-60dcc94619a4"}
&amp#27;[35m[HTTP]&amp#27;[39m &amp#27;[37m<-- POST /wd/hub/session/d1a20ab4-32fe-4fdc-ae18-bcb48c47c1d7/element &amp#27;[39m&amp#27;[32m200&amp#27;[39m &amp#27;[90m1525 ms - 137&amp#27;[39m
&amp#27;[35m[HTTP]&amp#27;[39m &amp#27;[90m&amp#27;[39m
&amp#27;[35m[HTTP]&amp#27;[39m &amp#27;[37m-->&amp#27;[39m &amp#27;[37mPOST&amp#27;[39m &amp#27;[37m/wd/hub/session/d1a20ab4-32fe-4fdc-ae18-bcb48c47c1d7/element/732b3cbf-d6e2-41ca-9fc4-60dcc94619a4/value&amp#27;[39m
&amp#27;[35m[HTTP]&amp#27;[39m &amp#27;[90m{"id":"732b3cbf-d6e2-41ca-9fc4-60dcc94619a4","text":"Karol Bagh","value":["K","a","r","o","l"," ","B","a","g","h"]}&amp#27;[39m
[debug] &amp#27;[35m[W3C (d1a20ab4)]&amp#27;[39m Calling AppiumDriver.setValue() with args: [["K","a","r","o","l"," ","B","a","g","h"],"732b3cbf-d6e2-41ca-9fc4-60dcc94619a4","d1a20ab4-32fe-4fdc-ae18-bcb48c47c1d7"]
[debug] &amp#27;[35m[WD Proxy]&amp#27;[39m Matched '/element/732b3cbf-d6e2-41ca-9fc4-60dcc94619a4/value' to command name 'setValue'
[debug] &amp#27;[35m[Protocol Converter]&amp#27;[39m Added 'value' property ["K","a","r","o","l"," ","B","a","g","h"] to 'setValue' request body
[debug] &amp#27;[35m[WD Proxy]&amp#27;[39m Proxying [POST /element/732b3cbf-d6e2-41ca-9fc4-60dcc94619a4/value] to [POST http://127.0.0.1:8202/wd/hub/session/fd94e242-15bb-4015-b8bb-0ed9c10f6d94/element/732b3cbf-d6e2-41ca-9fc4-60dcc94619a4/value] with body: {"elementId":"732b3cbf-d6e2-41ca-9fc4-60dcc94619a4","text":"Karol Bagh","replace":false,"value":["K","a","r","o","l"," ","B","a","g","h"]}
[debug] &amp#27;[35m[WD Proxy]&amp#27;[39m Got response with status 200: {"sessionId":"fd94e242-15bb-4015-b8bb-0ed9c10f6d94","value":null}
[debug] &amp#27;[35m[W3C (d1a20ab4)]&amp#27;[39m Responding to client with driver.setValue() result: null
&amp#27;[35m[HTTP]&amp#27;[39m &amp#27;[37m<-- POST /wd/hub/session/d1a20ab4-32fe-4fdc-ae18-bcb48c47c1d7/element/732b3cbf-d6e2-41ca-9fc4-60dcc94619a4/value &amp#27;[39m&amp#27;[32m200&amp#27;[39m &amp#27;[90m603 ms - 14&amp#27;[39m
&amp#27;[35m[HTTP]&amp#27;[39m &amp#27;[90m&amp#27;[39m
&amp#27;[35m[HTTP]&amp#27;[39m &amp#27;[37m-->&amp#27;[39m &amp#27;[37mGET&amp#27;[39m &amp#27;[37m/wd/hub/session/d1a20ab4-32fe-4fdc-ae18-bcb48c47c1d7&amp#27;[39m
&amp#27;[35m[HTTP]&amp#27;[39m &amp#27;[90m{}&amp#27;[39m
[debug] &amp#27;[35m[W3C (d1a20ab4)]&amp#27;[39m Calling AppiumDriver.getSession() with args: ["d1a20ab4-32fe-4fdc-ae18-bcb48c47c1d7"]
[debug] &amp#27;[35m[UiAutomator2]&amp#27;[39m Getting session details from server to mix in
[debug] &amp#27;[35m[WD Proxy]&amp#27;[39m Matched '/' to command name 'getSession'
[debug] &amp#27;[35m[WD Proxy]&amp#27;[39m Proxying [GET /] to [GET http://127.0.0.1:8202/wd/hub/session/fd94e242-15bb-4015-b8bb-0ed9c10f6d94] with no body
[debug] &amp#27;[35m[WD Proxy]&amp#27;[39m Got response with status 200: {"sessionId":"fd94e242-15bb-4015-b8bb-0ed9c10f6d94","value":{"lastScrollData":null}}
[debug] &amp#27;[35m[W3C (d1a20ab4)]&amp#27;[39m Responding to client with driver.getSession() result: {"platform":"LINUX","webStorageEnabled":false,"takesScreenshot":true,"javascriptEnabled":true,"databaseEnabled":false,"networkConnectionEnabled":true,"locationContextEnabled":false,"warnings":{},"desired":{"platformName":"android","app":"./Resourses/in.workindia.apk","appActivity":"in.workindia.nileshdungarwal.workindiaandroid.RegisterActivity","appPackage":"in.workindia.nileshdungarwal.workindiaandroid","deviceName":"emulator-5554","platformVersion":"8.1"},"platformName":"android","app":"./Resourses/in.workindia.apk","appActivity":"in.workindia.nileshdungarwal.workindiaandroid.RegisterActivity","appPackage":"in.workindia.nileshdungarwal.workindiaandroid","deviceName":"emulator-5554","platformVersion":"8.1.0","deviceUDID":"emulator-5554","deviceApiLevel":27,"deviceScreenSize":"1080x2160","deviceScreenDensity":440,"deviceModel":"Android SDK built for x86","deviceManufacturer":"Google","pixelRatio":2.75,"statBarHeight":66,"viewportRect":{"left":0,"top":66,"width":1080,"height":1962},"lastScrollData":null}
&amp#27;[35m[HTTP]&amp#27;[39m &amp#27;[37m<-- GET /wd/hub/session/d1a20ab4-32fe-4fdc-ae18-bcb48c47c1d7 &amp#27;[39m&amp#27;[32m200&amp#27;[39m &amp#27;[90m31 ms - 1028&amp#27;[39m
&amp#27;[35m[HTTP]&amp#27;[39m &amp#27;[90m&amp#27;[39m
&amp#27;[35m[HTTP]&amp#27;[39m &amp#27;[37m-->&amp#27;[39m &amp#27;[37mGET&amp#27;[39m &amp#27;[37m/wd/hub/session/d1a20ab4-32fe-4fdc-ae18-bcb48c47c1d7&amp#27;[39m
&amp#27;[35m[HTTP]&amp#27;[39m &amp#27;[90m{}&amp#27;[39m
[debug] &amp#27;[35m[W3C (d1a20ab4)]&amp#27;[39m Calling AppiumDriver.getSession() with args: ["d1a20ab4-32fe-4fdc-ae18-bcb48c47c1d7"]
[debug] &amp#27;[35m[UiAutomator2]&amp#27;[39m Getting session details from server to mix in
[debug] &amp#27;[35m[WD Proxy]&amp#27;[39m Matched '/' to command name 'getSession'
[debug] &amp#27;[35m[WD Proxy]&amp#27;[39m Proxying [GET /] to [GET http://127.0.0.1:8202/wd/hub/session/fd94e242-15bb-4015-b8bb-0ed9c10f6d94] with no body
[debug] &amp#27;[35m[WD Proxy]&amp#27;[39m Got response with status 200: {"sessionId":"fd94e242-15bb-4015-b8bb-0ed9c10f6d94","value":{"lastScrollData":null}}
[debug] &amp#27;[35m[W3C (d1a20ab4)]&amp#27;[39m Responding to client with driver.getSession() result: {"platform":"LINUX","webStorageEnabled":false,"takesScreenshot":true,"javascriptEnabled":true,"databaseEnabled":false,"networkConnectionEnabled":true,"locationContextEnabled":false,"warnings":{},"desired":{"platformName":"android","app":"./Resourses/in.workindia.apk","appActivity":"in.workindia.nileshdungarwal.workindiaandroid.RegisterActivity","appPackage":"in.workindia.nileshdungarwal.workindiaandroid","deviceName":"emulator-5554","platformVersion":"8.1"},"platformName":"android","app":"./Resourses/in.workindia.apk","appActivity":"in.workindia.nileshdungarwal.workindiaandroid.RegisterActivity","appPackage":"in.workindia.nileshdungarwal.workindiaandroid","deviceName":"emulator-5554","platformVersion":"8.1.0","deviceUDID":"emulator-5554","deviceApiLevel":27,"deviceScreenSize":"1080x2160","deviceScreenDensity":440,"deviceModel":"Android SDK built for x86","deviceManufacturer":"Google","pixelRatio":2.75,"statBarHeight":66,"viewportRect":{"left":0,"top":66,"width":1080,"height":1962},"lastScrollData":null}
&amp#27;[35m[HTTP]&amp#27;[39m &amp#27;[37m<-- GET /wd/hub/session/d1a20ab4-32fe-4fdc-ae18-bcb48c47c1d7 &amp#27;[39m&amp#27;[32m200&amp#27;[39m &amp#27;[90m24 ms - 1028&amp#27;[39m
&amp#27;[35m[HTTP]&amp#27;[39m &amp#27;[90m&amp#27;[39m
&amp#27;[35m[HTTP]&amp#27;[39m &amp#27;[37m-->&amp#27;[39m &amp#27;[37mGET&amp#27;[39m &amp#27;[37m/wd/hub/session/d1a20ab4-32fe-4fdc-ae18-bcb48c47c1d7&amp#27;[39m
&amp#27;[35m[HTTP]&amp#27;[39m &amp#27;[90m{}&amp#27;[39m
[debug] &amp#27;[35m[W3C (d1a20ab4)]&amp#27;[39m Calling AppiumDriver.getSession() with args: ["d1a20ab4-32fe-4fdc-ae18-bcb48c47c1d7"]
[debug] &amp#27;[35m[UiAutomator2]&amp#27;[39m Getting session details from server to mix in
[debug] &amp#27;[35m[WD Proxy]&amp#27;[39m Matched '/' to command name 'getSession'
[debug] &amp#27;[35m[WD Proxy]&amp#27;[39m Proxying [GET /] to [GET http://127.0.0.1:8202/wd/hub/session/fd94e242-15bb-4015-b8bb-0ed9c10f6d94] with no body
[debug] &amp#27;[35m[WD Proxy]&amp#27;[39m Got response with status 200: {"sessionId":"fd94e242-15bb-4015-b8bb-0ed9c10f6d94","value":{"lastScrollData":null}}
[debug] &amp#27;[35m[W3C (d1a20ab4)]&amp#27;[39m Responding to client with driver.getSession() result: {"platform":"LINUX","webStorageEnabled":false,"takesScreenshot":true,"javascriptEnabled":true,"databaseEnabled":false,"networkConnectionEnabled":true,"locationContextEnabled":false,"warnings":{},"desired":{"platformName":"android","app":"./Resourses/in.workindia.apk","appActivity":"in.workindia.nileshdungarwal.workindiaandroid.RegisterActivity","appPackage":"in.workindia.nileshdungarwal.workindiaandroid","deviceName":"emulator-5554","platformVersion":"8.1"},"platformName":"android","app":"./Resourses/in.workindia.apk","appActivity":"in.workindia.nileshdungarwal.workindiaandroid.RegisterActivity","appPackage":"in.workindia.nileshdungarwal.workindiaandroid","deviceName":"emulator-5554","platformVersion":"8.1.0","deviceUDID":"emulator-5554","deviceApiLevel":27,"deviceScreenSize":"1080x2160","deviceScreenDensity":440,"deviceModel":"Android SDK built for x86","deviceManufacturer":"Google","pixelRatio":2.75,"statBarHeight":66,"viewportRect":{"left":0,"top":66,"width":1080,"height":1962},"lastScrollData":null}
&amp#27;[35m[HTTP]&amp#27;[39m &amp#27;[37m<-- GET /wd/hub/session/d1a20ab4-32fe-4fdc-ae18-bcb48c47c1d7 &amp#27;[39m&amp#27;[32m200&amp#27;[39m &amp#27;[90m28 ms - 1028&amp#27;[39m
&amp#27;[35m[HTTP]&amp#27;[39m &amp#27;[90m&amp#27;[39m
&amp#27;[35m[HTTP]&amp#27;[39m &amp#27;[37m-->&amp#27;[39m &amp#27;[37mPOST&amp#27;[39m &amp#27;[37m/wd/hub/session/d1a20ab4-32fe-4fdc-ae18-bcb48c47c1d7/element&amp#27;[39m
&amp#27;[35m[HTTP]&amp#27;[39m &amp#27;[90m{"using":"id","value":"in.workindia.nileshdungarwal.workindiaandroid:id/btn_done"}&amp#27;[39m
[debug] &amp#27;[35m[W3C (d1a20ab4)]&amp#27;[39m Calling AppiumDriver.findElement() with args: ["id","in.workindia.nileshdungarwal.workindiaandroid:id/btn_done","d1a20ab4-32fe-4fdc-ae18-bcb48c47c1d7"]
[debug] &amp#27;[35m[BaseDriver]&amp#27;[39m Valid locator strategies for this request: xpath, id, class name, accessibility id, css selector, -android uiautomator
[debug] &amp#27;[35m[BaseDriver]&amp#27;[39m Waiting up to 30000 ms for condition
[debug] &amp#27;[35m[WD Proxy]&amp#27;[39m Matched '/element' to command name 'findElement'
[debug] &amp#27;[35m[WD Proxy]&amp#27;[39m Proxying [POST /element] to [POST http://127.0.0.1:8202/wd/hub/session/fd94e242-15bb-4015-b8bb-0ed9c10f6d94/element] with body: {"strategy":"id","selector":"in.workindia.nileshdungarwal.workindiaandroid:id/btn_done","context":"","multiple":false}
[debug] &amp#27;[35m[WD Proxy]&amp#27;[39m Got response with status 200: {"sessionId":"fd94e242-15bb-4015-b8bb-0ed9c10f6d94","value":{"ELEMENT":"0530abd9-44b5-4c56-aa91-02d7398bac28","element-6066-11e4-a52e-4f735466cecf":"0530abd9-44b5-4c56-aa91-02d7398bac28"}}
[debug] &amp#27;[35m[W3C (d1a20ab4)]&amp#27;[39m Responding to client with driver.findElement() result: {"element-6066-11e4-a52e-4f735466cecf":"0530abd9-44b5-4c56-aa91-02d7398bac28","ELEMENT":"0530abd9-44b5-4c56-aa91-02d7398bac28"}
&amp#27;[35m[HTTP]&amp#27;[39m &amp#27;[37m<-- POST /wd/hub/session/d1a20ab4-32fe-4fdc-ae18-bcb48c47c1d7/element &amp#27;[39m&amp#27;[32m200&amp#27;[39m &amp#27;[90m915 ms - 137&amp#27;[39m
&amp#27;[35m[HTTP]&amp#27;[39m &amp#27;[90m&amp#27;[39m
&amp#27;[35m[HTTP]&amp#27;[39m &amp#27;[37m-->&amp#27;[39m &amp#27;[37mPOST&amp#27;[39m &amp#27;[37m/wd/hub/session/d1a20ab4-32fe-4fdc-ae18-bcb48c47c1d7/element/0530abd9-44b5-4c56-aa91-02d7398bac28/click&amp#27;[39m
&amp#27;[35m[HTTP]&amp#27;[39m &amp#27;[90m{"id":"0530abd9-44b5-4c56-aa91-02d7398bac28"}&amp#27;[39m
[debug] &amp#27;[35m[W3C (d1a20ab4)]&amp#27;[39m Calling AppiumDriver.click() with args: ["0530abd9-44b5-4c56-aa91-02d7398bac28","d1a20ab4-32fe-4fdc-ae18-bcb48c47c1d7"]
[debug] &amp#27;[35m[WD Proxy]&amp#27;[39m Matched '/element/0530abd9-44b5-4c56-aa91-02d7398bac28/click' to command name 'click'
[debug] &amp#27;[35m[WD Proxy]&amp#27;[39m Proxying [POST /element/0530abd9-44b5-4c56-aa91-02d7398bac28/click] to [POST http://127.0.0.1:8202/wd/hub/session/fd94e242-15bb-4015-b8bb-0ed9c10f6d94/element/0530abd9-44b5-4c56-aa91-02d7398bac28/click] with body: {"element":"0530abd9-44b5-4c56-aa91-02d7398bac28"}
[debug] &amp#27;[35m[WD Proxy]&amp#27;[39m Got response with status 200: {"sessionId":"fd94e242-15bb-4015-b8bb-0ed9c10f6d94","value":null}
[debug] &amp#27;[35m[W3C (d1a20ab4)]&amp#27;[39m Responding to client with driver.click() result: null
&amp#27;[35m[HTTP]&amp#27;[39m &amp#27;[37m<-- POST /wd/hub/session/d1a20ab4-32fe-4fdc-ae18-bcb48c47c1d7/element/0530abd9-44b5-4c56-aa91-02d7398bac28/click &amp#27;[39m&amp#27;[32m200&amp#27;[39m &amp#27;[90m30 ms - 14&amp#27;[39m
&amp#27;[35m[HTTP]&amp#27;[39m &amp#27;[90m&amp#27;[39m
&amp#27;[35m[HTTP]&amp#27;[39m &amp#27;[37m-->&amp#27;[39m &amp#27;[37mGET&amp#27;[39m &amp#27;[37m/wd/hub/session/d1a20ab4-32fe-4fdc-ae18-bcb48c47c1d7&amp#27;[39m
&amp#27;[35m[HTTP]&amp#27;[39m &amp#27;[90m{}&amp#27;[39m
[debug] &amp#27;[35m[W3C (d1a20ab4)]&amp#27;[39m Calling AppiumDriver.getSession() with args: ["d1a20ab4-32fe-4fdc-ae18-bcb48c47c1d7"]
[debug] &amp#27;[35m[UiAutomator2]&amp#27;[39m Getting session details from server to mix in
[debug] &amp#27;[35m[WD Proxy]&amp#27;[39m Matched '/' to command name 'getSession'
[debug] &amp#27;[35m[WD Proxy]&amp#27;[39m Proxying [GET /] to [GET http://127.0.0.1:8202/wd/hub/session/fd94e242-15bb-4015-b8bb-0ed9c10f6d94] with no body
[debug] &amp#27;[35m[WD Proxy]&amp#27;[39m Got response with status 200: {"sessionId":"fd94e242-15bb-4015-b8bb-0ed9c10f6d94","value":{"lastScrollData":null}}
[debug] &amp#27;[35m[W3C (d1a20ab4)]&amp#27;[39m Responding to client with driver.getSession() result: {"platform":"LINUX","webStorageEnabled":false,"takesScreenshot":true,"javascriptEnabled":true,"databaseEnabled":false,"networkConnectionEnabled":true,"locationContextEnabled":false,"warnings":{},"desired":{"platformName":"android","app":"./Resourses/in.workindia.apk","appActivity":"in.workindia.nileshdungarwal.workindiaandroid.RegisterActivity","appPackage":"in.workindia.nileshdungarwal.workindiaandroid","deviceName":"emulator-5554","platformVersion":"8.1"},"platformName":"android","app":"./Resourses/in.workindia.apk","appActivity":"in.workindia.nileshdungarwal.workindiaandroid.RegisterActivity","appPackage":"in.workindia.nileshdungarwal.workindiaandroid","deviceName":"emulator-5554","platformVersion":"8.1.0","deviceUDID":"emulator-5554","deviceApiLevel":27,"deviceScreenSize":"1080x2160","deviceScreenDensity":440,"deviceModel":"Android SDK built for x86","deviceManufacturer":"Google","pixelRatio":2.75,"statBarHeight":66,"viewportRect":{"left":0,"top":66,"width":1080,"height":1962},"lastScrollData":null}
&amp#27;[35m[HTTP]&amp#27;[39m &amp#27;[37m<-- GET /wd/hub/session/d1a20ab4-32fe-4fdc-ae18-bcb48c47c1d7 &amp#27;[39m&amp#27;[32m200&amp#27;[39m &amp#27;[90m19 ms - 1028&amp#27;[39m
&amp#27;[35m[HTTP]&amp#27;[39m &amp#27;[90m&amp#27;[39m
&amp#27;[35m[HTTP]&amp#27;[39m &amp#27;[37m-->&amp#27;[39m &amp#27;[37mGET&amp#27;[39m &amp#27;[37m/wd/hub/session/d1a20ab4-32fe-4fdc-ae18-bcb48c47c1d7&amp#27;[39m
&amp#27;[35m[HTTP]&amp#27;[39m &amp#27;[90m{}&amp#27;[39m
[debug] &amp#27;[35m[W3C (d1a20ab4)]&amp#27;[39m Calling AppiumDriver.getSession() with args: ["d1a20ab4-32fe-4fdc-ae18-bcb48c47c1d7"]
[debug] &amp#27;[35m[UiAutomator2]&amp#27;[39m Getting session details from server to mix in
[debug] &amp#27;[35m[WD Proxy]&amp#27;[39m Matched '/' to command name 'getSession'
[debug] &amp#27;[35m[WD Proxy]&amp#27;[39m Proxying [GET /] to [GET http://127.0.0.1:8202/wd/hub/session/fd94e242-15bb-4015-b8bb-0ed9c10f6d94] with no body
[debug] &amp#27;[35m[WD Proxy]&amp#27;[39m Got response with status 200: {"sessionId":"fd94e242-15bb-4015-b8bb-0ed9c10f6d94","value":{"lastScrollData":null}}
[debug] &amp#27;[35m[W3C (d1a20ab4)]&amp#27;[39m Responding to client with driver.getSession() result: {"platform":"LINUX","webStorageEnabled":false,"takesScreenshot":true,"javascriptEnabled":true,"databaseEnabled":false,"networkConnectionEnabled":true,"locationContextEnabled":false,"warnings":{},"desired":{"platformName":"android","app":"./Resourses/in.workindia.apk","appActivity":"in.workindia.nileshdungarwal.workindiaandroid.RegisterActivity","appPackage":"in.workindia.nileshdungarwal.workindiaandroid","deviceName":"emulator-5554","platformVersion":"8.1"},"platformName":"android","app":"./Resourses/in.workindia.apk","appActivity":"in.workindia.nileshdungarwal.workindiaandroid.RegisterActivity","appPackage":"in.workindia.nileshdungarwal.workindiaandroid","deviceName":"emulator-5554","platformVersion":"8.1.0","deviceUDID":"emulator-5554","deviceApiLevel":27,"deviceScreenSize":"1080x2160","deviceScreenDensity":440,"deviceModel":"Android SDK built for x86","deviceManufacturer":"Google","pixelRatio":2.75,"statBarHeight":66,"viewportRect":{"left":0,"top":66,"width":1080,"height":1962},"lastScrollData":null}
&amp#27;[35m[HTTP]&amp#27;[39m &amp#27;[37m<-- GET /wd/hub/session/d1a20ab4-32fe-4fdc-ae18-bcb48c47c1d7 &amp#27;[39m&amp#27;[32m200&amp#27;[39m &amp#27;[90m26 ms - 1028&amp#27;[39m
&amp#27;[35m[HTTP]&amp#27;[39m &amp#27;[90m&amp#27;[39m
&amp#27;[35m[HTTP]&amp#27;[39m &amp#27;[37m-->&amp#27;[39m &amp#27;[37mGET&amp#27;[39m &amp#27;[37m/wd/hub/session/d1a20ab4-32fe-4fdc-ae18-bcb48c47c1d7&amp#27;[39m
&amp#27;[35m[HTTP]&amp#27;[39m &amp#27;[90m{}&amp#27;[39m
[debug] &amp#27;[35m[W3C (d1a20ab4)]&amp#27;[39m Calling AppiumDriver.getSession() with args: ["d1a20ab4-32fe-4fdc-ae18-bcb48c47c1d7"]
[debug] &amp#27;[35m[UiAutomator2]&amp#27;[39m Getting session details from server to mix in
[debug] &amp#27;[35m[WD Proxy]&amp#27;[39m Matched '/' to command name 'getSession'
[debug] &amp#27;[35m[WD Proxy]&amp#27;[39m Proxying [GET /] to [GET http://127.0.0.1:8202/wd/hub/session/fd94e242-15bb-4015-b8bb-0ed9c10f6d94] with no body
[debug] &amp#27;[35m[WD Proxy]&amp#27;[39m Got response with status 200: {"sessionId":"fd94e242-15bb-4015-b8bb-0ed9c10f6d94","value":{"lastScrollData":null}}
[debug] &amp#27;[35m[W3C (d1a20ab4)]&amp#27;[39m Responding to client with driver.getSession() result: {"platform":"LINUX","webStorageEnabled":false,"takesScreenshot":true,"javascriptEnabled":true,"databaseEnabled":false,"networkConnectionEnabled":true,"locationContextEnabled":false,"warnings":{},"desired":{"platformName":"android","app":"./Resourses/in.workindia.apk","appActivity":"in.workindia.nileshdungarwal.workindiaandroid.RegisterActivity","appPackage":"in.workindia.nileshdungarwal.workindiaandroid","deviceName":"emulator-5554","platformVersion":"8.1"},"platformName":"android","app":"./Resourses/in.workindia.apk","appActivity":"in.workindia.nileshdungarwal.workindiaandroid.RegisterActivity","appPackage":"in.workindia.nileshdungarwal.workindiaandroid","deviceName":"emulator-5554","platformVersion":"8.1.0","deviceUDID":"emulator-5554","deviceApiLevel":27,"deviceScreenSize":"1080x2160","deviceScreenDensity":440,"deviceModel":"Android SDK built for x86","deviceManufacturer":"Google","pixelRatio":2.75,"statBarHeight":66,"viewportRect":{"left":0,"top":66,"width":1080,"height":1962},"lastScrollData":null}
&amp#27;[35m[HTTP]&amp#27;[39m &amp#27;[37m<-- GET /wd/hub/session/d1a20ab4-32fe-4fdc-ae18-bcb48c47c1d7 &amp#27;[39m&amp#27;[32m200&amp#27;[39m &amp#27;[90m27 ms - 1028&amp#27;[39m
&amp#27;[35m[HTTP]&amp#27;[39m &amp#27;[90m&amp#27;[39m
&amp#27;[35m[HTTP]&amp#27;[39m &amp#27;[37m-->&amp#27;[39m &amp#27;[37mPOST&amp#27;[39m &amp#27;[37m/wd/hub/session/d1a20ab4-32fe-4fdc-ae18-bcb48c47c1d7/element&amp#27;[39m
&amp#27;[35m[HTTP]&amp#27;[39m &amp#27;[90m{"using":"id","value":"in.workindia.nileshdungarwal.workindiaandroid:id/rg_male"}&amp#27;[39m
[debug] &amp#27;[35m[W3C (d1a20ab4)]&amp#27;[39m Calling AppiumDriver.findElement() with args: ["id","in.workindia.nileshdungarwal.workindiaandroid:id/rg_male","d1a20ab4-32fe-4fdc-ae18-bcb48c47c1d7"]
[debug] &amp#27;[35m[BaseDriver]&amp#27;[39m Valid locator strategies for this request: xpath, id, class name, accessibility id, css selector, -android uiautomator
[debug] &amp#27;[35m[BaseDriver]&amp#27;[39m Waiting up to 30000 ms for condition
[debug] &amp#27;[35m[WD Proxy]&amp#27;[39m Matched '/element' to command name 'findElement'
[debug] &amp#27;[35m[WD Proxy]&amp#27;[39m Proxying [POST /element] to [POST http://127.0.0.1:8202/wd/hub/session/fd94e242-15bb-4015-b8bb-0ed9c10f6d94/element] with body: {"strategy":"id","selector":"in.workindia.nileshdungarwal.workindiaandroid:id/rg_male","context":"","multiple":false}
&amp#27;[35m[WD Proxy]&amp#27;[39m Got response with status 404: {"sessionId":"fd94e242-15bb-4015-b8bb-0ed9c10f6d94","value":{"error":"no such element","message":"An element could not be located on the page using the given search parameters","stacktrace":"io.appium.uiautomator2.common.exceptions.ElementNotFoundException: An element could not be located on the page using the given search parameters\n\tat io.appium.uiautomator2.handler.FindElement.safeHandle(FindElement.java:73)\n\tat io.appium.uiautomator2.handler.request.SafeRequestHandler.handle(SafeRequestHandler.java:41)\n\tat io.appium.uiautomator2.server.AppiumServlet.handleRequest(AppiumServlet.java:261)\n\tat io.appium.uiautomator2.server.AppiumServlet.handleHttpRequest(AppiumServlet.java:255)\n\tat io.appium.uiautomator2.http.ServerHandler.channelRead(ServerHandler.java:68)\n\tat io.netty.channel.AbstractChannelHandlerContext.invokeChannelRead(AbstractChannelHandlerContext.java:366)\n\tat io.netty.channel.AbstractChannelHandlerContext.invokeChannelRead(AbstractChannelHandlerContext.java:352)\n\tat io.netty.chann...
[debug] &amp#27;[35m[W3C]&amp#27;[39m Matched W3C error code 'no such element' to NoSuchElementError
[debug] &amp#27;[35m[BaseDriver]&amp#27;[39m Waited for 726 ms so far
[debug] &amp#27;[35m[WD Proxy]&amp#27;[39m Matched '/element' to command name 'findElement'
[debug] &amp#27;[35m[WD Proxy]&amp#27;[39m Proxying [POST /element] to [POST http://127.0.0.1:8202/wd/hub/session/fd94e242-15bb-4015-b8bb-0ed9c10f6d94/element] with body: {"strategy":"id","selector":"in.workindia.nileshdungarwal.workindiaandroid:id/rg_male","context":"","multiple":false}
[debug] &amp#27;[35m[WD Proxy]&amp#27;[39m Got response with status 200: {"sessionId":"fd94e242-15bb-4015-b8bb-0ed9c10f6d94","value":{"ELEMENT":"3360675a-7054-4fb2-bb2f-35d811ff76a4","element-6066-11e4-a52e-4f735466cecf":"3360675a-7054-4fb2-bb2f-35d811ff76a4"}}
[debug] &amp#27;[35m[W3C (d1a20ab4)]&amp#27;[39m Responding to client with driver.findElement() result: {"element-6066-11e4-a52e-4f735466cecf":"3360675a-7054-4fb2-bb2f-35d811ff76a4","ELEMENT":"3360675a-7054-4fb2-bb2f-35d811ff76a4"}
&amp#27;[35m[HTTP]&amp#27;[39m &amp#27;[37m<-- POST /wd/hub/session/d1a20ab4-32fe-4fdc-ae18-bcb48c47c1d7/element &amp#27;[39m&amp#27;[32m200&amp#27;[39m &amp#27;[90m1729 ms - 137&amp#27;[39m
&amp#27;[35m[HTTP]&amp#27;[39m &amp#27;[90m&amp#27;[39m
&amp#27;[35m[HTTP]&amp#27;[39m &amp#27;[37m-->&amp#27;[39m &amp#27;[37mPOST&amp#27;[39m &amp#27;[37m/wd/hub/session/d1a20ab4-32fe-4fdc-ae18-bcb48c47c1d7/element/3360675a-7054-4fb2-bb2f-35d811ff76a4/click&amp#27;[39m
&amp#27;[35m[HTTP]&amp#27;[39m &amp#27;[90m{"id":"3360675a-7054-4fb2-bb2f-35d811ff76a4"}&amp#27;[39m
[debug] &amp#27;[35m[W3C (d1a20ab4)]&amp#27;[39m Calling AppiumDriver.click() with args: ["3360675a-7054-4fb2-bb2f-35d811ff76a4","d1a20ab4-32fe-4fdc-ae18-bcb48c47c1d7"]
[debug] &amp#27;[35m[WD Proxy]&amp#27;[39m Matched '/element/3360675a-7054-4fb2-bb2f-35d811ff76a4/click' to command name 'click'
[debug] &amp#27;[35m[WD Proxy]&amp#27;[39m Proxying [POST /element/3360675a-7054-4fb2-bb2f-35d811ff76a4/click] to [POST http://127.0.0.1:8202/wd/hub/session/fd94e242-15bb-4015-b8bb-0ed9c10f6d94/element/3360675a-7054-4fb2-bb2f-35d811ff76a4/click] with body: {"element":"3360675a-7054-4fb2-bb2f-35d811ff76a4"}
[debug] &amp#27;[35m[WD Proxy]&amp#27;[39m Got response with status 200: {"sessionId":"fd94e242-15bb-4015-b8bb-0ed9c10f6d94","value":null}
[debug] &amp#27;[35m[W3C (d1a20ab4)]&amp#27;[39m Responding to client with driver.click() result: null
&amp#27;[35m[HTTP]&amp#27;[39m &amp#27;[37m<-- POST /wd/hub/session/d1a20ab4-32fe-4fdc-ae18-bcb48c47c1d7/element/3360675a-7054-4fb2-bb2f-35d811ff76a4/click &amp#27;[39m&amp#27;[32m200&amp#27;[39m &amp#27;[90m79 ms - 14&amp#27;[39m
&amp#27;[35m[HTTP]&amp#27;[39m &amp#27;[90m&amp#27;[39m
&amp#27;[35m[HTTP]&amp#27;[39m &amp#27;[37m-->&amp#27;[39m &amp#27;[37mGET&amp#27;[39m &amp#27;[37m/wd/hub/session/d1a20ab4-32fe-4fdc-ae18-bcb48c47c1d7&amp#27;[39m
&amp#27;[35m[HTTP]&amp#27;[39m &amp#27;[90m{}&amp#27;[39m
[debug] &amp#27;[35m[W3C (d1a20ab4)]&amp#27;[39m Calling AppiumDriver.getSession() with args: ["d1a20ab4-32fe-4fdc-ae18-bcb48c47c1d7"]
[debug] &amp#27;[35m[UiAutomator2]&amp#27;[39m Getting session details from server to mix in
[debug] &amp#27;[35m[WD Proxy]&amp#27;[39m Matched '/' to command name 'getSession'
[debug] &amp#27;[35m[WD Proxy]&amp#27;[39m Proxying [GET /] to [GET http://127.0.0.1:8202/wd/hub/session/fd94e242-15bb-4015-b8bb-0ed9c10f6d94] with no body
[debug] &amp#27;[35m[WD Proxy]&amp#27;[39m Got response with status 200: {"sessionId":"fd94e242-15bb-4015-b8bb-0ed9c10f6d94","value":{"lastScrollData":null}}
[debug] &amp#27;[35m[W3C (d1a20ab4)]&amp#27;[39m Responding to client with driver.getSession() result: {"platform":"LINUX","webStorageEnabled":false,"takesScreenshot":true,"javascriptEnabled":true,"databaseEnabled":false,"networkConnectionEnabled":true,"locationContextEnabled":false,"warnings":{},"desired":{"platformName":"android","app":"./Resourses/in.workindia.apk","appActivity":"in.workindia.nileshdungarwal.workindiaandroid.RegisterActivity","appPackage":"in.workindia.nileshdungarwal.workindiaandroid","deviceName":"emulator-5554","platformVersion":"8.1"},"platformName":"android","app":"./Resourses/in.workindia.apk","appActivity":"in.workindia.nileshdungarwal.workindiaandroid.RegisterActivity","appPackage":"in.workindia.nileshdungarwal.workindiaandroid","deviceName":"emulator-5554","platformVersion":"8.1.0","deviceUDID":"emulator-5554","deviceApiLevel":27,"deviceScreenSize":"1080x2160","deviceScreenDensity":440,"deviceModel":"Android SDK built for x86","deviceManufacturer":"Google","pixelRatio":2.75,"statBarHeight":66,"viewportRect":{"left":0,"top":66,"width":1080,"height":1962},"lastScrollData":null}
&amp#27;[35m[HTTP]&amp#27;[39m &amp#27;[37m<-- GET /wd/hub/session/d1a20ab4-32fe-4fdc-ae18-bcb48c47c1d7 &amp#27;[39m&amp#27;[32m200&amp#27;[39m &amp#27;[90m17 ms - 1028&amp#27;[39m
&amp#27;[35m[HTTP]&amp#27;[39m &amp#27;[90m&amp#27;[39m
&amp#27;[35m[HTTP]&amp#27;[39m &amp#27;[37m-->&amp#27;[39m &amp#27;[37mPOST&amp#27;[39m &amp#27;[37m/wd/hub/session/d1a20ab4-32fe-4fdc-ae18-bcb48c47c1d7/element&amp#27;[39m
&amp#27;[35m[HTTP]&amp#27;[39m &amp#27;[90m{"using":"id","value":"in.workindia.nileshdungarwal.workindiaandroid:id/rb_graduate"}&amp#27;[39m
[debug] &amp#27;[35m[W3C (d1a20ab4)]&amp#27;[39m Calling AppiumDriver.findElement() with args: ["id","in.workindia.nileshdungarwal.workindiaandroid:id/rb_graduate","d1a20ab4-32fe-4fdc-ae18-bcb48c47c1d7"]
[debug] &amp#27;[35m[BaseDriver]&amp#27;[39m Valid locator strategies for this request: xpath, id, class name, accessibility id, css selector, -android uiautomator
[debug] &amp#27;[35m[BaseDriver]&amp#27;[39m Waiting up to 30000 ms for condition
[debug] &amp#27;[35m[WD Proxy]&amp#27;[39m Matched '/element' to command name 'findElement'
[debug] &amp#27;[35m[WD Proxy]&amp#27;[39m Proxying [POST /element] to [POST http://127.0.0.1:8202/wd/hub/session/fd94e242-15bb-4015-b8bb-0ed9c10f6d94/element] with body: {"strategy":"id","selector":"in.workindia.nileshdungarwal.workindiaandroid:id/rb_graduate","context":"","multiple":false}
[debug] &amp#27;[35m[WD Proxy]&amp#27;[39m Got response with status 200: {"sessionId":"fd94e242-15bb-4015-b8bb-0ed9c10f6d94","value":{"ELEMENT":"474a3401-99b4-47d2-8cc0-1740d74d9e8f","element-6066-11e4-a52e-4f735466cecf":"474a3401-99b4-47d2-8cc0-1740d74d9e8f"}}
[debug] &amp#27;[35m[W3C (d1a20ab4)]&amp#27;[39m Responding to client with driver.findElement() result: {"element-6066-11e4-a52e-4f735466cecf":"474a3401-99b4-47d2-8cc0-1740d74d9e8f","ELEMENT":"474a3401-99b4-47d2-8cc0-1740d74d9e8f"}
&amp#27;[35m[HTTP]&amp#27;[39m &amp#27;[37m<-- POST /wd/hub/session/d1a20ab4-32fe-4fdc-ae18-bcb48c47c1d7/element &amp#27;[39m&amp#27;[32m200&amp#27;[39m &amp#27;[90m507 ms - 137&amp#27;[39m
&amp#27;[35m[HTTP]&amp#27;[39m &amp#27;[90m&amp#27;[39m
&amp#27;[35m[HTTP]&amp#27;[39m &amp#27;[37m-->&amp#27;[39m &amp#27;[37mPOST&amp#27;[39m &amp#27;[37m/wd/hub/session/d1a20ab4-32fe-4fdc-ae18-bcb48c47c1d7/element/474a3401-99b4-47d2-8cc0-1740d74d9e8f/click&amp#27;[39m
&amp#27;[35m[HTTP]&amp#27;[39m &amp#27;[90m{"id":"474a3401-99b4-47d2-8cc0-1740d74d9e8f"}&amp#27;[39m
[debug] &amp#27;[35m[W3C (d1a20ab4)]&amp#27;[39m Calling AppiumDriver.click() with args: ["474a3401-99b4-47d2-8cc0-1740d74d9e8f","d1a20ab4-32fe-4fdc-ae18-bcb48c47c1d7"]
[debug] &amp#27;[35m[WD Proxy]&amp#27;[39m Matched '/element/474a3401-99b4-47d2-8cc0-1740d74d9e8f/click' to command name 'click'
[debug] &amp#27;[35m[WD Proxy]&amp#27;[39m Proxying [POST /element/474a3401-99b4-47d2-8cc0-1740d74d9e8f/click] to [POST http://127.0.0.1:8202/wd/hub/session/fd94e242-15bb-4015-b8bb-0ed9c10f6d94/element/474a3401-99b4-47d2-8cc0-1740d74d9e8f/click] with body: {"element":"474a3401-99b4-47d2-8cc0-1740d74d9e8f"}
[debug] &amp#27;[35m[WD Proxy]&amp#27;[39m Got response with status 200: {"sessionId":"fd94e242-15bb-4015-b8bb-0ed9c10f6d94","value":null}
[debug] &amp#27;[35m[W3C (d1a20ab4)]&amp#27;[39m Responding to client with driver.click() result: null
&amp#27;[35m[HTTP]&amp#27;[39m &amp#27;[37m<-- POST /wd/hub/session/d1a20ab4-32fe-4fdc-ae18-bcb48c47c1d7/element/474a3401-99b4-47d2-8cc0-1740d74d9e8f/click &amp#27;[39m&amp#27;[32m200&amp#27;[39m &amp#27;[90m61 ms - 14&amp#27;[39m
&amp#27;[35m[HTTP]&amp#27;[39m &amp#27;[90m&amp#27;[39m
&amp#27;[35m[HTTP]&amp#27;[39m &amp#27;[37m-->&amp#27;[39m &amp#27;[37mGET&amp#27;[39m &amp#27;[37m/wd/hub/session/d1a20ab4-32fe-4fdc-ae18-bcb48c47c1d7&amp#27;[39m
&amp#27;[35m[HTTP]&amp#27;[39m &amp#27;[90m{}&amp#27;[39m
[debug] &amp#27;[35m[W3C (d1a20ab4)]&amp#27;[39m Calling AppiumDriver.getSession() with args: ["d1a20ab4-32fe-4fdc-ae18-bcb48c47c1d7"]
[debug] &amp#27;[35m[UiAutomator2]&amp#27;[39m Getting session details from server to mix in
[debug] &amp#27;[35m[WD Proxy]&amp#27;[39m Matched '/' to command name 'getSession'
[debug] &amp#27;[35m[WD Proxy]&amp#27;[39m Proxying [GET /] to [GET http://127.0.0.1:8202/wd/hub/session/fd94e242-15bb-4015-b8bb-0ed9c10f6d94] with no body
[debug] &amp#27;[35m[WD Proxy]&amp#27;[39m Got response with status 200: {"sessionId":"fd94e242-15bb-4015-b8bb-0ed9c10f6d94","value":{"lastScrollData":null}}
[debug] &amp#27;[35m[W3C (d1a20ab4)]&amp#27;[39m Responding to client with driver.getSession() result: {"platform":"LINUX","webStorageEnabled":false,"takesScreenshot":true,"javascriptEnabled":true,"databaseEnabled":false,"networkConnectionEnabled":true,"locationContextEnabled":false,"warnings":{},"desired":{"platformName":"android","app":"./Resourses/in.workindia.apk","appActivity":"in.workindia.nileshdungarwal.workindiaandroid.RegisterActivity","appPackage":"in.workindia.nileshdungarwal.workindiaandroid","deviceName":"emulator-5554","platformVersion":"8.1"},"platformName":"android","app":"./Resourses/in.workindia.apk","appActivity":"in.workindia.nileshdungarwal.workindiaandroid.RegisterActivity","appPackage":"in.workindia.nileshdungarwal.workindiaandroid","deviceName":"emulator-5554","platformVersion":"8.1.0","deviceUDID":"emulator-5554","deviceApiLevel":27,"deviceScreenSize":"1080x2160","deviceScreenDensity":440,"deviceModel":"Android SDK built for x86","deviceManufacturer":"Google","pixelRatio":2.75,"statBarHeight":66,"viewportRect":{"left":0,"top":66,"width":1080,"height":1962},"lastScrollData":null}
&amp#27;[35m[HTTP]&amp#27;[39m &amp#27;[37m<-- GET /wd/hub/session/d1a20ab4-32fe-4fdc-ae18-bcb48c47c1d7 &amp#27;[39m&amp#27;[32m200&amp#27;[39m &amp#27;[90m16 ms - 1028&amp#27;[39m
&amp#27;[35m[HTTP]&amp#27;[39m &amp#27;[90m&amp#27;[39m
&amp#27;[35m[HTTP]&amp#27;[39m &amp#27;[37m-->&amp#27;[39m &amp#27;[37mPOST&amp#27;[39m &amp#27;[37m/wd/hub/session/d1a20ab4-32fe-4fdc-ae18-bcb48c47c1d7/element&amp#27;[39m
&amp#27;[35m[HTTP]&amp#27;[39m &amp#27;[90m{"using":"id","value":"in.workindia.nileshdungarwal.workindiaandroid:id/cb_hindi"}&amp#27;[39m
[debug] &amp#27;[35m[W3C (d1a20ab4)]&amp#27;[39m Calling AppiumDriver.findElement() with args: ["id","in.workindia.nileshdungarwal.workindiaandroid:id/cb_hindi","d1a20ab4-32fe-4fdc-ae18-bcb48c47c1d7"]
[debug] &amp#27;[35m[BaseDriver]&amp#27;[39m Valid locator strategies for this request: xpath, id, class name, accessibility id, css selector, -android uiautomator
[debug] &amp#27;[35m[BaseDriver]&amp#27;[39m Waiting up to 30000 ms for condition
[debug] &amp#27;[35m[WD Proxy]&amp#27;[39m Matched '/element' to command name 'findElement'
[debug] &amp#27;[35m[WD Proxy]&amp#27;[39m Proxying [POST /element] to [POST http://127.0.0.1:8202/wd/hub/session/fd94e242-15bb-4015-b8bb-0ed9c10f6d94/element] with body: {"strategy":"id","selector":"in.workindia.nileshdungarwal.workindiaandroid:id/cb_hindi","context":"","multiple":false}
[debug] &amp#27;[35m[WD Proxy]&amp#27;[39m Got response with status 200: {"sessionId":"fd94e242-15bb-4015-b8bb-0ed9c10f6d94","value":{"ELEMENT":"fed120b0-ecfb-407c-a405-6feb746e56b8","element-6066-11e4-a52e-4f735466cecf":"fed120b0-ecfb-407c-a405-6feb746e56b8"}}
[debug] &amp#27;[35m[W3C (d1a20ab4)]&amp#27;[39m Responding to client with driver.findElement() result: {"element-6066-11e4-a52e-4f735466cecf":"fed120b0-ecfb-407c-a405-6feb746e56b8","ELEMENT":"fed120b0-ecfb-407c-a405-6feb746e56b8"}
&amp#27;[35m[HTTP]&amp#27;[39m &amp#27;[37m<-- POST /wd/hub/session/d1a20ab4-32fe-4fdc-ae18-bcb48c47c1d7/element &amp#27;[39m&amp#27;[32m200&amp#27;[39m &amp#27;[90m85 ms - 137&amp#27;[39m
&amp#27;[35m[HTTP]&amp#27;[39m &amp#27;[90m&amp#27;[39m
&amp#27;[35m[HTTP]&amp#27;[39m &amp#27;[37m-->&amp#27;[39m &amp#27;[37mPOST&amp#27;[39m &amp#27;[37m/wd/hub/session/d1a20ab4-32fe-4fdc-ae18-bcb48c47c1d7/element/fed120b0-ecfb-407c-a405-6feb746e56b8/click&amp#27;[39m
&amp#27;[35m[HTTP]&amp#27;[39m &amp#27;[90m{"id":"fed120b0-ecfb-407c-a405-6feb746e56b8"}&amp#27;[39m
[debug] &amp#27;[35m[W3C (d1a20ab4)]&amp#27;[39m Calling AppiumDriver.click() with args: ["fed120b0-ecfb-407c-a405-6feb746e56b8","d1a20ab4-32fe-4fdc-ae18-bcb48c47c1d7"]
[debug] &amp#27;[35m[WD Proxy]&amp#27;[39m Matched '/element/fed120b0-ecfb-407c-a405-6feb746e56b8/click' to command name 'click'
[debug] &amp#27;[35m[WD Proxy]&amp#27;[39m Proxying [POST /element/fed120b0-ecfb-407c-a405-6feb746e56b8/click] to [POST http://127.0.0.1:8202/wd/hub/session/fd94e242-15bb-4015-b8bb-0ed9c10f6d94/element/fed120b0-ecfb-407c-a405-6feb746e56b8/click] with body: {"element":"fed120b0-ecfb-407c-a405-6feb746e56b8"}
[debug] &amp#27;[35m[WD Proxy]&amp#27;[39m Got response with status 200: {"sessionId":"fd94e242-15bb-4015-b8bb-0ed9c10f6d94","value":null}
[debug] &amp#27;[35m[W3C (d1a20ab4)]&amp#27;[39m Responding to client with driver.click() result: null
&amp#27;[35m[HTTP]&amp#27;[39m &amp#27;[37m<-- POST /wd/hub/session/d1a20ab4-32fe-4fdc-ae18-bcb48c47c1d7/element/fed120b0-ecfb-407c-a405-6feb746e56b8/click &amp#27;[39m&amp#27;[32m200&amp#27;[39m &amp#27;[90m1133 ms - 14&amp#27;[39m
&amp#27;[35m[HTTP]&amp#27;[39m &amp#27;[90m&amp#27;[39m
&amp#27;[35m[HTTP]&amp#27;[39m &amp#27;[37m-->&amp#27;[39m &amp#27;[37mGET&amp#27;[39m &amp#27;[37m/wd/hub/session/d1a20ab4-32fe-4fdc-ae18-bcb48c47c1d7&amp#27;[39m
&amp#27;[35m[HTTP]&amp#27;[39m &amp#27;[90m{}&amp#27;[39m
[debug] &amp#27;[35m[W3C (d1a20ab4)]&amp#27;[39m Calling AppiumDriver.getSession() with args: ["d1a20ab4-32fe-4fdc-ae18-bcb48c47c1d7"]
[debug] &amp#27;[35m[UiAutomator2]&amp#27;[39m Getting session details from server to mix in
[debug] &amp#27;[35m[WD Proxy]&amp#27;[39m Matched '/' to command name 'getSession'
[debug] &amp#27;[35m[WD Proxy]&amp#27;[39m Proxying [GET /] to [GET http://127.0.0.1:8202/wd/hub/session/fd94e242-15bb-4015-b8bb-0ed9c10f6d94] with no body
[debug] &amp#27;[35m[WD Proxy]&amp#27;[39m Got response with status 200: {"sessionId":"fd94e242-15bb-4015-b8bb-0ed9c10f6d94","value":{"lastScrollData":null}}
[debug] &amp#27;[35m[W3C (d1a20ab4)]&amp#27;[39m Responding to client with driver.getSession() result: {"platform":"LINUX","webStorageEnabled":false,"takesScreenshot":true,"javascriptEnabled":true,"databaseEnabled":false,"networkConnectionEnabled":true,"locationContextEnabled":false,"warnings":{},"desired":{"platformName":"android","app":"./Resourses/in.workindia.apk","appActivity":"in.workindia.nileshdungarwal.workindiaandroid.RegisterActivity","appPackage":"in.workindia.nileshdungarwal.workindiaandroid","deviceName":"emulator-5554","platformVersion":"8.1"},"platformName":"android","app":"./Resourses/in.workindia.apk","appActivity":"in.workindia.nileshdungarwal.workindiaandroid.RegisterActivity","appPackage":"in.workindia.nileshdungarwal.workindiaandroid","deviceName":"emulator-5554","platformVersion":"8.1.0","deviceUDID":"emulator-5554","deviceApiLevel":27,"deviceScreenSize":"1080x2160","deviceScreenDensity":440,"deviceModel":"Android SDK built for x86","deviceManufacturer":"Google","pixelRatio":2.75,"statBarHeight":66,"viewportRect":{"left":0,"top":66,"width":1080,"height":1962},"lastScrollData":null}
&amp#27;[35m[HTTP]&amp#27;[39m &amp#27;[37m<-- GET /wd/hub/session/d1a20ab4-32fe-4fdc-ae18-bcb48c47c1d7 &amp#27;[39m&amp#27;[32m200&amp#27;[39m &amp#27;[90m34 ms - 1028&amp#27;[39m
&amp#27;[35m[HTTP]&amp#27;[39m &amp#27;[90m&amp#27;[39m
&amp#27;[35m[HTTP]&amp#27;[39m &amp#27;[37m-->&amp#27;[39m &amp#27;[37mGET&amp#27;[39m &amp#27;[37m/wd/hub/session/d1a20ab4-32fe-4fdc-ae18-bcb48c47c1d7&amp#27;[39m
&amp#27;[35m[HTTP]&amp#27;[39m &amp#27;[90m{}&amp#27;[39m
[debug] &amp#27;[35m[W3C (d1a20ab4)]&amp#27;[39m Calling AppiumDriver.getSession() with args: ["d1a20ab4-32fe-4fdc-ae18-bcb48c47c1d7"]
[debug] &amp#27;[35m[UiAutomator2]&amp#27;[39m Getting session details from server to mix in
[debug] &amp#27;[35m[WD Proxy]&amp#27;[39m Matched '/' to command name 'getSession'
[debug] &amp#27;[35m[WD Proxy]&amp#27;[39m Proxying [GET /] to [GET http://127.0.0.1:8202/wd/hub/session/fd94e242-15bb-4015-b8bb-0ed9c10f6d94] with no body
[debug] &amp#27;[35m[WD Proxy]&amp#27;[39m Got response with status 200: {"sessionId":"fd94e242-15bb-4015-b8bb-0ed9c10f6d94","value":{"lastScrollData":null}}
[debug] &amp#27;[35m[W3C (d1a20ab4)]&amp#27;[39m Responding to client with driver.getSession() result: {"platform":"LINUX","webStorageEnabled":false,"takesScreenshot":true,"javascriptEnabled":true,"databaseEnabled":false,"networkConnectionEnabled":true,"locationContextEnabled":false,"warnings":{},"desired":{"platformName":"android","app":"./Resourses/in.workindia.apk","appActivity":"in.workindia.nileshdungarwal.workindiaandroid.RegisterActivity","appPackage":"in.workindia.nileshdungarwal.workindiaandroid","deviceName":"emulator-5554","platformVersion":"8.1"},"platformName":"android","app":"./Resourses/in.workindia.apk","appActivity":"in.workindia.nileshdungarwal.workindiaandroid.RegisterActivity","appPackage":"in.workindia.nileshdungarwal.workindiaandroid","deviceName":"emulator-5554","platformVersion":"8.1.0","deviceUDID":"emulator-5554","deviceApiLevel":27,"deviceScreenSize":"1080x2160","deviceScreenDensity":440,"deviceModel":"Android SDK built for x86","deviceManufacturer":"Google","pixelRatio":2.75,"statBarHeight":66,"viewportRect":{"left":0,"top":66,"width":1080,"height":1962},"lastScrollData":null}
&amp#27;[35m[HTTP]&amp#27;[39m &amp#27;[37m<-- GET /wd/hub/session/d1a20ab4-32fe-4fdc-ae18-bcb48c47c1d7 &amp#27;[39m&amp#27;[32m200&amp#27;[39m &amp#27;[90m39 ms - 1028&amp#27;[39m
&amp#27;[35m[HTTP]&amp#27;[39m &amp#27;[90m&amp#27;[39m
&amp#27;[35m[HTTP]&amp#27;[39m &amp#27;[37m-->&amp#27;[39m &amp#27;[37mGET&amp#27;[39m &amp#27;[37m/wd/hub/session/d1a20ab4-32fe-4fdc-ae18-bcb48c47c1d7&amp#27;[39m
&amp#27;[35m[HTTP]&amp#27;[39m &amp#27;[90m{}&amp#27;[39m
[debug] &amp#27;[35m[W3C (d1a20ab4)]&amp#27;[39m Calling AppiumDriver.getSession() with args: ["d1a20ab4-32fe-4fdc-ae18-bcb48c47c1d7"]
[debug] &amp#27;[35m[UiAutomator2]&amp#27;[39m Getting session details from server to mix in
[debug] &amp#27;[35m[WD Proxy]&amp#27;[39m Matched '/' to command name 'getSession'
[debug] &amp#27;[35m[WD Proxy]&amp#27;[39m Proxying [GET /] to [GET http://127.0.0.1:8202/wd/hub/session/fd94e242-15bb-4015-b8bb-0ed9c10f6d94] with no body
[debug] &amp#27;[35m[WD Proxy]&amp#27;[39m Got response with status 200: {"sessionId":"fd94e242-15bb-4015-b8bb-0ed9c10f6d94","value":{"lastScrollData":null}}
[debug] &amp#27;[35m[W3C (d1a20ab4)]&amp#27;[39m Responding to client with driver.getSession() result: {"platform":"LINUX","webStorageEnabled":false,"takesScreenshot":true,"javascriptEnabled":true,"databaseEnabled":false,"networkConnectionEnabled":true,"locationContextEnabled":false,"warnings":{},"desired":{"platformName":"android","app":"./Resourses/in.workindia.apk","appActivity":"in.workindia.nileshdungarwal.workindiaandroid.RegisterActivity","appPackage":"in.workindia.nileshdungarwal.workindiaandroid","deviceName":"emulator-5554","platformVersion":"8.1"},"platformName":"android","app":"./Resourses/in.workindia.apk","appActivity":"in.workindia.nileshdungarwal.workindiaandroid.RegisterActivity","appPackage":"in.workindia.nileshdungarwal.workindiaandroid","deviceName":"emulator-5554","platformVersion":"8.1.0","deviceUDID":"emulator-5554","deviceApiLevel":27,"deviceScreenSize":"1080x2160","deviceScreenDensity":440,"deviceModel":"Android SDK built for x86","deviceManufacturer":"Google","pixelRatio":2.75,"statBarHeight":66,"viewportRect":{"left":0,"top":66,"width":1080,"height":1962},"lastScrollData":null}
&amp#27;[35m[HTTP]&amp#27;[39m &amp#27;[37m<-- GET /wd/hub/session/d1a20ab4-32fe-4fdc-ae18-bcb48c47c1d7 &amp#27;[39m&amp#27;[32m200&amp#27;[39m &amp#27;[90m14 ms - 1028&amp#27;[39m
&amp#27;[35m[HTTP]&amp#27;[39m &amp#27;[90m&amp#27;[39m
&amp#27;[35m[HTTP]&amp#27;[39m &amp#27;[37m-->&amp#27;[39m &amp#27;[37mPOST&amp#27;[39m &amp#27;[37m/wd/hub/session/d1a20ab4-32fe-4fdc-ae18-bcb48c47c1d7/element&amp#27;[39m
&amp#27;[35m[HTTP]&amp#27;[39m &amp#27;[90m{"using":"id","value":"in.workindia.nileshdungarwal.workindiaandroid:id/rg_eng_level_2"}&amp#27;[39m
[debug] &amp#27;[35m[W3C (d1a20ab4)]&amp#27;[39m Calling AppiumDriver.findElement() with args: ["id","in.workindia.nileshdungarwal.workindiaandroid:id/rg_eng_level_2","d1a20ab4-32fe-4fdc-ae18-bcb48c47c1d7"]
[debug] &amp#27;[35m[BaseDriver]&amp#27;[39m Valid locator strategies for this request: xpath, id, class name, accessibility id, css selector, -android uiautomator
[debug] &amp#27;[35m[BaseDriver]&amp#27;[39m Waiting up to 30000 ms for condition
[debug] &amp#27;[35m[WD Proxy]&amp#27;[39m Matched '/element' to command name 'findElement'
[debug] &amp#27;[35m[WD Proxy]&amp#27;[39m Proxying [POST /element] to [POST http://127.0.0.1:8202/wd/hub/session/fd94e242-15bb-4015-b8bb-0ed9c10f6d94/element] with body: {"strategy":"id","selector":"in.workindia.nileshdungarwal.workindiaandroid:id/rg_eng_level_2","context":"","multiple":false}
[debug] &amp#27;[35m[WD Proxy]&amp#27;[39m Got response with status 200: {"sessionId":"fd94e242-15bb-4015-b8bb-0ed9c10f6d94","value":{"ELEMENT":"093e8996-c297-44eb-83ff-685e7e34e01e","element-6066-11e4-a52e-4f735466cecf":"093e8996-c297-44eb-83ff-685e7e34e01e"}}
[debug] &amp#27;[35m[W3C (d1a20ab4)]&amp#27;[39m Responding to client with driver.findElement() result: {"element-6066-11e4-a52e-4f735466cecf":"093e8996-c297-44eb-83ff-685e7e34e01e","ELEMENT":"093e8996-c297-44eb-83ff-685e7e34e01e"}
&amp#27;[35m[HTTP]&amp#27;[39m &amp#27;[37m<-- POST /wd/hub/session/d1a20ab4-32fe-4fdc-ae18-bcb48c47c1d7/element &amp#27;[39m&amp#27;[32m200&amp#27;[39m &amp#27;[90m35 ms - 137&amp#27;[39m
&amp#27;[35m[HTTP]&amp#27;[39m &amp#27;[90m&amp#27;[39m
&amp#27;[35m[HTTP]&amp#27;[39m &amp#27;[37m-->&amp#27;[39m &amp#27;[37mPOST&amp#27;[39m &amp#27;[37m/wd/hub/session/d1a20ab4-32fe-4fdc-ae18-bcb48c47c1d7/element/093e8996-c297-44eb-83ff-685e7e34e01e/click&amp#27;[39m
&amp#27;[35m[HTTP]&amp#27;[39m &amp#27;[90m{"id":"093e8996-c297-44eb-83ff-685e7e34e01e"}&amp#27;[39m
[debug] &amp#27;[35m[W3C (d1a20ab4)]&amp#27;[39m Calling AppiumDriver.click() with args: ["093e8996-c297-44eb-83ff-685e7e34e01e","d1a20ab4-32fe-4fdc-ae18-bcb48c47c1d7"]
[debug] &amp#27;[35m[WD Proxy]&amp#27;[39m Matched '/element/093e8996-c297-44eb-83ff-685e7e34e01e/click' to command name 'click'
[debug] &amp#27;[35m[WD Proxy]&amp#27;[39m Proxying [POST /element/093e8996-c297-44eb-83ff-685e7e34e01e/click] to [POST http://127.0.0.1:8202/wd/hub/session/fd94e242-15bb-4015-b8bb-0ed9c10f6d94/element/093e8996-c297-44eb-83ff-685e7e34e01e/click] with body: {"element":"093e8996-c297-44eb-83ff-685e7e34e01e"}
[debug] &amp#27;[35m[WD Proxy]&amp#27;[39m Got response with status 200: {"sessionId":"fd94e242-15bb-4015-b8bb-0ed9c10f6d94","value":null}
[debug] &amp#27;[35m[W3C (d1a20ab4)]&amp#27;[39m Responding to client with driver.click() result: null
&amp#27;[35m[HTTP]&amp#27;[39m &amp#27;[37m<-- POST /wd/hub/session/d1a20ab4-32fe-4fdc-ae18-bcb48c47c1d7/element/093e8996-c297-44eb-83ff-685e7e34e01e/click &amp#27;[39m&amp#27;[32m200&amp#27;[39m &amp#27;[90m24 ms - 14&amp#27;[39m
&amp#27;[35m[HTTP]&amp#27;[39m &amp#27;[90m&amp#27;[39m
&amp#27;[35m[HTTP]&amp#27;[39m &amp#27;[37m-->&amp#27;[39m &amp#27;[37mGET&amp#27;[39m &amp#27;[37m/wd/hub/session/d1a20ab4-32fe-4fdc-ae18-bcb48c47c1d7&amp#27;[39m
&amp#27;[35m[HTTP]&amp#27;[39m &amp#27;[90m{}&amp#27;[39m
[debug] &amp#27;[35m[W3C (d1a20ab4)]&amp#27;[39m Calling AppiumDriver.getSession() with args: ["d1a20ab4-32fe-4fdc-ae18-bcb48c47c1d7"]
[debug] &amp#27;[35m[UiAutomator2]&amp#27;[39m Getting session details from server to mix in
[debug] &amp#27;[35m[WD Proxy]&amp#27;[39m Matched '/' to command name 'getSession'
[debug] &amp#27;[35m[WD Proxy]&amp#27;[39m Proxying [GET /] to [GET http://127.0.0.1:8202/wd/hub/session/fd94e242-15bb-4015-b8bb-0ed9c10f6d94] with no body
[debug] &amp#27;[35m[WD Proxy]&amp#27;[39m Got response with status 200: {"sessionId":"fd94e242-15bb-4015-b8bb-0ed9c10f6d94","value":{"lastScrollData":null}}
[debug] &amp#27;[35m[W3C (d1a20ab4)]&amp#27;[39m Responding to client with driver.getSession() result: {"platform":"LINUX","webStorageEnabled":false,"takesScreenshot":true,"javascriptEnabled":true,"databaseEnabled":false,"networkConnectionEnabled":true,"locationContextEnabled":false,"warnings":{},"desired":{"platformName":"android","app":"./Resourses/in.workindia.apk","appActivity":"in.workindia.nileshdungarwal.workindiaandroid.RegisterActivity","appPackage":"in.workindia.nileshdungarwal.workindiaandroid","deviceName":"emulator-5554","platformVersion":"8.1"},"platformName":"android","app":"./Resourses/in.workindia.apk","appActivity":"in.workindia.nileshdungarwal.workindiaandroid.RegisterActivity","appPackage":"in.workindia.nileshdungarwal.workindiaandroid","deviceName":"emulator-5554","platformVersion":"8.1.0","deviceUDID":"emulator-5554","deviceApiLevel":27,"deviceScreenSize":"1080x2160","deviceScreenDensity":440,"deviceModel":"Android SDK built for x86","deviceManufacturer":"Google","pixelRatio":2.75,"statBarHeight":66,"viewportRect":{"left":0,"top":66,"width":1080,"height":1962},"lastScrollData":null}
&amp#27;[35m[HTTP]&amp#27;[39m &amp#27;[37m<-- GET /wd/hub/session/d1a20ab4-32fe-4fdc-ae18-bcb48c47c1d7 &amp#27;[39m&amp#27;[32m200&amp#27;[39m &amp#27;[90m22 ms - 1028&amp#27;[39m
&amp#27;[35m[HTTP]&amp#27;[39m &amp#27;[90m&amp#27;[39m
&amp#27;[35m[HTTP]&amp#27;[39m &amp#27;[37m-->&amp#27;[39m &amp#27;[37mGET&amp#27;[39m &amp#27;[37m/wd/hub/session/d1a20ab4-32fe-4fdc-ae18-bcb48c47c1d7&amp#27;[39m
&amp#27;[35m[HTTP]&amp#27;[39m &amp#27;[90m{}&amp#27;[39m
[debug] &amp#27;[35m[W3C (d1a20ab4)]&amp#27;[39m Calling AppiumDriver.getSession() with args: ["d1a20ab4-32fe-4fdc-ae18-bcb48c47c1d7"]
[debug] &amp#27;[35m[UiAutomator2]&amp#27;[39m Getting session details from server to mix in
[debug] &amp#27;[35m[WD Proxy]&amp#27;[39m Matched '/' to command name 'getSession'
[debug] &amp#27;[35m[WD Proxy]&amp#27;[39m Proxying [GET /] to [GET http://127.0.0.1:8202/wd/hub/session/fd94e242-15bb-4015-b8bb-0ed9c10f6d94] with no body
[debug] &amp#27;[35m[WD Proxy]&amp#27;[39m Got response with status 200: {"sessionId":"fd94e242-15bb-4015-b8bb-0ed9c10f6d94","value":{"lastScrollData":null}}
[debug] &amp#27;[35m[W3C (d1a20ab4)]&amp#27;[39m Responding to client with driver.getSession() result: {"platform":"LINUX","webStorageEnabled":false,"takesScreenshot":true,"javascriptEnabled":true,"databaseEnabled":false,"networkConnectionEnabled":true,"locationContextEnabled":false,"warnings":{},"desired":{"platformName":"android","app":"./Resourses/in.workindia.apk","appActivity":"in.workindia.nileshdungarwal.workindiaandroid.RegisterActivity","appPackage":"in.workindia.nileshdungarwal.workindiaandroid","deviceName":"emulator-5554","platformVersion":"8.1"},"platformName":"android","app":"./Resourses/in.workindia.apk","appActivity":"in.workindia.nileshdungarwal.workindiaandroid.RegisterActivity","appPackage":"in.workindia.nileshdungarwal.workindiaandroid","deviceName":"emulator-5554","platformVersion":"8.1.0","deviceUDID":"emulator-5554","deviceApiLevel":27,"deviceScreenSize":"1080x2160","deviceScreenDensity":440,"deviceModel":"Android SDK built for x86","deviceManufacturer":"Google","pixelRatio":2.75,"statBarHeight":66,"viewportRect":{"left":0,"top":66,"width":1080,"height":1962},"lastScrollData":null}
&amp#27;[35m[HTTP]&amp#27;[39m &amp#27;[37m<-- GET /wd/hub/session/d1a20ab4-32fe-4fdc-ae18-bcb48c47c1d7 &amp#27;[39m&amp#27;[32m200&amp#27;[39m &amp#27;[90m16 ms - 1028&amp#27;[39m
&amp#27;[35m[HTTP]&amp#27;[39m &amp#27;[90m&amp#27;[39m
&amp#27;[35m[HTTP]&amp#27;[39m &amp#27;[37m-->&amp#27;[39m &amp#27;[37mGET&amp#27;[39m &amp#27;[37m/wd/hub/session/d1a20ab4-32fe-4fdc-ae18-bcb48c47c1d7/window/rect&amp#27;[39m
&amp#27;[35m[HTTP]&amp#27;[39m &amp#27;[90m{}&amp#27;[39m
[debug] &amp#27;[35m[W3C (d1a20ab4)]&amp#27;[39m Calling AppiumDriver.getWindowRect() with args: ["d1a20ab4-32fe-4fdc-ae18-bcb48c47c1d7"]
[debug] &amp#27;[35m[WD Proxy]&amp#27;[39m Matched '/window/current/size' to command name 'getWindowSize'
[debug] &amp#27;[35m[WD Proxy]&amp#27;[39m Proxying [GET /window/current/size] to [GET http://127.0.0.1:8202/wd/hub/session/fd94e242-15bb-4015-b8bb-0ed9c10f6d94/window/current/size] with no body
[debug] &amp#27;[35m[WD Proxy]&amp#27;[39m Got response with status 200: {"sessionId":"fd94e242-15bb-4015-b8bb-0ed9c10f6d94","value":{"height":2028,"width":1080}}
[debug] &amp#27;[35m[W3C (d1a20ab4)]&amp#27;[39m Responding to client with driver.getWindowRect() result: {"width":1080,"height":2028,"x":0,"y":0}
&amp#27;[35m[HTTP]&amp#27;[39m &amp#27;[37m<-- GET /wd/hub/session/d1a20ab4-32fe-4fdc-ae18-bcb48c47c1d7/window/rect &amp#27;[39m&amp#27;[32m200&amp#27;[39m &amp#27;[90m33 ms - 50&amp#27;[39m
&amp#27;[35m[HTTP]&amp#27;[39m &amp#27;[90m&amp#27;[39m
&amp#27;[35m[HTTP]&amp#27;[39m &amp#27;[37m-->&amp#27;[39m &amp#27;[37mPOST&amp#27;[39m &amp#27;[37m/wd/hub/session/d1a20ab4-32fe-4fdc-ae18-bcb48c47c1d7/touch/perform&amp#27;[39m
&amp#27;[35m[HTTP]&amp#27;[39m &amp#27;[90m{"actions":[{"action":"press","options":{"x":540,"y":1419}},{"action":"wait","options":{"ms":1000}},{"action":"moveTo","options":{"x":540,"y":202}},{"action":"release","options":{}}]}&amp#27;[39m
[debug] &amp#27;[35m[W3C (d1a20ab4)]&amp#27;[39m Calling AppiumDriver.performTouch() with args: [[{"action":"press","options":{"x":540,"y":1419}},{"action":"wait","options":{"ms":1000}},{"action":"moveTo","options":{"x":540,"y":202}},{"action":"release","options":{}}],"d1a20ab4-32fe-4fdc-ae18-bcb48c47c1d7"]
[debug] &amp#27;[35m[WD Proxy]&amp#27;[39m Matched '/touch/perform' to command name 'performTouch'
[debug] &amp#27;[35m[WD Proxy]&amp#27;[39m Proxying [POST /touch/perform] to [POST http://127.0.0.1:8202/wd/hub/session/fd94e242-15bb-4015-b8bb-0ed9c10f6d94/touch/perform] with body: {"startX":540,"startY":1419,"endX":540,"endY":202,"steps":28}
[debug] &amp#27;[35m[WD Proxy]&amp#27;[39m Got response with status 200: {"sessionId":"fd94e242-15bb-4015-b8bb-0ed9c10f6d94","value":null}
[debug] &amp#27;[35m[W3C (d1a20ab4)]&amp#27;[39m Responding to client with driver.performTouch() result: null
&amp#27;[35m[HTTP]&amp#27;[39m &amp#27;[37m<-- POST /wd/hub/session/d1a20ab4-32fe-4fdc-ae18-bcb48c47c1d7/touch/perform &amp#27;[39m&amp#27;[32m200&amp#27;[39m &amp#27;[90m1441 ms - 14&amp#27;[39m
&amp#27;[35m[HTTP]&amp#27;[39m &amp#27;[90m&amp#27;[39m
&amp#27;[35m[HTTP]&amp#27;[39m &amp#27;[37m-->&amp#27;[39m &amp#27;[37mGET&amp#27;[39m &amp#27;[37m/wd/hub/session/d1a20ab4-32fe-4fdc-ae18-bcb48c47c1d7&amp#27;[39m
&amp#27;[35m[HTTP]&amp#27;[39m &amp#27;[90m{}&amp#27;[39m
[debug] &amp#27;[35m[W3C (d1a20ab4)]&amp#27;[39m Calling AppiumDriver.getSession() with args: ["d1a20ab4-32fe-4fdc-ae18-bcb48c47c1d7"]
[debug] &amp#27;[35m[UiAutomator2]&amp#27;[39m Getting session details from server to mix in
[debug] &amp#27;[35m[WD Proxy]&amp#27;[39m Matched '/' to command name 'getSession'
[debug] &amp#27;[35m[WD Proxy]&amp#27;[39m Proxying [GET /] to [GET http://127.0.0.1:8202/wd/hub/session/fd94e242-15bb-4015-b8bb-0ed9c10f6d94] with no body
[debug] &amp#27;[35m[WD Proxy]&amp#27;[39m Got response with status 200: {"sessionId":"fd94e242-15bb-4015-b8bb-0ed9c10f6d94","value":{"lastScrollData":{"toIndex":-1,"maxScrollY":2299,"maxScrollX":0,"scrollY":1626,"scrollX":0,"fromIndex":-1,"itemCount":-1}}}
[debug] &amp#27;[35m[W3C (d1a20ab4)]&amp#27;[39m Responding to client with driver.getSession() result: {"platform":"LINUX","webStorageEnabled":false,"takesScreenshot":true,"javascriptEnabled":true,"databaseEnabled":false,"networkConnectionEnabled":true,"locationContextEnabled":false,"warnings":{},"desired":{"platformName":"android","app":"./Resourses/in.workindia.apk","appActivity":"in.workindia.nileshdungarwal.workindiaandroid.RegisterActivity","appPackage":"in.workindia.nileshdungarwal.workindiaandroid","deviceName":"emulator-5554","platformVersion":"8.1"},"platformName":"android","app":"./Resourses/in.workindia.apk","appActivity":"in.workindia.nileshdungarwal.workindiaandroid.RegisterActivity","appPackage":"in.workindia.nileshdungarwal.workindiaandroid","deviceName":"emulator-5554","platformVersion":"8.1.0","deviceUDID":"emulator-5554","deviceApiLevel":27,"deviceScreenSize":"1080x2160","deviceScreenDensity":440,"deviceModel":"Android SDK built for x86","deviceManufacturer":"Google","pixelRatio":2.75,"statBarHeight":66,"viewportRect":{"left":0,"top":66,"width":1080,"height":1962},"lastScrollData":{"toInde...
&amp#27;[35m[HTTP]&amp#27;[39m &amp#27;[37m<-- GET /wd/hub/session/d1a20ab4-32fe-4fdc-ae18-bcb48c47c1d7 &amp#27;[39m&amp#27;[32m200&amp#27;[39m &amp#27;[90m53 ms - 1128&amp#27;[39m
&amp#27;[35m[HTTP]&amp#27;[39m &amp#27;[90m&amp#27;[39m
&amp#27;[35m[HTTP]&amp#27;[39m &amp#27;[37m-->&amp#27;[39m &amp#27;[37mGET&amp#27;[39m &amp#27;[37m/wd/hub/session/d1a20ab4-32fe-4fdc-ae18-bcb48c47c1d7&amp#27;[39m
&amp#27;[35m[HTTP]&amp#27;[39m &amp#27;[90m{}&amp#27;[39m
[debug] &amp#27;[35m[W3C (d1a20ab4)]&amp#27;[39m Calling AppiumDriver.getSession() with args: ["d1a20ab4-32fe-4fdc-ae18-bcb48c47c1d7"]
[debug] &amp#27;[35m[UiAutomator2]&amp#27;[39m Getting session details from server to mix in
[debug] &amp#27;[35m[WD Proxy]&amp#27;[39m Matched '/' to command name 'getSession'
[debug] &amp#27;[35m[WD Proxy]&amp#27;[39m Proxying [GET /] to [GET http://127.0.0.1:8202/wd/hub/session/fd94e242-15bb-4015-b8bb-0ed9c10f6d94] with no body
[debug] &amp#27;[35m[WD Proxy]&amp#27;[39m Got response with status 200: {"sessionId":"fd94e242-15bb-4015-b8bb-0ed9c10f6d94","value":{"lastScrollData":{"toIndex":-1,"maxScrollY":2299,"maxScrollX":0,"scrollY":1626,"scrollX":0,"fromIndex":-1,"itemCount":-1}}}
[debug] &amp#27;[35m[W3C (d1a20ab4)]&amp#27;[39m Responding to client with driver.getSession() result: {"platform":"LINUX","webStorageEnabled":false,"takesScreenshot":true,"javascriptEnabled":true,"databaseEnabled":false,"networkConnectionEnabled":true,"locationContextEnabled":false,"warnings":{},"desired":{"platformName":"android","app":"./Resourses/in.workindia.apk","appActivity":"in.workindia.nileshdungarwal.workindiaandroid.RegisterActivity","appPackage":"in.workindia.nileshdungarwal.workindiaandroid","deviceName":"emulator-5554","platformVersion":"8.1"},"platformName":"android","app":"./Resourses/in.workindia.apk","appActivity":"in.workindia.nileshdungarwal.workindiaandroid.RegisterActivity","appPackage":"in.workindia.nileshdungarwal.workindiaandroid","deviceName":"emulator-5554","platformVersion":"8.1.0","deviceUDID":"emulator-5554","deviceApiLevel":27,"deviceScreenSize":"1080x2160","deviceScreenDensity":440,"deviceModel":"Android SDK built for x86","deviceManufacturer":"Google","pixelRatio":2.75,"statBarHeight":66,"viewportRect":{"left":0,"top":66,"width":1080,"height":1962},"lastScrollData":{"toInde...
&amp#27;[35m[HTTP]&amp#27;[39m &amp#27;[37m<-- GET /wd/hub/session/d1a20ab4-32fe-4fdc-ae18-bcb48c47c1d7 &amp#27;[39m&amp#27;[32m200&amp#27;[39m &amp#27;[90m26 ms - 1128&amp#27;[39m
&amp#27;[35m[HTTP]&amp#27;[39m &amp#27;[90m&amp#27;[39m
&amp#27;[35m[HTTP]&amp#27;[39m &amp#27;[37m-->&amp#27;[39m &amp#27;[37mGET&amp#27;[39m &amp#27;[37m/wd/hub/session/d1a20ab4-32fe-4fdc-ae18-bcb48c47c1d7&amp#27;[39m
&amp#27;[35m[HTTP]&amp#27;[39m &amp#27;[90m{}&amp#27;[39m
[debug] &amp#27;[35m[W3C (d1a20ab4)]&amp#27;[39m Calling AppiumDriver.getSession() with args: ["d1a20ab4-32fe-4fdc-ae18-bcb48c47c1d7"]
[debug] &amp#27;[35m[UiAutomator2]&amp#27;[39m Getting session details from server to mix in
[debug] &amp#27;[35m[WD Proxy]&amp#27;[39m Matched '/' to command name 'getSession'
[debug] &amp#27;[35m[WD Proxy]&amp#27;[39m Proxying [GET /] to [GET http://127.0.0.1:8202/wd/hub/session/fd94e242-15bb-4015-b8bb-0ed9c10f6d94] with no body
[debug] &amp#27;[35m[WD Proxy]&amp#27;[39m Got response with status 200: {"sessionId":"fd94e242-15bb-4015-b8bb-0ed9c10f6d94","value":{"lastScrollData":{"toIndex":-1,"maxScrollY":2299,"maxScrollX":0,"scrollY":1626,"scrollX":0,"fromIndex":-1,"itemCount":-1}}}
[debug] &amp#27;[35m[W3C (d1a20ab4)]&amp#27;[39m Responding to client with driver.getSession() result: {"platform":"LINUX","webStorageEnabled":false,"takesScreenshot":true,"javascriptEnabled":true,"databaseEnabled":false,"networkConnectionEnabled":true,"locationContextEnabled":false,"warnings":{},"desired":{"platformName":"android","app":"./Resourses/in.workindia.apk","appActivity":"in.workindia.nileshdungarwal.workindiaandroid.RegisterActivity","appPackage":"in.workindia.nileshdungarwal.workindiaandroid","deviceName":"emulator-5554","platformVersion":"8.1"},"platformName":"android","app":"./Resourses/in.workindia.apk","appActivity":"in.workindia.nileshdungarwal.workindiaandroid.RegisterActivity","appPackage":"in.workindia.nileshdungarwal.workindiaandroid","deviceName":"emulator-5554","platformVersion":"8.1.0","deviceUDID":"emulator-5554","deviceApiLevel":27,"deviceScreenSize":"1080x2160","deviceScreenDensity":440,"deviceModel":"Android SDK built for x86","deviceManufacturer":"Google","pixelRatio":2.75,"statBarHeight":66,"viewportRect":{"left":0,"top":66,"width":1080,"height":1962},"lastScrollData":{"toInde...
&amp#27;[35m[HTTP]&amp#27;[39m &amp#27;[37m<-- GET /wd/hub/session/d1a20ab4-32fe-4fdc-ae18-bcb48c47c1d7 &amp#27;[39m&amp#27;[32m200&amp#27;[39m &amp#27;[90m15 ms - 1128&amp#27;[39m
&amp#27;[35m[HTTP]&amp#27;[39m &amp#27;[90m&amp#27;[39m
&amp#27;[35m[HTTP]&amp#27;[39m &amp#27;[37m-->&amp#27;[39m &amp#27;[37mPOST&amp#27;[39m &amp#27;[37m/wd/hub/session/d1a20ab4-32fe-4fdc-ae18-bcb48c47c1d7/element&amp#27;[39m
&amp#27;[35m[HTTP]&amp#27;[39m &amp#27;[90m{"using":"id","value":"in.workindia.nileshdungarwal.workindiaandroid:id/cb_fresher"}&amp#27;[39m
[debug] &amp#27;[35m[W3C (d1a20ab4)]&amp#27;[39m Calling AppiumDriver.findElement() with args: ["id","in.workindia.nileshdungarwal.workindiaandroid:id/cb_fresher","d1a20ab4-32fe-4fdc-ae18-bcb48c47c1d7"]
[debug] &amp#27;[35m[BaseDriver]&amp#27;[39m Valid locator strategies for this request: xpath, id, class name, accessibility id, css selector, -android uiautomator
[debug] &amp#27;[35m[BaseDriver]&amp#27;[39m Waiting up to 30000 ms for condition
[debug] &amp#27;[35m[WD Proxy]&amp#27;[39m Matched '/element' to command name 'findElement'
[debug] &amp#27;[35m[WD Proxy]&amp#27;[39m Proxying [POST /element] to [POST http://127.0.0.1:8202/wd/hub/session/fd94e242-15bb-4015-b8bb-0ed9c10f6d94/element] with body: {"strategy":"id","selector":"in.workindia.nileshdungarwal.workindiaandroid:id/cb_fresher","context":"","multiple":false}
[debug] &amp#27;[35m[WD Proxy]&amp#27;[39m Got response with status 200: {"sessionId":"fd94e242-15bb-4015-b8bb-0ed9c10f6d94","value":{"ELEMENT":"29e23fb7-675c-464d-896f-d96f70f861b0","element-6066-11e4-a52e-4f735466cecf":"29e23fb7-675c-464d-896f-d96f70f861b0"}}
[debug] &amp#27;[35m[W3C (d1a20ab4)]&amp#27;[39m Responding to client with driver.findElement() result: {"element-6066-11e4-a52e-4f735466cecf":"29e23fb7-675c-464d-896f-d96f70f861b0","ELEMENT":"29e23fb7-675c-464d-896f-d96f70f861b0"}
&amp#27;[35m[HTTP]&amp#27;[39m &amp#27;[37m<-- POST /wd/hub/session/d1a20ab4-32fe-4fdc-ae18-bcb48c47c1d7/element &amp#27;[39m&amp#27;[32m200&amp#27;[39m &amp#27;[90m171 ms - 137&amp#27;[39m
&amp#27;[35m[HTTP]&amp#27;[39m &amp#27;[90m&amp#27;[39m
&amp#27;[35m[HTTP]&amp#27;[39m &amp#27;[37m-->&amp#27;[39m &amp#27;[37mPOST&amp#27;[39m &amp#27;[37m/wd/hub/session/d1a20ab4-32fe-4fdc-ae18-bcb48c47c1d7/element/29e23fb7-675c-464d-896f-d96f70f861b0/click&amp#27;[39m
&amp#27;[35m[HTTP]&amp#27;[39m &amp#27;[90m{"id":"29e23fb7-675c-464d-896f-d96f70f861b0"}&amp#27;[39m
[debug] &amp#27;[35m[W3C (d1a20ab4)]&amp#27;[39m Calling AppiumDriver.click() with args: ["29e23fb7-675c-464d-896f-d96f70f861b0","d1a20ab4-32fe-4fdc-ae18-bcb48c47c1d7"]
[debug] &amp#27;[35m[WD Proxy]&amp#27;[39m Matched '/element/29e23fb7-675c-464d-896f-d96f70f861b0/click' to command name 'click'
[debug] &amp#27;[35m[WD Proxy]&amp#27;[39m Proxying [POST /element/29e23fb7-675c-464d-896f-d96f70f861b0/click] to [POST http://127.0.0.1:8202/wd/hub/session/fd94e242-15bb-4015-b8bb-0ed9c10f6d94/element/29e23fb7-675c-464d-896f-d96f70f861b0/click] with body: {"element":"29e23fb7-675c-464d-896f-d96f70f861b0"}
[debug] &amp#27;[35m[WD Proxy]&amp#27;[39m Got response with status 200: {"sessionId":"fd94e242-15bb-4015-b8bb-0ed9c10f6d94","value":null}
[debug] &amp#27;[35m[W3C (d1a20ab4)]&amp#27;[39m Responding to client with driver.click() result: null
&amp#27;[35m[HTTP]&amp#27;[39m &amp#27;[37m<-- POST /wd/hub/session/d1a20ab4-32fe-4fdc-ae18-bcb48c47c1d7/element/29e23fb7-675c-464d-896f-d96f70f861b0/click &amp#27;[39m&amp#27;[32m200&amp#27;[39m &amp#27;[90m50 ms - 14&amp#27;[39m
&amp#27;[35m[HTTP]&amp#27;[39m &amp#27;[90m&amp#27;[39m
&amp#27;[35m[HTTP]&amp#27;[39m &amp#27;[37m-->&amp#27;[39m &amp#27;[37mGET&amp#27;[39m &amp#27;[37m/wd/hub/session/d1a20ab4-32fe-4fdc-ae18-bcb48c47c1d7&amp#27;[39m
&amp#27;[35m[HTTP]&amp#27;[39m &amp#27;[90m{}&amp#27;[39m
[debug] &amp#27;[35m[W3C (d1a20ab4)]&amp#27;[39m Calling AppiumDriver.getSession() with args: ["d1a20ab4-32fe-4fdc-ae18-bcb48c47c1d7"]
[debug] &amp#27;[35m[UiAutomator2]&amp#27;[39m Getting session details from server to mix in
[debug] &amp#27;[35m[WD Proxy]&amp#27;[39m Matched '/' to command name 'getSession'
[debug] &amp#27;[35m[WD Proxy]&amp#27;[39m Proxying [GET /] to [GET http://127.0.0.1:8202/wd/hub/session/fd94e242-15bb-4015-b8bb-0ed9c10f6d94] with no body
[debug] &amp#27;[35m[WD Proxy]&amp#27;[39m Got response with status 200: {"sessionId":"fd94e242-15bb-4015-b8bb-0ed9c10f6d94","value":{"lastScrollData":{"toIndex":-1,"maxScrollY":2299,"maxScrollX":0,"scrollY":1626,"scrollX":0,"fromIndex":-1,"itemCount":-1}}}
[debug] &amp#27;[35m[W3C (d1a20ab4)]&amp#27;[39m Responding to client with driver.getSession() result: {"platform":"LINUX","webStorageEnabled":false,"takesScreenshot":true,"javascriptEnabled":true,"databaseEnabled":false,"networkConnectionEnabled":true,"locationContextEnabled":false,"warnings":{},"desired":{"platformName":"android","app":"./Resourses/in.workindia.apk","appActivity":"in.workindia.nileshdungarwal.workindiaandroid.RegisterActivity","appPackage":"in.workindia.nileshdungarwal.workindiaandroid","deviceName":"emulator-5554","platformVersion":"8.1"},"platformName":"android","app":"./Resourses/in.workindia.apk","appActivity":"in.workindia.nileshdungarwal.workindiaandroid.RegisterActivity","appPackage":"in.workindia.nileshdungarwal.workindiaandroid","deviceName":"emulator-5554","platformVersion":"8.1.0","deviceUDID":"emulator-5554","deviceApiLevel":27,"deviceScreenSize":"1080x2160","deviceScreenDensity":440,"deviceModel":"Android SDK built for x86","deviceManufacturer":"Google","pixelRatio":2.75,"statBarHeight":66,"viewportRect":{"left":0,"top":66,"width":1080,"height":1962},"lastScrollData":{"toInde...
&amp#27;[35m[HTTP]&amp#27;[39m &amp#27;[37m<-- GET /wd/hub/session/d1a20ab4-32fe-4fdc-ae18-bcb48c47c1d7 &amp#27;[39m&amp#27;[32m200&amp#27;[39m &amp#27;[90m25 ms - 1128&amp#27;[39m
&amp#27;[35m[HTTP]&amp#27;[39m &amp#27;[90m&amp#27;[39m
&amp#27;[35m[HTTP]&amp#27;[39m &amp#27;[37m-->&amp#27;[39m &amp#27;[37mPOST&amp#27;[39m &amp#27;[37m/wd/hub/session/d1a20ab4-32fe-4fdc-ae18-bcb48c47c1d7/element&amp#27;[39m
&amp#27;[35m[HTTP]&amp#27;[39m &amp#27;[90m{"using":"id","value":"in.workindia.nileshdungarwal.workindiaandroid:id/et_age"}&amp#27;[39m
[debug] &amp#27;[35m[W3C (d1a20ab4)]&amp#27;[39m Calling AppiumDriver.findElement() with args: ["id","in.workindia.nileshdungarwal.workindiaandroid:id/et_age","d1a20ab4-32fe-4fdc-ae18-bcb48c47c1d7"]
[debug] &amp#27;[35m[BaseDriver]&amp#27;[39m Valid locator strategies for this request: xpath, id, class name, accessibility id, css selector, -android uiautomator
[debug] &amp#27;[35m[BaseDriver]&amp#27;[39m Waiting up to 30000 ms for condition
[debug] &amp#27;[35m[WD Proxy]&amp#27;[39m Matched '/element' to command name 'findElement'
[debug] &amp#27;[35m[WD Proxy]&amp#27;[39m Proxying [POST /element] to [POST http://127.0.0.1:8202/wd/hub/session/fd94e242-15bb-4015-b8bb-0ed9c10f6d94/element] with body: {"strategy":"id","selector":"in.workindia.nileshdungarwal.workindiaandroid:id/et_age","context":"","multiple":false}
[debug] &amp#27;[35m[WD Proxy]&amp#27;[39m Got response with status 200: {"sessionId":"fd94e242-15bb-4015-b8bb-0ed9c10f6d94","value":{"ELEMENT":"b3a971da-dc67-490c-9112-1eba5b9e62e4","element-6066-11e4-a52e-4f735466cecf":"b3a971da-dc67-490c-9112-1eba5b9e62e4"}}
[debug] &amp#27;[35m[W3C (d1a20ab4)]&amp#27;[39m Responding to client with driver.findElement() result: {"element-6066-11e4-a52e-4f735466cecf":"b3a971da-dc67-490c-9112-1eba5b9e62e4","ELEMENT":"b3a971da-dc67-490c-9112-1eba5b9e62e4"}
&amp#27;[35m[HTTP]&amp#27;[39m &amp#27;[37m<-- POST /wd/hub/session/d1a20ab4-32fe-4fdc-ae18-bcb48c47c1d7/element &amp#27;[39m&amp#27;[32m200&amp#27;[39m &amp#27;[90m501 ms - 137&amp#27;[39m
&amp#27;[35m[HTTP]&amp#27;[39m &amp#27;[90m&amp#27;[39m
&amp#27;[35m[HTTP]&amp#27;[39m &amp#27;[37m-->&amp#27;[39m &amp#27;[37mPOST&amp#27;[39m &amp#27;[37m/wd/hub/session/d1a20ab4-32fe-4fdc-ae18-bcb48c47c1d7/element/b3a971da-dc67-490c-9112-1eba5b9e62e4/click&amp#27;[39m
&amp#27;[35m[HTTP]&amp#27;[39m &amp#27;[90m{"id":"b3a971da-dc67-490c-9112-1eba5b9e62e4"}&amp#27;[39m
[debug] &amp#27;[35m[W3C (d1a20ab4)]&amp#27;[39m Calling AppiumDriver.click() with args: ["b3a971da-dc67-490c-9112-1eba5b9e62e4","d1a20ab4-32fe-4fdc-ae18-bcb48c47c1d7"]
[debug] &amp#27;[35m[WD Proxy]&amp#27;[39m Matched '/element/b3a971da-dc67-490c-9112-1eba5b9e62e4/click' to command name 'click'
[debug] &amp#27;[35m[WD Proxy]&amp#27;[39m Proxying [POST /element/b3a971da-dc67-490c-9112-1eba5b9e62e4/click] to [POST http://127.0.0.1:8202/wd/hub/session/fd94e242-15bb-4015-b8bb-0ed9c10f6d94/element/b3a971da-dc67-490c-9112-1eba5b9e62e4/click] with body: {"element":"b3a971da-dc67-490c-9112-1eba5b9e62e4"}
[debug] &amp#27;[35m[WD Proxy]&amp#27;[39m Got response with status 200: {"sessionId":"fd94e242-15bb-4015-b8bb-0ed9c10f6d94","value":null}
[debug] &amp#27;[35m[W3C (d1a20ab4)]&amp#27;[39m Responding to client with driver.click() result: null
&amp#27;[35m[HTTP]&amp#27;[39m &amp#27;[37m<-- POST /wd/hub/session/d1a20ab4-32fe-4fdc-ae18-bcb48c47c1d7/element/b3a971da-dc67-490c-9112-1eba5b9e62e4/click &amp#27;[39m&amp#27;[32m200&amp#27;[39m &amp#27;[90m42 ms - 14&amp#27;[39m
&amp#27;[35m[HTTP]&amp#27;[39m &amp#27;[90m&amp#27;[39m
&amp#27;[35m[HTTP]&amp#27;[39m &amp#27;[37m-->&amp#27;[39m &amp#27;[37mGET&amp#27;[39m &amp#27;[37m/wd/hub/session/d1a20ab4-32fe-4fdc-ae18-bcb48c47c1d7&amp#27;[39m
&amp#27;[35m[HTTP]&amp#27;[39m &amp#27;[90m{}&amp#27;[39m
[debug] &amp#27;[35m[W3C (d1a20ab4)]&amp#27;[39m Calling AppiumDriver.getSession() with args: ["d1a20ab4-32fe-4fdc-ae18-bcb48c47c1d7"]
[debug] &amp#27;[35m[UiAutomator2]&amp#27;[39m Getting session details from server to mix in
[debug] &amp#27;[35m[WD Proxy]&amp#27;[39m Matched '/' to command name 'getSession'
[debug] &amp#27;[35m[WD Proxy]&amp#27;[39m Proxying [GET /] to [GET http://127.0.0.1:8202/wd/hub/session/fd94e242-15bb-4015-b8bb-0ed9c10f6d94] with no body
[debug] &amp#27;[35m[WD Proxy]&amp#27;[39m Got response with status 200: {"sessionId":"fd94e242-15bb-4015-b8bb-0ed9c10f6d94","value":{"lastScrollData":{"toIndex":-1,"maxScrollY":2299,"maxScrollX":0,"scrollY":1626,"scrollX":0,"fromIndex":-1,"itemCount":-1}}}
[debug] &amp#27;[35m[W3C (d1a20ab4)]&amp#27;[39m Responding to client with driver.getSession() result: {"platform":"LINUX","webStorageEnabled":false,"takesScreenshot":true,"javascriptEnabled":true,"databaseEnabled":false,"networkConnectionEnabled":true,"locationContextEnabled":false,"warnings":{},"desired":{"platformName":"android","app":"./Resourses/in.workindia.apk","appActivity":"in.workindia.nileshdungarwal.workindiaandroid.RegisterActivity","appPackage":"in.workindia.nileshdungarwal.workindiaandroid","deviceName":"emulator-5554","platformVersion":"8.1"},"platformName":"android","app":"./Resourses/in.workindia.apk","appActivity":"in.workindia.nileshdungarwal.workindiaandroid.RegisterActivity","appPackage":"in.workindia.nileshdungarwal.workindiaandroid","deviceName":"emulator-5554","platformVersion":"8.1.0","deviceUDID":"emulator-5554","deviceApiLevel":27,"deviceScreenSize":"1080x2160","deviceScreenDensity":440,"deviceModel":"Android SDK built for x86","deviceManufacturer":"Google","pixelRatio":2.75,"statBarHeight":66,"viewportRect":{"left":0,"top":66,"width":1080,"height":1962},"lastScrollData":{"toInde...
&amp#27;[35m[HTTP]&amp#27;[39m &amp#27;[37m<-- GET /wd/hub/session/d1a20ab4-32fe-4fdc-ae18-bcb48c47c1d7 &amp#27;[39m&amp#27;[32m200&amp#27;[39m &amp#27;[90m30 ms - 1128&amp#27;[39m
&amp#27;[35m[HTTP]&amp#27;[39m &amp#27;[90m&amp#27;[39m
&amp#27;[35m[HTTP]&amp#27;[39m &amp#27;[37m-->&amp#27;[39m &amp#27;[37mPOST&amp#27;[39m &amp#27;[37m/wd/hub/session/d1a20ab4-32fe-4fdc-ae18-bcb48c47c1d7/element&amp#27;[39m
&amp#27;[35m[HTTP]&amp#27;[39m &amp#27;[90m{"using":"xpath","value":"//android.widget.TextView[8]"}&amp#27;[39m
[debug] &amp#27;[35m[W3C (d1a20ab4)]&amp#27;[39m Calling AppiumDriver.findElement() with args: ["xpath","//android.widget.TextView[8]","d1a20ab4-32fe-4fdc-ae18-bcb48c47c1d7"]
[debug] &amp#27;[35m[BaseDriver]&amp#27;[39m Valid locator strategies for this request: xpath, id, class name, accessibility id, css selector, -android uiautomator
[debug] &amp#27;[35m[BaseDriver]&amp#27;[39m Waiting up to 30000 ms for condition
[debug] &amp#27;[35m[WD Proxy]&amp#27;[39m Matched '/element' to command name 'findElement'
[debug] &amp#27;[35m[WD Proxy]&amp#27;[39m Proxying [POST /element] to [POST http://127.0.0.1:8202/wd/hub/session/fd94e242-15bb-4015-b8bb-0ed9c10f6d94/element] with body: {"strategy":"xpath","selector":"//android.widget.TextView[8]","context":"","multiple":false}
[debug] &amp#27;[35m[WD Proxy]&amp#27;[39m Got response with status 200: {"sessionId":"fd94e242-15bb-4015-b8bb-0ed9c10f6d94","value":{"ELEMENT":"5c559dee-0afd-4bf7-8ec6-2de287de2924","element-6066-11e4-a52e-4f735466cecf":"5c559dee-0afd-4bf7-8ec6-2de287de2924"}}
[debug] &amp#27;[35m[W3C (d1a20ab4)]&amp#27;[39m Responding to client with driver.findElement() result: {"element-6066-11e4-a52e-4f735466cecf":"5c559dee-0afd-4bf7-8ec6-2de287de2924","ELEMENT":"5c559dee-0afd-4bf7-8ec6-2de287de2924"}
&amp#27;[35m[HTTP]&amp#27;[39m &amp#27;[37m<-- POST /wd/hub/session/d1a20ab4-32fe-4fdc-ae18-bcb48c47c1d7/element &amp#27;[39m&amp#27;[32m200&amp#27;[39m &amp#27;[90m314 ms - 137&amp#27;[39m
&amp#27;[35m[HTTP]&amp#27;[39m &amp#27;[90m&amp#27;[39m
&amp#27;[35m[HTTP]&amp#27;[39m &amp#27;[37m-->&amp#27;[39m &amp#27;[37mPOST&amp#27;[39m &amp#27;[37m/wd/hub/session/d1a20ab4-32fe-4fdc-ae18-bcb48c47c1d7/element/5c559dee-0afd-4bf7-8ec6-2de287de2924/click&amp#27;[39m
&amp#27;[35m[HTTP]&amp#27;[39m &amp#27;[90m{"id":"5c559dee-0afd-4bf7-8ec6-2de287de2924"}&amp#27;[39m
[debug] &amp#27;[35m[W3C (d1a20ab4)]&amp#27;[39m Calling AppiumDriver.click() with args: ["5c559dee-0afd-4bf7-8ec6-2de287de2924","d1a20ab4-32fe-4fdc-ae18-bcb48c47c1d7"]
[debug] &amp#27;[35m[WD Proxy]&amp#27;[39m Matched '/element/5c559dee-0afd-4bf7-8ec6-2de287de2924/click' to command name 'click'
[debug] &amp#27;[35m[WD Proxy]&amp#27;[39m Proxying [POST /element/5c559dee-0afd-4bf7-8ec6-2de287de2924/click] to [POST http://127.0.0.1:8202/wd/hub/session/fd94e242-15bb-4015-b8bb-0ed9c10f6d94/element/5c559dee-0afd-4bf7-8ec6-2de287de2924/click] with body: {"element":"5c559dee-0afd-4bf7-8ec6-2de287de2924"}
[debug] &amp#27;[35m[WD Proxy]&amp#27;[39m Got response with status 200: {"sessionId":"fd94e242-15bb-4015-b8bb-0ed9c10f6d94","value":null}
[debug] &amp#27;[35m[W3C (d1a20ab4)]&amp#27;[39m Responding to client with driver.click() result: null
&amp#27;[35m[HTTP]&amp#27;[39m &amp#27;[37m<-- POST /wd/hub/session/d1a20ab4-32fe-4fdc-ae18-bcb48c47c1d7/element/5c559dee-0afd-4bf7-8ec6-2de287de2924/click &amp#27;[39m&amp#27;[32m200&amp#27;[39m &amp#27;[90m1192 ms - 14&amp#27;[39m
&amp#27;[35m[HTTP]&amp#27;[39m &amp#27;[90m&amp#27;[39m
&amp#27;[35m[HTTP]&amp#27;[39m &amp#27;[37m-->&amp#27;[39m &amp#27;[37mPOST&amp#27;[39m &amp#27;[37m/wd/hub/session/d1a20ab4-32fe-4fdc-ae18-bcb48c47c1d7/timeouts&amp#27;[39m
&amp#27;[35m[HTTP]&amp#27;[39m &amp#27;[90m{"implicit":50000}&amp#27;[39m
[debug] &amp#27;[35m[W3C (d1a20ab4)]&amp#27;[39m Calling AppiumDriver.timeouts() with args: [null,null,null,null,50000,"d1a20ab4-32fe-4fdc-ae18-bcb48c47c1d7"]
[debug] &amp#27;[35m[BaseDriver]&amp#27;[39m W3C timeout argument: {"implicit":50000}}
[debug] &amp#27;[35m[BaseDriver]&amp#27;[39m Set implicit wait to 50000ms
[debug] &amp#27;[35m[W3C (d1a20ab4)]&amp#27;[39m Responding to client with driver.timeouts() result: null
&amp#27;[35m[HTTP]&amp#27;[39m &amp#27;[37m<-- POST /wd/hub/session/d1a20ab4-32fe-4fdc-ae18-bcb48c47c1d7/timeouts &amp#27;[39m&amp#27;[32m200&amp#27;[39m &amp#27;[90m20 ms - 14&amp#27;[39m
&amp#27;[35m[HTTP]&amp#27;[39m &amp#27;[90m&amp#27;[39m
&amp#27;[35m[HTTP]&amp#27;[39m &amp#27;[37m-->&amp#27;[39m &amp#27;[37mGET&amp#27;[39m &amp#27;[37m/wd/hub/session/d1a20ab4-32fe-4fdc-ae18-bcb48c47c1d7&amp#27;[39m
&amp#27;[35m[HTTP]&amp#27;[39m &amp#27;[90m{}&amp#27;[39m
[debug] &amp#27;[35m[W3C (d1a20ab4)]&amp#27;[39m Calling AppiumDriver.getSession() with args: ["d1a20ab4-32fe-4fdc-ae18-bcb48c47c1d7"]
[debug] &amp#27;[35m[UiAutomator2]&amp#27;[39m Getting session details from server to mix in
[debug] &amp#27;[35m[WD Proxy]&amp#27;[39m Matched '/' to command name 'getSession'
[debug] &amp#27;[35m[WD Proxy]&amp#27;[39m Proxying [GET /] to [GET http://127.0.0.1:8202/wd/hub/session/fd94e242-15bb-4015-b8bb-0ed9c10f6d94] with no body
[debug] &amp#27;[35m[WD Proxy]&amp#27;[39m Got response with status 200: {"sessionId":"fd94e242-15bb-4015-b8bb-0ed9c10f6d94","value":{"lastScrollData":{"toIndex":-1,"maxScrollY":2299,"maxScrollX":0,"scrollY":1626,"scrollX":0,"fromIndex":-1,"itemCount":-1}}}
[debug] &amp#27;[35m[W3C (d1a20ab4)]&amp#27;[39m Responding to client with driver.getSession() result: {"platform":"LINUX","webStorageEnabled":false,"takesScreenshot":true,"javascriptEnabled":true,"databaseEnabled":false,"networkConnectionEnabled":true,"locationContextEnabled":false,"warnings":{},"desired":{"platformName":"android","app":"./Resourses/in.workindia.apk","appActivity":"in.workindia.nileshdungarwal.workindiaandroid.RegisterActivity","appPackage":"in.workindia.nileshdungarwal.workindiaandroid","deviceName":"emulator-5554","platformVersion":"8.1"},"platformName":"android","app":"./Resourses/in.workindia.apk","appActivity":"in.workindia.nileshdungarwal.workindiaandroid.RegisterActivity","appPackage":"in.workindia.nileshdungarwal.workindiaandroid","deviceName":"emulator-5554","platformVersion":"8.1.0","deviceUDID":"emulator-5554","deviceApiLevel":27,"deviceScreenSize":"1080x2160","deviceScreenDensity":440,"deviceModel":"Android SDK built for x86","deviceManufacturer":"Google","pixelRatio":2.75,"statBarHeight":66,"viewportRect":{"left":0,"top":66,"width":1080,"height":1962},"lastScrollData":{"toInde...
&amp#27;[35m[HTTP]&amp#27;[39m &amp#27;[37m<-- GET /wd/hub/session/d1a20ab4-32fe-4fdc-ae18-bcb48c47c1d7 &amp#27;[39m&amp#27;[32m200&amp#27;[39m &amp#27;[90m26 ms - 1128&amp#27;[39m
&amp#27;[35m[HTTP]&amp#27;[39m &amp#27;[90m&amp#27;[39m
&amp#27;[35m[HTTP]&amp#27;[39m &amp#27;[37m-->&amp#27;[39m &amp#27;[37mGET&amp#27;[39m &amp#27;[37m/wd/hub/session/d1a20ab4-32fe-4fdc-ae18-bcb48c47c1d7&amp#27;[39m
&amp#27;[35m[HTTP]&amp#27;[39m &amp#27;[90m{}&amp#27;[39m
[debug] &amp#27;[35m[W3C (d1a20ab4)]&amp#27;[39m Calling AppiumDriver.getSession() with args: ["d1a20ab4-32fe-4fdc-ae18-bcb48c47c1d7"]
[debug] &amp#27;[35m[UiAutomator2]&amp#27;[39m Getting session details from server to mix in
[debug] &amp#27;[35m[WD Proxy]&amp#27;[39m Matched '/' to command name 'getSession'
[debug] &amp#27;[35m[WD Proxy]&amp#27;[39m Proxying [GET /] to [GET http://127.0.0.1:8202/wd/hub/session/fd94e242-15bb-4015-b8bb-0ed9c10f6d94] with no body
[debug] &amp#27;[35m[WD Proxy]&amp#27;[39m Got response with status 200: {"sessionId":"fd94e242-15bb-4015-b8bb-0ed9c10f6d94","value":{"lastScrollData":{"toIndex":-1,"maxScrollY":2299,"maxScrollX":0,"scrollY":1626,"scrollX":0,"fromIndex":-1,"itemCount":-1}}}
[debug] &amp#27;[35m[W3C (d1a20ab4)]&amp#27;[39m Responding to client with driver.getSession() result: {"platform":"LINUX","webStorageEnabled":false,"takesScreenshot":true,"javascriptEnabled":true,"databaseEnabled":false,"networkConnectionEnabled":true,"locationContextEnabled":false,"warnings":{},"desired":{"platformName":"android","app":"./Resourses/in.workindia.apk","appActivity":"in.workindia.nileshdungarwal.workindiaandroid.RegisterActivity","appPackage":"in.workindia.nileshdungarwal.workindiaandroid","deviceName":"emulator-5554","platformVersion":"8.1"},"platformName":"android","app":"./Resourses/in.workindia.apk","appActivity":"in.workindia.nileshdungarwal.workindiaandroid.RegisterActivity","appPackage":"in.workindia.nileshdungarwal.workindiaandroid","deviceName":"emulator-5554","platformVersion":"8.1.0","deviceUDID":"emulator-5554","deviceApiLevel":27,"deviceScreenSize":"1080x2160","deviceScreenDensity":440,"deviceModel":"Android SDK built for x86","deviceManufacturer":"Google","pixelRatio":2.75,"statBarHeight":66,"viewportRect":{"left":0,"top":66,"width":1080,"height":1962},"lastScrollData":{"toInde...
&amp#27;[35m[HTTP]&amp#27;[39m &amp#27;[37m<-- GET /wd/hub/session/d1a20ab4-32fe-4fdc-ae18-bcb48c47c1d7 &amp#27;[39m&amp#27;[32m200&amp#27;[39m &amp#27;[90m14 ms - 1128&amp#27;[39m
&amp#27;[35m[HTTP]&amp#27;[39m &amp#27;[90m&amp#27;[39m
&amp#27;[35m[HTTP]&amp#27;[39m &amp#27;[37m-->&amp#27;[39m &amp#27;[37mGET&amp#27;[39m &amp#27;[37m/wd/hub/session/d1a20ab4-32fe-4fdc-ae18-bcb48c47c1d7&amp#27;[39m
&amp#27;[35m[HTTP]&amp#27;[39m &amp#27;[90m{}&amp#27;[39m
[debug] &amp#27;[35m[W3C (d1a20ab4)]&amp#27;[39m Calling AppiumDriver.getSession() with args: ["d1a20ab4-32fe-4fdc-ae18-bcb48c47c1d7"]
[debug] &amp#27;[35m[UiAutomator2]&amp#27;[39m Getting session details from server to mix in
[debug] &amp#27;[35m[WD Proxy]&amp#27;[39m Matched '/' to command name 'getSession'
[debug] &amp#27;[35m[WD Proxy]&amp#27;[39m Proxying [GET /] to [GET http://127.0.0.1:8202/wd/hub/session/fd94e242-15bb-4015-b8bb-0ed9c10f6d94] with no body
[debug] &amp#27;[35m[WD Proxy]&amp#27;[39m Got response with status 200: {"sessionId":"fd94e242-15bb-4015-b8bb-0ed9c10f6d94","value":{"lastScrollData":{"toIndex":-1,"maxScrollY":2299,"maxScrollX":0,"scrollY":1626,"scrollX":0,"fromIndex":-1,"itemCount":-1}}}
[debug] &amp#27;[35m[W3C (d1a20ab4)]&amp#27;[39m Responding to client with driver.getSession() result: {"platform":"LINUX","webStorageEnabled":false,"takesScreenshot":true,"javascriptEnabled":true,"databaseEnabled":false,"networkConnectionEnabled":true,"locationContextEnabled":false,"warnings":{},"desired":{"platformName":"android","app":"./Resourses/in.workindia.apk","appActivity":"in.workindia.nileshdungarwal.workindiaandroid.RegisterActivity","appPackage":"in.workindia.nileshdungarwal.workindiaandroid","deviceName":"emulator-5554","platformVersion":"8.1"},"platformName":"android","app":"./Resourses/in.workindia.apk","appActivity":"in.workindia.nileshdungarwal.workindiaandroid.RegisterActivity","appPackage":"in.workindia.nileshdungarwal.workindiaandroid","deviceName":"emulator-5554","platformVersion":"8.1.0","deviceUDID":"emulator-5554","deviceApiLevel":27,"deviceScreenSize":"1080x2160","deviceScreenDensity":440,"deviceModel":"Android SDK built for x86","deviceManufacturer":"Google","pixelRatio":2.75,"statBarHeight":66,"viewportRect":{"left":0,"top":66,"width":1080,"height":1962},"lastScrollData":{"toInde...
&amp#27;[35m[HTTP]&amp#27;[39m &amp#27;[37m<-- GET /wd/hub/session/d1a20ab4-32fe-4fdc-ae18-bcb48c47c1d7 &amp#27;[39m&amp#27;[32m200&amp#27;[39m &amp#27;[90m12 ms - 1128&amp#27;[39m
&amp#27;[35m[HTTP]&amp#27;[39m &amp#27;[90m&amp#27;[39m
&amp#27;[35m[HTTP]&amp#27;[39m &amp#27;[37m-->&amp#27;[39m &amp#27;[37mPOST&amp#27;[39m &amp#27;[37m/wd/hub/session/d1a20ab4-32fe-4fdc-ae18-bcb48c47c1d7/element&amp#27;[39m
&amp#27;[35m[HTTP]&amp#27;[39m &amp#27;[90m{"using":"xpath","value":"//android.widget.FrameLayout[1]/android.widget.CheckBox"}&amp#27;[39m
[debug] &amp#27;[35m[W3C (d1a20ab4)]&amp#27;[39m Calling AppiumDriver.findElement() with args: ["xpath","//android.widget.FrameLayout[1]/android.widget.CheckBox","d1a20ab4-32fe-4fdc-ae18-bcb48c47c1d7"]
[debug] &amp#27;[35m[BaseDriver]&amp#27;[39m Valid locator strategies for this request: xpath, id, class name, accessibility id, css selector, -android uiautomator
[debug] &amp#27;[35m[BaseDriver]&amp#27;[39m Waiting up to 50000 ms for condition
[debug] &amp#27;[35m[WD Proxy]&amp#27;[39m Matched '/element' to command name 'findElement'
[debug] &amp#27;[35m[WD Proxy]&amp#27;[39m Proxying [POST /element] to [POST http://127.0.0.1:8202/wd/hub/session/fd94e242-15bb-4015-b8bb-0ed9c10f6d94/element] with body: {"strategy":"xpath","selector":"//android.widget.FrameLayout[1]/android.widget.CheckBox","context":"","multiple":false}
[debug] &amp#27;[35m[WD Proxy]&amp#27;[39m Got response with status 200: {"sessionId":"fd94e242-15bb-4015-b8bb-0ed9c10f6d94","value":{"ELEMENT":"f02dffb8-53d3-4e90-9e71-b73e117bff11","element-6066-11e4-a52e-4f735466cecf":"f02dffb8-53d3-4e90-9e71-b73e117bff11"}}
[debug] &amp#27;[35m[W3C (d1a20ab4)]&amp#27;[39m Responding to client with driver.findElement() result: {"element-6066-11e4-a52e-4f735466cecf":"f02dffb8-53d3-4e90-9e71-b73e117bff11","ELEMENT":"f02dffb8-53d3-4e90-9e71-b73e117bff11"}
&amp#27;[35m[HTTP]&amp#27;[39m &amp#27;[37m<-- POST /wd/hub/session/d1a20ab4-32fe-4fdc-ae18-bcb48c47c1d7/element &amp#27;[39m&amp#27;[32m200&amp#27;[39m &amp#27;[90m111 ms - 137&amp#27;[39m
&amp#27;[35m[HTTP]&amp#27;[39m &amp#27;[90m&amp#27;[39m
&amp#27;[35m[HTTP]&amp#27;[39m &amp#27;[37m-->&amp#27;[39m &amp#27;[37mPOST&amp#27;[39m &amp#27;[37m/wd/hub/session/d1a20ab4-32fe-4fdc-ae18-bcb48c47c1d7/element/f02dffb8-53d3-4e90-9e71-b73e117bff11/click&amp#27;[39m
&amp#27;[35m[HTTP]&amp#27;[39m &amp#27;[90m{"id":"f02dffb8-53d3-4e90-9e71-b73e117bff11"}&amp#27;[39m
[debug] &amp#27;[35m[W3C (d1a20ab4)]&amp#27;[39m Calling AppiumDriver.click() with args: ["f02dffb8-53d3-4e90-9e71-b73e117bff11","d1a20ab4-32fe-4fdc-ae18-bcb48c47c1d7"]
[debug] &amp#27;[35m[WD Proxy]&amp#27;[39m Matched '/element/f02dffb8-53d3-4e90-9e71-b73e117bff11/click' to command name 'click'
[debug] &amp#27;[35m[WD Proxy]&amp#27;[39m Proxying [POST /element/f02dffb8-53d3-4e90-9e71-b73e117bff11/click] to [POST http://127.0.0.1:8202/wd/hub/session/fd94e242-15bb-4015-b8bb-0ed9c10f6d94/element/f02dffb8-53d3-4e90-9e71-b73e117bff11/click] with body: {"element":"f02dffb8-53d3-4e90-9e71-b73e117bff11"}
[debug] &amp#27;[35m[WD Proxy]&amp#27;[39m Got response with status 200: {"sessionId":"fd94e242-15bb-4015-b8bb-0ed9c10f6d94","value":null}
[debug] &amp#27;[35m[W3C (d1a20ab4)]&amp#27;[39m Responding to client with driver.click() result: null
&amp#27;[35m[HTTP]&amp#27;[39m &amp#27;[37m<-- POST /wd/hub/session/d1a20ab4-32fe-4fdc-ae18-bcb48c47c1d7/element/f02dffb8-53d3-4e90-9e71-b73e117bff11/click &amp#27;[39m&amp#27;[32m200&amp#27;[39m &amp#27;[90m18 ms - 14&amp#27;[39m
&amp#27;[35m[HTTP]&amp#27;[39m &amp#27;[90m&amp#27;[39m
&amp#27;[35m[HTTP]&amp#27;[39m &amp#27;[37m-->&amp#27;[39m &amp#27;[37mGET&amp#27;[39m &amp#27;[37m/wd/hub/session/d1a20ab4-32fe-4fdc-ae18-bcb48c47c1d7&amp#27;[39m
&amp#27;[35m[HTTP]&amp#27;[39m &amp#27;[90m{}&amp#27;[39m
[debug] &amp#27;[35m[W3C (d1a20ab4)]&amp#27;[39m Calling AppiumDriver.getSession() with args: ["d1a20ab4-32fe-4fdc-ae18-bcb48c47c1d7"]
[debug] &amp#27;[35m[UiAutomator2]&amp#27;[39m Getting session details from server to mix in
[debug] &amp#27;[35m[WD Proxy]&amp#27;[39m Matched '/' to command name 'getSession'
[debug] &amp#27;[35m[WD Proxy]&amp#27;[39m Proxying [GET /] to [GET http://127.0.0.1:8202/wd/hub/session/fd94e242-15bb-4015-b8bb-0ed9c10f6d94] with no body
[debug] &amp#27;[35m[WD Proxy]&amp#27;[39m Got response with status 200: {"sessionId":"fd94e242-15bb-4015-b8bb-0ed9c10f6d94","value":{"lastScrollData":{"toIndex":-1,"maxScrollY":2299,"maxScrollX":0,"scrollY":1626,"scrollX":0,"fromIndex":-1,"itemCount":-1}}}
[debug] &amp#27;[35m[W3C (d1a20ab4)]&amp#27;[39m Responding to client with driver.getSession() result: {"platform":"LINUX","webStorageEnabled":false,"takesScreenshot":true,"javascriptEnabled":true,"databaseEnabled":false,"networkConnectionEnabled":true,"locationContextEnabled":false,"warnings":{},"desired":{"platformName":"android","app":"./Resourses/in.workindia.apk","appActivity":"in.workindia.nileshdungarwal.workindiaandroid.RegisterActivity","appPackage":"in.workindia.nileshdungarwal.workindiaandroid","deviceName":"emulator-5554","platformVersion":"8.1"},"platformName":"android","app":"./Resourses/in.workindia.apk","appActivity":"in.workindia.nileshdungarwal.workindiaandroid.RegisterActivity","appPackage":"in.workindia.nileshdungarwal.workindiaandroid","deviceName":"emulator-5554","platformVersion":"8.1.0","deviceUDID":"emulator-5554","deviceApiLevel":27,"deviceScreenSize":"1080x2160","deviceScreenDensity":440,"deviceModel":"Android SDK built for x86","deviceManufacturer":"Google","pixelRatio":2.75,"statBarHeight":66,"viewportRect":{"left":0,"top":66,"width":1080,"height":1962},"lastScrollData":{"toInde...
&amp#27;[35m[HTTP]&amp#27;[39m &amp#27;[37m<-- GET /wd/hub/session/d1a20ab4-32fe-4fdc-ae18-bcb48c47c1d7 &amp#27;[39m&amp#27;[32m200&amp#27;[39m &amp#27;[90m12 ms - 1128&amp#27;[39m
&amp#27;[35m[HTTP]&amp#27;[39m &amp#27;[90m&amp#27;[39m
&amp#27;[35m[HTTP]&amp#27;[39m &amp#27;[37m-->&amp#27;[39m &amp#27;[37mPOST&amp#27;[39m &amp#27;[37m/wd/hub/session/d1a20ab4-32fe-4fdc-ae18-bcb48c47c1d7/element&amp#27;[39m
&amp#27;[35m[HTTP]&amp#27;[39m &amp#27;[90m{"using":"xpath","value":"//android.widget.FrameLayout[2]/android.widget.CheckBox"}&amp#27;[39m
[debug] &amp#27;[35m[W3C (d1a20ab4)]&amp#27;[39m Calling AppiumDriver.findElement() with args: ["xpath","//android.widget.FrameLayout[2]/android.widget.CheckBox","d1a20ab4-32fe-4fdc-ae18-bcb48c47c1d7"]
[debug] &amp#27;[35m[BaseDriver]&amp#27;[39m Valid locator strategies for this request: xpath, id, class name, accessibility id, css selector, -android uiautomator
[debug] &amp#27;[35m[BaseDriver]&amp#27;[39m Waiting up to 50000 ms for condition
[debug] &amp#27;[35m[WD Proxy]&amp#27;[39m Matched '/element' to command name 'findElement'
[debug] &amp#27;[35m[WD Proxy]&amp#27;[39m Proxying [POST /element] to [POST http://127.0.0.1:8202/wd/hub/session/fd94e242-15bb-4015-b8bb-0ed9c10f6d94/element] with body: {"strategy":"xpath","selector":"//android.widget.FrameLayout[2]/android.widget.CheckBox","context":"","multiple":false}
[debug] &amp#27;[35m[WD Proxy]&amp#27;[39m Got response with status 200: {"sessionId":"fd94e242-15bb-4015-b8bb-0ed9c10f6d94","value":{"ELEMENT":"f7f2fb7a-6514-4c08-a130-a60b8de9f991","element-6066-11e4-a52e-4f735466cecf":"f7f2fb7a-6514-4c08-a130-a60b8de9f991"}}
[debug] &amp#27;[35m[W3C (d1a20ab4)]&amp#27;[39m Responding to client with driver.findElement() result: {"element-6066-11e4-a52e-4f735466cecf":"f7f2fb7a-6514-4c08-a130-a60b8de9f991","ELEMENT":"f7f2fb7a-6514-4c08-a130-a60b8de9f991"}
&amp#27;[35m[HTTP]&amp#27;[39m &amp#27;[37m<-- POST /wd/hub/session/d1a20ab4-32fe-4fdc-ae18-bcb48c47c1d7/element &amp#27;[39m&amp#27;[32m200&amp#27;[39m &amp#27;[90m564 ms - 137&amp#27;[39m
&amp#27;[35m[HTTP]&amp#27;[39m &amp#27;[90m&amp#27;[39m
&amp#27;[35m[HTTP]&amp#27;[39m &amp#27;[37m-->&amp#27;[39m &amp#27;[37mPOST&amp#27;[39m &amp#27;[37m/wd/hub/session/d1a20ab4-32fe-4fdc-ae18-bcb48c47c1d7/element/f7f2fb7a-6514-4c08-a130-a60b8de9f991/click&amp#27;[39m
&amp#27;[35m[HTTP]&amp#27;[39m &amp#27;[90m{"id":"f7f2fb7a-6514-4c08-a130-a60b8de9f991"}&amp#27;[39m
[debug] &amp#27;[35m[W3C (d1a20ab4)]&amp#27;[39m Calling AppiumDriver.click() with args: ["f7f2fb7a-6514-4c08-a130-a60b8de9f991","d1a20ab4-32fe-4fdc-ae18-bcb48c47c1d7"]
[debug] &amp#27;[35m[WD Proxy]&amp#27;[39m Matched '/element/f7f2fb7a-6514-4c08-a130-a60b8de9f991/click' to command name 'click'
[debug] &amp#27;[35m[WD Proxy]&amp#27;[39m Proxying [POST /element/f7f2fb7a-6514-4c08-a130-a60b8de9f991/click] to [POST http://127.0.0.1:8202/wd/hub/session/fd94e242-15bb-4015-b8bb-0ed9c10f6d94/element/f7f2fb7a-6514-4c08-a130-a60b8de9f991/click] with body: {"element":"f7f2fb7a-6514-4c08-a130-a60b8de9f991"}
[debug] &amp#27;[35m[WD Proxy]&amp#27;[39m Got response with status 200: {"sessionId":"fd94e242-15bb-4015-b8bb-0ed9c10f6d94","value":null}
[debug] &amp#27;[35m[W3C (d1a20ab4)]&amp#27;[39m Responding to client with driver.click() result: null
&amp#27;[35m[HTTP]&amp#27;[39m &amp#27;[37m<-- POST /wd/hub/session/d1a20ab4-32fe-4fdc-ae18-bcb48c47c1d7/element/f7f2fb7a-6514-4c08-a130-a60b8de9f991/click &amp#27;[39m&amp#27;[32m200&amp#27;[39m &amp#27;[90m19 ms - 14&amp#27;[39m
&amp#27;[35m[HTTP]&amp#27;[39m &amp#27;[90m&amp#27;[39m
&amp#27;[35m[HTTP]&amp#27;[39m &amp#27;[37m-->&amp#27;[39m &amp#27;[37mPOST&amp#27;[39m &amp#27;[37m/wd/hub/session/d1a20ab4-32fe-4fdc-ae18-bcb48c47c1d7/timeouts&amp#27;[39m
&amp#27;[35m[HTTP]&amp#27;[39m &amp#27;[90m{"implicit":50000}&amp#27;[39m
[debug] &amp#27;[35m[W3C (d1a20ab4)]&amp#27;[39m Calling AppiumDriver.timeouts() with args: [null,null,null,null,50000,"d1a20ab4-32fe-4fdc-ae18-bcb48c47c1d7"]
[debug] &amp#27;[35m[BaseDriver]&amp#27;[39m W3C timeout argument: {"implicit":50000}}
[debug] &amp#27;[35m[BaseDriver]&amp#27;[39m Set implicit wait to 50000ms
[debug] &amp#27;[35m[W3C (d1a20ab4)]&amp#27;[39m Responding to client with driver.timeouts() result: null
&amp#27;[35m[HTTP]&amp#27;[39m &amp#27;[37m<-- POST /wd/hub/session/d1a20ab4-32fe-4fdc-ae18-bcb48c47c1d7/timeouts &amp#27;[39m&amp#27;[32m200&amp#27;[39m &amp#27;[90m5 ms - 14&amp#27;[39m
&amp#27;[35m[HTTP]&amp#27;[39m &amp#27;[90m&amp#27;[39m
&amp#27;[35m[HTTP]&amp#27;[39m &amp#27;[37m-->&amp#27;[39m &amp#27;[37mGET&amp#27;[39m &amp#27;[37m/wd/hub/session/d1a20ab4-32fe-4fdc-ae18-bcb48c47c1d7&amp#27;[39m
&amp#27;[35m[HTTP]&amp#27;[39m &amp#27;[90m{}&amp#27;[39m
[debug] &amp#27;[35m[W3C (d1a20ab4)]&amp#27;[39m Calling AppiumDriver.getSession() with args: ["d1a20ab4-32fe-4fdc-ae18-bcb48c47c1d7"]
[debug] &amp#27;[35m[UiAutomator2]&amp#27;[39m Getting session details from server to mix in
[debug] &amp#27;[35m[WD Proxy]&amp#27;[39m Matched '/' to command name 'getSession'
[debug] &amp#27;[35m[WD Proxy]&amp#27;[39m Proxying [GET /] to [GET http://127.0.0.1:8202/wd/hub/session/fd94e242-15bb-4015-b8bb-0ed9c10f6d94] with no body
[debug] &amp#27;[35m[WD Proxy]&amp#27;[39m Got response with status 200: {"sessionId":"fd94e242-15bb-4015-b8bb-0ed9c10f6d94","value":{"lastScrollData":{"toIndex":-1,"maxScrollY":2299,"maxScrollX":0,"scrollY":1626,"scrollX":0,"fromIndex":-1,"itemCount":-1}}}
[debug] &amp#27;[35m[W3C (d1a20ab4)]&amp#27;[39m Responding to client with driver.getSession() result: {"platform":"LINUX","webStorageEnabled":false,"takesScreenshot":true,"javascriptEnabled":true,"databaseEnabled":false,"networkConnectionEnabled":true,"locationContextEnabled":false,"warnings":{},"desired":{"platformName":"android","app":"./Resourses/in.workindia.apk","appActivity":"in.workindia.nileshdungarwal.workindiaandroid.RegisterActivity","appPackage":"in.workindia.nileshdungarwal.workindiaandroid","deviceName":"emulator-5554","platformVersion":"8.1"},"platformName":"android","app":"./Resourses/in.workindia.apk","appActivity":"in.workindia.nileshdungarwal.workindiaandroid.RegisterActivity","appPackage":"in.workindia.nileshdungarwal.workindiaandroid","deviceName":"emulator-5554","platformVersion":"8.1.0","deviceUDID":"emulator-5554","deviceApiLevel":27,"deviceScreenSize":"1080x2160","deviceScreenDensity":440,"deviceModel":"Android SDK built for x86","deviceManufacturer":"Google","pixelRatio":2.75,"statBarHeight":66,"viewportRect":{"left":0,"top":66,"width":1080,"height":1962},"lastScrollData":{"toInde...
&amp#27;[35m[HTTP]&amp#27;[39m &amp#27;[37m<-- GET /wd/hub/session/d1a20ab4-32fe-4fdc-ae18-bcb48c47c1d7 &amp#27;[39m&amp#27;[32m200&amp#27;[39m &amp#27;[90m26 ms - 1128&amp#27;[39m
&amp#27;[35m[HTTP]&amp#27;[39m &amp#27;[90m&amp#27;[39m
&amp#27;[35m[HTTP]&amp#27;[39m &amp#27;[37m-->&amp#27;[39m &amp#27;[37mGET&amp#27;[39m &amp#27;[37m/wd/hub/session/d1a20ab4-32fe-4fdc-ae18-bcb48c47c1d7&amp#27;[39m
&amp#27;[35m[HTTP]&amp#27;[39m &amp#27;[90m{}&amp#27;[39m
[debug] &amp#27;[35m[W3C (d1a20ab4)]&amp#27;[39m Calling AppiumDriver.getSession() with args: ["d1a20ab4-32fe-4fdc-ae18-bcb48c47c1d7"]
[debug] &amp#27;[35m[UiAutomator2]&amp#27;[39m Getting session details from server to mix in
[debug] &amp#27;[35m[WD Proxy]&amp#27;[39m Matched '/' to command name 'getSession'
[debug] &amp#27;[35m[WD Proxy]&amp#27;[39m Proxying [GET /] to [GET http://127.0.0.1:8202/wd/hub/session/fd94e242-15bb-4015-b8bb-0ed9c10f6d94] with no body
[debug] &amp#27;[35m[WD Proxy]&amp#27;[39m Got response with status 200: {"sessionId":"fd94e242-15bb-4015-b8bb-0ed9c10f6d94","value":{"lastScrollData":{"toIndex":-1,"maxScrollY":2299,"maxScrollX":0,"scrollY":1626,"scrollX":0,"fromIndex":-1,"itemCount":-1}}}
[debug] &amp#27;[35m[W3C (d1a20ab4)]&amp#27;[39m Responding to client with driver.getSession() result: {"platform":"LINUX","webStorageEnabled":false,"takesScreenshot":true,"javascriptEnabled":true,"databaseEnabled":false,"networkConnectionEnabled":true,"locationContextEnabled":false,"warnings":{},"desired":{"platformName":"android","app":"./Resourses/in.workindia.apk","appActivity":"in.workindia.nileshdungarwal.workindiaandroid.RegisterActivity","appPackage":"in.workindia.nileshdungarwal.workindiaandroid","deviceName":"emulator-5554","platformVersion":"8.1"},"platformName":"android","app":"./Resourses/in.workindia.apk","appActivity":"in.workindia.nileshdungarwal.workindiaandroid.RegisterActivity","appPackage":"in.workindia.nileshdungarwal.workindiaandroid","deviceName":"emulator-5554","platformVersion":"8.1.0","deviceUDID":"emulator-5554","deviceApiLevel":27,"deviceScreenSize":"1080x2160","deviceScreenDensity":440,"deviceModel":"Android SDK built for x86","deviceManufacturer":"Google","pixelRatio":2.75,"statBarHeight":66,"viewportRect":{"left":0,"top":66,"width":1080,"height":1962},"lastScrollData":{"toInde...
&amp#27;[35m[HTTP]&amp#27;[39m &amp#27;[37m<-- GET /wd/hub/session/d1a20ab4-32fe-4fdc-ae18-bcb48c47c1d7 &amp#27;[39m&amp#27;[32m200&amp#27;[39m &amp#27;[90m22 ms - 1128&amp#27;[39m
&amp#27;[35m[HTTP]&amp#27;[39m &amp#27;[90m&amp#27;[39m
&amp#27;[35m[HTTP]&amp#27;[39m &amp#27;[37m-->&amp#27;[39m &amp#27;[37mGET&amp#27;[39m &amp#27;[37m/wd/hub/session/d1a20ab4-32fe-4fdc-ae18-bcb48c47c1d7&amp#27;[39m
&amp#27;[35m[HTTP]&amp#27;[39m &amp#27;[90m{}&amp#27;[39m
[debug] &amp#27;[35m[W3C (d1a20ab4)]&amp#27;[39m Calling AppiumDriver.getSession() with args: ["d1a20ab4-32fe-4fdc-ae18-bcb48c47c1d7"]
[debug] &amp#27;[35m[UiAutomator2]&amp#27;[39m Getting session details from server to mix in
[debug] &amp#27;[35m[WD Proxy]&amp#27;[39m Matched '/' to command name 'getSession'
[debug] &amp#27;[35m[WD Proxy]&amp#27;[39m Proxying [GET /] to [GET http://127.0.0.1:8202/wd/hub/session/fd94e242-15bb-4015-b8bb-0ed9c10f6d94] with no body
[debug] &amp#27;[35m[WD Proxy]&amp#27;[39m Got response with status 200: {"sessionId":"fd94e242-15bb-4015-b8bb-0ed9c10f6d94","value":{"lastScrollData":{"toIndex":-1,"maxScrollY":2299,"maxScrollX":0,"scrollY":1626,"scrollX":0,"fromIndex":-1,"itemCount":-1}}}
[debug] &amp#27;[35m[W3C (d1a20ab4)]&amp#27;[39m Responding to client with driver.getSession() result: {"platform":"LINUX","webStorageEnabled":false,"takesScreenshot":true,"javascriptEnabled":true,"databaseEnabled":false,"networkConnectionEnabled":true,"locationContextEnabled":false,"warnings":{},"desired":{"platformName":"android","app":"./Resourses/in.workindia.apk","appActivity":"in.workindia.nileshdungarwal.workindiaandroid.RegisterActivity","appPackage":"in.workindia.nileshdungarwal.workindiaandroid","deviceName":"emulator-5554","platformVersion":"8.1"},"platformName":"android","app":"./Resourses/in.workindia.apk","appActivity":"in.workindia.nileshdungarwal.workindiaandroid.RegisterActivity","appPackage":"in.workindia.nileshdungarwal.workindiaandroid","deviceName":"emulator-5554","platformVersion":"8.1.0","deviceUDID":"emulator-5554","deviceApiLevel":27,"deviceScreenSize":"1080x2160","deviceScreenDensity":440,"deviceModel":"Android SDK built for x86","deviceManufacturer":"Google","pixelRatio":2.75,"statBarHeight":66,"viewportRect":{"left":0,"top":66,"width":1080,"height":1962},"lastScrollData":{"toInde...
&amp#27;[35m[HTTP]&amp#27;[39m &amp#27;[37m<-- GET /wd/hub/session/d1a20ab4-32fe-4fdc-ae18-bcb48c47c1d7 &amp#27;[39m&amp#27;[32m200&amp#27;[39m &amp#27;[90m27 ms - 1128&amp#27;[39m
&amp#27;[35m[HTTP]&amp#27;[39m &amp#27;[90m&amp#27;[39m
&amp#27;[35m[HTTP]&amp#27;[39m &amp#27;[37m-->&amp#27;[39m &amp#27;[37mPOST&amp#27;[39m &amp#27;[37m/wd/hub/session/d1a20ab4-32fe-4fdc-ae18-bcb48c47c1d7/element&amp#27;[39m
&amp#27;[35m[HTTP]&amp#27;[39m &amp#27;[90m{"using":"id","value":"in.workindia.nileshdungarwal.workindiaandroid:id/btn_done"}&amp#27;[39m
[debug] &amp#27;[35m[W3C (d1a20ab4)]&amp#27;[39m Calling AppiumDriver.findElement() with args: ["id","in.workindia.nileshdungarwal.workindiaandroid:id/btn_done","d1a20ab4-32fe-4fdc-ae18-bcb48c47c1d7"]
[debug] &amp#27;[35m[BaseDriver]&amp#27;[39m Valid locator strategies for this request: xpath, id, class name, accessibility id, css selector, -android uiautomator
[debug] &amp#27;[35m[BaseDriver]&amp#27;[39m Waiting up to 50000 ms for condition
[debug] &amp#27;[35m[WD Proxy]&amp#27;[39m Matched '/element' to command name 'findElement'
[debug] &amp#27;[35m[WD Proxy]&amp#27;[39m Proxying [POST /element] to [POST http://127.0.0.1:8202/wd/hub/session/fd94e242-15bb-4015-b8bb-0ed9c10f6d94/element] with body: {"strategy":"id","selector":"in.workindia.nileshdungarwal.workindiaandroid:id/btn_done","context":"","multiple":false}
[debug] &amp#27;[35m[WD Proxy]&amp#27;[39m Got response with status 200: {"sessionId":"fd94e242-15bb-4015-b8bb-0ed9c10f6d94","value":{"ELEMENT":"3a64fa6d-1397-48dd-a4a4-fcdc41aa1fec","element-6066-11e4-a52e-4f735466cecf":"3a64fa6d-1397-48dd-a4a4-fcdc41aa1fec"}}
[debug] &amp#27;[35m[W3C (d1a20ab4)]&amp#27;[39m Responding to client with driver.findElement() result: {"element-6066-11e4-a52e-4f735466cecf":"3a64fa6d-1397-48dd-a4a4-fcdc41aa1fec","ELEMENT":"3a64fa6d-1397-48dd-a4a4-fcdc41aa1fec"}
&amp#27;[35m[HTTP]&amp#27;[39m &amp#27;[37m<-- POST /wd/hub/session/d1a20ab4-32fe-4fdc-ae18-bcb48c47c1d7/element &amp#27;[39m&amp#27;[32m200&amp#27;[39m &amp#27;[90m415 ms - 137&amp#27;[39m
&amp#27;[35m[HTTP]&amp#27;[39m &amp#27;[90m&amp#27;[39m
&amp#27;[35m[HTTP]&amp#27;[39m &amp#27;[37m-->&amp#27;[39m &amp#27;[37mPOST&amp#27;[39m &amp#27;[37m/wd/hub/session/d1a20ab4-32fe-4fdc-ae18-bcb48c47c1d7/element/3a64fa6d-1397-48dd-a4a4-fcdc41aa1fec/click&amp#27;[39m
&amp#27;[35m[HTTP]&amp#27;[39m &amp#27;[90m{"id":"3a64fa6d-1397-48dd-a4a4-fcdc41aa1fec"}&amp#27;[39m
[debug] &amp#27;[35m[W3C (d1a20ab4)]&amp#27;[39m Calling AppiumDriver.click() with args: ["3a64fa6d-1397-48dd-a4a4-fcdc41aa1fec","d1a20ab4-32fe-4fdc-ae18-bcb48c47c1d7"]
[debug] &amp#27;[35m[WD Proxy]&amp#27;[39m Matched '/element/3a64fa6d-1397-48dd-a4a4-fcdc41aa1fec/click' to command name 'click'
[debug] &amp#27;[35m[WD Proxy]&amp#27;[39m Proxying [POST /element/3a64fa6d-1397-48dd-a4a4-fcdc41aa1fec/click] to [POST http://127.0.0.1:8202/wd/hub/session/fd94e242-15bb-4015-b8bb-0ed9c10f6d94/element/3a64fa6d-1397-48dd-a4a4-fcdc41aa1fec/click] with body: {"element":"3a64fa6d-1397-48dd-a4a4-fcdc41aa1fec"}
[debug] &amp#27;[35m[WD Proxy]&amp#27;[39m Got response with status 200: {"sessionId":"fd94e242-15bb-4015-b8bb-0ed9c10f6d94","value":null}
[debug] &amp#27;[35m[W3C (d1a20ab4)]&amp#27;[39m Responding to client with driver.click() result: null
&amp#27;[35m[HTTP]&amp#27;[39m &amp#27;[37m<-- POST /wd/hub/session/d1a20ab4-32fe-4fdc-ae18-bcb48c47c1d7/element/3a64fa6d-1397-48dd-a4a4-fcdc41aa1fec/click &amp#27;[39m&amp#27;[32m200&amp#27;[39m &amp#27;[90m21 ms - 14&amp#27;[39m
&amp#27;[35m[HTTP]&amp#27;[39m &amp#27;[90m&amp#27;[39m
&amp#27;[35m[HTTP]&amp#27;[39m &amp#27;[37m-->&amp#27;[39m &amp#27;[37mPOST&amp#27;[39m &amp#27;[37m/wd/hub/session/d1a20ab4-32fe-4fdc-ae18-bcb48c47c1d7/timeouts&amp#27;[39m
&amp#27;[35m[HTTP]&amp#27;[39m &amp#27;[90m{"implicit":50000}&amp#27;[39m
[debug] &amp#27;[35m[W3C (d1a20ab4)]&amp#27;[39m Calling AppiumDriver.timeouts() with args: [null,null,null,null,50000,"d1a20ab4-32fe-4fdc-ae18-bcb48c47c1d7"]
[debug] &amp#27;[35m[BaseDriver]&amp#27;[39m W3C timeout argument: {"implicit":50000}}
[debug] &amp#27;[35m[BaseDriver]&amp#27;[39m Set implicit wait to 50000ms
[debug] &amp#27;[35m[W3C (d1a20ab4)]&amp#27;[39m Responding to client with driver.timeouts() result: null
&amp#27;[35m[HTTP]&amp#27;[39m &amp#27;[37m<-- POST /wd/hub/session/d1a20ab4-32fe-4fdc-ae18-bcb48c47c1d7/timeouts &amp#27;[39m&amp#27;[32m200&amp#27;[39m &amp#27;[90m3 ms - 14&amp#27;[39m
&amp#27;[35m[HTTP]&amp#27;[39m &amp#27;[90m&amp#27;[39m
&amp#27;[35m[HTTP]&amp#27;[39m &amp#27;[37m-->&amp#27;[39m &amp#27;[37mGET&amp#27;[39m &amp#27;[37m/wd/hub/session/d1a20ab4-32fe-4fdc-ae18-bcb48c47c1d7&amp#27;[39m
&amp#27;[35m[HTTP]&amp#27;[39m &amp#27;[90m{}&amp#27;[39m
[debug] &amp#27;[35m[W3C (d1a20ab4)]&amp#27;[39m Calling AppiumDriver.getSession() with args: ["d1a20ab4-32fe-4fdc-ae18-bcb48c47c1d7"]
[debug] &amp#27;[35m[UiAutomator2]&amp#27;[39m Getting session details from server to mix in
[debug] &amp#27;[35m[WD Proxy]&amp#27;[39m Matched '/' to command name 'getSession'
[debug] &amp#27;[35m[WD Proxy]&amp#27;[39m Proxying [GET /] to [GET http://127.0.0.1:8202/wd/hub/session/fd94e242-15bb-4015-b8bb-0ed9c10f6d94] with no body
[debug] &amp#27;[35m[WD Proxy]&amp#27;[39m Got response with status 200: {"sessionId":"fd94e242-15bb-4015-b8bb-0ed9c10f6d94","value":{"lastScrollData":{"toIndex":-1,"maxScrollY":2299,"maxScrollX":0,"scrollY":1626,"scrollX":0,"fromIndex":-1,"itemCount":-1}}}
[debug] &amp#27;[35m[W3C (d1a20ab4)]&amp#27;[39m Responding to client with driver.getSession() result: {"platform":"LINUX","webStorageEnabled":false,"takesScreenshot":true,"javascriptEnabled":true,"databaseEnabled":false,"networkConnectionEnabled":true,"locationContextEnabled":false,"warnings":{},"desired":{"platformName":"android","app":"./Resourses/in.workindia.apk","appActivity":"in.workindia.nileshdungarwal.workindiaandroid.RegisterActivity","appPackage":"in.workindia.nileshdungarwal.workindiaandroid","deviceName":"emulator-5554","platformVersion":"8.1"},"platformName":"android","app":"./Resourses/in.workindia.apk","appActivity":"in.workindia.nileshdungarwal.workindiaandroid.RegisterActivity","appPackage":"in.workindia.nileshdungarwal.workindiaandroid","deviceName":"emulator-5554","platformVersion":"8.1.0","deviceUDID":"emulator-5554","deviceApiLevel":27,"deviceScreenSize":"1080x2160","deviceScreenDensity":440,"deviceModel":"Android SDK built for x86","deviceManufacturer":"Google","pixelRatio":2.75,"statBarHeight":66,"viewportRect":{"left":0,"top":66,"width":1080,"height":1962},"lastScrollData":{"toInde...
&amp#27;[35m[HTTP]&amp#27;[39m &amp#27;[37m<-- GET /wd/hub/session/d1a20ab4-32fe-4fdc-ae18-bcb48c47c1d7 &amp#27;[39m&amp#27;[32m200&amp#27;[39m &amp#27;[90m14 ms - 1128&amp#27;[39m
&amp#27;[35m[HTTP]&amp#27;[39m &amp#27;[90m&amp#27;[39m
&amp#27;[35m[HTTP]&amp#27;[39m &amp#27;[37m-->&amp#27;[39m &amp#27;[37mGET&amp#27;[39m &amp#27;[37m/wd/hub/session/d1a20ab4-32fe-4fdc-ae18-bcb48c47c1d7&amp#27;[39m
&amp#27;[35m[HTTP]&amp#27;[39m &amp#27;[90m{}&amp#27;[39m
[debug] &amp#27;[35m[W3C (d1a20ab4)]&amp#27;[39m Calling AppiumDriver.getSession() with args: ["d1a20ab4-32fe-4fdc-ae18-bcb48c47c1d7"]
[debug] &amp#27;[35m[UiAutomator2]&amp#27;[39m Getting session details from server to mix in
[debug] &amp#27;[35m[WD Proxy]&amp#27;[39m Matched '/' to command name 'getSession'
[debug] &amp#27;[35m[WD Proxy]&amp#27;[39m Proxying [GET /] to [GET http://127.0.0.1:8202/wd/hub/session/fd94e242-15bb-4015-b8bb-0ed9c10f6d94] with no body
[debug] &amp#27;[35m[WD Proxy]&amp#27;[39m Got response with status 200: {"sessionId":"fd94e242-15bb-4015-b8bb-0ed9c10f6d94","value":{"lastScrollData":{"toIndex":-1,"maxScrollY":2299,"maxScrollX":0,"scrollY":1626,"scrollX":0,"fromIndex":-1,"itemCount":-1}}}
[debug] &amp#27;[35m[W3C (d1a20ab4)]&amp#27;[39m Responding to client with driver.getSession() result: {"platform":"LINUX","webStorageEnabled":false,"takesScreenshot":true,"javascriptEnabled":true,"databaseEnabled":false,"networkConnectionEnabled":true,"locationContextEnabled":false,"warnings":{},"desired":{"platformName":"android","app":"./Resourses/in.workindia.apk","appActivity":"in.workindia.nileshdungarwal.workindiaandroid.RegisterActivity","appPackage":"in.workindia.nileshdungarwal.workindiaandroid","deviceName":"emulator-5554","platformVersion":"8.1"},"platformName":"android","app":"./Resourses/in.workindia.apk","appActivity":"in.workindia.nileshdungarwal.workindiaandroid.RegisterActivity","appPackage":"in.workindia.nileshdungarwal.workindiaandroid","deviceName":"emulator-5554","platformVersion":"8.1.0","deviceUDID":"emulator-5554","deviceApiLevel":27,"deviceScreenSize":"1080x2160","deviceScreenDensity":440,"deviceModel":"Android SDK built for x86","deviceManufacturer":"Google","pixelRatio":2.75,"statBarHeight":66,"viewportRect":{"left":0,"top":66,"width":1080,"height":1962},"lastScrollData":{"toInde...
&amp#27;[35m[HTTP]&amp#27;[39m &amp#27;[37m<-- GET /wd/hub/session/d1a20ab4-32fe-4fdc-ae18-bcb48c47c1d7 &amp#27;[39m&amp#27;[32m200&amp#27;[39m &amp#27;[90m13 ms - 1128&amp#27;[39m
&amp#27;[35m[HTTP]&amp#27;[39m &amp#27;[90m&amp#27;[39m
&amp#27;[35m[HTTP]&amp#27;[39m &amp#27;[37m-->&amp#27;[39m &amp#27;[37mGET&amp#27;[39m &amp#27;[37m/wd/hub/session/d1a20ab4-32fe-4fdc-ae18-bcb48c47c1d7&amp#27;[39m
&amp#27;[35m[HTTP]&amp#27;[39m &amp#27;[90m{}&amp#27;[39m
[debug] &amp#27;[35m[W3C (d1a20ab4)]&amp#27;[39m Calling AppiumDriver.getSession() with args: ["d1a20ab4-32fe-4fdc-ae18-bcb48c47c1d7"]
[debug] &amp#27;[35m[UiAutomator2]&amp#27;[39m Getting session details from server to mix in
[debug] &amp#27;[35m[WD Proxy]&amp#27;[39m Matched '/' to command name 'getSession'
[debug] &amp#27;[35m[WD Proxy]&amp#27;[39m Proxying [GET /] to [GET http://127.0.0.1:8202/wd/hub/session/fd94e242-15bb-4015-b8bb-0ed9c10f6d94] with no body
[debug] &amp#27;[35m[WD Proxy]&amp#27;[39m Got response with status 200: {"sessionId":"fd94e242-15bb-4015-b8bb-0ed9c10f6d94","value":{"lastScrollData":{"toIndex":-1,"maxScrollY":2299,"maxScrollX":0,"scrollY":1626,"scrollX":0,"fromIndex":-1,"itemCount":-1}}}
[debug] &amp#27;[35m[W3C (d1a20ab4)]&amp#27;[39m Responding to client with driver.getSession() result: {"platform":"LINUX","webStorageEnabled":false,"takesScreenshot":true,"javascriptEnabled":true,"databaseEnabled":false,"networkConnectionEnabled":true,"locationContextEnabled":false,"warnings":{},"desired":{"platformName":"android","app":"./Resourses/in.workindia.apk","appActivity":"in.workindia.nileshdungarwal.workindiaandroid.RegisterActivity","appPackage":"in.workindia.nileshdungarwal.workindiaandroid","deviceName":"emulator-5554","platformVersion":"8.1"},"platformName":"android","app":"./Resourses/in.workindia.apk","appActivity":"in.workindia.nileshdungarwal.workindiaandroid.RegisterActivity","appPackage":"in.workindia.nileshdungarwal.workindiaandroid","deviceName":"emulator-5554","platformVersion":"8.1.0","deviceUDID":"emulator-5554","deviceApiLevel":27,"deviceScreenSize":"1080x2160","deviceScreenDensity":440,"deviceModel":"Android SDK built for x86","deviceManufacturer":"Google","pixelRatio":2.75,"statBarHeight":66,"viewportRect":{"left":0,"top":66,"width":1080,"height":1962},"lastScrollData":{"toInde...
&amp#27;[35m[HTTP]&amp#27;[39m &amp#27;[37m<-- GET /wd/hub/session/d1a20ab4-32fe-4fdc-ae18-bcb48c47c1d7 &amp#27;[39m&amp#27;[32m200&amp#27;[39m &amp#27;[90m16 ms - 1128&amp#27;[39m
&amp#27;[35m[HTTP]&amp#27;[39m &amp#27;[90m&amp#27;[39m
&amp#27;[35m[HTTP]&amp#27;[39m &amp#27;[37m-->&amp#27;[39m &amp#27;[37mPOST&amp#27;[39m &amp#27;[37m/wd/hub/session/d1a20ab4-32fe-4fdc-ae18-bcb48c47c1d7/element&amp#27;[39m
&amp#27;[35m[HTTP]&amp#27;[39m &amp#27;[90m{"using":"id","value":"in.workindia.nileshdungarwal.workindiaandroid:id/et_skill_1"}&amp#27;[39m
[debug] &amp#27;[35m[W3C (d1a20ab4)]&amp#27;[39m Calling AppiumDriver.findElement() with args: ["id","in.workindia.nileshdungarwal.workindiaandroid:id/et_skill_1","d1a20ab4-32fe-4fdc-ae18-bcb48c47c1d7"]
[debug] &amp#27;[35m[BaseDriver]&amp#27;[39m Valid locator strategies for this request: xpath, id, class name, accessibility id, css selector, -android uiautomator
[debug] &amp#27;[35m[BaseDriver]&amp#27;[39m Waiting up to 50000 ms for condition
[debug] &amp#27;[35m[WD Proxy]&amp#27;[39m Matched '/element' to command name 'findElement'
[debug] &amp#27;[35m[WD Proxy]&amp#27;[39m Proxying [POST /element] to [POST http://127.0.0.1:8202/wd/hub/session/fd94e242-15bb-4015-b8bb-0ed9c10f6d94/element] with body: {"strategy":"id","selector":"in.workindia.nileshdungarwal.workindiaandroid:id/et_skill_1","context":"","multiple":false}
&amp#27;[35m[WD Proxy]&amp#27;[39m Got response with status 404: {"sessionId":"fd94e242-15bb-4015-b8bb-0ed9c10f6d94","value":{"error":"no such element","message":"An element could not be located on the page using the given search parameters","stacktrace":"io.appium.uiautomator2.common.exceptions.ElementNotFoundException: An element could not be located on the page using the given search parameters\n\tat io.appium.uiautomator2.handler.FindElement.safeHandle(FindElement.java:73)\n\tat io.appium.uiautomator2.handler.request.SafeRequestHandler.handle(SafeRequestHandler.java:41)\n\tat io.appium.uiautomator2.server.AppiumServlet.handleRequest(AppiumServlet.java:261)\n\tat io.appium.uiautomator2.server.AppiumServlet.handleHttpRequest(AppiumServlet.java:255)\n\tat io.appium.uiautomator2.http.ServerHandler.channelRead(ServerHandler.java:68)\n\tat io.netty.channel.AbstractChannelHandlerContext.invokeChannelRead(AbstractChannelHandlerContext.java:366)\n\tat io.netty.channel.AbstractChannelHandlerContext.invokeChannelRead(AbstractChannelHandlerContext.java:352)\n\tat io.netty.chann...
[debug] &amp#27;[35m[W3C]&amp#27;[39m Matched W3C error code 'no such element' to NoSuchElementError
[debug] &amp#27;[35m[BaseDriver]&amp#27;[39m Waited for 946 ms so far
[debug] &amp#27;[35m[WD Proxy]&amp#27;[39m Matched '/element' to command name 'findElement'
[debug] &amp#27;[35m[WD Proxy]&amp#27;[39m Proxying [POST /element] to [POST http://127.0.0.1:8202/wd/hub/session/fd94e242-15bb-4015-b8bb-0ed9c10f6d94/element] with body: {"strategy":"id","selector":"in.workindia.nileshdungarwal.workindiaandroid:id/et_skill_1","context":"","multiple":false}
[debug] &amp#27;[35m[WD Proxy]&amp#27;[39m Got response with status 200: {"sessionId":"fd94e242-15bb-4015-b8bb-0ed9c10f6d94","value":{"ELEMENT":"8c725882-a244-4c36-8991-4ee3728498a7","element-6066-11e4-a52e-4f735466cecf":"8c725882-a244-4c36-8991-4ee3728498a7"}}
[debug] &amp#27;[35m[W3C (d1a20ab4)]&amp#27;[39m Responding to client with driver.findElement() result: {"element-6066-11e4-a52e-4f735466cecf":"8c725882-a244-4c36-8991-4ee3728498a7","ELEMENT":"8c725882-a244-4c36-8991-4ee3728498a7"}
&amp#27;[35m[HTTP]&amp#27;[39m &amp#27;[37m<-- POST /wd/hub/session/d1a20ab4-32fe-4fdc-ae18-bcb48c47c1d7/element &amp#27;[39m&amp#27;[32m200&amp#27;[39m &amp#27;[90m1681 ms - 137&amp#27;[39m
&amp#27;[35m[HTTP]&amp#27;[39m &amp#27;[90m&amp#27;[39m
&amp#27;[35m[HTTP]&amp#27;[39m &amp#27;[37m-->&amp#27;[39m &amp#27;[37mPOST&amp#27;[39m &amp#27;[37m/wd/hub/session/d1a20ab4-32fe-4fdc-ae18-bcb48c47c1d7/element/8c725882-a244-4c36-8991-4ee3728498a7/click&amp#27;[39m
&amp#27;[35m[HTTP]&amp#27;[39m &amp#27;[90m{"id":"8c725882-a244-4c36-8991-4ee3728498a7"}&amp#27;[39m
[debug] &amp#27;[35m[W3C (d1a20ab4)]&amp#27;[39m Calling AppiumDriver.click() with args: ["8c725882-a244-4c36-8991-4ee3728498a7","d1a20ab4-32fe-4fdc-ae18-bcb48c47c1d7"]
[debug] &amp#27;[35m[WD Proxy]&amp#27;[39m Matched '/element/8c725882-a244-4c36-8991-4ee3728498a7/click' to command name 'click'
[debug] &amp#27;[35m[WD Proxy]&amp#27;[39m Proxying [POST /element/8c725882-a244-4c36-8991-4ee3728498a7/click] to [POST http://127.0.0.1:8202/wd/hub/session/fd94e242-15bb-4015-b8bb-0ed9c10f6d94/element/8c725882-a244-4c36-8991-4ee3728498a7/click] with body: {"element":"8c725882-a244-4c36-8991-4ee3728498a7"}
[debug] &amp#27;[35m[WD Proxy]&amp#27;[39m Got response with status 200: {"sessionId":"fd94e242-15bb-4015-b8bb-0ed9c10f6d94","value":null}
[debug] &amp#27;[35m[W3C (d1a20ab4)]&amp#27;[39m Responding to client with driver.click() result: null
&amp#27;[35m[HTTP]&amp#27;[39m &amp#27;[37m<-- POST /wd/hub/session/d1a20ab4-32fe-4fdc-ae18-bcb48c47c1d7/element/8c725882-a244-4c36-8991-4ee3728498a7/click &amp#27;[39m&amp#27;[32m200&amp#27;[39m &amp#27;[90m30 ms - 14&amp#27;[39m
&amp#27;[35m[HTTP]&amp#27;[39m &amp#27;[90m&amp#27;[39m
&amp#27;[35m[HTTP]&amp#27;[39m &amp#27;[37m-->&amp#27;[39m &amp#27;[37mPOST&amp#27;[39m &amp#27;[37m/wd/hub/session/d1a20ab4-32fe-4fdc-ae18-bcb48c47c1d7/timeouts&amp#27;[39m
&amp#27;[35m[HTTP]&amp#27;[39m &amp#27;[90m{"implicit":50000}&amp#27;[39m
[debug] &amp#27;[35m[W3C (d1a20ab4)]&amp#27;[39m Calling AppiumDriver.timeouts() with args: [null,null,null,null,50000,"d1a20ab4-32fe-4fdc-ae18-bcb48c47c1d7"]
[debug] &amp#27;[35m[BaseDriver]&amp#27;[39m W3C timeout argument: {"implicit":50000}}
[debug] &amp#27;[35m[BaseDriver]&amp#27;[39m Set implicit wait to 50000ms
[debug] &amp#27;[35m[W3C (d1a20ab4)]&amp#27;[39m Responding to client with driver.timeouts() result: null
&amp#27;[35m[HTTP]&amp#27;[39m &amp#27;[37m<-- POST /wd/hub/session/d1a20ab4-32fe-4fdc-ae18-bcb48c47c1d7/timeouts &amp#27;[39m&amp#27;[32m200&amp#27;[39m &amp#27;[90m3 ms - 14&amp#27;[39m
&amp#27;[35m[HTTP]&amp#27;[39m &amp#27;[90m&amp#27;[39m
&amp#27;[35m[HTTP]&amp#27;[39m &amp#27;[37m-->&amp#27;[39m &amp#27;[37mPOST&amp#27;[39m &amp#27;[37m/wd/hub/session/d1a20ab4-32fe-4fdc-ae18-bcb48c47c1d7/timeouts&amp#27;[39m
&amp#27;[35m[HTTP]&amp#27;[39m &amp#27;[90m{"implicit":50000}&amp#27;[39m
[debug] &amp#27;[35m[W3C (d1a20ab4)]&amp#27;[39m Calling AppiumDriver.timeouts() with args: [null,null,null,null,50000,"d1a20ab4-32fe-4fdc-ae18-bcb48c47c1d7"]
[debug] &amp#27;[35m[BaseDriver]&amp#27;[39m W3C timeout argument: {"implicit":50000}}
[debug] &amp#27;[35m[BaseDriver]&amp#27;[39m Set implicit wait to 50000ms
[debug] &amp#27;[35m[W3C (d1a20ab4)]&amp#27;[39m Responding to client with driver.timeouts() result: null
&amp#27;[35m[HTTP]&amp#27;[39m &amp#27;[37m<-- POST /wd/hub/session/d1a20ab4-32fe-4fdc-ae18-bcb48c47c1d7/timeouts &amp#27;[39m&amp#27;[32m200&amp#27;[39m &amp#27;[90m3 ms - 14&amp#27;[39m
&amp#27;[35m[HTTP]&amp#27;[39m &amp#27;[90m&amp#27;[39m
&amp#27;[35m[HTTP]&amp#27;[39m &amp#27;[37m-->&amp#27;[39m &amp#27;[37mGET&amp#27;[39m &amp#27;[37m/wd/hub/session/d1a20ab4-32fe-4fdc-ae18-bcb48c47c1d7&amp#27;[39m
&amp#27;[35m[HTTP]&amp#27;[39m &amp#27;[90m{}&amp#27;[39m
[debug] &amp#27;[35m[W3C (d1a20ab4)]&amp#27;[39m Calling AppiumDriver.getSession() with args: ["d1a20ab4-32fe-4fdc-ae18-bcb48c47c1d7"]
[debug] &amp#27;[35m[UiAutomator2]&amp#27;[39m Getting session details from server to mix in
[debug] &amp#27;[35m[WD Proxy]&amp#27;[39m Matched '/' to command name 'getSession'
[debug] &amp#27;[35m[WD Proxy]&amp#27;[39m Proxying [GET /] to [GET http://127.0.0.1:8202/wd/hub/session/fd94e242-15bb-4015-b8bb-0ed9c10f6d94] with no body
[debug] &amp#27;[35m[WD Proxy]&amp#27;[39m Got response with status 200: {"sessionId":"fd94e242-15bb-4015-b8bb-0ed9c10f6d94","value":{"lastScrollData":{"toIndex":-1,"maxScrollY":2299,"maxScrollX":0,"scrollY":1626,"scrollX":0,"fromIndex":-1,"itemCount":-1}}}
[debug] &amp#27;[35m[W3C (d1a20ab4)]&amp#27;[39m Responding to client with driver.getSession() result: {"platform":"LINUX","webStorageEnabled":false,"takesScreenshot":true,"javascriptEnabled":true,"databaseEnabled":false,"networkConnectionEnabled":true,"locationContextEnabled":false,"warnings":{},"desired":{"platformName":"android","app":"./Resourses/in.workindia.apk","appActivity":"in.workindia.nileshdungarwal.workindiaandroid.RegisterActivity","appPackage":"in.workindia.nileshdungarwal.workindiaandroid","deviceName":"emulator-5554","platformVersion":"8.1"},"platformName":"android","app":"./Resourses/in.workindia.apk","appActivity":"in.workindia.nileshdungarwal.workindiaandroid.RegisterActivity","appPackage":"in.workindia.nileshdungarwal.workindiaandroid","deviceName":"emulator-5554","platformVersion":"8.1.0","deviceUDID":"emulator-5554","deviceApiLevel":27,"deviceScreenSize":"1080x2160","deviceScreenDensity":440,"deviceModel":"Android SDK built for x86","deviceManufacturer":"Google","pixelRatio":2.75,"statBarHeight":66,"viewportRect":{"left":0,"top":66,"width":1080,"height":1962},"lastScrollData":{"toInde...
&amp#27;[35m[HTTP]&amp#27;[39m &amp#27;[37m<-- GET /wd/hub/session/d1a20ab4-32fe-4fdc-ae18-bcb48c47c1d7 &amp#27;[39m&amp#27;[32m200&amp#27;[39m &amp#27;[90m22 ms - 1128&amp#27;[39m
&amp#27;[35m[HTTP]&amp#27;[39m &amp#27;[90m&amp#27;[39m
&amp#27;[35m[HTTP]&amp#27;[39m &amp#27;[37m-->&amp#27;[39m &amp#27;[37mGET&amp#27;[39m &amp#27;[37m/wd/hub/session/d1a20ab4-32fe-4fdc-ae18-bcb48c47c1d7&amp#27;[39m
&amp#27;[35m[HTTP]&amp#27;[39m &amp#27;[90m{}&amp#27;[39m
[debug] &amp#27;[35m[W3C (d1a20ab4)]&amp#27;[39m Calling AppiumDriver.getSession() with args: ["d1a20ab4-32fe-4fdc-ae18-bcb48c47c1d7"]
[debug] &amp#27;[35m[UiAutomator2]&amp#27;[39m Getting session details from server to mix in
[debug] &amp#27;[35m[WD Proxy]&amp#27;[39m Matched '/' to command name 'getSession'
[debug] &amp#27;[35m[WD Proxy]&amp#27;[39m Proxying [GET /] to [GET http://127.0.0.1:8202/wd/hub/session/fd94e242-15bb-4015-b8bb-0ed9c10f6d94] with no body
[debug] &amp#27;[35m[WD Proxy]&amp#27;[39m Got response with status 200: {"sessionId":"fd94e242-15bb-4015-b8bb-0ed9c10f6d94","value":{"lastScrollData":{"toIndex":-1,"maxScrollY":2299,"maxScrollX":0,"scrollY":1626,"scrollX":0,"fromIndex":-1,"itemCount":-1}}}
[debug] &amp#27;[35m[W3C (d1a20ab4)]&amp#27;[39m Responding to client with driver.getSession() result: {"platform":"LINUX","webStorageEnabled":false,"takesScreenshot":true,"javascriptEnabled":true,"databaseEnabled":false,"networkConnectionEnabled":true,"locationContextEnabled":false,"warnings":{},"desired":{"platformName":"android","app":"./Resourses/in.workindia.apk","appActivity":"in.workindia.nileshdungarwal.workindiaandroid.RegisterActivity","appPackage":"in.workindia.nileshdungarwal.workindiaandroid","deviceName":"emulator-5554","platformVersion":"8.1"},"platformName":"android","app":"./Resourses/in.workindia.apk","appActivity":"in.workindia.nileshdungarwal.workindiaandroid.RegisterActivity","appPackage":"in.workindia.nileshdungarwal.workindiaandroid","deviceName":"emulator-5554","platformVersion":"8.1.0","deviceUDID":"emulator-5554","deviceApiLevel":27,"deviceScreenSize":"1080x2160","deviceScreenDensity":440,"deviceModel":"Android SDK built for x86","deviceManufacturer":"Google","pixelRatio":2.75,"statBarHeight":66,"viewportRect":{"left":0,"top":66,"width":1080,"height":1962},"lastScrollData":{"toInde...
&amp#27;[35m[HTTP]&amp#27;[39m &amp#27;[37m<-- GET /wd/hub/session/d1a20ab4-32fe-4fdc-ae18-bcb48c47c1d7 &amp#27;[39m&amp#27;[32m200&amp#27;[39m &amp#27;[90m14 ms - 1128&amp#27;[39m
&amp#27;[35m[HTTP]&amp#27;[39m &amp#27;[90m&amp#27;[39m
&amp#27;[35m[HTTP]&amp#27;[39m &amp#27;[37m-->&amp#27;[39m &amp#27;[37mGET&amp#27;[39m &amp#27;[37m/wd/hub/session/d1a20ab4-32fe-4fdc-ae18-bcb48c47c1d7&amp#27;[39m
&amp#27;[35m[HTTP]&amp#27;[39m &amp#27;[90m{}&amp#27;[39m
[debug] &amp#27;[35m[W3C (d1a20ab4)]&amp#27;[39m Calling AppiumDriver.getSession() with args: ["d1a20ab4-32fe-4fdc-ae18-bcb48c47c1d7"]
[debug] &amp#27;[35m[UiAutomator2]&amp#27;[39m Getting session details from server to mix in
[debug] &amp#27;[35m[WD Proxy]&amp#27;[39m Matched '/' to command name 'getSession'
[debug] &amp#27;[35m[WD Proxy]&amp#27;[39m Proxying [GET /] to [GET http://127.0.0.1:8202/wd/hub/session/fd94e242-15bb-4015-b8bb-0ed9c10f6d94] with no body
[debug] &amp#27;[35m[WD Proxy]&amp#27;[39m Got response with status 200: {"sessionId":"fd94e242-15bb-4015-b8bb-0ed9c10f6d94","value":{"lastScrollData":{"toIndex":-1,"maxScrollY":2299,"maxScrollX":0,"scrollY":1626,"scrollX":0,"fromIndex":-1,"itemCount":-1}}}
[debug] &amp#27;[35m[W3C (d1a20ab4)]&amp#27;[39m Responding to client with driver.getSession() result: {"platform":"LINUX","webStorageEnabled":false,"takesScreenshot":true,"javascriptEnabled":true,"databaseEnabled":false,"networkConnectionEnabled":true,"locationContextEnabled":false,"warnings":{},"desired":{"platformName":"android","app":"./Resourses/in.workindia.apk","appActivity":"in.workindia.nileshdungarwal.workindiaandroid.RegisterActivity","appPackage":"in.workindia.nileshdungarwal.workindiaandroid","deviceName":"emulator-5554","platformVersion":"8.1"},"platformName":"android","app":"./Resourses/in.workindia.apk","appActivity":"in.workindia.nileshdungarwal.workindiaandroid.RegisterActivity","appPackage":"in.workindia.nileshdungarwal.workindiaandroid","deviceName":"emulator-5554","platformVersion":"8.1.0","deviceUDID":"emulator-5554","deviceApiLevel":27,"deviceScreenSize":"1080x2160","deviceScreenDensity":440,"deviceModel":"Android SDK built for x86","deviceManufacturer":"Google","pixelRatio":2.75,"statBarHeight":66,"viewportRect":{"left":0,"top":66,"width":1080,"height":1962},"lastScrollData":{"toInde...
&amp#27;[35m[HTTP]&amp#27;[39m &amp#27;[37m<-- GET /wd/hub/session/d1a20ab4-32fe-4fdc-ae18-bcb48c47c1d7 &amp#27;[39m&amp#27;[32m200&amp#27;[39m &amp#27;[90m12 ms - 1128&amp#27;[39m
&amp#27;[35m[HTTP]&amp#27;[39m &amp#27;[90m&amp#27;[39m
&amp#27;[35m[HTTP]&amp#27;[39m &amp#27;[37m-->&amp#27;[39m &amp#27;[37mPOST&amp#27;[39m &amp#27;[37m/wd/hub/session/d1a20ab4-32fe-4fdc-ae18-bcb48c47c1d7/element&amp#27;[39m
&amp#27;[35m[HTTP]&amp#27;[39m &amp#27;[90m{"using":"xpath","value":"//*[@text='Computer']"}&amp#27;[39m
[debug] &amp#27;[35m[W3C (d1a20ab4)]&amp#27;[39m Calling AppiumDriver.findElement() with args: ["xpath","//*[@text='Computer']","d1a20ab4-32fe-4fdc-ae18-bcb48c47c1d7"]
[debug] &amp#27;[35m[BaseDriver]&amp#27;[39m Valid locator strategies for this request: xpath, id, class name, accessibility id, css selector, -android uiautomator
[debug] &amp#27;[35m[BaseDriver]&amp#27;[39m Waiting up to 50000 ms for condition
[debug] &amp#27;[35m[WD Proxy]&amp#27;[39m Matched '/element' to command name 'findElement'
[debug] &amp#27;[35m[WD Proxy]&amp#27;[39m Proxying [POST /element] to [POST http://127.0.0.1:8202/wd/hub/session/fd94e242-15bb-4015-b8bb-0ed9c10f6d94/element] with body: {"strategy":"xpath","selector":"//*[@text='Computer']","context":"","multiple":false}
[debug] &amp#27;[35m[WD Proxy]&amp#27;[39m Got response with status 200: {"sessionId":"fd94e242-15bb-4015-b8bb-0ed9c10f6d94","value":{"ELEMENT":"fbb903e0-ac16-4112-a9fb-0545c57856fe","element-6066-11e4-a52e-4f735466cecf":"fbb903e0-ac16-4112-a9fb-0545c57856fe"}}
[debug] &amp#27;[35m[W3C (d1a20ab4)]&amp#27;[39m Responding to client with driver.findElement() result: {"element-6066-11e4-a52e-4f735466cecf":"fbb903e0-ac16-4112-a9fb-0545c57856fe","ELEMENT":"fbb903e0-ac16-4112-a9fb-0545c57856fe"}
&amp#27;[35m[HTTP]&amp#27;[39m &amp#27;[37m<-- POST /wd/hub/session/d1a20ab4-32fe-4fdc-ae18-bcb48c47c1d7/element &amp#27;[39m&amp#27;[32m200&amp#27;[39m &amp#27;[90m1008 ms - 137&amp#27;[39m
&amp#27;[35m[HTTP]&amp#27;[39m &amp#27;[90m&amp#27;[39m
&amp#27;[35m[HTTP]&amp#27;[39m &amp#27;[37m-->&amp#27;[39m &amp#27;[37mPOST&amp#27;[39m &amp#27;[37m/wd/hub/session/d1a20ab4-32fe-4fdc-ae18-bcb48c47c1d7/element/fbb903e0-ac16-4112-a9fb-0545c57856fe/click&amp#27;[39m
&amp#27;[35m[HTTP]&amp#27;[39m &amp#27;[90m{"id":"fbb903e0-ac16-4112-a9fb-0545c57856fe"}&amp#27;[39m
[debug] &amp#27;[35m[W3C (d1a20ab4)]&amp#27;[39m Calling AppiumDriver.click() with args: ["fbb903e0-ac16-4112-a9fb-0545c57856fe","d1a20ab4-32fe-4fdc-ae18-bcb48c47c1d7"]
[debug] &amp#27;[35m[WD Proxy]&amp#27;[39m Matched '/element/fbb903e0-ac16-4112-a9fb-0545c57856fe/click' to command name 'click'
[debug] &amp#27;[35m[WD Proxy]&amp#27;[39m Proxying [POST /element/fbb903e0-ac16-4112-a9fb-0545c57856fe/click] to [POST http://127.0.0.1:8202/wd/hub/session/fd94e242-15bb-4015-b8bb-0ed9c10f6d94/element/fbb903e0-ac16-4112-a9fb-0545c57856fe/click] with body: {"element":"fbb903e0-ac16-4112-a9fb-0545c57856fe"}
[debug] &amp#27;[35m[WD Proxy]&amp#27;[39m Got response with status 200: {"sessionId":"fd94e242-15bb-4015-b8bb-0ed9c10f6d94","value":null}
[debug] &amp#27;[35m[W3C (d1a20ab4)]&amp#27;[39m Responding to client with driver.click() result: null
&amp#27;[35m[HTTP]&amp#27;[39m &amp#27;[37m<-- POST /wd/hub/session/d1a20ab4-32fe-4fdc-ae18-bcb48c47c1d7/element/fbb903e0-ac16-4112-a9fb-0545c57856fe/click &amp#27;[39m&amp#27;[32m200&amp#27;[39m &amp#27;[90m39 ms - 14&amp#27;[39m
&amp#27;[35m[HTTP]&amp#27;[39m &amp#27;[90m&amp#27;[39m
&amp#27;[35m[HTTP]&amp#27;[39m &amp#27;[37m-->&amp#27;[39m &amp#27;[37mPOST&amp#27;[39m &amp#27;[37m/wd/hub/session/d1a20ab4-32fe-4fdc-ae18-bcb48c47c1d7/timeouts&amp#27;[39m
&amp#27;[35m[HTTP]&amp#27;[39m &amp#27;[90m{"implicit":50000}&amp#27;[39m
[debug] &amp#27;[35m[W3C (d1a20ab4)]&amp#27;[39m Calling AppiumDriver.timeouts() with args: [null,null,null,null,50000,"d1a20ab4-32fe-4fdc-ae18-bcb48c47c1d7"]
[debug] &amp#27;[35m[BaseDriver]&amp#27;[39m W3C timeout argument: {"implicit":50000}}
[debug] &amp#27;[35m[BaseDriver]&amp#27;[39m Set implicit wait to 50000ms
[debug] &amp#27;[35m[W3C (d1a20ab4)]&amp#27;[39m Responding to client with driver.timeouts() result: null
&amp#27;[35m[HTTP]&amp#27;[39m &amp#27;[37m<-- POST /wd/hub/session/d1a20ab4-32fe-4fdc-ae18-bcb48c47c1d7/timeouts &amp#27;[39m&amp#27;[32m200&amp#27;[39m &amp#27;[90m4 ms - 14&amp#27;[39m
&amp#27;[35m[HTTP]&amp#27;[39m &amp#27;[90m&amp#27;[39m
&amp#27;[35m[HTTP]&amp#27;[39m &amp#27;[37m-->&amp#27;[39m &amp#27;[37mGET&amp#27;[39m &amp#27;[37m/wd/hub/session/d1a20ab4-32fe-4fdc-ae18-bcb48c47c1d7&amp#27;[39m
&amp#27;[35m[HTTP]&amp#27;[39m &amp#27;[90m{}&amp#27;[39m
[debug] &amp#27;[35m[W3C (d1a20ab4)]&amp#27;[39m Calling AppiumDriver.getSession() with args: ["d1a20ab4-32fe-4fdc-ae18-bcb48c47c1d7"]
[debug] &amp#27;[35m[UiAutomator2]&amp#27;[39m Getting session details from server to mix in
[debug] &amp#27;[35m[WD Proxy]&amp#27;[39m Matched '/' to command name 'getSession'
[debug] &amp#27;[35m[WD Proxy]&amp#27;[39m Proxying [GET /] to [GET http://127.0.0.1:8202/wd/hub/session/fd94e242-15bb-4015-b8bb-0ed9c10f6d94] with no body
[debug] &amp#27;[35m[WD Proxy]&amp#27;[39m Got response with status 200: {"sessionId":"fd94e242-15bb-4015-b8bb-0ed9c10f6d94","value":{"lastScrollData":{"toIndex":-1,"maxScrollY":2299,"maxScrollX":0,"scrollY":1626,"scrollX":0,"fromIndex":-1,"itemCount":-1}}}
[debug] &amp#27;[35m[W3C (d1a20ab4)]&amp#27;[39m Responding to client with driver.getSession() result: {"platform":"LINUX","webStorageEnabled":false,"takesScreenshot":true,"javascriptEnabled":true,"databaseEnabled":false,"networkConnectionEnabled":true,"locationContextEnabled":false,"warnings":{},"desired":{"platformName":"android","app":"./Resourses/in.workindia.apk","appActivity":"in.workindia.nileshdungarwal.workindiaandroid.RegisterActivity","appPackage":"in.workindia.nileshdungarwal.workindiaandroid","deviceName":"emulator-5554","platformVersion":"8.1"},"platformName":"android","app":"./Resourses/in.workindia.apk","appActivity":"in.workindia.nileshdungarwal.workindiaandroid.RegisterActivity","appPackage":"in.workindia.nileshdungarwal.workindiaandroid","deviceName":"emulator-5554","platformVersion":"8.1.0","deviceUDID":"emulator-5554","deviceApiLevel":27,"deviceScreenSize":"1080x2160","deviceScreenDensity":440,"deviceModel":"Android SDK built for x86","deviceManufacturer":"Google","pixelRatio":2.75,"statBarHeight":66,"viewportRect":{"left":0,"top":66,"width":1080,"height":1962},"lastScrollData":{"toInde...
&amp#27;[35m[HTTP]&amp#27;[39m &amp#27;[37m<-- GET /wd/hub/session/d1a20ab4-32fe-4fdc-ae18-bcb48c47c1d7 &amp#27;[39m&amp#27;[32m200&amp#27;[39m &amp#27;[90m20 ms - 1128&amp#27;[39m
&amp#27;[35m[HTTP]&amp#27;[39m &amp#27;[90m&amp#27;[39m
&amp#27;[35m[HTTP]&amp#27;[39m &amp#27;[37m-->&amp#27;[39m &amp#27;[37mGET&amp#27;[39m &amp#27;[37m/wd/hub/session/d1a20ab4-32fe-4fdc-ae18-bcb48c47c1d7&amp#27;[39m
&amp#27;[35m[HTTP]&amp#27;[39m &amp#27;[90m{}&amp#27;[39m
[debug] &amp#27;[35m[W3C (d1a20ab4)]&amp#27;[39m Calling AppiumDriver.getSession() with args: ["d1a20ab4-32fe-4fdc-ae18-bcb48c47c1d7"]
[debug] &amp#27;[35m[UiAutomator2]&amp#27;[39m Getting session details from server to mix in
[debug] &amp#27;[35m[WD Proxy]&amp#27;[39m Matched '/' to command name 'getSession'
[debug] &amp#27;[35m[WD Proxy]&amp#27;[39m Proxying [GET /] to [GET http://127.0.0.1:8202/wd/hub/session/fd94e242-15bb-4015-b8bb-0ed9c10f6d94] with no body
[debug] &amp#27;[35m[WD Proxy]&amp#27;[39m Got response with status 200: {"sessionId":"fd94e242-15bb-4015-b8bb-0ed9c10f6d94","value":{"lastScrollData":{"toIndex":-1,"maxScrollY":2299,"maxScrollX":0,"scrollY":1626,"scrollX":0,"fromIndex":-1,"itemCount":-1}}}
[debug] &amp#27;[35m[W3C (d1a20ab4)]&amp#27;[39m Responding to client with driver.getSession() result: {"platform":"LINUX","webStorageEnabled":false,"takesScreenshot":true,"javascriptEnabled":true,"databaseEnabled":false,"networkConnectionEnabled":true,"locationContextEnabled":false,"warnings":{},"desired":{"platformName":"android","app":"./Resourses/in.workindia.apk","appActivity":"in.workindia.nileshdungarwal.workindiaandroid.RegisterActivity","appPackage":"in.workindia.nileshdungarwal.workindiaandroid","deviceName":"emulator-5554","platformVersion":"8.1"},"platformName":"android","app":"./Resourses/in.workindia.apk","appActivity":"in.workindia.nileshdungarwal.workindiaandroid.RegisterActivity","appPackage":"in.workindia.nileshdungarwal.workindiaandroid","deviceName":"emulator-5554","platformVersion":"8.1.0","deviceUDID":"emulator-5554","deviceApiLevel":27,"deviceScreenSize":"1080x2160","deviceScreenDensity":440,"deviceModel":"Android SDK built for x86","deviceManufacturer":"Google","pixelRatio":2.75,"statBarHeight":66,"viewportRect":{"left":0,"top":66,"width":1080,"height":1962},"lastScrollData":{"toInde...
&amp#27;[35m[HTTP]&amp#27;[39m &amp#27;[37m<-- GET /wd/hub/session/d1a20ab4-32fe-4fdc-ae18-bcb48c47c1d7 &amp#27;[39m&amp#27;[32m200&amp#27;[39m &amp#27;[90m19 ms - 1128&amp#27;[39m
&amp#27;[35m[HTTP]&amp#27;[39m &amp#27;[90m&amp#27;[39m
&amp#27;[35m[HTTP]&amp#27;[39m &amp#27;[37m-->&amp#27;[39m &amp#27;[37mGET&amp#27;[39m &amp#27;[37m/wd/hub/session/d1a20ab4-32fe-4fdc-ae18-bcb48c47c1d7&amp#27;[39m
&amp#27;[35m[HTTP]&amp#27;[39m &amp#27;[90m{}&amp#27;[39m
[debug] &amp#27;[35m[W3C (d1a20ab4)]&amp#27;[39m Calling AppiumDriver.getSession() with args: ["d1a20ab4-32fe-4fdc-ae18-bcb48c47c1d7"]
[debug] &amp#27;[35m[UiAutomator2]&amp#27;[39m Getting session details from server to mix in
[debug] &amp#27;[35m[WD Proxy]&amp#27;[39m Matched '/' to command name 'getSession'
[debug] &amp#27;[35m[WD Proxy]&amp#27;[39m Proxying [GET /] to [GET http://127.0.0.1:8202/wd/hub/session/fd94e242-15bb-4015-b8bb-0ed9c10f6d94] with no body
[debug] &amp#27;[35m[WD Proxy]&amp#27;[39m Got response with status 200: {"sessionId":"fd94e242-15bb-4015-b8bb-0ed9c10f6d94","value":{"lastScrollData":{"toIndex":-1,"maxScrollY":2299,"maxScrollX":0,"scrollY":1626,"scrollX":0,"fromIndex":-1,"itemCount":-1}}}
[debug] &amp#27;[35m[W3C (d1a20ab4)]&amp#27;[39m Responding to client with driver.getSession() result: {"platform":"LINUX","webStorageEnabled":false,"takesScreenshot":true,"javascriptEnabled":true,"databaseEnabled":false,"networkConnectionEnabled":true,"locationContextEnabled":false,"warnings":{},"desired":{"platformName":"android","app":"./Resourses/in.workindia.apk","appActivity":"in.workindia.nileshdungarwal.workindiaandroid.RegisterActivity","appPackage":"in.workindia.nileshdungarwal.workindiaandroid","deviceName":"emulator-5554","platformVersion":"8.1"},"platformName":"android","app":"./Resourses/in.workindia.apk","appActivity":"in.workindia.nileshdungarwal.workindiaandroid.RegisterActivity","appPackage":"in.workindia.nileshdungarwal.workindiaandroid","deviceName":"emulator-5554","platformVersion":"8.1.0","deviceUDID":"emulator-5554","deviceApiLevel":27,"deviceScreenSize":"1080x2160","deviceScreenDensity":440,"deviceModel":"Android SDK built for x86","deviceManufacturer":"Google","pixelRatio":2.75,"statBarHeight":66,"viewportRect":{"left":0,"top":66,"width":1080,"height":1962},"lastScrollData":{"toInde...
&amp#27;[35m[HTTP]&amp#27;[39m &amp#27;[37m<-- GET /wd/hub/session/d1a20ab4-32fe-4fdc-ae18-bcb48c47c1d7 &amp#27;[39m&amp#27;[32m200&amp#27;[39m &amp#27;[90m16 ms - 1128&amp#27;[39m
&amp#27;[35m[HTTP]&amp#27;[39m &amp#27;[90m&amp#27;[39m
&amp#27;[35m[HTTP]&amp#27;[39m &amp#27;[37m-->&amp#27;[39m &amp#27;[37mPOST&amp#27;[39m &amp#27;[37m/wd/hub/session/d1a20ab4-32fe-4fdc-ae18-bcb48c47c1d7/element&amp#27;[39m
&amp#27;[35m[HTTP]&amp#27;[39m &amp#27;[90m{"using":"id","value":"android:id/button1"}&amp#27;[39m
[debug] &amp#27;[35m[W3C (d1a20ab4)]&amp#27;[39m Calling AppiumDriver.findElement() with args: ["id","android:id/button1","d1a20ab4-32fe-4fdc-ae18-bcb48c47c1d7"]
[debug] &amp#27;[35m[BaseDriver]&amp#27;[39m Valid locator strategies for this request: xpath, id, class name, accessibility id, css selector, -android uiautomator
[debug] &amp#27;[35m[BaseDriver]&amp#27;[39m Waiting up to 50000 ms for condition
[debug] &amp#27;[35m[WD Proxy]&amp#27;[39m Matched '/element' to command name 'findElement'
[debug] &amp#27;[35m[WD Proxy]&amp#27;[39m Proxying [POST /element] to [POST http://127.0.0.1:8202/wd/hub/session/fd94e242-15bb-4015-b8bb-0ed9c10f6d94/element] with body: {"strategy":"id","selector":"android:id/button1","context":"","multiple":false}
[debug] &amp#27;[35m[WD Proxy]&amp#27;[39m Got response with status 200: {"sessionId":"fd94e242-15bb-4015-b8bb-0ed9c10f6d94","value":{"ELEMENT":"1d761fab-ced8-4812-98e5-80cddae514b0","element-6066-11e4-a52e-4f735466cecf":"1d761fab-ced8-4812-98e5-80cddae514b0"}}
[debug] &amp#27;[35m[W3C (d1a20ab4)]&amp#27;[39m Responding to client with driver.findElement() result: {"element-6066-11e4-a52e-4f735466cecf":"1d761fab-ced8-4812-98e5-80cddae514b0","ELEMENT":"1d761fab-ced8-4812-98e5-80cddae514b0"}
&amp#27;[35m[HTTP]&amp#27;[39m &amp#27;[37m<-- POST /wd/hub/session/d1a20ab4-32fe-4fdc-ae18-bcb48c47c1d7/element &amp#27;[39m&amp#27;[32m200&amp#27;[39m &amp#27;[90m618 ms - 137&amp#27;[39m
&amp#27;[35m[HTTP]&amp#27;[39m &amp#27;[90m&amp#27;[39m
&amp#27;[35m[HTTP]&amp#27;[39m &amp#27;[37m-->&amp#27;[39m &amp#27;[37mPOST&amp#27;[39m &amp#27;[37m/wd/hub/session/d1a20ab4-32fe-4fdc-ae18-bcb48c47c1d7/element/1d761fab-ced8-4812-98e5-80cddae514b0/click&amp#27;[39m
&amp#27;[35m[HTTP]&amp#27;[39m &amp#27;[90m{"id":"1d761fab-ced8-4812-98e5-80cddae514b0"}&amp#27;[39m
[debug] &amp#27;[35m[W3C (d1a20ab4)]&amp#27;[39m Calling AppiumDriver.click() with args: ["1d761fab-ced8-4812-98e5-80cddae514b0","d1a20ab4-32fe-4fdc-ae18-bcb48c47c1d7"]
[debug] &amp#27;[35m[WD Proxy]&amp#27;[39m Matched '/element/1d761fab-ced8-4812-98e5-80cddae514b0/click' to command name 'click'
[debug] &amp#27;[35m[WD Proxy]&amp#27;[39m Proxying [POST /element/1d761fab-ced8-4812-98e5-80cddae514b0/click] to [POST http://127.0.0.1:8202/wd/hub/session/fd94e242-15bb-4015-b8bb-0ed9c10f6d94/element/1d761fab-ced8-4812-98e5-80cddae514b0/click] with body: {"element":"1d761fab-ced8-4812-98e5-80cddae514b0"}
[debug] &amp#27;[35m[WD Proxy]&amp#27;[39m Got response with status 200: {"sessionId":"fd94e242-15bb-4015-b8bb-0ed9c10f6d94","value":null}
[debug] &amp#27;[35m[W3C (d1a20ab4)]&amp#27;[39m Responding to client with driver.click() result: null
&amp#27;[35m[HTTP]&amp#27;[39m &amp#27;[37m<-- POST /wd/hub/session/d1a20ab4-32fe-4fdc-ae18-bcb48c47c1d7/element/1d761fab-ced8-4812-98e5-80cddae514b0/click &amp#27;[39m&amp#27;[32m200&amp#27;[39m &amp#27;[90m68 ms - 14&amp#27;[39m
&amp#27;[35m[HTTP]&amp#27;[39m &amp#27;[90m&amp#27;[39m
&amp#27;[35m[HTTP]&amp#27;[39m &amp#27;[37m-->&amp#27;[39m &amp#27;[37mPOST&amp#27;[39m &amp#27;[37m/wd/hub/session/d1a20ab4-32fe-4fdc-ae18-bcb48c47c1d7/timeouts&amp#27;[39m
&amp#27;[35m[HTTP]&amp#27;[39m &amp#27;[90m{"implicit":50000}&amp#27;[39m
[debug] &amp#27;[35m[W3C (d1a20ab4)]&amp#27;[39m Calling AppiumDriver.timeouts() with args: [null,null,null,null,50000,"d1a20ab4-32fe-4fdc-ae18-bcb48c47c1d7"]
[debug] &amp#27;[35m[BaseDriver]&amp#27;[39m W3C timeout argument: {"implicit":50000}}
[debug] &amp#27;[35m[BaseDriver]&amp#27;[39m Set implicit wait to 50000ms
[debug] &amp#27;[35m[W3C (d1a20ab4)]&amp#27;[39m Responding to client with driver.timeouts() result: null
&amp#27;[35m[HTTP]&amp#27;[39m &amp#27;[37m<-- POST /wd/hub/session/d1a20ab4-32fe-4fdc-ae18-bcb48c47c1d7/timeouts &amp#27;[39m&amp#27;[32m200&amp#27;[39m &amp#27;[90m4 ms - 14&amp#27;[39m
&amp#27;[35m[HTTP]&amp#27;[39m &amp#27;[90m&amp#27;[39m
&amp#27;[35m[HTTP]&amp#27;[39m &amp#27;[37m-->&amp#27;[39m &amp#27;[37mPOST&amp#27;[39m &amp#27;[37m/wd/hub/session/d1a20ab4-32fe-4fdc-ae18-bcb48c47c1d7/timeouts&amp#27;[39m
&amp#27;[35m[HTTP]&amp#27;[39m &amp#27;[90m{"implicit":50000}&amp#27;[39m
[debug] &amp#27;[35m[W3C (d1a20ab4)]&amp#27;[39m Calling AppiumDriver.timeouts() with args: [null,null,null,null,50000,"d1a20ab4-32fe-4fdc-ae18-bcb48c47c1d7"]
[debug] &amp#27;[35m[BaseDriver]&amp#27;[39m W3C timeout argument: {"implicit":50000}}
[debug] &amp#27;[35m[BaseDriver]&amp#27;[39m Set implicit wait to 50000ms
[debug] &amp#27;[35m[W3C (d1a20ab4)]&amp#27;[39m Responding to client with driver.timeouts() result: null
&amp#27;[35m[HTTP]&amp#27;[39m &amp#27;[37m<-- POST /wd/hub/session/d1a20ab4-32fe-4fdc-ae18-bcb48c47c1d7/timeouts &amp#27;[39m&amp#27;[32m200&amp#27;[39m &amp#27;[90m3 ms - 14&amp#27;[39m
&amp#27;[35m[HTTP]&amp#27;[39m &amp#27;[90m&amp#27;[39m
&amp#27;[35m[HTTP]&amp#27;[39m &amp#27;[37m-->&amp#27;[39m &amp#27;[37mGET&amp#27;[39m &amp#27;[37m/wd/hub/session/d1a20ab4-32fe-4fdc-ae18-bcb48c47c1d7&amp#27;[39m
&amp#27;[35m[HTTP]&amp#27;[39m &amp#27;[90m{}&amp#27;[39m
[debug] &amp#27;[35m[W3C (d1a20ab4)]&amp#27;[39m Calling AppiumDriver.getSession() with args: ["d1a20ab4-32fe-4fdc-ae18-bcb48c47c1d7"]
[debug] &amp#27;[35m[UiAutomator2]&amp#27;[39m Getting session details from server to mix in
[debug] &amp#27;[35m[WD Proxy]&amp#27;[39m Matched '/' to command name 'getSession'
[debug] &amp#27;[35m[WD Proxy]&amp#27;[39m Proxying [GET /] to [GET http://127.0.0.1:8202/wd/hub/session/fd94e242-15bb-4015-b8bb-0ed9c10f6d94] with no body
[debug] &amp#27;[35m[WD Proxy]&amp#27;[39m Got response with status 200: {"sessionId":"fd94e242-15bb-4015-b8bb-0ed9c10f6d94","value":{"lastScrollData":{"toIndex":-1,"maxScrollY":2299,"maxScrollX":0,"scrollY":1626,"scrollX":0,"fromIndex":-1,"itemCount":-1}}}
[debug] &amp#27;[35m[W3C (d1a20ab4)]&amp#27;[39m Responding to client with driver.getSession() result: {"platform":"LINUX","webStorageEnabled":false,"takesScreenshot":true,"javascriptEnabled":true,"databaseEnabled":false,"networkConnectionEnabled":true,"locationContextEnabled":false,"warnings":{},"desired":{"platformName":"android","app":"./Resourses/in.workindia.apk","appActivity":"in.workindia.nileshdungarwal.workindiaandroid.RegisterActivity","appPackage":"in.workindia.nileshdungarwal.workindiaandroid","deviceName":"emulator-5554","platformVersion":"8.1"},"platformName":"android","app":"./Resourses/in.workindia.apk","appActivity":"in.workindia.nileshdungarwal.workindiaandroid.RegisterActivity","appPackage":"in.workindia.nileshdungarwal.workindiaandroid","deviceName":"emulator-5554","platformVersion":"8.1.0","deviceUDID":"emulator-5554","deviceApiLevel":27,"deviceScreenSize":"1080x2160","deviceScreenDensity":440,"deviceModel":"Android SDK built for x86","deviceManufacturer":"Google","pixelRatio":2.75,"statBarHeight":66,"viewportRect":{"left":0,"top":66,"width":1080,"height":1962},"lastScrollData":{"toInde...
&amp#27;[35m[HTTP]&amp#27;[39m &amp#27;[37m<-- GET /wd/hub/session/d1a20ab4-32fe-4fdc-ae18-bcb48c47c1d7 &amp#27;[39m&amp#27;[32m200&amp#27;[39m &amp#27;[90m19 ms - 1128&amp#27;[39m
&amp#27;[35m[HTTP]&amp#27;[39m &amp#27;[90m&amp#27;[39m
&amp#27;[35m[HTTP]&amp#27;[39m &amp#27;[37m-->&amp#27;[39m &amp#27;[37mGET&amp#27;[39m &amp#27;[37m/wd/hub/session/d1a20ab4-32fe-4fdc-ae18-bcb48c47c1d7&amp#27;[39m
&amp#27;[35m[HTTP]&amp#27;[39m &amp#27;[90m{}&amp#27;[39m
[debug] &amp#27;[35m[W3C (d1a20ab4)]&amp#27;[39m Calling AppiumDriver.getSession() with args: ["d1a20ab4-32fe-4fdc-ae18-bcb48c47c1d7"]
[debug] &amp#27;[35m[UiAutomator2]&amp#27;[39m Getting session details from server to mix in
[debug] &amp#27;[35m[WD Proxy]&amp#27;[39m Matched '/' to command name 'getSession'
[debug] &amp#27;[35m[WD Proxy]&amp#27;[39m Proxying [GET /] to [GET http://127.0.0.1:8202/wd/hub/session/fd94e242-15bb-4015-b8bb-0ed9c10f6d94] with no body
[debug] &amp#27;[35m[WD Proxy]&amp#27;[39m Got response with status 200: {"sessionId":"fd94e242-15bb-4015-b8bb-0ed9c10f6d94","value":{"lastScrollData":{"toIndex":-1,"maxScrollY":2299,"maxScrollX":0,"scrollY":1626,"scrollX":0,"fromIndex":-1,"itemCount":-1}}}
[debug] &amp#27;[35m[W3C (d1a20ab4)]&amp#27;[39m Responding to client with driver.getSession() result: {"platform":"LINUX","webStorageEnabled":false,"takesScreenshot":true,"javascriptEnabled":true,"databaseEnabled":false,"networkConnectionEnabled":true,"locationContextEnabled":false,"warnings":{},"desired":{"platformName":"android","app":"./Resourses/in.workindia.apk","appActivity":"in.workindia.nileshdungarwal.workindiaandroid.RegisterActivity","appPackage":"in.workindia.nileshdungarwal.workindiaandroid","deviceName":"emulator-5554","platformVersion":"8.1"},"platformName":"android","app":"./Resourses/in.workindia.apk","appActivity":"in.workindia.nileshdungarwal.workindiaandroid.RegisterActivity","appPackage":"in.workindia.nileshdungarwal.workindiaandroid","deviceName":"emulator-5554","platformVersion":"8.1.0","deviceUDID":"emulator-5554","deviceApiLevel":27,"deviceScreenSize":"1080x2160","deviceScreenDensity":440,"deviceModel":"Android SDK built for x86","deviceManufacturer":"Google","pixelRatio":2.75,"statBarHeight":66,"viewportRect":{"left":0,"top":66,"width":1080,"height":1962},"lastScrollData":{"toInde...
&amp#27;[35m[HTTP]&amp#27;[39m &amp#27;[37m<-- GET /wd/hub/session/d1a20ab4-32fe-4fdc-ae18-bcb48c47c1d7 &amp#27;[39m&amp#27;[32m200&amp#27;[39m &amp#27;[90m19 ms - 1128&amp#27;[39m
&amp#27;[35m[HTTP]&amp#27;[39m &amp#27;[90m&amp#27;[39m
&amp#27;[35m[HTTP]&amp#27;[39m &amp#27;[37m-->&amp#27;[39m &amp#27;[37mGET&amp#27;[39m &amp#27;[37m/wd/hub/session/d1a20ab4-32fe-4fdc-ae18-bcb48c47c1d7&amp#27;[39m
&amp#27;[35m[HTTP]&amp#27;[39m &amp#27;[90m{}&amp#27;[39m
[debug] &amp#27;[35m[W3C (d1a20ab4)]&amp#27;[39m Calling AppiumDriver.getSession() with args: ["d1a20ab4-32fe-4fdc-ae18-bcb48c47c1d7"]
[debug] &amp#27;[35m[UiAutomator2]&amp#27;[39m Getting session details from server to mix in
[debug] &amp#27;[35m[WD Proxy]&amp#27;[39m Matched '/' to command name 'getSession'
[debug] &amp#27;[35m[WD Proxy]&amp#27;[39m Proxying [GET /] to [GET http://127.0.0.1:8202/wd/hub/session/fd94e242-15bb-4015-b8bb-0ed9c10f6d94] with no body
[debug] &amp#27;[35m[WD Proxy]&amp#27;[39m Got response with status 200: {"sessionId":"fd94e242-15bb-4015-b8bb-0ed9c10f6d94","value":{"lastScrollData":{"toIndex":-1,"maxScrollY":2299,"maxScrollX":0,"scrollY":1626,"scrollX":0,"fromIndex":-1,"itemCount":-1}}}
[debug] &amp#27;[35m[W3C (d1a20ab4)]&amp#27;[39m Responding to client with driver.getSession() result: {"platform":"LINUX","webStorageEnabled":false,"takesScreenshot":true,"javascriptEnabled":true,"databaseEnabled":false,"networkConnectionEnabled":true,"locationContextEnabled":false,"warnings":{},"desired":{"platformName":"android","app":"./Resourses/in.workindia.apk","appActivity":"in.workindia.nileshdungarwal.workindiaandroid.RegisterActivity","appPackage":"in.workindia.nileshdungarwal.workindiaandroid","deviceName":"emulator-5554","platformVersion":"8.1"},"platformName":"android","app":"./Resourses/in.workindia.apk","appActivity":"in.workindia.nileshdungarwal.workindiaandroid.RegisterActivity","appPackage":"in.workindia.nileshdungarwal.workindiaandroid","deviceName":"emulator-5554","platformVersion":"8.1.0","deviceUDID":"emulator-5554","deviceApiLevel":27,"deviceScreenSize":"1080x2160","deviceScreenDensity":440,"deviceModel":"Android SDK built for x86","deviceManufacturer":"Google","pixelRatio":2.75,"statBarHeight":66,"viewportRect":{"left":0,"top":66,"width":1080,"height":1962},"lastScrollData":{"toInde...
&amp#27;[35m[HTTP]&amp#27;[39m &amp#27;[37m<-- GET /wd/hub/session/d1a20ab4-32fe-4fdc-ae18-bcb48c47c1d7 &amp#27;[39m&amp#27;[32m200&amp#27;[39m &amp#27;[90m23 ms - 1128&amp#27;[39m
&amp#27;[35m[HTTP]&amp#27;[39m &amp#27;[90m&amp#27;[39m
&amp#27;[35m[HTTP]&amp#27;[39m &amp#27;[37m-->&amp#27;[39m &amp#27;[37mPOST&amp#27;[39m &amp#27;[37m/wd/hub/session/d1a20ab4-32fe-4fdc-ae18-bcb48c47c1d7/element&amp#27;[39m
&amp#27;[35m[HTTP]&amp#27;[39m &amp#27;[90m{"using":"id","value":"in.workindia.nileshdungarwal.workindiaandroid:id/et_course"}&amp#27;[39m
[debug] &amp#27;[35m[W3C (d1a20ab4)]&amp#27;[39m Calling AppiumDriver.findElement() with args: ["id","in.workindia.nileshdungarwal.workindiaandroid:id/et_course","d1a20ab4-32fe-4fdc-ae18-bcb48c47c1d7"]
[debug] &amp#27;[35m[BaseDriver]&amp#27;[39m Valid locator strategies for this request: xpath, id, class name, accessibility id, css selector, -android uiautomator
[debug] &amp#27;[35m[BaseDriver]&amp#27;[39m Waiting up to 50000 ms for condition
[debug] &amp#27;[35m[WD Proxy]&amp#27;[39m Matched '/element' to command name 'findElement'
[debug] &amp#27;[35m[WD Proxy]&amp#27;[39m Proxying [POST /element] to [POST http://127.0.0.1:8202/wd/hub/session/fd94e242-15bb-4015-b8bb-0ed9c10f6d94/element] with body: {"strategy":"id","selector":"in.workindia.nileshdungarwal.workindiaandroid:id/et_course","context":"","multiple":false}
[debug] &amp#27;[35m[WD Proxy]&amp#27;[39m Got response with status 200: {"sessionId":"fd94e242-15bb-4015-b8bb-0ed9c10f6d94","value":{"ELEMENT":"7df8cb19-5f0c-456d-9ece-162ded71c9d3","element-6066-11e4-a52e-4f735466cecf":"7df8cb19-5f0c-456d-9ece-162ded71c9d3"}}
[debug] &amp#27;[35m[W3C (d1a20ab4)]&amp#27;[39m Responding to client with driver.findElement() result: {"element-6066-11e4-a52e-4f735466cecf":"7df8cb19-5f0c-456d-9ece-162ded71c9d3","ELEMENT":"7df8cb19-5f0c-456d-9ece-162ded71c9d3"}
&amp#27;[35m[HTTP]&amp#27;[39m &amp#27;[37m<-- POST /wd/hub/session/d1a20ab4-32fe-4fdc-ae18-bcb48c47c1d7/element &amp#27;[39m&amp#27;[32m200&amp#27;[39m &amp#27;[90m63 ms - 137&amp#27;[39m
&amp#27;[35m[HTTP]&amp#27;[39m &amp#27;[90m&amp#27;[39m
&amp#27;[35m[HTTP]&amp#27;[39m &amp#27;[37m-->&amp#27;[39m &amp#27;[37mPOST&amp#27;[39m &amp#27;[37m/wd/hub/session/d1a20ab4-32fe-4fdc-ae18-bcb48c47c1d7/element/7df8cb19-5f0c-456d-9ece-162ded71c9d3/click&amp#27;[39m
&amp#27;[35m[HTTP]&amp#27;[39m &amp#27;[90m{"id":"7df8cb19-5f0c-456d-9ece-162ded71c9d3"}&amp#27;[39m
[debug] &amp#27;[35m[W3C (d1a20ab4)]&amp#27;[39m Calling AppiumDriver.click() with args: ["7df8cb19-5f0c-456d-9ece-162ded71c9d3","d1a20ab4-32fe-4fdc-ae18-bcb48c47c1d7"]
[debug] &amp#27;[35m[WD Proxy]&amp#27;[39m Matched '/element/7df8cb19-5f0c-456d-9ece-162ded71c9d3/click' to command name 'click'
[debug] &amp#27;[35m[WD Proxy]&amp#27;[39m Proxying [POST /element/7df8cb19-5f0c-456d-9ece-162ded71c9d3/click] to [POST http://127.0.0.1:8202/wd/hub/session/fd94e242-15bb-4015-b8bb-0ed9c10f6d94/element/7df8cb19-5f0c-456d-9ece-162ded71c9d3/click] with body: {"element":"7df8cb19-5f0c-456d-9ece-162ded71c9d3"}
[debug] &amp#27;[35m[WD Proxy]&amp#27;[39m Got response with status 200: {"sessionId":"fd94e242-15bb-4015-b8bb-0ed9c10f6d94","value":null}
[debug] &amp#27;[35m[W3C (d1a20ab4)]&amp#27;[39m Responding to client with driver.click() result: null
&amp#27;[35m[HTTP]&amp#27;[39m &amp#27;[37m<-- POST /wd/hub/session/d1a20ab4-32fe-4fdc-ae18-bcb48c47c1d7/element/7df8cb19-5f0c-456d-9ece-162ded71c9d3/click &amp#27;[39m&amp#27;[32m200&amp#27;[39m &amp#27;[90m499 ms - 14&amp#27;[39m
&amp#27;[35m[HTTP]&amp#27;[39m &amp#27;[90m&amp#27;[39m
&amp#27;[35m[HTTP]&amp#27;[39m &amp#27;[37m-->&amp#27;[39m &amp#27;[37mPOST&amp#27;[39m &amp#27;[37m/wd/hub/session/d1a20ab4-32fe-4fdc-ae18-bcb48c47c1d7/timeouts&amp#27;[39m
&amp#27;[35m[HTTP]&amp#27;[39m &amp#27;[90m{"implicit":50000}&amp#27;[39m
[debug] &amp#27;[35m[W3C (d1a20ab4)]&amp#27;[39m Calling AppiumDriver.timeouts() with args: [null,null,null,null,50000,"d1a20ab4-32fe-4fdc-ae18-bcb48c47c1d7"]
[debug] &amp#27;[35m[BaseDriver]&amp#27;[39m W3C timeout argument: {"implicit":50000}}
[debug] &amp#27;[35m[BaseDriver]&amp#27;[39m Set implicit wait to 50000ms
[debug] &amp#27;[35m[W3C (d1a20ab4)]&amp#27;[39m Responding to client with driver.timeouts() result: null
&amp#27;[35m[HTTP]&amp#27;[39m &amp#27;[37m<-- POST /wd/hub/session/d1a20ab4-32fe-4fdc-ae18-bcb48c47c1d7/timeouts &amp#27;[39m&amp#27;[32m200&amp#27;[39m &amp#27;[90m4 ms - 14&amp#27;[39m
&amp#27;[35m[HTTP]&amp#27;[39m &amp#27;[90m&amp#27;[39m
&amp#27;[35m[HTTP]&amp#27;[39m &amp#27;[37m-->&amp#27;[39m &amp#27;[37mGET&amp#27;[39m &amp#27;[37m/wd/hub/session/d1a20ab4-32fe-4fdc-ae18-bcb48c47c1d7&amp#27;[39m
&amp#27;[35m[HTTP]&amp#27;[39m &amp#27;[90m{}&amp#27;[39m
[debug] &amp#27;[35m[W3C (d1a20ab4)]&amp#27;[39m Calling AppiumDriver.getSession() with args: ["d1a20ab4-32fe-4fdc-ae18-bcb48c47c1d7"]
[debug] &amp#27;[35m[UiAutomator2]&amp#27;[39m Getting session details from server to mix in
[debug] &amp#27;[35m[WD Proxy]&amp#27;[39m Matched '/' to command name 'getSession'
[debug] &amp#27;[35m[WD Proxy]&amp#27;[39m Proxying [GET /] to [GET http://127.0.0.1:8202/wd/hub/session/fd94e242-15bb-4015-b8bb-0ed9c10f6d94] with no body
[debug] &amp#27;[35m[WD Proxy]&amp#27;[39m Got response with status 200: {"sessionId":"fd94e242-15bb-4015-b8bb-0ed9c10f6d94","value":{"lastScrollData":{"toIndex":-1,"maxScrollY":2299,"maxScrollX":0,"scrollY":1626,"scrollX":0,"fromIndex":-1,"itemCount":-1}}}
[debug] &amp#27;[35m[W3C (d1a20ab4)]&amp#27;[39m Responding to client with driver.getSession() result: {"platform":"LINUX","webStorageEnabled":false,"takesScreenshot":true,"javascriptEnabled":true,"databaseEnabled":false,"networkConnectionEnabled":true,"locationContextEnabled":false,"warnings":{},"desired":{"platformName":"android","app":"./Resourses/in.workindia.apk","appActivity":"in.workindia.nileshdungarwal.workindiaandroid.RegisterActivity","appPackage":"in.workindia.nileshdungarwal.workindiaandroid","deviceName":"emulator-5554","platformVersion":"8.1"},"platformName":"android","app":"./Resourses/in.workindia.apk","appActivity":"in.workindia.nileshdungarwal.workindiaandroid.RegisterActivity","appPackage":"in.workindia.nileshdungarwal.workindiaandroid","deviceName":"emulator-5554","platformVersion":"8.1.0","deviceUDID":"emulator-5554","deviceApiLevel":27,"deviceScreenSize":"1080x2160","deviceScreenDensity":440,"deviceModel":"Android SDK built for x86","deviceManufacturer":"Google","pixelRatio":2.75,"statBarHeight":66,"viewportRect":{"left":0,"top":66,"width":1080,"height":1962},"lastScrollData":{"toInde...
&amp#27;[35m[HTTP]&amp#27;[39m &amp#27;[37m<-- GET /wd/hub/session/d1a20ab4-32fe-4fdc-ae18-bcb48c47c1d7 &amp#27;[39m&amp#27;[32m200&amp#27;[39m &amp#27;[90m19 ms - 1128&amp#27;[39m
&amp#27;[35m[HTTP]&amp#27;[39m &amp#27;[90m&amp#27;[39m
&amp#27;[35m[HTTP]&amp#27;[39m &amp#27;[37m-->&amp#27;[39m &amp#27;[37mGET&amp#27;[39m &amp#27;[37m/wd/hub/session/d1a20ab4-32fe-4fdc-ae18-bcb48c47c1d7&amp#27;[39m
&amp#27;[35m[HTTP]&amp#27;[39m &amp#27;[90m{}&amp#27;[39m
[debug] &amp#27;[35m[W3C (d1a20ab4)]&amp#27;[39m Calling AppiumDriver.getSession() with args: ["d1a20ab4-32fe-4fdc-ae18-bcb48c47c1d7"]
[debug] &amp#27;[35m[UiAutomator2]&amp#27;[39m Getting session details from server to mix in
[debug] &amp#27;[35m[WD Proxy]&amp#27;[39m Matched '/' to command name 'getSession'
[debug] &amp#27;[35m[WD Proxy]&amp#27;[39m Proxying [GET /] to [GET http://127.0.0.1:8202/wd/hub/session/fd94e242-15bb-4015-b8bb-0ed9c10f6d94] with no body
[debug] &amp#27;[35m[WD Proxy]&amp#27;[39m Got response with status 200: {"sessionId":"fd94e242-15bb-4015-b8bb-0ed9c10f6d94","value":{"lastScrollData":{"toIndex":-1,"maxScrollY":2299,"maxScrollX":0,"scrollY":1626,"scrollX":0,"fromIndex":-1,"itemCount":-1}}}
[debug] &amp#27;[35m[W3C (d1a20ab4)]&amp#27;[39m Responding to client with driver.getSession() result: {"platform":"LINUX","webStorageEnabled":false,"takesScreenshot":true,"javascriptEnabled":true,"databaseEnabled":false,"networkConnectionEnabled":true,"locationContextEnabled":false,"warnings":{},"desired":{"platformName":"android","app":"./Resourses/in.workindia.apk","appActivity":"in.workindia.nileshdungarwal.workindiaandroid.RegisterActivity","appPackage":"in.workindia.nileshdungarwal.workindiaandroid","deviceName":"emulator-5554","platformVersion":"8.1"},"platformName":"android","app":"./Resourses/in.workindia.apk","appActivity":"in.workindia.nileshdungarwal.workindiaandroid.RegisterActivity","appPackage":"in.workindia.nileshdungarwal.workindiaandroid","deviceName":"emulator-5554","platformVersion":"8.1.0","deviceUDID":"emulator-5554","deviceApiLevel":27,"deviceScreenSize":"1080x2160","deviceScreenDensity":440,"deviceModel":"Android SDK built for x86","deviceManufacturer":"Google","pixelRatio":2.75,"statBarHeight":66,"viewportRect":{"left":0,"top":66,"width":1080,"height":1962},"lastScrollData":{"toInde...
&amp#27;[35m[HTTP]&amp#27;[39m &amp#27;[37m<-- GET /wd/hub/session/d1a20ab4-32fe-4fdc-ae18-bcb48c47c1d7 &amp#27;[39m&amp#27;[32m200&amp#27;[39m &amp#27;[90m15 ms - 1128&amp#27;[39m
&amp#27;[35m[HTTP]&amp#27;[39m &amp#27;[90m&amp#27;[39m
&amp#27;[35m[HTTP]&amp#27;[39m &amp#27;[37m-->&amp#27;[39m &amp#27;[37mGET&amp#27;[39m &amp#27;[37m/wd/hub/session/d1a20ab4-32fe-4fdc-ae18-bcb48c47c1d7&amp#27;[39m
&amp#27;[35m[HTTP]&amp#27;[39m &amp#27;[90m{}&amp#27;[39m
[debug] &amp#27;[35m[W3C (d1a20ab4)]&amp#27;[39m Calling AppiumDriver.getSession() with args: ["d1a20ab4-32fe-4fdc-ae18-bcb48c47c1d7"]
[debug] &amp#27;[35m[UiAutomator2]&amp#27;[39m Getting session details from server to mix in
[debug] &amp#27;[35m[WD Proxy]&amp#27;[39m Matched '/' to command name 'getSession'
[debug] &amp#27;[35m[WD Proxy]&amp#27;[39m Proxying [GET /] to [GET http://127.0.0.1:8202/wd/hub/session/fd94e242-15bb-4015-b8bb-0ed9c10f6d94] with no body
[debug] &amp#27;[35m[WD Proxy]&amp#27;[39m Got response with status 200: {"sessionId":"fd94e242-15bb-4015-b8bb-0ed9c10f6d94","value":{"lastScrollData":{"toIndex":-1,"maxScrollY":2299,"maxScrollX":0,"scrollY":1626,"scrollX":0,"fromIndex":-1,"itemCount":-1}}}
[debug] &amp#27;[35m[W3C (d1a20ab4)]&amp#27;[39m Responding to client with driver.getSession() result: {"platform":"LINUX","webStorageEnabled":false,"takesScreenshot":true,"javascriptEnabled":true,"databaseEnabled":false,"networkConnectionEnabled":true,"locationContextEnabled":false,"warnings":{},"desired":{"platformName":"android","app":"./Resourses/in.workindia.apk","appActivity":"in.workindia.nileshdungarwal.workindiaandroid.RegisterActivity","appPackage":"in.workindia.nileshdungarwal.workindiaandroid","deviceName":"emulator-5554","platformVersion":"8.1"},"platformName":"android","app":"./Resourses/in.workindia.apk","appActivity":"in.workindia.nileshdungarwal.workindiaandroid.RegisterActivity","appPackage":"in.workindia.nileshdungarwal.workindiaandroid","deviceName":"emulator-5554","platformVersion":"8.1.0","deviceUDID":"emulator-5554","deviceApiLevel":27,"deviceScreenSize":"1080x2160","deviceScreenDensity":440,"deviceModel":"Android SDK built for x86","deviceManufacturer":"Google","pixelRatio":2.75,"statBarHeight":66,"viewportRect":{"left":0,"top":66,"width":1080,"height":1962},"lastScrollData":{"toInde...
&amp#27;[35m[HTTP]&amp#27;[39m &amp#27;[37m<-- GET /wd/hub/session/d1a20ab4-32fe-4fdc-ae18-bcb48c47c1d7 &amp#27;[39m&amp#27;[32m200&amp#27;[39m &amp#27;[90m16 ms - 1128&amp#27;[39m
&amp#27;[35m[HTTP]&amp#27;[39m &amp#27;[90m&amp#27;[39m
&amp#27;[35m[HTTP]&amp#27;[39m &amp#27;[37m-->&amp#27;[39m &amp#27;[37mPOST&amp#27;[39m &amp#27;[37m/wd/hub/session/d1a20ab4-32fe-4fdc-ae18-bcb48c47c1d7/element&amp#27;[39m
&amp#27;[35m[HTTP]&amp#27;[39m &amp#27;[90m{"using":"xpath","value":"//android.widget.ListView/android.widget.CheckedTextView[11]"}&amp#27;[39m
[debug] &amp#27;[35m[W3C (d1a20ab4)]&amp#27;[39m Calling AppiumDriver.findElement() with args: ["xpath","//android.widget.ListView/android.widget.CheckedTextView[11]","d1a20ab4-32fe-4fdc-ae18-bcb48c47c1d7"]
[debug] &amp#27;[35m[BaseDriver]&amp#27;[39m Valid locator strategies for this request: xpath, id, class name, accessibility id, css selector, -android uiautomator
[debug] &amp#27;[35m[BaseDriver]&amp#27;[39m Waiting up to 50000 ms for condition
[debug] &amp#27;[35m[WD Proxy]&amp#27;[39m Matched '/element' to command name 'findElement'
[debug] &amp#27;[35m[WD Proxy]&amp#27;[39m Proxying [POST /element] to [POST http://127.0.0.1:8202/wd/hub/session/fd94e242-15bb-4015-b8bb-0ed9c10f6d94/element] with body: {"strategy":"xpath","selector":"//android.widget.ListView/android.widget.CheckedTextView[11]","context":"","multiple":false}
[debug] &amp#27;[35m[WD Proxy]&amp#27;[39m Got response with status 200: {"sessionId":"fd94e242-15bb-4015-b8bb-0ed9c10f6d94","value":{"ELEMENT":"8460af73-f577-4c97-b064-e2a12095c314","element-6066-11e4-a52e-4f735466cecf":"8460af73-f577-4c97-b064-e2a12095c314"}}
[debug] &amp#27;[35m[W3C (d1a20ab4)]&amp#27;[39m Responding to client with driver.findElement() result: {"element-6066-11e4-a52e-4f735466cecf":"8460af73-f577-4c97-b064-e2a12095c314","ELEMENT":"8460af73-f577-4c97-b064-e2a12095c314"}
&amp#27;[35m[HTTP]&amp#27;[39m &amp#27;[37m<-- POST /wd/hub/session/d1a20ab4-32fe-4fdc-ae18-bcb48c47c1d7/element &amp#27;[39m&amp#27;[32m200&amp#27;[39m &amp#27;[90m858 ms - 137&amp#27;[39m
&amp#27;[35m[HTTP]&amp#27;[39m &amp#27;[90m&amp#27;[39m
&amp#27;[35m[HTTP]&amp#27;[39m &amp#27;[37m-->&amp#27;[39m &amp#27;[37mPOST&amp#27;[39m &amp#27;[37m/wd/hub/session/d1a20ab4-32fe-4fdc-ae18-bcb48c47c1d7/element/8460af73-f577-4c97-b064-e2a12095c314/click&amp#27;[39m
&amp#27;[35m[HTTP]&amp#27;[39m &amp#27;[90m{"id":"8460af73-f577-4c97-b064-e2a12095c314"}&amp#27;[39m
[debug] &amp#27;[35m[W3C (d1a20ab4)]&amp#27;[39m Calling AppiumDriver.click() with args: ["8460af73-f577-4c97-b064-e2a12095c314","d1a20ab4-32fe-4fdc-ae18-bcb48c47c1d7"]
[debug] &amp#27;[35m[WD Proxy]&amp#27;[39m Matched '/element/8460af73-f577-4c97-b064-e2a12095c314/click' to command name 'click'
[debug] &amp#27;[35m[WD Proxy]&amp#27;[39m Proxying [POST /element/8460af73-f577-4c97-b064-e2a12095c314/click] to [POST http://127.0.0.1:8202/wd/hub/session/fd94e242-15bb-4015-b8bb-0ed9c10f6d94/element/8460af73-f577-4c97-b064-e2a12095c314/click] with body: {"element":"8460af73-f577-4c97-b064-e2a12095c314"}
[debug] &amp#27;[35m[WD Proxy]&amp#27;[39m Got response with status 200: {"sessionId":"fd94e242-15bb-4015-b8bb-0ed9c10f6d94","value":null}
[debug] &amp#27;[35m[W3C (d1a20ab4)]&amp#27;[39m Responding to client with driver.click() result: null
&amp#27;[35m[HTTP]&amp#27;[39m &amp#27;[37m<-- POST /wd/hub/session/d1a20ab4-32fe-4fdc-ae18-bcb48c47c1d7/element/8460af73-f577-4c97-b064-e2a12095c314/click &amp#27;[39m&amp#27;[32m200&amp#27;[39m &amp#27;[90m45 ms - 14&amp#27;[39m
&amp#27;[35m[HTTP]&amp#27;[39m &amp#27;[90m&amp#27;[39m
&amp#27;[35m[HTTP]&amp#27;[39m &amp#27;[37m-->&amp#27;[39m &amp#27;[37mPOST&amp#27;[39m &amp#27;[37m/wd/hub/session/d1a20ab4-32fe-4fdc-ae18-bcb48c47c1d7/timeouts&amp#27;[39m
&amp#27;[35m[HTTP]&amp#27;[39m &amp#27;[90m{"implicit":50000}&amp#27;[39m
[debug] &amp#27;[35m[W3C (d1a20ab4)]&amp#27;[39m Calling AppiumDriver.timeouts() with args: [null,null,null,null,50000,"d1a20ab4-32fe-4fdc-ae18-bcb48c47c1d7"]
[debug] &amp#27;[35m[BaseDriver]&amp#27;[39m W3C timeout argument: {"implicit":50000}}
[debug] &amp#27;[35m[BaseDriver]&amp#27;[39m Set implicit wait to 50000ms
[debug] &amp#27;[35m[W3C (d1a20ab4)]&amp#27;[39m Responding to client with driver.timeouts() result: null
&amp#27;[35m[HTTP]&amp#27;[39m &amp#27;[37m<-- POST /wd/hub/session/d1a20ab4-32fe-4fdc-ae18-bcb48c47c1d7/timeouts &amp#27;[39m&amp#27;[32m200&amp#27;[39m &amp#27;[90m5 ms - 14&amp#27;[39m
&amp#27;[35m[HTTP]&amp#27;[39m &amp#27;[90m&amp#27;[39m
&amp#27;[35m[HTTP]&amp#27;[39m &amp#27;[37m-->&amp#27;[39m &amp#27;[37mGET&amp#27;[39m &amp#27;[37m/wd/hub/session/d1a20ab4-32fe-4fdc-ae18-bcb48c47c1d7&amp#27;[39m
&amp#27;[35m[HTTP]&amp#27;[39m &amp#27;[90m{}&amp#27;[39m
[debug] &amp#27;[35m[W3C (d1a20ab4)]&amp#27;[39m Calling AppiumDriver.getSession() with args: ["d1a20ab4-32fe-4fdc-ae18-bcb48c47c1d7"]
[debug] &amp#27;[35m[UiAutomator2]&amp#27;[39m Getting session details from server to mix in
[debug] &amp#27;[35m[WD Proxy]&amp#27;[39m Matched '/' to command name 'getSession'
[debug] &amp#27;[35m[WD Proxy]&amp#27;[39m Proxying [GET /] to [GET http://127.0.0.1:8202/wd/hub/session/fd94e242-15bb-4015-b8bb-0ed9c10f6d94] with no body
[debug] &amp#27;[35m[WD Proxy]&amp#27;[39m Got response with status 200: {"sessionId":"fd94e242-15bb-4015-b8bb-0ed9c10f6d94","value":{"lastScrollData":{"toIndex":-1,"maxScrollY":2299,"maxScrollX":0,"scrollY":1626,"scrollX":0,"fromIndex":-1,"itemCount":-1}}}
[debug] &amp#27;[35m[W3C (d1a20ab4)]&amp#27;[39m Responding to client with driver.getSession() result: {"platform":"LINUX","webStorageEnabled":false,"takesScreenshot":true,"javascriptEnabled":true,"databaseEnabled":false,"networkConnectionEnabled":true,"locationContextEnabled":false,"warnings":{},"desired":{"platformName":"android","app":"./Resourses/in.workindia.apk","appActivity":"in.workindia.nileshdungarwal.workindiaandroid.RegisterActivity","appPackage":"in.workindia.nileshdungarwal.workindiaandroid","deviceName":"emulator-5554","platformVersion":"8.1"},"platformName":"android","app":"./Resourses/in.workindia.apk","appActivity":"in.workindia.nileshdungarwal.workindiaandroid.RegisterActivity","appPackage":"in.workindia.nileshdungarwal.workindiaandroid","deviceName":"emulator-5554","platformVersion":"8.1.0","deviceUDID":"emulator-5554","deviceApiLevel":27,"deviceScreenSize":"1080x2160","deviceScreenDensity":440,"deviceModel":"Android SDK built for x86","deviceManufacturer":"Google","pixelRatio":2.75,"statBarHeight":66,"viewportRect":{"left":0,"top":66,"width":1080,"height":1962},"lastScrollData":{"toInde...
&amp#27;[35m[HTTP]&amp#27;[39m &amp#27;[37m<-- GET /wd/hub/session/d1a20ab4-32fe-4fdc-ae18-bcb48c47c1d7 &amp#27;[39m&amp#27;[32m200&amp#27;[39m &amp#27;[90m19 ms - 1128&amp#27;[39m
&amp#27;[35m[HTTP]&amp#27;[39m &amp#27;[90m&amp#27;[39m
&amp#27;[35m[HTTP]&amp#27;[39m &amp#27;[37m-->&amp#27;[39m &amp#27;[37mGET&amp#27;[39m &amp#27;[37m/wd/hub/session/d1a20ab4-32fe-4fdc-ae18-bcb48c47c1d7&amp#27;[39m
&amp#27;[35m[HTTP]&amp#27;[39m &amp#27;[90m{}&amp#27;[39m
[debug] &amp#27;[35m[W3C (d1a20ab4)]&amp#27;[39m Calling AppiumDriver.getSession() with args: ["d1a20ab4-32fe-4fdc-ae18-bcb48c47c1d7"]
[debug] &amp#27;[35m[UiAutomator2]&amp#27;[39m Getting session details from server to mix in
[debug] &amp#27;[35m[WD Proxy]&amp#27;[39m Matched '/' to command name 'getSession'
[debug] &amp#27;[35m[WD Proxy]&amp#27;[39m Proxying [GET /] to [GET http://127.0.0.1:8202/wd/hub/session/fd94e242-15bb-4015-b8bb-0ed9c10f6d94] with no body
[debug] &amp#27;[35m[WD Proxy]&amp#27;[39m Got response with status 200: {"sessionId":"fd94e242-15bb-4015-b8bb-0ed9c10f6d94","value":{"lastScrollData":{"toIndex":-1,"maxScrollY":2299,"maxScrollX":0,"scrollY":1626,"scrollX":0,"fromIndex":-1,"itemCount":-1}}}
[debug] &amp#27;[35m[W3C (d1a20ab4)]&amp#27;[39m Responding to client with driver.getSession() result: {"platform":"LINUX","webStorageEnabled":false,"takesScreenshot":true,"javascriptEnabled":true,"databaseEnabled":false,"networkConnectionEnabled":true,"locationContextEnabled":false,"warnings":{},"desired":{"platformName":"android","app":"./Resourses/in.workindia.apk","appActivity":"in.workindia.nileshdungarwal.workindiaandroid.RegisterActivity","appPackage":"in.workindia.nileshdungarwal.workindiaandroid","deviceName":"emulator-5554","platformVersion":"8.1"},"platformName":"android","app":"./Resourses/in.workindia.apk","appActivity":"in.workindia.nileshdungarwal.workindiaandroid.RegisterActivity","appPackage":"in.workindia.nileshdungarwal.workindiaandroid","deviceName":"emulator-5554","platformVersion":"8.1.0","deviceUDID":"emulator-5554","deviceApiLevel":27,"deviceScreenSize":"1080x2160","deviceScreenDensity":440,"deviceModel":"Android SDK built for x86","deviceManufacturer":"Google","pixelRatio":2.75,"statBarHeight":66,"viewportRect":{"left":0,"top":66,"width":1080,"height":1962},"lastScrollData":{"toInde...
&amp#27;[35m[HTTP]&amp#27;[39m &amp#27;[37m<-- GET /wd/hub/session/d1a20ab4-32fe-4fdc-ae18-bcb48c47c1d7 &amp#27;[39m&amp#27;[32m200&amp#27;[39m &amp#27;[90m24 ms - 1128&amp#27;[39m
&amp#27;[35m[HTTP]&amp#27;[39m &amp#27;[90m&amp#27;[39m
&amp#27;[35m[HTTP]&amp#27;[39m &amp#27;[37m-->&amp#27;[39m &amp#27;[37mGET&amp#27;[39m &amp#27;[37m/wd/hub/session/d1a20ab4-32fe-4fdc-ae18-bcb48c47c1d7&amp#27;[39m
&amp#27;[35m[HTTP]&amp#27;[39m &amp#27;[90m{}&amp#27;[39m
[debug] &amp#27;[35m[W3C (d1a20ab4)]&amp#27;[39m Calling AppiumDriver.getSession() with args: ["d1a20ab4-32fe-4fdc-ae18-bcb48c47c1d7"]
[debug] &amp#27;[35m[UiAutomator2]&amp#27;[39m Getting session details from server to mix in
[debug] &amp#27;[35m[WD Proxy]&amp#27;[39m Matched '/' to command name 'getSession'
[debug] &amp#27;[35m[WD Proxy]&amp#27;[39m Proxying [GET /] to [GET http://127.0.0.1:8202/wd/hub/session/fd94e242-15bb-4015-b8bb-0ed9c10f6d94] with no body
[debug] &amp#27;[35m[WD Proxy]&amp#27;[39m Got response with status 200: {"sessionId":"fd94e242-15bb-4015-b8bb-0ed9c10f6d94","value":{"lastScrollData":{"toIndex":-1,"maxScrollY":2299,"maxScrollX":0,"scrollY":1626,"scrollX":0,"fromIndex":-1,"itemCount":-1}}}
[debug] &amp#27;[35m[W3C (d1a20ab4)]&amp#27;[39m Responding to client with driver.getSession() result: {"platform":"LINUX","webStorageEnabled":false,"takesScreenshot":true,"javascriptEnabled":true,"databaseEnabled":false,"networkConnectionEnabled":true,"locationContextEnabled":false,"warnings":{},"desired":{"platformName":"android","app":"./Resourses/in.workindia.apk","appActivity":"in.workindia.nileshdungarwal.workindiaandroid.RegisterActivity","appPackage":"in.workindia.nileshdungarwal.workindiaandroid","deviceName":"emulator-5554","platformVersion":"8.1"},"platformName":"android","app":"./Resourses/in.workindia.apk","appActivity":"in.workindia.nileshdungarwal.workindiaandroid.RegisterActivity","appPackage":"in.workindia.nileshdungarwal.workindiaandroid","deviceName":"emulator-5554","platformVersion":"8.1.0","deviceUDID":"emulator-5554","deviceApiLevel":27,"deviceScreenSize":"1080x2160","deviceScreenDensity":440,"deviceModel":"Android SDK built for x86","deviceManufacturer":"Google","pixelRatio":2.75,"statBarHeight":66,"viewportRect":{"left":0,"top":66,"width":1080,"height":1962},"lastScrollData":{"toInde...
&amp#27;[35m[HTTP]&amp#27;[39m &amp#27;[37m<-- GET /wd/hub/session/d1a20ab4-32fe-4fdc-ae18-bcb48c47c1d7 &amp#27;[39m&amp#27;[32m200&amp#27;[39m &amp#27;[90m23 ms - 1128&amp#27;[39m
&amp#27;[35m[HTTP]&amp#27;[39m &amp#27;[90m&amp#27;[39m
&amp#27;[35m[HTTP]&amp#27;[39m &amp#27;[37m-->&amp#27;[39m &amp#27;[37mPOST&amp#27;[39m &amp#27;[37m/wd/hub/session/d1a20ab4-32fe-4fdc-ae18-bcb48c47c1d7/element&amp#27;[39m
&amp#27;[35m[HTTP]&amp#27;[39m &amp#27;[90m{"using":"id","value":"in.workindia.nileshdungarwal.workindiaandroid:id/btn_done"}&amp#27;[39m
[debug] &amp#27;[35m[W3C (d1a20ab4)]&amp#27;[39m Calling AppiumDriver.findElement() with args: ["id","in.workindia.nileshdungarwal.workindiaandroid:id/btn_done","d1a20ab4-32fe-4fdc-ae18-bcb48c47c1d7"]
[debug] &amp#27;[35m[BaseDriver]&amp#27;[39m Valid locator strategies for this request: xpath, id, class name, accessibility id, css selector, -android uiautomator
[debug] &amp#27;[35m[BaseDriver]&amp#27;[39m Waiting up to 50000 ms for condition
[debug] &amp#27;[35m[WD Proxy]&amp#27;[39m Matched '/element' to command name 'findElement'
[debug] &amp#27;[35m[WD Proxy]&amp#27;[39m Proxying [POST /element] to [POST http://127.0.0.1:8202/wd/hub/session/fd94e242-15bb-4015-b8bb-0ed9c10f6d94/element] with body: {"strategy":"id","selector":"in.workindia.nileshdungarwal.workindiaandroid:id/btn_done","context":"","multiple":false}
[debug] &amp#27;[35m[WD Proxy]&amp#27;[39m Got response with status 200: {"sessionId":"fd94e242-15bb-4015-b8bb-0ed9c10f6d94","value":{"ELEMENT":"0d950c4e-c94f-4e91-a842-59f335b9f149","element-6066-11e4-a52e-4f735466cecf":"0d950c4e-c94f-4e91-a842-59f335b9f149"}}
[debug] &amp#27;[35m[W3C (d1a20ab4)]&amp#27;[39m Responding to client with driver.findElement() result: {"element-6066-11e4-a52e-4f735466cecf":"0d950c4e-c94f-4e91-a842-59f335b9f149","ELEMENT":"0d950c4e-c94f-4e91-a842-59f335b9f149"}
&amp#27;[35m[HTTP]&amp#27;[39m &amp#27;[37m<-- POST /wd/hub/session/d1a20ab4-32fe-4fdc-ae18-bcb48c47c1d7/element &amp#27;[39m&amp#27;[32m200&amp#27;[39m &amp#27;[90m571 ms - 137&amp#27;[39m
&amp#27;[35m[HTTP]&amp#27;[39m &amp#27;[90m&amp#27;[39m
&amp#27;[35m[HTTP]&amp#27;[39m &amp#27;[37m-->&amp#27;[39m &amp#27;[37mPOST&amp#27;[39m &amp#27;[37m/wd/hub/session/d1a20ab4-32fe-4fdc-ae18-bcb48c47c1d7/element/0d950c4e-c94f-4e91-a842-59f335b9f149/click&amp#27;[39m
&amp#27;[35m[HTTP]&amp#27;[39m &amp#27;[90m{"id":"0d950c4e-c94f-4e91-a842-59f335b9f149"}&amp#27;[39m
[debug] &amp#27;[35m[W3C (d1a20ab4)]&amp#27;[39m Calling AppiumDriver.click() with args: ["0d950c4e-c94f-4e91-a842-59f335b9f149","d1a20ab4-32fe-4fdc-ae18-bcb48c47c1d7"]
[debug] &amp#27;[35m[WD Proxy]&amp#27;[39m Matched '/element/0d950c4e-c94f-4e91-a842-59f335b9f149/click' to command name 'click'
[debug] &amp#27;[35m[WD Proxy]&amp#27;[39m Proxying [POST /element/0d950c4e-c94f-4e91-a842-59f335b9f149/click] to [POST http://127.0.0.1:8202/wd/hub/session/fd94e242-15bb-4015-b8bb-0ed9c10f6d94/element/0d950c4e-c94f-4e91-a842-59f335b9f149/click] with body: {"element":"0d950c4e-c94f-4e91-a842-59f335b9f149"}
[debug] &amp#27;[35m[WD Proxy]&amp#27;[39m Got response with status 200: {"sessionId":"fd94e242-15bb-4015-b8bb-0ed9c10f6d94","value":null}
[debug] &amp#27;[35m[W3C (d1a20ab4)]&amp#27;[39m Responding to client with driver.click() result: null
&amp#27;[35m[HTTP]&amp#27;[39m &amp#27;[37m<-- POST /wd/hub/session/d1a20ab4-32fe-4fdc-ae18-bcb48c47c1d7/element/0d950c4e-c94f-4e91-a842-59f335b9f149/click &amp#27;[39m&amp#27;[32m200&amp#27;[39m &amp#27;[90m37 ms - 14&amp#27;[39m
&amp#27;[35m[HTTP]&amp#27;[39m &amp#27;[90m&amp#27;[39m
&amp#27;[35m[HTTP]&amp#27;[39m &amp#27;[37m-->&amp#27;[39m &amp#27;[37mPOST&amp#27;[39m &amp#27;[37m/wd/hub/session/d1a20ab4-32fe-4fdc-ae18-bcb48c47c1d7/timeouts&amp#27;[39m
&amp#27;[35m[HTTP]&amp#27;[39m &amp#27;[90m{"implicit":50000}&amp#27;[39m
[debug] &amp#27;[35m[W3C (d1a20ab4)]&amp#27;[39m Calling AppiumDriver.timeouts() with args: [null,null,null,null,50000,"d1a20ab4-32fe-4fdc-ae18-bcb48c47c1d7"]
[debug] &amp#27;[35m[BaseDriver]&amp#27;[39m W3C timeout argument: {"implicit":50000}}
[debug] &amp#27;[35m[BaseDriver]&amp#27;[39m Set implicit wait to 50000ms
[debug] &amp#27;[35m[W3C (d1a20ab4)]&amp#27;[39m Responding to client with driver.timeouts() result: null
&amp#27;[35m[HTTP]&amp#27;[39m &amp#27;[37m<-- POST /wd/hub/session/d1a20ab4-32fe-4fdc-ae18-bcb48c47c1d7/timeouts &amp#27;[39m&amp#27;[32m200&amp#27;[39m &amp#27;[90m4 ms - 14&amp#27;[39m
&amp#27;[35m[HTTP]&amp#27;[39m &amp#27;[90m&amp#27;[39m
&amp#27;[35m[HTTP]&amp#27;[39m &amp#27;[37m-->&amp#27;[39m &amp#27;[37mGET&amp#27;[39m &amp#27;[37m/wd/hub/session/d1a20ab4-32fe-4fdc-ae18-bcb48c47c1d7&amp#27;[39m
&amp#27;[35m[HTTP]&amp#27;[39m &amp#27;[90m{}&amp#27;[39m
[debug] &amp#27;[35m[W3C (d1a20ab4)]&amp#27;[39m Calling AppiumDriver.getSession() with args: ["d1a20ab4-32fe-4fdc-ae18-bcb48c47c1d7"]
[debug] &amp#27;[35m[UiAutomator2]&amp#27;[39m Getting session details from server to mix in
[debug] &amp#27;[35m[WD Proxy]&amp#27;[39m Matched '/' to command name 'getSession'
[debug] &amp#27;[35m[WD Proxy]&amp#27;[39m Proxying [GET /] to [GET http://127.0.0.1:8202/wd/hub/session/fd94e242-15bb-4015-b8bb-0ed9c10f6d94] with no body
[debug] &amp#27;[35m[WD Proxy]&amp#27;[39m Got response with status 200: {"sessionId":"fd94e242-15bb-4015-b8bb-0ed9c10f6d94","value":{"lastScrollData":{"toIndex":-1,"maxScrollY":2299,"maxScrollX":0,"scrollY":1626,"scrollX":0,"fromIndex":-1,"itemCount":-1}}}
[debug] &amp#27;[35m[W3C (d1a20ab4)]&amp#27;[39m Responding to client with driver.getSession() result: {"platform":"LINUX","webStorageEnabled":false,"takesScreenshot":true,"javascriptEnabled":true,"databaseEnabled":false,"networkConnectionEnabled":true,"locationContextEnabled":false,"warnings":{},"desired":{"platformName":"android","app":"./Resourses/in.workindia.apk","appActivity":"in.workindia.nileshdungarwal.workindiaandroid.RegisterActivity","appPackage":"in.workindia.nileshdungarwal.workindiaandroid","deviceName":"emulator-5554","platformVersion":"8.1"},"platformName":"android","app":"./Resourses/in.workindia.apk","appActivity":"in.workindia.nileshdungarwal.workindiaandroid.RegisterActivity","appPackage":"in.workindia.nileshdungarwal.workindiaandroid","deviceName":"emulator-5554","platformVersion":"8.1.0","deviceUDID":"emulator-5554","deviceApiLevel":27,"deviceScreenSize":"1080x2160","deviceScreenDensity":440,"deviceModel":"Android SDK built for x86","deviceManufacturer":"Google","pixelRatio":2.75,"statBarHeight":66,"viewportRect":{"left":0,"top":66,"width":1080,"height":1962},"lastScrollData":{"toInde...
&amp#27;[35m[HTTP]&amp#27;[39m &amp#27;[37m<-- GET /wd/hub/session/d1a20ab4-32fe-4fdc-ae18-bcb48c47c1d7 &amp#27;[39m&amp#27;[32m200&amp#27;[39m &amp#27;[90m31 ms - 1128&amp#27;[39m
&amp#27;[35m[HTTP]&amp#27;[39m &amp#27;[90m&amp#27;[39m
&amp#27;[35m[HTTP]&amp#27;[39m &amp#27;[37m-->&amp#27;[39m &amp#27;[37mGET&amp#27;[39m &amp#27;[37m/wd/hub/session/d1a20ab4-32fe-4fdc-ae18-bcb48c47c1d7&amp#27;[39m
&amp#27;[35m[HTTP]&amp#27;[39m &amp#27;[90m{}&amp#27;[39m
[debug] &amp#27;[35m[W3C (d1a20ab4)]&amp#27;[39m Calling AppiumDriver.getSession() with args: ["d1a20ab4-32fe-4fdc-ae18-bcb48c47c1d7"]
[debug] &amp#27;[35m[UiAutomator2]&amp#27;[39m Getting session details from server to mix in
[debug] &amp#27;[35m[WD Proxy]&amp#27;[39m Matched '/' to command name 'getSession'
[debug] &amp#27;[35m[WD Proxy]&amp#27;[39m Proxying [GET /] to [GET http://127.0.0.1:8202/wd/hub/session/fd94e242-15bb-4015-b8bb-0ed9c10f6d94] with no body
[debug] &amp#27;[35m[WD Proxy]&amp#27;[39m Got response with status 200: {"sessionId":"fd94e242-15bb-4015-b8bb-0ed9c10f6d94","value":{"lastScrollData":{"toIndex":-1,"maxScrollY":2299,"maxScrollX":0,"scrollY":1626,"scrollX":0,"fromIndex":-1,"itemCount":-1}}}
[debug] &amp#27;[35m[W3C (d1a20ab4)]&amp#27;[39m Responding to client with driver.getSession() result: {"platform":"LINUX","webStorageEnabled":false,"takesScreenshot":true,"javascriptEnabled":true,"databaseEnabled":false,"networkConnectionEnabled":true,"locationContextEnabled":false,"warnings":{},"desired":{"platformName":"android","app":"./Resourses/in.workindia.apk","appActivity":"in.workindia.nileshdungarwal.workindiaandroid.RegisterActivity","appPackage":"in.workindia.nileshdungarwal.workindiaandroid","deviceName":"emulator-5554","platformVersion":"8.1"},"platformName":"android","app":"./Resourses/in.workindia.apk","appActivity":"in.workindia.nileshdungarwal.workindiaandroid.RegisterActivity","appPackage":"in.workindia.nileshdungarwal.workindiaandroid","deviceName":"emulator-5554","platformVersion":"8.1.0","deviceUDID":"emulator-5554","deviceApiLevel":27,"deviceScreenSize":"1080x2160","deviceScreenDensity":440,"deviceModel":"Android SDK built for x86","deviceManufacturer":"Google","pixelRatio":2.75,"statBarHeight":66,"viewportRect":{"left":0,"top":66,"width":1080,"height":1962},"lastScrollData":{"toInde...
&amp#27;[35m[HTTP]&amp#27;[39m &amp#27;[37m<-- GET /wd/hub/session/d1a20ab4-32fe-4fdc-ae18-bcb48c47c1d7 &amp#27;[39m&amp#27;[32m200&amp#27;[39m &amp#27;[90m12 ms - 1128&amp#27;[39m
&amp#27;[35m[HTTP]&amp#27;[39m &amp#27;[90m&amp#27;[39m
&amp#27;[35m[HTTP]&amp#27;[39m &amp#27;[37m-->&amp#27;[39m &amp#27;[37mGET&amp#27;[39m &amp#27;[37m/wd/hub/session/d1a20ab4-32fe-4fdc-ae18-bcb48c47c1d7&amp#27;[39m
&amp#27;[35m[HTTP]&amp#27;[39m &amp#27;[90m{}&amp#27;[39m
[debug] &amp#27;[35m[W3C (d1a20ab4)]&amp#27;[39m Calling AppiumDriver.getSession() with args: ["d1a20ab4-32fe-4fdc-ae18-bcb48c47c1d7"]
[debug] &amp#27;[35m[UiAutomator2]&amp#27;[39m Getting session details from server to mix in
[debug] &amp#27;[35m[WD Proxy]&amp#27;[39m Matched '/' to command name 'getSession'
[debug] &amp#27;[35m[WD Proxy]&amp#27;[39m Proxying [GET /] to [GET http://127.0.0.1:8202/wd/hub/session/fd94e242-15bb-4015-b8bb-0ed9c10f6d94] with no body
[debug] &amp#27;[35m[WD Proxy]&amp#27;[39m Got response with status 200: {"sessionId":"fd94e242-15bb-4015-b8bb-0ed9c10f6d94","value":{"lastScrollData":{"toIndex":-1,"maxScrollY":2299,"maxScrollX":0,"scrollY":1626,"scrollX":0,"fromIndex":-1,"itemCount":-1}}}
[debug] &amp#27;[35m[W3C (d1a20ab4)]&amp#27;[39m Responding to client with driver.getSession() result: {"platform":"LINUX","webStorageEnabled":false,"takesScreenshot":true,"javascriptEnabled":true,"databaseEnabled":false,"networkConnectionEnabled":true,"locationContextEnabled":false,"warnings":{},"desired":{"platformName":"android","app":"./Resourses/in.workindia.apk","appActivity":"in.workindia.nileshdungarwal.workindiaandroid.RegisterActivity","appPackage":"in.workindia.nileshdungarwal.workindiaandroid","deviceName":"emulator-5554","platformVersion":"8.1"},"platformName":"android","app":"./Resourses/in.workindia.apk","appActivity":"in.workindia.nileshdungarwal.workindiaandroid.RegisterActivity","appPackage":"in.workindia.nileshdungarwal.workindiaandroid","deviceName":"emulator-5554","platformVersion":"8.1.0","deviceUDID":"emulator-5554","deviceApiLevel":27,"deviceScreenSize":"1080x2160","deviceScreenDensity":440,"deviceModel":"Android SDK built for x86","deviceManufacturer":"Google","pixelRatio":2.75,"statBarHeight":66,"viewportRect":{"left":0,"top":66,"width":1080,"height":1962},"lastScrollData":{"toInde...
&amp#27;[35m[HTTP]&amp#27;[39m &amp#27;[37m<-- GET /wd/hub/session/d1a20ab4-32fe-4fdc-ae18-bcb48c47c1d7 &amp#27;[39m&amp#27;[32m200&amp#27;[39m &amp#27;[90m9 ms - 1128&amp#27;[39m
&amp#27;[35m[HTTP]&amp#27;[39m &amp#27;[90m&amp#27;[39m
&amp#27;[35m[HTTP]&amp#27;[39m &amp#27;[37m-->&amp#27;[39m &amp#27;[37mPOST&amp#27;[39m &amp#27;[37m/wd/hub/session/d1a20ab4-32fe-4fdc-ae18-bcb48c47c1d7/element&amp#27;[39m
&amp#27;[35m[HTTP]&amp#27;[39m &amp#27;[90m{"using":"id","value":"in.workindia.nileshdungarwal.workindiaandroid:id/btn_english"}&amp#27;[39m
[debug] &amp#27;[35m[W3C (d1a20ab4)]&amp#27;[39m Calling AppiumDriver.findElement() with args: ["id","in.workindia.nileshdungarwal.workindiaandroid:id/btn_english","d1a20ab4-32fe-4fdc-ae18-bcb48c47c1d7"]
[debug] &amp#27;[35m[BaseDriver]&amp#27;[39m Valid locator strategies for this request: xpath, id, class name, accessibility id, css selector, -android uiautomator
[debug] &amp#27;[35m[BaseDriver]&amp#27;[39m Waiting up to 50000 ms for condition
[debug] &amp#27;[35m[WD Proxy]&amp#27;[39m Matched '/element' to command name 'findElement'
[debug] &amp#27;[35m[WD Proxy]&amp#27;[39m Proxying [POST /element] to [POST http://127.0.0.1:8202/wd/hub/session/fd94e242-15bb-4015-b8bb-0ed9c10f6d94/element] with body: {"strategy":"id","selector":"in.workindia.nileshdungarwal.workindiaandroid:id/btn_english","context":"","multiple":false}
&amp#27;[35m[WD Proxy]&amp#27;[39m Got response with status 404: {"sessionId":"fd94e242-15bb-4015-b8bb-0ed9c10f6d94","value":{"error":"no such element","message":"An element could not be located on the page using the given search parameters","stacktrace":"io.appium.uiautomator2.common.exceptions.ElementNotFoundException: An element could not be located on the page using the given search parameters\n\tat io.appium.uiautomator2.handler.FindElement.safeHandle(FindElement.java:73)\n\tat io.appium.uiautomator2.handler.request.SafeRequestHandler.handle(SafeRequestHandler.java:41)\n\tat io.appium.uiautomator2.server.AppiumServlet.handleRequest(AppiumServlet.java:261)\n\tat io.appium.uiautomator2.server.AppiumServlet.handleHttpRequest(AppiumServlet.java:255)\n\tat io.appium.uiautomator2.http.ServerHandler.channelRead(ServerHandler.java:68)\n\tat io.netty.channel.AbstractChannelHandlerContext.invokeChannelRead(AbstractChannelHandlerContext.java:366)\n\tat io.netty.channel.AbstractChannelHandlerContext.invokeChannelRead(AbstractChannelHandlerContext.java:352)\n\tat io.netty.chann...
[debug] &amp#27;[35m[W3C]&amp#27;[39m Matched W3C error code 'no such element' to NoSuchElementError
[debug] &amp#27;[35m[BaseDriver]&amp#27;[39m Waited for 55 ms so far
[debug] &amp#27;[35m[WD Proxy]&amp#27;[39m Matched '/element' to command name 'findElement'
[debug] &amp#27;[35m[WD Proxy]&amp#27;[39m Proxying [POST /element] to [POST http://127.0.0.1:8202/wd/hub/session/fd94e242-15bb-4015-b8bb-0ed9c10f6d94/element] with body: {"strategy":"id","selector":"in.workindia.nileshdungarwal.workindiaandroid:id/btn_english","context":"","multiple":false}
[debug] &amp#27;[35m[WD Proxy]&amp#27;[39m Got response with status 200: {"sessionId":"fd94e242-15bb-4015-b8bb-0ed9c10f6d94","value":{"ELEMENT":"7d8d093f-5af1-454e-95b6-74fed2cec2df","element-6066-11e4-a52e-4f735466cecf":"7d8d093f-5af1-454e-95b6-74fed2cec2df"}}
[debug] &amp#27;[35m[W3C (d1a20ab4)]&amp#27;[39m Responding to client with driver.findElement() result: {"element-6066-11e4-a52e-4f735466cecf":"7d8d093f-5af1-454e-95b6-74fed2cec2df","ELEMENT":"7d8d093f-5af1-454e-95b6-74fed2cec2df"}
&amp#27;[35m[HTTP]&amp#27;[39m &amp#27;[37m<-- POST /wd/hub/session/d1a20ab4-32fe-4fdc-ae18-bcb48c47c1d7/element &amp#27;[39m&amp#27;[32m200&amp#27;[39m &amp#27;[90m1140 ms - 137&amp#27;[39m
&amp#27;[35m[HTTP]&amp#27;[39m &amp#27;[90m&amp#27;[39m
&amp#27;[35m[HTTP]&amp#27;[39m &amp#27;[37m-->&amp#27;[39m &amp#27;[37mPOST&amp#27;[39m &amp#27;[37m/wd/hub/session/d1a20ab4-32fe-4fdc-ae18-bcb48c47c1d7/element/7d8d093f-5af1-454e-95b6-74fed2cec2df/click&amp#27;[39m
&amp#27;[35m[HTTP]&amp#27;[39m &amp#27;[90m{"id":"7d8d093f-5af1-454e-95b6-74fed2cec2df"}&amp#27;[39m
[debug] &amp#27;[35m[W3C (d1a20ab4)]&amp#27;[39m Calling AppiumDriver.click() with args: ["7d8d093f-5af1-454e-95b6-74fed2cec2df","d1a20ab4-32fe-4fdc-ae18-bcb48c47c1d7"]
[debug] &amp#27;[35m[WD Proxy]&amp#27;[39m Matched '/element/7d8d093f-5af1-454e-95b6-74fed2cec2df/click' to command name 'click'
[debug] &amp#27;[35m[WD Proxy]&amp#27;[39m Proxying [POST /element/7d8d093f-5af1-454e-95b6-74fed2cec2df/click] to [POST http://127.0.0.1:8202/wd/hub/session/fd94e242-15bb-4015-b8bb-0ed9c10f6d94/element/7d8d093f-5af1-454e-95b6-74fed2cec2df/click] with body: {"element":"7d8d093f-5af1-454e-95b6-74fed2cec2df"}
[debug] &amp#27;[35m[WD Proxy]&amp#27;[39m Got response with status 200: {"sessionId":"fd94e242-15bb-4015-b8bb-0ed9c10f6d94","value":null}
[debug] &amp#27;[35m[W3C (d1a20ab4)]&amp#27;[39m Responding to client with driver.click() result: null
&amp#27;[35m[HTTP]&amp#27;[39m &amp#27;[37m<-- POST /wd/hub/session/d1a20ab4-32fe-4fdc-ae18-bcb48c47c1d7/element/7d8d093f-5af1-454e-95b6-74fed2cec2df/click &amp#27;[39m&amp#27;[32m200&amp#27;[39m &amp#27;[90m527 ms - 14&amp#27;[39m
&amp#27;[35m[HTTP]&amp#27;[39m &amp#27;[90m&amp#27;[39m
&amp#27;[35m[HTTP]&amp#27;[39m &amp#27;[37m-->&amp#27;[39m &amp#27;[37mPOST&amp#27;[39m &amp#27;[37m/wd/hub/session/d1a20ab4-32fe-4fdc-ae18-bcb48c47c1d7/timeouts&amp#27;[39m
&amp#27;[35m[HTTP]&amp#27;[39m &amp#27;[90m{"implicit":50000}&amp#27;[39m
[debug] &amp#27;[35m[W3C (d1a20ab4)]&amp#27;[39m Calling AppiumDriver.timeouts() with args: [null,null,null,null,50000,"d1a20ab4-32fe-4fdc-ae18-bcb48c47c1d7"]
[debug] &amp#27;[35m[BaseDriver]&amp#27;[39m W3C timeout argument: {"implicit":50000}}
[debug] &amp#27;[35m[BaseDriver]&amp#27;[39m Set implicit wait to 50000ms
[debug] &amp#27;[35m[W3C (d1a20ab4)]&amp#27;[39m Responding to client with driver.timeouts() result: null
&amp#27;[35m[HTTP]&amp#27;[39m &amp#27;[37m<-- POST /wd/hub/session/d1a20ab4-32fe-4fdc-ae18-bcb48c47c1d7/timeouts &amp#27;[39m&amp#27;[32m200&amp#27;[39m &amp#27;[90m2 ms - 14&amp#27;[39m
&amp#27;[35m[HTTP]&amp#27;[39m &amp#27;[90m&amp#27;[39m
&amp#27;[35m[HTTP]&amp#27;[39m &amp#27;[37m-->&amp#27;[39m &amp#27;[37mDELETE&amp#27;[39m &amp#27;[37m/wd/hub/session/d1a20ab4-32fe-4fdc-ae18-bcb48c47c1d7&amp#27;[39m
&amp#27;[35m[HTTP]&amp#27;[39m &amp#27;[90m{}&amp#27;[39m
[debug] &amp#27;[35m[W3C (d1a20ab4)]&amp#27;[39m Calling AppiumDriver.deleteSession() with args: ["d1a20ab4-32fe-4fdc-ae18-bcb48c47c1d7"]
[debug] &amp#27;[35m[BaseDriver]&amp#27;[39m Event 'quitSessionRequested' logged at 1610626521897 (17:45:21 GMT+0530 (India Standard Time))
&amp#27;[35m[Appium]&amp#27;[39m Removing session d1a20ab4-32fe-4fdc-ae18-bcb48c47c1d7 from our master session list
[debug] &amp#27;[35m[UiAutomator2]&amp#27;[39m Deleting UiAutomator2 session
[debug] &amp#27;[35m[UiAutomator2]&amp#27;[39m Deleting UiAutomator2 server session
[debug] &amp#27;[35m[WD Proxy]&amp#27;[39m Matched '/' to command name 'deleteSession'
[debug] &amp#27;[35m[WD Proxy]&amp#27;[39m Proxying [DELETE /] to [DELETE http://127.0.0.1:8202/wd/hub/session/fd94e242-15bb-4015-b8bb-0ed9c10f6d94] with no body
[debug] &amp#27;[35m[WD Proxy]&amp#27;[39m Got response with status 200: {"sessionId":"fd94e242-15bb-4015-b8bb-0ed9c10f6d94","value":null}
[debug] &amp#27;[35m[ADB]&amp#27;[39m Running 'C:\Users\saurabhkumar04\AppData\Local\Android\Sdk\platform-tools\adb.exe -P 5037 -s emulator-5554 shell am force-stop in.workindia.nileshdungarwal.workindiaandroid'
[debug] &amp#27;[35m[Logcat]&amp#27;[39m Stopping logcat capture
[debug] &amp#27;[35m[ADB]&amp#27;[39m Removing forwarded port socket connection: 8202 
[debug] &amp#27;[35m[ADB]&amp#27;[39m Running 'C:\Users\saurabhkumar04\AppData\Local\Android\Sdk\platform-tools\adb.exe -P 5037 -s emulator-5554 forward --remove tcp:8202'
[debug] &amp#27;[35m[BaseDriver]&amp#27;[39m Event 'quitSessionFinished' logged at 1610626522096 (17:45:22 GMT+0530 (India Standard Time))
[debug] &amp#27;[35m[W3C (d1a20ab4)]&amp#27;[39m Received response: null
[debug] &amp#27;[35m[W3C (d1a20ab4)]&amp#27;[39m But deleting session, so not returning
[debug] &amp#27;[35m[W3C (d1a20ab4)]&amp#27;[39m Responding to client with driver.deleteSession() result: null
[debug] &amp#27;[35m[W3C (d1a20ab4)]&amp#27;[39m Destroying socket connection

  @FinalRegistration
  Scenario Outline: User Filling General Details                                                      # MainPage.feature:40
    Given User has already on Registration page                                                       # MainpageStepDef.user_has_already_on_Registration_page()
    When User enter the "Saurabh Soni" and "1234567890"                                               # MainpageStepDef.user_enter_the_and(String,String)
    And User click on Submit button                                                                   # MainpageStepDef.user_click_on_Submit_button()
    And User will Select the city                                                                     # MainpageStepDef.user_will_Select_the_city()
    And User will enter the nearest "Karol Bagh"                                                      # MainpageStepDef.user_will_enter_the_nearest(String)
    Then User will click on Submit button                                                             # MainpageStepDef.user_will_click_on_Submit_button()
    Then User will select the Gender , User chooses the qualification , User select the school medium # MainpageStepDef.user_will_select_the_Gender_User_chooses_the_qualification_User_select_the_school_medium()
    Then User select the english fluency                                                              # MainpageStepDef.user_select_the_english_fluency()
    Then User select the experience and User select the age                                           # MainpageStepDef.user_select_the_experience_and_User_select_the_age()
    Then User chooses the interest area                                                               # MainpageStepDef.user_chooses_the_interest_area()
    Then User will click on Submit btn                                                                # MainpageStepDef.user_will_click_on_Submit_btn()
    Then User will click on Specialization                                                            # MainpageStepDef.user_will_click_on_Specialization()
    Then User will select the specialiazation He Has                                                  # MainpageStepDef.user_will_select_the_specialiazation_He_Has()
    Then User will click on Specialization Submit button                                              # MainpageStepDef.user_will_click_on_Specialization_Submit_button()
    Then User will click on Degree                                                                    # MainpageStepDef.user_will_click_on_Degree()
    Then User will Select the Degree He Has                                                           # MainpageStepDef.user_will_Select_the_Degree_He_Has()
    Then User will Click On Degree Submit button                                                      # MainpageStepDef.user_will_Click_On_Degree_Submit_button()
    Then User will Select Language of his/her Choice                                                  # MainpageStepDef.user_will_Select_Language_of_his_her_Choice()
]]></system-out>
    <system-err><![CDATA[Jan 14, 2021 5:44:25 PM io.appium.java_client.remote.AppiumCommandExecutor$1 lambda$0
INFO: Detected dialect: W3C
Jan 14, 2021 5:44:49 PM io.appium.java_client.remote.AppiumCommandExecutor$1 lambda$0
INFO: Detected dialect: W3C
]]></system-err>
  </testcase>
  <testcase name="feature[Update Profile WorkIndia Application](3)" classname="Runner.RunnerClass" time="50.382">
    <system-out><![CDATA[Feature: Update Profile WorkIndia Application

  @UpdateProfile
  Scenario Outline: User Filling General Details to Update Profile                                    # UpdateProfile.feature:4
    Given User has already on Registration page
    When User enter the "<Name>" and "<PhoneNumber>"
    And User click on Submit button
    And User will Select the city
    And User will enter the nearest "<location>"
    Then User will click on Submit button
    Then User will select the Gender , User chooses the qualification , User select the school medium
    Then User select the english fluency
    Then User select the experience and User select the age
    Then User chooses the interest area
    Then User will click on Submit btn
    Then User will click on Specialization
    Then User will select the specialiazation He Has
    Then User will click on Specialization Submit button
    Then User will click on Degree
    Then User will Select the Degree He Has
    Then User will Click On Degree Submit button
    Then User will Select Language of his/her Choice
    Then User will Click on Profile Icon, User Will Click On My Profile Icon
    Then User Will Select School Medium
    Then User Will Select Qualification
    Then User will click on Back button

    Examples: 
&amp#27;[35m[Appium]&amp#27;[39m Welcome to Appium v1.19.1
&amp#27;[35m[Appium]&amp#27;[39m Appium REST http interface listener started on 0.0.0.0:4723
&amp#27;[35m[HTTP]&amp#27;[39m &amp#27;[37m-->&amp#27;[39m &amp#27;[37mGET&amp#27;[39m &amp#27;[37m/wd/hub/status&amp#27;[39m
&amp#27;[35m[HTTP]&amp#27;[39m &amp#27;[90m{}&amp#27;[39m
[debug] &amp#27;[35m[GENERIC]&amp#27;[39m Calling AppiumDriver.getStatus() with args: []
[debug] &amp#27;[35m[GENERIC]&amp#27;[39m Responding to client with driver.getStatus() result: {"build":{"version":"1.19.1"}}
&amp#27;[35m[HTTP]&amp#27;[39m &amp#27;[37m<-- GET /wd/hub/status &amp#27;[39m&amp#27;[32m200&amp#27;[39m &amp#27;[90m8 ms - 68&amp#27;[39m
&amp#27;[35m[HTTP]&amp#27;[39m &amp#27;[90m&amp#27;[39m
&amp#27;[35m[HTTP]&amp#27;[39m &amp#27;[37m-->&amp#27;[39m &amp#27;[37mPOST&amp#27;[39m &amp#27;[37m/wd/hub/session&amp#27;[39m
&amp#27;[35m[HTTP]&amp#27;[39m &amp#27;[90m{"desiredCapabilities":{"app":"./Resourses/in.workindia.apk","appActivity":"in.workindia.nileshdungarwal.workindiaandroid.RegisterActivity","appPackage":"in.workindia.nileshdungarwal.workindiaandroid","platformVersion":"8.1","platformName":"Android","deviceName":"emulator-5554"},"capabilities":{"alwaysMatch":{"appium:app":"./Resourses/in.workindia.apk","appium:appActivity":"in.workindia.nileshdungarwal.workindiaandroid.RegisterActivity","appium:appPackage":"in.workindia.nileshdungarwal.workindiaandroid","appium:deviceName":"emulator-5554","platformName":"android","appium:platformVersion":"8.1"},"firstMatch":[{}]}}&amp#27;[39m
[debug] &amp#27;[35m[W3C]&amp#27;[39m Calling AppiumDriver.createSession() with args: [{"app":"./Resourses/in.workindia.apk","appActivity":"in.workindia.nileshdungarwal.workindiaandroid.RegisterActivity","appPackage":"in.workindia.nileshdungarwal.workindiaandroid","platformVersion":"8.1","platformName":"Android","deviceName":"emulator-5554"},null,{"alwaysMatch":{"appium:app":"./Resourses/in.workindia.apk","appium:appActivity":"in.workindia.nileshdungarwal.workindiaandroid.RegisterActivity","appium:appPackage":"in.workindia.nileshdungarwal.workindiaandroid","appium:deviceName":"emulator-5554","platformName":"android","appium:platformVersion":"8.1"},"firstMatch":[{}]}]
[debug] &amp#27;[35m[BaseDriver]&amp#27;[39m Event 'newSessionRequested' logged at 1610626525101 (17:45:25 GMT+0530 (India Standard Time))
&amp#27;[35m[Appium]&amp#27;[39m 
&amp#27;[35m[Appium]&amp#27;[39m ======================================================================
&amp#27;[35m[Appium]&amp#27;[39m   DEPRECATION WARNING:
&amp#27;[35m[Appium]&amp#27;[39m 
&amp#27;[35m[Appium]&amp#27;[39m   The 'automationName' capability was not provided in the desired 
&amp#27;[35m[Appium]&amp#27;[39m   capabilities for this Android session
&amp#27;[35m[Appium]&amp#27;[39m 
&amp#27;[35m[Appium]&amp#27;[39m   Setting 'automationName=UiAutomator2' by default and using the 
&amp#27;[35m[Appium]&amp#27;[39m   UiAutomator2 Driver
&amp#27;[35m[Appium]&amp#27;[39m 
&amp#27;[35m[Appium]&amp#27;[39m   The next major version of Appium (2.x) will **require** the 
&amp#27;[35m[Appium]&amp#27;[39m   'automationName' capability to be set for all sessions on all 
&amp#27;[35m[Appium]&amp#27;[39m   platforms
&amp#27;[35m[Appium]&amp#27;[39m 
&amp#27;[35m[Appium]&amp#27;[39m   In previous versions (Appium <= 1.13.x), the default was 
&amp#27;[35m[Appium]&amp#27;[39m   'automationName=UiAutomator1'
&amp#27;[35m[Appium]&amp#27;[39m 
&amp#27;[35m[Appium]&amp#27;[39m   If you wish to use that automation instead of UiAutomator2, please 
&amp#27;[35m[Appium]&amp#27;[39m   add 'automationName=UiAutomator1' to your desired capabilities
&amp#27;[35m[Appium]&amp#27;[39m 
&amp#27;[35m[Appium]&amp#27;[39m   For more information about drivers, please visit 
&amp#27;[35m[Appium]&amp#27;[39m   http://appium.io/docs/en/about-appium/intro/ and explore the 
&amp#27;[35m[Appium]&amp#27;[39m   'Drivers' menu
&amp#27;[35m[Appium]&amp#27;[39m 
&amp#27;[35m[Appium]&amp#27;[39m ======================================================================
&amp#27;[35m[Appium]&amp#27;[39m 
&amp#27;[35m[Appium]&amp#27;[39m Appium v1.19.1 creating new AndroidUiautomator2Driver (v1.59.0) session
[debug] &amp#27;[35m[BaseDriver]&amp#27;[39m W3C capabilities and MJSONWP desired capabilities were provided
[debug] &amp#27;[35m[BaseDriver]&amp#27;[39m Creating session with W3C capabilities: {
[debug] &amp#27;[35m[BaseDriver]&amp#27;[39m   "alwaysMatch": {
[debug] &amp#27;[35m[BaseDriver]&amp#27;[39m     "platformName": "android",
[debug] &amp#27;[35m[BaseDriver]&amp#27;[39m     "appium:app": "./Resourses/in.workindia.apk",
[debug] &amp#27;[35m[BaseDriver]&amp#27;[39m     "appium:appActivity": "in.workindia.nileshdungarwal.workindiaandroid.RegisterActivity",
[debug] &amp#27;[35m[BaseDriver]&amp#27;[39m     "appium:appPackage": "in.workindia.nileshdungarwal.workindiaandroid",
[debug] &amp#27;[35m[BaseDriver]&amp#27;[39m     "appium:deviceName": "emulator-5554",
[debug] &amp#27;[35m[BaseDriver]&amp#27;[39m     "appium:platformVersion": "8.1"
[debug] &amp#27;[35m[BaseDriver]&amp#27;[39m   },
[debug] &amp#27;[35m[BaseDriver]&amp#27;[39m   "firstMatch": [
[debug] &amp#27;[35m[BaseDriver]&amp#27;[39m     {}
[debug] &amp#27;[35m[BaseDriver]&amp#27;[39m   ]
[debug] &amp#27;[35m[BaseDriver]&amp#27;[39m }
&amp#27;[35m[BaseDriver]&amp#27;[39m Session created with session id: 937ebac4-1fbd-4d9f-95d1-e813d5888f9d
&amp#27;[35m[BaseDriver]&amp#27;[39m Using local app './Resourses/in.workindia.apk'
&amp#27;[35m[BaseDriver]&amp#27;[39m The current application path './Resourses/in.workindia.apk' is not absolute and has been rewritten to 'C:\Users\saurabhkumar04\Downloads\WorkIndiaPractise (3)\WorkIndiaPractise\Resourses\in.workindia.apk'. Consider using absolute paths rather than relative
[debug] &amp#27;[35m[UiAutomator2]&amp#27;[39m Checking whether app is actually present
&amp#27;[35m[ADB]&amp#27;[39m Found 1 'build-tools' folders under 'C:\Users\saurabhkumar04\AppData\Local\Android\Sdk' (newest first):
&amp#27;[35m[ADB]&amp#27;[39m     C:/Users/saurabhkumar04/AppData/Local/Android/Sdk/build-tools/30.0.3
&amp#27;[35m[ADB]&amp#27;[39m Using 'adb.exe' from 'C:\Users\saurabhkumar04\AppData\Local\Android\Sdk\platform-tools\adb.exe'
[debug] &amp#27;[35m[ADB]&amp#27;[39m Running 'C:\Users\saurabhkumar04\AppData\Local\Android\Sdk\platform-tools\adb.exe -P 5037 start-server'
&amp#27;[35m[AndroidDriver]&amp#27;[39m Retrieving device list
[debug] &amp#27;[35m[ADB]&amp#27;[39m Trying to find a connected android device
[debug] &amp#27;[35m[ADB]&amp#27;[39m Getting connected devices
[debug] &amp#27;[35m[ADB]&amp#27;[39m Connected devices: [{"udid":"emulator-5554","state":"device"}]
&amp#27;[35m[AndroidDriver]&amp#27;[39m Looking for a device with Android '8.1.0'
[debug] &amp#27;[35m[ADB]&amp#27;[39m Setting device id to emulator-5554
&amp#27;[35m[ADB]&amp#27;[39m Getting device platform version
[debug] &amp#27;[35m[ADB]&amp#27;[39m Running 'C:\Users\saurabhkumar04\AppData\Local\Android\Sdk\platform-tools\adb.exe -P 5037 -s emulator-5554 shell getprop ro.build.version.release'
[debug] &amp#27;[35m[ADB]&amp#27;[39m Current device property 'ro.build.version.release': 8.1.0
&amp#27;[35m[AndroidDriver]&amp#27;[39m Using device: emulator-5554
&amp#27;[35m[ADB]&amp#27;[39m Using 'adb.exe' from 'C:\Users\saurabhkumar04\AppData\Local\Android\Sdk\platform-tools\adb.exe'
[debug] &amp#27;[35m[ADB]&amp#27;[39m Running 'C:\Users\saurabhkumar04\AppData\Local\Android\Sdk\platform-tools\adb.exe -P 5037 start-server'
[debug] &amp#27;[35m[ADB]&amp#27;[39m Setting device id to emulator-5554
[debug] &amp#27;[35m[ADB]&amp#27;[39m Running 'C:\Users\saurabhkumar04\AppData\Local\Android\Sdk\platform-tools\adb.exe -P 5037 -s emulator-5554 shell getprop ro.build.version.sdk'
[debug] &amp#27;[35m[ADB]&amp#27;[39m Current device property 'ro.build.version.sdk': 27
[debug] &amp#27;[35m[ADB]&amp#27;[39m Device API level: 27
[debug] &amp#27;[35m[ADB]&amp#27;[39m Running 'C:\Users\saurabhkumar04\AppData\Local\Android\Sdk\platform-tools\adb.exe -P 5037 -s emulator-5554 wait-for-device'
[debug] &amp#27;[35m[ADB]&amp#27;[39m Running 'C:\Users\saurabhkumar04\AppData\Local\Android\Sdk\platform-tools\adb.exe -P 5037 -s emulator-5554 shell echo ping'
[debug] &amp#27;[35m[AndroidDriver]&amp#27;[39m Pushing settings apk to device...
[debug] &amp#27;[35m[ADB]&amp#27;[39m Getting install status for io.appium.settings
[debug] &amp#27;[35m[ADB]&amp#27;[39m Running 'C:\Users\saurabhkumar04\AppData\Local\Android\Sdk\platform-tools\adb.exe -P 5037 -s emulator-5554 shell dumpsys package io.appium.settings'
[debug] &amp#27;[35m[ADB]&amp#27;[39m 'io.appium.settings' is installed
[debug] &amp#27;[35m[ADB]&amp#27;[39m Getting package info for 'io.appium.settings'
[debug] &amp#27;[35m[ADB]&amp#27;[39m Running 'C:\Users\saurabhkumar04\AppData\Local\Android\Sdk\platform-tools\adb.exe -P 5037 -s emulator-5554 shell dumpsys package io.appium.settings'
[debug] &amp#27;[35m[ADB]&amp#27;[39m The version name of the installed 'io.appium.settings' is greater or equal to the application version name ('3.2.1' >= '3.2.1')
[debug] &amp#27;[35m[ADB]&amp#27;[39m There is no need to install/upgrade 'C:\Users\saurabhkumar04\AppData\Roaming\npm\node_modules\appium\node_modules\io.appium.settings\apks\settings_apk-debug.apk'
[debug] &amp#27;[35m[ADB]&amp#27;[39m Getting IDs of all 'io.appium.settings' processes
[debug] &amp#27;[35m[ADB]&amp#27;[39m Running 'C:\Users\saurabhkumar04\AppData\Local\Android\Sdk\platform-tools\adb.exe -P 5037 -s emulator-5554 shell 'pgrep --help; echo $?''
[debug] &amp#27;[35m[ADB]&amp#27;[39m Running 'C:\Users\saurabhkumar04\AppData\Local\Android\Sdk\platform-tools\adb.exe -P 5037 -s emulator-5554 shell pgrep -f \(\[\[:blank:\]\]\|\^\)io\.appium\.settings\(\[\[:blank:\]\]\|\$\)'
[debug] &amp#27;[35m[AndroidDriver]&amp#27;[39m io.appium.settings is already running. There is no need to reset its permissions.
[debug] &amp#27;[35m[Logcat]&amp#27;[39m Starting logs capture with command: C:\\Users\\saurabhkumar04\\AppData\\Local\\Android\\Sdk\\platform-tools\\adb.exe -P 5037 -s emulator-5554 logcat -v threadtime
[debug] &amp#27;[35m[UiAutomator2]&amp#27;[39m Forwarding UiAutomator2 Server port 6790 to local port 8202
[debug] &amp#27;[35m[ADB]&amp#27;[39m Forwarding system: 8202 to device: 6790
[debug] &amp#27;[35m[ADB]&amp#27;[39m Running 'C:\Users\saurabhkumar04\AppData\Local\Android\Sdk\platform-tools\adb.exe -P 5037 -s emulator-5554 forward tcp:8202 tcp:6790'
[debug] &amp#27;[35m[ADB]&amp#27;[39m Getting install status for io.appium.uiautomator2.server
[debug] &amp#27;[35m[ADB]&amp#27;[39m Running 'C:\Users\saurabhkumar04\AppData\Local\Android\Sdk\platform-tools\adb.exe -P 5037 -s emulator-5554 shell dumpsys package io.appium.uiautomator2.server'
[debug] &amp#27;[35m[ADB]&amp#27;[39m 'io.appium.uiautomator2.server' is installed
[debug] &amp#27;[35m[ADB]&amp#27;[39m Getting package info for 'io.appium.uiautomator2.server'
[debug] &amp#27;[35m[ADB]&amp#27;[39m Running 'C:\Users\saurabhkumar04\AppData\Local\Android\Sdk\platform-tools\adb.exe -P 5037 -s emulator-5554 shell dumpsys package io.appium.uiautomator2.server'
[debug] &amp#27;[35m[ADB]&amp#27;[39m The version name of the installed 'io.appium.uiautomator2.server' is greater or equal to the application version name ('4.15.0' >= '4.15.0')
[debug] &amp#27;[35m[UiAutomator2]&amp#27;[39m io.appium.uiautomator2.server installation state: sameVersionInstalled
[debug] &amp#27;[35m[ADB]&amp#27;[39m Checking app cert for C:\Users\saurabhkumar04\AppData\Roaming\npm\node_modules\appium\node_modules\appium-uiautomator2-server\apks\appium-uiautomator2-server-v4.15.0.apk
&amp#27;[35m[ADB]&amp#27;[39m Using 'apksigner.jar' from 'C:\Users\saurabhkumar04\AppData\Local\Android\Sdk\build-tools\30.0.3\lib\apksigner.jar'
[debug] &amp#27;[35m[ADB]&amp#27;[39m Starting apksigner: 'C:\\Program Files\\Java\\jdk1.8.0_221\\bin\\java.exe' -Xmx1024M -Xss1m -jar C:\\Users\\saurabhkumar04\\AppData\\Local\\Android\\Sdk\\build-tools\\30.0.3\\lib\\apksigner.jar verify --print-certs C:\\Users\\saurabhkumar04\\AppData\\Roaming\\npm\\node_modules\\appium\\node_modules\\appium-uiautomator2-server\\apks\\appium-uiautomator2-server-v4.15.0.apk
[debug] &amp#27;[35m[ADB]&amp#27;[39m apksigner stdout: Signer #1 certificate DN: EMAILADDRESS=android@android.com, CN=Android, OU=Android, O=Android, L=Mountain View, ST=California, C=US
[debug] &amp#27;[35m[ADB]&amp#27;[39m Signer #1 certificate SHA-256 digest: a40da80a59d170caa950cf15c18c454d47a39b26989d8b640ecd745ba71bf5dc
[debug] &amp#27;[35m[ADB]&amp#27;[39m Signer #1 certificate SHA-1 digest: 61ed377e85d386a8dfee6b864bd85b0bfaa5af81
[debug] &amp#27;[35m[ADB]&amp#27;[39m Signer #1 certificate MD5 digest: e89b158e4bcf988ebd09eb83f5378e87
[debug] &amp#27;[35m[ADB]&amp#27;[39m 
[debug] &amp#27;[35m[ADB]&amp#27;[39m sha256 hash did match for 'appium-uiautomator2-server-v4.15.0.apk'
&amp#27;[35m[ADB]&amp#27;[39m 'C:\Users\saurabhkumar04\AppData\Roaming\npm\node_modules\appium\node_modules\appium-uiautomator2-server\apks\appium-uiautomator2-server-v4.15.0.apk' is signed with the default certificate
[debug] &amp#27;[35m[ADB]&amp#27;[39m Getting install status for io.appium.uiautomator2.server.test
[debug] &amp#27;[35m[ADB]&amp#27;[39m Running 'C:\Users\saurabhkumar04\AppData\Local\Android\Sdk\platform-tools\adb.exe -P 5037 -s emulator-5554 shell dumpsys package io.appium.uiautomator2.server.test'
[debug] &amp#27;[35m[ADB]&amp#27;[39m 'io.appium.uiautomator2.server.test' is installed
[debug] &amp#27;[35m[ADB]&amp#27;[39m Checking app cert for C:\Users\saurabhkumar04\AppData\Roaming\npm\node_modules\appium\node_modules\appium-uiautomator2-server\apks\appium-uiautomator2-server-debug-androidTest.apk
[debug] &amp#27;[35m[ADB]&amp#27;[39m Starting apksigner: 'C:\\Program Files\\Java\\jdk1.8.0_221\\bin\\java.exe' -Xmx1024M -Xss1m -jar C:\\Users\\saurabhkumar04\\AppData\\Local\\Android\\Sdk\\build-tools\\30.0.3\\lib\\apksigner.jar verify --print-certs C:\\Users\\saurabhkumar04\\AppData\\Roaming\\npm\\node_modules\\appium\\node_modules\\appium-uiautomator2-server\\apks\\appium-uiautomator2-server-debug-androidTest.apk
[debug] &amp#27;[35m[ADB]&amp#27;[39m apksigner stdout: Signer #1 certificate DN: EMAILADDRESS=android@android.com, CN=Android, OU=Android, O=Android, L=Mountain View, ST=California, C=US
[debug] &amp#27;[35m[ADB]&amp#27;[39m Signer #1 certificate SHA-256 digest: a40da80a59d170caa950cf15c18c454d47a39b26989d8b640ecd745ba71bf5dc
[debug] &amp#27;[35m[ADB]&amp#27;[39m Signer #1 certificate SHA-1 digest: 61ed377e85d386a8dfee6b864bd85b0bfaa5af81
[debug] &amp#27;[35m[ADB]&amp#27;[39m Signer #1 certificate MD5 digest: e89b158e4bcf988ebd09eb83f5378e87
[debug] &amp#27;[35m[ADB]&amp#27;[39m 
[debug] &amp#27;[35m[ADB]&amp#27;[39m sha256 hash did match for 'appium-uiautomator2-server-debug-androidTest.apk'
&amp#27;[35m[ADB]&amp#27;[39m 'C:\Users\saurabhkumar04\AppData\Roaming\npm\node_modules\appium\node_modules\appium-uiautomator2-server\apks\appium-uiautomator2-server-debug-androidTest.apk' is signed with the default certificate
&amp#27;[35m[UiAutomator2]&amp#27;[39m Server packages are not going to be (re)installed
[debug] &amp#27;[35m[UiAutomator2]&amp#27;[39m Waiting up to 30000ms for services to be available
[debug] &amp#27;[35m[ADB]&amp#27;[39m Running 'C:\Users\saurabhkumar04\AppData\Local\Android\Sdk\platform-tools\adb.exe -P 5037 -s emulator-5554 shell pm list instrumentation'
[debug] &amp#27;[35m[UiAutomator2]&amp#27;[39m Instrumentation target 'io.appium.uiautomator2.server.test/androidx.test.runner.AndroidJUnitRunner' is available
[debug] &amp#27;[35m[ADB]&amp#27;[39m Checking app cert for C:\Users\saurabhkumar04\Downloads\WorkIndiaPractise (3)\WorkIndiaPractise\Resourses\in.workindia.apk
[debug] &amp#27;[35m[ADB]&amp#27;[39m Starting apksigner: 'C:\\Program Files\\Java\\jdk1.8.0_221\\bin\\java.exe' -Xmx1024M -Xss1m -jar C:\\Users\\saurabhkumar04\\AppData\\Local\\Android\\Sdk\\build-tools\\30.0.3\\lib\\apksigner.jar verify --print-certs 'C:\\Users\\saurabhkumar04\\Downloads\\WorkIndiaPractise (3)\\WorkIndiaPractise\\Resourses\\in.workindia.apk'
[debug] &amp#27;[35m[ADB]&amp#27;[39m apksigner stdout: Signer #1 certificate DN: CN=Nilesh Dungarwal, OU=WorkIndia, O=WorkIndia, L=Mumbai, ST=Maharashtra, C=IN
[debug] &amp#27;[35m[ADB]&amp#27;[39m Signer #1 certificate SHA-256 digest: 0fdc1fed6cd07d2c4854153ee799955c35f5dd671743e3c4610c90914d2f7d32
[debug] &amp#27;[35m[ADB]&amp#27;[39m Signer #1 certificate SHA-1 digest: 2e328de1bc8d9844c8a7634fa66f9363c00f613d
[debug] &amp#27;[35m[ADB]&amp#27;[39m Signer #1 certificate MD5 digest: c47446d10c7a53d63b2f43c2e34ce656
[debug] &amp#27;[35m[ADB]&amp#27;[39m 
&amp#27;[35m[ADB]&amp#27;[39m 'C:\Users\saurabhkumar04\Downloads\WorkIndiaPractise (3)\WorkIndiaPractise\Resourses\in.workindia.apk' is signed with a non-default certificate
[debug] &amp#27;[35m[ADB]&amp#27;[39m Getting install status for in.workindia.nileshdungarwal.workindiaandroid
[debug] &amp#27;[35m[ADB]&amp#27;[39m Running 'C:\Users\saurabhkumar04\AppData\Local\Android\Sdk\platform-tools\adb.exe -P 5037 -s emulator-5554 shell dumpsys package in.workindia.nileshdungarwal.workindiaandroid'
[debug] &amp#27;[35m[ADB]&amp#27;[39m 'in.workindia.nileshdungarwal.workindiaandroid' is installed
[debug] &amp#27;[35m[ADB]&amp#27;[39m Getting package info for 'in.workindia.nileshdungarwal.workindiaandroid'
[debug] &amp#27;[35m[ADB]&amp#27;[39m Running 'C:\Users\saurabhkumar04\AppData\Local\Android\Sdk\platform-tools\adb.exe -P 5037 -s emulator-5554 shell dumpsys package in.workindia.nileshdungarwal.workindiaandroid'
[debug] &amp#27;[35m[ADB]&amp#27;[39m The version name of the installed 'in.workindia.nileshdungarwal.workindiaandroid' is greater or equal to the application version name ('4.1.1' >= '4.1.1')
[debug] &amp#27;[35m[ADB]&amp#27;[39m There is no need to install/upgrade 'C:\Users\saurabhkumar04\Downloads\WorkIndiaPractise (3)\WorkIndiaPractise\Resourses\in.workindia.apk'
&amp#27;[35m[AndroidDriver]&amp#27;[39m Performing fast reset on 'in.workindia.nileshdungarwal.workindiaandroid'
[debug] &amp#27;[35m[ADB]&amp#27;[39m Getting install status for in.workindia.nileshdungarwal.workindiaandroid
[debug] &amp#27;[35m[ADB]&amp#27;[39m Running 'C:\Users\saurabhkumar04\AppData\Local\Android\Sdk\platform-tools\adb.exe -P 5037 -s emulator-5554 shell dumpsys package in.workindia.nileshdungarwal.workindiaandroid'
[debug] &amp#27;[35m[ADB]&amp#27;[39m 'in.workindia.nileshdungarwal.workindiaandroid' is installed
[debug] &amp#27;[35m[ADB]&amp#27;[39m Running 'C:\Users\saurabhkumar04\AppData\Local\Android\Sdk\platform-tools\adb.exe -P 5037 -s emulator-5554 shell am force-stop in.workindia.nileshdungarwal.workindiaandroid'
[debug] &amp#27;[35m[ADB]&amp#27;[39m Running 'C:\Users\saurabhkumar04\AppData\Local\Android\Sdk\platform-tools\adb.exe -P 5037 -s emulator-5554 shell pm clear in.workindia.nileshdungarwal.workindiaandroid'
[debug] &amp#27;[35m[AndroidDriver]&amp#27;[39m Performed fast reset on the installed 'in.workindia.nileshdungarwal.workindiaandroid' application (stop and clear)
[debug] &amp#27;[35m[UiAutomator2]&amp#27;[39m Performing shallow cleanup of automation leftovers
[debug] &amp#27;[35m[UiAutomator2]&amp#27;[39m No obsolete sessions have been detected (socket hang up)
[debug] &amp#27;[35m[ADB]&amp#27;[39m Running 'C:\Users\saurabhkumar04\AppData\Local\Android\Sdk\platform-tools\adb.exe -P 5037 -s emulator-5554 shell am force-stop io.appium.uiautomator2.server.test'
&amp#27;[35m[UiAutomator2]&amp#27;[39m Starting UIAutomator2 server 4.15.0
&amp#27;[35m[UiAutomator2]&amp#27;[39m Using UIAutomator2 server from 'C:\Users\saurabhkumar04\AppData\Roaming\npm\node_modules\appium\node_modules\appium-uiautomator2-server\apks\appium-uiautomator2-server-v4.15.0.apk' and test from 'C:\Users\saurabhkumar04\AppData\Roaming\npm\node_modules\appium\node_modules\appium-uiautomator2-server\apks\appium-uiautomator2-server-debug-androidTest.apk'
&amp#27;[35m[UiAutomator2]&amp#27;[39m Waiting up to 30000ms for UiAutomator2 to be online...
[debug] &amp#27;[35m[ADB]&amp#27;[39m Creating ADB subprocess with args: ["-P",5037,"-s","emulator-5554","shell","am","instrument","-w","io.appium.uiautomator2.server.test/androidx.test.runner.AndroidJUnitRunner"]
[debug] &amp#27;[35m[Instrumentation]&amp#27;[39m io.appium.uiautomator2.server.test.AppiumUiAutomator2Server:
[debug] &amp#27;[35m[WD Proxy]&amp#27;[39m Matched '/status' to command name 'getStatus'
[debug] &amp#27;[35m[WD Proxy]&amp#27;[39m Proxying [GET /status] to [GET http://127.0.0.1:8202/wd/hub/status] with no body
&amp#27;[35m[WD Proxy]&amp#27;[39m socket hang up
[debug] &amp#27;[35m[WD Proxy]&amp#27;[39m Matched '/status' to command name 'getStatus'
[debug] &amp#27;[35m[WD Proxy]&amp#27;[39m Proxying [GET /status] to [GET http://127.0.0.1:8202/wd/hub/status] with no body
[debug] &amp#27;[35m[WD Proxy]&amp#27;[39m Got response with status 200: {"sessionId":"None","value":{"message":"UiAutomator2 Server is ready to accept commands","ready":true}}
[debug] &amp#27;[35m[UiAutomator2]&amp#27;[39m The initialization of the instrumentation process took 2147ms
[debug] &amp#27;[35m[WD Proxy]&amp#27;[39m Matched '/session' to command name 'createSession'
[debug] &amp#27;[35m[WD Proxy]&amp#27;[39m Proxying [POST /session] to [POST http://127.0.0.1:8202/wd/hub/session] with body: {"capabilities":{"firstMatch":[{"platform":"LINUX","webStorageEnabled":false,"takesScreenshot":true,"javascriptEnabled":true,"databaseEnabled":false,"networkConnectionEnabled":true,"locationContextEnabled":false,"warnings":{},"desired":{"platformName":"android","app":"./Resourses/in.workindia.apk","appActivity":"in.workindia.nileshdungarwal.workindiaandroid.RegisterActivity","appPackage":"in.workindia.nileshdungarwal.workindiaandroid","deviceName":"emulator-5554","platformVersion":"8.1"},"platformName":"android","app":"./Resourses/in.workindia.apk","appActivity":"in.workindia.nileshdungarwal.workindiaandroid.RegisterActivity","appPackage":"in.workindia.nileshdungarwal.workindiaandroid","deviceName":"emulator-5554","platformVersion":"8.1","deviceUDID":"emulator-5554"}],"alwaysMatch":{}}}
[debug] &amp#27;[35m[WD Proxy]&amp#27;[39m Got response with status 200: {"sessionId":"997a9288-92d3-4e25-813f-55acb27f291e","value":{"capabilities":{"firstMatch":[{"platform":"LINUX","webStorageEnabled":false,"takesScreenshot":true,"javascriptEnabled":true,"databaseEnabled":false,"networkConnectionEnabled":true,"locationContextEnabled":false,"warnings":{},"desired":{"platformName":"android","app":"./Resourses/in.workindia.apk","appActivity":"in.workindia.nileshdungarwal.workindiaandroid.RegisterActivity","appPackage":"in.workindia.nileshdungarwal.workindiaandroid","deviceName":"emulator-5554","platformVersion":"8.1"},"platformName":"android","app":"./Resourses/in.workindia.apk","appActivity":"in.workindia.nileshdungarwal.workindiaandroid.RegisterActivity","appPackage":"in.workindia.nileshdungarwal.workindiaandroid","deviceName":"emulator-5554","platformVersion":"8.1","deviceUDID":"emulator-5554"}],"alwaysMatch":{}},"sessionId":"997a9288-92d3-4e25-813f-55acb27f291e"}}
&amp#27;[35m[WD Proxy]&amp#27;[39m Determined the downstream protocol as 'W3C'
[debug] &amp#27;[35m[WD Proxy]&amp#27;[39m Proxying [GET /appium/device/info] to [GET http://127.0.0.1:8202/wd/hub/session/997a9288-92d3-4e25-813f-55acb27f291e/appium/device/info] with no body
[debug] &amp#27;[35m[WD Proxy]&amp#27;[39m Got response with status 200: {"sessionId":"997a9288-92d3-4e25-813f-55acb27f291e","value":{"androidId":"36ad8e858761607e","apiVersion":"27","bluetooth":null,"brand":"google","carrierName":"Android","displayDensity":440,"locale":"en_US","manufacturer":"Google","model":"Android SDK built for x86","networks":[{"capabilities":{"SSID":null,"linkDownBandwidthKbps":102400,"linkUpstreamBandwidthKbps":51200,"networkCapabilities":"NET_CAPABILITY_MMS,NET_CAPABILITY_SUPL,NET_CAPABILITY_DUN,NET_CAPABILITY_FOTA,NET_CAPABILITY_IMS,NET_CAPABILITY_CBS,NET_CAPABILITY_IA,NET_CAPABILITY_INTERNET,NET_CAPABILITY_NOT_RESTRICTED,NET_CAPABILITY_TRUSTED,NET_CAPABILITY_NOT_VPN,NET_CAPABILITY_VALIDATED","signalStrength":-2147483648,"transportTypes":"TRANSPORT_CELLULAR"},"detailedState":"CONNECTED","extraInfo":"epc.tmobile.com","isAvailable":true,"isConnected":true,"isFailover":false,"isRoaming":false,"state":"CONNECTED","subtype":13,"subtypeName":"LTE","type":0,"typeName":"MOBILE"},{"capabilities":{"SSID":null,"linkDownBandwidthKbps":1048576,"linkUpstreamBandwidt...
[debug] &amp#27;[35m[ADB]&amp#27;[39m Running 'C:\Users\saurabhkumar04\AppData\Local\Android\Sdk\platform-tools\adb.exe -P 5037 -s emulator-5554 shell dumpsys window'
&amp#27;[35m[AndroidDriver]&amp#27;[39m Screen already unlocked, doing nothing
&amp#27;[35m[UiAutomator2]&amp#27;[39m Starting 'in.workindia.nileshdungarwal.workindiaandroid/in.workindia.nileshdungarwal.workindiaandroid.RegisterActivity and waiting for 'in.workindia.nileshdungarwal.workindiaandroid/in.workindia.nileshdungarwal.workindiaandroid.RegisterActivity'
[debug] &amp#27;[35m[ADB]&amp#27;[39m Running 'C:\Users\saurabhkumar04\AppData\Local\Android\Sdk\platform-tools\adb.exe -P 5037 -s emulator-5554 shell am start -W -n in.workindia.nileshdungarwal.workindiaandroid/in.workindia.nileshdungarwal.workindiaandroid.RegisterActivity -S -a android.intent.action.MAIN -c android.intent.category.LAUNCHER -f 0x10200000'
[debug] &amp#27;[35m[WD Proxy]&amp#27;[39m Proxying [GET /appium/device/pixel_ratio] to [GET http://127.0.0.1:8202/wd/hub/session/997a9288-92d3-4e25-813f-55acb27f291e/appium/device/pixel_ratio] with no body
[debug] &amp#27;[35m[WD Proxy]&amp#27;[39m Got response with status 200: {"sessionId":"997a9288-92d3-4e25-813f-55acb27f291e","value":2.75}
[debug] &amp#27;[35m[WD Proxy]&amp#27;[39m Matched '/appium/device/system_bars' to command name 'getSystemBars'
[debug] &amp#27;[35m[WD Proxy]&amp#27;[39m Proxying [GET /appium/device/system_bars] to [GET http://127.0.0.1:8202/wd/hub/session/997a9288-92d3-4e25-813f-55acb27f291e/appium/device/system_bars] with no body
[debug] &amp#27;[35m[WD Proxy]&amp#27;[39m Got response with status 200: {"sessionId":"997a9288-92d3-4e25-813f-55acb27f291e","value":{"statusBar":66}}
[debug] &amp#27;[35m[WD Proxy]&amp#27;[39m Matched '/window/current/size' to command name 'getWindowSize'
[debug] &amp#27;[35m[WD Proxy]&amp#27;[39m Proxying [GET /window/current/size] to [GET http://127.0.0.1:8202/wd/hub/session/997a9288-92d3-4e25-813f-55acb27f291e/window/current/size] with no body
[debug] &amp#27;[35m[WD Proxy]&amp#27;[39m Got response with status 200: {"sessionId":"997a9288-92d3-4e25-813f-55acb27f291e","value":{"height":2028,"width":1080}}
&amp#27;[35m[Appium]&amp#27;[39m New AndroidUiautomator2Driver session created successfully, session 937ebac4-1fbd-4d9f-95d1-e813d5888f9d added to master session list
[debug] &amp#27;[35m[BaseDriver]&amp#27;[39m Event 'newSessionStarted' logged at 1610626533860 (17:45:33 GMT+0530 (India Standard Time))
[debug] &amp#27;[35m[W3C (937ebac4)]&amp#27;[39m Cached the protocol value 'W3C' for the new session 937ebac4-1fbd-4d9f-95d1-e813d5888f9d
[debug] &amp#27;[35m[W3C (937ebac4)]&amp#27;[39m Responding to client with driver.createSession() result: {"capabilities":{"platform":"LINUX","webStorageEnabled":false,"takesScreenshot":true,"javascriptEnabled":true,"databaseEnabled":false,"networkConnectionEnabled":true,"locationContextEnabled":false,"warnings":{},"desired":{"platformName":"android","app":"./Resourses/in.workindia.apk","appActivity":"in.workindia.nileshdungarwal.workindiaandroid.RegisterActivity","appPackage":"in.workindia.nileshdungarwal.workindiaandroid","deviceName":"emulator-5554","platformVersion":"8.1"},"platformName":"android","app":"./Resourses/in.workindia.apk","appActivity":"in.workindia.nileshdungarwal.workindiaandroid.RegisterActivity","appPackage":"in.workindia.nileshdungarwal.workindiaandroid","deviceName":"emulator-5554","platformVersion":"8.1.0","deviceUDID":"emulator-5554","deviceApiLevel":27,"deviceScreenSize":"1080x2160","deviceScreenDensity":440,"deviceModel":"Android SDK built for x86","deviceManufacturer":"Google","pixelRatio":2.75,"statBarHeight":66,"viewportRect":{"left":0,"top":66,"width":1080,"height":1962}}}
&amp#27;[35m[HTTP]&amp#27;[39m &amp#27;[37m<-- POST /wd/hub/session &amp#27;[39m&amp#27;[32m200&amp#27;[39m &amp#27;[90m8766 ms - 1074&amp#27;[39m
&amp#27;[35m[HTTP]&amp#27;[39m &amp#27;[90m&amp#27;[39m
&amp#27;[35m[HTTP]&amp#27;[39m &amp#27;[37m-->&amp#27;[39m &amp#27;[37mGET&amp#27;[39m &amp#27;[37m/wd/hub/session/937ebac4-1fbd-4d9f-95d1-e813d5888f9d&amp#27;[39m
&amp#27;[35m[HTTP]&amp#27;[39m &amp#27;[90m{}&amp#27;[39m
[debug] &amp#27;[35m[W3C (937ebac4)]&amp#27;[39m Calling AppiumDriver.getSession() with args: ["937ebac4-1fbd-4d9f-95d1-e813d5888f9d"]
[debug] &amp#27;[35m[UiAutomator2]&amp#27;[39m Getting session details from server to mix in
[debug] &amp#27;[35m[WD Proxy]&amp#27;[39m Matched '/' to command name 'getSession'
[debug] &amp#27;[35m[WD Proxy]&amp#27;[39m Proxying [GET /] to [GET http://127.0.0.1:8202/wd/hub/session/997a9288-92d3-4e25-813f-55acb27f291e] with no body
[debug] &amp#27;[35m[WD Proxy]&amp#27;[39m Got response with status 200: {"sessionId":"997a9288-92d3-4e25-813f-55acb27f291e","value":{"lastScrollData":null}}
[debug] &amp#27;[35m[W3C (937ebac4)]&amp#27;[39m Responding to client with driver.getSession() result: {"platform":"LINUX","webStorageEnabled":false,"takesScreenshot":true,"javascriptEnabled":true,"databaseEnabled":false,"networkConnectionEnabled":true,"locationContextEnabled":false,"warnings":{},"desired":{"platformName":"android","app":"./Resourses/in.workindia.apk","appActivity":"in.workindia.nileshdungarwal.workindiaandroid.RegisterActivity","appPackage":"in.workindia.nileshdungarwal.workindiaandroid","deviceName":"emulator-5554","platformVersion":"8.1"},"platformName":"android","app":"./Resourses/in.workindia.apk","appActivity":"in.workindia.nileshdungarwal.workindiaandroid.RegisterActivity","appPackage":"in.workindia.nileshdungarwal.workindiaandroid","deviceName":"emulator-5554","platformVersion":"8.1.0","deviceUDID":"emulator-5554","deviceApiLevel":27,"deviceScreenSize":"1080x2160","deviceScreenDensity":440,"deviceModel":"Android SDK built for x86","deviceManufacturer":"Google","pixelRatio":2.75,"statBarHeight":66,"viewportRect":{"left":0,"top":66,"width":1080,"height":1962},"lastScrollData":null}
&amp#27;[35m[HTTP]&amp#27;[39m &amp#27;[37m<-- GET /wd/hub/session/937ebac4-1fbd-4d9f-95d1-e813d5888f9d &amp#27;[39m&amp#27;[32m200&amp#27;[39m &amp#27;[90m31 ms - 1028&amp#27;[39m
&amp#27;[35m[HTTP]&amp#27;[39m &amp#27;[90m&amp#27;[39m
&amp#27;[35m[HTTP]&amp#27;[39m &amp#27;[37m-->&amp#27;[39m &amp#27;[37mGET&amp#27;[39m &amp#27;[37m/wd/hub/session/937ebac4-1fbd-4d9f-95d1-e813d5888f9d&amp#27;[39m
&amp#27;[35m[HTTP]&amp#27;[39m &amp#27;[90m{}&amp#27;[39m
[debug] &amp#27;[35m[W3C (937ebac4)]&amp#27;[39m Calling AppiumDriver.getSession() with args: ["937ebac4-1fbd-4d9f-95d1-e813d5888f9d"]
[debug] &amp#27;[35m[UiAutomator2]&amp#27;[39m Getting session details from server to mix in
[debug] &amp#27;[35m[WD Proxy]&amp#27;[39m Matched '/' to command name 'getSession'
[debug] &amp#27;[35m[WD Proxy]&amp#27;[39m Proxying [GET /] to [GET http://127.0.0.1:8202/wd/hub/session/997a9288-92d3-4e25-813f-55acb27f291e] with no body
[debug] &amp#27;[35m[WD Proxy]&amp#27;[39m Got response with status 200: {"sessionId":"997a9288-92d3-4e25-813f-55acb27f291e","value":{"lastScrollData":null}}
[debug] &amp#27;[35m[W3C (937ebac4)]&amp#27;[39m Responding to client with driver.getSession() result: {"platform":"LINUX","webStorageEnabled":false,"takesScreenshot":true,"javascriptEnabled":true,"databaseEnabled":false,"networkConnectionEnabled":true,"locationContextEnabled":false,"warnings":{},"desired":{"platformName":"android","app":"./Resourses/in.workindia.apk","appActivity":"in.workindia.nileshdungarwal.workindiaandroid.RegisterActivity","appPackage":"in.workindia.nileshdungarwal.workindiaandroid","deviceName":"emulator-5554","platformVersion":"8.1"},"platformName":"android","app":"./Resourses/in.workindia.apk","appActivity":"in.workindia.nileshdungarwal.workindiaandroid.RegisterActivity","appPackage":"in.workindia.nileshdungarwal.workindiaandroid","deviceName":"emulator-5554","platformVersion":"8.1.0","deviceUDID":"emulator-5554","deviceApiLevel":27,"deviceScreenSize":"1080x2160","deviceScreenDensity":440,"deviceModel":"Android SDK built for x86","deviceManufacturer":"Google","pixelRatio":2.75,"statBarHeight":66,"viewportRect":{"left":0,"top":66,"width":1080,"height":1962},"lastScrollData":null}
&amp#27;[35m[HTTP]&amp#27;[39m &amp#27;[37m<-- GET /wd/hub/session/937ebac4-1fbd-4d9f-95d1-e813d5888f9d &amp#27;[39m&amp#27;[32m200&amp#27;[39m &amp#27;[90m31 ms - 1028&amp#27;[39m
&amp#27;[35m[HTTP]&amp#27;[39m &amp#27;[90m&amp#27;[39m
&amp#27;[35m[HTTP]&amp#27;[39m &amp#27;[37m-->&amp#27;[39m &amp#27;[37mPOST&amp#27;[39m &amp#27;[37m/wd/hub/session/937ebac4-1fbd-4d9f-95d1-e813d5888f9d/timeouts&amp#27;[39m
&amp#27;[35m[HTTP]&amp#27;[39m &amp#27;[90m{"implicit":30000}&amp#27;[39m
[debug] &amp#27;[35m[W3C (937ebac4)]&amp#27;[39m Calling AppiumDriver.timeouts() with args: [null,null,null,null,30000,"937ebac4-1fbd-4d9f-95d1-e813d5888f9d"]
[debug] &amp#27;[35m[BaseDriver]&amp#27;[39m W3C timeout argument: {"implicit":30000}}
[debug] &amp#27;[35m[BaseDriver]&amp#27;[39m Set implicit wait to 30000ms
[debug] &amp#27;[35m[W3C (937ebac4)]&amp#27;[39m Responding to client with driver.timeouts() result: null
&amp#27;[35m[HTTP]&amp#27;[39m &amp#27;[37m<-- POST /wd/hub/session/937ebac4-1fbd-4d9f-95d1-e813d5888f9d/timeouts &amp#27;[39m&amp#27;[32m200&amp#27;[39m &amp#27;[90m8 ms - 14&amp#27;[39m
&amp#27;[35m[HTTP]&amp#27;[39m &amp#27;[90m&amp#27;[39m
&amp#27;[35m[HTTP]&amp#27;[39m &amp#27;[37m-->&amp#27;[39m &amp#27;[37mGET&amp#27;[39m &amp#27;[37m/wd/hub/session/937ebac4-1fbd-4d9f-95d1-e813d5888f9d&amp#27;[39m
&amp#27;[35m[HTTP]&amp#27;[39m &amp#27;[90m{}&amp#27;[39m
[debug] &amp#27;[35m[W3C (937ebac4)]&amp#27;[39m Calling AppiumDriver.getSession() with args: ["937ebac4-1fbd-4d9f-95d1-e813d5888f9d"]
[debug] &amp#27;[35m[UiAutomator2]&amp#27;[39m Getting session details from server to mix in
[debug] &amp#27;[35m[WD Proxy]&amp#27;[39m Matched '/' to command name 'getSession'
[debug] &amp#27;[35m[WD Proxy]&amp#27;[39m Proxying [GET /] to [GET http://127.0.0.1:8202/wd/hub/session/997a9288-92d3-4e25-813f-55acb27f291e] with no body
[debug] &amp#27;[35m[WD Proxy]&amp#27;[39m Got response with status 200: {"sessionId":"997a9288-92d3-4e25-813f-55acb27f291e","value":{"lastScrollData":null}}
[debug] &amp#27;[35m[W3C (937ebac4)]&amp#27;[39m Responding to client with driver.getSession() result: {"platform":"LINUX","webStorageEnabled":false,"takesScreenshot":true,"javascriptEnabled":true,"databaseEnabled":false,"networkConnectionEnabled":true,"locationContextEnabled":false,"warnings":{},"desired":{"platformName":"android","app":"./Resourses/in.workindia.apk","appActivity":"in.workindia.nileshdungarwal.workindiaandroid.RegisterActivity","appPackage":"in.workindia.nileshdungarwal.workindiaandroid","deviceName":"emulator-5554","platformVersion":"8.1"},"platformName":"android","app":"./Resourses/in.workindia.apk","appActivity":"in.workindia.nileshdungarwal.workindiaandroid.RegisterActivity","appPackage":"in.workindia.nileshdungarwal.workindiaandroid","deviceName":"emulator-5554","platformVersion":"8.1.0","deviceUDID":"emulator-5554","deviceApiLevel":27,"deviceScreenSize":"1080x2160","deviceScreenDensity":440,"deviceModel":"Android SDK built for x86","deviceManufacturer":"Google","pixelRatio":2.75,"statBarHeight":66,"viewportRect":{"left":0,"top":66,"width":1080,"height":1962},"lastScrollData":null}
&amp#27;[35m[HTTP]&amp#27;[39m &amp#27;[37m<-- GET /wd/hub/session/937ebac4-1fbd-4d9f-95d1-e813d5888f9d &amp#27;[39m&amp#27;[32m200&amp#27;[39m &amp#27;[90m31 ms - 1028&amp#27;[39m
&amp#27;[35m[HTTP]&amp#27;[39m &amp#27;[90m&amp#27;[39m
&amp#27;[35m[HTTP]&amp#27;[39m &amp#27;[37m-->&amp#27;[39m &amp#27;[37mGET&amp#27;[39m &amp#27;[37m/wd/hub/session/937ebac4-1fbd-4d9f-95d1-e813d5888f9d&amp#27;[39m
&amp#27;[35m[HTTP]&amp#27;[39m &amp#27;[90m{}&amp#27;[39m
[debug] &amp#27;[35m[W3C (937ebac4)]&amp#27;[39m Calling AppiumDriver.getSession() with args: ["937ebac4-1fbd-4d9f-95d1-e813d5888f9d"]
[debug] &amp#27;[35m[UiAutomator2]&amp#27;[39m Getting session details from server to mix in
[debug] &amp#27;[35m[WD Proxy]&amp#27;[39m Matched '/' to command name 'getSession'
[debug] &amp#27;[35m[WD Proxy]&amp#27;[39m Proxying [GET /] to [GET http://127.0.0.1:8202/wd/hub/session/997a9288-92d3-4e25-813f-55acb27f291e] with no body
[debug] &amp#27;[35m[WD Proxy]&amp#27;[39m Got response with status 200: {"sessionId":"997a9288-92d3-4e25-813f-55acb27f291e","value":{"lastScrollData":null}}
[debug] &amp#27;[35m[W3C (937ebac4)]&amp#27;[39m Responding to client with driver.getSession() result: {"platform":"LINUX","webStorageEnabled":false,"takesScreenshot":true,"javascriptEnabled":true,"databaseEnabled":false,"networkConnectionEnabled":true,"locationContextEnabled":false,"warnings":{},"desired":{"platformName":"android","app":"./Resourses/in.workindia.apk","appActivity":"in.workindia.nileshdungarwal.workindiaandroid.RegisterActivity","appPackage":"in.workindia.nileshdungarwal.workindiaandroid","deviceName":"emulator-5554","platformVersion":"8.1"},"platformName":"android","app":"./Resourses/in.workindia.apk","appActivity":"in.workindia.nileshdungarwal.workindiaandroid.RegisterActivity","appPackage":"in.workindia.nileshdungarwal.workindiaandroid","deviceName":"emulator-5554","platformVersion":"8.1.0","deviceUDID":"emulator-5554","deviceApiLevel":27,"deviceScreenSize":"1080x2160","deviceScreenDensity":440,"deviceModel":"Android SDK built for x86","deviceManufacturer":"Google","pixelRatio":2.75,"statBarHeight":66,"viewportRect":{"left":0,"top":66,"width":1080,"height":1962},"lastScrollData":null}
&amp#27;[35m[HTTP]&amp#27;[39m &amp#27;[37m<-- GET /wd/hub/session/937ebac4-1fbd-4d9f-95d1-e813d5888f9d &amp#27;[39m&amp#27;[32m200&amp#27;[39m &amp#27;[90m17 ms - 1028&amp#27;[39m
&amp#27;[35m[HTTP]&amp#27;[39m &amp#27;[90m&amp#27;[39m
&amp#27;[35m[HTTP]&amp#27;[39m &amp#27;[37m-->&amp#27;[39m &amp#27;[37mGET&amp#27;[39m &amp#27;[37m/wd/hub/session/937ebac4-1fbd-4d9f-95d1-e813d5888f9d&amp#27;[39m
&amp#27;[35m[HTTP]&amp#27;[39m &amp#27;[90m{}&amp#27;[39m
[debug] &amp#27;[35m[W3C (937ebac4)]&amp#27;[39m Calling AppiumDriver.getSession() with args: ["937ebac4-1fbd-4d9f-95d1-e813d5888f9d"]
[debug] &amp#27;[35m[UiAutomator2]&amp#27;[39m Getting session details from server to mix in
[debug] &amp#27;[35m[WD Proxy]&amp#27;[39m Matched '/' to command name 'getSession'
[debug] &amp#27;[35m[WD Proxy]&amp#27;[39m Proxying [GET /] to [GET http://127.0.0.1:8202/wd/hub/session/997a9288-92d3-4e25-813f-55acb27f291e] with no body
[debug] &amp#27;[35m[WD Proxy]&amp#27;[39m Got response with status 200: {"sessionId":"997a9288-92d3-4e25-813f-55acb27f291e","value":{"lastScrollData":null}}
[debug] &amp#27;[35m[W3C (937ebac4)]&amp#27;[39m Responding to client with driver.getSession() result: {"platform":"LINUX","webStorageEnabled":false,"takesScreenshot":true,"javascriptEnabled":true,"databaseEnabled":false,"networkConnectionEnabled":true,"locationContextEnabled":false,"warnings":{},"desired":{"platformName":"android","app":"./Resourses/in.workindia.apk","appActivity":"in.workindia.nileshdungarwal.workindiaandroid.RegisterActivity","appPackage":"in.workindia.nileshdungarwal.workindiaandroid","deviceName":"emulator-5554","platformVersion":"8.1"},"platformName":"android","app":"./Resourses/in.workindia.apk","appActivity":"in.workindia.nileshdungarwal.workindiaandroid.RegisterActivity","appPackage":"in.workindia.nileshdungarwal.workindiaandroid","deviceName":"emulator-5554","platformVersion":"8.1.0","deviceUDID":"emulator-5554","deviceApiLevel":27,"deviceScreenSize":"1080x2160","deviceScreenDensity":440,"deviceModel":"Android SDK built for x86","deviceManufacturer":"Google","pixelRatio":2.75,"statBarHeight":66,"viewportRect":{"left":0,"top":66,"width":1080,"height":1962},"lastScrollData":null}
&amp#27;[35m[HTTP]&amp#27;[39m &amp#27;[37m<-- GET /wd/hub/session/937ebac4-1fbd-4d9f-95d1-e813d5888f9d &amp#27;[39m&amp#27;[32m200&amp#27;[39m &amp#27;[90m21 ms - 1028&amp#27;[39m
&amp#27;[35m[HTTP]&amp#27;[39m &amp#27;[90m&amp#27;[39m
&amp#27;[35m[HTTP]&amp#27;[39m &amp#27;[37m-->&amp#27;[39m &amp#27;[37mPOST&amp#27;[39m &amp#27;[37m/wd/hub/session/937ebac4-1fbd-4d9f-95d1-e813d5888f9d/element&amp#27;[39m
&amp#27;[35m[HTTP]&amp#27;[39m &amp#27;[90m{"using":"id","value":"in.workindia.nileshdungarwal.workindiaandroid:id/et_name"}&amp#27;[39m
[debug] &amp#27;[35m[W3C (937ebac4)]&amp#27;[39m Calling AppiumDriver.findElement() with args: ["id","in.workindia.nileshdungarwal.workindiaandroid:id/et_name","937ebac4-1fbd-4d9f-95d1-e813d5888f9d"]
[debug] &amp#27;[35m[BaseDriver]&amp#27;[39m Valid locator strategies for this request: xpath, id, class name, accessibility id, css selector, -android uiautomator
[debug] &amp#27;[35m[BaseDriver]&amp#27;[39m Waiting up to 30000 ms for condition
[debug] &amp#27;[35m[WD Proxy]&amp#27;[39m Matched '/element' to command name 'findElement'
[debug] &amp#27;[35m[WD Proxy]&amp#27;[39m Proxying [POST /element] to [POST http://127.0.0.1:8202/wd/hub/session/997a9288-92d3-4e25-813f-55acb27f291e/element] with body: {"strategy":"id","selector":"in.workindia.nileshdungarwal.workindiaandroid:id/et_name","context":"","multiple":false}
[debug] &amp#27;[35m[WD Proxy]&amp#27;[39m Got response with status 200: {"sessionId":"997a9288-92d3-4e25-813f-55acb27f291e","value":{"ELEMENT":"1ab3debd-45e3-4c39-a0a2-f69c7d53773b","element-6066-11e4-a52e-4f735466cecf":"1ab3debd-45e3-4c39-a0a2-f69c7d53773b"}}
[debug] &amp#27;[35m[W3C (937ebac4)]&amp#27;[39m Responding to client with driver.findElement() result: {"element-6066-11e4-a52e-4f735466cecf":"1ab3debd-45e3-4c39-a0a2-f69c7d53773b","ELEMENT":"1ab3debd-45e3-4c39-a0a2-f69c7d53773b"}
&amp#27;[35m[HTTP]&amp#27;[39m &amp#27;[37m<-- POST /wd/hub/session/937ebac4-1fbd-4d9f-95d1-e813d5888f9d/element &amp#27;[39m&amp#27;[32m200&amp#27;[39m &amp#27;[90m619 ms - 137&amp#27;[39m
&amp#27;[35m[HTTP]&amp#27;[39m &amp#27;[90m&amp#27;[39m
&amp#27;[35m[HTTP]&amp#27;[39m &amp#27;[37m-->&amp#27;[39m &amp#27;[37mPOST&amp#27;[39m &amp#27;[37m/wd/hub/session/937ebac4-1fbd-4d9f-95d1-e813d5888f9d/element/1ab3debd-45e3-4c39-a0a2-f69c7d53773b/value&amp#27;[39m
&amp#27;[35m[HTTP]&amp#27;[39m &amp#27;[90m{"id":"1ab3debd-45e3-4c39-a0a2-f69c7d53773b","text":"Rajat","value":["R","a","j","a","t"]}&amp#27;[39m
[debug] &amp#27;[35m[W3C (937ebac4)]&amp#27;[39m Calling AppiumDriver.setValue() with args: [["R","a","j","a","t"],"1ab3debd-45e3-4c39-a0a2-f69c7d53773b","937ebac4-1fbd-4d9f-95d1-e813d5888f9d"]
[debug] &amp#27;[35m[WD Proxy]&amp#27;[39m Matched '/element/1ab3debd-45e3-4c39-a0a2-f69c7d53773b/value' to command name 'setValue'
[debug] &amp#27;[35m[Protocol Converter]&amp#27;[39m Added 'value' property ["R","a","j","a","t"] to 'setValue' request body
[debug] &amp#27;[35m[WD Proxy]&amp#27;[39m Proxying [POST /element/1ab3debd-45e3-4c39-a0a2-f69c7d53773b/value] to [POST http://127.0.0.1:8202/wd/hub/session/997a9288-92d3-4e25-813f-55acb27f291e/element/1ab3debd-45e3-4c39-a0a2-f69c7d53773b/value] with body: {"elementId":"1ab3debd-45e3-4c39-a0a2-f69c7d53773b","text":"Rajat","replace":false,"value":["R","a","j","a","t"]}
[debug] &amp#27;[35m[WD Proxy]&amp#27;[39m Got response with status 200: {"sessionId":"997a9288-92d3-4e25-813f-55acb27f291e","value":null}
[debug] &amp#27;[35m[W3C (937ebac4)]&amp#27;[39m Responding to client with driver.setValue() result: null
&amp#27;[35m[HTTP]&amp#27;[39m &amp#27;[37m<-- POST /wd/hub/session/937ebac4-1fbd-4d9f-95d1-e813d5888f9d/element/1ab3debd-45e3-4c39-a0a2-f69c7d53773b/value &amp#27;[39m&amp#27;[32m200&amp#27;[39m &amp#27;[90m48 ms - 14&amp#27;[39m
&amp#27;[35m[HTTP]&amp#27;[39m &amp#27;[90m&amp#27;[39m
&amp#27;[35m[HTTP]&amp#27;[39m &amp#27;[37m-->&amp#27;[39m &amp#27;[37mGET&amp#27;[39m &amp#27;[37m/wd/hub/session/937ebac4-1fbd-4d9f-95d1-e813d5888f9d&amp#27;[39m
&amp#27;[35m[HTTP]&amp#27;[39m &amp#27;[90m{}&amp#27;[39m
[debug] &amp#27;[35m[W3C (937ebac4)]&amp#27;[39m Calling AppiumDriver.getSession() with args: ["937ebac4-1fbd-4d9f-95d1-e813d5888f9d"]
[debug] &amp#27;[35m[UiAutomator2]&amp#27;[39m Getting session details from server to mix in
[debug] &amp#27;[35m[WD Proxy]&amp#27;[39m Matched '/' to command name 'getSession'
[debug] &amp#27;[35m[WD Proxy]&amp#27;[39m Proxying [GET /] to [GET http://127.0.0.1:8202/wd/hub/session/997a9288-92d3-4e25-813f-55acb27f291e] with no body
[debug] &amp#27;[35m[WD Proxy]&amp#27;[39m Got response with status 200: {"sessionId":"997a9288-92d3-4e25-813f-55acb27f291e","value":{"lastScrollData":null}}
[debug] &amp#27;[35m[W3C (937ebac4)]&amp#27;[39m Responding to client with driver.getSession() result: {"platform":"LINUX","webStorageEnabled":false,"takesScreenshot":true,"javascriptEnabled":true,"databaseEnabled":false,"networkConnectionEnabled":true,"locationContextEnabled":false,"warnings":{},"desired":{"platformName":"android","app":"./Resourses/in.workindia.apk","appActivity":"in.workindia.nileshdungarwal.workindiaandroid.RegisterActivity","appPackage":"in.workindia.nileshdungarwal.workindiaandroid","deviceName":"emulator-5554","platformVersion":"8.1"},"platformName":"android","app":"./Resourses/in.workindia.apk","appActivity":"in.workindia.nileshdungarwal.workindiaandroid.RegisterActivity","appPackage":"in.workindia.nileshdungarwal.workindiaandroid","deviceName":"emulator-5554","platformVersion":"8.1.0","deviceUDID":"emulator-5554","deviceApiLevel":27,"deviceScreenSize":"1080x2160","deviceScreenDensity":440,"deviceModel":"Android SDK built for x86","deviceManufacturer":"Google","pixelRatio":2.75,"statBarHeight":66,"viewportRect":{"left":0,"top":66,"width":1080,"height":1962},"lastScrollData":null}
&amp#27;[35m[HTTP]&amp#27;[39m &amp#27;[37m<-- GET /wd/hub/session/937ebac4-1fbd-4d9f-95d1-e813d5888f9d &amp#27;[39m&amp#27;[32m200&amp#27;[39m &amp#27;[90m17 ms - 1028&amp#27;[39m
&amp#27;[35m[HTTP]&amp#27;[39m &amp#27;[90m&amp#27;[39m
&amp#27;[35m[HTTP]&amp#27;[39m &amp#27;[37m-->&amp#27;[39m &amp#27;[37mPOST&amp#27;[39m &amp#27;[37m/wd/hub/session/937ebac4-1fbd-4d9f-95d1-e813d5888f9d/element&amp#27;[39m
&amp#27;[35m[HTTP]&amp#27;[39m &amp#27;[90m{"using":"id","value":"in.workindia.nileshdungarwal.workindiaandroid:id/et_number"}&amp#27;[39m
[debug] &amp#27;[35m[W3C (937ebac4)]&amp#27;[39m Calling AppiumDriver.findElement() with args: ["id","in.workindia.nileshdungarwal.workindiaandroid:id/et_number","937ebac4-1fbd-4d9f-95d1-e813d5888f9d"]
[debug] &amp#27;[35m[BaseDriver]&amp#27;[39m Valid locator strategies for this request: xpath, id, class name, accessibility id, css selector, -android uiautomator
[debug] &amp#27;[35m[BaseDriver]&amp#27;[39m Waiting up to 30000 ms for condition
[debug] &amp#27;[35m[WD Proxy]&amp#27;[39m Matched '/element' to command name 'findElement'
[debug] &amp#27;[35m[WD Proxy]&amp#27;[39m Proxying [POST /element] to [POST http://127.0.0.1:8202/wd/hub/session/997a9288-92d3-4e25-813f-55acb27f291e/element] with body: {"strategy":"id","selector":"in.workindia.nileshdungarwal.workindiaandroid:id/et_number","context":"","multiple":false}
[debug] &amp#27;[35m[WD Proxy]&amp#27;[39m Got response with status 200: {"sessionId":"997a9288-92d3-4e25-813f-55acb27f291e","value":{"ELEMENT":"0793705c-50f1-4793-b4de-5a8e7ae4fbb0","element-6066-11e4-a52e-4f735466cecf":"0793705c-50f1-4793-b4de-5a8e7ae4fbb0"}}
[debug] &amp#27;[35m[W3C (937ebac4)]&amp#27;[39m Responding to client with driver.findElement() result: {"element-6066-11e4-a52e-4f735466cecf":"0793705c-50f1-4793-b4de-5a8e7ae4fbb0","ELEMENT":"0793705c-50f1-4793-b4de-5a8e7ae4fbb0"}
&amp#27;[35m[HTTP]&amp#27;[39m &amp#27;[37m<-- POST /wd/hub/session/937ebac4-1fbd-4d9f-95d1-e813d5888f9d/element &amp#27;[39m&amp#27;[32m200&amp#27;[39m &amp#27;[90m505 ms - 137&amp#27;[39m
&amp#27;[35m[HTTP]&amp#27;[39m &amp#27;[90m&amp#27;[39m
&amp#27;[35m[HTTP]&amp#27;[39m &amp#27;[37m-->&amp#27;[39m &amp#27;[37mPOST&amp#27;[39m &amp#27;[37m/wd/hub/session/937ebac4-1fbd-4d9f-95d1-e813d5888f9d/element/0793705c-50f1-4793-b4de-5a8e7ae4fbb0/value&amp#27;[39m
&amp#27;[35m[HTTP]&amp#27;[39m &amp#27;[90m{"id":"0793705c-50f1-4793-b4de-5a8e7ae4fbb0","text":"9876543123","value":["9","8","7","6","5","4","3","1","2","3"]}&amp#27;[39m
[debug] &amp#27;[35m[W3C (937ebac4)]&amp#27;[39m Calling AppiumDriver.setValue() with args: [["9","8","7","6","5","4","3","1","2","3"],"0793705c-50f1-4793-b4de-5a8e7ae4fbb0","937ebac4-1fbd-4d9f-95d1-e813d5888f9d"]
[debug] &amp#27;[35m[WD Proxy]&amp#27;[39m Matched '/element/0793705c-50f1-4793-b4de-5a8e7ae4fbb0/value' to command name 'setValue'
[debug] &amp#27;[35m[Protocol Converter]&amp#27;[39m Added 'value' property ["9","8","7","6","5","4","3","1","2","3"] to 'setValue' request body
[debug] &amp#27;[35m[WD Proxy]&amp#27;[39m Proxying [POST /element/0793705c-50f1-4793-b4de-5a8e7ae4fbb0/value] to [POST http://127.0.0.1:8202/wd/hub/session/997a9288-92d3-4e25-813f-55acb27f291e/element/0793705c-50f1-4793-b4de-5a8e7ae4fbb0/value] with body: {"elementId":"0793705c-50f1-4793-b4de-5a8e7ae4fbb0","text":"9876543123","replace":false,"value":["9","8","7","6","5","4","3","1","2","3"]}
[debug] &amp#27;[35m[WD Proxy]&amp#27;[39m Got response with status 200: {"sessionId":"997a9288-92d3-4e25-813f-55acb27f291e","value":null}
[debug] &amp#27;[35m[W3C (937ebac4)]&amp#27;[39m Responding to client with driver.setValue() result: null
&amp#27;[35m[HTTP]&amp#27;[39m &amp#27;[37m<-- POST /wd/hub/session/937ebac4-1fbd-4d9f-95d1-e813d5888f9d/element/0793705c-50f1-4793-b4de-5a8e7ae4fbb0/value &amp#27;[39m&amp#27;[32m200&amp#27;[39m &amp#27;[90m28 ms - 14&amp#27;[39m
&amp#27;[35m[HTTP]&amp#27;[39m &amp#27;[90m&amp#27;[39m
&amp#27;[35m[HTTP]&amp#27;[39m &amp#27;[37m-->&amp#27;[39m &amp#27;[37mGET&amp#27;[39m &amp#27;[37m/wd/hub/session/937ebac4-1fbd-4d9f-95d1-e813d5888f9d&amp#27;[39m
&amp#27;[35m[HTTP]&amp#27;[39m &amp#27;[90m{}&amp#27;[39m
[debug] &amp#27;[35m[W3C (937ebac4)]&amp#27;[39m Calling AppiumDriver.getSession() with args: ["937ebac4-1fbd-4d9f-95d1-e813d5888f9d"]
[debug] &amp#27;[35m[UiAutomator2]&amp#27;[39m Getting session details from server to mix in
[debug] &amp#27;[35m[WD Proxy]&amp#27;[39m Matched '/' to command name 'getSession'
[debug] &amp#27;[35m[WD Proxy]&amp#27;[39m Proxying [GET /] to [GET http://127.0.0.1:8202/wd/hub/session/997a9288-92d3-4e25-813f-55acb27f291e] with no body
[debug] &amp#27;[35m[WD Proxy]&amp#27;[39m Got response with status 200: {"sessionId":"997a9288-92d3-4e25-813f-55acb27f291e","value":{"lastScrollData":null}}
[debug] &amp#27;[35m[W3C (937ebac4)]&amp#27;[39m Responding to client with driver.getSession() result: {"platform":"LINUX","webStorageEnabled":false,"takesScreenshot":true,"javascriptEnabled":true,"databaseEnabled":false,"networkConnectionEnabled":true,"locationContextEnabled":false,"warnings":{},"desired":{"platformName":"android","app":"./Resourses/in.workindia.apk","appActivity":"in.workindia.nileshdungarwal.workindiaandroid.RegisterActivity","appPackage":"in.workindia.nileshdungarwal.workindiaandroid","deviceName":"emulator-5554","platformVersion":"8.1"},"platformName":"android","app":"./Resourses/in.workindia.apk","appActivity":"in.workindia.nileshdungarwal.workindiaandroid.RegisterActivity","appPackage":"in.workindia.nileshdungarwal.workindiaandroid","deviceName":"emulator-5554","platformVersion":"8.1.0","deviceUDID":"emulator-5554","deviceApiLevel":27,"deviceScreenSize":"1080x2160","deviceScreenDensity":440,"deviceModel":"Android SDK built for x86","deviceManufacturer":"Google","pixelRatio":2.75,"statBarHeight":66,"viewportRect":{"left":0,"top":66,"width":1080,"height":1962},"lastScrollData":null}
&amp#27;[35m[HTTP]&amp#27;[39m &amp#27;[37m<-- GET /wd/hub/session/937ebac4-1fbd-4d9f-95d1-e813d5888f9d &amp#27;[39m&amp#27;[32m200&amp#27;[39m &amp#27;[90m18 ms - 1028&amp#27;[39m
&amp#27;[35m[HTTP]&amp#27;[39m &amp#27;[90m&amp#27;[39m
&amp#27;[35m[HTTP]&amp#27;[39m &amp#27;[37m-->&amp#27;[39m &amp#27;[37mGET&amp#27;[39m &amp#27;[37m/wd/hub/session/937ebac4-1fbd-4d9f-95d1-e813d5888f9d&amp#27;[39m
&amp#27;[35m[HTTP]&amp#27;[39m &amp#27;[90m{}&amp#27;[39m
[debug] &amp#27;[35m[W3C (937ebac4)]&amp#27;[39m Calling AppiumDriver.getSession() with args: ["937ebac4-1fbd-4d9f-95d1-e813d5888f9d"]
[debug] &amp#27;[35m[UiAutomator2]&amp#27;[39m Getting session details from server to mix in
[debug] &amp#27;[35m[WD Proxy]&amp#27;[39m Matched '/' to command name 'getSession'
[debug] &amp#27;[35m[WD Proxy]&amp#27;[39m Proxying [GET /] to [GET http://127.0.0.1:8202/wd/hub/session/997a9288-92d3-4e25-813f-55acb27f291e] with no body
[debug] &amp#27;[35m[WD Proxy]&amp#27;[39m Got response with status 200: {"sessionId":"997a9288-92d3-4e25-813f-55acb27f291e","value":{"lastScrollData":null}}
[debug] &amp#27;[35m[W3C (937ebac4)]&amp#27;[39m Responding to client with driver.getSession() result: {"platform":"LINUX","webStorageEnabled":false,"takesScreenshot":true,"javascriptEnabled":true,"databaseEnabled":false,"networkConnectionEnabled":true,"locationContextEnabled":false,"warnings":{},"desired":{"platformName":"android","app":"./Resourses/in.workindia.apk","appActivity":"in.workindia.nileshdungarwal.workindiaandroid.RegisterActivity","appPackage":"in.workindia.nileshdungarwal.workindiaandroid","deviceName":"emulator-5554","platformVersion":"8.1"},"platformName":"android","app":"./Resourses/in.workindia.apk","appActivity":"in.workindia.nileshdungarwal.workindiaandroid.RegisterActivity","appPackage":"in.workindia.nileshdungarwal.workindiaandroid","deviceName":"emulator-5554","platformVersion":"8.1.0","deviceUDID":"emulator-5554","deviceApiLevel":27,"deviceScreenSize":"1080x2160","deviceScreenDensity":440,"deviceModel":"Android SDK built for x86","deviceManufacturer":"Google","pixelRatio":2.75,"statBarHeight":66,"viewportRect":{"left":0,"top":66,"width":1080,"height":1962},"lastScrollData":null}
&amp#27;[35m[HTTP]&amp#27;[39m &amp#27;[37m<-- GET /wd/hub/session/937ebac4-1fbd-4d9f-95d1-e813d5888f9d &amp#27;[39m&amp#27;[32m200&amp#27;[39m &amp#27;[90m18 ms - 1028&amp#27;[39m
&amp#27;[35m[HTTP]&amp#27;[39m &amp#27;[90m&amp#27;[39m
&amp#27;[35m[HTTP]&amp#27;[39m &amp#27;[37m-->&amp#27;[39m &amp#27;[37mGET&amp#27;[39m &amp#27;[37m/wd/hub/session/937ebac4-1fbd-4d9f-95d1-e813d5888f9d&amp#27;[39m
&amp#27;[35m[HTTP]&amp#27;[39m &amp#27;[90m{}&amp#27;[39m
[debug] &amp#27;[35m[W3C (937ebac4)]&amp#27;[39m Calling AppiumDriver.getSession() with args: ["937ebac4-1fbd-4d9f-95d1-e813d5888f9d"]
[debug] &amp#27;[35m[UiAutomator2]&amp#27;[39m Getting session details from server to mix in
[debug] &amp#27;[35m[WD Proxy]&amp#27;[39m Matched '/' to command name 'getSession'
[debug] &amp#27;[35m[WD Proxy]&amp#27;[39m Proxying [GET /] to [GET http://127.0.0.1:8202/wd/hub/session/997a9288-92d3-4e25-813f-55acb27f291e] with no body
[debug] &amp#27;[35m[WD Proxy]&amp#27;[39m Got response with status 200: {"sessionId":"997a9288-92d3-4e25-813f-55acb27f291e","value":{"lastScrollData":null}}
[debug] &amp#27;[35m[W3C (937ebac4)]&amp#27;[39m Responding to client with driver.getSession() result: {"platform":"LINUX","webStorageEnabled":false,"takesScreenshot":true,"javascriptEnabled":true,"databaseEnabled":false,"networkConnectionEnabled":true,"locationContextEnabled":false,"warnings":{},"desired":{"platformName":"android","app":"./Resourses/in.workindia.apk","appActivity":"in.workindia.nileshdungarwal.workindiaandroid.RegisterActivity","appPackage":"in.workindia.nileshdungarwal.workindiaandroid","deviceName":"emulator-5554","platformVersion":"8.1"},"platformName":"android","app":"./Resourses/in.workindia.apk","appActivity":"in.workindia.nileshdungarwal.workindiaandroid.RegisterActivity","appPackage":"in.workindia.nileshdungarwal.workindiaandroid","deviceName":"emulator-5554","platformVersion":"8.1.0","deviceUDID":"emulator-5554","deviceApiLevel":27,"deviceScreenSize":"1080x2160","deviceScreenDensity":440,"deviceModel":"Android SDK built for x86","deviceManufacturer":"Google","pixelRatio":2.75,"statBarHeight":66,"viewportRect":{"left":0,"top":66,"width":1080,"height":1962},"lastScrollData":null}
&amp#27;[35m[HTTP]&amp#27;[39m &amp#27;[37m<-- GET /wd/hub/session/937ebac4-1fbd-4d9f-95d1-e813d5888f9d &amp#27;[39m&amp#27;[32m200&amp#27;[39m &amp#27;[90m21 ms - 1028&amp#27;[39m
&amp#27;[35m[HTTP]&amp#27;[39m &amp#27;[90m&amp#27;[39m
&amp#27;[35m[HTTP]&amp#27;[39m &amp#27;[37m-->&amp#27;[39m &amp#27;[37mPOST&amp#27;[39m &amp#27;[37m/wd/hub/session/937ebac4-1fbd-4d9f-95d1-e813d5888f9d/element&amp#27;[39m
&amp#27;[35m[HTTP]&amp#27;[39m &amp#27;[90m{"using":"id","value":"in.workindia.nileshdungarwal.workindiaandroid:id/btn_submit"}&amp#27;[39m
[debug] &amp#27;[35m[W3C (937ebac4)]&amp#27;[39m Calling AppiumDriver.findElement() with args: ["id","in.workindia.nileshdungarwal.workindiaandroid:id/btn_submit","937ebac4-1fbd-4d9f-95d1-e813d5888f9d"]
[debug] &amp#27;[35m[BaseDriver]&amp#27;[39m Valid locator strategies for this request: xpath, id, class name, accessibility id, css selector, -android uiautomator
[debug] &amp#27;[35m[BaseDriver]&amp#27;[39m Waiting up to 30000 ms for condition
[debug] &amp#27;[35m[WD Proxy]&amp#27;[39m Matched '/element' to command name 'findElement'
[debug] &amp#27;[35m[WD Proxy]&amp#27;[39m Proxying [POST /element] to [POST http://127.0.0.1:8202/wd/hub/session/997a9288-92d3-4e25-813f-55acb27f291e/element] with body: {"strategy":"id","selector":"in.workindia.nileshdungarwal.workindiaandroid:id/btn_submit","context":"","multiple":false}
[debug] &amp#27;[35m[WD Proxy]&amp#27;[39m Got response with status 200: {"sessionId":"997a9288-92d3-4e25-813f-55acb27f291e","value":{"ELEMENT":"26655e95-c2c7-4b0c-a980-e972c12bec9f","element-6066-11e4-a52e-4f735466cecf":"26655e95-c2c7-4b0c-a980-e972c12bec9f"}}
[debug] &amp#27;[35m[W3C (937ebac4)]&amp#27;[39m Responding to client with driver.findElement() result: {"element-6066-11e4-a52e-4f735466cecf":"26655e95-c2c7-4b0c-a980-e972c12bec9f","ELEMENT":"26655e95-c2c7-4b0c-a980-e972c12bec9f"}
&amp#27;[35m[HTTP]&amp#27;[39m &amp#27;[37m<-- POST /wd/hub/session/937ebac4-1fbd-4d9f-95d1-e813d5888f9d/element &amp#27;[39m&amp#27;[32m200&amp#27;[39m &amp#27;[90m428 ms - 137&amp#27;[39m
&amp#27;[35m[HTTP]&amp#27;[39m &amp#27;[90m&amp#27;[39m
&amp#27;[35m[HTTP]&amp#27;[39m &amp#27;[37m-->&amp#27;[39m &amp#27;[37mPOST&amp#27;[39m &amp#27;[37m/wd/hub/session/937ebac4-1fbd-4d9f-95d1-e813d5888f9d/element/26655e95-c2c7-4b0c-a980-e972c12bec9f/click&amp#27;[39m
&amp#27;[35m[HTTP]&amp#27;[39m &amp#27;[90m{"id":"26655e95-c2c7-4b0c-a980-e972c12bec9f"}&amp#27;[39m
[debug] &amp#27;[35m[W3C (937ebac4)]&amp#27;[39m Calling AppiumDriver.click() with args: ["26655e95-c2c7-4b0c-a980-e972c12bec9f","937ebac4-1fbd-4d9f-95d1-e813d5888f9d"]
[debug] &amp#27;[35m[WD Proxy]&amp#27;[39m Matched '/element/26655e95-c2c7-4b0c-a980-e972c12bec9f/click' to command name 'click'
[debug] &amp#27;[35m[WD Proxy]&amp#27;[39m Proxying [POST /element/26655e95-c2c7-4b0c-a980-e972c12bec9f/click] to [POST http://127.0.0.1:8202/wd/hub/session/997a9288-92d3-4e25-813f-55acb27f291e/element/26655e95-c2c7-4b0c-a980-e972c12bec9f/click] with body: {"element":"26655e95-c2c7-4b0c-a980-e972c12bec9f"}
[debug] &amp#27;[35m[WD Proxy]&amp#27;[39m Got response with status 200: {"sessionId":"997a9288-92d3-4e25-813f-55acb27f291e","value":null}
[debug] &amp#27;[35m[W3C (937ebac4)]&amp#27;[39m Responding to client with driver.click() result: null
&amp#27;[35m[HTTP]&amp#27;[39m &amp#27;[37m<-- POST /wd/hub/session/937ebac4-1fbd-4d9f-95d1-e813d5888f9d/element/26655e95-c2c7-4b0c-a980-e972c12bec9f/click &amp#27;[39m&amp#27;[32m200&amp#27;[39m &amp#27;[90m33 ms - 14&amp#27;[39m
&amp#27;[35m[HTTP]&amp#27;[39m &amp#27;[90m&amp#27;[39m
&amp#27;[35m[HTTP]&amp#27;[39m &amp#27;[37m-->&amp#27;[39m &amp#27;[37mGET&amp#27;[39m &amp#27;[37m/wd/hub/session/937ebac4-1fbd-4d9f-95d1-e813d5888f9d&amp#27;[39m
&amp#27;[35m[HTTP]&amp#27;[39m &amp#27;[90m{}&amp#27;[39m
[debug] &amp#27;[35m[W3C (937ebac4)]&amp#27;[39m Calling AppiumDriver.getSession() with args: ["937ebac4-1fbd-4d9f-95d1-e813d5888f9d"]
[debug] &amp#27;[35m[UiAutomator2]&amp#27;[39m Getting session details from server to mix in
[debug] &amp#27;[35m[WD Proxy]&amp#27;[39m Matched '/' to command name 'getSession'
[debug] &amp#27;[35m[WD Proxy]&amp#27;[39m Proxying [GET /] to [GET http://127.0.0.1:8202/wd/hub/session/997a9288-92d3-4e25-813f-55acb27f291e] with no body
[debug] &amp#27;[35m[WD Proxy]&amp#27;[39m Got response with status 200: {"sessionId":"997a9288-92d3-4e25-813f-55acb27f291e","value":{"lastScrollData":null}}
[debug] &amp#27;[35m[W3C (937ebac4)]&amp#27;[39m Responding to client with driver.getSession() result: {"platform":"LINUX","webStorageEnabled":false,"takesScreenshot":true,"javascriptEnabled":true,"databaseEnabled":false,"networkConnectionEnabled":true,"locationContextEnabled":false,"warnings":{},"desired":{"platformName":"android","app":"./Resourses/in.workindia.apk","appActivity":"in.workindia.nileshdungarwal.workindiaandroid.RegisterActivity","appPackage":"in.workindia.nileshdungarwal.workindiaandroid","deviceName":"emulator-5554","platformVersion":"8.1"},"platformName":"android","app":"./Resourses/in.workindia.apk","appActivity":"in.workindia.nileshdungarwal.workindiaandroid.RegisterActivity","appPackage":"in.workindia.nileshdungarwal.workindiaandroid","deviceName":"emulator-5554","platformVersion":"8.1.0","deviceUDID":"emulator-5554","deviceApiLevel":27,"deviceScreenSize":"1080x2160","deviceScreenDensity":440,"deviceModel":"Android SDK built for x86","deviceManufacturer":"Google","pixelRatio":2.75,"statBarHeight":66,"viewportRect":{"left":0,"top":66,"width":1080,"height":1962},"lastScrollData":null}
&amp#27;[35m[HTTP]&amp#27;[39m &amp#27;[37m<-- GET /wd/hub/session/937ebac4-1fbd-4d9f-95d1-e813d5888f9d &amp#27;[39m&amp#27;[32m200&amp#27;[39m &amp#27;[90m14 ms - 1028&amp#27;[39m
&amp#27;[35m[HTTP]&amp#27;[39m &amp#27;[90m&amp#27;[39m
&amp#27;[35m[HTTP]&amp#27;[39m &amp#27;[37m-->&amp#27;[39m &amp#27;[37mGET&amp#27;[39m &amp#27;[37m/wd/hub/session/937ebac4-1fbd-4d9f-95d1-e813d5888f9d&amp#27;[39m
&amp#27;[35m[HTTP]&amp#27;[39m &amp#27;[90m{}&amp#27;[39m
[debug] &amp#27;[35m[W3C (937ebac4)]&amp#27;[39m Calling AppiumDriver.getSession() with args: ["937ebac4-1fbd-4d9f-95d1-e813d5888f9d"]
[debug] &amp#27;[35m[UiAutomator2]&amp#27;[39m Getting session details from server to mix in
[debug] &amp#27;[35m[WD Proxy]&amp#27;[39m Matched '/' to command name 'getSession'
[debug] &amp#27;[35m[WD Proxy]&amp#27;[39m Proxying [GET /] to [GET http://127.0.0.1:8202/wd/hub/session/997a9288-92d3-4e25-813f-55acb27f291e] with no body
[debug] &amp#27;[35m[WD Proxy]&amp#27;[39m Got response with status 200: {"sessionId":"997a9288-92d3-4e25-813f-55acb27f291e","value":{"lastScrollData":null}}
[debug] &amp#27;[35m[W3C (937ebac4)]&amp#27;[39m Responding to client with driver.getSession() result: {"platform":"LINUX","webStorageEnabled":false,"takesScreenshot":true,"javascriptEnabled":true,"databaseEnabled":false,"networkConnectionEnabled":true,"locationContextEnabled":false,"warnings":{},"desired":{"platformName":"android","app":"./Resourses/in.workindia.apk","appActivity":"in.workindia.nileshdungarwal.workindiaandroid.RegisterActivity","appPackage":"in.workindia.nileshdungarwal.workindiaandroid","deviceName":"emulator-5554","platformVersion":"8.1"},"platformName":"android","app":"./Resourses/in.workindia.apk","appActivity":"in.workindia.nileshdungarwal.workindiaandroid.RegisterActivity","appPackage":"in.workindia.nileshdungarwal.workindiaandroid","deviceName":"emulator-5554","platformVersion":"8.1.0","deviceUDID":"emulator-5554","deviceApiLevel":27,"deviceScreenSize":"1080x2160","deviceScreenDensity":440,"deviceModel":"Android SDK built for x86","deviceManufacturer":"Google","pixelRatio":2.75,"statBarHeight":66,"viewportRect":{"left":0,"top":66,"width":1080,"height":1962},"lastScrollData":null}
&amp#27;[35m[HTTP]&amp#27;[39m &amp#27;[37m<-- GET /wd/hub/session/937ebac4-1fbd-4d9f-95d1-e813d5888f9d &amp#27;[39m&amp#27;[32m200&amp#27;[39m &amp#27;[90m17 ms - 1028&amp#27;[39m
&amp#27;[35m[HTTP]&amp#27;[39m &amp#27;[90m&amp#27;[39m
&amp#27;[35m[HTTP]&amp#27;[39m &amp#27;[37m-->&amp#27;[39m &amp#27;[37mGET&amp#27;[39m &amp#27;[37m/wd/hub/session/937ebac4-1fbd-4d9f-95d1-e813d5888f9d&amp#27;[39m
&amp#27;[35m[HTTP]&amp#27;[39m &amp#27;[90m{}&amp#27;[39m
[debug] &amp#27;[35m[W3C (937ebac4)]&amp#27;[39m Calling AppiumDriver.getSession() with args: ["937ebac4-1fbd-4d9f-95d1-e813d5888f9d"]
[debug] &amp#27;[35m[UiAutomator2]&amp#27;[39m Getting session details from server to mix in
[debug] &amp#27;[35m[WD Proxy]&amp#27;[39m Matched '/' to command name 'getSession'
[debug] &amp#27;[35m[WD Proxy]&amp#27;[39m Proxying [GET /] to [GET http://127.0.0.1:8202/wd/hub/session/997a9288-92d3-4e25-813f-55acb27f291e] with no body
[debug] &amp#27;[35m[WD Proxy]&amp#27;[39m Got response with status 200: {"sessionId":"997a9288-92d3-4e25-813f-55acb27f291e","value":{"lastScrollData":null}}
[debug] &amp#27;[35m[W3C (937ebac4)]&amp#27;[39m Responding to client with driver.getSession() result: {"platform":"LINUX","webStorageEnabled":false,"takesScreenshot":true,"javascriptEnabled":true,"databaseEnabled":false,"networkConnectionEnabled":true,"locationContextEnabled":false,"warnings":{},"desired":{"platformName":"android","app":"./Resourses/in.workindia.apk","appActivity":"in.workindia.nileshdungarwal.workindiaandroid.RegisterActivity","appPackage":"in.workindia.nileshdungarwal.workindiaandroid","deviceName":"emulator-5554","platformVersion":"8.1"},"platformName":"android","app":"./Resourses/in.workindia.apk","appActivity":"in.workindia.nileshdungarwal.workindiaandroid.RegisterActivity","appPackage":"in.workindia.nileshdungarwal.workindiaandroid","deviceName":"emulator-5554","platformVersion":"8.1.0","deviceUDID":"emulator-5554","deviceApiLevel":27,"deviceScreenSize":"1080x2160","deviceScreenDensity":440,"deviceModel":"Android SDK built for x86","deviceManufacturer":"Google","pixelRatio":2.75,"statBarHeight":66,"viewportRect":{"left":0,"top":66,"width":1080,"height":1962},"lastScrollData":null}
&amp#27;[35m[HTTP]&amp#27;[39m &amp#27;[37m<-- GET /wd/hub/session/937ebac4-1fbd-4d9f-95d1-e813d5888f9d &amp#27;[39m&amp#27;[32m200&amp#27;[39m &amp#27;[90m15 ms - 1028&amp#27;[39m
&amp#27;[35m[HTTP]&amp#27;[39m &amp#27;[90m&amp#27;[39m
&amp#27;[35m[HTTP]&amp#27;[39m &amp#27;[37m-->&amp#27;[39m &amp#27;[37mPOST&amp#27;[39m &amp#27;[37m/wd/hub/session/937ebac4-1fbd-4d9f-95d1-e813d5888f9d/element&amp#27;[39m
&amp#27;[35m[HTTP]&amp#27;[39m &amp#27;[90m{"using":"id","value":"in.workindia.nileshdungarwal.workindiaandroid:id/rb_delhi"}&amp#27;[39m
[debug] &amp#27;[35m[W3C (937ebac4)]&amp#27;[39m Calling AppiumDriver.findElement() with args: ["id","in.workindia.nileshdungarwal.workindiaandroid:id/rb_delhi","937ebac4-1fbd-4d9f-95d1-e813d5888f9d"]
[debug] &amp#27;[35m[BaseDriver]&amp#27;[39m Valid locator strategies for this request: xpath, id, class name, accessibility id, css selector, -android uiautomator
[debug] &amp#27;[35m[BaseDriver]&amp#27;[39m Waiting up to 30000 ms for condition
[debug] &amp#27;[35m[WD Proxy]&amp#27;[39m Matched '/element' to command name 'findElement'
[debug] &amp#27;[35m[WD Proxy]&amp#27;[39m Proxying [POST /element] to [POST http://127.0.0.1:8202/wd/hub/session/997a9288-92d3-4e25-813f-55acb27f291e/element] with body: {"strategy":"id","selector":"in.workindia.nileshdungarwal.workindiaandroid:id/rb_delhi","context":"","multiple":false}
&amp#27;[35m[WD Proxy]&amp#27;[39m Got response with status 404: {"sessionId":"997a9288-92d3-4e25-813f-55acb27f291e","value":{"error":"no such element","message":"An element could not be located on the page using the given search parameters","stacktrace":"io.appium.uiautomator2.common.exceptions.ElementNotFoundException: An element could not be located on the page using the given search parameters\n\tat io.appium.uiautomator2.handler.FindElement.safeHandle(FindElement.java:73)\n\tat io.appium.uiautomator2.handler.request.SafeRequestHandler.handle(SafeRequestHandler.java:41)\n\tat io.appium.uiautomator2.server.AppiumServlet.handleRequest(AppiumServlet.java:261)\n\tat io.appium.uiautomator2.server.AppiumServlet.handleHttpRequest(AppiumServlet.java:255)\n\tat io.appium.uiautomator2.http.ServerHandler.channelRead(ServerHandler.java:68)\n\tat io.netty.channel.AbstractChannelHandlerContext.invokeChannelRead(AbstractChannelHandlerContext.java:366)\n\tat io.netty.channel.AbstractChannelHandlerContext.invokeChannelRead(AbstractChannelHandlerContext.java:352)\n\tat io.netty.chann...
[debug] &amp#27;[35m[W3C]&amp#27;[39m Matched W3C error code 'no such element' to NoSuchElementError
[debug] &amp#27;[35m[BaseDriver]&amp#27;[39m Waited for 192 ms so far
[debug] &amp#27;[35m[WD Proxy]&amp#27;[39m Matched '/element' to command name 'findElement'
[debug] &amp#27;[35m[WD Proxy]&amp#27;[39m Proxying [POST /element] to [POST http://127.0.0.1:8202/wd/hub/session/997a9288-92d3-4e25-813f-55acb27f291e/element] with body: {"strategy":"id","selector":"in.workindia.nileshdungarwal.workindiaandroid:id/rb_delhi","context":"","multiple":false}
&amp#27;[35m[WD Proxy]&amp#27;[39m Got response with status 404: {"sessionId":"997a9288-92d3-4e25-813f-55acb27f291e","value":{"error":"no such element","message":"An element could not be located on the page using the given search parameters","stacktrace":"io.appium.uiautomator2.common.exceptions.ElementNotFoundException: An element could not be located on the page using the given search parameters\n\tat io.appium.uiautomator2.handler.FindElement.safeHandle(FindElement.java:73)\n\tat io.appium.uiautomator2.handler.request.SafeRequestHandler.handle(SafeRequestHandler.java:41)\n\tat io.appium.uiautomator2.server.AppiumServlet.handleRequest(AppiumServlet.java:261)\n\tat io.appium.uiautomator2.server.AppiumServlet.handleHttpRequest(AppiumServlet.java:255)\n\tat io.appium.uiautomator2.http.ServerHandler.channelRead(ServerHandler.java:68)\n\tat io.netty.channel.AbstractChannelHandlerContext.invokeChannelRead(AbstractChannelHandlerContext.java:366)\n\tat io.netty.channel.AbstractChannelHandlerContext.invokeChannelRead(AbstractChannelHandlerContext.java:352)\n\tat io.netty.chann...
[debug] &amp#27;[35m[W3C]&amp#27;[39m Matched W3C error code 'no such element' to NoSuchElementError
[debug] &amp#27;[35m[BaseDriver]&amp#27;[39m Waited for 835 ms so far
[debug] &amp#27;[35m[WD Proxy]&amp#27;[39m Matched '/element' to command name 'findElement'
[debug] &amp#27;[35m[WD Proxy]&amp#27;[39m Proxying [POST /element] to [POST http://127.0.0.1:8202/wd/hub/session/997a9288-92d3-4e25-813f-55acb27f291e/element] with body: {"strategy":"id","selector":"in.workindia.nileshdungarwal.workindiaandroid:id/rb_delhi","context":"","multiple":false}
&amp#27;[35m[WD Proxy]&amp#27;[39m Got response with status 404: {"sessionId":"997a9288-92d3-4e25-813f-55acb27f291e","value":{"error":"no such element","message":"An element could not be located on the page using the given search parameters","stacktrace":"io.appium.uiautomator2.common.exceptions.ElementNotFoundException: An element could not be located on the page using the given search parameters\n\tat io.appium.uiautomator2.handler.FindElement.safeHandle(FindElement.java:73)\n\tat io.appium.uiautomator2.handler.request.SafeRequestHandler.handle(SafeRequestHandler.java:41)\n\tat io.appium.uiautomator2.server.AppiumServlet.handleRequest(AppiumServlet.java:261)\n\tat io.appium.uiautomator2.server.AppiumServlet.handleHttpRequest(AppiumServlet.java:255)\n\tat io.appium.uiautomator2.http.ServerHandler.channelRead(ServerHandler.java:68)\n\tat io.netty.channel.AbstractChannelHandlerContext.invokeChannelRead(AbstractChannelHandlerContext.java:366)\n\tat io.netty.channel.AbstractChannelHandlerContext.invokeChannelRead(AbstractChannelHandlerContext.java:352)\n\tat io.netty.chann...
[debug] &amp#27;[35m[W3C]&amp#27;[39m Matched W3C error code 'no such element' to NoSuchElementError
[debug] &amp#27;[35m[BaseDriver]&amp#27;[39m Waited for 1369 ms so far
[debug] &amp#27;[35m[WD Proxy]&amp#27;[39m Matched '/element' to command name 'findElement'
[debug] &amp#27;[35m[WD Proxy]&amp#27;[39m Proxying [POST /element] to [POST http://127.0.0.1:8202/wd/hub/session/997a9288-92d3-4e25-813f-55acb27f291e/element] with body: {"strategy":"id","selector":"in.workindia.nileshdungarwal.workindiaandroid:id/rb_delhi","context":"","multiple":false}
&amp#27;[35m[WD Proxy]&amp#27;[39m Got response with status 404: {"sessionId":"997a9288-92d3-4e25-813f-55acb27f291e","value":{"error":"no such element","message":"An element could not be located on the page using the given search parameters","stacktrace":"io.appium.uiautomator2.common.exceptions.ElementNotFoundException: An element could not be located on the page using the given search parameters\n\tat io.appium.uiautomator2.handler.FindElement.safeHandle(FindElement.java:73)\n\tat io.appium.uiautomator2.handler.request.SafeRequestHandler.handle(SafeRequestHandler.java:41)\n\tat io.appium.uiautomator2.server.AppiumServlet.handleRequest(AppiumServlet.java:261)\n\tat io.appium.uiautomator2.server.AppiumServlet.handleHttpRequest(AppiumServlet.java:255)\n\tat io.appium.uiautomator2.http.ServerHandler.channelRead(ServerHandler.java:68)\n\tat io.netty.channel.AbstractChannelHandlerContext.invokeChannelRead(AbstractChannelHandlerContext.java:366)\n\tat io.netty.channel.AbstractChannelHandlerContext.invokeChannelRead(AbstractChannelHandlerContext.java:352)\n\tat io.netty.chann...
[debug] &amp#27;[35m[W3C]&amp#27;[39m Matched W3C error code 'no such element' to NoSuchElementError
[debug] &amp#27;[35m[BaseDriver]&amp#27;[39m Waited for 1906 ms so far
[debug] &amp#27;[35m[WD Proxy]&amp#27;[39m Matched '/element' to command name 'findElement'
[debug] &amp#27;[35m[WD Proxy]&amp#27;[39m Proxying [POST /element] to [POST http://127.0.0.1:8202/wd/hub/session/997a9288-92d3-4e25-813f-55acb27f291e/element] with body: {"strategy":"id","selector":"in.workindia.nileshdungarwal.workindiaandroid:id/rb_delhi","context":"","multiple":false}
&amp#27;[35m[WD Proxy]&amp#27;[39m Got response with status 404: {"sessionId":"997a9288-92d3-4e25-813f-55acb27f291e","value":{"error":"no such element","message":"An element could not be located on the page using the given search parameters","stacktrace":"io.appium.uiautomator2.common.exceptions.ElementNotFoundException: An element could not be located on the page using the given search parameters\n\tat io.appium.uiautomator2.handler.FindElement.safeHandle(FindElement.java:73)\n\tat io.appium.uiautomator2.handler.request.SafeRequestHandler.handle(SafeRequestHandler.java:41)\n\tat io.appium.uiautomator2.server.AppiumServlet.handleRequest(AppiumServlet.java:261)\n\tat io.appium.uiautomator2.server.AppiumServlet.handleHttpRequest(AppiumServlet.java:255)\n\tat io.appium.uiautomator2.http.ServerHandler.channelRead(ServerHandler.java:68)\n\tat io.netty.channel.AbstractChannelHandlerContext.invokeChannelRead(AbstractChannelHandlerContext.java:366)\n\tat io.netty.channel.AbstractChannelHandlerContext.invokeChannelRead(AbstractChannelHandlerContext.java:352)\n\tat io.netty.chann...
[debug] &amp#27;[35m[W3C]&amp#27;[39m Matched W3C error code 'no such element' to NoSuchElementError
[debug] &amp#27;[35m[BaseDriver]&amp#27;[39m Waited for 2441 ms so far
[debug] &amp#27;[35m[WD Proxy]&amp#27;[39m Matched '/element' to command name 'findElement'
[debug] &amp#27;[35m[WD Proxy]&amp#27;[39m Proxying [POST /element] to [POST http://127.0.0.1:8202/wd/hub/session/997a9288-92d3-4e25-813f-55acb27f291e/element] with body: {"strategy":"id","selector":"in.workindia.nileshdungarwal.workindiaandroid:id/rb_delhi","context":"","multiple":false}
&amp#27;[35m[WD Proxy]&amp#27;[39m Got response with status 404: {"sessionId":"997a9288-92d3-4e25-813f-55acb27f291e","value":{"error":"no such element","message":"An element could not be located on the page using the given search parameters","stacktrace":"io.appium.uiautomator2.common.exceptions.ElementNotFoundException: An element could not be located on the page using the given search parameters\n\tat io.appium.uiautomator2.handler.FindElement.safeHandle(FindElement.java:73)\n\tat io.appium.uiautomator2.handler.request.SafeRequestHandler.handle(SafeRequestHandler.java:41)\n\tat io.appium.uiautomator2.server.AppiumServlet.handleRequest(AppiumServlet.java:261)\n\tat io.appium.uiautomator2.server.AppiumServlet.handleHttpRequest(AppiumServlet.java:255)\n\tat io.appium.uiautomator2.http.ServerHandler.channelRead(ServerHandler.java:68)\n\tat io.netty.channel.AbstractChannelHandlerContext.invokeChannelRead(AbstractChannelHandlerContext.java:366)\n\tat io.netty.channel.AbstractChannelHandlerContext.invokeChannelRead(AbstractChannelHandlerContext.java:352)\n\tat io.netty.chann...
[debug] &amp#27;[35m[W3C]&amp#27;[39m Matched W3C error code 'no such element' to NoSuchElementError
[debug] &amp#27;[35m[BaseDriver]&amp#27;[39m Waited for 2993 ms so far
[debug] &amp#27;[35m[WD Proxy]&amp#27;[39m Matched '/element' to command name 'findElement'
[debug] &amp#27;[35m[WD Proxy]&amp#27;[39m Proxying [POST /element] to [POST http://127.0.0.1:8202/wd/hub/session/997a9288-92d3-4e25-813f-55acb27f291e/element] with body: {"strategy":"id","selector":"in.workindia.nileshdungarwal.workindiaandroid:id/rb_delhi","context":"","multiple":false}
&amp#27;[35m[WD Proxy]&amp#27;[39m Got response with status 404: {"sessionId":"997a9288-92d3-4e25-813f-55acb27f291e","value":{"error":"no such element","message":"An element could not be located on the page using the given search parameters","stacktrace":"io.appium.uiautomator2.common.exceptions.ElementNotFoundException: An element could not be located on the page using the given search parameters\n\tat io.appium.uiautomator2.handler.FindElement.safeHandle(FindElement.java:73)\n\tat io.appium.uiautomator2.handler.request.SafeRequestHandler.handle(SafeRequestHandler.java:41)\n\tat io.appium.uiautomator2.server.AppiumServlet.handleRequest(AppiumServlet.java:261)\n\tat io.appium.uiautomator2.server.AppiumServlet.handleHttpRequest(AppiumServlet.java:255)\n\tat io.appium.uiautomator2.http.ServerHandler.channelRead(ServerHandler.java:68)\n\tat io.netty.channel.AbstractChannelHandlerContext.invokeChannelRead(AbstractChannelHandlerContext.java:366)\n\tat io.netty.channel.AbstractChannelHandlerContext.invokeChannelRead(AbstractChannelHandlerContext.java:352)\n\tat io.netty.chann...
[debug] &amp#27;[35m[W3C]&amp#27;[39m Matched W3C error code 'no such element' to NoSuchElementError
[debug] &amp#27;[35m[BaseDriver]&amp#27;[39m Waited for 3533 ms so far
[debug] &amp#27;[35m[WD Proxy]&amp#27;[39m Matched '/element' to command name 'findElement'
[debug] &amp#27;[35m[WD Proxy]&amp#27;[39m Proxying [POST /element] to [POST http://127.0.0.1:8202/wd/hub/session/997a9288-92d3-4e25-813f-55acb27f291e/element] with body: {"strategy":"id","selector":"in.workindia.nileshdungarwal.workindiaandroid:id/rb_delhi","context":"","multiple":false}
&amp#27;[35m[WD Proxy]&amp#27;[39m Got response with status 404: {"sessionId":"997a9288-92d3-4e25-813f-55acb27f291e","value":{"error":"no such element","message":"An element could not be located on the page using the given search parameters","stacktrace":"io.appium.uiautomator2.common.exceptions.ElementNotFoundException: An element could not be located on the page using the given search parameters\n\tat io.appium.uiautomator2.handler.FindElement.safeHandle(FindElement.java:73)\n\tat io.appium.uiautomator2.handler.request.SafeRequestHandler.handle(SafeRequestHandler.java:41)\n\tat io.appium.uiautomator2.server.AppiumServlet.handleRequest(AppiumServlet.java:261)\n\tat io.appium.uiautomator2.server.AppiumServlet.handleHttpRequest(AppiumServlet.java:255)\n\tat io.appium.uiautomator2.http.ServerHandler.channelRead(ServerHandler.java:68)\n\tat io.netty.channel.AbstractChannelHandlerContext.invokeChannelRead(AbstractChannelHandlerContext.java:366)\n\tat io.netty.channel.AbstractChannelHandlerContext.invokeChannelRead(AbstractChannelHandlerContext.java:352)\n\tat io.netty.chann...
[debug] &amp#27;[35m[W3C]&amp#27;[39m Matched W3C error code 'no such element' to NoSuchElementError
[debug] &amp#27;[35m[BaseDriver]&amp#27;[39m Waited for 4079 ms so far
[debug] &amp#27;[35m[WD Proxy]&amp#27;[39m Matched '/element' to command name 'findElement'
[debug] &amp#27;[35m[WD Proxy]&amp#27;[39m Proxying [POST /element] to [POST http://127.0.0.1:8202/wd/hub/session/997a9288-92d3-4e25-813f-55acb27f291e/element] with body: {"strategy":"id","selector":"in.workindia.nileshdungarwal.workindiaandroid:id/rb_delhi","context":"","multiple":false}
&amp#27;[35m[WD Proxy]&amp#27;[39m Got response with status 404: {"sessionId":"997a9288-92d3-4e25-813f-55acb27f291e","value":{"error":"no such element","message":"An element could not be located on the page using the given search parameters","stacktrace":"io.appium.uiautomator2.common.exceptions.ElementNotFoundException: An element could not be located on the page using the given search parameters\n\tat io.appium.uiautomator2.handler.FindElement.safeHandle(FindElement.java:73)\n\tat io.appium.uiautomator2.handler.request.SafeRequestHandler.handle(SafeRequestHandler.java:41)\n\tat io.appium.uiautomator2.server.AppiumServlet.handleRequest(AppiumServlet.java:261)\n\tat io.appium.uiautomator2.server.AppiumServlet.handleHttpRequest(AppiumServlet.java:255)\n\tat io.appium.uiautomator2.http.ServerHandler.channelRead(ServerHandler.java:68)\n\tat io.netty.channel.AbstractChannelHandlerContext.invokeChannelRead(AbstractChannelHandlerContext.java:366)\n\tat io.netty.channel.AbstractChannelHandlerContext.invokeChannelRead(AbstractChannelHandlerContext.java:352)\n\tat io.netty.chann...
[debug] &amp#27;[35m[W3C]&amp#27;[39m Matched W3C error code 'no such element' to NoSuchElementError
[debug] &amp#27;[35m[BaseDriver]&amp#27;[39m Waited for 4606 ms so far
[debug] &amp#27;[35m[WD Proxy]&amp#27;[39m Matched '/element' to command name 'findElement'
[debug] &amp#27;[35m[WD Proxy]&amp#27;[39m Proxying [POST /element] to [POST http://127.0.0.1:8202/wd/hub/session/997a9288-92d3-4e25-813f-55acb27f291e/element] with body: {"strategy":"id","selector":"in.workindia.nileshdungarwal.workindiaandroid:id/rb_delhi","context":"","multiple":false}
&amp#27;[35m[WD Proxy]&amp#27;[39m Got response with status 404: {"sessionId":"997a9288-92d3-4e25-813f-55acb27f291e","value":{"error":"no such element","message":"An element could not be located on the page using the given search parameters","stacktrace":"io.appium.uiautomator2.common.exceptions.ElementNotFoundException: An element could not be located on the page using the given search parameters\n\tat io.appium.uiautomator2.handler.FindElement.safeHandle(FindElement.java:73)\n\tat io.appium.uiautomator2.handler.request.SafeRequestHandler.handle(SafeRequestHandler.java:41)\n\tat io.appium.uiautomator2.server.AppiumServlet.handleRequest(AppiumServlet.java:261)\n\tat io.appium.uiautomator2.server.AppiumServlet.handleHttpRequest(AppiumServlet.java:255)\n\tat io.appium.uiautomator2.http.ServerHandler.channelRead(ServerHandler.java:68)\n\tat io.netty.channel.AbstractChannelHandlerContext.invokeChannelRead(AbstractChannelHandlerContext.java:366)\n\tat io.netty.channel.AbstractChannelHandlerContext.invokeChannelRead(AbstractChannelHandlerContext.java:352)\n\tat io.netty.chann...
[debug] &amp#27;[35m[W3C]&amp#27;[39m Matched W3C error code 'no such element' to NoSuchElementError
[debug] &amp#27;[35m[BaseDriver]&amp#27;[39m Waited for 5147 ms so far
[debug] &amp#27;[35m[WD Proxy]&amp#27;[39m Matched '/element' to command name 'findElement'
[debug] &amp#27;[35m[WD Proxy]&amp#27;[39m Proxying [POST /element] to [POST http://127.0.0.1:8202/wd/hub/session/997a9288-92d3-4e25-813f-55acb27f291e/element] with body: {"strategy":"id","selector":"in.workindia.nileshdungarwal.workindiaandroid:id/rb_delhi","context":"","multiple":false}
&amp#27;[35m[WD Proxy]&amp#27;[39m Got response with status 404: {"sessionId":"997a9288-92d3-4e25-813f-55acb27f291e","value":{"error":"no such element","message":"An element could not be located on the page using the given search parameters","stacktrace":"io.appium.uiautomator2.common.exceptions.ElementNotFoundException: An element could not be located on the page using the given search parameters\n\tat io.appium.uiautomator2.handler.FindElement.safeHandle(FindElement.java:73)\n\tat io.appium.uiautomator2.handler.request.SafeRequestHandler.handle(SafeRequestHandler.java:41)\n\tat io.appium.uiautomator2.server.AppiumServlet.handleRequest(AppiumServlet.java:261)\n\tat io.appium.uiautomator2.server.AppiumServlet.handleHttpRequest(AppiumServlet.java:255)\n\tat io.appium.uiautomator2.http.ServerHandler.channelRead(ServerHandler.java:68)\n\tat io.netty.channel.AbstractChannelHandlerContext.invokeChannelRead(AbstractChannelHandlerContext.java:366)\n\tat io.netty.channel.AbstractChannelHandlerContext.invokeChannelRead(AbstractChannelHandlerContext.java:352)\n\tat io.netty.chann...
[debug] &amp#27;[35m[W3C]&amp#27;[39m Matched W3C error code 'no such element' to NoSuchElementError
[debug] &amp#27;[35m[BaseDriver]&amp#27;[39m Waited for 5680 ms so far
[debug] &amp#27;[35m[WD Proxy]&amp#27;[39m Matched '/element' to command name 'findElement'
[debug] &amp#27;[35m[WD Proxy]&amp#27;[39m Proxying [POST /element] to [POST http://127.0.0.1:8202/wd/hub/session/997a9288-92d3-4e25-813f-55acb27f291e/element] with body: {"strategy":"id","selector":"in.workindia.nileshdungarwal.workindiaandroid:id/rb_delhi","context":"","multiple":false}
&amp#27;[35m[WD Proxy]&amp#27;[39m Got response with status 404: {"sessionId":"997a9288-92d3-4e25-813f-55acb27f291e","value":{"error":"no such element","message":"An element could not be located on the page using the given search parameters","stacktrace":"io.appium.uiautomator2.common.exceptions.ElementNotFoundException: An element could not be located on the page using the given search parameters\n\tat io.appium.uiautomator2.handler.FindElement.safeHandle(FindElement.java:73)\n\tat io.appium.uiautomator2.handler.request.SafeRequestHandler.handle(SafeRequestHandler.java:41)\n\tat io.appium.uiautomator2.server.AppiumServlet.handleRequest(AppiumServlet.java:261)\n\tat io.appium.uiautomator2.server.AppiumServlet.handleHttpRequest(AppiumServlet.java:255)\n\tat io.appium.uiautomator2.http.ServerHandler.channelRead(ServerHandler.java:68)\n\tat io.netty.channel.AbstractChannelHandlerContext.invokeChannelRead(AbstractChannelHandlerContext.java:366)\n\tat io.netty.channel.AbstractChannelHandlerContext.invokeChannelRead(AbstractChannelHandlerContext.java:352)\n\tat io.netty.chann...
[debug] &amp#27;[35m[W3C]&amp#27;[39m Matched W3C error code 'no such element' to NoSuchElementError
[debug] &amp#27;[35m[BaseDriver]&amp#27;[39m Waited for 6211 ms so far
[debug] &amp#27;[35m[WD Proxy]&amp#27;[39m Matched '/element' to command name 'findElement'
[debug] &amp#27;[35m[WD Proxy]&amp#27;[39m Proxying [POST /element] to [POST http://127.0.0.1:8202/wd/hub/session/997a9288-92d3-4e25-813f-55acb27f291e/element] with body: {"strategy":"id","selector":"in.workindia.nileshdungarwal.workindiaandroid:id/rb_delhi","context":"","multiple":false}
&amp#27;[35m[WD Proxy]&amp#27;[39m Got response with status 404: {"sessionId":"997a9288-92d3-4e25-813f-55acb27f291e","value":{"error":"no such element","message":"An element could not be located on the page using the given search parameters","stacktrace":"io.appium.uiautomator2.common.exceptions.ElementNotFoundException: An element could not be located on the page using the given search parameters\n\tat io.appium.uiautomator2.handler.FindElement.safeHandle(FindElement.java:73)\n\tat io.appium.uiautomator2.handler.request.SafeRequestHandler.handle(SafeRequestHandler.java:41)\n\tat io.appium.uiautomator2.server.AppiumServlet.handleRequest(AppiumServlet.java:261)\n\tat io.appium.uiautomator2.server.AppiumServlet.handleHttpRequest(AppiumServlet.java:255)\n\tat io.appium.uiautomator2.http.ServerHandler.channelRead(ServerHandler.java:68)\n\tat io.netty.channel.AbstractChannelHandlerContext.invokeChannelRead(AbstractChannelHandlerContext.java:366)\n\tat io.netty.channel.AbstractChannelHandlerContext.invokeChannelRead(AbstractChannelHandlerContext.java:352)\n\tat io.netty.chann...
[debug] &amp#27;[35m[W3C]&amp#27;[39m Matched W3C error code 'no such element' to NoSuchElementError
[debug] &amp#27;[35m[BaseDriver]&amp#27;[39m Waited for 6767 ms so far
[debug] &amp#27;[35m[WD Proxy]&amp#27;[39m Matched '/element' to command name 'findElement'
[debug] &amp#27;[35m[WD Proxy]&amp#27;[39m Proxying [POST /element] to [POST http://127.0.0.1:8202/wd/hub/session/997a9288-92d3-4e25-813f-55acb27f291e/element] with body: {"strategy":"id","selector":"in.workindia.nileshdungarwal.workindiaandroid:id/rb_delhi","context":"","multiple":false}
[debug] &amp#27;[35m[WD Proxy]&amp#27;[39m Got response with status 200: {"sessionId":"997a9288-92d3-4e25-813f-55acb27f291e","value":{"ELEMENT":"2930f946-84fe-4388-a37f-e96ff9441404","element-6066-11e4-a52e-4f735466cecf":"2930f946-84fe-4388-a37f-e96ff9441404"}}
[debug] &amp#27;[35m[W3C (937ebac4)]&amp#27;[39m Responding to client with driver.findElement() result: {"element-6066-11e4-a52e-4f735466cecf":"2930f946-84fe-4388-a37f-e96ff9441404","ELEMENT":"2930f946-84fe-4388-a37f-e96ff9441404"}
&amp#27;[35m[HTTP]&amp#27;[39m &amp#27;[37m<-- POST /wd/hub/session/937ebac4-1fbd-4d9f-95d1-e813d5888f9d/element &amp#27;[39m&amp#27;[32m200&amp#27;[39m &amp#27;[90m8578 ms - 137&amp#27;[39m
&amp#27;[35m[HTTP]&amp#27;[39m &amp#27;[90m&amp#27;[39m
&amp#27;[35m[HTTP]&amp#27;[39m &amp#27;[37m-->&amp#27;[39m &amp#27;[37mPOST&amp#27;[39m &amp#27;[37m/wd/hub/session/937ebac4-1fbd-4d9f-95d1-e813d5888f9d/element/2930f946-84fe-4388-a37f-e96ff9441404/click&amp#27;[39m
&amp#27;[35m[HTTP]&amp#27;[39m &amp#27;[90m{"id":"2930f946-84fe-4388-a37f-e96ff9441404"}&amp#27;[39m
[debug] &amp#27;[35m[W3C (937ebac4)]&amp#27;[39m Calling AppiumDriver.click() with args: ["2930f946-84fe-4388-a37f-e96ff9441404","937ebac4-1fbd-4d9f-95d1-e813d5888f9d"]
[debug] &amp#27;[35m[WD Proxy]&amp#27;[39m Matched '/element/2930f946-84fe-4388-a37f-e96ff9441404/click' to command name 'click'
[debug] &amp#27;[35m[WD Proxy]&amp#27;[39m Proxying [POST /element/2930f946-84fe-4388-a37f-e96ff9441404/click] to [POST http://127.0.0.1:8202/wd/hub/session/997a9288-92d3-4e25-813f-55acb27f291e/element/2930f946-84fe-4388-a37f-e96ff9441404/click] with body: {"element":"2930f946-84fe-4388-a37f-e96ff9441404"}
[debug] &amp#27;[35m[WD Proxy]&amp#27;[39m Got response with status 200: {"sessionId":"997a9288-92d3-4e25-813f-55acb27f291e","value":null}
[debug] &amp#27;[35m[W3C (937ebac4)]&amp#27;[39m Responding to client with driver.click() result: null
&amp#27;[35m[HTTP]&amp#27;[39m &amp#27;[37m<-- POST /wd/hub/session/937ebac4-1fbd-4d9f-95d1-e813d5888f9d/element/2930f946-84fe-4388-a37f-e96ff9441404/click &amp#27;[39m&amp#27;[32m200&amp#27;[39m &amp#27;[90m106 ms - 14&amp#27;[39m
&amp#27;[35m[HTTP]&amp#27;[39m &amp#27;[90m&amp#27;[39m
&amp#27;[35m[HTTP]&amp#27;[39m &amp#27;[37m-->&amp#27;[39m &amp#27;[37mGET&amp#27;[39m &amp#27;[37m/wd/hub/session/937ebac4-1fbd-4d9f-95d1-e813d5888f9d&amp#27;[39m
&amp#27;[35m[HTTP]&amp#27;[39m &amp#27;[90m{}&amp#27;[39m
[debug] &amp#27;[35m[W3C (937ebac4)]&amp#27;[39m Calling AppiumDriver.getSession() with args: ["937ebac4-1fbd-4d9f-95d1-e813d5888f9d"]
[debug] &amp#27;[35m[UiAutomator2]&amp#27;[39m Getting session details from server to mix in
[debug] &amp#27;[35m[WD Proxy]&amp#27;[39m Matched '/' to command name 'getSession'
[debug] &amp#27;[35m[WD Proxy]&amp#27;[39m Proxying [GET /] to [GET http://127.0.0.1:8202/wd/hub/session/997a9288-92d3-4e25-813f-55acb27f291e] with no body
[debug] &amp#27;[35m[WD Proxy]&amp#27;[39m Got response with status 200: {"sessionId":"997a9288-92d3-4e25-813f-55acb27f291e","value":{"lastScrollData":null}}
[debug] &amp#27;[35m[W3C (937ebac4)]&amp#27;[39m Responding to client with driver.getSession() result: {"platform":"LINUX","webStorageEnabled":false,"takesScreenshot":true,"javascriptEnabled":true,"databaseEnabled":false,"networkConnectionEnabled":true,"locationContextEnabled":false,"warnings":{},"desired":{"platformName":"android","app":"./Resourses/in.workindia.apk","appActivity":"in.workindia.nileshdungarwal.workindiaandroid.RegisterActivity","appPackage":"in.workindia.nileshdungarwal.workindiaandroid","deviceName":"emulator-5554","platformVersion":"8.1"},"platformName":"android","app":"./Resourses/in.workindia.apk","appActivity":"in.workindia.nileshdungarwal.workindiaandroid.RegisterActivity","appPackage":"in.workindia.nileshdungarwal.workindiaandroid","deviceName":"emulator-5554","platformVersion":"8.1.0","deviceUDID":"emulator-5554","deviceApiLevel":27,"deviceScreenSize":"1080x2160","deviceScreenDensity":440,"deviceModel":"Android SDK built for x86","deviceManufacturer":"Google","pixelRatio":2.75,"statBarHeight":66,"viewportRect":{"left":0,"top":66,"width":1080,"height":1962},"lastScrollData":null}
&amp#27;[35m[HTTP]&amp#27;[39m &amp#27;[37m<-- GET /wd/hub/session/937ebac4-1fbd-4d9f-95d1-e813d5888f9d &amp#27;[39m&amp#27;[32m200&amp#27;[39m &amp#27;[90m13 ms - 1028&amp#27;[39m
&amp#27;[35m[HTTP]&amp#27;[39m &amp#27;[90m&amp#27;[39m
&amp#27;[35m[HTTP]&amp#27;[39m &amp#27;[37m-->&amp#27;[39m &amp#27;[37mGET&amp#27;[39m &amp#27;[37m/wd/hub/session/937ebac4-1fbd-4d9f-95d1-e813d5888f9d&amp#27;[39m
&amp#27;[35m[HTTP]&amp#27;[39m &amp#27;[90m{}&amp#27;[39m
[debug] &amp#27;[35m[W3C (937ebac4)]&amp#27;[39m Calling AppiumDriver.getSession() with args: ["937ebac4-1fbd-4d9f-95d1-e813d5888f9d"]
[debug] &amp#27;[35m[UiAutomator2]&amp#27;[39m Getting session details from server to mix in
[debug] &amp#27;[35m[WD Proxy]&amp#27;[39m Matched '/' to command name 'getSession'
[debug] &amp#27;[35m[WD Proxy]&amp#27;[39m Proxying [GET /] to [GET http://127.0.0.1:8202/wd/hub/session/997a9288-92d3-4e25-813f-55acb27f291e] with no body
[debug] &amp#27;[35m[WD Proxy]&amp#27;[39m Got response with status 200: {"sessionId":"997a9288-92d3-4e25-813f-55acb27f291e","value":{"lastScrollData":null}}
[debug] &amp#27;[35m[W3C (937ebac4)]&amp#27;[39m Responding to client with driver.getSession() result: {"platform":"LINUX","webStorageEnabled":false,"takesScreenshot":true,"javascriptEnabled":true,"databaseEnabled":false,"networkConnectionEnabled":true,"locationContextEnabled":false,"warnings":{},"desired":{"platformName":"android","app":"./Resourses/in.workindia.apk","appActivity":"in.workindia.nileshdungarwal.workindiaandroid.RegisterActivity","appPackage":"in.workindia.nileshdungarwal.workindiaandroid","deviceName":"emulator-5554","platformVersion":"8.1"},"platformName":"android","app":"./Resourses/in.workindia.apk","appActivity":"in.workindia.nileshdungarwal.workindiaandroid.RegisterActivity","appPackage":"in.workindia.nileshdungarwal.workindiaandroid","deviceName":"emulator-5554","platformVersion":"8.1.0","deviceUDID":"emulator-5554","deviceApiLevel":27,"deviceScreenSize":"1080x2160","deviceScreenDensity":440,"deviceModel":"Android SDK built for x86","deviceManufacturer":"Google","pixelRatio":2.75,"statBarHeight":66,"viewportRect":{"left":0,"top":66,"width":1080,"height":1962},"lastScrollData":null}
&amp#27;[35m[HTTP]&amp#27;[39m &amp#27;[37m<-- GET /wd/hub/session/937ebac4-1fbd-4d9f-95d1-e813d5888f9d &amp#27;[39m&amp#27;[32m200&amp#27;[39m &amp#27;[90m14 ms - 1028&amp#27;[39m
&amp#27;[35m[HTTP]&amp#27;[39m &amp#27;[90m&amp#27;[39m
&amp#27;[35m[HTTP]&amp#27;[39m &amp#27;[37m-->&amp#27;[39m &amp#27;[37mGET&amp#27;[39m &amp#27;[37m/wd/hub/session/937ebac4-1fbd-4d9f-95d1-e813d5888f9d&amp#27;[39m
&amp#27;[35m[HTTP]&amp#27;[39m &amp#27;[90m{}&amp#27;[39m
[debug] &amp#27;[35m[W3C (937ebac4)]&amp#27;[39m Calling AppiumDriver.getSession() with args: ["937ebac4-1fbd-4d9f-95d1-e813d5888f9d"]
[debug] &amp#27;[35m[UiAutomator2]&amp#27;[39m Getting session details from server to mix in
[debug] &amp#27;[35m[WD Proxy]&amp#27;[39m Matched '/' to command name 'getSession'
[debug] &amp#27;[35m[WD Proxy]&amp#27;[39m Proxying [GET /] to [GET http://127.0.0.1:8202/wd/hub/session/997a9288-92d3-4e25-813f-55acb27f291e] with no body
[debug] &amp#27;[35m[WD Proxy]&amp#27;[39m Got response with status 200: {"sessionId":"997a9288-92d3-4e25-813f-55acb27f291e","value":{"lastScrollData":null}}
[debug] &amp#27;[35m[W3C (937ebac4)]&amp#27;[39m Responding to client with driver.getSession() result: {"platform":"LINUX","webStorageEnabled":false,"takesScreenshot":true,"javascriptEnabled":true,"databaseEnabled":false,"networkConnectionEnabled":true,"locationContextEnabled":false,"warnings":{},"desired":{"platformName":"android","app":"./Resourses/in.workindia.apk","appActivity":"in.workindia.nileshdungarwal.workindiaandroid.RegisterActivity","appPackage":"in.workindia.nileshdungarwal.workindiaandroid","deviceName":"emulator-5554","platformVersion":"8.1"},"platformName":"android","app":"./Resourses/in.workindia.apk","appActivity":"in.workindia.nileshdungarwal.workindiaandroid.RegisterActivity","appPackage":"in.workindia.nileshdungarwal.workindiaandroid","deviceName":"emulator-5554","platformVersion":"8.1.0","deviceUDID":"emulator-5554","deviceApiLevel":27,"deviceScreenSize":"1080x2160","deviceScreenDensity":440,"deviceModel":"Android SDK built for x86","deviceManufacturer":"Google","pixelRatio":2.75,"statBarHeight":66,"viewportRect":{"left":0,"top":66,"width":1080,"height":1962},"lastScrollData":null}
&amp#27;[35m[HTTP]&amp#27;[39m &amp#27;[37m<-- GET /wd/hub/session/937ebac4-1fbd-4d9f-95d1-e813d5888f9d &amp#27;[39m&amp#27;[32m200&amp#27;[39m &amp#27;[90m14 ms - 1028&amp#27;[39m
&amp#27;[35m[HTTP]&amp#27;[39m &amp#27;[90m&amp#27;[39m
&amp#27;[35m[HTTP]&amp#27;[39m &amp#27;[37m-->&amp#27;[39m &amp#27;[37mPOST&amp#27;[39m &amp#27;[37m/wd/hub/session/937ebac4-1fbd-4d9f-95d1-e813d5888f9d/element&amp#27;[39m
&amp#27;[35m[HTTP]&amp#27;[39m &amp#27;[90m{"using":"id","value":"in.workindia.nileshdungarwal.workindiaandroid:id/act_auto_complete"}&amp#27;[39m
[debug] &amp#27;[35m[W3C (937ebac4)]&amp#27;[39m Calling AppiumDriver.findElement() with args: ["id","in.workindia.nileshdungarwal.workindiaandroid:id/act_auto_complete","937ebac4-1fbd-4d9f-95d1-e813d5888f9d"]
[debug] &amp#27;[35m[BaseDriver]&amp#27;[39m Valid locator strategies for this request: xpath, id, class name, accessibility id, css selector, -android uiautomator
[debug] &amp#27;[35m[BaseDriver]&amp#27;[39m Waiting up to 30000 ms for condition
[debug] &amp#27;[35m[WD Proxy]&amp#27;[39m Matched '/element' to command name 'findElement'
[debug] &amp#27;[35m[WD Proxy]&amp#27;[39m Proxying [POST /element] to [POST http://127.0.0.1:8202/wd/hub/session/997a9288-92d3-4e25-813f-55acb27f291e/element] with body: {"strategy":"id","selector":"in.workindia.nileshdungarwal.workindiaandroid:id/act_auto_complete","context":"","multiple":false}
&amp#27;[35m[WD Proxy]&amp#27;[39m Got response with status 404: {"sessionId":"997a9288-92d3-4e25-813f-55acb27f291e","value":{"error":"no such element","message":"An element could not be located on the page using the given search parameters","stacktrace":"io.appium.uiautomator2.common.exceptions.ElementNotFoundException: An element could not be located on the page using the given search parameters\n\tat io.appium.uiautomator2.handler.FindElement.safeHandle(FindElement.java:73)\n\tat io.appium.uiautomator2.handler.request.SafeRequestHandler.handle(SafeRequestHandler.java:41)\n\tat io.appium.uiautomator2.server.AppiumServlet.handleRequest(AppiumServlet.java:261)\n\tat io.appium.uiautomator2.server.AppiumServlet.handleHttpRequest(AppiumServlet.java:255)\n\tat io.appium.uiautomator2.http.ServerHandler.channelRead(ServerHandler.java:68)\n\tat io.netty.channel.AbstractChannelHandlerContext.invokeChannelRead(AbstractChannelHandlerContext.java:366)\n\tat io.netty.channel.AbstractChannelHandlerContext.invokeChannelRead(AbstractChannelHandlerContext.java:352)\n\tat io.netty.chann...
[debug] &amp#27;[35m[W3C]&amp#27;[39m Matched W3C error code 'no such element' to NoSuchElementError
[debug] &amp#27;[35m[BaseDriver]&amp#27;[39m Waited for 673 ms so far
[debug] &amp#27;[35m[WD Proxy]&amp#27;[39m Matched '/element' to command name 'findElement'
[debug] &amp#27;[35m[WD Proxy]&amp#27;[39m Proxying [POST /element] to [POST http://127.0.0.1:8202/wd/hub/session/997a9288-92d3-4e25-813f-55acb27f291e/element] with body: {"strategy":"id","selector":"in.workindia.nileshdungarwal.workindiaandroid:id/act_auto_complete","context":"","multiple":false}
[debug] &amp#27;[35m[WD Proxy]&amp#27;[39m Got response with status 200: {"sessionId":"997a9288-92d3-4e25-813f-55acb27f291e","value":{"ELEMENT":"07263a98-526f-4641-88cb-030a4a993dd3","element-6066-11e4-a52e-4f735466cecf":"07263a98-526f-4641-88cb-030a4a993dd3"}}
[debug] &amp#27;[35m[W3C (937ebac4)]&amp#27;[39m Responding to client with driver.findElement() result: {"element-6066-11e4-a52e-4f735466cecf":"07263a98-526f-4641-88cb-030a4a993dd3","ELEMENT":"07263a98-526f-4641-88cb-030a4a993dd3"}
&amp#27;[35m[HTTP]&amp#27;[39m &amp#27;[37m<-- POST /wd/hub/session/937ebac4-1fbd-4d9f-95d1-e813d5888f9d/element &amp#27;[39m&amp#27;[32m200&amp#27;[39m &amp#27;[90m1567 ms - 137&amp#27;[39m
&amp#27;[35m[HTTP]&amp#27;[39m &amp#27;[90m&amp#27;[39m
&amp#27;[35m[HTTP]&amp#27;[39m &amp#27;[37m-->&amp#27;[39m &amp#27;[37mPOST&amp#27;[39m &amp#27;[37m/wd/hub/session/937ebac4-1fbd-4d9f-95d1-e813d5888f9d/element/07263a98-526f-4641-88cb-030a4a993dd3/value&amp#27;[39m
&amp#27;[35m[HTTP]&amp#27;[39m &amp#27;[90m{"id":"07263a98-526f-4641-88cb-030a4a993dd3","text":"Karol Bagh","value":["K","a","r","o","l"," ","B","a","g","h"]}&amp#27;[39m
[debug] &amp#27;[35m[W3C (937ebac4)]&amp#27;[39m Calling AppiumDriver.setValue() with args: [["K","a","r","o","l"," ","B","a","g","h"],"07263a98-526f-4641-88cb-030a4a993dd3","937ebac4-1fbd-4d9f-95d1-e813d5888f9d"]
[debug] &amp#27;[35m[WD Proxy]&amp#27;[39m Matched '/element/07263a98-526f-4641-88cb-030a4a993dd3/value' to command name 'setValue'
[debug] &amp#27;[35m[Protocol Converter]&amp#27;[39m Added 'value' property ["K","a","r","o","l"," ","B","a","g","h"] to 'setValue' request body
[debug] &amp#27;[35m[WD Proxy]&amp#27;[39m Proxying [POST /element/07263a98-526f-4641-88cb-030a4a993dd3/value] to [POST http://127.0.0.1:8202/wd/hub/session/997a9288-92d3-4e25-813f-55acb27f291e/element/07263a98-526f-4641-88cb-030a4a993dd3/value] with body: {"elementId":"07263a98-526f-4641-88cb-030a4a993dd3","text":"Karol Bagh","replace":false,"value":["K","a","r","o","l"," ","B","a","g","h"]}
[debug] &amp#27;[35m[WD Proxy]&amp#27;[39m Got response with status 200: {"sessionId":"997a9288-92d3-4e25-813f-55acb27f291e","value":null}
[debug] &amp#27;[35m[W3C (937ebac4)]&amp#27;[39m Responding to client with driver.setValue() result: null
&amp#27;[35m[HTTP]&amp#27;[39m &amp#27;[37m<-- POST /wd/hub/session/937ebac4-1fbd-4d9f-95d1-e813d5888f9d/element/07263a98-526f-4641-88cb-030a4a993dd3/value &amp#27;[39m&amp#27;[32m200&amp#27;[39m &amp#27;[90m563 ms - 14&amp#27;[39m
&amp#27;[35m[HTTP]&amp#27;[39m &amp#27;[90m&amp#27;[39m
&amp#27;[35m[HTTP]&amp#27;[39m &amp#27;[37m-->&amp#27;[39m &amp#27;[37mGET&amp#27;[39m &amp#27;[37m/wd/hub/session/937ebac4-1fbd-4d9f-95d1-e813d5888f9d&amp#27;[39m
&amp#27;[35m[HTTP]&amp#27;[39m &amp#27;[90m{}&amp#27;[39m
[debug] &amp#27;[35m[W3C (937ebac4)]&amp#27;[39m Calling AppiumDriver.getSession() with args: ["937ebac4-1fbd-4d9f-95d1-e813d5888f9d"]
[debug] &amp#27;[35m[UiAutomator2]&amp#27;[39m Getting session details from server to mix in
[debug] &amp#27;[35m[WD Proxy]&amp#27;[39m Matched '/' to command name 'getSession'
[debug] &amp#27;[35m[WD Proxy]&amp#27;[39m Proxying [GET /] to [GET http://127.0.0.1:8202/wd/hub/session/997a9288-92d3-4e25-813f-55acb27f291e] with no body
[debug] &amp#27;[35m[WD Proxy]&amp#27;[39m Got response with status 200: {"sessionId":"997a9288-92d3-4e25-813f-55acb27f291e","value":{"lastScrollData":null}}
[debug] &amp#27;[35m[W3C (937ebac4)]&amp#27;[39m Responding to client with driver.getSession() result: {"platform":"LINUX","webStorageEnabled":false,"takesScreenshot":true,"javascriptEnabled":true,"databaseEnabled":false,"networkConnectionEnabled":true,"locationContextEnabled":false,"warnings":{},"desired":{"platformName":"android","app":"./Resourses/in.workindia.apk","appActivity":"in.workindia.nileshdungarwal.workindiaandroid.RegisterActivity","appPackage":"in.workindia.nileshdungarwal.workindiaandroid","deviceName":"emulator-5554","platformVersion":"8.1"},"platformName":"android","app":"./Resourses/in.workindia.apk","appActivity":"in.workindia.nileshdungarwal.workindiaandroid.RegisterActivity","appPackage":"in.workindia.nileshdungarwal.workindiaandroid","deviceName":"emulator-5554","platformVersion":"8.1.0","deviceUDID":"emulator-5554","deviceApiLevel":27,"deviceScreenSize":"1080x2160","deviceScreenDensity":440,"deviceModel":"Android SDK built for x86","deviceManufacturer":"Google","pixelRatio":2.75,"statBarHeight":66,"viewportRect":{"left":0,"top":66,"width":1080,"height":1962},"lastScrollData":null}
&amp#27;[35m[HTTP]&amp#27;[39m &amp#27;[37m<-- GET /wd/hub/session/937ebac4-1fbd-4d9f-95d1-e813d5888f9d &amp#27;[39m&amp#27;[32m200&amp#27;[39m &amp#27;[90m29 ms - 1028&amp#27;[39m
&amp#27;[35m[HTTP]&amp#27;[39m &amp#27;[90m&amp#27;[39m
&amp#27;[35m[HTTP]&amp#27;[39m &amp#27;[37m-->&amp#27;[39m &amp#27;[37mGET&amp#27;[39m &amp#27;[37m/wd/hub/session/937ebac4-1fbd-4d9f-95d1-e813d5888f9d&amp#27;[39m
&amp#27;[35m[HTTP]&amp#27;[39m &amp#27;[90m{}&amp#27;[39m
[debug] &amp#27;[35m[W3C (937ebac4)]&amp#27;[39m Calling AppiumDriver.getSession() with args: ["937ebac4-1fbd-4d9f-95d1-e813d5888f9d"]
[debug] &amp#27;[35m[UiAutomator2]&amp#27;[39m Getting session details from server to mix in
[debug] &amp#27;[35m[WD Proxy]&amp#27;[39m Matched '/' to command name 'getSession'
[debug] &amp#27;[35m[WD Proxy]&amp#27;[39m Proxying [GET /] to [GET http://127.0.0.1:8202/wd/hub/session/997a9288-92d3-4e25-813f-55acb27f291e] with no body
[debug] &amp#27;[35m[WD Proxy]&amp#27;[39m Got response with status 200: {"sessionId":"997a9288-92d3-4e25-813f-55acb27f291e","value":{"lastScrollData":null}}
[debug] &amp#27;[35m[W3C (937ebac4)]&amp#27;[39m Responding to client with driver.getSession() result: {"platform":"LINUX","webStorageEnabled":false,"takesScreenshot":true,"javascriptEnabled":true,"databaseEnabled":false,"networkConnectionEnabled":true,"locationContextEnabled":false,"warnings":{},"desired":{"platformName":"android","app":"./Resourses/in.workindia.apk","appActivity":"in.workindia.nileshdungarwal.workindiaandroid.RegisterActivity","appPackage":"in.workindia.nileshdungarwal.workindiaandroid","deviceName":"emulator-5554","platformVersion":"8.1"},"platformName":"android","app":"./Resourses/in.workindia.apk","appActivity":"in.workindia.nileshdungarwal.workindiaandroid.RegisterActivity","appPackage":"in.workindia.nileshdungarwal.workindiaandroid","deviceName":"emulator-5554","platformVersion":"8.1.0","deviceUDID":"emulator-5554","deviceApiLevel":27,"deviceScreenSize":"1080x2160","deviceScreenDensity":440,"deviceModel":"Android SDK built for x86","deviceManufacturer":"Google","pixelRatio":2.75,"statBarHeight":66,"viewportRect":{"left":0,"top":66,"width":1080,"height":1962},"lastScrollData":null}
&amp#27;[35m[HTTP]&amp#27;[39m &amp#27;[37m<-- GET /wd/hub/session/937ebac4-1fbd-4d9f-95d1-e813d5888f9d &amp#27;[39m&amp#27;[32m200&amp#27;[39m &amp#27;[90m37 ms - 1028&amp#27;[39m
&amp#27;[35m[HTTP]&amp#27;[39m &amp#27;[90m&amp#27;[39m
&amp#27;[35m[HTTP]&amp#27;[39m &amp#27;[37m-->&amp#27;[39m &amp#27;[37mGET&amp#27;[39m &amp#27;[37m/wd/hub/session/937ebac4-1fbd-4d9f-95d1-e813d5888f9d&amp#27;[39m
&amp#27;[35m[HTTP]&amp#27;[39m &amp#27;[90m{}&amp#27;[39m
[debug] &amp#27;[35m[W3C (937ebac4)]&amp#27;[39m Calling AppiumDriver.getSession() with args: ["937ebac4-1fbd-4d9f-95d1-e813d5888f9d"]
[debug] &amp#27;[35m[UiAutomator2]&amp#27;[39m Getting session details from server to mix in
[debug] &amp#27;[35m[WD Proxy]&amp#27;[39m Matched '/' to command name 'getSession'
[debug] &amp#27;[35m[WD Proxy]&amp#27;[39m Proxying [GET /] to [GET http://127.0.0.1:8202/wd/hub/session/997a9288-92d3-4e25-813f-55acb27f291e] with no body
[debug] &amp#27;[35m[WD Proxy]&amp#27;[39m Got response with status 200: {"sessionId":"997a9288-92d3-4e25-813f-55acb27f291e","value":{"lastScrollData":null}}
[debug] &amp#27;[35m[W3C (937ebac4)]&amp#27;[39m Responding to client with driver.getSession() result: {"platform":"LINUX","webStorageEnabled":false,"takesScreenshot":true,"javascriptEnabled":true,"databaseEnabled":false,"networkConnectionEnabled":true,"locationContextEnabled":false,"warnings":{},"desired":{"platformName":"android","app":"./Resourses/in.workindia.apk","appActivity":"in.workindia.nileshdungarwal.workindiaandroid.RegisterActivity","appPackage":"in.workindia.nileshdungarwal.workindiaandroid","deviceName":"emulator-5554","platformVersion":"8.1"},"platformName":"android","app":"./Resourses/in.workindia.apk","appActivity":"in.workindia.nileshdungarwal.workindiaandroid.RegisterActivity","appPackage":"in.workindia.nileshdungarwal.workindiaandroid","deviceName":"emulator-5554","platformVersion":"8.1.0","deviceUDID":"emulator-5554","deviceApiLevel":27,"deviceScreenSize":"1080x2160","deviceScreenDensity":440,"deviceModel":"Android SDK built for x86","deviceManufacturer":"Google","pixelRatio":2.75,"statBarHeight":66,"viewportRect":{"left":0,"top":66,"width":1080,"height":1962},"lastScrollData":null}
&amp#27;[35m[HTTP]&amp#27;[39m &amp#27;[37m<-- GET /wd/hub/session/937ebac4-1fbd-4d9f-95d1-e813d5888f9d &amp#27;[39m&amp#27;[32m200&amp#27;[39m &amp#27;[90m32 ms - 1028&amp#27;[39m
&amp#27;[35m[HTTP]&amp#27;[39m &amp#27;[90m&amp#27;[39m
&amp#27;[35m[HTTP]&amp#27;[39m &amp#27;[37m-->&amp#27;[39m &amp#27;[37mPOST&amp#27;[39m &amp#27;[37m/wd/hub/session/937ebac4-1fbd-4d9f-95d1-e813d5888f9d/element&amp#27;[39m
&amp#27;[35m[HTTP]&amp#27;[39m &amp#27;[90m{"using":"id","value":"in.workindia.nileshdungarwal.workindiaandroid:id/btn_done"}&amp#27;[39m
[debug] &amp#27;[35m[W3C (937ebac4)]&amp#27;[39m Calling AppiumDriver.findElement() with args: ["id","in.workindia.nileshdungarwal.workindiaandroid:id/btn_done","937ebac4-1fbd-4d9f-95d1-e813d5888f9d"]
[debug] &amp#27;[35m[BaseDriver]&amp#27;[39m Valid locator strategies for this request: xpath, id, class name, accessibility id, css selector, -android uiautomator
[debug] &amp#27;[35m[BaseDriver]&amp#27;[39m Waiting up to 30000 ms for condition
[debug] &amp#27;[35m[WD Proxy]&amp#27;[39m Matched '/element' to command name 'findElement'
[debug] &amp#27;[35m[WD Proxy]&amp#27;[39m Proxying [POST /element] to [POST http://127.0.0.1:8202/wd/hub/session/997a9288-92d3-4e25-813f-55acb27f291e/element] with body: {"strategy":"id","selector":"in.workindia.nileshdungarwal.workindiaandroid:id/btn_done","context":"","multiple":false}
[debug] &amp#27;[35m[WD Proxy]&amp#27;[39m Got response with status 200: {"sessionId":"997a9288-92d3-4e25-813f-55acb27f291e","value":{"ELEMENT":"797e4119-2f9d-4378-b70e-6a08e46f2a8c","element-6066-11e4-a52e-4f735466cecf":"797e4119-2f9d-4378-b70e-6a08e46f2a8c"}}
[debug] &amp#27;[35m[W3C (937ebac4)]&amp#27;[39m Responding to client with driver.findElement() result: {"element-6066-11e4-a52e-4f735466cecf":"797e4119-2f9d-4378-b70e-6a08e46f2a8c","ELEMENT":"797e4119-2f9d-4378-b70e-6a08e46f2a8c"}
&amp#27;[35m[HTTP]&amp#27;[39m &amp#27;[37m<-- POST /wd/hub/session/937ebac4-1fbd-4d9f-95d1-e813d5888f9d/element &amp#27;[39m&amp#27;[32m200&amp#27;[39m &amp#27;[90m943 ms - 137&amp#27;[39m
&amp#27;[35m[HTTP]&amp#27;[39m &amp#27;[90m&amp#27;[39m
&amp#27;[35m[HTTP]&amp#27;[39m &amp#27;[37m-->&amp#27;[39m &amp#27;[37mPOST&amp#27;[39m &amp#27;[37m/wd/hub/session/937ebac4-1fbd-4d9f-95d1-e813d5888f9d/element/797e4119-2f9d-4378-b70e-6a08e46f2a8c/click&amp#27;[39m
&amp#27;[35m[HTTP]&amp#27;[39m &amp#27;[90m{"id":"797e4119-2f9d-4378-b70e-6a08e46f2a8c"}&amp#27;[39m
[debug] &amp#27;[35m[W3C (937ebac4)]&amp#27;[39m Calling AppiumDriver.click() with args: ["797e4119-2f9d-4378-b70e-6a08e46f2a8c","937ebac4-1fbd-4d9f-95d1-e813d5888f9d"]
[debug] &amp#27;[35m[WD Proxy]&amp#27;[39m Matched '/element/797e4119-2f9d-4378-b70e-6a08e46f2a8c/click' to command name 'click'
[debug] &amp#27;[35m[WD Proxy]&amp#27;[39m Proxying [POST /element/797e4119-2f9d-4378-b70e-6a08e46f2a8c/click] to [POST http://127.0.0.1:8202/wd/hub/session/997a9288-92d3-4e25-813f-55acb27f291e/element/797e4119-2f9d-4378-b70e-6a08e46f2a8c/click] with body: {"element":"797e4119-2f9d-4378-b70e-6a08e46f2a8c"}
[debug] &amp#27;[35m[WD Proxy]&amp#27;[39m Got response with status 200: {"sessionId":"997a9288-92d3-4e25-813f-55acb27f291e","value":null}
[debug] &amp#27;[35m[W3C (937ebac4)]&amp#27;[39m Responding to client with driver.click() result: null
&amp#27;[35m[HTTP]&amp#27;[39m &amp#27;[37m<-- POST /wd/hub/session/937ebac4-1fbd-4d9f-95d1-e813d5888f9d/element/797e4119-2f9d-4378-b70e-6a08e46f2a8c/click &amp#27;[39m&amp#27;[32m200&amp#27;[39m &amp#27;[90m47 ms - 14&amp#27;[39m
&amp#27;[35m[HTTP]&amp#27;[39m &amp#27;[90m&amp#27;[39m
&amp#27;[35m[HTTP]&amp#27;[39m &amp#27;[37m-->&amp#27;[39m &amp#27;[37mGET&amp#27;[39m &amp#27;[37m/wd/hub/session/937ebac4-1fbd-4d9f-95d1-e813d5888f9d&amp#27;[39m
&amp#27;[35m[HTTP]&amp#27;[39m &amp#27;[90m{}&amp#27;[39m
[debug] &amp#27;[35m[W3C (937ebac4)]&amp#27;[39m Calling AppiumDriver.getSession() with args: ["937ebac4-1fbd-4d9f-95d1-e813d5888f9d"]
[debug] &amp#27;[35m[UiAutomator2]&amp#27;[39m Getting session details from server to mix in
[debug] &amp#27;[35m[WD Proxy]&amp#27;[39m Matched '/' to command name 'getSession'
[debug] &amp#27;[35m[WD Proxy]&amp#27;[39m Proxying [GET /] to [GET http://127.0.0.1:8202/wd/hub/session/997a9288-92d3-4e25-813f-55acb27f291e] with no body
[debug] &amp#27;[35m[WD Proxy]&amp#27;[39m Got response with status 200: {"sessionId":"997a9288-92d3-4e25-813f-55acb27f291e","value":{"lastScrollData":null}}
[debug] &amp#27;[35m[W3C (937ebac4)]&amp#27;[39m Responding to client with driver.getSession() result: {"platform":"LINUX","webStorageEnabled":false,"takesScreenshot":true,"javascriptEnabled":true,"databaseEnabled":false,"networkConnectionEnabled":true,"locationContextEnabled":false,"warnings":{},"desired":{"platformName":"android","app":"./Resourses/in.workindia.apk","appActivity":"in.workindia.nileshdungarwal.workindiaandroid.RegisterActivity","appPackage":"in.workindia.nileshdungarwal.workindiaandroid","deviceName":"emulator-5554","platformVersion":"8.1"},"platformName":"android","app":"./Resourses/in.workindia.apk","appActivity":"in.workindia.nileshdungarwal.workindiaandroid.RegisterActivity","appPackage":"in.workindia.nileshdungarwal.workindiaandroid","deviceName":"emulator-5554","platformVersion":"8.1.0","deviceUDID":"emulator-5554","deviceApiLevel":27,"deviceScreenSize":"1080x2160","deviceScreenDensity":440,"deviceModel":"Android SDK built for x86","deviceManufacturer":"Google","pixelRatio":2.75,"statBarHeight":66,"viewportRect":{"left":0,"top":66,"width":1080,"height":1962},"lastScrollData":null}
&amp#27;[35m[HTTP]&amp#27;[39m &amp#27;[37m<-- GET /wd/hub/session/937ebac4-1fbd-4d9f-95d1-e813d5888f9d &amp#27;[39m&amp#27;[32m200&amp#27;[39m &amp#27;[90m18 ms - 1028&amp#27;[39m
&amp#27;[35m[HTTP]&amp#27;[39m &amp#27;[90m&amp#27;[39m
&amp#27;[35m[HTTP]&amp#27;[39m &amp#27;[37m-->&amp#27;[39m &amp#27;[37mGET&amp#27;[39m &amp#27;[37m/wd/hub/session/937ebac4-1fbd-4d9f-95d1-e813d5888f9d&amp#27;[39m
&amp#27;[35m[HTTP]&amp#27;[39m &amp#27;[90m{}&amp#27;[39m
[debug] &amp#27;[35m[W3C (937ebac4)]&amp#27;[39m Calling AppiumDriver.getSession() with args: ["937ebac4-1fbd-4d9f-95d1-e813d5888f9d"]
[debug] &amp#27;[35m[UiAutomator2]&amp#27;[39m Getting session details from server to mix in
[debug] &amp#27;[35m[WD Proxy]&amp#27;[39m Matched '/' to command name 'getSession'
[debug] &amp#27;[35m[WD Proxy]&amp#27;[39m Proxying [GET /] to [GET http://127.0.0.1:8202/wd/hub/session/997a9288-92d3-4e25-813f-55acb27f291e] with no body
[debug] &amp#27;[35m[WD Proxy]&amp#27;[39m Got response with status 200: {"sessionId":"997a9288-92d3-4e25-813f-55acb27f291e","value":{"lastScrollData":null}}
[debug] &amp#27;[35m[W3C (937ebac4)]&amp#27;[39m Responding to client with driver.getSession() result: {"platform":"LINUX","webStorageEnabled":false,"takesScreenshot":true,"javascriptEnabled":true,"databaseEnabled":false,"networkConnectionEnabled":true,"locationContextEnabled":false,"warnings":{},"desired":{"platformName":"android","app":"./Resourses/in.workindia.apk","appActivity":"in.workindia.nileshdungarwal.workindiaandroid.RegisterActivity","appPackage":"in.workindia.nileshdungarwal.workindiaandroid","deviceName":"emulator-5554","platformVersion":"8.1"},"platformName":"android","app":"./Resourses/in.workindia.apk","appActivity":"in.workindia.nileshdungarwal.workindiaandroid.RegisterActivity","appPackage":"in.workindia.nileshdungarwal.workindiaandroid","deviceName":"emulator-5554","platformVersion":"8.1.0","deviceUDID":"emulator-5554","deviceApiLevel":27,"deviceScreenSize":"1080x2160","deviceScreenDensity":440,"deviceModel":"Android SDK built for x86","deviceManufacturer":"Google","pixelRatio":2.75,"statBarHeight":66,"viewportRect":{"left":0,"top":66,"width":1080,"height":1962},"lastScrollData":null}
&amp#27;[35m[HTTP]&amp#27;[39m &amp#27;[37m<-- GET /wd/hub/session/937ebac4-1fbd-4d9f-95d1-e813d5888f9d &amp#27;[39m&amp#27;[32m200&amp#27;[39m &amp#27;[90m25 ms - 1028&amp#27;[39m
&amp#27;[35m[HTTP]&amp#27;[39m &amp#27;[90m&amp#27;[39m
&amp#27;[35m[HTTP]&amp#27;[39m &amp#27;[37m-->&amp#27;[39m &amp#27;[37mGET&amp#27;[39m &amp#27;[37m/wd/hub/session/937ebac4-1fbd-4d9f-95d1-e813d5888f9d&amp#27;[39m
&amp#27;[35m[HTTP]&amp#27;[39m &amp#27;[90m{}&amp#27;[39m
[debug] &amp#27;[35m[W3C (937ebac4)]&amp#27;[39m Calling AppiumDriver.getSession() with args: ["937ebac4-1fbd-4d9f-95d1-e813d5888f9d"]
[debug] &amp#27;[35m[UiAutomator2]&amp#27;[39m Getting session details from server to mix in
[debug] &amp#27;[35m[WD Proxy]&amp#27;[39m Matched '/' to command name 'getSession'
[debug] &amp#27;[35m[WD Proxy]&amp#27;[39m Proxying [GET /] to [GET http://127.0.0.1:8202/wd/hub/session/997a9288-92d3-4e25-813f-55acb27f291e] with no body
[debug] &amp#27;[35m[WD Proxy]&amp#27;[39m Got response with status 200: {"sessionId":"997a9288-92d3-4e25-813f-55acb27f291e","value":{"lastScrollData":null}}
[debug] &amp#27;[35m[W3C (937ebac4)]&amp#27;[39m Responding to client with driver.getSession() result: {"platform":"LINUX","webStorageEnabled":false,"takesScreenshot":true,"javascriptEnabled":true,"databaseEnabled":false,"networkConnectionEnabled":true,"locationContextEnabled":false,"warnings":{},"desired":{"platformName":"android","app":"./Resourses/in.workindia.apk","appActivity":"in.workindia.nileshdungarwal.workindiaandroid.RegisterActivity","appPackage":"in.workindia.nileshdungarwal.workindiaandroid","deviceName":"emulator-5554","platformVersion":"8.1"},"platformName":"android","app":"./Resourses/in.workindia.apk","appActivity":"in.workindia.nileshdungarwal.workindiaandroid.RegisterActivity","appPackage":"in.workindia.nileshdungarwal.workindiaandroid","deviceName":"emulator-5554","platformVersion":"8.1.0","deviceUDID":"emulator-5554","deviceApiLevel":27,"deviceScreenSize":"1080x2160","deviceScreenDensity":440,"deviceModel":"Android SDK built for x86","deviceManufacturer":"Google","pixelRatio":2.75,"statBarHeight":66,"viewportRect":{"left":0,"top":66,"width":1080,"height":1962},"lastScrollData":null}
&amp#27;[35m[HTTP]&amp#27;[39m &amp#27;[37m<-- GET /wd/hub/session/937ebac4-1fbd-4d9f-95d1-e813d5888f9d &amp#27;[39m&amp#27;[32m200&amp#27;[39m &amp#27;[90m31 ms - 1028&amp#27;[39m
&amp#27;[35m[HTTP]&amp#27;[39m &amp#27;[90m&amp#27;[39m
&amp#27;[35m[HTTP]&amp#27;[39m &amp#27;[37m-->&amp#27;[39m &amp#27;[37mPOST&amp#27;[39m &amp#27;[37m/wd/hub/session/937ebac4-1fbd-4d9f-95d1-e813d5888f9d/element&amp#27;[39m
&amp#27;[35m[HTTP]&amp#27;[39m &amp#27;[90m{"using":"id","value":"in.workindia.nileshdungarwal.workindiaandroid:id/rg_male"}&amp#27;[39m
[debug] &amp#27;[35m[W3C (937ebac4)]&amp#27;[39m Calling AppiumDriver.findElement() with args: ["id","in.workindia.nileshdungarwal.workindiaandroid:id/rg_male","937ebac4-1fbd-4d9f-95d1-e813d5888f9d"]
[debug] &amp#27;[35m[BaseDriver]&amp#27;[39m Valid locator strategies for this request: xpath, id, class name, accessibility id, css selector, -android uiautomator
[debug] &amp#27;[35m[BaseDriver]&amp#27;[39m Waiting up to 30000 ms for condition
[debug] &amp#27;[35m[WD Proxy]&amp#27;[39m Matched '/element' to command name 'findElement'
[debug] &amp#27;[35m[WD Proxy]&amp#27;[39m Proxying [POST /element] to [POST http://127.0.0.1:8202/wd/hub/session/997a9288-92d3-4e25-813f-55acb27f291e/element] with body: {"strategy":"id","selector":"in.workindia.nileshdungarwal.workindiaandroid:id/rg_male","context":"","multiple":false}
[debug] &amp#27;[35m[WD Proxy]&amp#27;[39m Got response with status 200: {"sessionId":"997a9288-92d3-4e25-813f-55acb27f291e","value":{"ELEMENT":"1c515e52-5e85-4048-822c-8cc23300d9a2","element-6066-11e4-a52e-4f735466cecf":"1c515e52-5e85-4048-822c-8cc23300d9a2"}}
[debug] &amp#27;[35m[W3C (937ebac4)]&amp#27;[39m Responding to client with driver.findElement() result: {"element-6066-11e4-a52e-4f735466cecf":"1c515e52-5e85-4048-822c-8cc23300d9a2","ELEMENT":"1c515e52-5e85-4048-822c-8cc23300d9a2"}
&amp#27;[35m[HTTP]&amp#27;[39m &amp#27;[37m<-- POST /wd/hub/session/937ebac4-1fbd-4d9f-95d1-e813d5888f9d/element &amp#27;[39m&amp#27;[32m200&amp#27;[39m &amp#27;[90m1687 ms - 137&amp#27;[39m
&amp#27;[35m[HTTP]&amp#27;[39m &amp#27;[90m&amp#27;[39m
&amp#27;[35m[HTTP]&amp#27;[39m &amp#27;[37m-->&amp#27;[39m &amp#27;[37mPOST&amp#27;[39m &amp#27;[37m/wd/hub/session/937ebac4-1fbd-4d9f-95d1-e813d5888f9d/element/1c515e52-5e85-4048-822c-8cc23300d9a2/click&amp#27;[39m
&amp#27;[35m[HTTP]&amp#27;[39m &amp#27;[90m{"id":"1c515e52-5e85-4048-822c-8cc23300d9a2"}&amp#27;[39m
[debug] &amp#27;[35m[W3C (937ebac4)]&amp#27;[39m Calling AppiumDriver.click() with args: ["1c515e52-5e85-4048-822c-8cc23300d9a2","937ebac4-1fbd-4d9f-95d1-e813d5888f9d"]
[debug] &amp#27;[35m[WD Proxy]&amp#27;[39m Matched '/element/1c515e52-5e85-4048-822c-8cc23300d9a2/click' to command name 'click'
[debug] &amp#27;[35m[WD Proxy]&amp#27;[39m Proxying [POST /element/1c515e52-5e85-4048-822c-8cc23300d9a2/click] to [POST http://127.0.0.1:8202/wd/hub/session/997a9288-92d3-4e25-813f-55acb27f291e/element/1c515e52-5e85-4048-822c-8cc23300d9a2/click] with body: {"element":"1c515e52-5e85-4048-822c-8cc23300d9a2"}
[debug] &amp#27;[35m[WD Proxy]&amp#27;[39m Got response with status 200: {"sessionId":"997a9288-92d3-4e25-813f-55acb27f291e","value":null}
[debug] &amp#27;[35m[W3C (937ebac4)]&amp#27;[39m Responding to client with driver.click() result: null
&amp#27;[35m[HTTP]&amp#27;[39m &amp#27;[37m<-- POST /wd/hub/session/937ebac4-1fbd-4d9f-95d1-e813d5888f9d/element/1c515e52-5e85-4048-822c-8cc23300d9a2/click &amp#27;[39m&amp#27;[32m200&amp#27;[39m &amp#27;[90m61 ms - 14&amp#27;[39m
&amp#27;[35m[HTTP]&amp#27;[39m &amp#27;[90m&amp#27;[39m
&amp#27;[35m[HTTP]&amp#27;[39m &amp#27;[37m-->&amp#27;[39m &amp#27;[37mGET&amp#27;[39m &amp#27;[37m/wd/hub/session/937ebac4-1fbd-4d9f-95d1-e813d5888f9d&amp#27;[39m
&amp#27;[35m[HTTP]&amp#27;[39m &amp#27;[90m{}&amp#27;[39m
[debug] &amp#27;[35m[W3C (937ebac4)]&amp#27;[39m Calling AppiumDriver.getSession() with args: ["937ebac4-1fbd-4d9f-95d1-e813d5888f9d"]
[debug] &amp#27;[35m[UiAutomator2]&amp#27;[39m Getting session details from server to mix in
[debug] &amp#27;[35m[WD Proxy]&amp#27;[39m Matched '/' to command name 'getSession'
[debug] &amp#27;[35m[WD Proxy]&amp#27;[39m Proxying [GET /] to [GET http://127.0.0.1:8202/wd/hub/session/997a9288-92d3-4e25-813f-55acb27f291e] with no body
[debug] &amp#27;[35m[WD Proxy]&amp#27;[39m Got response with status 200: {"sessionId":"997a9288-92d3-4e25-813f-55acb27f291e","value":{"lastScrollData":null}}
[debug] &amp#27;[35m[W3C (937ebac4)]&amp#27;[39m Responding to client with driver.getSession() result: {"platform":"LINUX","webStorageEnabled":false,"takesScreenshot":true,"javascriptEnabled":true,"databaseEnabled":false,"networkConnectionEnabled":true,"locationContextEnabled":false,"warnings":{},"desired":{"platformName":"android","app":"./Resourses/in.workindia.apk","appActivity":"in.workindia.nileshdungarwal.workindiaandroid.RegisterActivity","appPackage":"in.workindia.nileshdungarwal.workindiaandroid","deviceName":"emulator-5554","platformVersion":"8.1"},"platformName":"android","app":"./Resourses/in.workindia.apk","appActivity":"in.workindia.nileshdungarwal.workindiaandroid.RegisterActivity","appPackage":"in.workindia.nileshdungarwal.workindiaandroid","deviceName":"emulator-5554","platformVersion":"8.1.0","deviceUDID":"emulator-5554","deviceApiLevel":27,"deviceScreenSize":"1080x2160","deviceScreenDensity":440,"deviceModel":"Android SDK built for x86","deviceManufacturer":"Google","pixelRatio":2.75,"statBarHeight":66,"viewportRect":{"left":0,"top":66,"width":1080,"height":1962},"lastScrollData":null}
&amp#27;[35m[HTTP]&amp#27;[39m &amp#27;[37m<-- GET /wd/hub/session/937ebac4-1fbd-4d9f-95d1-e813d5888f9d &amp#27;[39m&amp#27;[32m200&amp#27;[39m &amp#27;[90m29 ms - 1028&amp#27;[39m
&amp#27;[35m[HTTP]&amp#27;[39m &amp#27;[90m&amp#27;[39m
&amp#27;[35m[HTTP]&amp#27;[39m &amp#27;[37m-->&amp#27;[39m &amp#27;[37mPOST&amp#27;[39m &amp#27;[37m/wd/hub/session/937ebac4-1fbd-4d9f-95d1-e813d5888f9d/element&amp#27;[39m
&amp#27;[35m[HTTP]&amp#27;[39m &amp#27;[90m{"using":"id","value":"in.workindia.nileshdungarwal.workindiaandroid:id/rb_graduate"}&amp#27;[39m
[debug] &amp#27;[35m[W3C (937ebac4)]&amp#27;[39m Calling AppiumDriver.findElement() with args: ["id","in.workindia.nileshdungarwal.workindiaandroid:id/rb_graduate","937ebac4-1fbd-4d9f-95d1-e813d5888f9d"]
[debug] &amp#27;[35m[BaseDriver]&amp#27;[39m Valid locator strategies for this request: xpath, id, class name, accessibility id, css selector, -android uiautomator
[debug] &amp#27;[35m[BaseDriver]&amp#27;[39m Waiting up to 30000 ms for condition
[debug] &amp#27;[35m[WD Proxy]&amp#27;[39m Matched '/element' to command name 'findElement'
[debug] &amp#27;[35m[WD Proxy]&amp#27;[39m Proxying [POST /element] to [POST http://127.0.0.1:8202/wd/hub/session/997a9288-92d3-4e25-813f-55acb27f291e/element] with body: {"strategy":"id","selector":"in.workindia.nileshdungarwal.workindiaandroid:id/rb_graduate","context":"","multiple":false}
[debug] &amp#27;[35m[WD Proxy]&amp#27;[39m Got response with status 200: {"sessionId":"997a9288-92d3-4e25-813f-55acb27f291e","value":{"ELEMENT":"e19c8bef-52a4-43cb-9732-fc0d548cf427","element-6066-11e4-a52e-4f735466cecf":"e19c8bef-52a4-43cb-9732-fc0d548cf427"}}
[debug] &amp#27;[35m[W3C (937ebac4)]&amp#27;[39m Responding to client with driver.findElement() result: {"element-6066-11e4-a52e-4f735466cecf":"e19c8bef-52a4-43cb-9732-fc0d548cf427","ELEMENT":"e19c8bef-52a4-43cb-9732-fc0d548cf427"}
&amp#27;[35m[HTTP]&amp#27;[39m &amp#27;[37m<-- POST /wd/hub/session/937ebac4-1fbd-4d9f-95d1-e813d5888f9d/element &amp#27;[39m&amp#27;[32m200&amp#27;[39m &amp#27;[90m537 ms - 137&amp#27;[39m
&amp#27;[35m[HTTP]&amp#27;[39m &amp#27;[90m&amp#27;[39m
&amp#27;[35m[HTTP]&amp#27;[39m &amp#27;[37m-->&amp#27;[39m &amp#27;[37mPOST&amp#27;[39m &amp#27;[37m/wd/hub/session/937ebac4-1fbd-4d9f-95d1-e813d5888f9d/element/e19c8bef-52a4-43cb-9732-fc0d548cf427/click&amp#27;[39m
&amp#27;[35m[HTTP]&amp#27;[39m &amp#27;[90m{"id":"e19c8bef-52a4-43cb-9732-fc0d548cf427"}&amp#27;[39m
[debug] &amp#27;[35m[W3C (937ebac4)]&amp#27;[39m Calling AppiumDriver.click() with args: ["e19c8bef-52a4-43cb-9732-fc0d548cf427","937ebac4-1fbd-4d9f-95d1-e813d5888f9d"]
[debug] &amp#27;[35m[WD Proxy]&amp#27;[39m Matched '/element/e19c8bef-52a4-43cb-9732-fc0d548cf427/click' to command name 'click'
[debug] &amp#27;[35m[WD Proxy]&amp#27;[39m Proxying [POST /element/e19c8bef-52a4-43cb-9732-fc0d548cf427/click] to [POST http://127.0.0.1:8202/wd/hub/session/997a9288-92d3-4e25-813f-55acb27f291e/element/e19c8bef-52a4-43cb-9732-fc0d548cf427/click] with body: {"element":"e19c8bef-52a4-43cb-9732-fc0d548cf427"}
[debug] &amp#27;[35m[WD Proxy]&amp#27;[39m Got response with status 200: {"sessionId":"997a9288-92d3-4e25-813f-55acb27f291e","value":null}
[debug] &amp#27;[35m[W3C (937ebac4)]&amp#27;[39m Responding to client with driver.click() result: null
&amp#27;[35m[HTTP]&amp#27;[39m &amp#27;[37m<-- POST /wd/hub/session/937ebac4-1fbd-4d9f-95d1-e813d5888f9d/element/e19c8bef-52a4-43cb-9732-fc0d548cf427/click &amp#27;[39m&amp#27;[32m200&amp#27;[39m &amp#27;[90m132 ms - 14&amp#27;[39m
&amp#27;[35m[HTTP]&amp#27;[39m &amp#27;[90m&amp#27;[39m
&amp#27;[35m[HTTP]&amp#27;[39m &amp#27;[37m-->&amp#27;[39m &amp#27;[37mGET&amp#27;[39m &amp#27;[37m/wd/hub/session/937ebac4-1fbd-4d9f-95d1-e813d5888f9d&amp#27;[39m
&amp#27;[35m[HTTP]&amp#27;[39m &amp#27;[90m{}&amp#27;[39m
[debug] &amp#27;[35m[W3C (937ebac4)]&amp#27;[39m Calling AppiumDriver.getSession() with args: ["937ebac4-1fbd-4d9f-95d1-e813d5888f9d"]
[debug] &amp#27;[35m[UiAutomator2]&amp#27;[39m Getting session details from server to mix in
[debug] &amp#27;[35m[WD Proxy]&amp#27;[39m Matched '/' to command name 'getSession'
[debug] &amp#27;[35m[WD Proxy]&amp#27;[39m Proxying [GET /] to [GET http://127.0.0.1:8202/wd/hub/session/997a9288-92d3-4e25-813f-55acb27f291e] with no body
[debug] &amp#27;[35m[WD Proxy]&amp#27;[39m Got response with status 200: {"sessionId":"997a9288-92d3-4e25-813f-55acb27f291e","value":{"lastScrollData":null}}
[debug] &amp#27;[35m[W3C (937ebac4)]&amp#27;[39m Responding to client with driver.getSession() result: {"platform":"LINUX","webStorageEnabled":false,"takesScreenshot":true,"javascriptEnabled":true,"databaseEnabled":false,"networkConnectionEnabled":true,"locationContextEnabled":false,"warnings":{},"desired":{"platformName":"android","app":"./Resourses/in.workindia.apk","appActivity":"in.workindia.nileshdungarwal.workindiaandroid.RegisterActivity","appPackage":"in.workindia.nileshdungarwal.workindiaandroid","deviceName":"emulator-5554","platformVersion":"8.1"},"platformName":"android","app":"./Resourses/in.workindia.apk","appActivity":"in.workindia.nileshdungarwal.workindiaandroid.RegisterActivity","appPackage":"in.workindia.nileshdungarwal.workindiaandroid","deviceName":"emulator-5554","platformVersion":"8.1.0","deviceUDID":"emulator-5554","deviceApiLevel":27,"deviceScreenSize":"1080x2160","deviceScreenDensity":440,"deviceModel":"Android SDK built for x86","deviceManufacturer":"Google","pixelRatio":2.75,"statBarHeight":66,"viewportRect":{"left":0,"top":66,"width":1080,"height":1962},"lastScrollData":null}
&amp#27;[35m[HTTP]&amp#27;[39m &amp#27;[37m<-- GET /wd/hub/session/937ebac4-1fbd-4d9f-95d1-e813d5888f9d &amp#27;[39m&amp#27;[32m200&amp#27;[39m &amp#27;[90m26 ms - 1028&amp#27;[39m
&amp#27;[35m[HTTP]&amp#27;[39m &amp#27;[90m&amp#27;[39m
&amp#27;[35m[HTTP]&amp#27;[39m &amp#27;[37m-->&amp#27;[39m &amp#27;[37mPOST&amp#27;[39m &amp#27;[37m/wd/hub/session/937ebac4-1fbd-4d9f-95d1-e813d5888f9d/element&amp#27;[39m
&amp#27;[35m[HTTP]&amp#27;[39m &amp#27;[90m{"using":"id","value":"in.workindia.nileshdungarwal.workindiaandroid:id/cb_hindi"}&amp#27;[39m
[debug] &amp#27;[35m[W3C (937ebac4)]&amp#27;[39m Calling AppiumDriver.findElement() with args: ["id","in.workindia.nileshdungarwal.workindiaandroid:id/cb_hindi","937ebac4-1fbd-4d9f-95d1-e813d5888f9d"]
[debug] &amp#27;[35m[BaseDriver]&amp#27;[39m Valid locator strategies for this request: xpath, id, class name, accessibility id, css selector, -android uiautomator
[debug] &amp#27;[35m[BaseDriver]&amp#27;[39m Waiting up to 30000 ms for condition
[debug] &amp#27;[35m[WD Proxy]&amp#27;[39m Matched '/element' to command name 'findElement'
[debug] &amp#27;[35m[WD Proxy]&amp#27;[39m Proxying [POST /element] to [POST http://127.0.0.1:8202/wd/hub/session/997a9288-92d3-4e25-813f-55acb27f291e/element] with body: {"strategy":"id","selector":"in.workindia.nileshdungarwal.workindiaandroid:id/cb_hindi","context":"","multiple":false}
[debug] &amp#27;[35m[WD Proxy]&amp#27;[39m Got response with status 200: {"sessionId":"997a9288-92d3-4e25-813f-55acb27f291e","value":{"ELEMENT":"8ad36d7c-1e09-4a6e-afa7-a5dae7b18811","element-6066-11e4-a52e-4f735466cecf":"8ad36d7c-1e09-4a6e-afa7-a5dae7b18811"}}
[debug] &amp#27;[35m[W3C (937ebac4)]&amp#27;[39m Responding to client with driver.findElement() result: {"element-6066-11e4-a52e-4f735466cecf":"8ad36d7c-1e09-4a6e-afa7-a5dae7b18811","ELEMENT":"8ad36d7c-1e09-4a6e-afa7-a5dae7b18811"}
&amp#27;[35m[HTTP]&amp#27;[39m &amp#27;[37m<-- POST /wd/hub/session/937ebac4-1fbd-4d9f-95d1-e813d5888f9d/element &amp#27;[39m&amp#27;[32m200&amp#27;[39m &amp#27;[90m217 ms - 137&amp#27;[39m
&amp#27;[35m[HTTP]&amp#27;[39m &amp#27;[90m&amp#27;[39m
&amp#27;[35m[HTTP]&amp#27;[39m &amp#27;[37m-->&amp#27;[39m &amp#27;[37mPOST&amp#27;[39m &amp#27;[37m/wd/hub/session/937ebac4-1fbd-4d9f-95d1-e813d5888f9d/element/8ad36d7c-1e09-4a6e-afa7-a5dae7b18811/click&amp#27;[39m
&amp#27;[35m[HTTP]&amp#27;[39m &amp#27;[90m{"id":"8ad36d7c-1e09-4a6e-afa7-a5dae7b18811"}&amp#27;[39m
[debug] &amp#27;[35m[W3C (937ebac4)]&amp#27;[39m Calling AppiumDriver.click() with args: ["8ad36d7c-1e09-4a6e-afa7-a5dae7b18811","937ebac4-1fbd-4d9f-95d1-e813d5888f9d"]
[debug] &amp#27;[35m[WD Proxy]&amp#27;[39m Matched '/element/8ad36d7c-1e09-4a6e-afa7-a5dae7b18811/click' to command name 'click'
[debug] &amp#27;[35m[WD Proxy]&amp#27;[39m Proxying [POST /element/8ad36d7c-1e09-4a6e-afa7-a5dae7b18811/click] to [POST http://127.0.0.1:8202/wd/hub/session/997a9288-92d3-4e25-813f-55acb27f291e/element/8ad36d7c-1e09-4a6e-afa7-a5dae7b18811/click] with body: {"element":"8ad36d7c-1e09-4a6e-afa7-a5dae7b18811"}
[debug] &amp#27;[35m[WD Proxy]&amp#27;[39m Got response with status 200: {"sessionId":"997a9288-92d3-4e25-813f-55acb27f291e","value":null}
[debug] &amp#27;[35m[W3C (937ebac4)]&amp#27;[39m Responding to client with driver.click() result: null
&amp#27;[35m[HTTP]&amp#27;[39m &amp#27;[37m<-- POST /wd/hub/session/937ebac4-1fbd-4d9f-95d1-e813d5888f9d/element/8ad36d7c-1e09-4a6e-afa7-a5dae7b18811/click &amp#27;[39m&amp#27;[32m200&amp#27;[39m &amp#27;[90m383 ms - 14&amp#27;[39m
&amp#27;[35m[HTTP]&amp#27;[39m &amp#27;[90m&amp#27;[39m
&amp#27;[35m[HTTP]&amp#27;[39m &amp#27;[37m-->&amp#27;[39m &amp#27;[37mGET&amp#27;[39m &amp#27;[37m/wd/hub/session/937ebac4-1fbd-4d9f-95d1-e813d5888f9d&amp#27;[39m
&amp#27;[35m[HTTP]&amp#27;[39m &amp#27;[90m{}&amp#27;[39m
[debug] &amp#27;[35m[W3C (937ebac4)]&amp#27;[39m Calling AppiumDriver.getSession() with args: ["937ebac4-1fbd-4d9f-95d1-e813d5888f9d"]
[debug] &amp#27;[35m[UiAutomator2]&amp#27;[39m Getting session details from server to mix in
[debug] &amp#27;[35m[WD Proxy]&amp#27;[39m Matched '/' to command name 'getSession'
[debug] &amp#27;[35m[WD Proxy]&amp#27;[39m Proxying [GET /] to [GET http://127.0.0.1:8202/wd/hub/session/997a9288-92d3-4e25-813f-55acb27f291e] with no body
[debug] &amp#27;[35m[WD Proxy]&amp#27;[39m Got response with status 200: {"sessionId":"997a9288-92d3-4e25-813f-55acb27f291e","value":{"lastScrollData":null}}
[debug] &amp#27;[35m[W3C (937ebac4)]&amp#27;[39m Responding to client with driver.getSession() result: {"platform":"LINUX","webStorageEnabled":false,"takesScreenshot":true,"javascriptEnabled":true,"databaseEnabled":false,"networkConnectionEnabled":true,"locationContextEnabled":false,"warnings":{},"desired":{"platformName":"android","app":"./Resourses/in.workindia.apk","appActivity":"in.workindia.nileshdungarwal.workindiaandroid.RegisterActivity","appPackage":"in.workindia.nileshdungarwal.workindiaandroid","deviceName":"emulator-5554","platformVersion":"8.1"},"platformName":"android","app":"./Resourses/in.workindia.apk","appActivity":"in.workindia.nileshdungarwal.workindiaandroid.RegisterActivity","appPackage":"in.workindia.nileshdungarwal.workindiaandroid","deviceName":"emulator-5554","platformVersion":"8.1.0","deviceUDID":"emulator-5554","deviceApiLevel":27,"deviceScreenSize":"1080x2160","deviceScreenDensity":440,"deviceModel":"Android SDK built for x86","deviceManufacturer":"Google","pixelRatio":2.75,"statBarHeight":66,"viewportRect":{"left":0,"top":66,"width":1080,"height":1962},"lastScrollData":null}
&amp#27;[35m[HTTP]&amp#27;[39m &amp#27;[37m<-- GET /wd/hub/session/937ebac4-1fbd-4d9f-95d1-e813d5888f9d &amp#27;[39m&amp#27;[32m200&amp#27;[39m &amp#27;[90m24 ms - 1028&amp#27;[39m
&amp#27;[35m[HTTP]&amp#27;[39m &amp#27;[90m&amp#27;[39m
&amp#27;[35m[HTTP]&amp#27;[39m &amp#27;[37m-->&amp#27;[39m &amp#27;[37mGET&amp#27;[39m &amp#27;[37m/wd/hub/session/937ebac4-1fbd-4d9f-95d1-e813d5888f9d&amp#27;[39m
&amp#27;[35m[HTTP]&amp#27;[39m &amp#27;[90m{}&amp#27;[39m
[debug] &amp#27;[35m[W3C (937ebac4)]&amp#27;[39m Calling AppiumDriver.getSession() with args: ["937ebac4-1fbd-4d9f-95d1-e813d5888f9d"]
[debug] &amp#27;[35m[UiAutomator2]&amp#27;[39m Getting session details from server to mix in
[debug] &amp#27;[35m[WD Proxy]&amp#27;[39m Matched '/' to command name 'getSession'
[debug] &amp#27;[35m[WD Proxy]&amp#27;[39m Proxying [GET /] to [GET http://127.0.0.1:8202/wd/hub/session/997a9288-92d3-4e25-813f-55acb27f291e] with no body
[debug] &amp#27;[35m[WD Proxy]&amp#27;[39m Got response with status 200: {"sessionId":"997a9288-92d3-4e25-813f-55acb27f291e","value":{"lastScrollData":null}}
[debug] &amp#27;[35m[W3C (937ebac4)]&amp#27;[39m Responding to client with driver.getSession() result: {"platform":"LINUX","webStorageEnabled":false,"takesScreenshot":true,"javascriptEnabled":true,"databaseEnabled":false,"networkConnectionEnabled":true,"locationContextEnabled":false,"warnings":{},"desired":{"platformName":"android","app":"./Resourses/in.workindia.apk","appActivity":"in.workindia.nileshdungarwal.workindiaandroid.RegisterActivity","appPackage":"in.workindia.nileshdungarwal.workindiaandroid","deviceName":"emulator-5554","platformVersion":"8.1"},"platformName":"android","app":"./Resourses/in.workindia.apk","appActivity":"in.workindia.nileshdungarwal.workindiaandroid.RegisterActivity","appPackage":"in.workindia.nileshdungarwal.workindiaandroid","deviceName":"emulator-5554","platformVersion":"8.1.0","deviceUDID":"emulator-5554","deviceApiLevel":27,"deviceScreenSize":"1080x2160","deviceScreenDensity":440,"deviceModel":"Android SDK built for x86","deviceManufacturer":"Google","pixelRatio":2.75,"statBarHeight":66,"viewportRect":{"left":0,"top":66,"width":1080,"height":1962},"lastScrollData":null}
&amp#27;[35m[HTTP]&amp#27;[39m &amp#27;[37m<-- GET /wd/hub/session/937ebac4-1fbd-4d9f-95d1-e813d5888f9d &amp#27;[39m&amp#27;[32m200&amp#27;[39m &amp#27;[90m30 ms - 1028&amp#27;[39m
&amp#27;[35m[HTTP]&amp#27;[39m &amp#27;[90m&amp#27;[39m
&amp#27;[35m[HTTP]&amp#27;[39m &amp#27;[37m-->&amp#27;[39m &amp#27;[37mGET&amp#27;[39m &amp#27;[37m/wd/hub/session/937ebac4-1fbd-4d9f-95d1-e813d5888f9d&amp#27;[39m
&amp#27;[35m[HTTP]&amp#27;[39m &amp#27;[90m{}&amp#27;[39m
[debug] &amp#27;[35m[W3C (937ebac4)]&amp#27;[39m Calling AppiumDriver.getSession() with args: ["937ebac4-1fbd-4d9f-95d1-e813d5888f9d"]
[debug] &amp#27;[35m[UiAutomator2]&amp#27;[39m Getting session details from server to mix in
[debug] &amp#27;[35m[WD Proxy]&amp#27;[39m Matched '/' to command name 'getSession'
[debug] &amp#27;[35m[WD Proxy]&amp#27;[39m Proxying [GET /] to [GET http://127.0.0.1:8202/wd/hub/session/997a9288-92d3-4e25-813f-55acb27f291e] with no body
[debug] &amp#27;[35m[WD Proxy]&amp#27;[39m Got response with status 200: {"sessionId":"997a9288-92d3-4e25-813f-55acb27f291e","value":{"lastScrollData":null}}
[debug] &amp#27;[35m[W3C (937ebac4)]&amp#27;[39m Responding to client with driver.getSession() result: {"platform":"LINUX","webStorageEnabled":false,"takesScreenshot":true,"javascriptEnabled":true,"databaseEnabled":false,"networkConnectionEnabled":true,"locationContextEnabled":false,"warnings":{},"desired":{"platformName":"android","app":"./Resourses/in.workindia.apk","appActivity":"in.workindia.nileshdungarwal.workindiaandroid.RegisterActivity","appPackage":"in.workindia.nileshdungarwal.workindiaandroid","deviceName":"emulator-5554","platformVersion":"8.1"},"platformName":"android","app":"./Resourses/in.workindia.apk","appActivity":"in.workindia.nileshdungarwal.workindiaandroid.RegisterActivity","appPackage":"in.workindia.nileshdungarwal.workindiaandroid","deviceName":"emulator-5554","platformVersion":"8.1.0","deviceUDID":"emulator-5554","deviceApiLevel":27,"deviceScreenSize":"1080x2160","deviceScreenDensity":440,"deviceModel":"Android SDK built for x86","deviceManufacturer":"Google","pixelRatio":2.75,"statBarHeight":66,"viewportRect":{"left":0,"top":66,"width":1080,"height":1962},"lastScrollData":null}
&amp#27;[35m[HTTP]&amp#27;[39m &amp#27;[37m<-- GET /wd/hub/session/937ebac4-1fbd-4d9f-95d1-e813d5888f9d &amp#27;[39m&amp#27;[32m200&amp#27;[39m &amp#27;[90m24 ms - 1028&amp#27;[39m
&amp#27;[35m[HTTP]&amp#27;[39m &amp#27;[90m&amp#27;[39m
&amp#27;[35m[HTTP]&amp#27;[39m &amp#27;[37m-->&amp#27;[39m &amp#27;[37mPOST&amp#27;[39m &amp#27;[37m/wd/hub/session/937ebac4-1fbd-4d9f-95d1-e813d5888f9d/element&amp#27;[39m
&amp#27;[35m[HTTP]&amp#27;[39m &amp#27;[90m{"using":"id","value":"in.workindia.nileshdungarwal.workindiaandroid:id/rg_eng_level_2"}&amp#27;[39m
[debug] &amp#27;[35m[W3C (937ebac4)]&amp#27;[39m Calling AppiumDriver.findElement() with args: ["id","in.workindia.nileshdungarwal.workindiaandroid:id/rg_eng_level_2","937ebac4-1fbd-4d9f-95d1-e813d5888f9d"]
[debug] &amp#27;[35m[BaseDriver]&amp#27;[39m Valid locator strategies for this request: xpath, id, class name, accessibility id, css selector, -android uiautomator
[debug] &amp#27;[35m[BaseDriver]&amp#27;[39m Waiting up to 30000 ms for condition
[debug] &amp#27;[35m[WD Proxy]&amp#27;[39m Matched '/element' to command name 'findElement'
[debug] &amp#27;[35m[WD Proxy]&amp#27;[39m Proxying [POST /element] to [POST http://127.0.0.1:8202/wd/hub/session/997a9288-92d3-4e25-813f-55acb27f291e/element] with body: {"strategy":"id","selector":"in.workindia.nileshdungarwal.workindiaandroid:id/rg_eng_level_2","context":"","multiple":false}
[debug] &amp#27;[35m[WD Proxy]&amp#27;[39m Got response with status 200: {"sessionId":"997a9288-92d3-4e25-813f-55acb27f291e","value":{"ELEMENT":"b2391552-8ff1-4bda-a1d0-81fc285ff6ee","element-6066-11e4-a52e-4f735466cecf":"b2391552-8ff1-4bda-a1d0-81fc285ff6ee"}}
[debug] &amp#27;[35m[W3C (937ebac4)]&amp#27;[39m Responding to client with driver.findElement() result: {"element-6066-11e4-a52e-4f735466cecf":"b2391552-8ff1-4bda-a1d0-81fc285ff6ee","ELEMENT":"b2391552-8ff1-4bda-a1d0-81fc285ff6ee"}
&amp#27;[35m[HTTP]&amp#27;[39m &amp#27;[37m<-- POST /wd/hub/session/937ebac4-1fbd-4d9f-95d1-e813d5888f9d/element &amp#27;[39m&amp#27;[32m200&amp#27;[39m &amp#27;[90m553 ms - 137&amp#27;[39m
&amp#27;[35m[HTTP]&amp#27;[39m &amp#27;[90m&amp#27;[39m
&amp#27;[35m[HTTP]&amp#27;[39m &amp#27;[37m-->&amp#27;[39m &amp#27;[37mPOST&amp#27;[39m &amp#27;[37m/wd/hub/session/937ebac4-1fbd-4d9f-95d1-e813d5888f9d/element/b2391552-8ff1-4bda-a1d0-81fc285ff6ee/click&amp#27;[39m
&amp#27;[35m[HTTP]&amp#27;[39m &amp#27;[90m{"id":"b2391552-8ff1-4bda-a1d0-81fc285ff6ee"}&amp#27;[39m
[debug] &amp#27;[35m[W3C (937ebac4)]&amp#27;[39m Calling AppiumDriver.click() with args: ["b2391552-8ff1-4bda-a1d0-81fc285ff6ee","937ebac4-1fbd-4d9f-95d1-e813d5888f9d"]
[debug] &amp#27;[35m[WD Proxy]&amp#27;[39m Matched '/element/b2391552-8ff1-4bda-a1d0-81fc285ff6ee/click' to command name 'click'
[debug] &amp#27;[35m[WD Proxy]&amp#27;[39m Proxying [POST /element/b2391552-8ff1-4bda-a1d0-81fc285ff6ee/click] to [POST http://127.0.0.1:8202/wd/hub/session/997a9288-92d3-4e25-813f-55acb27f291e/element/b2391552-8ff1-4bda-a1d0-81fc285ff6ee/click] with body: {"element":"b2391552-8ff1-4bda-a1d0-81fc285ff6ee"}
[debug] &amp#27;[35m[WD Proxy]&amp#27;[39m Got response with status 200: {"sessionId":"997a9288-92d3-4e25-813f-55acb27f291e","value":null}
[debug] &amp#27;[35m[W3C (937ebac4)]&amp#27;[39m Responding to client with driver.click() result: null
&amp#27;[35m[HTTP]&amp#27;[39m &amp#27;[37m<-- POST /wd/hub/session/937ebac4-1fbd-4d9f-95d1-e813d5888f9d/element/b2391552-8ff1-4bda-a1d0-81fc285ff6ee/click &amp#27;[39m&amp#27;[32m200&amp#27;[39m &amp#27;[90m50 ms - 14&amp#27;[39m
&amp#27;[35m[HTTP]&amp#27;[39m &amp#27;[90m&amp#27;[39m
&amp#27;[35m[HTTP]&amp#27;[39m &amp#27;[37m-->&amp#27;[39m &amp#27;[37mGET&amp#27;[39m &amp#27;[37m/wd/hub/session/937ebac4-1fbd-4d9f-95d1-e813d5888f9d&amp#27;[39m
&amp#27;[35m[HTTP]&amp#27;[39m &amp#27;[90m{}&amp#27;[39m
[debug] &amp#27;[35m[W3C (937ebac4)]&amp#27;[39m Calling AppiumDriver.getSession() with args: ["937ebac4-1fbd-4d9f-95d1-e813d5888f9d"]
[debug] &amp#27;[35m[UiAutomator2]&amp#27;[39m Getting session details from server to mix in
[debug] &amp#27;[35m[WD Proxy]&amp#27;[39m Matched '/' to command name 'getSession'
[debug] &amp#27;[35m[WD Proxy]&amp#27;[39m Proxying [GET /] to [GET http://127.0.0.1:8202/wd/hub/session/997a9288-92d3-4e25-813f-55acb27f291e] with no body
[debug] &amp#27;[35m[WD Proxy]&amp#27;[39m Got response with status 200: {"sessionId":"997a9288-92d3-4e25-813f-55acb27f291e","value":{"lastScrollData":null}}
[debug] &amp#27;[35m[W3C (937ebac4)]&amp#27;[39m Responding to client with driver.getSession() result: {"platform":"LINUX","webStorageEnabled":false,"takesScreenshot":true,"javascriptEnabled":true,"databaseEnabled":false,"networkConnectionEnabled":true,"locationContextEnabled":false,"warnings":{},"desired":{"platformName":"android","app":"./Resourses/in.workindia.apk","appActivity":"in.workindia.nileshdungarwal.workindiaandroid.RegisterActivity","appPackage":"in.workindia.nileshdungarwal.workindiaandroid","deviceName":"emulator-5554","platformVersion":"8.1"},"platformName":"android","app":"./Resourses/in.workindia.apk","appActivity":"in.workindia.nileshdungarwal.workindiaandroid.RegisterActivity","appPackage":"in.workindia.nileshdungarwal.workindiaandroid","deviceName":"emulator-5554","platformVersion":"8.1.0","deviceUDID":"emulator-5554","deviceApiLevel":27,"deviceScreenSize":"1080x2160","deviceScreenDensity":440,"deviceModel":"Android SDK built for x86","deviceManufacturer":"Google","pixelRatio":2.75,"statBarHeight":66,"viewportRect":{"left":0,"top":66,"width":1080,"height":1962},"lastScrollData":null}
&amp#27;[35m[HTTP]&amp#27;[39m &amp#27;[37m<-- GET /wd/hub/session/937ebac4-1fbd-4d9f-95d1-e813d5888f9d &amp#27;[39m&amp#27;[32m200&amp#27;[39m &amp#27;[90m18 ms - 1028&amp#27;[39m
&amp#27;[35m[HTTP]&amp#27;[39m &amp#27;[90m&amp#27;[39m
&amp#27;[35m[HTTP]&amp#27;[39m &amp#27;[37m-->&amp#27;[39m &amp#27;[37mGET&amp#27;[39m &amp#27;[37m/wd/hub/session/937ebac4-1fbd-4d9f-95d1-e813d5888f9d&amp#27;[39m
&amp#27;[35m[HTTP]&amp#27;[39m &amp#27;[90m{}&amp#27;[39m
[debug] &amp#27;[35m[W3C (937ebac4)]&amp#27;[39m Calling AppiumDriver.getSession() with args: ["937ebac4-1fbd-4d9f-95d1-e813d5888f9d"]
[debug] &amp#27;[35m[UiAutomator2]&amp#27;[39m Getting session details from server to mix in
[debug] &amp#27;[35m[WD Proxy]&amp#27;[39m Matched '/' to command name 'getSession'
[debug] &amp#27;[35m[WD Proxy]&amp#27;[39m Proxying [GET /] to [GET http://127.0.0.1:8202/wd/hub/session/997a9288-92d3-4e25-813f-55acb27f291e] with no body
[debug] &amp#27;[35m[WD Proxy]&amp#27;[39m Got response with status 200: {"sessionId":"997a9288-92d3-4e25-813f-55acb27f291e","value":{"lastScrollData":null}}
[debug] &amp#27;[35m[W3C (937ebac4)]&amp#27;[39m Responding to client with driver.getSession() result: {"platform":"LINUX","webStorageEnabled":false,"takesScreenshot":true,"javascriptEnabled":true,"databaseEnabled":false,"networkConnectionEnabled":true,"locationContextEnabled":false,"warnings":{},"desired":{"platformName":"android","app":"./Resourses/in.workindia.apk","appActivity":"in.workindia.nileshdungarwal.workindiaandroid.RegisterActivity","appPackage":"in.workindia.nileshdungarwal.workindiaandroid","deviceName":"emulator-5554","platformVersion":"8.1"},"platformName":"android","app":"./Resourses/in.workindia.apk","appActivity":"in.workindia.nileshdungarwal.workindiaandroid.RegisterActivity","appPackage":"in.workindia.nileshdungarwal.workindiaandroid","deviceName":"emulator-5554","platformVersion":"8.1.0","deviceUDID":"emulator-5554","deviceApiLevel":27,"deviceScreenSize":"1080x2160","deviceScreenDensity":440,"deviceModel":"Android SDK built for x86","deviceManufacturer":"Google","pixelRatio":2.75,"statBarHeight":66,"viewportRect":{"left":0,"top":66,"width":1080,"height":1962},"lastScrollData":null}
&amp#27;[35m[HTTP]&amp#27;[39m &amp#27;[37m<-- GET /wd/hub/session/937ebac4-1fbd-4d9f-95d1-e813d5888f9d &amp#27;[39m&amp#27;[32m200&amp#27;[39m &amp#27;[90m17 ms - 1028&amp#27;[39m
&amp#27;[35m[HTTP]&amp#27;[39m &amp#27;[90m&amp#27;[39m
&amp#27;[35m[HTTP]&amp#27;[39m &amp#27;[37m-->&amp#27;[39m &amp#27;[37mGET&amp#27;[39m &amp#27;[37m/wd/hub/session/937ebac4-1fbd-4d9f-95d1-e813d5888f9d/window/rect&amp#27;[39m
&amp#27;[35m[HTTP]&amp#27;[39m &amp#27;[90m{}&amp#27;[39m
[debug] &amp#27;[35m[W3C (937ebac4)]&amp#27;[39m Calling AppiumDriver.getWindowRect() with args: ["937ebac4-1fbd-4d9f-95d1-e813d5888f9d"]
[debug] &amp#27;[35m[WD Proxy]&amp#27;[39m Matched '/window/current/size' to command name 'getWindowSize'
[debug] &amp#27;[35m[WD Proxy]&amp#27;[39m Proxying [GET /window/current/size] to [GET http://127.0.0.1:8202/wd/hub/session/997a9288-92d3-4e25-813f-55acb27f291e/window/current/size] with no body
[debug] &amp#27;[35m[WD Proxy]&amp#27;[39m Got response with status 200: {"sessionId":"997a9288-92d3-4e25-813f-55acb27f291e","value":{"height":2028,"width":1080}}
[debug] &amp#27;[35m[W3C (937ebac4)]&amp#27;[39m Responding to client with driver.getWindowRect() result: {"width":1080,"height":2028,"x":0,"y":0}
&amp#27;[35m[HTTP]&amp#27;[39m &amp#27;[37m<-- GET /wd/hub/session/937ebac4-1fbd-4d9f-95d1-e813d5888f9d/window/rect &amp#27;[39m&amp#27;[32m200&amp#27;[39m &amp#27;[90m45 ms - 50&amp#27;[39m
&amp#27;[35m[HTTP]&amp#27;[39m &amp#27;[90m&amp#27;[39m
&amp#27;[35m[HTTP]&amp#27;[39m &amp#27;[37m-->&amp#27;[39m &amp#27;[37mPOST&amp#27;[39m &amp#27;[37m/wd/hub/session/937ebac4-1fbd-4d9f-95d1-e813d5888f9d/touch/perform&amp#27;[39m
&amp#27;[35m[HTTP]&amp#27;[39m &amp#27;[90m{"actions":[{"action":"press","options":{"x":540,"y":1419}},{"action":"wait","options":{"ms":1000}},{"action":"moveTo","options":{"x":540,"y":202}},{"action":"release","options":{}}]}&amp#27;[39m
[debug] &amp#27;[35m[W3C (937ebac4)]&amp#27;[39m Calling AppiumDriver.performTouch() with args: [[{"action":"press","options":{"x":540,"y":1419}},{"action":"wait","options":{"ms":1000}},{"action":"moveTo","options":{"x":540,"y":202}},{"action":"release","options":{}}],"937ebac4-1fbd-4d9f-95d1-e813d5888f9d"]
[debug] &amp#27;[35m[WD Proxy]&amp#27;[39m Matched '/touch/perform' to command name 'performTouch'
[debug] &amp#27;[35m[WD Proxy]&amp#27;[39m Proxying [POST /touch/perform] to [POST http://127.0.0.1:8202/wd/hub/session/997a9288-92d3-4e25-813f-55acb27f291e/touch/perform] with body: {"startX":540,"startY":1419,"endX":540,"endY":202,"steps":28}
[debug] &amp#27;[35m[WD Proxy]&amp#27;[39m Got response with status 200: {"sessionId":"997a9288-92d3-4e25-813f-55acb27f291e","value":null}
[debug] &amp#27;[35m[W3C (937ebac4)]&amp#27;[39m Responding to client with driver.performTouch() result: null
&amp#27;[35m[HTTP]&amp#27;[39m &amp#27;[37m<-- POST /wd/hub/session/937ebac4-1fbd-4d9f-95d1-e813d5888f9d/touch/perform &amp#27;[39m&amp#27;[32m200&amp#27;[39m &amp#27;[90m1570 ms - 14&amp#27;[39m
&amp#27;[35m[HTTP]&amp#27;[39m &amp#27;[90m&amp#27;[39m
&amp#27;[35m[HTTP]&amp#27;[39m &amp#27;[37m-->&amp#27;[39m &amp#27;[37mGET&amp#27;[39m &amp#27;[37m/wd/hub/session/937ebac4-1fbd-4d9f-95d1-e813d5888f9d&amp#27;[39m
&amp#27;[35m[HTTP]&amp#27;[39m &amp#27;[90m{}&amp#27;[39m
[debug] &amp#27;[35m[W3C (937ebac4)]&amp#27;[39m Calling AppiumDriver.getSession() with args: ["937ebac4-1fbd-4d9f-95d1-e813d5888f9d"]
[debug] &amp#27;[35m[UiAutomator2]&amp#27;[39m Getting session details from server to mix in
[debug] &amp#27;[35m[WD Proxy]&amp#27;[39m Matched '/' to command name 'getSession'
[debug] &amp#27;[35m[WD Proxy]&amp#27;[39m Proxying [GET /] to [GET http://127.0.0.1:8202/wd/hub/session/997a9288-92d3-4e25-813f-55acb27f291e] with no body
[debug] &amp#27;[35m[WD Proxy]&amp#27;[39m Got response with status 200: {"sessionId":"997a9288-92d3-4e25-813f-55acb27f291e","value":{"lastScrollData":{"toIndex":-1,"maxScrollY":2299,"maxScrollX":0,"scrollY":1179,"scrollX":0,"fromIndex":-1,"itemCount":-1}}}
[debug] &amp#27;[35m[W3C (937ebac4)]&amp#27;[39m Responding to client with driver.getSession() result: {"platform":"LINUX","webStorageEnabled":false,"takesScreenshot":true,"javascriptEnabled":true,"databaseEnabled":false,"networkConnectionEnabled":true,"locationContextEnabled":false,"warnings":{},"desired":{"platformName":"android","app":"./Resourses/in.workindia.apk","appActivity":"in.workindia.nileshdungarwal.workindiaandroid.RegisterActivity","appPackage":"in.workindia.nileshdungarwal.workindiaandroid","deviceName":"emulator-5554","platformVersion":"8.1"},"platformName":"android","app":"./Resourses/in.workindia.apk","appActivity":"in.workindia.nileshdungarwal.workindiaandroid.RegisterActivity","appPackage":"in.workindia.nileshdungarwal.workindiaandroid","deviceName":"emulator-5554","platformVersion":"8.1.0","deviceUDID":"emulator-5554","deviceApiLevel":27,"deviceScreenSize":"1080x2160","deviceScreenDensity":440,"deviceModel":"Android SDK built for x86","deviceManufacturer":"Google","pixelRatio":2.75,"statBarHeight":66,"viewportRect":{"left":0,"top":66,"width":1080,"height":1962},"lastScrollData":{"toInde...
&amp#27;[35m[HTTP]&amp#27;[39m &amp#27;[37m<-- GET /wd/hub/session/937ebac4-1fbd-4d9f-95d1-e813d5888f9d &amp#27;[39m&amp#27;[32m200&amp#27;[39m &amp#27;[90m28 ms - 1128&amp#27;[39m
&amp#27;[35m[HTTP]&amp#27;[39m &amp#27;[90m&amp#27;[39m
&amp#27;[35m[HTTP]&amp#27;[39m &amp#27;[37m-->&amp#27;[39m &amp#27;[37mGET&amp#27;[39m &amp#27;[37m/wd/hub/session/937ebac4-1fbd-4d9f-95d1-e813d5888f9d&amp#27;[39m
&amp#27;[35m[HTTP]&amp#27;[39m &amp#27;[90m{}&amp#27;[39m
[debug] &amp#27;[35m[W3C (937ebac4)]&amp#27;[39m Calling AppiumDriver.getSession() with args: ["937ebac4-1fbd-4d9f-95d1-e813d5888f9d"]
[debug] &amp#27;[35m[UiAutomator2]&amp#27;[39m Getting session details from server to mix in
[debug] &amp#27;[35m[WD Proxy]&amp#27;[39m Matched '/' to command name 'getSession'
[debug] &amp#27;[35m[WD Proxy]&amp#27;[39m Proxying [GET /] to [GET http://127.0.0.1:8202/wd/hub/session/997a9288-92d3-4e25-813f-55acb27f291e] with no body
[debug] &amp#27;[35m[WD Proxy]&amp#27;[39m Got response with status 200: {"sessionId":"997a9288-92d3-4e25-813f-55acb27f291e","value":{"lastScrollData":{"toIndex":-1,"maxScrollY":2299,"maxScrollX":0,"scrollY":1179,"scrollX":0,"fromIndex":-1,"itemCount":-1}}}
[debug] &amp#27;[35m[W3C (937ebac4)]&amp#27;[39m Responding to client with driver.getSession() result: {"platform":"LINUX","webStorageEnabled":false,"takesScreenshot":true,"javascriptEnabled":true,"databaseEnabled":false,"networkConnectionEnabled":true,"locationContextEnabled":false,"warnings":{},"desired":{"platformName":"android","app":"./Resourses/in.workindia.apk","appActivity":"in.workindia.nileshdungarwal.workindiaandroid.RegisterActivity","appPackage":"in.workindia.nileshdungarwal.workindiaandroid","deviceName":"emulator-5554","platformVersion":"8.1"},"platformName":"android","app":"./Resourses/in.workindia.apk","appActivity":"in.workindia.nileshdungarwal.workindiaandroid.RegisterActivity","appPackage":"in.workindia.nileshdungarwal.workindiaandroid","deviceName":"emulator-5554","platformVersion":"8.1.0","deviceUDID":"emulator-5554","deviceApiLevel":27,"deviceScreenSize":"1080x2160","deviceScreenDensity":440,"deviceModel":"Android SDK built for x86","deviceManufacturer":"Google","pixelRatio":2.75,"statBarHeight":66,"viewportRect":{"left":0,"top":66,"width":1080,"height":1962},"lastScrollData":{"toInde...
&amp#27;[35m[HTTP]&amp#27;[39m &amp#27;[37m<-- GET /wd/hub/session/937ebac4-1fbd-4d9f-95d1-e813d5888f9d &amp#27;[39m&amp#27;[32m200&amp#27;[39m &amp#27;[90m25 ms - 1128&amp#27;[39m
&amp#27;[35m[HTTP]&amp#27;[39m &amp#27;[90m&amp#27;[39m
&amp#27;[35m[HTTP]&amp#27;[39m &amp#27;[37m-->&amp#27;[39m &amp#27;[37mGET&amp#27;[39m &amp#27;[37m/wd/hub/session/937ebac4-1fbd-4d9f-95d1-e813d5888f9d&amp#27;[39m
&amp#27;[35m[HTTP]&amp#27;[39m &amp#27;[90m{}&amp#27;[39m
[debug] &amp#27;[35m[W3C (937ebac4)]&amp#27;[39m Calling AppiumDriver.getSession() with args: ["937ebac4-1fbd-4d9f-95d1-e813d5888f9d"]
[debug] &amp#27;[35m[UiAutomator2]&amp#27;[39m Getting session details from server to mix in
[debug] &amp#27;[35m[WD Proxy]&amp#27;[39m Matched '/' to command name 'getSession'
[debug] &amp#27;[35m[WD Proxy]&amp#27;[39m Proxying [GET /] to [GET http://127.0.0.1:8202/wd/hub/session/997a9288-92d3-4e25-813f-55acb27f291e] with no body
[debug] &amp#27;[35m[WD Proxy]&amp#27;[39m Got response with status 200: {"sessionId":"997a9288-92d3-4e25-813f-55acb27f291e","value":{"lastScrollData":{"toIndex":-1,"maxScrollY":2299,"maxScrollX":0,"scrollY":1179,"scrollX":0,"fromIndex":-1,"itemCount":-1}}}
[debug] &amp#27;[35m[W3C (937ebac4)]&amp#27;[39m Responding to client with driver.getSession() result: {"platform":"LINUX","webStorageEnabled":false,"takesScreenshot":true,"javascriptEnabled":true,"databaseEnabled":false,"networkConnectionEnabled":true,"locationContextEnabled":false,"warnings":{},"desired":{"platformName":"android","app":"./Resourses/in.workindia.apk","appActivity":"in.workindia.nileshdungarwal.workindiaandroid.RegisterActivity","appPackage":"in.workindia.nileshdungarwal.workindiaandroid","deviceName":"emulator-5554","platformVersion":"8.1"},"platformName":"android","app":"./Resourses/in.workindia.apk","appActivity":"in.workindia.nileshdungarwal.workindiaandroid.RegisterActivity","appPackage":"in.workindia.nileshdungarwal.workindiaandroid","deviceName":"emulator-5554","platformVersion":"8.1.0","deviceUDID":"emulator-5554","deviceApiLevel":27,"deviceScreenSize":"1080x2160","deviceScreenDensity":440,"deviceModel":"Android SDK built for x86","deviceManufacturer":"Google","pixelRatio":2.75,"statBarHeight":66,"viewportRect":{"left":0,"top":66,"width":1080,"height":1962},"lastScrollData":{"toInde...
&amp#27;[35m[HTTP]&amp#27;[39m &amp#27;[37m<-- GET /wd/hub/session/937ebac4-1fbd-4d9f-95d1-e813d5888f9d &amp#27;[39m&amp#27;[32m200&amp#27;[39m &amp#27;[90m26 ms - 1128&amp#27;[39m
&amp#27;[35m[HTTP]&amp#27;[39m &amp#27;[90m&amp#27;[39m
&amp#27;[35m[HTTP]&amp#27;[39m &amp#27;[37m-->&amp#27;[39m &amp#27;[37mPOST&amp#27;[39m &amp#27;[37m/wd/hub/session/937ebac4-1fbd-4d9f-95d1-e813d5888f9d/element&amp#27;[39m
&amp#27;[35m[HTTP]&amp#27;[39m &amp#27;[90m{"using":"id","value":"in.workindia.nileshdungarwal.workindiaandroid:id/cb_fresher"}&amp#27;[39m
[debug] &amp#27;[35m[W3C (937ebac4)]&amp#27;[39m Calling AppiumDriver.findElement() with args: ["id","in.workindia.nileshdungarwal.workindiaandroid:id/cb_fresher","937ebac4-1fbd-4d9f-95d1-e813d5888f9d"]
[debug] &amp#27;[35m[BaseDriver]&amp#27;[39m Valid locator strategies for this request: xpath, id, class name, accessibility id, css selector, -android uiautomator
[debug] &amp#27;[35m[BaseDriver]&amp#27;[39m Waiting up to 30000 ms for condition
[debug] &amp#27;[35m[WD Proxy]&amp#27;[39m Matched '/element' to command name 'findElement'
[debug] &amp#27;[35m[WD Proxy]&amp#27;[39m Proxying [POST /element] to [POST http://127.0.0.1:8202/wd/hub/session/997a9288-92d3-4e25-813f-55acb27f291e/element] with body: {"strategy":"id","selector":"in.workindia.nileshdungarwal.workindiaandroid:id/cb_fresher","context":"","multiple":false}
[debug] &amp#27;[35m[WD Proxy]&amp#27;[39m Got response with status 200: {"sessionId":"997a9288-92d3-4e25-813f-55acb27f291e","value":{"ELEMENT":"ca0730bb-9109-4ea7-930e-0d467b737718","element-6066-11e4-a52e-4f735466cecf":"ca0730bb-9109-4ea7-930e-0d467b737718"}}
[debug] &amp#27;[35m[W3C (937ebac4)]&amp#27;[39m Responding to client with driver.findElement() result: {"element-6066-11e4-a52e-4f735466cecf":"ca0730bb-9109-4ea7-930e-0d467b737718","ELEMENT":"ca0730bb-9109-4ea7-930e-0d467b737718"}
&amp#27;[35m[HTTP]&amp#27;[39m &amp#27;[37m<-- POST /wd/hub/session/937ebac4-1fbd-4d9f-95d1-e813d5888f9d/element &amp#27;[39m&amp#27;[32m200&amp#27;[39m &amp#27;[90m41 ms - 137&amp#27;[39m
&amp#27;[35m[HTTP]&amp#27;[39m &amp#27;[90m&amp#27;[39m
&amp#27;[35m[HTTP]&amp#27;[39m &amp#27;[37m-->&amp#27;[39m &amp#27;[37mPOST&amp#27;[39m &amp#27;[37m/wd/hub/session/937ebac4-1fbd-4d9f-95d1-e813d5888f9d/element/ca0730bb-9109-4ea7-930e-0d467b737718/click&amp#27;[39m
&amp#27;[35m[HTTP]&amp#27;[39m &amp#27;[90m{"id":"ca0730bb-9109-4ea7-930e-0d467b737718"}&amp#27;[39m
[debug] &amp#27;[35m[W3C (937ebac4)]&amp#27;[39m Calling AppiumDriver.click() with args: ["ca0730bb-9109-4ea7-930e-0d467b737718","937ebac4-1fbd-4d9f-95d1-e813d5888f9d"]
[debug] &amp#27;[35m[WD Proxy]&amp#27;[39m Matched '/element/ca0730bb-9109-4ea7-930e-0d467b737718/click' to command name 'click'
[debug] &amp#27;[35m[WD Proxy]&amp#27;[39m Proxying [POST /element/ca0730bb-9109-4ea7-930e-0d467b737718/click] to [POST http://127.0.0.1:8202/wd/hub/session/997a9288-92d3-4e25-813f-55acb27f291e/element/ca0730bb-9109-4ea7-930e-0d467b737718/click] with body: {"element":"ca0730bb-9109-4ea7-930e-0d467b737718"}
[debug] &amp#27;[35m[WD Proxy]&amp#27;[39m Got response with status 200: {"sessionId":"997a9288-92d3-4e25-813f-55acb27f291e","value":null}
[debug] &amp#27;[35m[W3C (937ebac4)]&amp#27;[39m Responding to client with driver.click() result: null
&amp#27;[35m[HTTP]&amp#27;[39m &amp#27;[37m<-- POST /wd/hub/session/937ebac4-1fbd-4d9f-95d1-e813d5888f9d/element/ca0730bb-9109-4ea7-930e-0d467b737718/click &amp#27;[39m&amp#27;[32m200&amp#27;[39m &amp#27;[90m23 ms - 14&amp#27;[39m
&amp#27;[35m[HTTP]&amp#27;[39m &amp#27;[90m&amp#27;[39m
&amp#27;[35m[HTTP]&amp#27;[39m &amp#27;[37m-->&amp#27;[39m &amp#27;[37mGET&amp#27;[39m &amp#27;[37m/wd/hub/session/937ebac4-1fbd-4d9f-95d1-e813d5888f9d&amp#27;[39m
&amp#27;[35m[HTTP]&amp#27;[39m &amp#27;[90m{}&amp#27;[39m
[debug] &amp#27;[35m[W3C (937ebac4)]&amp#27;[39m Calling AppiumDriver.getSession() with args: ["937ebac4-1fbd-4d9f-95d1-e813d5888f9d"]
[debug] &amp#27;[35m[UiAutomator2]&amp#27;[39m Getting session details from server to mix in
[debug] &amp#27;[35m[WD Proxy]&amp#27;[39m Matched '/' to command name 'getSession'
[debug] &amp#27;[35m[WD Proxy]&amp#27;[39m Proxying [GET /] to [GET http://127.0.0.1:8202/wd/hub/session/997a9288-92d3-4e25-813f-55acb27f291e] with no body
[debug] &amp#27;[35m[WD Proxy]&amp#27;[39m Got response with status 200: {"sessionId":"997a9288-92d3-4e25-813f-55acb27f291e","value":{"lastScrollData":{"toIndex":-1,"maxScrollY":2299,"maxScrollX":0,"scrollY":1179,"scrollX":0,"fromIndex":-1,"itemCount":-1}}}
[debug] &amp#27;[35m[W3C (937ebac4)]&amp#27;[39m Responding to client with driver.getSession() result: {"platform":"LINUX","webStorageEnabled":false,"takesScreenshot":true,"javascriptEnabled":true,"databaseEnabled":false,"networkConnectionEnabled":true,"locationContextEnabled":false,"warnings":{},"desired":{"platformName":"android","app":"./Resourses/in.workindia.apk","appActivity":"in.workindia.nileshdungarwal.workindiaandroid.RegisterActivity","appPackage":"in.workindia.nileshdungarwal.workindiaandroid","deviceName":"emulator-5554","platformVersion":"8.1"},"platformName":"android","app":"./Resourses/in.workindia.apk","appActivity":"in.workindia.nileshdungarwal.workindiaandroid.RegisterActivity","appPackage":"in.workindia.nileshdungarwal.workindiaandroid","deviceName":"emulator-5554","platformVersion":"8.1.0","deviceUDID":"emulator-5554","deviceApiLevel":27,"deviceScreenSize":"1080x2160","deviceScreenDensity":440,"deviceModel":"Android SDK built for x86","deviceManufacturer":"Google","pixelRatio":2.75,"statBarHeight":66,"viewportRect":{"left":0,"top":66,"width":1080,"height":1962},"lastScrollData":{"toInde...
&amp#27;[35m[HTTP]&amp#27;[39m &amp#27;[37m<-- GET /wd/hub/session/937ebac4-1fbd-4d9f-95d1-e813d5888f9d &amp#27;[39m&amp#27;[32m200&amp#27;[39m &amp#27;[90m11 ms - 1128&amp#27;[39m
&amp#27;[35m[HTTP]&amp#27;[39m &amp#27;[90m&amp#27;[39m
&amp#27;[35m[HTTP]&amp#27;[39m &amp#27;[37m-->&amp#27;[39m &amp#27;[37mPOST&amp#27;[39m &amp#27;[37m/wd/hub/session/937ebac4-1fbd-4d9f-95d1-e813d5888f9d/element&amp#27;[39m
&amp#27;[35m[HTTP]&amp#27;[39m &amp#27;[90m{"using":"id","value":"in.workindia.nileshdungarwal.workindiaandroid:id/et_age"}&amp#27;[39m
[debug] &amp#27;[35m[W3C (937ebac4)]&amp#27;[39m Calling AppiumDriver.findElement() with args: ["id","in.workindia.nileshdungarwal.workindiaandroid:id/et_age","937ebac4-1fbd-4d9f-95d1-e813d5888f9d"]
[debug] &amp#27;[35m[BaseDriver]&amp#27;[39m Valid locator strategies for this request: xpath, id, class name, accessibility id, css selector, -android uiautomator
[debug] &amp#27;[35m[BaseDriver]&amp#27;[39m Waiting up to 30000 ms for condition
[debug] &amp#27;[35m[WD Proxy]&amp#27;[39m Matched '/element' to command name 'findElement'
[debug] &amp#27;[35m[WD Proxy]&amp#27;[39m Proxying [POST /element] to [POST http://127.0.0.1:8202/wd/hub/session/997a9288-92d3-4e25-813f-55acb27f291e/element] with body: {"strategy":"id","selector":"in.workindia.nileshdungarwal.workindiaandroid:id/et_age","context":"","multiple":false}
[debug] &amp#27;[35m[WD Proxy]&amp#27;[39m Got response with status 200: {"sessionId":"997a9288-92d3-4e25-813f-55acb27f291e","value":{"ELEMENT":"0f54ef1d-82f9-4143-800d-738a9029b638","element-6066-11e4-a52e-4f735466cecf":"0f54ef1d-82f9-4143-800d-738a9029b638"}}
[debug] &amp#27;[35m[W3C (937ebac4)]&amp#27;[39m Responding to client with driver.findElement() result: {"element-6066-11e4-a52e-4f735466cecf":"0f54ef1d-82f9-4143-800d-738a9029b638","ELEMENT":"0f54ef1d-82f9-4143-800d-738a9029b638"}
&amp#27;[35m[HTTP]&amp#27;[39m &amp#27;[37m<-- POST /wd/hub/session/937ebac4-1fbd-4d9f-95d1-e813d5888f9d/element &amp#27;[39m&amp#27;[32m200&amp#27;[39m &amp#27;[90m524 ms - 137&amp#27;[39m
&amp#27;[35m[HTTP]&amp#27;[39m &amp#27;[90m&amp#27;[39m
&amp#27;[35m[HTTP]&amp#27;[39m &amp#27;[37m-->&amp#27;[39m &amp#27;[37mPOST&amp#27;[39m &amp#27;[37m/wd/hub/session/937ebac4-1fbd-4d9f-95d1-e813d5888f9d/element/0f54ef1d-82f9-4143-800d-738a9029b638/click&amp#27;[39m
&amp#27;[35m[HTTP]&amp#27;[39m &amp#27;[90m{"id":"0f54ef1d-82f9-4143-800d-738a9029b638"}&amp#27;[39m
[debug] &amp#27;[35m[W3C (937ebac4)]&amp#27;[39m Calling AppiumDriver.click() with args: ["0f54ef1d-82f9-4143-800d-738a9029b638","937ebac4-1fbd-4d9f-95d1-e813d5888f9d"]
[debug] &amp#27;[35m[WD Proxy]&amp#27;[39m Matched '/element/0f54ef1d-82f9-4143-800d-738a9029b638/click' to command name 'click'
[debug] &amp#27;[35m[WD Proxy]&amp#27;[39m Proxying [POST /element/0f54ef1d-82f9-4143-800d-738a9029b638/click] to [POST http://127.0.0.1:8202/wd/hub/session/997a9288-92d3-4e25-813f-55acb27f291e/element/0f54ef1d-82f9-4143-800d-738a9029b638/click] with body: {"element":"0f54ef1d-82f9-4143-800d-738a9029b638"}
[debug] &amp#27;[35m[WD Proxy]&amp#27;[39m Got response with status 200: {"sessionId":"997a9288-92d3-4e25-813f-55acb27f291e","value":null}
[debug] &amp#27;[35m[W3C (937ebac4)]&amp#27;[39m Responding to client with driver.click() result: null
&amp#27;[35m[HTTP]&amp#27;[39m &amp#27;[37m<-- POST /wd/hub/session/937ebac4-1fbd-4d9f-95d1-e813d5888f9d/element/0f54ef1d-82f9-4143-800d-738a9029b638/click &amp#27;[39m&amp#27;[32m200&amp#27;[39m &amp#27;[90m27 ms - 14&amp#27;[39m
&amp#27;[35m[HTTP]&amp#27;[39m &amp#27;[90m&amp#27;[39m
&amp#27;[35m[HTTP]&amp#27;[39m &amp#27;[37m-->&amp#27;[39m &amp#27;[37mGET&amp#27;[39m &amp#27;[37m/wd/hub/session/937ebac4-1fbd-4d9f-95d1-e813d5888f9d&amp#27;[39m
&amp#27;[35m[HTTP]&amp#27;[39m &amp#27;[90m{}&amp#27;[39m
[debug] &amp#27;[35m[W3C (937ebac4)]&amp#27;[39m Calling AppiumDriver.getSession() with args: ["937ebac4-1fbd-4d9f-95d1-e813d5888f9d"]
[debug] &amp#27;[35m[UiAutomator2]&amp#27;[39m Getting session details from server to mix in
[debug] &amp#27;[35m[WD Proxy]&amp#27;[39m Matched '/' to command name 'getSession'
[debug] &amp#27;[35m[WD Proxy]&amp#27;[39m Proxying [GET /] to [GET http://127.0.0.1:8202/wd/hub/session/997a9288-92d3-4e25-813f-55acb27f291e] with no body
[debug] &amp#27;[35m[WD Proxy]&amp#27;[39m Got response with status 200: {"sessionId":"997a9288-92d3-4e25-813f-55acb27f291e","value":{"lastScrollData":{"toIndex":-1,"maxScrollY":2299,"maxScrollX":0,"scrollY":1179,"scrollX":0,"fromIndex":-1,"itemCount":-1}}}
[debug] &amp#27;[35m[W3C (937ebac4)]&amp#27;[39m Responding to client with driver.getSession() result: {"platform":"LINUX","webStorageEnabled":false,"takesScreenshot":true,"javascriptEnabled":true,"databaseEnabled":false,"networkConnectionEnabled":true,"locationContextEnabled":false,"warnings":{},"desired":{"platformName":"android","app":"./Resourses/in.workindia.apk","appActivity":"in.workindia.nileshdungarwal.workindiaandroid.RegisterActivity","appPackage":"in.workindia.nileshdungarwal.workindiaandroid","deviceName":"emulator-5554","platformVersion":"8.1"},"platformName":"android","app":"./Resourses/in.workindia.apk","appActivity":"in.workindia.nileshdungarwal.workindiaandroid.RegisterActivity","appPackage":"in.workindia.nileshdungarwal.workindiaandroid","deviceName":"emulator-5554","platformVersion":"8.1.0","deviceUDID":"emulator-5554","deviceApiLevel":27,"deviceScreenSize":"1080x2160","deviceScreenDensity":440,"deviceModel":"Android SDK built for x86","deviceManufacturer":"Google","pixelRatio":2.75,"statBarHeight":66,"viewportRect":{"left":0,"top":66,"width":1080,"height":1962},"lastScrollData":{"toInde...
&amp#27;[35m[HTTP]&amp#27;[39m &amp#27;[37m<-- GET /wd/hub/session/937ebac4-1fbd-4d9f-95d1-e813d5888f9d &amp#27;[39m&amp#27;[32m200&amp#27;[39m &amp#27;[90m17 ms - 1128&amp#27;[39m
&amp#27;[35m[HTTP]&amp#27;[39m &amp#27;[90m&amp#27;[39m
&amp#27;[35m[HTTP]&amp#27;[39m &amp#27;[37m-->&amp#27;[39m &amp#27;[37mPOST&amp#27;[39m &amp#27;[37m/wd/hub/session/937ebac4-1fbd-4d9f-95d1-e813d5888f9d/element&amp#27;[39m
&amp#27;[35m[HTTP]&amp#27;[39m &amp#27;[90m{"using":"xpath","value":"//android.widget.TextView[8]"}&amp#27;[39m
[debug] &amp#27;[35m[W3C (937ebac4)]&amp#27;[39m Calling AppiumDriver.findElement() with args: ["xpath","//android.widget.TextView[8]","937ebac4-1fbd-4d9f-95d1-e813d5888f9d"]
[debug] &amp#27;[35m[BaseDriver]&amp#27;[39m Valid locator strategies for this request: xpath, id, class name, accessibility id, css selector, -android uiautomator
[debug] &amp#27;[35m[BaseDriver]&amp#27;[39m Waiting up to 30000 ms for condition
[debug] &amp#27;[35m[WD Proxy]&amp#27;[39m Matched '/element' to command name 'findElement'
[debug] &amp#27;[35m[WD Proxy]&amp#27;[39m Proxying [POST /element] to [POST http://127.0.0.1:8202/wd/hub/session/997a9288-92d3-4e25-813f-55acb27f291e/element] with body: {"strategy":"xpath","selector":"//android.widget.TextView[8]","context":"","multiple":false}
[debug] &amp#27;[35m[WD Proxy]&amp#27;[39m Got response with status 200: {"sessionId":"997a9288-92d3-4e25-813f-55acb27f291e","value":{"ELEMENT":"e346e417-0b90-4965-8024-b1a5f42308dc","element-6066-11e4-a52e-4f735466cecf":"e346e417-0b90-4965-8024-b1a5f42308dc"}}
[debug] &amp#27;[35m[W3C (937ebac4)]&amp#27;[39m Responding to client with driver.findElement() result: {"element-6066-11e4-a52e-4f735466cecf":"e346e417-0b90-4965-8024-b1a5f42308dc","ELEMENT":"e346e417-0b90-4965-8024-b1a5f42308dc"}
&amp#27;[35m[HTTP]&amp#27;[39m &amp#27;[37m<-- POST /wd/hub/session/937ebac4-1fbd-4d9f-95d1-e813d5888f9d/element &amp#27;[39m&amp#27;[32m200&amp#27;[39m &amp#27;[90m280 ms - 137&amp#27;[39m
&amp#27;[35m[HTTP]&amp#27;[39m &amp#27;[90m&amp#27;[39m
&amp#27;[35m[HTTP]&amp#27;[39m &amp#27;[37m-->&amp#27;[39m &amp#27;[37mPOST&amp#27;[39m &amp#27;[37m/wd/hub/session/937ebac4-1fbd-4d9f-95d1-e813d5888f9d/element/e346e417-0b90-4965-8024-b1a5f42308dc/click&amp#27;[39m
&amp#27;[35m[HTTP]&amp#27;[39m &amp#27;[90m{"id":"e346e417-0b90-4965-8024-b1a5f42308dc"}&amp#27;[39m
[debug] &amp#27;[35m[W3C (937ebac4)]&amp#27;[39m Calling AppiumDriver.click() with args: ["e346e417-0b90-4965-8024-b1a5f42308dc","937ebac4-1fbd-4d9f-95d1-e813d5888f9d"]
[debug] &amp#27;[35m[WD Proxy]&amp#27;[39m Matched '/element/e346e417-0b90-4965-8024-b1a5f42308dc/click' to command name 'click'
[debug] &amp#27;[35m[WD Proxy]&amp#27;[39m Proxying [POST /element/e346e417-0b90-4965-8024-b1a5f42308dc/click] to [POST http://127.0.0.1:8202/wd/hub/session/997a9288-92d3-4e25-813f-55acb27f291e/element/e346e417-0b90-4965-8024-b1a5f42308dc/click] with body: {"element":"e346e417-0b90-4965-8024-b1a5f42308dc"}
[debug] &amp#27;[35m[WD Proxy]&amp#27;[39m Got response with status 200: {"sessionId":"997a9288-92d3-4e25-813f-55acb27f291e","value":null}
[debug] &amp#27;[35m[W3C (937ebac4)]&amp#27;[39m Responding to client with driver.click() result: null
&amp#27;[35m[HTTP]&amp#27;[39m &amp#27;[37m<-- POST /wd/hub/session/937ebac4-1fbd-4d9f-95d1-e813d5888f9d/element/e346e417-0b90-4965-8024-b1a5f42308dc/click &amp#27;[39m&amp#27;[32m200&amp#27;[39m &amp#27;[90m1208 ms - 14&amp#27;[39m
&amp#27;[35m[HTTP]&amp#27;[39m &amp#27;[90m&amp#27;[39m
&amp#27;[35m[HTTP]&amp#27;[39m &amp#27;[37m-->&amp#27;[39m &amp#27;[37mPOST&amp#27;[39m &amp#27;[37m/wd/hub/session/937ebac4-1fbd-4d9f-95d1-e813d5888f9d/timeouts&amp#27;[39m
&amp#27;[35m[HTTP]&amp#27;[39m &amp#27;[90m{"implicit":50000}&amp#27;[39m
[debug] &amp#27;[35m[W3C (937ebac4)]&amp#27;[39m Calling AppiumDriver.timeouts() with args: [null,null,null,null,50000,"937ebac4-1fbd-4d9f-95d1-e813d5888f9d"]
[debug] &amp#27;[35m[BaseDriver]&amp#27;[39m W3C timeout argument: {"implicit":50000}}
[debug] &amp#27;[35m[BaseDriver]&amp#27;[39m Set implicit wait to 50000ms
[debug] &amp#27;[35m[W3C (937ebac4)]&amp#27;[39m Responding to client with driver.timeouts() result: null
&amp#27;[35m[HTTP]&amp#27;[39m &amp#27;[37m<-- POST /wd/hub/session/937ebac4-1fbd-4d9f-95d1-e813d5888f9d/timeouts &amp#27;[39m&amp#27;[32m200&amp#27;[39m &amp#27;[90m23 ms - 14&amp#27;[39m
&amp#27;[35m[HTTP]&amp#27;[39m &amp#27;[90m&amp#27;[39m
&amp#27;[35m[HTTP]&amp#27;[39m &amp#27;[37m-->&amp#27;[39m &amp#27;[37mGET&amp#27;[39m &amp#27;[37m/wd/hub/session/937ebac4-1fbd-4d9f-95d1-e813d5888f9d&amp#27;[39m
&amp#27;[35m[HTTP]&amp#27;[39m &amp#27;[90m{}&amp#27;[39m
[debug] &amp#27;[35m[W3C (937ebac4)]&amp#27;[39m Calling AppiumDriver.getSession() with args: ["937ebac4-1fbd-4d9f-95d1-e813d5888f9d"]
[debug] &amp#27;[35m[UiAutomator2]&amp#27;[39m Getting session details from server to mix in
[debug] &amp#27;[35m[WD Proxy]&amp#27;[39m Matched '/' to command name 'getSession'
[debug] &amp#27;[35m[WD Proxy]&amp#27;[39m Proxying [GET /] to [GET http://127.0.0.1:8202/wd/hub/session/997a9288-92d3-4e25-813f-55acb27f291e] with no body
[debug] &amp#27;[35m[WD Proxy]&amp#27;[39m Got response with status 200: {"sessionId":"997a9288-92d3-4e25-813f-55acb27f291e","value":{"lastScrollData":{"toIndex":-1,"maxScrollY":2299,"maxScrollX":0,"scrollY":1179,"scrollX":0,"fromIndex":-1,"itemCount":-1}}}
[debug] &amp#27;[35m[W3C (937ebac4)]&amp#27;[39m Responding to client with driver.getSession() result: {"platform":"LINUX","webStorageEnabled":false,"takesScreenshot":true,"javascriptEnabled":true,"databaseEnabled":false,"networkConnectionEnabled":true,"locationContextEnabled":false,"warnings":{},"desired":{"platformName":"android","app":"./Resourses/in.workindia.apk","appActivity":"in.workindia.nileshdungarwal.workindiaandroid.RegisterActivity","appPackage":"in.workindia.nileshdungarwal.workindiaandroid","deviceName":"emulator-5554","platformVersion":"8.1"},"platformName":"android","app":"./Resourses/in.workindia.apk","appActivity":"in.workindia.nileshdungarwal.workindiaandroid.RegisterActivity","appPackage":"in.workindia.nileshdungarwal.workindiaandroid","deviceName":"emulator-5554","platformVersion":"8.1.0","deviceUDID":"emulator-5554","deviceApiLevel":27,"deviceScreenSize":"1080x2160","deviceScreenDensity":440,"deviceModel":"Android SDK built for x86","deviceManufacturer":"Google","pixelRatio":2.75,"statBarHeight":66,"viewportRect":{"left":0,"top":66,"width":1080,"height":1962},"lastScrollData":{"toInde...
&amp#27;[35m[HTTP]&amp#27;[39m &amp#27;[37m<-- GET /wd/hub/session/937ebac4-1fbd-4d9f-95d1-e813d5888f9d &amp#27;[39m&amp#27;[32m200&amp#27;[39m &amp#27;[90m32 ms - 1128&amp#27;[39m
&amp#27;[35m[HTTP]&amp#27;[39m &amp#27;[90m&amp#27;[39m
&amp#27;[35m[HTTP]&amp#27;[39m &amp#27;[37m-->&amp#27;[39m &amp#27;[37mGET&amp#27;[39m &amp#27;[37m/wd/hub/session/937ebac4-1fbd-4d9f-95d1-e813d5888f9d&amp#27;[39m
&amp#27;[35m[HTTP]&amp#27;[39m &amp#27;[90m{}&amp#27;[39m
[debug] &amp#27;[35m[W3C (937ebac4)]&amp#27;[39m Calling AppiumDriver.getSession() with args: ["937ebac4-1fbd-4d9f-95d1-e813d5888f9d"]
[debug] &amp#27;[35m[UiAutomator2]&amp#27;[39m Getting session details from server to mix in
[debug] &amp#27;[35m[WD Proxy]&amp#27;[39m Matched '/' to command name 'getSession'
[debug] &amp#27;[35m[WD Proxy]&amp#27;[39m Proxying [GET /] to [GET http://127.0.0.1:8202/wd/hub/session/997a9288-92d3-4e25-813f-55acb27f291e] with no body
[debug] &amp#27;[35m[WD Proxy]&amp#27;[39m Got response with status 200: {"sessionId":"997a9288-92d3-4e25-813f-55acb27f291e","value":{"lastScrollData":{"toIndex":-1,"maxScrollY":2299,"maxScrollX":0,"scrollY":1179,"scrollX":0,"fromIndex":-1,"itemCount":-1}}}
[debug] &amp#27;[35m[W3C (937ebac4)]&amp#27;[39m Responding to client with driver.getSession() result: {"platform":"LINUX","webStorageEnabled":false,"takesScreenshot":true,"javascriptEnabled":true,"databaseEnabled":false,"networkConnectionEnabled":true,"locationContextEnabled":false,"warnings":{},"desired":{"platformName":"android","app":"./Resourses/in.workindia.apk","appActivity":"in.workindia.nileshdungarwal.workindiaandroid.RegisterActivity","appPackage":"in.workindia.nileshdungarwal.workindiaandroid","deviceName":"emulator-5554","platformVersion":"8.1"},"platformName":"android","app":"./Resourses/in.workindia.apk","appActivity":"in.workindia.nileshdungarwal.workindiaandroid.RegisterActivity","appPackage":"in.workindia.nileshdungarwal.workindiaandroid","deviceName":"emulator-5554","platformVersion":"8.1.0","deviceUDID":"emulator-5554","deviceApiLevel":27,"deviceScreenSize":"1080x2160","deviceScreenDensity":440,"deviceModel":"Android SDK built for x86","deviceManufacturer":"Google","pixelRatio":2.75,"statBarHeight":66,"viewportRect":{"left":0,"top":66,"width":1080,"height":1962},"lastScrollData":{"toInde...
&amp#27;[35m[HTTP]&amp#27;[39m &amp#27;[37m<-- GET /wd/hub/session/937ebac4-1fbd-4d9f-95d1-e813d5888f9d &amp#27;[39m&amp#27;[32m200&amp#27;[39m &amp#27;[90m15 ms - 1128&amp#27;[39m
&amp#27;[35m[HTTP]&amp#27;[39m &amp#27;[90m&amp#27;[39m
&amp#27;[35m[HTTP]&amp#27;[39m &amp#27;[37m-->&amp#27;[39m &amp#27;[37mGET&amp#27;[39m &amp#27;[37m/wd/hub/session/937ebac4-1fbd-4d9f-95d1-e813d5888f9d&amp#27;[39m
&amp#27;[35m[HTTP]&amp#27;[39m &amp#27;[90m{}&amp#27;[39m
[debug] &amp#27;[35m[W3C (937ebac4)]&amp#27;[39m Calling AppiumDriver.getSession() with args: ["937ebac4-1fbd-4d9f-95d1-e813d5888f9d"]
[debug] &amp#27;[35m[UiAutomator2]&amp#27;[39m Getting session details from server to mix in
[debug] &amp#27;[35m[WD Proxy]&amp#27;[39m Matched '/' to command name 'getSession'
[debug] &amp#27;[35m[WD Proxy]&amp#27;[39m Proxying [GET /] to [GET http://127.0.0.1:8202/wd/hub/session/997a9288-92d3-4e25-813f-55acb27f291e] with no body
[debug] &amp#27;[35m[WD Proxy]&amp#27;[39m Got response with status 200: {"sessionId":"997a9288-92d3-4e25-813f-55acb27f291e","value":{"lastScrollData":{"toIndex":-1,"maxScrollY":2299,"maxScrollX":0,"scrollY":1179,"scrollX":0,"fromIndex":-1,"itemCount":-1}}}
[debug] &amp#27;[35m[W3C (937ebac4)]&amp#27;[39m Responding to client with driver.getSession() result: {"platform":"LINUX","webStorageEnabled":false,"takesScreenshot":true,"javascriptEnabled":true,"databaseEnabled":false,"networkConnectionEnabled":true,"locationContextEnabled":false,"warnings":{},"desired":{"platformName":"android","app":"./Resourses/in.workindia.apk","appActivity":"in.workindia.nileshdungarwal.workindiaandroid.RegisterActivity","appPackage":"in.workindia.nileshdungarwal.workindiaandroid","deviceName":"emulator-5554","platformVersion":"8.1"},"platformName":"android","app":"./Resourses/in.workindia.apk","appActivity":"in.workindia.nileshdungarwal.workindiaandroid.RegisterActivity","appPackage":"in.workindia.nileshdungarwal.workindiaandroid","deviceName":"emulator-5554","platformVersion":"8.1.0","deviceUDID":"emulator-5554","deviceApiLevel":27,"deviceScreenSize":"1080x2160","deviceScreenDensity":440,"deviceModel":"Android SDK built for x86","deviceManufacturer":"Google","pixelRatio":2.75,"statBarHeight":66,"viewportRect":{"left":0,"top":66,"width":1080,"height":1962},"lastScrollData":{"toInde...
&amp#27;[35m[HTTP]&amp#27;[39m &amp#27;[37m<-- GET /wd/hub/session/937ebac4-1fbd-4d9f-95d1-e813d5888f9d &amp#27;[39m&amp#27;[32m200&amp#27;[39m &amp#27;[90m11 ms - 1128&amp#27;[39m
&amp#27;[35m[HTTP]&amp#27;[39m &amp#27;[90m&amp#27;[39m
&amp#27;[35m[HTTP]&amp#27;[39m &amp#27;[37m-->&amp#27;[39m &amp#27;[37mPOST&amp#27;[39m &amp#27;[37m/wd/hub/session/937ebac4-1fbd-4d9f-95d1-e813d5888f9d/element&amp#27;[39m
&amp#27;[35m[HTTP]&amp#27;[39m &amp#27;[90m{"using":"xpath","value":"//android.widget.FrameLayout[1]/android.widget.CheckBox"}&amp#27;[39m
[debug] &amp#27;[35m[W3C (937ebac4)]&amp#27;[39m Calling AppiumDriver.findElement() with args: ["xpath","//android.widget.FrameLayout[1]/android.widget.CheckBox","937ebac4-1fbd-4d9f-95d1-e813d5888f9d"]
[debug] &amp#27;[35m[BaseDriver]&amp#27;[39m Valid locator strategies for this request: xpath, id, class name, accessibility id, css selector, -android uiautomator
[debug] &amp#27;[35m[BaseDriver]&amp#27;[39m Waiting up to 50000 ms for condition
[debug] &amp#27;[35m[WD Proxy]&amp#27;[39m Matched '/element' to command name 'findElement'
[debug] &amp#27;[35m[WD Proxy]&amp#27;[39m Proxying [POST /element] to [POST http://127.0.0.1:8202/wd/hub/session/997a9288-92d3-4e25-813f-55acb27f291e/element] with body: {"strategy":"xpath","selector":"//android.widget.FrameLayout[1]/android.widget.CheckBox","context":"","multiple":false}
[debug] &amp#27;[35m[WD Proxy]&amp#27;[39m Got response with status 200: {"sessionId":"997a9288-92d3-4e25-813f-55acb27f291e","value":{"ELEMENT":"d68d4151-d380-4b1b-bf6b-9fff30fcd94e","element-6066-11e4-a52e-4f735466cecf":"d68d4151-d380-4b1b-bf6b-9fff30fcd94e"}}
[debug] &amp#27;[35m[W3C (937ebac4)]&amp#27;[39m Responding to client with driver.findElement() result: {"element-6066-11e4-a52e-4f735466cecf":"d68d4151-d380-4b1b-bf6b-9fff30fcd94e","ELEMENT":"d68d4151-d380-4b1b-bf6b-9fff30fcd94e"}
&amp#27;[35m[HTTP]&amp#27;[39m &amp#27;[37m<-- POST /wd/hub/session/937ebac4-1fbd-4d9f-95d1-e813d5888f9d/element &amp#27;[39m&amp#27;[32m200&amp#27;[39m &amp#27;[90m106 ms - 137&amp#27;[39m
&amp#27;[35m[HTTP]&amp#27;[39m &amp#27;[90m&amp#27;[39m
&amp#27;[35m[HTTP]&amp#27;[39m &amp#27;[37m-->&amp#27;[39m &amp#27;[37mPOST&amp#27;[39m &amp#27;[37m/wd/hub/session/937ebac4-1fbd-4d9f-95d1-e813d5888f9d/element/d68d4151-d380-4b1b-bf6b-9fff30fcd94e/click&amp#27;[39m
&amp#27;[35m[HTTP]&amp#27;[39m &amp#27;[90m{"id":"d68d4151-d380-4b1b-bf6b-9fff30fcd94e"}&amp#27;[39m
[debug] &amp#27;[35m[W3C (937ebac4)]&amp#27;[39m Calling AppiumDriver.click() with args: ["d68d4151-d380-4b1b-bf6b-9fff30fcd94e","937ebac4-1fbd-4d9f-95d1-e813d5888f9d"]
[debug] &amp#27;[35m[WD Proxy]&amp#27;[39m Matched '/element/d68d4151-d380-4b1b-bf6b-9fff30fcd94e/click' to command name 'click'
[debug] &amp#27;[35m[WD Proxy]&amp#27;[39m Proxying [POST /element/d68d4151-d380-4b1b-bf6b-9fff30fcd94e/click] to [POST http://127.0.0.1:8202/wd/hub/session/997a9288-92d3-4e25-813f-55acb27f291e/element/d68d4151-d380-4b1b-bf6b-9fff30fcd94e/click] with body: {"element":"d68d4151-d380-4b1b-bf6b-9fff30fcd94e"}
[debug] &amp#27;[35m[WD Proxy]&amp#27;[39m Got response with status 200: {"sessionId":"997a9288-92d3-4e25-813f-55acb27f291e","value":null}
[debug] &amp#27;[35m[W3C (937ebac4)]&amp#27;[39m Responding to client with driver.click() result: null
&amp#27;[35m[HTTP]&amp#27;[39m &amp#27;[37m<-- POST /wd/hub/session/937ebac4-1fbd-4d9f-95d1-e813d5888f9d/element/d68d4151-d380-4b1b-bf6b-9fff30fcd94e/click &amp#27;[39m&amp#27;[32m200&amp#27;[39m &amp#27;[90m25 ms - 14&amp#27;[39m
&amp#27;[35m[HTTP]&amp#27;[39m &amp#27;[90m&amp#27;[39m
&amp#27;[35m[HTTP]&amp#27;[39m &amp#27;[37m-->&amp#27;[39m &amp#27;[37mGET&amp#27;[39m &amp#27;[37m/wd/hub/session/937ebac4-1fbd-4d9f-95d1-e813d5888f9d&amp#27;[39m
&amp#27;[35m[HTTP]&amp#27;[39m &amp#27;[90m{}&amp#27;[39m
[debug] &amp#27;[35m[W3C (937ebac4)]&amp#27;[39m Calling AppiumDriver.getSession() with args: ["937ebac4-1fbd-4d9f-95d1-e813d5888f9d"]
[debug] &amp#27;[35m[UiAutomator2]&amp#27;[39m Getting session details from server to mix in
[debug] &amp#27;[35m[WD Proxy]&amp#27;[39m Matched '/' to command name 'getSession'
[debug] &amp#27;[35m[WD Proxy]&amp#27;[39m Proxying [GET /] to [GET http://127.0.0.1:8202/wd/hub/session/997a9288-92d3-4e25-813f-55acb27f291e] with no body
[debug] &amp#27;[35m[WD Proxy]&amp#27;[39m Got response with status 200: {"sessionId":"997a9288-92d3-4e25-813f-55acb27f291e","value":{"lastScrollData":{"toIndex":-1,"maxScrollY":2299,"maxScrollX":0,"scrollY":1179,"scrollX":0,"fromIndex":-1,"itemCount":-1}}}
[debug] &amp#27;[35m[W3C (937ebac4)]&amp#27;[39m Responding to client with driver.getSession() result: {"platform":"LINUX","webStorageEnabled":false,"takesScreenshot":true,"javascriptEnabled":true,"databaseEnabled":false,"networkConnectionEnabled":true,"locationContextEnabled":false,"warnings":{},"desired":{"platformName":"android","app":"./Resourses/in.workindia.apk","appActivity":"in.workindia.nileshdungarwal.workindiaandroid.RegisterActivity","appPackage":"in.workindia.nileshdungarwal.workindiaandroid","deviceName":"emulator-5554","platformVersion":"8.1"},"platformName":"android","app":"./Resourses/in.workindia.apk","appActivity":"in.workindia.nileshdungarwal.workindiaandroid.RegisterActivity","appPackage":"in.workindia.nileshdungarwal.workindiaandroid","deviceName":"emulator-5554","platformVersion":"8.1.0","deviceUDID":"emulator-5554","deviceApiLevel":27,"deviceScreenSize":"1080x2160","deviceScreenDensity":440,"deviceModel":"Android SDK built for x86","deviceManufacturer":"Google","pixelRatio":2.75,"statBarHeight":66,"viewportRect":{"left":0,"top":66,"width":1080,"height":1962},"lastScrollData":{"toInde...
&amp#27;[35m[HTTP]&amp#27;[39m &amp#27;[37m<-- GET /wd/hub/session/937ebac4-1fbd-4d9f-95d1-e813d5888f9d &amp#27;[39m&amp#27;[32m200&amp#27;[39m &amp#27;[90m11 ms - 1128&amp#27;[39m
&amp#27;[35m[HTTP]&amp#27;[39m &amp#27;[90m&amp#27;[39m
&amp#27;[35m[HTTP]&amp#27;[39m &amp#27;[37m-->&amp#27;[39m &amp#27;[37mPOST&amp#27;[39m &amp#27;[37m/wd/hub/session/937ebac4-1fbd-4d9f-95d1-e813d5888f9d/element&amp#27;[39m
&amp#27;[35m[HTTP]&amp#27;[39m &amp#27;[90m{"using":"xpath","value":"//android.widget.FrameLayout[2]/android.widget.CheckBox"}&amp#27;[39m
[debug] &amp#27;[35m[W3C (937ebac4)]&amp#27;[39m Calling AppiumDriver.findElement() with args: ["xpath","//android.widget.FrameLayout[2]/android.widget.CheckBox","937ebac4-1fbd-4d9f-95d1-e813d5888f9d"]
[debug] &amp#27;[35m[BaseDriver]&amp#27;[39m Valid locator strategies for this request: xpath, id, class name, accessibility id, css selector, -android uiautomator
[debug] &amp#27;[35m[BaseDriver]&amp#27;[39m Waiting up to 50000 ms for condition
[debug] &amp#27;[35m[WD Proxy]&amp#27;[39m Matched '/element' to command name 'findElement'
[debug] &amp#27;[35m[WD Proxy]&amp#27;[39m Proxying [POST /element] to [POST http://127.0.0.1:8202/wd/hub/session/997a9288-92d3-4e25-813f-55acb27f291e/element] with body: {"strategy":"xpath","selector":"//android.widget.FrameLayout[2]/android.widget.CheckBox","context":"","multiple":false}
[debug] &amp#27;[35m[WD Proxy]&amp#27;[39m Got response with status 200: {"sessionId":"997a9288-92d3-4e25-813f-55acb27f291e","value":{"ELEMENT":"2e8cdfc6-fe95-4994-b71b-14de727be5dc","element-6066-11e4-a52e-4f735466cecf":"2e8cdfc6-fe95-4994-b71b-14de727be5dc"}}
[debug] &amp#27;[35m[W3C (937ebac4)]&amp#27;[39m Responding to client with driver.findElement() result: {"element-6066-11e4-a52e-4f735466cecf":"2e8cdfc6-fe95-4994-b71b-14de727be5dc","ELEMENT":"2e8cdfc6-fe95-4994-b71b-14de727be5dc"}
&amp#27;[35m[HTTP]&amp#27;[39m &amp#27;[37m<-- POST /wd/hub/session/937ebac4-1fbd-4d9f-95d1-e813d5888f9d/element &amp#27;[39m&amp#27;[32m200&amp#27;[39m &amp#27;[90m652 ms - 137&amp#27;[39m
&amp#27;[35m[HTTP]&amp#27;[39m &amp#27;[90m&amp#27;[39m
&amp#27;[35m[HTTP]&amp#27;[39m &amp#27;[37m-->&amp#27;[39m &amp#27;[37mPOST&amp#27;[39m &amp#27;[37m/wd/hub/session/937ebac4-1fbd-4d9f-95d1-e813d5888f9d/element/2e8cdfc6-fe95-4994-b71b-14de727be5dc/click&amp#27;[39m
&amp#27;[35m[HTTP]&amp#27;[39m &amp#27;[90m{"id":"2e8cdfc6-fe95-4994-b71b-14de727be5dc"}&amp#27;[39m
[debug] &amp#27;[35m[W3C (937ebac4)]&amp#27;[39m Calling AppiumDriver.click() with args: ["2e8cdfc6-fe95-4994-b71b-14de727be5dc","937ebac4-1fbd-4d9f-95d1-e813d5888f9d"]
[debug] &amp#27;[35m[WD Proxy]&amp#27;[39m Matched '/element/2e8cdfc6-fe95-4994-b71b-14de727be5dc/click' to command name 'click'
[debug] &amp#27;[35m[WD Proxy]&amp#27;[39m Proxying [POST /element/2e8cdfc6-fe95-4994-b71b-14de727be5dc/click] to [POST http://127.0.0.1:8202/wd/hub/session/997a9288-92d3-4e25-813f-55acb27f291e/element/2e8cdfc6-fe95-4994-b71b-14de727be5dc/click] with body: {"element":"2e8cdfc6-fe95-4994-b71b-14de727be5dc"}
[debug] &amp#27;[35m[WD Proxy]&amp#27;[39m Got response with status 200: {"sessionId":"997a9288-92d3-4e25-813f-55acb27f291e","value":null}
[debug] &amp#27;[35m[W3C (937ebac4)]&amp#27;[39m Responding to client with driver.click() result: null
&amp#27;[35m[HTTP]&amp#27;[39m &amp#27;[37m<-- POST /wd/hub/session/937ebac4-1fbd-4d9f-95d1-e813d5888f9d/element/2e8cdfc6-fe95-4994-b71b-14de727be5dc/click &amp#27;[39m&amp#27;[32m200&amp#27;[39m &amp#27;[90m47 ms - 14&amp#27;[39m
&amp#27;[35m[HTTP]&amp#27;[39m &amp#27;[90m&amp#27;[39m
&amp#27;[35m[HTTP]&amp#27;[39m &amp#27;[37m-->&amp#27;[39m &amp#27;[37mPOST&amp#27;[39m &amp#27;[37m/wd/hub/session/937ebac4-1fbd-4d9f-95d1-e813d5888f9d/timeouts&amp#27;[39m
&amp#27;[35m[HTTP]&amp#27;[39m &amp#27;[90m{"implicit":50000}&amp#27;[39m
[debug] &amp#27;[35m[W3C (937ebac4)]&amp#27;[39m Calling AppiumDriver.timeouts() with args: [null,null,null,null,50000,"937ebac4-1fbd-4d9f-95d1-e813d5888f9d"]
[debug] &amp#27;[35m[BaseDriver]&amp#27;[39m W3C timeout argument: {"implicit":50000}}
[debug] &amp#27;[35m[BaseDriver]&amp#27;[39m Set implicit wait to 50000ms
[debug] &amp#27;[35m[W3C (937ebac4)]&amp#27;[39m Responding to client with driver.timeouts() result: null
&amp#27;[35m[HTTP]&amp#27;[39m &amp#27;[37m<-- POST /wd/hub/session/937ebac4-1fbd-4d9f-95d1-e813d5888f9d/timeouts &amp#27;[39m&amp#27;[32m200&amp#27;[39m &amp#27;[90m9 ms - 14&amp#27;[39m
&amp#27;[35m[HTTP]&amp#27;[39m &amp#27;[90m&amp#27;[39m
&amp#27;[35m[HTTP]&amp#27;[39m &amp#27;[37m-->&amp#27;[39m &amp#27;[37mGET&amp#27;[39m &amp#27;[37m/wd/hub/session/937ebac4-1fbd-4d9f-95d1-e813d5888f9d&amp#27;[39m
&amp#27;[35m[HTTP]&amp#27;[39m &amp#27;[90m{}&amp#27;[39m
[debug] &amp#27;[35m[W3C (937ebac4)]&amp#27;[39m Calling AppiumDriver.getSession() with args: ["937ebac4-1fbd-4d9f-95d1-e813d5888f9d"]
[debug] &amp#27;[35m[UiAutomator2]&amp#27;[39m Getting session details from server to mix in
[debug] &amp#27;[35m[WD Proxy]&amp#27;[39m Matched '/' to command name 'getSession'
[debug] &amp#27;[35m[WD Proxy]&amp#27;[39m Proxying [GET /] to [GET http://127.0.0.1:8202/wd/hub/session/997a9288-92d3-4e25-813f-55acb27f291e] with no body
[debug] &amp#27;[35m[WD Proxy]&amp#27;[39m Got response with status 200: {"sessionId":"997a9288-92d3-4e25-813f-55acb27f291e","value":{"lastScrollData":{"toIndex":-1,"maxScrollY":2299,"maxScrollX":0,"scrollY":1179,"scrollX":0,"fromIndex":-1,"itemCount":-1}}}
[debug] &amp#27;[35m[W3C (937ebac4)]&amp#27;[39m Responding to client with driver.getSession() result: {"platform":"LINUX","webStorageEnabled":false,"takesScreenshot":true,"javascriptEnabled":true,"databaseEnabled":false,"networkConnectionEnabled":true,"locationContextEnabled":false,"warnings":{},"desired":{"platformName":"android","app":"./Resourses/in.workindia.apk","appActivity":"in.workindia.nileshdungarwal.workindiaandroid.RegisterActivity","appPackage":"in.workindia.nileshdungarwal.workindiaandroid","deviceName":"emulator-5554","platformVersion":"8.1"},"platformName":"android","app":"./Resourses/in.workindia.apk","appActivity":"in.workindia.nileshdungarwal.workindiaandroid.RegisterActivity","appPackage":"in.workindia.nileshdungarwal.workindiaandroid","deviceName":"emulator-5554","platformVersion":"8.1.0","deviceUDID":"emulator-5554","deviceApiLevel":27,"deviceScreenSize":"1080x2160","deviceScreenDensity":440,"deviceModel":"Android SDK built for x86","deviceManufacturer":"Google","pixelRatio":2.75,"statBarHeight":66,"viewportRect":{"left":0,"top":66,"width":1080,"height":1962},"lastScrollData":{"toInde...
&amp#27;[35m[HTTP]&amp#27;[39m &amp#27;[37m<-- GET /wd/hub/session/937ebac4-1fbd-4d9f-95d1-e813d5888f9d &amp#27;[39m&amp#27;[32m200&amp#27;[39m &amp#27;[90m19 ms - 1128&amp#27;[39m
&amp#27;[35m[HTTP]&amp#27;[39m &amp#27;[90m&amp#27;[39m
&amp#27;[35m[HTTP]&amp#27;[39m &amp#27;[37m-->&amp#27;[39m &amp#27;[37mGET&amp#27;[39m &amp#27;[37m/wd/hub/session/937ebac4-1fbd-4d9f-95d1-e813d5888f9d&amp#27;[39m
&amp#27;[35m[HTTP]&amp#27;[39m &amp#27;[90m{}&amp#27;[39m
[debug] &amp#27;[35m[W3C (937ebac4)]&amp#27;[39m Calling AppiumDriver.getSession() with args: ["937ebac4-1fbd-4d9f-95d1-e813d5888f9d"]
[debug] &amp#27;[35m[UiAutomator2]&amp#27;[39m Getting session details from server to mix in
[debug] &amp#27;[35m[WD Proxy]&amp#27;[39m Matched '/' to command name 'getSession'
[debug] &amp#27;[35m[WD Proxy]&amp#27;[39m Proxying [GET /] to [GET http://127.0.0.1:8202/wd/hub/session/997a9288-92d3-4e25-813f-55acb27f291e] with no body
[debug] &amp#27;[35m[WD Proxy]&amp#27;[39m Got response with status 200: {"sessionId":"997a9288-92d3-4e25-813f-55acb27f291e","value":{"lastScrollData":{"toIndex":-1,"maxScrollY":2299,"maxScrollX":0,"scrollY":1179,"scrollX":0,"fromIndex":-1,"itemCount":-1}}}
[debug] &amp#27;[35m[W3C (937ebac4)]&amp#27;[39m Responding to client with driver.getSession() result: {"platform":"LINUX","webStorageEnabled":false,"takesScreenshot":true,"javascriptEnabled":true,"databaseEnabled":false,"networkConnectionEnabled":true,"locationContextEnabled":false,"warnings":{},"desired":{"platformName":"android","app":"./Resourses/in.workindia.apk","appActivity":"in.workindia.nileshdungarwal.workindiaandroid.RegisterActivity","appPackage":"in.workindia.nileshdungarwal.workindiaandroid","deviceName":"emulator-5554","platformVersion":"8.1"},"platformName":"android","app":"./Resourses/in.workindia.apk","appActivity":"in.workindia.nileshdungarwal.workindiaandroid.RegisterActivity","appPackage":"in.workindia.nileshdungarwal.workindiaandroid","deviceName":"emulator-5554","platformVersion":"8.1.0","deviceUDID":"emulator-5554","deviceApiLevel":27,"deviceScreenSize":"1080x2160","deviceScreenDensity":440,"deviceModel":"Android SDK built for x86","deviceManufacturer":"Google","pixelRatio":2.75,"statBarHeight":66,"viewportRect":{"left":0,"top":66,"width":1080,"height":1962},"lastScrollData":{"toInde...
&amp#27;[35m[HTTP]&amp#27;[39m &amp#27;[37m<-- GET /wd/hub/session/937ebac4-1fbd-4d9f-95d1-e813d5888f9d &amp#27;[39m&amp#27;[32m200&amp#27;[39m &amp#27;[90m11 ms - 1128&amp#27;[39m
&amp#27;[35m[HTTP]&amp#27;[39m &amp#27;[90m&amp#27;[39m
&amp#27;[35m[HTTP]&amp#27;[39m &amp#27;[37m-->&amp#27;[39m &amp#27;[37mGET&amp#27;[39m &amp#27;[37m/wd/hub/session/937ebac4-1fbd-4d9f-95d1-e813d5888f9d&amp#27;[39m
&amp#27;[35m[HTTP]&amp#27;[39m &amp#27;[90m{}&amp#27;[39m
[debug] &amp#27;[35m[W3C (937ebac4)]&amp#27;[39m Calling AppiumDriver.getSession() with args: ["937ebac4-1fbd-4d9f-95d1-e813d5888f9d"]
[debug] &amp#27;[35m[UiAutomator2]&amp#27;[39m Getting session details from server to mix in
[debug] &amp#27;[35m[WD Proxy]&amp#27;[39m Matched '/' to command name 'getSession'
[debug] &amp#27;[35m[WD Proxy]&amp#27;[39m Proxying [GET /] to [GET http://127.0.0.1:8202/wd/hub/session/997a9288-92d3-4e25-813f-55acb27f291e] with no body
[debug] &amp#27;[35m[WD Proxy]&amp#27;[39m Got response with status 200: {"sessionId":"997a9288-92d3-4e25-813f-55acb27f291e","value":{"lastScrollData":{"toIndex":-1,"maxScrollY":2299,"maxScrollX":0,"scrollY":1179,"scrollX":0,"fromIndex":-1,"itemCount":-1}}}
[debug] &amp#27;[35m[W3C (937ebac4)]&amp#27;[39m Responding to client with driver.getSession() result: {"platform":"LINUX","webStorageEnabled":false,"takesScreenshot":true,"javascriptEnabled":true,"databaseEnabled":false,"networkConnectionEnabled":true,"locationContextEnabled":false,"warnings":{},"desired":{"platformName":"android","app":"./Resourses/in.workindia.apk","appActivity":"in.workindia.nileshdungarwal.workindiaandroid.RegisterActivity","appPackage":"in.workindia.nileshdungarwal.workindiaandroid","deviceName":"emulator-5554","platformVersion":"8.1"},"platformName":"android","app":"./Resourses/in.workindia.apk","appActivity":"in.workindia.nileshdungarwal.workindiaandroid.RegisterActivity","appPackage":"in.workindia.nileshdungarwal.workindiaandroid","deviceName":"emulator-5554","platformVersion":"8.1.0","deviceUDID":"emulator-5554","deviceApiLevel":27,"deviceScreenSize":"1080x2160","deviceScreenDensity":440,"deviceModel":"Android SDK built for x86","deviceManufacturer":"Google","pixelRatio":2.75,"statBarHeight":66,"viewportRect":{"left":0,"top":66,"width":1080,"height":1962},"lastScrollData":{"toInde...
&amp#27;[35m[HTTP]&amp#27;[39m &amp#27;[37m<-- GET /wd/hub/session/937ebac4-1fbd-4d9f-95d1-e813d5888f9d &amp#27;[39m&amp#27;[32m200&amp#27;[39m &amp#27;[90m12 ms - 1128&amp#27;[39m
&amp#27;[35m[HTTP]&amp#27;[39m &amp#27;[90m&amp#27;[39m
&amp#27;[35m[HTTP]&amp#27;[39m &amp#27;[37m-->&amp#27;[39m &amp#27;[37mPOST&amp#27;[39m &amp#27;[37m/wd/hub/session/937ebac4-1fbd-4d9f-95d1-e813d5888f9d/element&amp#27;[39m
&amp#27;[35m[HTTP]&amp#27;[39m &amp#27;[90m{"using":"id","value":"in.workindia.nileshdungarwal.workindiaandroid:id/btn_done"}&amp#27;[39m
[debug] &amp#27;[35m[W3C (937ebac4)]&amp#27;[39m Calling AppiumDriver.findElement() with args: ["id","in.workindia.nileshdungarwal.workindiaandroid:id/btn_done","937ebac4-1fbd-4d9f-95d1-e813d5888f9d"]
[debug] &amp#27;[35m[BaseDriver]&amp#27;[39m Valid locator strategies for this request: xpath, id, class name, accessibility id, css selector, -android uiautomator
[debug] &amp#27;[35m[BaseDriver]&amp#27;[39m Waiting up to 50000 ms for condition
[debug] &amp#27;[35m[WD Proxy]&amp#27;[39m Matched '/element' to command name 'findElement'
[debug] &amp#27;[35m[WD Proxy]&amp#27;[39m Proxying [POST /element] to [POST http://127.0.0.1:8202/wd/hub/session/997a9288-92d3-4e25-813f-55acb27f291e/element] with body: {"strategy":"id","selector":"in.workindia.nileshdungarwal.workindiaandroid:id/btn_done","context":"","multiple":false}
[debug] &amp#27;[35m[WD Proxy]&amp#27;[39m Got response with status 200: {"sessionId":"997a9288-92d3-4e25-813f-55acb27f291e","value":{"ELEMENT":"30f36a8c-e99b-45ca-8da1-ee5086fd1ea0","element-6066-11e4-a52e-4f735466cecf":"30f36a8c-e99b-45ca-8da1-ee5086fd1ea0"}}
[debug] &amp#27;[35m[W3C (937ebac4)]&amp#27;[39m Responding to client with driver.findElement() result: {"element-6066-11e4-a52e-4f735466cecf":"30f36a8c-e99b-45ca-8da1-ee5086fd1ea0","ELEMENT":"30f36a8c-e99b-45ca-8da1-ee5086fd1ea0"}
&amp#27;[35m[HTTP]&amp#27;[39m &amp#27;[37m<-- POST /wd/hub/session/937ebac4-1fbd-4d9f-95d1-e813d5888f9d/element &amp#27;[39m&amp#27;[32m200&amp#27;[39m &amp#27;[90m474 ms - 137&amp#27;[39m
&amp#27;[35m[HTTP]&amp#27;[39m &amp#27;[90m&amp#27;[39m
&amp#27;[35m[HTTP]&amp#27;[39m &amp#27;[37m-->&amp#27;[39m &amp#27;[37mPOST&amp#27;[39m &amp#27;[37m/wd/hub/session/937ebac4-1fbd-4d9f-95d1-e813d5888f9d/element/30f36a8c-e99b-45ca-8da1-ee5086fd1ea0/click&amp#27;[39m
&amp#27;[35m[HTTP]&amp#27;[39m &amp#27;[90m{"id":"30f36a8c-e99b-45ca-8da1-ee5086fd1ea0"}&amp#27;[39m
[debug] &amp#27;[35m[W3C (937ebac4)]&amp#27;[39m Calling AppiumDriver.click() with args: ["30f36a8c-e99b-45ca-8da1-ee5086fd1ea0","937ebac4-1fbd-4d9f-95d1-e813d5888f9d"]
[debug] &amp#27;[35m[WD Proxy]&amp#27;[39m Matched '/element/30f36a8c-e99b-45ca-8da1-ee5086fd1ea0/click' to command name 'click'
[debug] &amp#27;[35m[WD Proxy]&amp#27;[39m Proxying [POST /element/30f36a8c-e99b-45ca-8da1-ee5086fd1ea0/click] to [POST http://127.0.0.1:8202/wd/hub/session/997a9288-92d3-4e25-813f-55acb27f291e/element/30f36a8c-e99b-45ca-8da1-ee5086fd1ea0/click] with body: {"element":"30f36a8c-e99b-45ca-8da1-ee5086fd1ea0"}
[debug] &amp#27;[35m[WD Proxy]&amp#27;[39m Got response with status 200: {"sessionId":"997a9288-92d3-4e25-813f-55acb27f291e","value":null}
[debug] &amp#27;[35m[W3C (937ebac4)]&amp#27;[39m Responding to client with driver.click() result: null
&amp#27;[35m[HTTP]&amp#27;[39m &amp#27;[37m<-- POST /wd/hub/session/937ebac4-1fbd-4d9f-95d1-e813d5888f9d/element/30f36a8c-e99b-45ca-8da1-ee5086fd1ea0/click &amp#27;[39m&amp#27;[32m200&amp#27;[39m &amp#27;[90m42 ms - 14&amp#27;[39m
&amp#27;[35m[HTTP]&amp#27;[39m &amp#27;[90m&amp#27;[39m
&amp#27;[35m[HTTP]&amp#27;[39m &amp#27;[37m-->&amp#27;[39m &amp#27;[37mPOST&amp#27;[39m &amp#27;[37m/wd/hub/session/937ebac4-1fbd-4d9f-95d1-e813d5888f9d/timeouts&amp#27;[39m
&amp#27;[35m[HTTP]&amp#27;[39m &amp#27;[90m{"implicit":50000}&amp#27;[39m
[debug] &amp#27;[35m[W3C (937ebac4)]&amp#27;[39m Calling AppiumDriver.timeouts() with args: [null,null,null,null,50000,"937ebac4-1fbd-4d9f-95d1-e813d5888f9d"]
[debug] &amp#27;[35m[BaseDriver]&amp#27;[39m W3C timeout argument: {"implicit":50000}}
[debug] &amp#27;[35m[BaseDriver]&amp#27;[39m Set implicit wait to 50000ms
[debug] &amp#27;[35m[W3C (937ebac4)]&amp#27;[39m Responding to client with driver.timeouts() result: null
&amp#27;[35m[HTTP]&amp#27;[39m &amp#27;[37m<-- POST /wd/hub/session/937ebac4-1fbd-4d9f-95d1-e813d5888f9d/timeouts &amp#27;[39m&amp#27;[32m200&amp#27;[39m &amp#27;[90m3 ms - 14&amp#27;[39m
&amp#27;[35m[HTTP]&amp#27;[39m &amp#27;[90m&amp#27;[39m
&amp#27;[35m[HTTP]&amp#27;[39m &amp#27;[37m-->&amp#27;[39m &amp#27;[37mGET&amp#27;[39m &amp#27;[37m/wd/hub/session/937ebac4-1fbd-4d9f-95d1-e813d5888f9d&amp#27;[39m
&amp#27;[35m[HTTP]&amp#27;[39m &amp#27;[90m{}&amp#27;[39m
[debug] &amp#27;[35m[W3C (937ebac4)]&amp#27;[39m Calling AppiumDriver.getSession() with args: ["937ebac4-1fbd-4d9f-95d1-e813d5888f9d"]
[debug] &amp#27;[35m[UiAutomator2]&amp#27;[39m Getting session details from server to mix in
[debug] &amp#27;[35m[WD Proxy]&amp#27;[39m Matched '/' to command name 'getSession'
[debug] &amp#27;[35m[WD Proxy]&amp#27;[39m Proxying [GET /] to [GET http://127.0.0.1:8202/wd/hub/session/997a9288-92d3-4e25-813f-55acb27f291e] with no body
[debug] &amp#27;[35m[WD Proxy]&amp#27;[39m Got response with status 200: {"sessionId":"997a9288-92d3-4e25-813f-55acb27f291e","value":{"lastScrollData":{"toIndex":-1,"maxScrollY":2299,"maxScrollX":0,"scrollY":1179,"scrollX":0,"fromIndex":-1,"itemCount":-1}}}
[debug] &amp#27;[35m[W3C (937ebac4)]&amp#27;[39m Responding to client with driver.getSession() result: {"platform":"LINUX","webStorageEnabled":false,"takesScreenshot":true,"javascriptEnabled":true,"databaseEnabled":false,"networkConnectionEnabled":true,"locationContextEnabled":false,"warnings":{},"desired":{"platformName":"android","app":"./Resourses/in.workindia.apk","appActivity":"in.workindia.nileshdungarwal.workindiaandroid.RegisterActivity","appPackage":"in.workindia.nileshdungarwal.workindiaandroid","deviceName":"emulator-5554","platformVersion":"8.1"},"platformName":"android","app":"./Resourses/in.workindia.apk","appActivity":"in.workindia.nileshdungarwal.workindiaandroid.RegisterActivity","appPackage":"in.workindia.nileshdungarwal.workindiaandroid","deviceName":"emulator-5554","platformVersion":"8.1.0","deviceUDID":"emulator-5554","deviceApiLevel":27,"deviceScreenSize":"1080x2160","deviceScreenDensity":440,"deviceModel":"Android SDK built for x86","deviceManufacturer":"Google","pixelRatio":2.75,"statBarHeight":66,"viewportRect":{"left":0,"top":66,"width":1080,"height":1962},"lastScrollData":{"toInde...
&amp#27;[35m[HTTP]&amp#27;[39m &amp#27;[37m<-- GET /wd/hub/session/937ebac4-1fbd-4d9f-95d1-e813d5888f9d &amp#27;[39m&amp#27;[32m200&amp#27;[39m &amp#27;[90m14 ms - 1128&amp#27;[39m
&amp#27;[35m[HTTP]&amp#27;[39m &amp#27;[90m&amp#27;[39m
&amp#27;[35m[HTTP]&amp#27;[39m &amp#27;[37m-->&amp#27;[39m &amp#27;[37mGET&amp#27;[39m &amp#27;[37m/wd/hub/session/937ebac4-1fbd-4d9f-95d1-e813d5888f9d&amp#27;[39m
&amp#27;[35m[HTTP]&amp#27;[39m &amp#27;[90m{}&amp#27;[39m
[debug] &amp#27;[35m[W3C (937ebac4)]&amp#27;[39m Calling AppiumDriver.getSession() with args: ["937ebac4-1fbd-4d9f-95d1-e813d5888f9d"]
[debug] &amp#27;[35m[UiAutomator2]&amp#27;[39m Getting session details from server to mix in
[debug] &amp#27;[35m[WD Proxy]&amp#27;[39m Matched '/' to command name 'getSession'
[debug] &amp#27;[35m[WD Proxy]&amp#27;[39m Proxying [GET /] to [GET http://127.0.0.1:8202/wd/hub/session/997a9288-92d3-4e25-813f-55acb27f291e] with no body
[debug] &amp#27;[35m[WD Proxy]&amp#27;[39m Got response with status 200: {"sessionId":"997a9288-92d3-4e25-813f-55acb27f291e","value":{"lastScrollData":{"toIndex":-1,"maxScrollY":2299,"maxScrollX":0,"scrollY":1179,"scrollX":0,"fromIndex":-1,"itemCount":-1}}}
[debug] &amp#27;[35m[W3C (937ebac4)]&amp#27;[39m Responding to client with driver.getSession() result: {"platform":"LINUX","webStorageEnabled":false,"takesScreenshot":true,"javascriptEnabled":true,"databaseEnabled":false,"networkConnectionEnabled":true,"locationContextEnabled":false,"warnings":{},"desired":{"platformName":"android","app":"./Resourses/in.workindia.apk","appActivity":"in.workindia.nileshdungarwal.workindiaandroid.RegisterActivity","appPackage":"in.workindia.nileshdungarwal.workindiaandroid","deviceName":"emulator-5554","platformVersion":"8.1"},"platformName":"android","app":"./Resourses/in.workindia.apk","appActivity":"in.workindia.nileshdungarwal.workindiaandroid.RegisterActivity","appPackage":"in.workindia.nileshdungarwal.workindiaandroid","deviceName":"emulator-5554","platformVersion":"8.1.0","deviceUDID":"emulator-5554","deviceApiLevel":27,"deviceScreenSize":"1080x2160","deviceScreenDensity":440,"deviceModel":"Android SDK built for x86","deviceManufacturer":"Google","pixelRatio":2.75,"statBarHeight":66,"viewportRect":{"left":0,"top":66,"width":1080,"height":1962},"lastScrollData":{"toInde...
&amp#27;[35m[HTTP]&amp#27;[39m &amp#27;[37m<-- GET /wd/hub/session/937ebac4-1fbd-4d9f-95d1-e813d5888f9d &amp#27;[39m&amp#27;[32m200&amp#27;[39m &amp#27;[90m12 ms - 1128&amp#27;[39m
&amp#27;[35m[HTTP]&amp#27;[39m &amp#27;[90m&amp#27;[39m
&amp#27;[35m[HTTP]&amp#27;[39m &amp#27;[37m-->&amp#27;[39m &amp#27;[37mGET&amp#27;[39m &amp#27;[37m/wd/hub/session/937ebac4-1fbd-4d9f-95d1-e813d5888f9d&amp#27;[39m
&amp#27;[35m[HTTP]&amp#27;[39m &amp#27;[90m{}&amp#27;[39m
[debug] &amp#27;[35m[W3C (937ebac4)]&amp#27;[39m Calling AppiumDriver.getSession() with args: ["937ebac4-1fbd-4d9f-95d1-e813d5888f9d"]
[debug] &amp#27;[35m[UiAutomator2]&amp#27;[39m Getting session details from server to mix in
[debug] &amp#27;[35m[WD Proxy]&amp#27;[39m Matched '/' to command name 'getSession'
[debug] &amp#27;[35m[WD Proxy]&amp#27;[39m Proxying [GET /] to [GET http://127.0.0.1:8202/wd/hub/session/997a9288-92d3-4e25-813f-55acb27f291e] with no body
[debug] &amp#27;[35m[WD Proxy]&amp#27;[39m Got response with status 200: {"sessionId":"997a9288-92d3-4e25-813f-55acb27f291e","value":{"lastScrollData":{"toIndex":-1,"maxScrollY":2299,"maxScrollX":0,"scrollY":1179,"scrollX":0,"fromIndex":-1,"itemCount":-1}}}
[debug] &amp#27;[35m[W3C (937ebac4)]&amp#27;[39m Responding to client with driver.getSession() result: {"platform":"LINUX","webStorageEnabled":false,"takesScreenshot":true,"javascriptEnabled":true,"databaseEnabled":false,"networkConnectionEnabled":true,"locationContextEnabled":false,"warnings":{},"desired":{"platformName":"android","app":"./Resourses/in.workindia.apk","appActivity":"in.workindia.nileshdungarwal.workindiaandroid.RegisterActivity","appPackage":"in.workindia.nileshdungarwal.workindiaandroid","deviceName":"emulator-5554","platformVersion":"8.1"},"platformName":"android","app":"./Resourses/in.workindia.apk","appActivity":"in.workindia.nileshdungarwal.workindiaandroid.RegisterActivity","appPackage":"in.workindia.nileshdungarwal.workindiaandroid","deviceName":"emulator-5554","platformVersion":"8.1.0","deviceUDID":"emulator-5554","deviceApiLevel":27,"deviceScreenSize":"1080x2160","deviceScreenDensity":440,"deviceModel":"Android SDK built for x86","deviceManufacturer":"Google","pixelRatio":2.75,"statBarHeight":66,"viewportRect":{"left":0,"top":66,"width":1080,"height":1962},"lastScrollData":{"toInde...
&amp#27;[35m[HTTP]&amp#27;[39m &amp#27;[37m<-- GET /wd/hub/session/937ebac4-1fbd-4d9f-95d1-e813d5888f9d &amp#27;[39m&amp#27;[32m200&amp#27;[39m &amp#27;[90m13 ms - 1128&amp#27;[39m
&amp#27;[35m[HTTP]&amp#27;[39m &amp#27;[90m&amp#27;[39m
&amp#27;[35m[HTTP]&amp#27;[39m &amp#27;[37m-->&amp#27;[39m &amp#27;[37mPOST&amp#27;[39m &amp#27;[37m/wd/hub/session/937ebac4-1fbd-4d9f-95d1-e813d5888f9d/element&amp#27;[39m
&amp#27;[35m[HTTP]&amp#27;[39m &amp#27;[90m{"using":"id","value":"in.workindia.nileshdungarwal.workindiaandroid:id/et_skill_1"}&amp#27;[39m
[debug] &amp#27;[35m[W3C (937ebac4)]&amp#27;[39m Calling AppiumDriver.findElement() with args: ["id","in.workindia.nileshdungarwal.workindiaandroid:id/et_skill_1","937ebac4-1fbd-4d9f-95d1-e813d5888f9d"]
[debug] &amp#27;[35m[BaseDriver]&amp#27;[39m Valid locator strategies for this request: xpath, id, class name, accessibility id, css selector, -android uiautomator
[debug] &amp#27;[35m[BaseDriver]&amp#27;[39m Waiting up to 50000 ms for condition
[debug] &amp#27;[35m[WD Proxy]&amp#27;[39m Matched '/element' to command name 'findElement'
[debug] &amp#27;[35m[WD Proxy]&amp#27;[39m Proxying [POST /element] to [POST http://127.0.0.1:8202/wd/hub/session/997a9288-92d3-4e25-813f-55acb27f291e/element] with body: {"strategy":"id","selector":"in.workindia.nileshdungarwal.workindiaandroid:id/et_skill_1","context":"","multiple":false}
&amp#27;[35m[WD Proxy]&amp#27;[39m Got response with status 404: {"sessionId":"997a9288-92d3-4e25-813f-55acb27f291e","value":{"error":"no such element","message":"An element could not be located on the page using the given search parameters","stacktrace":"io.appium.uiautomator2.common.exceptions.ElementNotFoundException: An element could not be located on the page using the given search parameters\n\tat io.appium.uiautomator2.handler.FindElement.safeHandle(FindElement.java:73)\n\tat io.appium.uiautomator2.handler.request.SafeRequestHandler.handle(SafeRequestHandler.java:41)\n\tat io.appium.uiautomator2.server.AppiumServlet.handleRequest(AppiumServlet.java:261)\n\tat io.appium.uiautomator2.server.AppiumServlet.handleHttpRequest(AppiumServlet.java:255)\n\tat io.appium.uiautomator2.http.ServerHandler.channelRead(ServerHandler.java:68)\n\tat io.netty.channel.AbstractChannelHandlerContext.invokeChannelRead(AbstractChannelHandlerContext.java:366)\n\tat io.netty.channel.AbstractChannelHandlerContext.invokeChannelRead(AbstractChannelHandlerContext.java:352)\n\tat io.netty.chann...
[debug] &amp#27;[35m[W3C]&amp#27;[39m Matched W3C error code 'no such element' to NoSuchElementError
[debug] &amp#27;[35m[BaseDriver]&amp#27;[39m Waited for 948 ms so far
[debug] &amp#27;[35m[WD Proxy]&amp#27;[39m Matched '/element' to command name 'findElement'
[debug] &amp#27;[35m[WD Proxy]&amp#27;[39m Proxying [POST /element] to [POST http://127.0.0.1:8202/wd/hub/session/997a9288-92d3-4e25-813f-55acb27f291e/element] with body: {"strategy":"id","selector":"in.workindia.nileshdungarwal.workindiaandroid:id/et_skill_1","context":"","multiple":false}
[debug] &amp#27;[35m[WD Proxy]&amp#27;[39m Got response with status 200: {"sessionId":"997a9288-92d3-4e25-813f-55acb27f291e","value":{"ELEMENT":"0a55998a-5093-465f-b94e-759be59f68e8","element-6066-11e4-a52e-4f735466cecf":"0a55998a-5093-465f-b94e-759be59f68e8"}}
[debug] &amp#27;[35m[W3C (937ebac4)]&amp#27;[39m Responding to client with driver.findElement() result: {"element-6066-11e4-a52e-4f735466cecf":"0a55998a-5093-465f-b94e-759be59f68e8","ELEMENT":"0a55998a-5093-465f-b94e-759be59f68e8"}
&amp#27;[35m[HTTP]&amp#27;[39m &amp#27;[37m<-- POST /wd/hub/session/937ebac4-1fbd-4d9f-95d1-e813d5888f9d/element &amp#27;[39m&amp#27;[32m200&amp#27;[39m &amp#27;[90m1806 ms - 137&amp#27;[39m
&amp#27;[35m[HTTP]&amp#27;[39m &amp#27;[90m&amp#27;[39m
&amp#27;[35m[HTTP]&amp#27;[39m &amp#27;[37m-->&amp#27;[39m &amp#27;[37mPOST&amp#27;[39m &amp#27;[37m/wd/hub/session/937ebac4-1fbd-4d9f-95d1-e813d5888f9d/element/0a55998a-5093-465f-b94e-759be59f68e8/click&amp#27;[39m
&amp#27;[35m[HTTP]&amp#27;[39m &amp#27;[90m{"id":"0a55998a-5093-465f-b94e-759be59f68e8"}&amp#27;[39m
[debug] &amp#27;[35m[W3C (937ebac4)]&amp#27;[39m Calling AppiumDriver.click() with args: ["0a55998a-5093-465f-b94e-759be59f68e8","937ebac4-1fbd-4d9f-95d1-e813d5888f9d"]
[debug] &amp#27;[35m[WD Proxy]&amp#27;[39m Matched '/element/0a55998a-5093-465f-b94e-759be59f68e8/click' to command name 'click'
[debug] &amp#27;[35m[WD Proxy]&amp#27;[39m Proxying [POST /element/0a55998a-5093-465f-b94e-759be59f68e8/click] to [POST http://127.0.0.1:8202/wd/hub/session/997a9288-92d3-4e25-813f-55acb27f291e/element/0a55998a-5093-465f-b94e-759be59f68e8/click] with body: {"element":"0a55998a-5093-465f-b94e-759be59f68e8"}
[debug] &amp#27;[35m[WD Proxy]&amp#27;[39m Got response with status 200: {"sessionId":"997a9288-92d3-4e25-813f-55acb27f291e","value":null}
[debug] &amp#27;[35m[W3C (937ebac4)]&amp#27;[39m Responding to client with driver.click() result: null
&amp#27;[35m[HTTP]&amp#27;[39m &amp#27;[37m<-- POST /wd/hub/session/937ebac4-1fbd-4d9f-95d1-e813d5888f9d/element/0a55998a-5093-465f-b94e-759be59f68e8/click &amp#27;[39m&amp#27;[32m200&amp#27;[39m &amp#27;[90m20 ms - 14&amp#27;[39m
&amp#27;[35m[HTTP]&amp#27;[39m &amp#27;[90m&amp#27;[39m
&amp#27;[35m[HTTP]&amp#27;[39m &amp#27;[37m-->&amp#27;[39m &amp#27;[37mPOST&amp#27;[39m &amp#27;[37m/wd/hub/session/937ebac4-1fbd-4d9f-95d1-e813d5888f9d/timeouts&amp#27;[39m
&amp#27;[35m[HTTP]&amp#27;[39m &amp#27;[90m{"implicit":50000}&amp#27;[39m
[debug] &amp#27;[35m[W3C (937ebac4)]&amp#27;[39m Calling AppiumDriver.timeouts() with args: [null,null,null,null,50000,"937ebac4-1fbd-4d9f-95d1-e813d5888f9d"]
[debug] &amp#27;[35m[BaseDriver]&amp#27;[39m W3C timeout argument: {"implicit":50000}}
[debug] &amp#27;[35m[BaseDriver]&amp#27;[39m Set implicit wait to 50000ms
[debug] &amp#27;[35m[W3C (937ebac4)]&amp#27;[39m Responding to client with driver.timeouts() result: null
&amp#27;[35m[HTTP]&amp#27;[39m &amp#27;[37m<-- POST /wd/hub/session/937ebac4-1fbd-4d9f-95d1-e813d5888f9d/timeouts &amp#27;[39m&amp#27;[32m200&amp#27;[39m &amp#27;[90m1 ms - 14&amp#27;[39m
&amp#27;[35m[HTTP]&amp#27;[39m &amp#27;[90m&amp#27;[39m
&amp#27;[35m[HTTP]&amp#27;[39m &amp#27;[37m-->&amp#27;[39m &amp#27;[37mPOST&amp#27;[39m &amp#27;[37m/wd/hub/session/937ebac4-1fbd-4d9f-95d1-e813d5888f9d/timeouts&amp#27;[39m
&amp#27;[35m[HTTP]&amp#27;[39m &amp#27;[90m{"implicit":50000}&amp#27;[39m
[debug] &amp#27;[35m[W3C (937ebac4)]&amp#27;[39m Calling AppiumDriver.timeouts() with args: [null,null,null,null,50000,"937ebac4-1fbd-4d9f-95d1-e813d5888f9d"]
[debug] &amp#27;[35m[BaseDriver]&amp#27;[39m W3C timeout argument: {"implicit":50000}}
[debug] &amp#27;[35m[BaseDriver]&amp#27;[39m Set implicit wait to 50000ms
[debug] &amp#27;[35m[W3C (937ebac4)]&amp#27;[39m Responding to client with driver.timeouts() result: null
&amp#27;[35m[HTTP]&amp#27;[39m &amp#27;[37m<-- POST /wd/hub/session/937ebac4-1fbd-4d9f-95d1-e813d5888f9d/timeouts &amp#27;[39m&amp#27;[32m200&amp#27;[39m &amp#27;[90m3 ms - 14&amp#27;[39m
&amp#27;[35m[HTTP]&amp#27;[39m &amp#27;[90m&amp#27;[39m
&amp#27;[35m[HTTP]&amp#27;[39m &amp#27;[37m-->&amp#27;[39m &amp#27;[37mGET&amp#27;[39m &amp#27;[37m/wd/hub/session/937ebac4-1fbd-4d9f-95d1-e813d5888f9d&amp#27;[39m
&amp#27;[35m[HTTP]&amp#27;[39m &amp#27;[90m{}&amp#27;[39m
[debug] &amp#27;[35m[W3C (937ebac4)]&amp#27;[39m Calling AppiumDriver.getSession() with args: ["937ebac4-1fbd-4d9f-95d1-e813d5888f9d"]
[debug] &amp#27;[35m[UiAutomator2]&amp#27;[39m Getting session details from server to mix in
[debug] &amp#27;[35m[WD Proxy]&amp#27;[39m Matched '/' to command name 'getSession'
[debug] &amp#27;[35m[WD Proxy]&amp#27;[39m Proxying [GET /] to [GET http://127.0.0.1:8202/wd/hub/session/997a9288-92d3-4e25-813f-55acb27f291e] with no body
[debug] &amp#27;[35m[WD Proxy]&amp#27;[39m Got response with status 200: {"sessionId":"997a9288-92d3-4e25-813f-55acb27f291e","value":{"lastScrollData":{"toIndex":-1,"maxScrollY":2299,"maxScrollX":0,"scrollY":1179,"scrollX":0,"fromIndex":-1,"itemCount":-1}}}
[debug] &amp#27;[35m[W3C (937ebac4)]&amp#27;[39m Responding to client with driver.getSession() result: {"platform":"LINUX","webStorageEnabled":false,"takesScreenshot":true,"javascriptEnabled":true,"databaseEnabled":false,"networkConnectionEnabled":true,"locationContextEnabled":false,"warnings":{},"desired":{"platformName":"android","app":"./Resourses/in.workindia.apk","appActivity":"in.workindia.nileshdungarwal.workindiaandroid.RegisterActivity","appPackage":"in.workindia.nileshdungarwal.workindiaandroid","deviceName":"emulator-5554","platformVersion":"8.1"},"platformName":"android","app":"./Resourses/in.workindia.apk","appActivity":"in.workindia.nileshdungarwal.workindiaandroid.RegisterActivity","appPackage":"in.workindia.nileshdungarwal.workindiaandroid","deviceName":"emulator-5554","platformVersion":"8.1.0","deviceUDID":"emulator-5554","deviceApiLevel":27,"deviceScreenSize":"1080x2160","deviceScreenDensity":440,"deviceModel":"Android SDK built for x86","deviceManufacturer":"Google","pixelRatio":2.75,"statBarHeight":66,"viewportRect":{"left":0,"top":66,"width":1080,"height":1962},"lastScrollData":{"toInde...
&amp#27;[35m[HTTP]&amp#27;[39m &amp#27;[37m<-- GET /wd/hub/session/937ebac4-1fbd-4d9f-95d1-e813d5888f9d &amp#27;[39m&amp#27;[32m200&amp#27;[39m &amp#27;[90m13 ms - 1128&amp#27;[39m
&amp#27;[35m[HTTP]&amp#27;[39m &amp#27;[90m&amp#27;[39m
&amp#27;[35m[HTTP]&amp#27;[39m &amp#27;[37m-->&amp#27;[39m &amp#27;[37mGET&amp#27;[39m &amp#27;[37m/wd/hub/session/937ebac4-1fbd-4d9f-95d1-e813d5888f9d&amp#27;[39m
&amp#27;[35m[HTTP]&amp#27;[39m &amp#27;[90m{}&amp#27;[39m
[debug] &amp#27;[35m[W3C (937ebac4)]&amp#27;[39m Calling AppiumDriver.getSession() with args: ["937ebac4-1fbd-4d9f-95d1-e813d5888f9d"]
[debug] &amp#27;[35m[UiAutomator2]&amp#27;[39m Getting session details from server to mix in
[debug] &amp#27;[35m[WD Proxy]&amp#27;[39m Matched '/' to command name 'getSession'
[debug] &amp#27;[35m[WD Proxy]&amp#27;[39m Proxying [GET /] to [GET http://127.0.0.1:8202/wd/hub/session/997a9288-92d3-4e25-813f-55acb27f291e] with no body
[debug] &amp#27;[35m[WD Proxy]&amp#27;[39m Got response with status 200: {"sessionId":"997a9288-92d3-4e25-813f-55acb27f291e","value":{"lastScrollData":{"toIndex":-1,"maxScrollY":2299,"maxScrollX":0,"scrollY":1179,"scrollX":0,"fromIndex":-1,"itemCount":-1}}}
[debug] &amp#27;[35m[W3C (937ebac4)]&amp#27;[39m Responding to client with driver.getSession() result: {"platform":"LINUX","webStorageEnabled":false,"takesScreenshot":true,"javascriptEnabled":true,"databaseEnabled":false,"networkConnectionEnabled":true,"locationContextEnabled":false,"warnings":{},"desired":{"platformName":"android","app":"./Resourses/in.workindia.apk","appActivity":"in.workindia.nileshdungarwal.workindiaandroid.RegisterActivity","appPackage":"in.workindia.nileshdungarwal.workindiaandroid","deviceName":"emulator-5554","platformVersion":"8.1"},"platformName":"android","app":"./Resourses/in.workindia.apk","appActivity":"in.workindia.nileshdungarwal.workindiaandroid.RegisterActivity","appPackage":"in.workindia.nileshdungarwal.workindiaandroid","deviceName":"emulator-5554","platformVersion":"8.1.0","deviceUDID":"emulator-5554","deviceApiLevel":27,"deviceScreenSize":"1080x2160","deviceScreenDensity":440,"deviceModel":"Android SDK built for x86","deviceManufacturer":"Google","pixelRatio":2.75,"statBarHeight":66,"viewportRect":{"left":0,"top":66,"width":1080,"height":1962},"lastScrollData":{"toInde...
&amp#27;[35m[HTTP]&amp#27;[39m &amp#27;[37m<-- GET /wd/hub/session/937ebac4-1fbd-4d9f-95d1-e813d5888f9d &amp#27;[39m&amp#27;[32m200&amp#27;[39m &amp#27;[90m11 ms - 1128&amp#27;[39m
&amp#27;[35m[HTTP]&amp#27;[39m &amp#27;[90m&amp#27;[39m
&amp#27;[35m[HTTP]&amp#27;[39m &amp#27;[37m-->&amp#27;[39m &amp#27;[37mGET&amp#27;[39m &amp#27;[37m/wd/hub/session/937ebac4-1fbd-4d9f-95d1-e813d5888f9d&amp#27;[39m
&amp#27;[35m[HTTP]&amp#27;[39m &amp#27;[90m{}&amp#27;[39m
[debug] &amp#27;[35m[W3C (937ebac4)]&amp#27;[39m Calling AppiumDriver.getSession() with args: ["937ebac4-1fbd-4d9f-95d1-e813d5888f9d"]
[debug] &amp#27;[35m[UiAutomator2]&amp#27;[39m Getting session details from server to mix in
[debug] &amp#27;[35m[WD Proxy]&amp#27;[39m Matched '/' to command name 'getSession'
[debug] &amp#27;[35m[WD Proxy]&amp#27;[39m Proxying [GET /] to [GET http://127.0.0.1:8202/wd/hub/session/997a9288-92d3-4e25-813f-55acb27f291e] with no body
[debug] &amp#27;[35m[WD Proxy]&amp#27;[39m Got response with status 200: {"sessionId":"997a9288-92d3-4e25-813f-55acb27f291e","value":{"lastScrollData":{"toIndex":-1,"maxScrollY":2299,"maxScrollX":0,"scrollY":1179,"scrollX":0,"fromIndex":-1,"itemCount":-1}}}
[debug] &amp#27;[35m[W3C (937ebac4)]&amp#27;[39m Responding to client with driver.getSession() result: {"platform":"LINUX","webStorageEnabled":false,"takesScreenshot":true,"javascriptEnabled":true,"databaseEnabled":false,"networkConnectionEnabled":true,"locationContextEnabled":false,"warnings":{},"desired":{"platformName":"android","app":"./Resourses/in.workindia.apk","appActivity":"in.workindia.nileshdungarwal.workindiaandroid.RegisterActivity","appPackage":"in.workindia.nileshdungarwal.workindiaandroid","deviceName":"emulator-5554","platformVersion":"8.1"},"platformName":"android","app":"./Resourses/in.workindia.apk","appActivity":"in.workindia.nileshdungarwal.workindiaandroid.RegisterActivity","appPackage":"in.workindia.nileshdungarwal.workindiaandroid","deviceName":"emulator-5554","platformVersion":"8.1.0","deviceUDID":"emulator-5554","deviceApiLevel":27,"deviceScreenSize":"1080x2160","deviceScreenDensity":440,"deviceModel":"Android SDK built for x86","deviceManufacturer":"Google","pixelRatio":2.75,"statBarHeight":66,"viewportRect":{"left":0,"top":66,"width":1080,"height":1962},"lastScrollData":{"toInde...
&amp#27;[35m[HTTP]&amp#27;[39m &amp#27;[37m<-- GET /wd/hub/session/937ebac4-1fbd-4d9f-95d1-e813d5888f9d &amp#27;[39m&amp#27;[32m200&amp#27;[39m &amp#27;[90m12 ms - 1128&amp#27;[39m
&amp#27;[35m[HTTP]&amp#27;[39m &amp#27;[90m&amp#27;[39m
&amp#27;[35m[HTTP]&amp#27;[39m &amp#27;[37m-->&amp#27;[39m &amp#27;[37mPOST&amp#27;[39m &amp#27;[37m/wd/hub/session/937ebac4-1fbd-4d9f-95d1-e813d5888f9d/element&amp#27;[39m
&amp#27;[35m[HTTP]&amp#27;[39m &amp#27;[90m{"using":"xpath","value":"//*[@text='Computer']"}&amp#27;[39m
[debug] &amp#27;[35m[W3C (937ebac4)]&amp#27;[39m Calling AppiumDriver.findElement() with args: ["xpath","//*[@text='Computer']","937ebac4-1fbd-4d9f-95d1-e813d5888f9d"]
[debug] &amp#27;[35m[BaseDriver]&amp#27;[39m Valid locator strategies for this request: xpath, id, class name, accessibility id, css selector, -android uiautomator
[debug] &amp#27;[35m[BaseDriver]&amp#27;[39m Waiting up to 50000 ms for condition
[debug] &amp#27;[35m[WD Proxy]&amp#27;[39m Matched '/element' to command name 'findElement'
[debug] &amp#27;[35m[WD Proxy]&amp#27;[39m Proxying [POST /element] to [POST http://127.0.0.1:8202/wd/hub/session/997a9288-92d3-4e25-813f-55acb27f291e/element] with body: {"strategy":"xpath","selector":"//*[@text='Computer']","context":"","multiple":false}
[debug] &amp#27;[35m[WD Proxy]&amp#27;[39m Got response with status 200: {"sessionId":"997a9288-92d3-4e25-813f-55acb27f291e","value":{"ELEMENT":"6fbfba10-c77e-450a-aacf-a86dc7c92469","element-6066-11e4-a52e-4f735466cecf":"6fbfba10-c77e-450a-aacf-a86dc7c92469"}}
[debug] &amp#27;[35m[W3C (937ebac4)]&amp#27;[39m Responding to client with driver.findElement() result: {"element-6066-11e4-a52e-4f735466cecf":"6fbfba10-c77e-450a-aacf-a86dc7c92469","ELEMENT":"6fbfba10-c77e-450a-aacf-a86dc7c92469"}
&amp#27;[35m[HTTP]&amp#27;[39m &amp#27;[37m<-- POST /wd/hub/session/937ebac4-1fbd-4d9f-95d1-e813d5888f9d/element &amp#27;[39m&amp#27;[32m200&amp#27;[39m &amp#27;[90m1038 ms - 137&amp#27;[39m
&amp#27;[35m[HTTP]&amp#27;[39m &amp#27;[90m&amp#27;[39m
&amp#27;[35m[HTTP]&amp#27;[39m &amp#27;[37m-->&amp#27;[39m &amp#27;[37mPOST&amp#27;[39m &amp#27;[37m/wd/hub/session/937ebac4-1fbd-4d9f-95d1-e813d5888f9d/element/6fbfba10-c77e-450a-aacf-a86dc7c92469/click&amp#27;[39m
&amp#27;[35m[HTTP]&amp#27;[39m &amp#27;[90m{"id":"6fbfba10-c77e-450a-aacf-a86dc7c92469"}&amp#27;[39m
[debug] &amp#27;[35m[W3C (937ebac4)]&amp#27;[39m Calling AppiumDriver.click() with args: ["6fbfba10-c77e-450a-aacf-a86dc7c92469","937ebac4-1fbd-4d9f-95d1-e813d5888f9d"]
[debug] &amp#27;[35m[WD Proxy]&amp#27;[39m Matched '/element/6fbfba10-c77e-450a-aacf-a86dc7c92469/click' to command name 'click'
[debug] &amp#27;[35m[WD Proxy]&amp#27;[39m Proxying [POST /element/6fbfba10-c77e-450a-aacf-a86dc7c92469/click] to [POST http://127.0.0.1:8202/wd/hub/session/997a9288-92d3-4e25-813f-55acb27f291e/element/6fbfba10-c77e-450a-aacf-a86dc7c92469/click] with body: {"element":"6fbfba10-c77e-450a-aacf-a86dc7c92469"}
[debug] &amp#27;[35m[WD Proxy]&amp#27;[39m Got response with status 200: {"sessionId":"997a9288-92d3-4e25-813f-55acb27f291e","value":null}
[debug] &amp#27;[35m[W3C (937ebac4)]&amp#27;[39m Responding to client with driver.click() result: null
&amp#27;[35m[HTTP]&amp#27;[39m &amp#27;[37m<-- POST /wd/hub/session/937ebac4-1fbd-4d9f-95d1-e813d5888f9d/element/6fbfba10-c77e-450a-aacf-a86dc7c92469/click &amp#27;[39m&amp#27;[32m200&amp#27;[39m &amp#27;[90m448 ms - 14&amp#27;[39m
&amp#27;[35m[HTTP]&amp#27;[39m &amp#27;[90m&amp#27;[39m
&amp#27;[35m[HTTP]&amp#27;[39m &amp#27;[37m-->&amp#27;[39m &amp#27;[37mPOST&amp#27;[39m &amp#27;[37m/wd/hub/session/937ebac4-1fbd-4d9f-95d1-e813d5888f9d/timeouts&amp#27;[39m
&amp#27;[35m[HTTP]&amp#27;[39m &amp#27;[90m{"implicit":50000}&amp#27;[39m
[debug] &amp#27;[35m[W3C (937ebac4)]&amp#27;[39m Calling AppiumDriver.timeouts() with args: [null,null,null,null,50000,"937ebac4-1fbd-4d9f-95d1-e813d5888f9d"]
[debug] &amp#27;[35m[BaseDriver]&amp#27;[39m W3C timeout argument: {"implicit":50000}}
[debug] &amp#27;[35m[BaseDriver]&amp#27;[39m Set implicit wait to 50000ms
[debug] &amp#27;[35m[W3C (937ebac4)]&amp#27;[39m Responding to client with driver.timeouts() result: null
&amp#27;[35m[HTTP]&amp#27;[39m &amp#27;[37m<-- POST /wd/hub/session/937ebac4-1fbd-4d9f-95d1-e813d5888f9d/timeouts &amp#27;[39m&amp#27;[32m200&amp#27;[39m &amp#27;[90m6 ms - 14&amp#27;[39m
&amp#27;[35m[HTTP]&amp#27;[39m &amp#27;[90m&amp#27;[39m
&amp#27;[35m[HTTP]&amp#27;[39m &amp#27;[37m-->&amp#27;[39m &amp#27;[37mGET&amp#27;[39m &amp#27;[37m/wd/hub/session/937ebac4-1fbd-4d9f-95d1-e813d5888f9d&amp#27;[39m
&amp#27;[35m[HTTP]&amp#27;[39m &amp#27;[90m{}&amp#27;[39m
[debug] &amp#27;[35m[W3C (937ebac4)]&amp#27;[39m Calling AppiumDriver.getSession() with args: ["937ebac4-1fbd-4d9f-95d1-e813d5888f9d"]
[debug] &amp#27;[35m[UiAutomator2]&amp#27;[39m Getting session details from server to mix in
[debug] &amp#27;[35m[WD Proxy]&amp#27;[39m Matched '/' to command name 'getSession'
[debug] &amp#27;[35m[WD Proxy]&amp#27;[39m Proxying [GET /] to [GET http://127.0.0.1:8202/wd/hub/session/997a9288-92d3-4e25-813f-55acb27f291e] with no body
[debug] &amp#27;[35m[WD Proxy]&amp#27;[39m Got response with status 200: {"sessionId":"997a9288-92d3-4e25-813f-55acb27f291e","value":{"lastScrollData":{"toIndex":-1,"maxScrollY":2299,"maxScrollX":0,"scrollY":1179,"scrollX":0,"fromIndex":-1,"itemCount":-1}}}
[debug] &amp#27;[35m[W3C (937ebac4)]&amp#27;[39m Responding to client with driver.getSession() result: {"platform":"LINUX","webStorageEnabled":false,"takesScreenshot":true,"javascriptEnabled":true,"databaseEnabled":false,"networkConnectionEnabled":true,"locationContextEnabled":false,"warnings":{},"desired":{"platformName":"android","app":"./Resourses/in.workindia.apk","appActivity":"in.workindia.nileshdungarwal.workindiaandroid.RegisterActivity","appPackage":"in.workindia.nileshdungarwal.workindiaandroid","deviceName":"emulator-5554","platformVersion":"8.1"},"platformName":"android","app":"./Resourses/in.workindia.apk","appActivity":"in.workindia.nileshdungarwal.workindiaandroid.RegisterActivity","appPackage":"in.workindia.nileshdungarwal.workindiaandroid","deviceName":"emulator-5554","platformVersion":"8.1.0","deviceUDID":"emulator-5554","deviceApiLevel":27,"deviceScreenSize":"1080x2160","deviceScreenDensity":440,"deviceModel":"Android SDK built for x86","deviceManufacturer":"Google","pixelRatio":2.75,"statBarHeight":66,"viewportRect":{"left":0,"top":66,"width":1080,"height":1962},"lastScrollData":{"toInde...
&amp#27;[35m[HTTP]&amp#27;[39m &amp#27;[37m<-- GET /wd/hub/session/937ebac4-1fbd-4d9f-95d1-e813d5888f9d &amp#27;[39m&amp#27;[32m200&amp#27;[39m &amp#27;[90m18 ms - 1128&amp#27;[39m
&amp#27;[35m[HTTP]&amp#27;[39m &amp#27;[90m&amp#27;[39m
&amp#27;[35m[HTTP]&amp#27;[39m &amp#27;[37m-->&amp#27;[39m &amp#27;[37mGET&amp#27;[39m &amp#27;[37m/wd/hub/session/937ebac4-1fbd-4d9f-95d1-e813d5888f9d&amp#27;[39m
&amp#27;[35m[HTTP]&amp#27;[39m &amp#27;[90m{}&amp#27;[39m
[debug] &amp#27;[35m[W3C (937ebac4)]&amp#27;[39m Calling AppiumDriver.getSession() with args: ["937ebac4-1fbd-4d9f-95d1-e813d5888f9d"]
[debug] &amp#27;[35m[UiAutomator2]&amp#27;[39m Getting session details from server to mix in
[debug] &amp#27;[35m[WD Proxy]&amp#27;[39m Matched '/' to command name 'getSession'
[debug] &amp#27;[35m[WD Proxy]&amp#27;[39m Proxying [GET /] to [GET http://127.0.0.1:8202/wd/hub/session/997a9288-92d3-4e25-813f-55acb27f291e] with no body
[debug] &amp#27;[35m[WD Proxy]&amp#27;[39m Got response with status 200: {"sessionId":"997a9288-92d3-4e25-813f-55acb27f291e","value":{"lastScrollData":{"toIndex":-1,"maxScrollY":2299,"maxScrollX":0,"scrollY":1179,"scrollX":0,"fromIndex":-1,"itemCount":-1}}}
[debug] &amp#27;[35m[W3C (937ebac4)]&amp#27;[39m Responding to client with driver.getSession() result: {"platform":"LINUX","webStorageEnabled":false,"takesScreenshot":true,"javascriptEnabled":true,"databaseEnabled":false,"networkConnectionEnabled":true,"locationContextEnabled":false,"warnings":{},"desired":{"platformName":"android","app":"./Resourses/in.workindia.apk","appActivity":"in.workindia.nileshdungarwal.workindiaandroid.RegisterActivity","appPackage":"in.workindia.nileshdungarwal.workindiaandroid","deviceName":"emulator-5554","platformVersion":"8.1"},"platformName":"android","app":"./Resourses/in.workindia.apk","appActivity":"in.workindia.nileshdungarwal.workindiaandroid.RegisterActivity","appPackage":"in.workindia.nileshdungarwal.workindiaandroid","deviceName":"emulator-5554","platformVersion":"8.1.0","deviceUDID":"emulator-5554","deviceApiLevel":27,"deviceScreenSize":"1080x2160","deviceScreenDensity":440,"deviceModel":"Android SDK built for x86","deviceManufacturer":"Google","pixelRatio":2.75,"statBarHeight":66,"viewportRect":{"left":0,"top":66,"width":1080,"height":1962},"lastScrollData":{"toInde...
&amp#27;[35m[HTTP]&amp#27;[39m &amp#27;[37m<-- GET /wd/hub/session/937ebac4-1fbd-4d9f-95d1-e813d5888f9d &amp#27;[39m&amp#27;[32m200&amp#27;[39m &amp#27;[90m20 ms - 1128&amp#27;[39m
&amp#27;[35m[HTTP]&amp#27;[39m &amp#27;[90m&amp#27;[39m
&amp#27;[35m[HTTP]&amp#27;[39m &amp#27;[37m-->&amp#27;[39m &amp#27;[37mGET&amp#27;[39m &amp#27;[37m/wd/hub/session/937ebac4-1fbd-4d9f-95d1-e813d5888f9d&amp#27;[39m
&amp#27;[35m[HTTP]&amp#27;[39m &amp#27;[90m{}&amp#27;[39m
[debug] &amp#27;[35m[W3C (937ebac4)]&amp#27;[39m Calling AppiumDriver.getSession() with args: ["937ebac4-1fbd-4d9f-95d1-e813d5888f9d"]
[debug] &amp#27;[35m[UiAutomator2]&amp#27;[39m Getting session details from server to mix in
[debug] &amp#27;[35m[WD Proxy]&amp#27;[39m Matched '/' to command name 'getSession'
[debug] &amp#27;[35m[WD Proxy]&amp#27;[39m Proxying [GET /] to [GET http://127.0.0.1:8202/wd/hub/session/997a9288-92d3-4e25-813f-55acb27f291e] with no body
[debug] &amp#27;[35m[WD Proxy]&amp#27;[39m Got response with status 200: {"sessionId":"997a9288-92d3-4e25-813f-55acb27f291e","value":{"lastScrollData":{"toIndex":-1,"maxScrollY":2299,"maxScrollX":0,"scrollY":1179,"scrollX":0,"fromIndex":-1,"itemCount":-1}}}
[debug] &amp#27;[35m[W3C (937ebac4)]&amp#27;[39m Responding to client with driver.getSession() result: {"platform":"LINUX","webStorageEnabled":false,"takesScreenshot":true,"javascriptEnabled":true,"databaseEnabled":false,"networkConnectionEnabled":true,"locationContextEnabled":false,"warnings":{},"desired":{"platformName":"android","app":"./Resourses/in.workindia.apk","appActivity":"in.workindia.nileshdungarwal.workindiaandroid.RegisterActivity","appPackage":"in.workindia.nileshdungarwal.workindiaandroid","deviceName":"emulator-5554","platformVersion":"8.1"},"platformName":"android","app":"./Resourses/in.workindia.apk","appActivity":"in.workindia.nileshdungarwal.workindiaandroid.RegisterActivity","appPackage":"in.workindia.nileshdungarwal.workindiaandroid","deviceName":"emulator-5554","platformVersion":"8.1.0","deviceUDID":"emulator-5554","deviceApiLevel":27,"deviceScreenSize":"1080x2160","deviceScreenDensity":440,"deviceModel":"Android SDK built for x86","deviceManufacturer":"Google","pixelRatio":2.75,"statBarHeight":66,"viewportRect":{"left":0,"top":66,"width":1080,"height":1962},"lastScrollData":{"toInde...
&amp#27;[35m[HTTP]&amp#27;[39m &amp#27;[37m<-- GET /wd/hub/session/937ebac4-1fbd-4d9f-95d1-e813d5888f9d &amp#27;[39m&amp#27;[32m200&amp#27;[39m &amp#27;[90m21 ms - 1128&amp#27;[39m
&amp#27;[35m[HTTP]&amp#27;[39m &amp#27;[90m&amp#27;[39m
&amp#27;[35m[HTTP]&amp#27;[39m &amp#27;[37m-->&amp#27;[39m &amp#27;[37mPOST&amp#27;[39m &amp#27;[37m/wd/hub/session/937ebac4-1fbd-4d9f-95d1-e813d5888f9d/element&amp#27;[39m
&amp#27;[35m[HTTP]&amp#27;[39m &amp#27;[90m{"using":"id","value":"android:id/button1"}&amp#27;[39m
[debug] &amp#27;[35m[W3C (937ebac4)]&amp#27;[39m Calling AppiumDriver.findElement() with args: ["id","android:id/button1","937ebac4-1fbd-4d9f-95d1-e813d5888f9d"]
[debug] &amp#27;[35m[BaseDriver]&amp#27;[39m Valid locator strategies for this request: xpath, id, class name, accessibility id, css selector, -android uiautomator
[debug] &amp#27;[35m[BaseDriver]&amp#27;[39m Waiting up to 50000 ms for condition
[debug] &amp#27;[35m[WD Proxy]&amp#27;[39m Matched '/element' to command name 'findElement'
[debug] &amp#27;[35m[WD Proxy]&amp#27;[39m Proxying [POST /element] to [POST http://127.0.0.1:8202/wd/hub/session/997a9288-92d3-4e25-813f-55acb27f291e/element] with body: {"strategy":"id","selector":"android:id/button1","context":"","multiple":false}
[debug] &amp#27;[35m[WD Proxy]&amp#27;[39m Got response with status 200: {"sessionId":"997a9288-92d3-4e25-813f-55acb27f291e","value":{"ELEMENT":"86db23ee-79d7-4db4-a8a7-cdbc5ba9d890","element-6066-11e4-a52e-4f735466cecf":"86db23ee-79d7-4db4-a8a7-cdbc5ba9d890"}}
[debug] &amp#27;[35m[W3C (937ebac4)]&amp#27;[39m Responding to client with driver.findElement() result: {"element-6066-11e4-a52e-4f735466cecf":"86db23ee-79d7-4db4-a8a7-cdbc5ba9d890","ELEMENT":"86db23ee-79d7-4db4-a8a7-cdbc5ba9d890"}
&amp#27;[35m[HTTP]&amp#27;[39m &amp#27;[37m<-- POST /wd/hub/session/937ebac4-1fbd-4d9f-95d1-e813d5888f9d/element &amp#27;[39m&amp#27;[32m200&amp#27;[39m &amp#27;[90m451 ms - 137&amp#27;[39m
&amp#27;[35m[HTTP]&amp#27;[39m &amp#27;[90m&amp#27;[39m
&amp#27;[35m[HTTP]&amp#27;[39m &amp#27;[37m-->&amp#27;[39m &amp#27;[37mPOST&amp#27;[39m &amp#27;[37m/wd/hub/session/937ebac4-1fbd-4d9f-95d1-e813d5888f9d/element/86db23ee-79d7-4db4-a8a7-cdbc5ba9d890/click&amp#27;[39m
&amp#27;[35m[HTTP]&amp#27;[39m &amp#27;[90m{"id":"86db23ee-79d7-4db4-a8a7-cdbc5ba9d890"}&amp#27;[39m
[debug] &amp#27;[35m[W3C (937ebac4)]&amp#27;[39m Calling AppiumDriver.click() with args: ["86db23ee-79d7-4db4-a8a7-cdbc5ba9d890","937ebac4-1fbd-4d9f-95d1-e813d5888f9d"]
[debug] &amp#27;[35m[WD Proxy]&amp#27;[39m Matched '/element/86db23ee-79d7-4db4-a8a7-cdbc5ba9d890/click' to command name 'click'
[debug] &amp#27;[35m[WD Proxy]&amp#27;[39m Proxying [POST /element/86db23ee-79d7-4db4-a8a7-cdbc5ba9d890/click] to [POST http://127.0.0.1:8202/wd/hub/session/997a9288-92d3-4e25-813f-55acb27f291e/element/86db23ee-79d7-4db4-a8a7-cdbc5ba9d890/click] with body: {"element":"86db23ee-79d7-4db4-a8a7-cdbc5ba9d890"}
[debug] &amp#27;[35m[WD Proxy]&amp#27;[39m Got response with status 200: {"sessionId":"997a9288-92d3-4e25-813f-55acb27f291e","value":null}
[debug] &amp#27;[35m[W3C (937ebac4)]&amp#27;[39m Responding to client with driver.click() result: null
&amp#27;[35m[HTTP]&amp#27;[39m &amp#27;[37m<-- POST /wd/hub/session/937ebac4-1fbd-4d9f-95d1-e813d5888f9d/element/86db23ee-79d7-4db4-a8a7-cdbc5ba9d890/click &amp#27;[39m&amp#27;[32m200&amp#27;[39m &amp#27;[90m30 ms - 14&amp#27;[39m
&amp#27;[35m[HTTP]&amp#27;[39m &amp#27;[90m&amp#27;[39m
&amp#27;[35m[HTTP]&amp#27;[39m &amp#27;[37m-->&amp#27;[39m &amp#27;[37mPOST&amp#27;[39m &amp#27;[37m/wd/hub/session/937ebac4-1fbd-4d9f-95d1-e813d5888f9d/timeouts&amp#27;[39m
&amp#27;[35m[HTTP]&amp#27;[39m &amp#27;[90m{"implicit":50000}&amp#27;[39m
[debug] &amp#27;[35m[W3C (937ebac4)]&amp#27;[39m Calling AppiumDriver.timeouts() with args: [null,null,null,null,50000,"937ebac4-1fbd-4d9f-95d1-e813d5888f9d"]
[debug] &amp#27;[35m[BaseDriver]&amp#27;[39m W3C timeout argument: {"implicit":50000}}
[debug] &amp#27;[35m[BaseDriver]&amp#27;[39m Set implicit wait to 50000ms
[debug] &amp#27;[35m[W3C (937ebac4)]&amp#27;[39m Responding to client with driver.timeouts() result: null
&amp#27;[35m[HTTP]&amp#27;[39m &amp#27;[37m<-- POST /wd/hub/session/937ebac4-1fbd-4d9f-95d1-e813d5888f9d/timeouts &amp#27;[39m&amp#27;[32m200&amp#27;[39m &amp#27;[90m4 ms - 14&amp#27;[39m
&amp#27;[35m[HTTP]&amp#27;[39m &amp#27;[90m&amp#27;[39m
&amp#27;[35m[HTTP]&amp#27;[39m &amp#27;[37m-->&amp#27;[39m &amp#27;[37mPOST&amp#27;[39m &amp#27;[37m/wd/hub/session/937ebac4-1fbd-4d9f-95d1-e813d5888f9d/timeouts&amp#27;[39m
&amp#27;[35m[HTTP]&amp#27;[39m &amp#27;[90m{"implicit":50000}&amp#27;[39m
[debug] &amp#27;[35m[W3C (937ebac4)]&amp#27;[39m Calling AppiumDriver.timeouts() with args: [null,null,null,null,50000,"937ebac4-1fbd-4d9f-95d1-e813d5888f9d"]
[debug] &amp#27;[35m[BaseDriver]&amp#27;[39m W3C timeout argument: {"implicit":50000}}
[debug] &amp#27;[35m[BaseDriver]&amp#27;[39m Set implicit wait to 50000ms
[debug] &amp#27;[35m[W3C (937ebac4)]&amp#27;[39m Responding to client with driver.timeouts() result: null
&amp#27;[35m[HTTP]&amp#27;[39m &amp#27;[37m<-- POST /wd/hub/session/937ebac4-1fbd-4d9f-95d1-e813d5888f9d/timeouts &amp#27;[39m&amp#27;[32m200&amp#27;[39m &amp#27;[90m5 ms - 14&amp#27;[39m
&amp#27;[35m[HTTP]&amp#27;[39m &amp#27;[90m&amp#27;[39m
&amp#27;[35m[HTTP]&amp#27;[39m &amp#27;[37m-->&amp#27;[39m &amp#27;[37mGET&amp#27;[39m &amp#27;[37m/wd/hub/session/937ebac4-1fbd-4d9f-95d1-e813d5888f9d&amp#27;[39m
&amp#27;[35m[HTTP]&amp#27;[39m &amp#27;[90m{}&amp#27;[39m
[debug] &amp#27;[35m[W3C (937ebac4)]&amp#27;[39m Calling AppiumDriver.getSession() with args: ["937ebac4-1fbd-4d9f-95d1-e813d5888f9d"]
[debug] &amp#27;[35m[UiAutomator2]&amp#27;[39m Getting session details from server to mix in
[debug] &amp#27;[35m[WD Proxy]&amp#27;[39m Matched '/' to command name 'getSession'
[debug] &amp#27;[35m[WD Proxy]&amp#27;[39m Proxying [GET /] to [GET http://127.0.0.1:8202/wd/hub/session/997a9288-92d3-4e25-813f-55acb27f291e] with no body
[debug] &amp#27;[35m[WD Proxy]&amp#27;[39m Got response with status 200: {"sessionId":"997a9288-92d3-4e25-813f-55acb27f291e","value":{"lastScrollData":{"toIndex":-1,"maxScrollY":2299,"maxScrollX":0,"scrollY":1179,"scrollX":0,"fromIndex":-1,"itemCount":-1}}}
[debug] &amp#27;[35m[W3C (937ebac4)]&amp#27;[39m Responding to client with driver.getSession() result: {"platform":"LINUX","webStorageEnabled":false,"takesScreenshot":true,"javascriptEnabled":true,"databaseEnabled":false,"networkConnectionEnabled":true,"locationContextEnabled":false,"warnings":{},"desired":{"platformName":"android","app":"./Resourses/in.workindia.apk","appActivity":"in.workindia.nileshdungarwal.workindiaandroid.RegisterActivity","appPackage":"in.workindia.nileshdungarwal.workindiaandroid","deviceName":"emulator-5554","platformVersion":"8.1"},"platformName":"android","app":"./Resourses/in.workindia.apk","appActivity":"in.workindia.nileshdungarwal.workindiaandroid.RegisterActivity","appPackage":"in.workindia.nileshdungarwal.workindiaandroid","deviceName":"emulator-5554","platformVersion":"8.1.0","deviceUDID":"emulator-5554","deviceApiLevel":27,"deviceScreenSize":"1080x2160","deviceScreenDensity":440,"deviceModel":"Android SDK built for x86","deviceManufacturer":"Google","pixelRatio":2.75,"statBarHeight":66,"viewportRect":{"left":0,"top":66,"width":1080,"height":1962},"lastScrollData":{"toInde...
&amp#27;[35m[HTTP]&amp#27;[39m &amp#27;[37m<-- GET /wd/hub/session/937ebac4-1fbd-4d9f-95d1-e813d5888f9d &amp#27;[39m&amp#27;[32m200&amp#27;[39m &amp#27;[90m23 ms - 1128&amp#27;[39m
&amp#27;[35m[HTTP]&amp#27;[39m &amp#27;[90m&amp#27;[39m
&amp#27;[35m[HTTP]&amp#27;[39m &amp#27;[37m-->&amp#27;[39m &amp#27;[37mGET&amp#27;[39m &amp#27;[37m/wd/hub/session/937ebac4-1fbd-4d9f-95d1-e813d5888f9d&amp#27;[39m
&amp#27;[35m[HTTP]&amp#27;[39m &amp#27;[90m{}&amp#27;[39m
[debug] &amp#27;[35m[W3C (937ebac4)]&amp#27;[39m Calling AppiumDriver.getSession() with args: ["937ebac4-1fbd-4d9f-95d1-e813d5888f9d"]
[debug] &amp#27;[35m[UiAutomator2]&amp#27;[39m Getting session details from server to mix in
[debug] &amp#27;[35m[WD Proxy]&amp#27;[39m Matched '/' to command name 'getSession'
[debug] &amp#27;[35m[WD Proxy]&amp#27;[39m Proxying [GET /] to [GET http://127.0.0.1:8202/wd/hub/session/997a9288-92d3-4e25-813f-55acb27f291e] with no body
[debug] &amp#27;[35m[WD Proxy]&amp#27;[39m Got response with status 200: {"sessionId":"997a9288-92d3-4e25-813f-55acb27f291e","value":{"lastScrollData":{"toIndex":-1,"maxScrollY":2299,"maxScrollX":0,"scrollY":1179,"scrollX":0,"fromIndex":-1,"itemCount":-1}}}
[debug] &amp#27;[35m[W3C (937ebac4)]&amp#27;[39m Responding to client with driver.getSession() result: {"platform":"LINUX","webStorageEnabled":false,"takesScreenshot":true,"javascriptEnabled":true,"databaseEnabled":false,"networkConnectionEnabled":true,"locationContextEnabled":false,"warnings":{},"desired":{"platformName":"android","app":"./Resourses/in.workindia.apk","appActivity":"in.workindia.nileshdungarwal.workindiaandroid.RegisterActivity","appPackage":"in.workindia.nileshdungarwal.workindiaandroid","deviceName":"emulator-5554","platformVersion":"8.1"},"platformName":"android","app":"./Resourses/in.workindia.apk","appActivity":"in.workindia.nileshdungarwal.workindiaandroid.RegisterActivity","appPackage":"in.workindia.nileshdungarwal.workindiaandroid","deviceName":"emulator-5554","platformVersion":"8.1.0","deviceUDID":"emulator-5554","deviceApiLevel":27,"deviceScreenSize":"1080x2160","deviceScreenDensity":440,"deviceModel":"Android SDK built for x86","deviceManufacturer":"Google","pixelRatio":2.75,"statBarHeight":66,"viewportRect":{"left":0,"top":66,"width":1080,"height":1962},"lastScrollData":{"toInde...
&amp#27;[35m[HTTP]&amp#27;[39m &amp#27;[37m<-- GET /wd/hub/session/937ebac4-1fbd-4d9f-95d1-e813d5888f9d &amp#27;[39m&amp#27;[32m200&amp#27;[39m &amp#27;[90m23 ms - 1128&amp#27;[39m
&amp#27;[35m[HTTP]&amp#27;[39m &amp#27;[90m&amp#27;[39m
&amp#27;[35m[HTTP]&amp#27;[39m &amp#27;[37m-->&amp#27;[39m &amp#27;[37mGET&amp#27;[39m &amp#27;[37m/wd/hub/session/937ebac4-1fbd-4d9f-95d1-e813d5888f9d&amp#27;[39m
&amp#27;[35m[HTTP]&amp#27;[39m &amp#27;[90m{}&amp#27;[39m
[debug] &amp#27;[35m[W3C (937ebac4)]&amp#27;[39m Calling AppiumDriver.getSession() with args: ["937ebac4-1fbd-4d9f-95d1-e813d5888f9d"]
[debug] &amp#27;[35m[UiAutomator2]&amp#27;[39m Getting session details from server to mix in
[debug] &amp#27;[35m[WD Proxy]&amp#27;[39m Matched '/' to command name 'getSession'
[debug] &amp#27;[35m[WD Proxy]&amp#27;[39m Proxying [GET /] to [GET http://127.0.0.1:8202/wd/hub/session/997a9288-92d3-4e25-813f-55acb27f291e] with no body
[debug] &amp#27;[35m[WD Proxy]&amp#27;[39m Got response with status 200: {"sessionId":"997a9288-92d3-4e25-813f-55acb27f291e","value":{"lastScrollData":{"toIndex":-1,"maxScrollY":2299,"maxScrollX":0,"scrollY":1179,"scrollX":0,"fromIndex":-1,"itemCount":-1}}}
[debug] &amp#27;[35m[W3C (937ebac4)]&amp#27;[39m Responding to client with driver.getSession() result: {"platform":"LINUX","webStorageEnabled":false,"takesScreenshot":true,"javascriptEnabled":true,"databaseEnabled":false,"networkConnectionEnabled":true,"locationContextEnabled":false,"warnings":{},"desired":{"platformName":"android","app":"./Resourses/in.workindia.apk","appActivity":"in.workindia.nileshdungarwal.workindiaandroid.RegisterActivity","appPackage":"in.workindia.nileshdungarwal.workindiaandroid","deviceName":"emulator-5554","platformVersion":"8.1"},"platformName":"android","app":"./Resourses/in.workindia.apk","appActivity":"in.workindia.nileshdungarwal.workindiaandroid.RegisterActivity","appPackage":"in.workindia.nileshdungarwal.workindiaandroid","deviceName":"emulator-5554","platformVersion":"8.1.0","deviceUDID":"emulator-5554","deviceApiLevel":27,"deviceScreenSize":"1080x2160","deviceScreenDensity":440,"deviceModel":"Android SDK built for x86","deviceManufacturer":"Google","pixelRatio":2.75,"statBarHeight":66,"viewportRect":{"left":0,"top":66,"width":1080,"height":1962},"lastScrollData":{"toInde...
&amp#27;[35m[HTTP]&amp#27;[39m &amp#27;[37m<-- GET /wd/hub/session/937ebac4-1fbd-4d9f-95d1-e813d5888f9d &amp#27;[39m&amp#27;[32m200&amp#27;[39m &amp#27;[90m15 ms - 1128&amp#27;[39m
&amp#27;[35m[HTTP]&amp#27;[39m &amp#27;[90m&amp#27;[39m
&amp#27;[35m[HTTP]&amp#27;[39m &amp#27;[37m-->&amp#27;[39m &amp#27;[37mPOST&amp#27;[39m &amp#27;[37m/wd/hub/session/937ebac4-1fbd-4d9f-95d1-e813d5888f9d/element&amp#27;[39m
&amp#27;[35m[HTTP]&amp#27;[39m &amp#27;[90m{"using":"id","value":"in.workindia.nileshdungarwal.workindiaandroid:id/et_course"}&amp#27;[39m
[debug] &amp#27;[35m[W3C (937ebac4)]&amp#27;[39m Calling AppiumDriver.findElement() with args: ["id","in.workindia.nileshdungarwal.workindiaandroid:id/et_course","937ebac4-1fbd-4d9f-95d1-e813d5888f9d"]
[debug] &amp#27;[35m[BaseDriver]&amp#27;[39m Valid locator strategies for this request: xpath, id, class name, accessibility id, css selector, -android uiautomator
[debug] &amp#27;[35m[BaseDriver]&amp#27;[39m Waiting up to 50000 ms for condition
[debug] &amp#27;[35m[WD Proxy]&amp#27;[39m Matched '/element' to command name 'findElement'
[debug] &amp#27;[35m[WD Proxy]&amp#27;[39m Proxying [POST /element] to [POST http://127.0.0.1:8202/wd/hub/session/997a9288-92d3-4e25-813f-55acb27f291e/element] with body: {"strategy":"id","selector":"in.workindia.nileshdungarwal.workindiaandroid:id/et_course","context":"","multiple":false}
[debug] &amp#27;[35m[WD Proxy]&amp#27;[39m Got response with status 200: {"sessionId":"997a9288-92d3-4e25-813f-55acb27f291e","value":{"ELEMENT":"bec891f2-d7aa-45cc-9f21-077974cdee96","element-6066-11e4-a52e-4f735466cecf":"bec891f2-d7aa-45cc-9f21-077974cdee96"}}
[debug] &amp#27;[35m[W3C (937ebac4)]&amp#27;[39m Responding to client with driver.findElement() result: {"element-6066-11e4-a52e-4f735466cecf":"bec891f2-d7aa-45cc-9f21-077974cdee96","ELEMENT":"bec891f2-d7aa-45cc-9f21-077974cdee96"}
&amp#27;[35m[HTTP]&amp#27;[39m &amp#27;[37m<-- POST /wd/hub/session/937ebac4-1fbd-4d9f-95d1-e813d5888f9d/element &amp#27;[39m&amp#27;[32m200&amp#27;[39m &amp#27;[90m535 ms - 137&amp#27;[39m
&amp#27;[35m[HTTP]&amp#27;[39m &amp#27;[90m&amp#27;[39m
&amp#27;[35m[HTTP]&amp#27;[39m &amp#27;[37m-->&amp#27;[39m &amp#27;[37mPOST&amp#27;[39m &amp#27;[37m/wd/hub/session/937ebac4-1fbd-4d9f-95d1-e813d5888f9d/element/bec891f2-d7aa-45cc-9f21-077974cdee96/click&amp#27;[39m
&amp#27;[35m[HTTP]&amp#27;[39m &amp#27;[90m{"id":"bec891f2-d7aa-45cc-9f21-077974cdee96"}&amp#27;[39m
[debug] &amp#27;[35m[W3C (937ebac4)]&amp#27;[39m Calling AppiumDriver.click() with args: ["bec891f2-d7aa-45cc-9f21-077974cdee96","937ebac4-1fbd-4d9f-95d1-e813d5888f9d"]
[debug] &amp#27;[35m[WD Proxy]&amp#27;[39m Matched '/element/bec891f2-d7aa-45cc-9f21-077974cdee96/click' to command name 'click'
[debug] &amp#27;[35m[WD Proxy]&amp#27;[39m Proxying [POST /element/bec891f2-d7aa-45cc-9f21-077974cdee96/click] to [POST http://127.0.0.1:8202/wd/hub/session/997a9288-92d3-4e25-813f-55acb27f291e/element/bec891f2-d7aa-45cc-9f21-077974cdee96/click] with body: {"element":"bec891f2-d7aa-45cc-9f21-077974cdee96"}
[debug] &amp#27;[35m[WD Proxy]&amp#27;[39m Got response with status 200: {"sessionId":"997a9288-92d3-4e25-813f-55acb27f291e","value":null}
[debug] &amp#27;[35m[W3C (937ebac4)]&amp#27;[39m Responding to client with driver.click() result: null
&amp#27;[35m[HTTP]&amp#27;[39m &amp#27;[37m<-- POST /wd/hub/session/937ebac4-1fbd-4d9f-95d1-e813d5888f9d/element/bec891f2-d7aa-45cc-9f21-077974cdee96/click &amp#27;[39m&amp#27;[32m200&amp#27;[39m &amp#27;[90m49 ms - 14&amp#27;[39m
&amp#27;[35m[HTTP]&amp#27;[39m &amp#27;[90m&amp#27;[39m
&amp#27;[35m[HTTP]&amp#27;[39m &amp#27;[37m-->&amp#27;[39m &amp#27;[37mPOST&amp#27;[39m &amp#27;[37m/wd/hub/session/937ebac4-1fbd-4d9f-95d1-e813d5888f9d/timeouts&amp#27;[39m
&amp#27;[35m[HTTP]&amp#27;[39m &amp#27;[90m{"implicit":50000}&amp#27;[39m
[debug] &amp#27;[35m[W3C (937ebac4)]&amp#27;[39m Calling AppiumDriver.timeouts() with args: [null,null,null,null,50000,"937ebac4-1fbd-4d9f-95d1-e813d5888f9d"]
[debug] &amp#27;[35m[BaseDriver]&amp#27;[39m W3C timeout argument: {"implicit":50000}}
[debug] &amp#27;[35m[BaseDriver]&amp#27;[39m Set implicit wait to 50000ms
[debug] &amp#27;[35m[W3C (937ebac4)]&amp#27;[39m Responding to client with driver.timeouts() result: null
&amp#27;[35m[HTTP]&amp#27;[39m &amp#27;[37m<-- POST /wd/hub/session/937ebac4-1fbd-4d9f-95d1-e813d5888f9d/timeouts &amp#27;[39m&amp#27;[32m200&amp#27;[39m &amp#27;[90m4 ms - 14&amp#27;[39m
&amp#27;[35m[HTTP]&amp#27;[39m &amp#27;[90m&amp#27;[39m
&amp#27;[35m[HTTP]&amp#27;[39m &amp#27;[37m-->&amp#27;[39m &amp#27;[37mGET&amp#27;[39m &amp#27;[37m/wd/hub/session/937ebac4-1fbd-4d9f-95d1-e813d5888f9d&amp#27;[39m
&amp#27;[35m[HTTP]&amp#27;[39m &amp#27;[90m{}&amp#27;[39m
[debug] &amp#27;[35m[W3C (937ebac4)]&amp#27;[39m Calling AppiumDriver.getSession() with args: ["937ebac4-1fbd-4d9f-95d1-e813d5888f9d"]
[debug] &amp#27;[35m[UiAutomator2]&amp#27;[39m Getting session details from server to mix in
[debug] &amp#27;[35m[WD Proxy]&amp#27;[39m Matched '/' to command name 'getSession'
[debug] &amp#27;[35m[WD Proxy]&amp#27;[39m Proxying [GET /] to [GET http://127.0.0.1:8202/wd/hub/session/997a9288-92d3-4e25-813f-55acb27f291e] with no body
[debug] &amp#27;[35m[WD Proxy]&amp#27;[39m Got response with status 200: {"sessionId":"997a9288-92d3-4e25-813f-55acb27f291e","value":{"lastScrollData":{"toIndex":-1,"maxScrollY":2299,"maxScrollX":0,"scrollY":1179,"scrollX":0,"fromIndex":-1,"itemCount":-1}}}
[debug] &amp#27;[35m[W3C (937ebac4)]&amp#27;[39m Responding to client with driver.getSession() result: {"platform":"LINUX","webStorageEnabled":false,"takesScreenshot":true,"javascriptEnabled":true,"databaseEnabled":false,"networkConnectionEnabled":true,"locationContextEnabled":false,"warnings":{},"desired":{"platformName":"android","app":"./Resourses/in.workindia.apk","appActivity":"in.workindia.nileshdungarwal.workindiaandroid.RegisterActivity","appPackage":"in.workindia.nileshdungarwal.workindiaandroid","deviceName":"emulator-5554","platformVersion":"8.1"},"platformName":"android","app":"./Resourses/in.workindia.apk","appActivity":"in.workindia.nileshdungarwal.workindiaandroid.RegisterActivity","appPackage":"in.workindia.nileshdungarwal.workindiaandroid","deviceName":"emulator-5554","platformVersion":"8.1.0","deviceUDID":"emulator-5554","deviceApiLevel":27,"deviceScreenSize":"1080x2160","deviceScreenDensity":440,"deviceModel":"Android SDK built for x86","deviceManufacturer":"Google","pixelRatio":2.75,"statBarHeight":66,"viewportRect":{"left":0,"top":66,"width":1080,"height":1962},"lastScrollData":{"toInde...
&amp#27;[35m[HTTP]&amp#27;[39m &amp#27;[37m<-- GET /wd/hub/session/937ebac4-1fbd-4d9f-95d1-e813d5888f9d &amp#27;[39m&amp#27;[32m200&amp#27;[39m &amp#27;[90m25 ms - 1128&amp#27;[39m
&amp#27;[35m[HTTP]&amp#27;[39m &amp#27;[90m&amp#27;[39m
&amp#27;[35m[HTTP]&amp#27;[39m &amp#27;[37m-->&amp#27;[39m &amp#27;[37mGET&amp#27;[39m &amp#27;[37m/wd/hub/session/937ebac4-1fbd-4d9f-95d1-e813d5888f9d&amp#27;[39m
&amp#27;[35m[HTTP]&amp#27;[39m &amp#27;[90m{}&amp#27;[39m
[debug] &amp#27;[35m[W3C (937ebac4)]&amp#27;[39m Calling AppiumDriver.getSession() with args: ["937ebac4-1fbd-4d9f-95d1-e813d5888f9d"]
[debug] &amp#27;[35m[UiAutomator2]&amp#27;[39m Getting session details from server to mix in
[debug] &amp#27;[35m[WD Proxy]&amp#27;[39m Matched '/' to command name 'getSession'
[debug] &amp#27;[35m[WD Proxy]&amp#27;[39m Proxying [GET /] to [GET http://127.0.0.1:8202/wd/hub/session/997a9288-92d3-4e25-813f-55acb27f291e] with no body
[debug] &amp#27;[35m[WD Proxy]&amp#27;[39m Got response with status 200: {"sessionId":"997a9288-92d3-4e25-813f-55acb27f291e","value":{"lastScrollData":{"toIndex":-1,"maxScrollY":2299,"maxScrollX":0,"scrollY":1179,"scrollX":0,"fromIndex":-1,"itemCount":-1}}}
[debug] &amp#27;[35m[W3C (937ebac4)]&amp#27;[39m Responding to client with driver.getSession() result: {"platform":"LINUX","webStorageEnabled":false,"takesScreenshot":true,"javascriptEnabled":true,"databaseEnabled":false,"networkConnectionEnabled":true,"locationContextEnabled":false,"warnings":{},"desired":{"platformName":"android","app":"./Resourses/in.workindia.apk","appActivity":"in.workindia.nileshdungarwal.workindiaandroid.RegisterActivity","appPackage":"in.workindia.nileshdungarwal.workindiaandroid","deviceName":"emulator-5554","platformVersion":"8.1"},"platformName":"android","app":"./Resourses/in.workindia.apk","appActivity":"in.workindia.nileshdungarwal.workindiaandroid.RegisterActivity","appPackage":"in.workindia.nileshdungarwal.workindiaandroid","deviceName":"emulator-5554","platformVersion":"8.1.0","deviceUDID":"emulator-5554","deviceApiLevel":27,"deviceScreenSize":"1080x2160","deviceScreenDensity":440,"deviceModel":"Android SDK built for x86","deviceManufacturer":"Google","pixelRatio":2.75,"statBarHeight":66,"viewportRect":{"left":0,"top":66,"width":1080,"height":1962},"lastScrollData":{"toInde...
&amp#27;[35m[HTTP]&amp#27;[39m &amp#27;[37m<-- GET /wd/hub/session/937ebac4-1fbd-4d9f-95d1-e813d5888f9d &amp#27;[39m&amp#27;[32m200&amp#27;[39m &amp#27;[90m17 ms - 1128&amp#27;[39m
&amp#27;[35m[HTTP]&amp#27;[39m &amp#27;[90m&amp#27;[39m
&amp#27;[35m[HTTP]&amp#27;[39m &amp#27;[37m-->&amp#27;[39m &amp#27;[37mGET&amp#27;[39m &amp#27;[37m/wd/hub/session/937ebac4-1fbd-4d9f-95d1-e813d5888f9d&amp#27;[39m
&amp#27;[35m[HTTP]&amp#27;[39m &amp#27;[90m{}&amp#27;[39m
[debug] &amp#27;[35m[W3C (937ebac4)]&amp#27;[39m Calling AppiumDriver.getSession() with args: ["937ebac4-1fbd-4d9f-95d1-e813d5888f9d"]
[debug] &amp#27;[35m[UiAutomator2]&amp#27;[39m Getting session details from server to mix in
[debug] &amp#27;[35m[WD Proxy]&amp#27;[39m Matched '/' to command name 'getSession'
[debug] &amp#27;[35m[WD Proxy]&amp#27;[39m Proxying [GET /] to [GET http://127.0.0.1:8202/wd/hub/session/997a9288-92d3-4e25-813f-55acb27f291e] with no body
[debug] &amp#27;[35m[WD Proxy]&amp#27;[39m Got response with status 200: {"sessionId":"997a9288-92d3-4e25-813f-55acb27f291e","value":{"lastScrollData":{"toIndex":-1,"maxScrollY":2299,"maxScrollX":0,"scrollY":1179,"scrollX":0,"fromIndex":-1,"itemCount":-1}}}
[debug] &amp#27;[35m[W3C (937ebac4)]&amp#27;[39m Responding to client with driver.getSession() result: {"platform":"LINUX","webStorageEnabled":false,"takesScreenshot":true,"javascriptEnabled":true,"databaseEnabled":false,"networkConnectionEnabled":true,"locationContextEnabled":false,"warnings":{},"desired":{"platformName":"android","app":"./Resourses/in.workindia.apk","appActivity":"in.workindia.nileshdungarwal.workindiaandroid.RegisterActivity","appPackage":"in.workindia.nileshdungarwal.workindiaandroid","deviceName":"emulator-5554","platformVersion":"8.1"},"platformName":"android","app":"./Resourses/in.workindia.apk","appActivity":"in.workindia.nileshdungarwal.workindiaandroid.RegisterActivity","appPackage":"in.workindia.nileshdungarwal.workindiaandroid","deviceName":"emulator-5554","platformVersion":"8.1.0","deviceUDID":"emulator-5554","deviceApiLevel":27,"deviceScreenSize":"1080x2160","deviceScreenDensity":440,"deviceModel":"Android SDK built for x86","deviceManufacturer":"Google","pixelRatio":2.75,"statBarHeight":66,"viewportRect":{"left":0,"top":66,"width":1080,"height":1962},"lastScrollData":{"toInde...
&amp#27;[35m[HTTP]&amp#27;[39m &amp#27;[37m<-- GET /wd/hub/session/937ebac4-1fbd-4d9f-95d1-e813d5888f9d &amp#27;[39m&amp#27;[32m200&amp#27;[39m &amp#27;[90m14 ms - 1128&amp#27;[39m
&amp#27;[35m[HTTP]&amp#27;[39m &amp#27;[90m&amp#27;[39m
&amp#27;[35m[HTTP]&amp#27;[39m &amp#27;[37m-->&amp#27;[39m &amp#27;[37mPOST&amp#27;[39m &amp#27;[37m/wd/hub/session/937ebac4-1fbd-4d9f-95d1-e813d5888f9d/element&amp#27;[39m
&amp#27;[35m[HTTP]&amp#27;[39m &amp#27;[90m{"using":"xpath","value":"//android.widget.ListView/android.widget.CheckedTextView[11]"}&amp#27;[39m
[debug] &amp#27;[35m[W3C (937ebac4)]&amp#27;[39m Calling AppiumDriver.findElement() with args: ["xpath","//android.widget.ListView/android.widget.CheckedTextView[11]","937ebac4-1fbd-4d9f-95d1-e813d5888f9d"]
[debug] &amp#27;[35m[BaseDriver]&amp#27;[39m Valid locator strategies for this request: xpath, id, class name, accessibility id, css selector, -android uiautomator
[debug] &amp#27;[35m[BaseDriver]&amp#27;[39m Waiting up to 50000 ms for condition
[debug] &amp#27;[35m[WD Proxy]&amp#27;[39m Matched '/element' to command name 'findElement'
[debug] &amp#27;[35m[WD Proxy]&amp#27;[39m Proxying [POST /element] to [POST http://127.0.0.1:8202/wd/hub/session/997a9288-92d3-4e25-813f-55acb27f291e/element] with body: {"strategy":"xpath","selector":"//android.widget.ListView/android.widget.CheckedTextView[11]","context":"","multiple":false}
[debug] &amp#27;[35m[WD Proxy]&amp#27;[39m Got response with status 200: {"sessionId":"997a9288-92d3-4e25-813f-55acb27f291e","value":{"ELEMENT":"955661ea-49aa-41fb-8cef-a6f4668caccf","element-6066-11e4-a52e-4f735466cecf":"955661ea-49aa-41fb-8cef-a6f4668caccf"}}
[debug] &amp#27;[35m[W3C (937ebac4)]&amp#27;[39m Responding to client with driver.findElement() result: {"element-6066-11e4-a52e-4f735466cecf":"955661ea-49aa-41fb-8cef-a6f4668caccf","ELEMENT":"955661ea-49aa-41fb-8cef-a6f4668caccf"}
&amp#27;[35m[HTTP]&amp#27;[39m &amp#27;[37m<-- POST /wd/hub/session/937ebac4-1fbd-4d9f-95d1-e813d5888f9d/element &amp#27;[39m&amp#27;[32m200&amp#27;[39m &amp#27;[90m857 ms - 137&amp#27;[39m
&amp#27;[35m[HTTP]&amp#27;[39m &amp#27;[90m&amp#27;[39m
&amp#27;[35m[HTTP]&amp#27;[39m &amp#27;[37m-->&amp#27;[39m &amp#27;[37mPOST&amp#27;[39m &amp#27;[37m/wd/hub/session/937ebac4-1fbd-4d9f-95d1-e813d5888f9d/element/955661ea-49aa-41fb-8cef-a6f4668caccf/click&amp#27;[39m
&amp#27;[35m[HTTP]&amp#27;[39m &amp#27;[90m{"id":"955661ea-49aa-41fb-8cef-a6f4668caccf"}&amp#27;[39m
[debug] &amp#27;[35m[W3C (937ebac4)]&amp#27;[39m Calling AppiumDriver.click() with args: ["955661ea-49aa-41fb-8cef-a6f4668caccf","937ebac4-1fbd-4d9f-95d1-e813d5888f9d"]
[debug] &amp#27;[35m[WD Proxy]&amp#27;[39m Matched '/element/955661ea-49aa-41fb-8cef-a6f4668caccf/click' to command name 'click'
[debug] &amp#27;[35m[WD Proxy]&amp#27;[39m Proxying [POST /element/955661ea-49aa-41fb-8cef-a6f4668caccf/click] to [POST http://127.0.0.1:8202/wd/hub/session/997a9288-92d3-4e25-813f-55acb27f291e/element/955661ea-49aa-41fb-8cef-a6f4668caccf/click] with body: {"element":"955661ea-49aa-41fb-8cef-a6f4668caccf"}
[debug] &amp#27;[35m[WD Proxy]&amp#27;[39m Got response with status 200: {"sessionId":"997a9288-92d3-4e25-813f-55acb27f291e","value":null}
[debug] &amp#27;[35m[W3C (937ebac4)]&amp#27;[39m Responding to client with driver.click() result: null
&amp#27;[35m[HTTP]&amp#27;[39m &amp#27;[37m<-- POST /wd/hub/session/937ebac4-1fbd-4d9f-95d1-e813d5888f9d/element/955661ea-49aa-41fb-8cef-a6f4668caccf/click &amp#27;[39m&amp#27;[32m200&amp#27;[39m &amp#27;[90m716 ms - 14&amp#27;[39m
&amp#27;[35m[HTTP]&amp#27;[39m &amp#27;[90m&amp#27;[39m
&amp#27;[35m[HTTP]&amp#27;[39m &amp#27;[37m-->&amp#27;[39m &amp#27;[37mPOST&amp#27;[39m &amp#27;[37m/wd/hub/session/937ebac4-1fbd-4d9f-95d1-e813d5888f9d/timeouts&amp#27;[39m
&amp#27;[35m[HTTP]&amp#27;[39m &amp#27;[90m{"implicit":50000}&amp#27;[39m
[debug] &amp#27;[35m[W3C (937ebac4)]&amp#27;[39m Calling AppiumDriver.timeouts() with args: [null,null,null,null,50000,"937ebac4-1fbd-4d9f-95d1-e813d5888f9d"]
[debug] &amp#27;[35m[BaseDriver]&amp#27;[39m W3C timeout argument: {"implicit":50000}}
[debug] &amp#27;[35m[BaseDriver]&amp#27;[39m Set implicit wait to 50000ms
[debug] &amp#27;[35m[W3C (937ebac4)]&amp#27;[39m Responding to client with driver.timeouts() result: null
&amp#27;[35m[HTTP]&amp#27;[39m &amp#27;[37m<-- POST /wd/hub/session/937ebac4-1fbd-4d9f-95d1-e813d5888f9d/timeouts &amp#27;[39m&amp#27;[32m200&amp#27;[39m &amp#27;[90m2 ms - 14&amp#27;[39m
&amp#27;[35m[HTTP]&amp#27;[39m &amp#27;[90m&amp#27;[39m
&amp#27;[35m[HTTP]&amp#27;[39m &amp#27;[37m-->&amp#27;[39m &amp#27;[37mGET&amp#27;[39m &amp#27;[37m/wd/hub/session/937ebac4-1fbd-4d9f-95d1-e813d5888f9d&amp#27;[39m
&amp#27;[35m[HTTP]&amp#27;[39m &amp#27;[90m{}&amp#27;[39m
[debug] &amp#27;[35m[W3C (937ebac4)]&amp#27;[39m Calling AppiumDriver.getSession() with args: ["937ebac4-1fbd-4d9f-95d1-e813d5888f9d"]
[debug] &amp#27;[35m[UiAutomator2]&amp#27;[39m Getting session details from server to mix in
[debug] &amp#27;[35m[WD Proxy]&amp#27;[39m Matched '/' to command name 'getSession'
[debug] &amp#27;[35m[WD Proxy]&amp#27;[39m Proxying [GET /] to [GET http://127.0.0.1:8202/wd/hub/session/997a9288-92d3-4e25-813f-55acb27f291e] with no body
[debug] &amp#27;[35m[WD Proxy]&amp#27;[39m Got response with status 200: {"sessionId":"997a9288-92d3-4e25-813f-55acb27f291e","value":{"lastScrollData":{"toIndex":-1,"maxScrollY":2299,"maxScrollX":0,"scrollY":1179,"scrollX":0,"fromIndex":-1,"itemCount":-1}}}
[debug] &amp#27;[35m[W3C (937ebac4)]&amp#27;[39m Responding to client with driver.getSession() result: {"platform":"LINUX","webStorageEnabled":false,"takesScreenshot":true,"javascriptEnabled":true,"databaseEnabled":false,"networkConnectionEnabled":true,"locationContextEnabled":false,"warnings":{},"desired":{"platformName":"android","app":"./Resourses/in.workindia.apk","appActivity":"in.workindia.nileshdungarwal.workindiaandroid.RegisterActivity","appPackage":"in.workindia.nileshdungarwal.workindiaandroid","deviceName":"emulator-5554","platformVersion":"8.1"},"platformName":"android","app":"./Resourses/in.workindia.apk","appActivity":"in.workindia.nileshdungarwal.workindiaandroid.RegisterActivity","appPackage":"in.workindia.nileshdungarwal.workindiaandroid","deviceName":"emulator-5554","platformVersion":"8.1.0","deviceUDID":"emulator-5554","deviceApiLevel":27,"deviceScreenSize":"1080x2160","deviceScreenDensity":440,"deviceModel":"Android SDK built for x86","deviceManufacturer":"Google","pixelRatio":2.75,"statBarHeight":66,"viewportRect":{"left":0,"top":66,"width":1080,"height":1962},"lastScrollData":{"toInde...
&amp#27;[35m[HTTP]&amp#27;[39m &amp#27;[37m<-- GET /wd/hub/session/937ebac4-1fbd-4d9f-95d1-e813d5888f9d &amp#27;[39m&amp#27;[32m200&amp#27;[39m &amp#27;[90m7 ms - 1128&amp#27;[39m
&amp#27;[35m[HTTP]&amp#27;[39m &amp#27;[90m&amp#27;[39m
&amp#27;[35m[HTTP]&amp#27;[39m &amp#27;[37m-->&amp#27;[39m &amp#27;[37mGET&amp#27;[39m &amp#27;[37m/wd/hub/session/937ebac4-1fbd-4d9f-95d1-e813d5888f9d&amp#27;[39m
&amp#27;[35m[HTTP]&amp#27;[39m &amp#27;[90m{}&amp#27;[39m
[debug] &amp#27;[35m[W3C (937ebac4)]&amp#27;[39m Calling AppiumDriver.getSession() with args: ["937ebac4-1fbd-4d9f-95d1-e813d5888f9d"]
[debug] &amp#27;[35m[UiAutomator2]&amp#27;[39m Getting session details from server to mix in
[debug] &amp#27;[35m[WD Proxy]&amp#27;[39m Matched '/' to command name 'getSession'
[debug] &amp#27;[35m[WD Proxy]&amp#27;[39m Proxying [GET /] to [GET http://127.0.0.1:8202/wd/hub/session/997a9288-92d3-4e25-813f-55acb27f291e] with no body
[debug] &amp#27;[35m[WD Proxy]&amp#27;[39m Got response with status 200: {"sessionId":"997a9288-92d3-4e25-813f-55acb27f291e","value":{"lastScrollData":{"toIndex":-1,"maxScrollY":2299,"maxScrollX":0,"scrollY":1179,"scrollX":0,"fromIndex":-1,"itemCount":-1}}}
[debug] &amp#27;[35m[W3C (937ebac4)]&amp#27;[39m Responding to client with driver.getSession() result: {"platform":"LINUX","webStorageEnabled":false,"takesScreenshot":true,"javascriptEnabled":true,"databaseEnabled":false,"networkConnectionEnabled":true,"locationContextEnabled":false,"warnings":{},"desired":{"platformName":"android","app":"./Resourses/in.workindia.apk","appActivity":"in.workindia.nileshdungarwal.workindiaandroid.RegisterActivity","appPackage":"in.workindia.nileshdungarwal.workindiaandroid","deviceName":"emulator-5554","platformVersion":"8.1"},"platformName":"android","app":"./Resourses/in.workindia.apk","appActivity":"in.workindia.nileshdungarwal.workindiaandroid.RegisterActivity","appPackage":"in.workindia.nileshdungarwal.workindiaandroid","deviceName":"emulator-5554","platformVersion":"8.1.0","deviceUDID":"emulator-5554","deviceApiLevel":27,"deviceScreenSize":"1080x2160","deviceScreenDensity":440,"deviceModel":"Android SDK built for x86","deviceManufacturer":"Google","pixelRatio":2.75,"statBarHeight":66,"viewportRect":{"left":0,"top":66,"width":1080,"height":1962},"lastScrollData":{"toInde...
&amp#27;[35m[HTTP]&amp#27;[39m &amp#27;[37m<-- GET /wd/hub/session/937ebac4-1fbd-4d9f-95d1-e813d5888f9d &amp#27;[39m&amp#27;[32m200&amp#27;[39m &amp#27;[90m12 ms - 1128&amp#27;[39m
&amp#27;[35m[HTTP]&amp#27;[39m &amp#27;[90m&amp#27;[39m
&amp#27;[35m[HTTP]&amp#27;[39m &amp#27;[37m-->&amp#27;[39m &amp#27;[37mGET&amp#27;[39m &amp#27;[37m/wd/hub/session/937ebac4-1fbd-4d9f-95d1-e813d5888f9d&amp#27;[39m
&amp#27;[35m[HTTP]&amp#27;[39m &amp#27;[90m{}&amp#27;[39m
[debug] &amp#27;[35m[W3C (937ebac4)]&amp#27;[39m Calling AppiumDriver.getSession() with args: ["937ebac4-1fbd-4d9f-95d1-e813d5888f9d"]
[debug] &amp#27;[35m[UiAutomator2]&amp#27;[39m Getting session details from server to mix in
[debug] &amp#27;[35m[WD Proxy]&amp#27;[39m Matched '/' to command name 'getSession'
[debug] &amp#27;[35m[WD Proxy]&amp#27;[39m Proxying [GET /] to [GET http://127.0.0.1:8202/wd/hub/session/997a9288-92d3-4e25-813f-55acb27f291e] with no body
[debug] &amp#27;[35m[WD Proxy]&amp#27;[39m Got response with status 200: {"sessionId":"997a9288-92d3-4e25-813f-55acb27f291e","value":{"lastScrollData":{"toIndex":-1,"maxScrollY":2299,"maxScrollX":0,"scrollY":1179,"scrollX":0,"fromIndex":-1,"itemCount":-1}}}
[debug] &amp#27;[35m[W3C (937ebac4)]&amp#27;[39m Responding to client with driver.getSession() result: {"platform":"LINUX","webStorageEnabled":false,"takesScreenshot":true,"javascriptEnabled":true,"databaseEnabled":false,"networkConnectionEnabled":true,"locationContextEnabled":false,"warnings":{},"desired":{"platformName":"android","app":"./Resourses/in.workindia.apk","appActivity":"in.workindia.nileshdungarwal.workindiaandroid.RegisterActivity","appPackage":"in.workindia.nileshdungarwal.workindiaandroid","deviceName":"emulator-5554","platformVersion":"8.1"},"platformName":"android","app":"./Resourses/in.workindia.apk","appActivity":"in.workindia.nileshdungarwal.workindiaandroid.RegisterActivity","appPackage":"in.workindia.nileshdungarwal.workindiaandroid","deviceName":"emulator-5554","platformVersion":"8.1.0","deviceUDID":"emulator-5554","deviceApiLevel":27,"deviceScreenSize":"1080x2160","deviceScreenDensity":440,"deviceModel":"Android SDK built for x86","deviceManufacturer":"Google","pixelRatio":2.75,"statBarHeight":66,"viewportRect":{"left":0,"top":66,"width":1080,"height":1962},"lastScrollData":{"toInde...
&amp#27;[35m[HTTP]&amp#27;[39m &amp#27;[37m<-- GET /wd/hub/session/937ebac4-1fbd-4d9f-95d1-e813d5888f9d &amp#27;[39m&amp#27;[32m200&amp#27;[39m &amp#27;[90m20 ms - 1128&amp#27;[39m
&amp#27;[35m[HTTP]&amp#27;[39m &amp#27;[90m&amp#27;[39m
&amp#27;[35m[HTTP]&amp#27;[39m &amp#27;[37m-->&amp#27;[39m &amp#27;[37mPOST&amp#27;[39m &amp#27;[37m/wd/hub/session/937ebac4-1fbd-4d9f-95d1-e813d5888f9d/element&amp#27;[39m
&amp#27;[35m[HTTP]&amp#27;[39m &amp#27;[90m{"using":"id","value":"in.workindia.nileshdungarwal.workindiaandroid:id/btn_done"}&amp#27;[39m
[debug] &amp#27;[35m[W3C (937ebac4)]&amp#27;[39m Calling AppiumDriver.findElement() with args: ["id","in.workindia.nileshdungarwal.workindiaandroid:id/btn_done","937ebac4-1fbd-4d9f-95d1-e813d5888f9d"]
[debug] &amp#27;[35m[BaseDriver]&amp#27;[39m Valid locator strategies for this request: xpath, id, class name, accessibility id, css selector, -android uiautomator
[debug] &amp#27;[35m[BaseDriver]&amp#27;[39m Waiting up to 50000 ms for condition
[debug] &amp#27;[35m[WD Proxy]&amp#27;[39m Matched '/element' to command name 'findElement'
[debug] &amp#27;[35m[WD Proxy]&amp#27;[39m Proxying [POST /element] to [POST http://127.0.0.1:8202/wd/hub/session/997a9288-92d3-4e25-813f-55acb27f291e/element] with body: {"strategy":"id","selector":"in.workindia.nileshdungarwal.workindiaandroid:id/btn_done","context":"","multiple":false}
[debug] &amp#27;[35m[WD Proxy]&amp#27;[39m Got response with status 200: {"sessionId":"997a9288-92d3-4e25-813f-55acb27f291e","value":{"ELEMENT":"c5d89df0-5d34-4480-b7be-acf97597f7f1","element-6066-11e4-a52e-4f735466cecf":"c5d89df0-5d34-4480-b7be-acf97597f7f1"}}
[debug] &amp#27;[35m[W3C (937ebac4)]&amp#27;[39m Responding to client with driver.findElement() result: {"element-6066-11e4-a52e-4f735466cecf":"c5d89df0-5d34-4480-b7be-acf97597f7f1","ELEMENT":"c5d89df0-5d34-4480-b7be-acf97597f7f1"}
&amp#27;[35m[HTTP]&amp#27;[39m &amp#27;[37m<-- POST /wd/hub/session/937ebac4-1fbd-4d9f-95d1-e813d5888f9d/element &amp#27;[39m&amp#27;[32m200&amp#27;[39m &amp#27;[90m24 ms - 137&amp#27;[39m
&amp#27;[35m[HTTP]&amp#27;[39m &amp#27;[90m&amp#27;[39m
&amp#27;[35m[HTTP]&amp#27;[39m &amp#27;[37m-->&amp#27;[39m &amp#27;[37mPOST&amp#27;[39m &amp#27;[37m/wd/hub/session/937ebac4-1fbd-4d9f-95d1-e813d5888f9d/element/c5d89df0-5d34-4480-b7be-acf97597f7f1/click&amp#27;[39m
&amp#27;[35m[HTTP]&amp#27;[39m &amp#27;[90m{"id":"c5d89df0-5d34-4480-b7be-acf97597f7f1"}&amp#27;[39m
[debug] &amp#27;[35m[W3C (937ebac4)]&amp#27;[39m Calling AppiumDriver.click() with args: ["c5d89df0-5d34-4480-b7be-acf97597f7f1","937ebac4-1fbd-4d9f-95d1-e813d5888f9d"]
[debug] &amp#27;[35m[WD Proxy]&amp#27;[39m Matched '/element/c5d89df0-5d34-4480-b7be-acf97597f7f1/click' to command name 'click'
[debug] &amp#27;[35m[WD Proxy]&amp#27;[39m Proxying [POST /element/c5d89df0-5d34-4480-b7be-acf97597f7f1/click] to [POST http://127.0.0.1:8202/wd/hub/session/997a9288-92d3-4e25-813f-55acb27f291e/element/c5d89df0-5d34-4480-b7be-acf97597f7f1/click] with body: {"element":"c5d89df0-5d34-4480-b7be-acf97597f7f1"}
[debug] &amp#27;[35m[WD Proxy]&amp#27;[39m Got response with status 200: {"sessionId":"997a9288-92d3-4e25-813f-55acb27f291e","value":null}
[debug] &amp#27;[35m[W3C (937ebac4)]&amp#27;[39m Responding to client with driver.click() result: null
&amp#27;[35m[HTTP]&amp#27;[39m &amp#27;[37m<-- POST /wd/hub/session/937ebac4-1fbd-4d9f-95d1-e813d5888f9d/element/c5d89df0-5d34-4480-b7be-acf97597f7f1/click &amp#27;[39m&amp#27;[32m200&amp#27;[39m &amp#27;[90m18 ms - 14&amp#27;[39m
&amp#27;[35m[HTTP]&amp#27;[39m &amp#27;[90m&amp#27;[39m
&amp#27;[35m[HTTP]&amp#27;[39m &amp#27;[37m-->&amp#27;[39m &amp#27;[37mPOST&amp#27;[39m &amp#27;[37m/wd/hub/session/937ebac4-1fbd-4d9f-95d1-e813d5888f9d/timeouts&amp#27;[39m
&amp#27;[35m[HTTP]&amp#27;[39m &amp#27;[90m{"implicit":50000}&amp#27;[39m
[debug] &amp#27;[35m[W3C (937ebac4)]&amp#27;[39m Calling AppiumDriver.timeouts() with args: [null,null,null,null,50000,"937ebac4-1fbd-4d9f-95d1-e813d5888f9d"]
[debug] &amp#27;[35m[BaseDriver]&amp#27;[39m W3C timeout argument: {"implicit":50000}}
[debug] &amp#27;[35m[BaseDriver]&amp#27;[39m Set implicit wait to 50000ms
[debug] &amp#27;[35m[W3C (937ebac4)]&amp#27;[39m Responding to client with driver.timeouts() result: null
&amp#27;[35m[HTTP]&amp#27;[39m &amp#27;[37m<-- POST /wd/hub/session/937ebac4-1fbd-4d9f-95d1-e813d5888f9d/timeouts &amp#27;[39m&amp#27;[32m200&amp#27;[39m &amp#27;[90m2 ms - 14&amp#27;[39m
&amp#27;[35m[HTTP]&amp#27;[39m &amp#27;[90m&amp#27;[39m
&amp#27;[35m[HTTP]&amp#27;[39m &amp#27;[37m-->&amp#27;[39m &amp#27;[37mGET&amp#27;[39m &amp#27;[37m/wd/hub/session/937ebac4-1fbd-4d9f-95d1-e813d5888f9d&amp#27;[39m
&amp#27;[35m[HTTP]&amp#27;[39m &amp#27;[90m{}&amp#27;[39m
[debug] &amp#27;[35m[W3C (937ebac4)]&amp#27;[39m Calling AppiumDriver.getSession() with args: ["937ebac4-1fbd-4d9f-95d1-e813d5888f9d"]
[debug] &amp#27;[35m[UiAutomator2]&amp#27;[39m Getting session details from server to mix in
[debug] &amp#27;[35m[WD Proxy]&amp#27;[39m Matched '/' to command name 'getSession'
[debug] &amp#27;[35m[WD Proxy]&amp#27;[39m Proxying [GET /] to [GET http://127.0.0.1:8202/wd/hub/session/997a9288-92d3-4e25-813f-55acb27f291e] with no body
[debug] &amp#27;[35m[WD Proxy]&amp#27;[39m Got response with status 200: {"sessionId":"997a9288-92d3-4e25-813f-55acb27f291e","value":{"lastScrollData":{"toIndex":-1,"maxScrollY":2299,"maxScrollX":0,"scrollY":1179,"scrollX":0,"fromIndex":-1,"itemCount":-1}}}
[debug] &amp#27;[35m[W3C (937ebac4)]&amp#27;[39m Responding to client with driver.getSession() result: {"platform":"LINUX","webStorageEnabled":false,"takesScreenshot":true,"javascriptEnabled":true,"databaseEnabled":false,"networkConnectionEnabled":true,"locationContextEnabled":false,"warnings":{},"desired":{"platformName":"android","app":"./Resourses/in.workindia.apk","appActivity":"in.workindia.nileshdungarwal.workindiaandroid.RegisterActivity","appPackage":"in.workindia.nileshdungarwal.workindiaandroid","deviceName":"emulator-5554","platformVersion":"8.1"},"platformName":"android","app":"./Resourses/in.workindia.apk","appActivity":"in.workindia.nileshdungarwal.workindiaandroid.RegisterActivity","appPackage":"in.workindia.nileshdungarwal.workindiaandroid","deviceName":"emulator-5554","platformVersion":"8.1.0","deviceUDID":"emulator-5554","deviceApiLevel":27,"deviceScreenSize":"1080x2160","deviceScreenDensity":440,"deviceModel":"Android SDK built for x86","deviceManufacturer":"Google","pixelRatio":2.75,"statBarHeight":66,"viewportRect":{"left":0,"top":66,"width":1080,"height":1962},"lastScrollData":{"toInde...
&amp#27;[35m[HTTP]&amp#27;[39m &amp#27;[37m<-- GET /wd/hub/session/937ebac4-1fbd-4d9f-95d1-e813d5888f9d &amp#27;[39m&amp#27;[32m200&amp#27;[39m &amp#27;[90m12 ms - 1128&amp#27;[39m
&amp#27;[35m[HTTP]&amp#27;[39m &amp#27;[90m&amp#27;[39m
&amp#27;[35m[HTTP]&amp#27;[39m &amp#27;[37m-->&amp#27;[39m &amp#27;[37mGET&amp#27;[39m &amp#27;[37m/wd/hub/session/937ebac4-1fbd-4d9f-95d1-e813d5888f9d&amp#27;[39m
&amp#27;[35m[HTTP]&amp#27;[39m &amp#27;[90m{}&amp#27;[39m
[debug] &amp#27;[35m[W3C (937ebac4)]&amp#27;[39m Calling AppiumDriver.getSession() with args: ["937ebac4-1fbd-4d9f-95d1-e813d5888f9d"]
[debug] &amp#27;[35m[UiAutomator2]&amp#27;[39m Getting session details from server to mix in
[debug] &amp#27;[35m[WD Proxy]&amp#27;[39m Matched '/' to command name 'getSession'
[debug] &amp#27;[35m[WD Proxy]&amp#27;[39m Proxying [GET /] to [GET http://127.0.0.1:8202/wd/hub/session/997a9288-92d3-4e25-813f-55acb27f291e] with no body
[debug] &amp#27;[35m[WD Proxy]&amp#27;[39m Got response with status 200: {"sessionId":"997a9288-92d3-4e25-813f-55acb27f291e","value":{"lastScrollData":{"toIndex":-1,"maxScrollY":2299,"maxScrollX":0,"scrollY":1179,"scrollX":0,"fromIndex":-1,"itemCount":-1}}}
[debug] &amp#27;[35m[W3C (937ebac4)]&amp#27;[39m Responding to client with driver.getSession() result: {"platform":"LINUX","webStorageEnabled":false,"takesScreenshot":true,"javascriptEnabled":true,"databaseEnabled":false,"networkConnectionEnabled":true,"locationContextEnabled":false,"warnings":{},"desired":{"platformName":"android","app":"./Resourses/in.workindia.apk","appActivity":"in.workindia.nileshdungarwal.workindiaandroid.RegisterActivity","appPackage":"in.workindia.nileshdungarwal.workindiaandroid","deviceName":"emulator-5554","platformVersion":"8.1"},"platformName":"android","app":"./Resourses/in.workindia.apk","appActivity":"in.workindia.nileshdungarwal.workindiaandroid.RegisterActivity","appPackage":"in.workindia.nileshdungarwal.workindiaandroid","deviceName":"emulator-5554","platformVersion":"8.1.0","deviceUDID":"emulator-5554","deviceApiLevel":27,"deviceScreenSize":"1080x2160","deviceScreenDensity":440,"deviceModel":"Android SDK built for x86","deviceManufacturer":"Google","pixelRatio":2.75,"statBarHeight":66,"viewportRect":{"left":0,"top":66,"width":1080,"height":1962},"lastScrollData":{"toInde...
&amp#27;[35m[HTTP]&amp#27;[39m &amp#27;[37m<-- GET /wd/hub/session/937ebac4-1fbd-4d9f-95d1-e813d5888f9d &amp#27;[39m&amp#27;[32m200&amp#27;[39m &amp#27;[90m25 ms - 1128&amp#27;[39m
&amp#27;[35m[HTTP]&amp#27;[39m &amp#27;[90m&amp#27;[39m
&amp#27;[35m[HTTP]&amp#27;[39m &amp#27;[37m-->&amp#27;[39m &amp#27;[37mGET&amp#27;[39m &amp#27;[37m/wd/hub/session/937ebac4-1fbd-4d9f-95d1-e813d5888f9d&amp#27;[39m
&amp#27;[35m[HTTP]&amp#27;[39m &amp#27;[90m{}&amp#27;[39m
[debug] &amp#27;[35m[W3C (937ebac4)]&amp#27;[39m Calling AppiumDriver.getSession() with args: ["937ebac4-1fbd-4d9f-95d1-e813d5888f9d"]
[debug] &amp#27;[35m[UiAutomator2]&amp#27;[39m Getting session details from server to mix in
[debug] &amp#27;[35m[WD Proxy]&amp#27;[39m Matched '/' to command name 'getSession'
[debug] &amp#27;[35m[WD Proxy]&amp#27;[39m Proxying [GET /] to [GET http://127.0.0.1:8202/wd/hub/session/997a9288-92d3-4e25-813f-55acb27f291e] with no body
[debug] &amp#27;[35m[WD Proxy]&amp#27;[39m Got response with status 200: {"sessionId":"997a9288-92d3-4e25-813f-55acb27f291e","value":{"lastScrollData":{"toIndex":-1,"maxScrollY":2299,"maxScrollX":0,"scrollY":1179,"scrollX":0,"fromIndex":-1,"itemCount":-1}}}
[debug] &amp#27;[35m[W3C (937ebac4)]&amp#27;[39m Responding to client with driver.getSession() result: {"platform":"LINUX","webStorageEnabled":false,"takesScreenshot":true,"javascriptEnabled":true,"databaseEnabled":false,"networkConnectionEnabled":true,"locationContextEnabled":false,"warnings":{},"desired":{"platformName":"android","app":"./Resourses/in.workindia.apk","appActivity":"in.workindia.nileshdungarwal.workindiaandroid.RegisterActivity","appPackage":"in.workindia.nileshdungarwal.workindiaandroid","deviceName":"emulator-5554","platformVersion":"8.1"},"platformName":"android","app":"./Resourses/in.workindia.apk","appActivity":"in.workindia.nileshdungarwal.workindiaandroid.RegisterActivity","appPackage":"in.workindia.nileshdungarwal.workindiaandroid","deviceName":"emulator-5554","platformVersion":"8.1.0","deviceUDID":"emulator-5554","deviceApiLevel":27,"deviceScreenSize":"1080x2160","deviceScreenDensity":440,"deviceModel":"Android SDK built for x86","deviceManufacturer":"Google","pixelRatio":2.75,"statBarHeight":66,"viewportRect":{"left":0,"top":66,"width":1080,"height":1962},"lastScrollData":{"toInde...
&amp#27;[35m[HTTP]&amp#27;[39m &amp#27;[37m<-- GET /wd/hub/session/937ebac4-1fbd-4d9f-95d1-e813d5888f9d &amp#27;[39m&amp#27;[32m200&amp#27;[39m &amp#27;[90m12 ms - 1128&amp#27;[39m
&amp#27;[35m[HTTP]&amp#27;[39m &amp#27;[90m&amp#27;[39m
&amp#27;[35m[HTTP]&amp#27;[39m &amp#27;[37m-->&amp#27;[39m &amp#27;[37mPOST&amp#27;[39m &amp#27;[37m/wd/hub/session/937ebac4-1fbd-4d9f-95d1-e813d5888f9d/element&amp#27;[39m
&amp#27;[35m[HTTP]&amp#27;[39m &amp#27;[90m{"using":"id","value":"in.workindia.nileshdungarwal.workindiaandroid:id/btn_english"}&amp#27;[39m
[debug] &amp#27;[35m[W3C (937ebac4)]&amp#27;[39m Calling AppiumDriver.findElement() with args: ["id","in.workindia.nileshdungarwal.workindiaandroid:id/btn_english","937ebac4-1fbd-4d9f-95d1-e813d5888f9d"]
[debug] &amp#27;[35m[BaseDriver]&amp#27;[39m Valid locator strategies for this request: xpath, id, class name, accessibility id, css selector, -android uiautomator
[debug] &amp#27;[35m[BaseDriver]&amp#27;[39m Waiting up to 50000 ms for condition
[debug] &amp#27;[35m[WD Proxy]&amp#27;[39m Matched '/element' to command name 'findElement'
[debug] &amp#27;[35m[WD Proxy]&amp#27;[39m Proxying [POST /element] to [POST http://127.0.0.1:8202/wd/hub/session/997a9288-92d3-4e25-813f-55acb27f291e/element] with body: {"strategy":"id","selector":"in.workindia.nileshdungarwal.workindiaandroid:id/btn_english","context":"","multiple":false}
&amp#27;[35m[WD Proxy]&amp#27;[39m Got response with status 404: {"sessionId":"997a9288-92d3-4e25-813f-55acb27f291e","value":{"error":"no such element","message":"An element could not be located on the page using the given search parameters","stacktrace":"io.appium.uiautomator2.common.exceptions.ElementNotFoundException: An element could not be located on the page using the given search parameters\n\tat io.appium.uiautomator2.handler.FindElement.safeHandle(FindElement.java:73)\n\tat io.appium.uiautomator2.handler.request.SafeRequestHandler.handle(SafeRequestHandler.java:41)\n\tat io.appium.uiautomator2.server.AppiumServlet.handleRequest(AppiumServlet.java:261)\n\tat io.appium.uiautomator2.server.AppiumServlet.handleHttpRequest(AppiumServlet.java:255)\n\tat io.appium.uiautomator2.http.ServerHandler.channelRead(ServerHandler.java:68)\n\tat io.netty.channel.AbstractChannelHandlerContext.invokeChannelRead(AbstractChannelHandlerContext.java:366)\n\tat io.netty.channel.AbstractChannelHandlerContext.invokeChannelRead(AbstractChannelHandlerContext.java:352)\n\tat io.netty.chann...
[debug] &amp#27;[35m[W3C]&amp#27;[39m Matched W3C error code 'no such element' to NoSuchElementError
[debug] &amp#27;[35m[BaseDriver]&amp#27;[39m Waited for 53 ms so far
[debug] &amp#27;[35m[WD Proxy]&amp#27;[39m Matched '/element' to command name 'findElement'
[debug] &amp#27;[35m[WD Proxy]&amp#27;[39m Proxying [POST /element] to [POST http://127.0.0.1:8202/wd/hub/session/997a9288-92d3-4e25-813f-55acb27f291e/element] with body: {"strategy":"id","selector":"in.workindia.nileshdungarwal.workindiaandroid:id/btn_english","context":"","multiple":false}
[debug] &amp#27;[35m[WD Proxy]&amp#27;[39m Got response with status 200: {"sessionId":"997a9288-92d3-4e25-813f-55acb27f291e","value":{"ELEMENT":"60f7f1ff-d70e-44f1-af69-fb4306b3b20e","element-6066-11e4-a52e-4f735466cecf":"60f7f1ff-d70e-44f1-af69-fb4306b3b20e"}}
[debug] &amp#27;[35m[W3C (937ebac4)]&amp#27;[39m Responding to client with driver.findElement() result: {"element-6066-11e4-a52e-4f735466cecf":"60f7f1ff-d70e-44f1-af69-fb4306b3b20e","ELEMENT":"60f7f1ff-d70e-44f1-af69-fb4306b3b20e"}
&amp#27;[35m[HTTP]&amp#27;[39m &amp#27;[37m<-- POST /wd/hub/session/937ebac4-1fbd-4d9f-95d1-e813d5888f9d/element &amp#27;[39m&amp#27;[32m200&amp#27;[39m &amp#27;[90m1535 ms - 137&amp#27;[39m
&amp#27;[35m[HTTP]&amp#27;[39m &amp#27;[90m&amp#27;[39m
&amp#27;[35m[HTTP]&amp#27;[39m &amp#27;[37m-->&amp#27;[39m &amp#27;[37mPOST&amp#27;[39m &amp#27;[37m/wd/hub/session/937ebac4-1fbd-4d9f-95d1-e813d5888f9d/element/60f7f1ff-d70e-44f1-af69-fb4306b3b20e/click&amp#27;[39m
&amp#27;[35m[HTTP]&amp#27;[39m &amp#27;[90m{"id":"60f7f1ff-d70e-44f1-af69-fb4306b3b20e"}&amp#27;[39m
[debug] &amp#27;[35m[W3C (937ebac4)]&amp#27;[39m Calling AppiumDriver.click() with args: ["60f7f1ff-d70e-44f1-af69-fb4306b3b20e","937ebac4-1fbd-4d9f-95d1-e813d5888f9d"]
[debug] &amp#27;[35m[WD Proxy]&amp#27;[39m Matched '/element/60f7f1ff-d70e-44f1-af69-fb4306b3b20e/click' to command name 'click'
[debug] &amp#27;[35m[WD Proxy]&amp#27;[39m Proxying [POST /element/60f7f1ff-d70e-44f1-af69-fb4306b3b20e/click] to [POST http://127.0.0.1:8202/wd/hub/session/997a9288-92d3-4e25-813f-55acb27f291e/element/60f7f1ff-d70e-44f1-af69-fb4306b3b20e/click] with body: {"element":"60f7f1ff-d70e-44f1-af69-fb4306b3b20e"}
[debug] &amp#27;[35m[WD Proxy]&amp#27;[39m Got response with status 200: {"sessionId":"997a9288-92d3-4e25-813f-55acb27f291e","value":null}
[debug] &amp#27;[35m[W3C (937ebac4)]&amp#27;[39m Responding to client with driver.click() result: null
&amp#27;[35m[HTTP]&amp#27;[39m &amp#27;[37m<-- POST /wd/hub/session/937ebac4-1fbd-4d9f-95d1-e813d5888f9d/element/60f7f1ff-d70e-44f1-af69-fb4306b3b20e/click &amp#27;[39m&amp#27;[32m200&amp#27;[39m &amp#27;[90m20 ms - 14&amp#27;[39m
&amp#27;[35m[HTTP]&amp#27;[39m &amp#27;[90m&amp#27;[39m
&amp#27;[35m[HTTP]&amp#27;[39m &amp#27;[37m-->&amp#27;[39m &amp#27;[37mPOST&amp#27;[39m &amp#27;[37m/wd/hub/session/937ebac4-1fbd-4d9f-95d1-e813d5888f9d/timeouts&amp#27;[39m
&amp#27;[35m[HTTP]&amp#27;[39m &amp#27;[90m{"implicit":50000}&amp#27;[39m
[debug] &amp#27;[35m[W3C (937ebac4)]&amp#27;[39m Calling AppiumDriver.timeouts() with args: [null,null,null,null,50000,"937ebac4-1fbd-4d9f-95d1-e813d5888f9d"]
[debug] &amp#27;[35m[BaseDriver]&amp#27;[39m W3C timeout argument: {"implicit":50000}}
[debug] &amp#27;[35m[BaseDriver]&amp#27;[39m Set implicit wait to 50000ms
[debug] &amp#27;[35m[W3C (937ebac4)]&amp#27;[39m Responding to client with driver.timeouts() result: null
&amp#27;[35m[HTTP]&amp#27;[39m &amp#27;[37m<-- POST /wd/hub/session/937ebac4-1fbd-4d9f-95d1-e813d5888f9d/timeouts &amp#27;[39m&amp#27;[32m200&amp#27;[39m &amp#27;[90m2 ms - 14&amp#27;[39m
&amp#27;[35m[HTTP]&amp#27;[39m &amp#27;[90m&amp#27;[39m
&amp#27;[35m[HTTP]&amp#27;[39m &amp#27;[37m-->&amp#27;[39m &amp#27;[37mGET&amp#27;[39m &amp#27;[37m/wd/hub/session/937ebac4-1fbd-4d9f-95d1-e813d5888f9d&amp#27;[39m
&amp#27;[35m[HTTP]&amp#27;[39m &amp#27;[90m{}&amp#27;[39m
[debug] &amp#27;[35m[W3C (937ebac4)]&amp#27;[39m Calling AppiumDriver.getSession() with args: ["937ebac4-1fbd-4d9f-95d1-e813d5888f9d"]
[debug] &amp#27;[35m[UiAutomator2]&amp#27;[39m Getting session details from server to mix in
[debug] &amp#27;[35m[WD Proxy]&amp#27;[39m Matched '/' to command name 'getSession'
[debug] &amp#27;[35m[WD Proxy]&amp#27;[39m Proxying [GET /] to [GET http://127.0.0.1:8202/wd/hub/session/997a9288-92d3-4e25-813f-55acb27f291e] with no body
[debug] &amp#27;[35m[WD Proxy]&amp#27;[39m Got response with status 200: {"sessionId":"997a9288-92d3-4e25-813f-55acb27f291e","value":{"lastScrollData":{"toIndex":-1,"maxScrollY":2299,"maxScrollX":0,"scrollY":1179,"scrollX":0,"fromIndex":-1,"itemCount":-1}}}
[debug] &amp#27;[35m[W3C (937ebac4)]&amp#27;[39m Responding to client with driver.getSession() result: {"platform":"LINUX","webStorageEnabled":false,"takesScreenshot":true,"javascriptEnabled":true,"databaseEnabled":false,"networkConnectionEnabled":true,"locationContextEnabled":false,"warnings":{},"desired":{"platformName":"android","app":"./Resourses/in.workindia.apk","appActivity":"in.workindia.nileshdungarwal.workindiaandroid.RegisterActivity","appPackage":"in.workindia.nileshdungarwal.workindiaandroid","deviceName":"emulator-5554","platformVersion":"8.1"},"platformName":"android","app":"./Resourses/in.workindia.apk","appActivity":"in.workindia.nileshdungarwal.workindiaandroid.RegisterActivity","appPackage":"in.workindia.nileshdungarwal.workindiaandroid","deviceName":"emulator-5554","platformVersion":"8.1.0","deviceUDID":"emulator-5554","deviceApiLevel":27,"deviceScreenSize":"1080x2160","deviceScreenDensity":440,"deviceModel":"Android SDK built for x86","deviceManufacturer":"Google","pixelRatio":2.75,"statBarHeight":66,"viewportRect":{"left":0,"top":66,"width":1080,"height":1962},"lastScrollData":{"toInde...
&amp#27;[35m[HTTP]&amp#27;[39m &amp#27;[37m<-- GET /wd/hub/session/937ebac4-1fbd-4d9f-95d1-e813d5888f9d &amp#27;[39m&amp#27;[32m200&amp#27;[39m &amp#27;[90m11 ms - 1128&amp#27;[39m
&amp#27;[35m[HTTP]&amp#27;[39m &amp#27;[90m&amp#27;[39m
&amp#27;[35m[HTTP]&amp#27;[39m &amp#27;[37m-->&amp#27;[39m &amp#27;[37mGET&amp#27;[39m &amp#27;[37m/wd/hub/session/937ebac4-1fbd-4d9f-95d1-e813d5888f9d&amp#27;[39m
&amp#27;[35m[HTTP]&amp#27;[39m &amp#27;[90m{}&amp#27;[39m
[debug] &amp#27;[35m[W3C (937ebac4)]&amp#27;[39m Calling AppiumDriver.getSession() with args: ["937ebac4-1fbd-4d9f-95d1-e813d5888f9d"]
[debug] &amp#27;[35m[UiAutomator2]&amp#27;[39m Getting session details from server to mix in
[debug] &amp#27;[35m[WD Proxy]&amp#27;[39m Matched '/' to command name 'getSession'
[debug] &amp#27;[35m[WD Proxy]&amp#27;[39m Proxying [GET /] to [GET http://127.0.0.1:8202/wd/hub/session/997a9288-92d3-4e25-813f-55acb27f291e] with no body
[debug] &amp#27;[35m[WD Proxy]&amp#27;[39m Got response with status 200: {"sessionId":"997a9288-92d3-4e25-813f-55acb27f291e","value":{"lastScrollData":{"toIndex":-1,"maxScrollY":2299,"maxScrollX":0,"scrollY":1179,"scrollX":0,"fromIndex":-1,"itemCount":-1}}}
[debug] &amp#27;[35m[W3C (937ebac4)]&amp#27;[39m Responding to client with driver.getSession() result: {"platform":"LINUX","webStorageEnabled":false,"takesScreenshot":true,"javascriptEnabled":true,"databaseEnabled":false,"networkConnectionEnabled":true,"locationContextEnabled":false,"warnings":{},"desired":{"platformName":"android","app":"./Resourses/in.workindia.apk","appActivity":"in.workindia.nileshdungarwal.workindiaandroid.RegisterActivity","appPackage":"in.workindia.nileshdungarwal.workindiaandroid","deviceName":"emulator-5554","platformVersion":"8.1"},"platformName":"android","app":"./Resourses/in.workindia.apk","appActivity":"in.workindia.nileshdungarwal.workindiaandroid.RegisterActivity","appPackage":"in.workindia.nileshdungarwal.workindiaandroid","deviceName":"emulator-5554","platformVersion":"8.1.0","deviceUDID":"emulator-5554","deviceApiLevel":27,"deviceScreenSize":"1080x2160","deviceScreenDensity":440,"deviceModel":"Android SDK built for x86","deviceManufacturer":"Google","pixelRatio":2.75,"statBarHeight":66,"viewportRect":{"left":0,"top":66,"width":1080,"height":1962},"lastScrollData":{"toInde...
&amp#27;[35m[HTTP]&amp#27;[39m &amp#27;[37m<-- GET /wd/hub/session/937ebac4-1fbd-4d9f-95d1-e813d5888f9d &amp#27;[39m&amp#27;[32m200&amp#27;[39m &amp#27;[90m15 ms - 1128&amp#27;[39m
&amp#27;[35m[HTTP]&amp#27;[39m &amp#27;[90m&amp#27;[39m
&amp#27;[35m[HTTP]&amp#27;[39m &amp#27;[37m-->&amp#27;[39m &amp#27;[37mGET&amp#27;[39m &amp#27;[37m/wd/hub/session/937ebac4-1fbd-4d9f-95d1-e813d5888f9d&amp#27;[39m
&amp#27;[35m[HTTP]&amp#27;[39m &amp#27;[90m{}&amp#27;[39m
[debug] &amp#27;[35m[W3C (937ebac4)]&amp#27;[39m Calling AppiumDriver.getSession() with args: ["937ebac4-1fbd-4d9f-95d1-e813d5888f9d"]
[debug] &amp#27;[35m[UiAutomator2]&amp#27;[39m Getting session details from server to mix in
[debug] &amp#27;[35m[WD Proxy]&amp#27;[39m Matched '/' to command name 'getSession'
[debug] &amp#27;[35m[WD Proxy]&amp#27;[39m Proxying [GET /] to [GET http://127.0.0.1:8202/wd/hub/session/997a9288-92d3-4e25-813f-55acb27f291e] with no body
[debug] &amp#27;[35m[WD Proxy]&amp#27;[39m Got response with status 200: {"sessionId":"997a9288-92d3-4e25-813f-55acb27f291e","value":{"lastScrollData":{"toIndex":-1,"maxScrollY":2299,"maxScrollX":0,"scrollY":1179,"scrollX":0,"fromIndex":-1,"itemCount":-1}}}
[debug] &amp#27;[35m[W3C (937ebac4)]&amp#27;[39m Responding to client with driver.getSession() result: {"platform":"LINUX","webStorageEnabled":false,"takesScreenshot":true,"javascriptEnabled":true,"databaseEnabled":false,"networkConnectionEnabled":true,"locationContextEnabled":false,"warnings":{},"desired":{"platformName":"android","app":"./Resourses/in.workindia.apk","appActivity":"in.workindia.nileshdungarwal.workindiaandroid.RegisterActivity","appPackage":"in.workindia.nileshdungarwal.workindiaandroid","deviceName":"emulator-5554","platformVersion":"8.1"},"platformName":"android","app":"./Resourses/in.workindia.apk","appActivity":"in.workindia.nileshdungarwal.workindiaandroid.RegisterActivity","appPackage":"in.workindia.nileshdungarwal.workindiaandroid","deviceName":"emulator-5554","platformVersion":"8.1.0","deviceUDID":"emulator-5554","deviceApiLevel":27,"deviceScreenSize":"1080x2160","deviceScreenDensity":440,"deviceModel":"Android SDK built for x86","deviceManufacturer":"Google","pixelRatio":2.75,"statBarHeight":66,"viewportRect":{"left":0,"top":66,"width":1080,"height":1962},"lastScrollData":{"toInde...
&amp#27;[35m[HTTP]&amp#27;[39m &amp#27;[37m<-- GET /wd/hub/session/937ebac4-1fbd-4d9f-95d1-e813d5888f9d &amp#27;[39m&amp#27;[32m200&amp#27;[39m &amp#27;[90m19 ms - 1128&amp#27;[39m
&amp#27;[35m[HTTP]&amp#27;[39m &amp#27;[90m&amp#27;[39m
&amp#27;[35m[HTTP]&amp#27;[39m &amp#27;[37m-->&amp#27;[39m &amp#27;[37mPOST&amp#27;[39m &amp#27;[37m/wd/hub/session/937ebac4-1fbd-4d9f-95d1-e813d5888f9d/element&amp#27;[39m
&amp#27;[35m[HTTP]&amp#27;[39m &amp#27;[90m{"using":"id","value":"in.workindia.nileshdungarwal.workindiaandroid:id/navigation_ham_menu"}&amp#27;[39m
[debug] &amp#27;[35m[W3C (937ebac4)]&amp#27;[39m Calling AppiumDriver.findElement() with args: ["id","in.workindia.nileshdungarwal.workindiaandroid:id/navigation_ham_menu","937ebac4-1fbd-4d9f-95d1-e813d5888f9d"]
[debug] &amp#27;[35m[BaseDriver]&amp#27;[39m Valid locator strategies for this request: xpath, id, class name, accessibility id, css selector, -android uiautomator
[debug] &amp#27;[35m[BaseDriver]&amp#27;[39m Waiting up to 50000 ms for condition
[debug] &amp#27;[35m[WD Proxy]&amp#27;[39m Matched '/element' to command name 'findElement'
[debug] &amp#27;[35m[WD Proxy]&amp#27;[39m Proxying [POST /element] to [POST http://127.0.0.1:8202/wd/hub/session/997a9288-92d3-4e25-813f-55acb27f291e/element] with body: {"strategy":"id","selector":"in.workindia.nileshdungarwal.workindiaandroid:id/navigation_ham_menu","context":"","multiple":false}
&amp#27;[35m[WD Proxy]&amp#27;[39m Got response with status 404: {"sessionId":"997a9288-92d3-4e25-813f-55acb27f291e","value":{"error":"no such element","message":"An element could not be located on the page using the given search parameters","stacktrace":"io.appium.uiautomator2.common.exceptions.ElementNotFoundException: An element could not be located on the page using the given search parameters\n\tat io.appium.uiautomator2.handler.FindElement.safeHandle(FindElement.java:73)\n\tat io.appium.uiautomator2.handler.request.SafeRequestHandler.handle(SafeRequestHandler.java:41)\n\tat io.appium.uiautomator2.server.AppiumServlet.handleRequest(AppiumServlet.java:261)\n\tat io.appium.uiautomator2.server.AppiumServlet.handleHttpRequest(AppiumServlet.java:255)\n\tat io.appium.uiautomator2.http.ServerHandler.channelRead(ServerHandler.java:68)\n\tat io.netty.channel.AbstractChannelHandlerContext.invokeChannelRead(AbstractChannelHandlerContext.java:366)\n\tat io.netty.channel.AbstractChannelHandlerContext.invokeChannelRead(AbstractChannelHandlerContext.java:352)\n\tat io.netty.chann...
[debug] &amp#27;[35m[W3C]&amp#27;[39m Matched W3C error code 'no such element' to NoSuchElementError
[debug] &amp#27;[35m[BaseDriver]&amp#27;[39m Waited for 56 ms so far
[debug] &amp#27;[35m[WD Proxy]&amp#27;[39m Matched '/element' to command name 'findElement'
[debug] &amp#27;[35m[WD Proxy]&amp#27;[39m Proxying [POST /element] to [POST http://127.0.0.1:8202/wd/hub/session/997a9288-92d3-4e25-813f-55acb27f291e/element] with body: {"strategy":"id","selector":"in.workindia.nileshdungarwal.workindiaandroid:id/navigation_ham_menu","context":"","multiple":false}
[debug] &amp#27;[35m[WD Proxy]&amp#27;[39m Got response with status 200: {"sessionId":"997a9288-92d3-4e25-813f-55acb27f291e","value":{"ELEMENT":"e549e1d2-bd07-4b93-8dea-f23f7e8f86bc","element-6066-11e4-a52e-4f735466cecf":"e549e1d2-bd07-4b93-8dea-f23f7e8f86bc"}}
[debug] &amp#27;[35m[W3C (937ebac4)]&amp#27;[39m Responding to client with driver.findElement() result: {"element-6066-11e4-a52e-4f735466cecf":"e549e1d2-bd07-4b93-8dea-f23f7e8f86bc","ELEMENT":"e549e1d2-bd07-4b93-8dea-f23f7e8f86bc"}
&amp#27;[35m[HTTP]&amp#27;[39m &amp#27;[37m<-- POST /wd/hub/session/937ebac4-1fbd-4d9f-95d1-e813d5888f9d/element &amp#27;[39m&amp#27;[32m200&amp#27;[39m &amp#27;[90m1686 ms - 137&amp#27;[39m
&amp#27;[35m[HTTP]&amp#27;[39m &amp#27;[90m&amp#27;[39m
&amp#27;[35m[HTTP]&amp#27;[39m &amp#27;[37m-->&amp#27;[39m &amp#27;[37mPOST&amp#27;[39m &amp#27;[37m/wd/hub/session/937ebac4-1fbd-4d9f-95d1-e813d5888f9d/element/e549e1d2-bd07-4b93-8dea-f23f7e8f86bc/click&amp#27;[39m
&amp#27;[35m[HTTP]&amp#27;[39m &amp#27;[90m{"id":"e549e1d2-bd07-4b93-8dea-f23f7e8f86bc"}&amp#27;[39m
[debug] &amp#27;[35m[W3C (937ebac4)]&amp#27;[39m Calling AppiumDriver.click() with args: ["e549e1d2-bd07-4b93-8dea-f23f7e8f86bc","937ebac4-1fbd-4d9f-95d1-e813d5888f9d"]
[debug] &amp#27;[35m[WD Proxy]&amp#27;[39m Matched '/element/e549e1d2-bd07-4b93-8dea-f23f7e8f86bc/click' to command name 'click'
[debug] &amp#27;[35m[WD Proxy]&amp#27;[39m Proxying [POST /element/e549e1d2-bd07-4b93-8dea-f23f7e8f86bc/click] to [POST http://127.0.0.1:8202/wd/hub/session/997a9288-92d3-4e25-813f-55acb27f291e/element/e549e1d2-bd07-4b93-8dea-f23f7e8f86bc/click] with body: {"element":"e549e1d2-bd07-4b93-8dea-f23f7e8f86bc"}
[debug] &amp#27;[35m[WD Proxy]&amp#27;[39m Got response with status 200: {"sessionId":"997a9288-92d3-4e25-813f-55acb27f291e","value":null}
[debug] &amp#27;[35m[W3C (937ebac4)]&amp#27;[39m Responding to client with driver.click() result: null
&amp#27;[35m[HTTP]&amp#27;[39m &amp#27;[37m<-- POST /wd/hub/session/937ebac4-1fbd-4d9f-95d1-e813d5888f9d/element/e549e1d2-bd07-4b93-8dea-f23f7e8f86bc/click &amp#27;[39m&amp#27;[32m200&amp#27;[39m &amp#27;[90m20 ms - 14&amp#27;[39m
&amp#27;[35m[HTTP]&amp#27;[39m &amp#27;[90m&amp#27;[39m
&amp#27;[35m[HTTP]&amp#27;[39m &amp#27;[37m-->&amp#27;[39m &amp#27;[37mPOST&amp#27;[39m &amp#27;[37m/wd/hub/session/937ebac4-1fbd-4d9f-95d1-e813d5888f9d/timeouts&amp#27;[39m
&amp#27;[35m[HTTP]&amp#27;[39m &amp#27;[90m{"implicit":50000}&amp#27;[39m
[debug] &amp#27;[35m[W3C (937ebac4)]&amp#27;[39m Calling AppiumDriver.timeouts() with args: [null,null,null,null,50000,"937ebac4-1fbd-4d9f-95d1-e813d5888f9d"]
[debug] &amp#27;[35m[BaseDriver]&amp#27;[39m W3C timeout argument: {"implicit":50000}}
[debug] &amp#27;[35m[BaseDriver]&amp#27;[39m Set implicit wait to 50000ms
[debug] &amp#27;[35m[W3C (937ebac4)]&amp#27;[39m Responding to client with driver.timeouts() result: null
&amp#27;[35m[HTTP]&amp#27;[39m &amp#27;[37m<-- POST /wd/hub/session/937ebac4-1fbd-4d9f-95d1-e813d5888f9d/timeouts &amp#27;[39m&amp#27;[32m200&amp#27;[39m &amp#27;[90m5 ms - 14&amp#27;[39m
&amp#27;[35m[HTTP]&amp#27;[39m &amp#27;[90m&amp#27;[39m
&amp#27;[35m[HTTP]&amp#27;[39m &amp#27;[37m-->&amp#27;[39m &amp#27;[37mGET&amp#27;[39m &amp#27;[37m/wd/hub/session/937ebac4-1fbd-4d9f-95d1-e813d5888f9d&amp#27;[39m
&amp#27;[35m[HTTP]&amp#27;[39m &amp#27;[90m{}&amp#27;[39m
[debug] &amp#27;[35m[W3C (937ebac4)]&amp#27;[39m Calling AppiumDriver.getSession() with args: ["937ebac4-1fbd-4d9f-95d1-e813d5888f9d"]
[debug] &amp#27;[35m[UiAutomator2]&amp#27;[39m Getting session details from server to mix in
[debug] &amp#27;[35m[WD Proxy]&amp#27;[39m Matched '/' to command name 'getSession'
[debug] &amp#27;[35m[WD Proxy]&amp#27;[39m Proxying [GET /] to [GET http://127.0.0.1:8202/wd/hub/session/997a9288-92d3-4e25-813f-55acb27f291e] with no body
[debug] &amp#27;[35m[WD Proxy]&amp#27;[39m Got response with status 200: {"sessionId":"997a9288-92d3-4e25-813f-55acb27f291e","value":{"lastScrollData":{"toIndex":-1,"maxScrollY":2299,"maxScrollX":0,"scrollY":1179,"scrollX":0,"fromIndex":-1,"itemCount":-1}}}
[debug] &amp#27;[35m[W3C (937ebac4)]&amp#27;[39m Responding to client with driver.getSession() result: {"platform":"LINUX","webStorageEnabled":false,"takesScreenshot":true,"javascriptEnabled":true,"databaseEnabled":false,"networkConnectionEnabled":true,"locationContextEnabled":false,"warnings":{},"desired":{"platformName":"android","app":"./Resourses/in.workindia.apk","appActivity":"in.workindia.nileshdungarwal.workindiaandroid.RegisterActivity","appPackage":"in.workindia.nileshdungarwal.workindiaandroid","deviceName":"emulator-5554","platformVersion":"8.1"},"platformName":"android","app":"./Resourses/in.workindia.apk","appActivity":"in.workindia.nileshdungarwal.workindiaandroid.RegisterActivity","appPackage":"in.workindia.nileshdungarwal.workindiaandroid","deviceName":"emulator-5554","platformVersion":"8.1.0","deviceUDID":"emulator-5554","deviceApiLevel":27,"deviceScreenSize":"1080x2160","deviceScreenDensity":440,"deviceModel":"Android SDK built for x86","deviceManufacturer":"Google","pixelRatio":2.75,"statBarHeight":66,"viewportRect":{"left":0,"top":66,"width":1080,"height":1962},"lastScrollData":{"toInde...
&amp#27;[35m[HTTP]&amp#27;[39m &amp#27;[37m<-- GET /wd/hub/session/937ebac4-1fbd-4d9f-95d1-e813d5888f9d &amp#27;[39m&amp#27;[32m200&amp#27;[39m &amp#27;[90m16 ms - 1128&amp#27;[39m
&amp#27;[35m[HTTP]&amp#27;[39m &amp#27;[90m&amp#27;[39m
&amp#27;[35m[HTTP]&amp#27;[39m &amp#27;[37m-->&amp#27;[39m &amp#27;[37mPOST&amp#27;[39m &amp#27;[37m/wd/hub/session/937ebac4-1fbd-4d9f-95d1-e813d5888f9d/element&amp#27;[39m
&amp#27;[35m[HTTP]&amp#27;[39m &amp#27;[90m{"using":"xpath","value":"//android.widget.LinearLayout[2]/android.widget.LinearLayout"}&amp#27;[39m
[debug] &amp#27;[35m[W3C (937ebac4)]&amp#27;[39m Calling AppiumDriver.findElement() with args: ["xpath","//android.widget.LinearLayout[2]/android.widget.LinearLayout","937ebac4-1fbd-4d9f-95d1-e813d5888f9d"]
[debug] &amp#27;[35m[BaseDriver]&amp#27;[39m Valid locator strategies for this request: xpath, id, class name, accessibility id, css selector, -android uiautomator
[debug] &amp#27;[35m[BaseDriver]&amp#27;[39m Waiting up to 50000 ms for condition
[debug] &amp#27;[35m[WD Proxy]&amp#27;[39m Matched '/element' to command name 'findElement'
[debug] &amp#27;[35m[WD Proxy]&amp#27;[39m Proxying [POST /element] to [POST http://127.0.0.1:8202/wd/hub/session/997a9288-92d3-4e25-813f-55acb27f291e/element] with body: {"strategy":"xpath","selector":"//android.widget.LinearLayout[2]/android.widget.LinearLayout","context":"","multiple":false}
[debug] &amp#27;[35m[WD Proxy]&amp#27;[39m Got response with status 200: {"sessionId":"997a9288-92d3-4e25-813f-55acb27f291e","value":{"ELEMENT":"cd237b5a-503d-48a8-801e-1995846d9236","element-6066-11e4-a52e-4f735466cecf":"cd237b5a-503d-48a8-801e-1995846d9236"}}
[debug] &amp#27;[35m[W3C (937ebac4)]&amp#27;[39m Responding to client with driver.findElement() result: {"element-6066-11e4-a52e-4f735466cecf":"cd237b5a-503d-48a8-801e-1995846d9236","ELEMENT":"cd237b5a-503d-48a8-801e-1995846d9236"}
&amp#27;[35m[HTTP]&amp#27;[39m &amp#27;[37m<-- POST /wd/hub/session/937ebac4-1fbd-4d9f-95d1-e813d5888f9d/element &amp#27;[39m&amp#27;[32m200&amp#27;[39m &amp#27;[90m906 ms - 137&amp#27;[39m
&amp#27;[35m[HTTP]&amp#27;[39m &amp#27;[90m&amp#27;[39m
&amp#27;[35m[HTTP]&amp#27;[39m &amp#27;[37m-->&amp#27;[39m &amp#27;[37mPOST&amp#27;[39m &amp#27;[37m/wd/hub/session/937ebac4-1fbd-4d9f-95d1-e813d5888f9d/element/cd237b5a-503d-48a8-801e-1995846d9236/click&amp#27;[39m
&amp#27;[35m[HTTP]&amp#27;[39m &amp#27;[90m{"id":"cd237b5a-503d-48a8-801e-1995846d9236"}&amp#27;[39m
[debug] &amp#27;[35m[W3C (937ebac4)]&amp#27;[39m Calling AppiumDriver.click() with args: ["cd237b5a-503d-48a8-801e-1995846d9236","937ebac4-1fbd-4d9f-95d1-e813d5888f9d"]
[debug] &amp#27;[35m[WD Proxy]&amp#27;[39m Matched '/element/cd237b5a-503d-48a8-801e-1995846d9236/click' to command name 'click'
[debug] &amp#27;[35m[WD Proxy]&amp#27;[39m Proxying [POST /element/cd237b5a-503d-48a8-801e-1995846d9236/click] to [POST http://127.0.0.1:8202/wd/hub/session/997a9288-92d3-4e25-813f-55acb27f291e/element/cd237b5a-503d-48a8-801e-1995846d9236/click] with body: {"element":"cd237b5a-503d-48a8-801e-1995846d9236"}
[debug] &amp#27;[35m[WD Proxy]&amp#27;[39m Got response with status 200: {"sessionId":"997a9288-92d3-4e25-813f-55acb27f291e","value":null}
[debug] &amp#27;[35m[W3C (937ebac4)]&amp#27;[39m Responding to client with driver.click() result: null
&amp#27;[35m[HTTP]&amp#27;[39m &amp#27;[37m<-- POST /wd/hub/session/937ebac4-1fbd-4d9f-95d1-e813d5888f9d/element/cd237b5a-503d-48a8-801e-1995846d9236/click &amp#27;[39m&amp#27;[32m200&amp#27;[39m &amp#27;[90m26 ms - 14&amp#27;[39m
&amp#27;[35m[HTTP]&amp#27;[39m &amp#27;[90m&amp#27;[39m
&amp#27;[35m[HTTP]&amp#27;[39m &amp#27;[37m-->&amp#27;[39m &amp#27;[37mPOST&amp#27;[39m &amp#27;[37m/wd/hub/session/937ebac4-1fbd-4d9f-95d1-e813d5888f9d/timeouts&amp#27;[39m
&amp#27;[35m[HTTP]&amp#27;[39m &amp#27;[90m{"implicit":50000}&amp#27;[39m
[debug] &amp#27;[35m[W3C (937ebac4)]&amp#27;[39m Calling AppiumDriver.timeouts() with args: [null,null,null,null,50000,"937ebac4-1fbd-4d9f-95d1-e813d5888f9d"]
[debug] &amp#27;[35m[BaseDriver]&amp#27;[39m W3C timeout argument: {"implicit":50000}}
[debug] &amp#27;[35m[BaseDriver]&amp#27;[39m Set implicit wait to 50000ms
[debug] &amp#27;[35m[W3C (937ebac4)]&amp#27;[39m Responding to client with driver.timeouts() result: null
&amp#27;[35m[HTTP]&amp#27;[39m &amp#27;[37m<-- POST /wd/hub/session/937ebac4-1fbd-4d9f-95d1-e813d5888f9d/timeouts &amp#27;[39m&amp#27;[32m200&amp#27;[39m &amp#27;[90m2 ms - 14&amp#27;[39m
&amp#27;[35m[HTTP]&amp#27;[39m &amp#27;[90m&amp#27;[39m
&amp#27;[35m[HTTP]&amp#27;[39m &amp#27;[37m-->&amp#27;[39m &amp#27;[37mGET&amp#27;[39m &amp#27;[37m/wd/hub/session/937ebac4-1fbd-4d9f-95d1-e813d5888f9d&amp#27;[39m
&amp#27;[35m[HTTP]&amp#27;[39m &amp#27;[90m{}&amp#27;[39m
[debug] &amp#27;[35m[W3C (937ebac4)]&amp#27;[39m Calling AppiumDriver.getSession() with args: ["937ebac4-1fbd-4d9f-95d1-e813d5888f9d"]
[debug] &amp#27;[35m[UiAutomator2]&amp#27;[39m Getting session details from server to mix in
[debug] &amp#27;[35m[WD Proxy]&amp#27;[39m Matched '/' to command name 'getSession'
[debug] &amp#27;[35m[WD Proxy]&amp#27;[39m Proxying [GET /] to [GET http://127.0.0.1:8202/wd/hub/session/997a9288-92d3-4e25-813f-55acb27f291e] with no body
[debug] &amp#27;[35m[WD Proxy]&amp#27;[39m Got response with status 200: {"sessionId":"997a9288-92d3-4e25-813f-55acb27f291e","value":{"lastScrollData":{"toIndex":-1,"maxScrollY":2299,"maxScrollX":0,"scrollY":1179,"scrollX":0,"fromIndex":-1,"itemCount":-1}}}
[debug] &amp#27;[35m[W3C (937ebac4)]&amp#27;[39m Responding to client with driver.getSession() result: {"platform":"LINUX","webStorageEnabled":false,"takesScreenshot":true,"javascriptEnabled":true,"databaseEnabled":false,"networkConnectionEnabled":true,"locationContextEnabled":false,"warnings":{},"desired":{"platformName":"android","app":"./Resourses/in.workindia.apk","appActivity":"in.workindia.nileshdungarwal.workindiaandroid.RegisterActivity","appPackage":"in.workindia.nileshdungarwal.workindiaandroid","deviceName":"emulator-5554","platformVersion":"8.1"},"platformName":"android","app":"./Resourses/in.workindia.apk","appActivity":"in.workindia.nileshdungarwal.workindiaandroid.RegisterActivity","appPackage":"in.workindia.nileshdungarwal.workindiaandroid","deviceName":"emulator-5554","platformVersion":"8.1.0","deviceUDID":"emulator-5554","deviceApiLevel":27,"deviceScreenSize":"1080x2160","deviceScreenDensity":440,"deviceModel":"Android SDK built for x86","deviceManufacturer":"Google","pixelRatio":2.75,"statBarHeight":66,"viewportRect":{"left":0,"top":66,"width":1080,"height":1962},"lastScrollData":{"toInde...
&amp#27;[35m[HTTP]&amp#27;[39m &amp#27;[37m<-- GET /wd/hub/session/937ebac4-1fbd-4d9f-95d1-e813d5888f9d &amp#27;[39m&amp#27;[32m200&amp#27;[39m &amp#27;[90m19 ms - 1128&amp#27;[39m
&amp#27;[35m[HTTP]&amp#27;[39m &amp#27;[90m&amp#27;[39m
&amp#27;[35m[HTTP]&amp#27;[39m &amp#27;[37m-->&amp#27;[39m &amp#27;[37mGET&amp#27;[39m &amp#27;[37m/wd/hub/session/937ebac4-1fbd-4d9f-95d1-e813d5888f9d&amp#27;[39m
&amp#27;[35m[HTTP]&amp#27;[39m &amp#27;[90m{}&amp#27;[39m
[debug] &amp#27;[35m[W3C (937ebac4)]&amp#27;[39m Calling AppiumDriver.getSession() with args: ["937ebac4-1fbd-4d9f-95d1-e813d5888f9d"]
[debug] &amp#27;[35m[UiAutomator2]&amp#27;[39m Getting session details from server to mix in
[debug] &amp#27;[35m[WD Proxy]&amp#27;[39m Matched '/' to command name 'getSession'
[debug] &amp#27;[35m[WD Proxy]&amp#27;[39m Proxying [GET /] to [GET http://127.0.0.1:8202/wd/hub/session/997a9288-92d3-4e25-813f-55acb27f291e] with no body
[debug] &amp#27;[35m[WD Proxy]&amp#27;[39m Got response with status 200: {"sessionId":"997a9288-92d3-4e25-813f-55acb27f291e","value":{"lastScrollData":{"toIndex":-1,"maxScrollY":2299,"maxScrollX":0,"scrollY":1179,"scrollX":0,"fromIndex":-1,"itemCount":-1}}}
[debug] &amp#27;[35m[W3C (937ebac4)]&amp#27;[39m Responding to client with driver.getSession() result: {"platform":"LINUX","webStorageEnabled":false,"takesScreenshot":true,"javascriptEnabled":true,"databaseEnabled":false,"networkConnectionEnabled":true,"locationContextEnabled":false,"warnings":{},"desired":{"platformName":"android","app":"./Resourses/in.workindia.apk","appActivity":"in.workindia.nileshdungarwal.workindiaandroid.RegisterActivity","appPackage":"in.workindia.nileshdungarwal.workindiaandroid","deviceName":"emulator-5554","platformVersion":"8.1"},"platformName":"android","app":"./Resourses/in.workindia.apk","appActivity":"in.workindia.nileshdungarwal.workindiaandroid.RegisterActivity","appPackage":"in.workindia.nileshdungarwal.workindiaandroid","deviceName":"emulator-5554","platformVersion":"8.1.0","deviceUDID":"emulator-5554","deviceApiLevel":27,"deviceScreenSize":"1080x2160","deviceScreenDensity":440,"deviceModel":"Android SDK built for x86","deviceManufacturer":"Google","pixelRatio":2.75,"statBarHeight":66,"viewportRect":{"left":0,"top":66,"width":1080,"height":1962},"lastScrollData":{"toInde...
&amp#27;[35m[HTTP]&amp#27;[39m &amp#27;[37m<-- GET /wd/hub/session/937ebac4-1fbd-4d9f-95d1-e813d5888f9d &amp#27;[39m&amp#27;[32m200&amp#27;[39m &amp#27;[90m18 ms - 1128&amp#27;[39m
&amp#27;[35m[HTTP]&amp#27;[39m &amp#27;[90m&amp#27;[39m
&amp#27;[35m[HTTP]&amp#27;[39m &amp#27;[37m-->&amp#27;[39m &amp#27;[37mGET&amp#27;[39m &amp#27;[37m/wd/hub/session/937ebac4-1fbd-4d9f-95d1-e813d5888f9d&amp#27;[39m
&amp#27;[35m[HTTP]&amp#27;[39m &amp#27;[90m{}&amp#27;[39m
[debug] &amp#27;[35m[W3C (937ebac4)]&amp#27;[39m Calling AppiumDriver.getSession() with args: ["937ebac4-1fbd-4d9f-95d1-e813d5888f9d"]
[debug] &amp#27;[35m[UiAutomator2]&amp#27;[39m Getting session details from server to mix in
[debug] &amp#27;[35m[WD Proxy]&amp#27;[39m Matched '/' to command name 'getSession'
[debug] &amp#27;[35m[WD Proxy]&amp#27;[39m Proxying [GET /] to [GET http://127.0.0.1:8202/wd/hub/session/997a9288-92d3-4e25-813f-55acb27f291e] with no body
[debug] &amp#27;[35m[WD Proxy]&amp#27;[39m Got response with status 200: {"sessionId":"997a9288-92d3-4e25-813f-55acb27f291e","value":{"lastScrollData":{"toIndex":-1,"maxScrollY":2299,"maxScrollX":0,"scrollY":1179,"scrollX":0,"fromIndex":-1,"itemCount":-1}}}
[debug] &amp#27;[35m[W3C (937ebac4)]&amp#27;[39m Responding to client with driver.getSession() result: {"platform":"LINUX","webStorageEnabled":false,"takesScreenshot":true,"javascriptEnabled":true,"databaseEnabled":false,"networkConnectionEnabled":true,"locationContextEnabled":false,"warnings":{},"desired":{"platformName":"android","app":"./Resourses/in.workindia.apk","appActivity":"in.workindia.nileshdungarwal.workindiaandroid.RegisterActivity","appPackage":"in.workindia.nileshdungarwal.workindiaandroid","deviceName":"emulator-5554","platformVersion":"8.1"},"platformName":"android","app":"./Resourses/in.workindia.apk","appActivity":"in.workindia.nileshdungarwal.workindiaandroid.RegisterActivity","appPackage":"in.workindia.nileshdungarwal.workindiaandroid","deviceName":"emulator-5554","platformVersion":"8.1.0","deviceUDID":"emulator-5554","deviceApiLevel":27,"deviceScreenSize":"1080x2160","deviceScreenDensity":440,"deviceModel":"Android SDK built for x86","deviceManufacturer":"Google","pixelRatio":2.75,"statBarHeight":66,"viewportRect":{"left":0,"top":66,"width":1080,"height":1962},"lastScrollData":{"toInde...
&amp#27;[35m[HTTP]&amp#27;[39m &amp#27;[37m<-- GET /wd/hub/session/937ebac4-1fbd-4d9f-95d1-e813d5888f9d &amp#27;[39m&amp#27;[32m200&amp#27;[39m &amp#27;[90m20 ms - 1128&amp#27;[39m
&amp#27;[35m[HTTP]&amp#27;[39m &amp#27;[90m&amp#27;[39m
&amp#27;[35m[HTTP]&amp#27;[39m &amp#27;[37m-->&amp#27;[39m &amp#27;[37mPOST&amp#27;[39m &amp#27;[37m/wd/hub/session/937ebac4-1fbd-4d9f-95d1-e813d5888f9d/element&amp#27;[39m
&amp#27;[35m[HTTP]&amp#27;[39m &amp#27;[90m{"using":"id","value":"in.workindia.nileshdungarwal.workindiaandroid:id/ll_qualification"}&amp#27;[39m
[debug] &amp#27;[35m[W3C (937ebac4)]&amp#27;[39m Calling AppiumDriver.findElement() with args: ["id","in.workindia.nileshdungarwal.workindiaandroid:id/ll_qualification","937ebac4-1fbd-4d9f-95d1-e813d5888f9d"]
[debug] &amp#27;[35m[BaseDriver]&amp#27;[39m Valid locator strategies for this request: xpath, id, class name, accessibility id, css selector, -android uiautomator
[debug] &amp#27;[35m[BaseDriver]&amp#27;[39m Waiting up to 50000 ms for condition
[debug] &amp#27;[35m[WD Proxy]&amp#27;[39m Matched '/element' to command name 'findElement'
[debug] &amp#27;[35m[WD Proxy]&amp#27;[39m Proxying [POST /element] to [POST http://127.0.0.1:8202/wd/hub/session/997a9288-92d3-4e25-813f-55acb27f291e/element] with body: {"strategy":"id","selector":"in.workindia.nileshdungarwal.workindiaandroid:id/ll_qualification","context":"","multiple":false}
&amp#27;[35m[WD Proxy]&amp#27;[39m Got response with status 404: {"sessionId":"997a9288-92d3-4e25-813f-55acb27f291e","value":{"error":"no such element","message":"An element could not be located on the page using the given search parameters","stacktrace":"io.appium.uiautomator2.common.exceptions.ElementNotFoundException: An element could not be located on the page using the given search parameters\n\tat io.appium.uiautomator2.handler.FindElement.safeHandle(FindElement.java:73)\n\tat io.appium.uiautomator2.handler.request.SafeRequestHandler.handle(SafeRequestHandler.java:41)\n\tat io.appium.uiautomator2.server.AppiumServlet.handleRequest(AppiumServlet.java:261)\n\tat io.appium.uiautomator2.server.AppiumServlet.handleHttpRequest(AppiumServlet.java:255)\n\tat io.appium.uiautomator2.http.ServerHandler.channelRead(ServerHandler.java:68)\n\tat io.netty.channel.AbstractChannelHandlerContext.invokeChannelRead(AbstractChannelHandlerContext.java:366)\n\tat io.netty.channel.AbstractChannelHandlerContext.invokeChannelRead(AbstractChannelHandlerContext.java:352)\n\tat io.netty.chann...
[debug] &amp#27;[35m[W3C]&amp#27;[39m Matched W3C error code 'no such element' to NoSuchElementError
[debug] &amp#27;[35m[BaseDriver]&amp#27;[39m Waited for 795 ms so far
[debug] &amp#27;[35m[WD Proxy]&amp#27;[39m Matched '/element' to command name 'findElement'
[debug] &amp#27;[35m[WD Proxy]&amp#27;[39m Proxying [POST /element] to [POST http://127.0.0.1:8202/wd/hub/session/997a9288-92d3-4e25-813f-55acb27f291e/element] with body: {"strategy":"id","selector":"in.workindia.nileshdungarwal.workindiaandroid:id/ll_qualification","context":"","multiple":false}
[debug] &amp#27;[35m[WD Proxy]&amp#27;[39m Got response with status 200: {"sessionId":"997a9288-92d3-4e25-813f-55acb27f291e","value":{"ELEMENT":"6b8abb56-827b-44f1-928b-206f0aa22872","element-6066-11e4-a52e-4f735466cecf":"6b8abb56-827b-44f1-928b-206f0aa22872"}}
[debug] &amp#27;[35m[W3C (937ebac4)]&amp#27;[39m Responding to client with driver.findElement() result: {"element-6066-11e4-a52e-4f735466cecf":"6b8abb56-827b-44f1-928b-206f0aa22872","ELEMENT":"6b8abb56-827b-44f1-928b-206f0aa22872"}
&amp#27;[35m[HTTP]&amp#27;[39m &amp#27;[37m<-- POST /wd/hub/session/937ebac4-1fbd-4d9f-95d1-e813d5888f9d/element &amp#27;[39m&amp#27;[32m200&amp#27;[39m &amp#27;[90m1485 ms - 137&amp#27;[39m
&amp#27;[35m[HTTP]&amp#27;[39m &amp#27;[90m&amp#27;[39m
&amp#27;[35m[HTTP]&amp#27;[39m &amp#27;[37m-->&amp#27;[39m &amp#27;[37mPOST&amp#27;[39m &amp#27;[37m/wd/hub/session/937ebac4-1fbd-4d9f-95d1-e813d5888f9d/element/6b8abb56-827b-44f1-928b-206f0aa22872/click&amp#27;[39m
&amp#27;[35m[HTTP]&amp#27;[39m &amp#27;[90m{"id":"6b8abb56-827b-44f1-928b-206f0aa22872"}&amp#27;[39m
[debug] &amp#27;[35m[W3C (937ebac4)]&amp#27;[39m Calling AppiumDriver.click() with args: ["6b8abb56-827b-44f1-928b-206f0aa22872","937ebac4-1fbd-4d9f-95d1-e813d5888f9d"]
[debug] &amp#27;[35m[WD Proxy]&amp#27;[39m Matched '/element/6b8abb56-827b-44f1-928b-206f0aa22872/click' to command name 'click'
[debug] &amp#27;[35m[WD Proxy]&amp#27;[39m Proxying [POST /element/6b8abb56-827b-44f1-928b-206f0aa22872/click] to [POST http://127.0.0.1:8202/wd/hub/session/997a9288-92d3-4e25-813f-55acb27f291e/element/6b8abb56-827b-44f1-928b-206f0aa22872/click] with body: {"element":"6b8abb56-827b-44f1-928b-206f0aa22872"}
[debug] &amp#27;[35m[WD Proxy]&amp#27;[39m Got response with status 200: {"sessionId":"997a9288-92d3-4e25-813f-55acb27f291e","value":null}
[debug] &amp#27;[35m[W3C (937ebac4)]&amp#27;[39m Responding to client with driver.click() result: null
&amp#27;[35m[HTTP]&amp#27;[39m &amp#27;[37m<-- POST /wd/hub/session/937ebac4-1fbd-4d9f-95d1-e813d5888f9d/element/6b8abb56-827b-44f1-928b-206f0aa22872/click &amp#27;[39m&amp#27;[32m200&amp#27;[39m &amp#27;[90m20 ms - 14&amp#27;[39m
&amp#27;[35m[HTTP]&amp#27;[39m &amp#27;[90m&amp#27;[39m
&amp#27;[35m[HTTP]&amp#27;[39m &amp#27;[37m-->&amp#27;[39m &amp#27;[37mPOST&amp#27;[39m &amp#27;[37m/wd/hub/session/937ebac4-1fbd-4d9f-95d1-e813d5888f9d/timeouts&amp#27;[39m
&amp#27;[35m[HTTP]&amp#27;[39m &amp#27;[90m{"implicit":50000}&amp#27;[39m
[debug] &amp#27;[35m[W3C (937ebac4)]&amp#27;[39m Calling AppiumDriver.timeouts() with args: [null,null,null,null,50000,"937ebac4-1fbd-4d9f-95d1-e813d5888f9d"]
[debug] &amp#27;[35m[BaseDriver]&amp#27;[39m W3C timeout argument: {"implicit":50000}}
[debug] &amp#27;[35m[BaseDriver]&amp#27;[39m Set implicit wait to 50000ms
[debug] &amp#27;[35m[W3C (937ebac4)]&amp#27;[39m Responding to client with driver.timeouts() result: null
&amp#27;[35m[HTTP]&amp#27;[39m &amp#27;[37m<-- POST /wd/hub/session/937ebac4-1fbd-4d9f-95d1-e813d5888f9d/timeouts &amp#27;[39m&amp#27;[32m200&amp#27;[39m &amp#27;[90m3 ms - 14&amp#27;[39m
&amp#27;[35m[HTTP]&amp#27;[39m &amp#27;[90m&amp#27;[39m
&amp#27;[35m[HTTP]&amp#27;[39m &amp#27;[37m-->&amp#27;[39m &amp#27;[37mGET&amp#27;[39m &amp#27;[37m/wd/hub/session/937ebac4-1fbd-4d9f-95d1-e813d5888f9d&amp#27;[39m
&amp#27;[35m[HTTP]&amp#27;[39m &amp#27;[90m{}&amp#27;[39m
[debug] &amp#27;[35m[W3C (937ebac4)]&amp#27;[39m Calling AppiumDriver.getSession() with args: ["937ebac4-1fbd-4d9f-95d1-e813d5888f9d"]
[debug] &amp#27;[35m[UiAutomator2]&amp#27;[39m Getting session details from server to mix in
[debug] &amp#27;[35m[WD Proxy]&amp#27;[39m Matched '/' to command name 'getSession'
[debug] &amp#27;[35m[WD Proxy]&amp#27;[39m Proxying [GET /] to [GET http://127.0.0.1:8202/wd/hub/session/997a9288-92d3-4e25-813f-55acb27f291e] with no body
[debug] &amp#27;[35m[WD Proxy]&amp#27;[39m Got response with status 200: {"sessionId":"997a9288-92d3-4e25-813f-55acb27f291e","value":{"lastScrollData":{"toIndex":-1,"maxScrollY":2299,"maxScrollX":0,"scrollY":1179,"scrollX":0,"fromIndex":-1,"itemCount":-1}}}
[debug] &amp#27;[35m[W3C (937ebac4)]&amp#27;[39m Responding to client with driver.getSession() result: {"platform":"LINUX","webStorageEnabled":false,"takesScreenshot":true,"javascriptEnabled":true,"databaseEnabled":false,"networkConnectionEnabled":true,"locationContextEnabled":false,"warnings":{},"desired":{"platformName":"android","app":"./Resourses/in.workindia.apk","appActivity":"in.workindia.nileshdungarwal.workindiaandroid.RegisterActivity","appPackage":"in.workindia.nileshdungarwal.workindiaandroid","deviceName":"emulator-5554","platformVersion":"8.1"},"platformName":"android","app":"./Resourses/in.workindia.apk","appActivity":"in.workindia.nileshdungarwal.workindiaandroid.RegisterActivity","appPackage":"in.workindia.nileshdungarwal.workindiaandroid","deviceName":"emulator-5554","platformVersion":"8.1.0","deviceUDID":"emulator-5554","deviceApiLevel":27,"deviceScreenSize":"1080x2160","deviceScreenDensity":440,"deviceModel":"Android SDK built for x86","deviceManufacturer":"Google","pixelRatio":2.75,"statBarHeight":66,"viewportRect":{"left":0,"top":66,"width":1080,"height":1962},"lastScrollData":{"toInde...
&amp#27;[35m[HTTP]&amp#27;[39m &amp#27;[37m<-- GET /wd/hub/session/937ebac4-1fbd-4d9f-95d1-e813d5888f9d &amp#27;[39m&amp#27;[32m200&amp#27;[39m &amp#27;[90m9 ms - 1128&amp#27;[39m
&amp#27;[35m[HTTP]&amp#27;[39m &amp#27;[90m&amp#27;[39m
&amp#27;[35m[HTTP]&amp#27;[39m &amp#27;[37m-->&amp#27;[39m &amp#27;[37mPOST&amp#27;[39m &amp#27;[37m/wd/hub/session/937ebac4-1fbd-4d9f-95d1-e813d5888f9d/element&amp#27;[39m
&amp#27;[35m[HTTP]&amp#27;[39m &amp#27;[90m{"using":"id","value":"in.workindia.nileshdungarwal.workindiaandroid:id/rb_hsc"}&amp#27;[39m
[debug] &amp#27;[35m[W3C (937ebac4)]&amp#27;[39m Calling AppiumDriver.findElement() with args: ["id","in.workindia.nileshdungarwal.workindiaandroid:id/rb_hsc","937ebac4-1fbd-4d9f-95d1-e813d5888f9d"]
[debug] &amp#27;[35m[BaseDriver]&amp#27;[39m Valid locator strategies for this request: xpath, id, class name, accessibility id, css selector, -android uiautomator
[debug] &amp#27;[35m[BaseDriver]&amp#27;[39m Waiting up to 50000 ms for condition
[debug] &amp#27;[35m[WD Proxy]&amp#27;[39m Matched '/element' to command name 'findElement'
[debug] &amp#27;[35m[WD Proxy]&amp#27;[39m Proxying [POST /element] to [POST http://127.0.0.1:8202/wd/hub/session/997a9288-92d3-4e25-813f-55acb27f291e/element] with body: {"strategy":"id","selector":"in.workindia.nileshdungarwal.workindiaandroid:id/rb_hsc","context":"","multiple":false}
[debug] &amp#27;[35m[WD Proxy]&amp#27;[39m Got response with status 200: {"sessionId":"997a9288-92d3-4e25-813f-55acb27f291e","value":{"ELEMENT":"e4acaec5-8a39-4337-bf99-609c34c7fa2e","element-6066-11e4-a52e-4f735466cecf":"e4acaec5-8a39-4337-bf99-609c34c7fa2e"}}
[debug] &amp#27;[35m[W3C (937ebac4)]&amp#27;[39m Responding to client with driver.findElement() result: {"element-6066-11e4-a52e-4f735466cecf":"e4acaec5-8a39-4337-bf99-609c34c7fa2e","ELEMENT":"e4acaec5-8a39-4337-bf99-609c34c7fa2e"}
&amp#27;[35m[HTTP]&amp#27;[39m &amp#27;[37m<-- POST /wd/hub/session/937ebac4-1fbd-4d9f-95d1-e813d5888f9d/element &amp#27;[39m&amp#27;[32m200&amp#27;[39m &amp#27;[90m595 ms - 137&amp#27;[39m
&amp#27;[35m[HTTP]&amp#27;[39m &amp#27;[90m&amp#27;[39m
&amp#27;[35m[HTTP]&amp#27;[39m &amp#27;[37m-->&amp#27;[39m &amp#27;[37mPOST&amp#27;[39m &amp#27;[37m/wd/hub/session/937ebac4-1fbd-4d9f-95d1-e813d5888f9d/element/e4acaec5-8a39-4337-bf99-609c34c7fa2e/click&amp#27;[39m
&amp#27;[35m[HTTP]&amp#27;[39m &amp#27;[90m{"id":"e4acaec5-8a39-4337-bf99-609c34c7fa2e"}&amp#27;[39m
[debug] &amp#27;[35m[W3C (937ebac4)]&amp#27;[39m Calling AppiumDriver.click() with args: ["e4acaec5-8a39-4337-bf99-609c34c7fa2e","937ebac4-1fbd-4d9f-95d1-e813d5888f9d"]
[debug] &amp#27;[35m[WD Proxy]&amp#27;[39m Matched '/element/e4acaec5-8a39-4337-bf99-609c34c7fa2e/click' to command name 'click'
[debug] &amp#27;[35m[WD Proxy]&amp#27;[39m Proxying [POST /element/e4acaec5-8a39-4337-bf99-609c34c7fa2e/click] to [POST http://127.0.0.1:8202/wd/hub/session/997a9288-92d3-4e25-813f-55acb27f291e/element/e4acaec5-8a39-4337-bf99-609c34c7fa2e/click] with body: {"element":"e4acaec5-8a39-4337-bf99-609c34c7fa2e"}
[debug] &amp#27;[35m[WD Proxy]&amp#27;[39m Got response with status 200: {"sessionId":"997a9288-92d3-4e25-813f-55acb27f291e","value":null}
[debug] &amp#27;[35m[W3C (937ebac4)]&amp#27;[39m Responding to client with driver.click() result: null
&amp#27;[35m[HTTP]&amp#27;[39m &amp#27;[37m<-- POST /wd/hub/session/937ebac4-1fbd-4d9f-95d1-e813d5888f9d/element/e4acaec5-8a39-4337-bf99-609c34c7fa2e/click &amp#27;[39m&amp#27;[32m200&amp#27;[39m &amp#27;[90m146 ms - 14&amp#27;[39m
&amp#27;[35m[HTTP]&amp#27;[39m &amp#27;[90m&amp#27;[39m
&amp#27;[35m[HTTP]&amp#27;[39m &amp#27;[37m-->&amp#27;[39m &amp#27;[37mPOST&amp#27;[39m &amp#27;[37m/wd/hub/session/937ebac4-1fbd-4d9f-95d1-e813d5888f9d/timeouts&amp#27;[39m
&amp#27;[35m[HTTP]&amp#27;[39m &amp#27;[90m{"implicit":50000}&amp#27;[39m
[debug] &amp#27;[35m[W3C (937ebac4)]&amp#27;[39m Calling AppiumDriver.timeouts() with args: [null,null,null,null,50000,"937ebac4-1fbd-4d9f-95d1-e813d5888f9d"]
[debug] &amp#27;[35m[BaseDriver]&amp#27;[39m W3C timeout argument: {"implicit":50000}}
[debug] &amp#27;[35m[BaseDriver]&amp#27;[39m Set implicit wait to 50000ms
[debug] &amp#27;[35m[W3C (937ebac4)]&amp#27;[39m Responding to client with driver.timeouts() result: null
&amp#27;[35m[HTTP]&amp#27;[39m &amp#27;[37m<-- POST /wd/hub/session/937ebac4-1fbd-4d9f-95d1-e813d5888f9d/timeouts &amp#27;[39m&amp#27;[32m200&amp#27;[39m &amp#27;[90m6 ms - 14&amp#27;[39m
&amp#27;[35m[HTTP]&amp#27;[39m &amp#27;[90m&amp#27;[39m
&amp#27;[35m[HTTP]&amp#27;[39m &amp#27;[37m-->&amp#27;[39m &amp#27;[37mGET&amp#27;[39m &amp#27;[37m/wd/hub/session/937ebac4-1fbd-4d9f-95d1-e813d5888f9d&amp#27;[39m
&amp#27;[35m[HTTP]&amp#27;[39m &amp#27;[90m{}&amp#27;[39m
[debug] &amp#27;[35m[W3C (937ebac4)]&amp#27;[39m Calling AppiumDriver.getSession() with args: ["937ebac4-1fbd-4d9f-95d1-e813d5888f9d"]
[debug] &amp#27;[35m[UiAutomator2]&amp#27;[39m Getting session details from server to mix in
[debug] &amp#27;[35m[WD Proxy]&amp#27;[39m Matched '/' to command name 'getSession'
[debug] &amp#27;[35m[WD Proxy]&amp#27;[39m Proxying [GET /] to [GET http://127.0.0.1:8202/wd/hub/session/997a9288-92d3-4e25-813f-55acb27f291e] with no body
[debug] &amp#27;[35m[WD Proxy]&amp#27;[39m Got response with status 200: {"sessionId":"997a9288-92d3-4e25-813f-55acb27f291e","value":{"lastScrollData":{"toIndex":-1,"maxScrollY":2299,"maxScrollX":0,"scrollY":1179,"scrollX":0,"fromIndex":-1,"itemCount":-1}}}
[debug] &amp#27;[35m[W3C (937ebac4)]&amp#27;[39m Responding to client with driver.getSession() result: {"platform":"LINUX","webStorageEnabled":false,"takesScreenshot":true,"javascriptEnabled":true,"databaseEnabled":false,"networkConnectionEnabled":true,"locationContextEnabled":false,"warnings":{},"desired":{"platformName":"android","app":"./Resourses/in.workindia.apk","appActivity":"in.workindia.nileshdungarwal.workindiaandroid.RegisterActivity","appPackage":"in.workindia.nileshdungarwal.workindiaandroid","deviceName":"emulator-5554","platformVersion":"8.1"},"platformName":"android","app":"./Resourses/in.workindia.apk","appActivity":"in.workindia.nileshdungarwal.workindiaandroid.RegisterActivity","appPackage":"in.workindia.nileshdungarwal.workindiaandroid","deviceName":"emulator-5554","platformVersion":"8.1.0","deviceUDID":"emulator-5554","deviceApiLevel":27,"deviceScreenSize":"1080x2160","deviceScreenDensity":440,"deviceModel":"Android SDK built for x86","deviceManufacturer":"Google","pixelRatio":2.75,"statBarHeight":66,"viewportRect":{"left":0,"top":66,"width":1080,"height":1962},"lastScrollData":{"toInde...
&amp#27;[35m[HTTP]&amp#27;[39m &amp#27;[37m<-- GET /wd/hub/session/937ebac4-1fbd-4d9f-95d1-e813d5888f9d &amp#27;[39m&amp#27;[32m200&amp#27;[39m &amp#27;[90m22 ms - 1128&amp#27;[39m
&amp#27;[35m[HTTP]&amp#27;[39m &amp#27;[90m&amp#27;[39m
&amp#27;[35m[HTTP]&amp#27;[39m &amp#27;[37m-->&amp#27;[39m &amp#27;[37mPOST&amp#27;[39m &amp#27;[37m/wd/hub/session/937ebac4-1fbd-4d9f-95d1-e813d5888f9d/element&amp#27;[39m
&amp#27;[35m[HTTP]&amp#27;[39m &amp#27;[90m{"using":"id","value":"android:id/button1"}&amp#27;[39m
[debug] &amp#27;[35m[W3C (937ebac4)]&amp#27;[39m Calling AppiumDriver.findElement() with args: ["id","android:id/button1","937ebac4-1fbd-4d9f-95d1-e813d5888f9d"]
[debug] &amp#27;[35m[BaseDriver]&amp#27;[39m Valid locator strategies for this request: xpath, id, class name, accessibility id, css selector, -android uiautomator
[debug] &amp#27;[35m[BaseDriver]&amp#27;[39m Waiting up to 50000 ms for condition
[debug] &amp#27;[35m[WD Proxy]&amp#27;[39m Matched '/element' to command name 'findElement'
[debug] &amp#27;[35m[WD Proxy]&amp#27;[39m Proxying [POST /element] to [POST http://127.0.0.1:8202/wd/hub/session/997a9288-92d3-4e25-813f-55acb27f291e/element] with body: {"strategy":"id","selector":"android:id/button1","context":"","multiple":false}
[debug] &amp#27;[35m[WD Proxy]&amp#27;[39m Got response with status 200: {"sessionId":"997a9288-92d3-4e25-813f-55acb27f291e","value":{"ELEMENT":"62386780-717d-401d-b970-a71c6032075f","element-6066-11e4-a52e-4f735466cecf":"62386780-717d-401d-b970-a71c6032075f"}}
[debug] &amp#27;[35m[W3C (937ebac4)]&amp#27;[39m Responding to client with driver.findElement() result: {"element-6066-11e4-a52e-4f735466cecf":"62386780-717d-401d-b970-a71c6032075f","ELEMENT":"62386780-717d-401d-b970-a71c6032075f"}
&amp#27;[35m[HTTP]&amp#27;[39m &amp#27;[37m<-- POST /wd/hub/session/937ebac4-1fbd-4d9f-95d1-e813d5888f9d/element &amp#27;[39m&amp#27;[32m200&amp#27;[39m &amp#27;[90m468 ms - 137&amp#27;[39m
&amp#27;[35m[HTTP]&amp#27;[39m &amp#27;[90m&amp#27;[39m
&amp#27;[35m[HTTP]&amp#27;[39m &amp#27;[37m-->&amp#27;[39m &amp#27;[37mPOST&amp#27;[39m &amp#27;[37m/wd/hub/session/937ebac4-1fbd-4d9f-95d1-e813d5888f9d/element/62386780-717d-401d-b970-a71c6032075f/click&amp#27;[39m
&amp#27;[35m[HTTP]&amp#27;[39m &amp#27;[90m{"id":"62386780-717d-401d-b970-a71c6032075f"}&amp#27;[39m
[debug] &amp#27;[35m[W3C (937ebac4)]&amp#27;[39m Calling AppiumDriver.click() with args: ["62386780-717d-401d-b970-a71c6032075f","937ebac4-1fbd-4d9f-95d1-e813d5888f9d"]
[debug] &amp#27;[35m[WD Proxy]&amp#27;[39m Matched '/element/62386780-717d-401d-b970-a71c6032075f/click' to command name 'click'
[debug] &amp#27;[35m[WD Proxy]&amp#27;[39m Proxying [POST /element/62386780-717d-401d-b970-a71c6032075f/click] to [POST http://127.0.0.1:8202/wd/hub/session/997a9288-92d3-4e25-813f-55acb27f291e/element/62386780-717d-401d-b970-a71c6032075f/click] with body: {"element":"62386780-717d-401d-b970-a71c6032075f"}
[debug] &amp#27;[35m[WD Proxy]&amp#27;[39m Got response with status 200: {"sessionId":"997a9288-92d3-4e25-813f-55acb27f291e","value":null}
[debug] &amp#27;[35m[W3C (937ebac4)]&amp#27;[39m Responding to client with driver.click() result: null
&amp#27;[35m[HTTP]&amp#27;[39m &amp#27;[37m<-- POST /wd/hub/session/937ebac4-1fbd-4d9f-95d1-e813d5888f9d/element/62386780-717d-401d-b970-a71c6032075f/click &amp#27;[39m&amp#27;[32m200&amp#27;[39m &amp#27;[90m22 ms - 14&amp#27;[39m
&amp#27;[35m[HTTP]&amp#27;[39m &amp#27;[90m&amp#27;[39m
&amp#27;[35m[HTTP]&amp#27;[39m &amp#27;[37m-->&amp#27;[39m &amp#27;[37mPOST&amp#27;[39m &amp#27;[37m/wd/hub/session/937ebac4-1fbd-4d9f-95d1-e813d5888f9d/timeouts&amp#27;[39m
&amp#27;[35m[HTTP]&amp#27;[39m &amp#27;[90m{"implicit":50000}&amp#27;[39m
[debug] &amp#27;[35m[W3C (937ebac4)]&amp#27;[39m Calling AppiumDriver.timeouts() with args: [null,null,null,null,50000,"937ebac4-1fbd-4d9f-95d1-e813d5888f9d"]
[debug] &amp#27;[35m[BaseDriver]&amp#27;[39m W3C timeout argument: {"implicit":50000}}
[debug] &amp#27;[35m[BaseDriver]&amp#27;[39m Set implicit wait to 50000ms
[debug] &amp#27;[35m[W3C (937ebac4)]&amp#27;[39m Responding to client with driver.timeouts() result: null
&amp#27;[35m[HTTP]&amp#27;[39m &amp#27;[37m<-- POST /wd/hub/session/937ebac4-1fbd-4d9f-95d1-e813d5888f9d/timeouts &amp#27;[39m&amp#27;[32m200&amp#27;[39m &amp#27;[90m2 ms - 14&amp#27;[39m
&amp#27;[35m[HTTP]&amp#27;[39m &amp#27;[90m&amp#27;[39m
&amp#27;[35m[HTTP]&amp#27;[39m &amp#27;[37m-->&amp#27;[39m &amp#27;[37mGET&amp#27;[39m &amp#27;[37m/wd/hub/session/937ebac4-1fbd-4d9f-95d1-e813d5888f9d&amp#27;[39m
&amp#27;[35m[HTTP]&amp#27;[39m &amp#27;[90m{}&amp#27;[39m
[debug] &amp#27;[35m[W3C (937ebac4)]&amp#27;[39m Calling AppiumDriver.getSession() with args: ["937ebac4-1fbd-4d9f-95d1-e813d5888f9d"]
[debug] &amp#27;[35m[UiAutomator2]&amp#27;[39m Getting session details from server to mix in
[debug] &amp#27;[35m[WD Proxy]&amp#27;[39m Matched '/' to command name 'getSession'
[debug] &amp#27;[35m[WD Proxy]&amp#27;[39m Proxying [GET /] to [GET http://127.0.0.1:8202/wd/hub/session/997a9288-92d3-4e25-813f-55acb27f291e] with no body
[debug] &amp#27;[35m[WD Proxy]&amp#27;[39m Got response with status 200: {"sessionId":"997a9288-92d3-4e25-813f-55acb27f291e","value":{"lastScrollData":{"toIndex":-1,"maxScrollY":2299,"maxScrollX":0,"scrollY":1179,"scrollX":0,"fromIndex":-1,"itemCount":-1}}}
[debug] &amp#27;[35m[W3C (937ebac4)]&amp#27;[39m Responding to client with driver.getSession() result: {"platform":"LINUX","webStorageEnabled":false,"takesScreenshot":true,"javascriptEnabled":true,"databaseEnabled":false,"networkConnectionEnabled":true,"locationContextEnabled":false,"warnings":{},"desired":{"platformName":"android","app":"./Resourses/in.workindia.apk","appActivity":"in.workindia.nileshdungarwal.workindiaandroid.RegisterActivity","appPackage":"in.workindia.nileshdungarwal.workindiaandroid","deviceName":"emulator-5554","platformVersion":"8.1"},"platformName":"android","app":"./Resourses/in.workindia.apk","appActivity":"in.workindia.nileshdungarwal.workindiaandroid.RegisterActivity","appPackage":"in.workindia.nileshdungarwal.workindiaandroid","deviceName":"emulator-5554","platformVersion":"8.1.0","deviceUDID":"emulator-5554","deviceApiLevel":27,"deviceScreenSize":"1080x2160","deviceScreenDensity":440,"deviceModel":"Android SDK built for x86","deviceManufacturer":"Google","pixelRatio":2.75,"statBarHeight":66,"viewportRect":{"left":0,"top":66,"width":1080,"height":1962},"lastScrollData":{"toInde...
&amp#27;[35m[HTTP]&amp#27;[39m &amp#27;[37m<-- GET /wd/hub/session/937ebac4-1fbd-4d9f-95d1-e813d5888f9d &amp#27;[39m&amp#27;[32m200&amp#27;[39m &amp#27;[90m18 ms - 1128&amp#27;[39m
&amp#27;[35m[HTTP]&amp#27;[39m &amp#27;[90m&amp#27;[39m
&amp#27;[35m[HTTP]&amp#27;[39m &amp#27;[37m-->&amp#27;[39m &amp#27;[37mGET&amp#27;[39m &amp#27;[37m/wd/hub/session/937ebac4-1fbd-4d9f-95d1-e813d5888f9d&amp#27;[39m
&amp#27;[35m[HTTP]&amp#27;[39m &amp#27;[90m{}&amp#27;[39m
[debug] &amp#27;[35m[W3C (937ebac4)]&amp#27;[39m Calling AppiumDriver.getSession() with args: ["937ebac4-1fbd-4d9f-95d1-e813d5888f9d"]
[debug] &amp#27;[35m[UiAutomator2]&amp#27;[39m Getting session details from server to mix in
[debug] &amp#27;[35m[WD Proxy]&amp#27;[39m Matched '/' to command name 'getSession'
[debug] &amp#27;[35m[WD Proxy]&amp#27;[39m Proxying [GET /] to [GET http://127.0.0.1:8202/wd/hub/session/997a9288-92d3-4e25-813f-55acb27f291e] with no body
[debug] &amp#27;[35m[WD Proxy]&amp#27;[39m Got response with status 200: {"sessionId":"997a9288-92d3-4e25-813f-55acb27f291e","value":{"lastScrollData":{"toIndex":-1,"maxScrollY":2299,"maxScrollX":0,"scrollY":1179,"scrollX":0,"fromIndex":-1,"itemCount":-1}}}
[debug] &amp#27;[35m[W3C (937ebac4)]&amp#27;[39m Responding to client with driver.getSession() result: {"platform":"LINUX","webStorageEnabled":false,"takesScreenshot":true,"javascriptEnabled":true,"databaseEnabled":false,"networkConnectionEnabled":true,"locationContextEnabled":false,"warnings":{},"desired":{"platformName":"android","app":"./Resourses/in.workindia.apk","appActivity":"in.workindia.nileshdungarwal.workindiaandroid.RegisterActivity","appPackage":"in.workindia.nileshdungarwal.workindiaandroid","deviceName":"emulator-5554","platformVersion":"8.1"},"platformName":"android","app":"./Resourses/in.workindia.apk","appActivity":"in.workindia.nileshdungarwal.workindiaandroid.RegisterActivity","appPackage":"in.workindia.nileshdungarwal.workindiaandroid","deviceName":"emulator-5554","platformVersion":"8.1.0","deviceUDID":"emulator-5554","deviceApiLevel":27,"deviceScreenSize":"1080x2160","deviceScreenDensity":440,"deviceModel":"Android SDK built for x86","deviceManufacturer":"Google","pixelRatio":2.75,"statBarHeight":66,"viewportRect":{"left":0,"top":66,"width":1080,"height":1962},"lastScrollData":{"toInde...
&amp#27;[35m[HTTP]&amp#27;[39m &amp#27;[37m<-- GET /wd/hub/session/937ebac4-1fbd-4d9f-95d1-e813d5888f9d &amp#27;[39m&amp#27;[32m200&amp#27;[39m &amp#27;[90m18 ms - 1128&amp#27;[39m
&amp#27;[35m[HTTP]&amp#27;[39m &amp#27;[90m&amp#27;[39m
&amp#27;[35m[HTTP]&amp#27;[39m &amp#27;[37m-->&amp#27;[39m &amp#27;[37mGET&amp#27;[39m &amp#27;[37m/wd/hub/session/937ebac4-1fbd-4d9f-95d1-e813d5888f9d&amp#27;[39m
&amp#27;[35m[HTTP]&amp#27;[39m &amp#27;[90m{}&amp#27;[39m
[debug] &amp#27;[35m[W3C (937ebac4)]&amp#27;[39m Calling AppiumDriver.getSession() with args: ["937ebac4-1fbd-4d9f-95d1-e813d5888f9d"]
[debug] &amp#27;[35m[UiAutomator2]&amp#27;[39m Getting session details from server to mix in
[debug] &amp#27;[35m[WD Proxy]&amp#27;[39m Matched '/' to command name 'getSession'
[debug] &amp#27;[35m[WD Proxy]&amp#27;[39m Proxying [GET /] to [GET http://127.0.0.1:8202/wd/hub/session/997a9288-92d3-4e25-813f-55acb27f291e] with no body
[debug] &amp#27;[35m[WD Proxy]&amp#27;[39m Got response with status 200: {"sessionId":"997a9288-92d3-4e25-813f-55acb27f291e","value":{"lastScrollData":{"toIndex":-1,"maxScrollY":2299,"maxScrollX":0,"scrollY":1179,"scrollX":0,"fromIndex":-1,"itemCount":-1}}}
[debug] &amp#27;[35m[W3C (937ebac4)]&amp#27;[39m Responding to client with driver.getSession() result: {"platform":"LINUX","webStorageEnabled":false,"takesScreenshot":true,"javascriptEnabled":true,"databaseEnabled":false,"networkConnectionEnabled":true,"locationContextEnabled":false,"warnings":{},"desired":{"platformName":"android","app":"./Resourses/in.workindia.apk","appActivity":"in.workindia.nileshdungarwal.workindiaandroid.RegisterActivity","appPackage":"in.workindia.nileshdungarwal.workindiaandroid","deviceName":"emulator-5554","platformVersion":"8.1"},"platformName":"android","app":"./Resourses/in.workindia.apk","appActivity":"in.workindia.nileshdungarwal.workindiaandroid.RegisterActivity","appPackage":"in.workindia.nileshdungarwal.workindiaandroid","deviceName":"emulator-5554","platformVersion":"8.1.0","deviceUDID":"emulator-5554","deviceApiLevel":27,"deviceScreenSize":"1080x2160","deviceScreenDensity":440,"deviceModel":"Android SDK built for x86","deviceManufacturer":"Google","pixelRatio":2.75,"statBarHeight":66,"viewportRect":{"left":0,"top":66,"width":1080,"height":1962},"lastScrollData":{"toInde...
&amp#27;[35m[HTTP]&amp#27;[39m &amp#27;[37m<-- GET /wd/hub/session/937ebac4-1fbd-4d9f-95d1-e813d5888f9d &amp#27;[39m&amp#27;[32m200&amp#27;[39m &amp#27;[90m15 ms - 1128&amp#27;[39m
&amp#27;[35m[HTTP]&amp#27;[39m &amp#27;[90m&amp#27;[39m
&amp#27;[35m[HTTP]&amp#27;[39m &amp#27;[37m-->&amp#27;[39m &amp#27;[37mPOST&amp#27;[39m &amp#27;[37m/wd/hub/session/937ebac4-1fbd-4d9f-95d1-e813d5888f9d/element&amp#27;[39m
&amp#27;[35m[HTTP]&amp#27;[39m &amp#27;[90m{"using":"id","value":"in.workindia.nileshdungarwal.workindiaandroid:id/ll_back"}&amp#27;[39m
[debug] &amp#27;[35m[W3C (937ebac4)]&amp#27;[39m Calling AppiumDriver.findElement() with args: ["id","in.workindia.nileshdungarwal.workindiaandroid:id/ll_back","937ebac4-1fbd-4d9f-95d1-e813d5888f9d"]
[debug] &amp#27;[35m[BaseDriver]&amp#27;[39m Valid locator strategies for this request: xpath, id, class name, accessibility id, css selector, -android uiautomator
[debug] &amp#27;[35m[BaseDriver]&amp#27;[39m Waiting up to 50000 ms for condition
[debug] &amp#27;[35m[WD Proxy]&amp#27;[39m Matched '/element' to command name 'findElement'
[debug] &amp#27;[35m[WD Proxy]&amp#27;[39m Proxying [POST /element] to [POST http://127.0.0.1:8202/wd/hub/session/997a9288-92d3-4e25-813f-55acb27f291e/element] with body: {"strategy":"id","selector":"in.workindia.nileshdungarwal.workindiaandroid:id/ll_back","context":"","multiple":false}
[debug] &amp#27;[35m[WD Proxy]&amp#27;[39m Got response with status 200: {"sessionId":"997a9288-92d3-4e25-813f-55acb27f291e","value":{"ELEMENT":"80c75e2e-f203-478c-8ab4-211df888d7b7","element-6066-11e4-a52e-4f735466cecf":"80c75e2e-f203-478c-8ab4-211df888d7b7"}}
[debug] &amp#27;[35m[W3C (937ebac4)]&amp#27;[39m Responding to client with driver.findElement() result: {"element-6066-11e4-a52e-4f735466cecf":"80c75e2e-f203-478c-8ab4-211df888d7b7","ELEMENT":"80c75e2e-f203-478c-8ab4-211df888d7b7"}
&amp#27;[35m[HTTP]&amp#27;[39m &amp#27;[37m<-- POST /wd/hub/session/937ebac4-1fbd-4d9f-95d1-e813d5888f9d/element &amp#27;[39m&amp#27;[32m200&amp#27;[39m &amp#27;[90m60 ms - 137&amp#27;[39m
&amp#27;[35m[HTTP]&amp#27;[39m &amp#27;[90m&amp#27;[39m
&amp#27;[35m[HTTP]&amp#27;[39m &amp#27;[37m-->&amp#27;[39m &amp#27;[37mPOST&amp#27;[39m &amp#27;[37m/wd/hub/session/937ebac4-1fbd-4d9f-95d1-e813d5888f9d/element/80c75e2e-f203-478c-8ab4-211df888d7b7/click&amp#27;[39m
&amp#27;[35m[HTTP]&amp#27;[39m &amp#27;[90m{"id":"80c75e2e-f203-478c-8ab4-211df888d7b7"}&amp#27;[39m
[debug] &amp#27;[35m[W3C (937ebac4)]&amp#27;[39m Calling AppiumDriver.click() with args: ["80c75e2e-f203-478c-8ab4-211df888d7b7","937ebac4-1fbd-4d9f-95d1-e813d5888f9d"]
[debug] &amp#27;[35m[WD Proxy]&amp#27;[39m Matched '/element/80c75e2e-f203-478c-8ab4-211df888d7b7/click' to command name 'click'
[debug] &amp#27;[35m[WD Proxy]&amp#27;[39m Proxying [POST /element/80c75e2e-f203-478c-8ab4-211df888d7b7/click] to [POST http://127.0.0.1:8202/wd/hub/session/997a9288-92d3-4e25-813f-55acb27f291e/element/80c75e2e-f203-478c-8ab4-211df888d7b7/click] with body: {"element":"80c75e2e-f203-478c-8ab4-211df888d7b7"}
[debug] &amp#27;[35m[WD Proxy]&amp#27;[39m Got response with status 200: {"sessionId":"997a9288-92d3-4e25-813f-55acb27f291e","value":null}
[debug] &amp#27;[35m[W3C (937ebac4)]&amp#27;[39m Responding to client with driver.click() result: null
&amp#27;[35m[HTTP]&amp#27;[39m &amp#27;[37m<-- POST /wd/hub/session/937ebac4-1fbd-4d9f-95d1-e813d5888f9d/element/80c75e2e-f203-478c-8ab4-211df888d7b7/click &amp#27;[39m&amp#27;[32m200&amp#27;[39m &amp#27;[90m482 ms - 14&amp#27;[39m
&amp#27;[35m[HTTP]&amp#27;[39m &amp#27;[90m&amp#27;[39m
&amp#27;[35m[HTTP]&amp#27;[39m &amp#27;[37m-->&amp#27;[39m &amp#27;[37mDELETE&amp#27;[39m &amp#27;[37m/wd/hub/session/937ebac4-1fbd-4d9f-95d1-e813d5888f9d&amp#27;[39m
&amp#27;[35m[HTTP]&amp#27;[39m &amp#27;[90m{}&amp#27;[39m
[debug] &amp#27;[35m[W3C (937ebac4)]&amp#27;[39m Calling AppiumDriver.deleteSession() with args: ["937ebac4-1fbd-4d9f-95d1-e813d5888f9d"]
[debug] &amp#27;[35m[BaseDriver]&amp#27;[39m Event 'quitSessionRequested' logged at 1610626572324 (17:46:12 GMT+0530 (India Standard Time))
&amp#27;[35m[Appium]&amp#27;[39m Removing session 937ebac4-1fbd-4d9f-95d1-e813d5888f9d from our master session list
[debug] &amp#27;[35m[UiAutomator2]&amp#27;[39m Deleting UiAutomator2 session
[debug] &amp#27;[35m[UiAutomator2]&amp#27;[39m Deleting UiAutomator2 server session
[debug] &amp#27;[35m[WD Proxy]&amp#27;[39m Matched '/' to command name 'deleteSession'
[debug] &amp#27;[35m[WD Proxy]&amp#27;[39m Proxying [DELETE /] to [DELETE http://127.0.0.1:8202/wd/hub/session/997a9288-92d3-4e25-813f-55acb27f291e] with no body
[debug] &amp#27;[35m[WD Proxy]&amp#27;[39m Got response with status 200: {"sessionId":"997a9288-92d3-4e25-813f-55acb27f291e","value":null}
[debug] &amp#27;[35m[ADB]&amp#27;[39m Running 'C:\Users\saurabhkumar04\AppData\Local\Android\Sdk\platform-tools\adb.exe -P 5037 -s emulator-5554 shell am force-stop in.workindia.nileshdungarwal.workindiaandroid'
[debug] &amp#27;[35m[Logcat]&amp#27;[39m Stopping logcat capture
[debug] &amp#27;[35m[ADB]&amp#27;[39m Removing forwarded port socket connection: 8202 
[debug] &amp#27;[35m[ADB]&amp#27;[39m Running 'C:\Users\saurabhkumar04\AppData\Local\Android\Sdk\platform-tools\adb.exe -P 5037 -s emulator-5554 forward --remove tcp:8202'
[debug] &amp#27;[35m[BaseDriver]&amp#27;[39m Event 'quitSessionFinished' logged at 1610626572508 (17:46:12 GMT+0530 (India Standard Time))
[debug] &amp#27;[35m[W3C (937ebac4)]&amp#27;[39m Received response: null
[debug] &amp#27;[35m[W3C (937ebac4)]&amp#27;[39m But deleting session, so not returning
[debug] &amp#27;[35m[W3C (937ebac4)]&amp#27;[39m Responding to client with driver.deleteSession() result: null
[debug] &amp#27;[35m[W3C (937ebac4)]&amp#27;[39m Destroying socket connection

  @UpdateProfile
  Scenario Outline: User Filling General Details to Update Profile                                    # UpdateProfile.feature:30
    Given User has already on Registration page                                                       # MainpageStepDef.user_has_already_on_Registration_page()
    When User enter the "Rajat" and "9876543123"                                                      # MainpageStepDef.user_enter_the_and(String,String)
    And User click on Submit button                                                                   # MainpageStepDef.user_click_on_Submit_button()
    And User will Select the city                                                                     # MainpageStepDef.user_will_Select_the_city()
    And User will enter the nearest "Karol Bagh"                                                      # MainpageStepDef.user_will_enter_the_nearest(String)
    Then User will click on Submit button                                                             # MainpageStepDef.user_will_click_on_Submit_button()
    Then User will select the Gender , User chooses the qualification , User select the school medium # MainpageStepDef.user_will_select_the_Gender_User_chooses_the_qualification_User_select_the_school_medium()
    Then User select the english fluency                                                              # MainpageStepDef.user_select_the_english_fluency()
    Then User select the experience and User select the age                                           # MainpageStepDef.user_select_the_experience_and_User_select_the_age()
    Then User chooses the interest area                                                               # MainpageStepDef.user_chooses_the_interest_area()
    Then User will click on Submit btn                                                                # MainpageStepDef.user_will_click_on_Submit_btn()
    Then User will click on Specialization                                                            # MainpageStepDef.user_will_click_on_Specialization()
    Then User will select the specialiazation He Has                                                  # MainpageStepDef.user_will_select_the_specialiazation_He_Has()
    Then User will click on Specialization Submit button                                              # MainpageStepDef.user_will_click_on_Specialization_Submit_button()
    Then User will click on Degree                                                                    # MainpageStepDef.user_will_click_on_Degree()
    Then User will Select the Degree He Has                                                           # MainpageStepDef.user_will_Select_the_Degree_He_Has()
    Then User will Click On Degree Submit button                                                      # MainpageStepDef.user_will_Click_On_Degree_Submit_button()
    Then User will Select Language of his/her Choice                                                  # MainpageStepDef.user_will_Select_Language_of_his_her_Choice()
    Then User will Click on Profile Icon, User Will Click On My Profile Icon                          # UpdateProfileStepDef.user_will_Click_on_Profile_Icon_User_Will_Click_On_My_Profile_Icon()
    Then User Will Select School Medium                                                               # UpdateProfileStepDef.user_Will_Select_School_Medium()
    Then User Will Select Qualification                                                               # UpdateProfileStepDef.user_Will_Select_Qualification()
    Then User will click on Back button                                                               # UpdateProfileStepDef.user_will_click_on_Back_button()
]]></system-out>
    <system-err><![CDATA[Jan 14, 2021 5:45:33 PM io.appium.java_client.remote.AppiumCommandExecutor$1 lambda$0
INFO: Detected dialect: W3C
]]></system-err>
  </testcase>
  <testcase name="feature[WorkIndia Application Invalid Registration](4)" classname="Runner.RunnerClass" time="15.028">
    <failure message="java.lang.AssertionError: null" type="cucumber.runtime.CucumberException"><![CDATA[cucumber.runtime.CucumberException: java.lang.AssertionError: null
Caused by: java.lang.AssertionError: null
]]></failure>
    <system-out><![CDATA[Feature: WorkIndia Application Invalid Registration

  @WrongRegistration
  Scenario Outline: User with enter Name and Invalid Mobile Number in to the Application # WronRegistration.feature:4
    Given User has already on the  Registration page of Application
    When User enter the Entries "<FullName>" and "<MobileNumber>"
    Then User click on Submit button of Application

    Examples: 
&amp#27;[35m[Appium]&amp#27;[39m Welcome to Appium v1.19.1
&amp#27;[35m[Appium]&amp#27;[39m Appium REST http interface listener started on 0.0.0.0:4723
&amp#27;[35m[HTTP]&amp#27;[39m &amp#27;[37m-->&amp#27;[39m &amp#27;[37mGET&amp#27;[39m &amp#27;[37m/wd/hub/status&amp#27;[39m
&amp#27;[35m[HTTP]&amp#27;[39m &amp#27;[90m{}&amp#27;[39m
[debug] &amp#27;[35m[GENERIC]&amp#27;[39m Calling AppiumDriver.getStatus() with args: []
[debug] &amp#27;[35m[GENERIC]&amp#27;[39m Responding to client with driver.getStatus() result: {"build":{"version":"1.19.1"}}
&amp#27;[35m[HTTP]&amp#27;[39m &amp#27;[37m<-- GET /wd/hub/status &amp#27;[39m&amp#27;[32m200&amp#27;[39m &amp#27;[90m9 ms - 68&amp#27;[39m
&amp#27;[35m[HTTP]&amp#27;[39m &amp#27;[90m&amp#27;[39m
&amp#27;[35m[HTTP]&amp#27;[39m &amp#27;[37m-->&amp#27;[39m &amp#27;[37mPOST&amp#27;[39m &amp#27;[37m/wd/hub/session&amp#27;[39m
&amp#27;[35m[HTTP]&amp#27;[39m &amp#27;[90m{"desiredCapabilities":{"app":"./Resourses/in.workindia.apk","appActivity":"in.workindia.nileshdungarwal.workindiaandroid.RegisterActivity","appPackage":"in.workindia.nileshdungarwal.workindiaandroid","platformVersion":"8.1","platformName":"Android","deviceName":"emulator-5554"},"capabilities":{"alwaysMatch":{"appium:app":"./Resourses/in.workindia.apk","appium:appActivity":"in.workindia.nileshdungarwal.workindiaandroid.RegisterActivity","appium:appPackage":"in.workindia.nileshdungarwal.workindiaandroid","appium:deviceName":"emulator-5554","platformName":"android","appium:platformVersion":"8.1"},"firstMatch":[{}]}}&amp#27;[39m
[debug] &amp#27;[35m[W3C]&amp#27;[39m Calling AppiumDriver.createSession() with args: [{"app":"./Resourses/in.workindia.apk","appActivity":"in.workindia.nileshdungarwal.workindiaandroid.RegisterActivity","appPackage":"in.workindia.nileshdungarwal.workindiaandroid","platformVersion":"8.1","platformName":"Android","deviceName":"emulator-5554"},null,{"alwaysMatch":{"appium:app":"./Resourses/in.workindia.apk","appium:appActivity":"in.workindia.nileshdungarwal.workindiaandroid.RegisterActivity","appium:appPackage":"in.workindia.nileshdungarwal.workindiaandroid","appium:deviceName":"emulator-5554","platformName":"android","appium:platformVersion":"8.1"},"firstMatch":[{}]}]
[debug] &amp#27;[35m[BaseDriver]&amp#27;[39m Event 'newSessionRequested' logged at 1610626575506 (17:46:15 GMT+0530 (India Standard Time))
&amp#27;[35m[Appium]&amp#27;[39m 
&amp#27;[35m[Appium]&amp#27;[39m ======================================================================
&amp#27;[35m[Appium]&amp#27;[39m   DEPRECATION WARNING:
&amp#27;[35m[Appium]&amp#27;[39m 
&amp#27;[35m[Appium]&amp#27;[39m   The 'automationName' capability was not provided in the desired 
&amp#27;[35m[Appium]&amp#27;[39m   capabilities for this Android session
&amp#27;[35m[Appium]&amp#27;[39m 
&amp#27;[35m[Appium]&amp#27;[39m   Setting 'automationName=UiAutomator2' by default and using the 
&amp#27;[35m[Appium]&amp#27;[39m   UiAutomator2 Driver
&amp#27;[35m[Appium]&amp#27;[39m 
&amp#27;[35m[Appium]&amp#27;[39m   The next major version of Appium (2.x) will **require** the 
&amp#27;[35m[Appium]&amp#27;[39m   'automationName' capability to be set for all sessions on all 
&amp#27;[35m[Appium]&amp#27;[39m   platforms
&amp#27;[35m[Appium]&amp#27;[39m 
&amp#27;[35m[Appium]&amp#27;[39m   In previous versions (Appium <= 1.13.x), the default was 
&amp#27;[35m[Appium]&amp#27;[39m   'automationName=UiAutomator1'
&amp#27;[35m[Appium]&amp#27;[39m 
&amp#27;[35m[Appium]&amp#27;[39m   If you wish to use that automation instead of UiAutomator2, please 
&amp#27;[35m[Appium]&amp#27;[39m   add 'automationName=UiAutomator1' to your desired capabilities
&amp#27;[35m[Appium]&amp#27;[39m 
&amp#27;[35m[Appium]&amp#27;[39m   For more information about drivers, please visit 
&amp#27;[35m[Appium]&amp#27;[39m   http://appium.io/docs/en/about-appium/intro/ and explore the 
&amp#27;[35m[Appium]&amp#27;[39m   'Drivers' menu
&amp#27;[35m[Appium]&amp#27;[39m 
&amp#27;[35m[Appium]&amp#27;[39m ======================================================================
&amp#27;[35m[Appium]&amp#27;[39m 
&amp#27;[35m[Appium]&amp#27;[39m Appium v1.19.1 creating new AndroidUiautomator2Driver (v1.59.0) session
[debug] &amp#27;[35m[BaseDriver]&amp#27;[39m W3C capabilities and MJSONWP desired capabilities were provided
[debug] &amp#27;[35m[BaseDriver]&amp#27;[39m Creating session with W3C capabilities: {
[debug] &amp#27;[35m[BaseDriver]&amp#27;[39m   "alwaysMatch": {
[debug] &amp#27;[35m[BaseDriver]&amp#27;[39m     "platformName": "android",
[debug] &amp#27;[35m[BaseDriver]&amp#27;[39m     "appium:app": "./Resourses/in.workindia.apk",
[debug] &amp#27;[35m[BaseDriver]&amp#27;[39m     "appium:appActivity": "in.workindia.nileshdungarwal.workindiaandroid.RegisterActivity",
[debug] &amp#27;[35m[BaseDriver]&amp#27;[39m     "appium:appPackage": "in.workindia.nileshdungarwal.workindiaandroid",
[debug] &amp#27;[35m[BaseDriver]&amp#27;[39m     "appium:deviceName": "emulator-5554",
[debug] &amp#27;[35m[BaseDriver]&amp#27;[39m     "appium:platformVersion": "8.1"
[debug] &amp#27;[35m[BaseDriver]&amp#27;[39m   },
[debug] &amp#27;[35m[BaseDriver]&amp#27;[39m   "firstMatch": [
[debug] &amp#27;[35m[BaseDriver]&amp#27;[39m     {}
[debug] &amp#27;[35m[BaseDriver]&amp#27;[39m   ]
[debug] &amp#27;[35m[BaseDriver]&amp#27;[39m }
&amp#27;[35m[BaseDriver]&amp#27;[39m Session created with session id: 30607eab-b327-4990-b2be-3e8e2ed0417b
&amp#27;[35m[BaseDriver]&amp#27;[39m Using local app './Resourses/in.workindia.apk'
&amp#27;[35m[BaseDriver]&amp#27;[39m The current application path './Resourses/in.workindia.apk' is not absolute and has been rewritten to 'C:\Users\saurabhkumar04\Downloads\WorkIndiaPractise (3)\WorkIndiaPractise\Resourses\in.workindia.apk'. Consider using absolute paths rather than relative
[debug] &amp#27;[35m[UiAutomator2]&amp#27;[39m Checking whether app is actually present
&amp#27;[35m[ADB]&amp#27;[39m Found 1 'build-tools' folders under 'C:\Users\saurabhkumar04\AppData\Local\Android\Sdk' (newest first):
&amp#27;[35m[ADB]&amp#27;[39m     C:/Users/saurabhkumar04/AppData/Local/Android/Sdk/build-tools/30.0.3
&amp#27;[35m[ADB]&amp#27;[39m Using 'adb.exe' from 'C:\Users\saurabhkumar04\AppData\Local\Android\Sdk\platform-tools\adb.exe'
[debug] &amp#27;[35m[ADB]&amp#27;[39m Running 'C:\Users\saurabhkumar04\AppData\Local\Android\Sdk\platform-tools\adb.exe -P 5037 start-server'
&amp#27;[35m[AndroidDriver]&amp#27;[39m Retrieving device list
[debug] &amp#27;[35m[ADB]&amp#27;[39m Trying to find a connected android device
[debug] &amp#27;[35m[ADB]&amp#27;[39m Getting connected devices
[debug] &amp#27;[35m[ADB]&amp#27;[39m Connected devices: [{"udid":"emulator-5554","state":"device"}]
&amp#27;[35m[AndroidDriver]&amp#27;[39m Looking for a device with Android '8.1.0'
[debug] &amp#27;[35m[ADB]&amp#27;[39m Setting device id to emulator-5554
&amp#27;[35m[ADB]&amp#27;[39m Getting device platform version
[debug] &amp#27;[35m[ADB]&amp#27;[39m Running 'C:\Users\saurabhkumar04\AppData\Local\Android\Sdk\platform-tools\adb.exe -P 5037 -s emulator-5554 shell getprop ro.build.version.release'
[debug] &amp#27;[35m[ADB]&amp#27;[39m Current device property 'ro.build.version.release': 8.1.0
&amp#27;[35m[AndroidDriver]&amp#27;[39m Using device: emulator-5554
&amp#27;[35m[ADB]&amp#27;[39m Using 'adb.exe' from 'C:\Users\saurabhkumar04\AppData\Local\Android\Sdk\platform-tools\adb.exe'
[debug] &amp#27;[35m[ADB]&amp#27;[39m Running 'C:\Users\saurabhkumar04\AppData\Local\Android\Sdk\platform-tools\adb.exe -P 5037 start-server'
[debug] &amp#27;[35m[ADB]&amp#27;[39m Setting device id to emulator-5554
[debug] &amp#27;[35m[ADB]&amp#27;[39m Running 'C:\Users\saurabhkumar04\AppData\Local\Android\Sdk\platform-tools\adb.exe -P 5037 -s emulator-5554 shell getprop ro.build.version.sdk'
[debug] &amp#27;[35m[ADB]&amp#27;[39m Current device property 'ro.build.version.sdk': 27
[debug] &amp#27;[35m[ADB]&amp#27;[39m Device API level: 27
[debug] &amp#27;[35m[ADB]&amp#27;[39m Running 'C:\Users\saurabhkumar04\AppData\Local\Android\Sdk\platform-tools\adb.exe -P 5037 -s emulator-5554 wait-for-device'
[debug] &amp#27;[35m[ADB]&amp#27;[39m Running 'C:\Users\saurabhkumar04\AppData\Local\Android\Sdk\platform-tools\adb.exe -P 5037 -s emulator-5554 shell echo ping'
[debug] &amp#27;[35m[AndroidDriver]&amp#27;[39m Pushing settings apk to device...
[debug] &amp#27;[35m[ADB]&amp#27;[39m Getting install status for io.appium.settings
[debug] &amp#27;[35m[ADB]&amp#27;[39m Running 'C:\Users\saurabhkumar04\AppData\Local\Android\Sdk\platform-tools\adb.exe -P 5037 -s emulator-5554 shell dumpsys package io.appium.settings'
[debug] &amp#27;[35m[ADB]&amp#27;[39m 'io.appium.settings' is installed
[debug] &amp#27;[35m[ADB]&amp#27;[39m Getting package info for 'io.appium.settings'
[debug] &amp#27;[35m[ADB]&amp#27;[39m Running 'C:\Users\saurabhkumar04\AppData\Local\Android\Sdk\platform-tools\adb.exe -P 5037 -s emulator-5554 shell dumpsys package io.appium.settings'
[debug] &amp#27;[35m[ADB]&amp#27;[39m The version name of the installed 'io.appium.settings' is greater or equal to the application version name ('3.2.1' >= '3.2.1')
[debug] &amp#27;[35m[ADB]&amp#27;[39m There is no need to install/upgrade 'C:\Users\saurabhkumar04\AppData\Roaming\npm\node_modules\appium\node_modules\io.appium.settings\apks\settings_apk-debug.apk'
[debug] &amp#27;[35m[ADB]&amp#27;[39m Getting IDs of all 'io.appium.settings' processes
[debug] &amp#27;[35m[ADB]&amp#27;[39m Running 'C:\Users\saurabhkumar04\AppData\Local\Android\Sdk\platform-tools\adb.exe -P 5037 -s emulator-5554 shell 'pgrep --help; echo $?''
[debug] &amp#27;[35m[ADB]&amp#27;[39m Running 'C:\Users\saurabhkumar04\AppData\Local\Android\Sdk\platform-tools\adb.exe -P 5037 -s emulator-5554 shell pgrep -f \(\[\[:blank:\]\]\|\^\)io\.appium\.settings\(\[\[:blank:\]\]\|\$\)'
[debug] &amp#27;[35m[AndroidDriver]&amp#27;[39m io.appium.settings is already running. There is no need to reset its permissions.
[debug] &amp#27;[35m[Logcat]&amp#27;[39m Starting logs capture with command: C:\\Users\\saurabhkumar04\\AppData\\Local\\Android\\Sdk\\platform-tools\\adb.exe -P 5037 -s emulator-5554 logcat -v threadtime
[debug] &amp#27;[35m[UiAutomator2]&amp#27;[39m Forwarding UiAutomator2 Server port 6790 to local port 8202
[debug] &amp#27;[35m[ADB]&amp#27;[39m Forwarding system: 8202 to device: 6790
[debug] &amp#27;[35m[ADB]&amp#27;[39m Running 'C:\Users\saurabhkumar04\AppData\Local\Android\Sdk\platform-tools\adb.exe -P 5037 -s emulator-5554 forward tcp:8202 tcp:6790'
[debug] &amp#27;[35m[ADB]&amp#27;[39m Getting install status for io.appium.uiautomator2.server
[debug] &amp#27;[35m[ADB]&amp#27;[39m Running 'C:\Users\saurabhkumar04\AppData\Local\Android\Sdk\platform-tools\adb.exe -P 5037 -s emulator-5554 shell dumpsys package io.appium.uiautomator2.server'
[debug] &amp#27;[35m[ADB]&amp#27;[39m 'io.appium.uiautomator2.server' is installed
[debug] &amp#27;[35m[ADB]&amp#27;[39m Getting package info for 'io.appium.uiautomator2.server'
[debug] &amp#27;[35m[ADB]&amp#27;[39m Running 'C:\Users\saurabhkumar04\AppData\Local\Android\Sdk\platform-tools\adb.exe -P 5037 -s emulator-5554 shell dumpsys package io.appium.uiautomator2.server'
[debug] &amp#27;[35m[ADB]&amp#27;[39m The version name of the installed 'io.appium.uiautomator2.server' is greater or equal to the application version name ('4.15.0' >= '4.15.0')
[debug] &amp#27;[35m[UiAutomator2]&amp#27;[39m io.appium.uiautomator2.server installation state: sameVersionInstalled
[debug] &amp#27;[35m[ADB]&amp#27;[39m Checking app cert for C:\Users\saurabhkumar04\AppData\Roaming\npm\node_modules\appium\node_modules\appium-uiautomator2-server\apks\appium-uiautomator2-server-v4.15.0.apk
&amp#27;[35m[ADB]&amp#27;[39m Using 'apksigner.jar' from 'C:\Users\saurabhkumar04\AppData\Local\Android\Sdk\build-tools\30.0.3\lib\apksigner.jar'
[debug] &amp#27;[35m[ADB]&amp#27;[39m Starting apksigner: 'C:\\Program Files\\Java\\jdk1.8.0_221\\bin\\java.exe' -Xmx1024M -Xss1m -jar C:\\Users\\saurabhkumar04\\AppData\\Local\\Android\\Sdk\\build-tools\\30.0.3\\lib\\apksigner.jar verify --print-certs C:\\Users\\saurabhkumar04\\AppData\\Roaming\\npm\\node_modules\\appium\\node_modules\\appium-uiautomator2-server\\apks\\appium-uiautomator2-server-v4.15.0.apk
[debug] &amp#27;[35m[ADB]&amp#27;[39m apksigner stdout: Signer #1 certificate DN: EMAILADDRESS=android@android.com, CN=Android, OU=Android, O=Android, L=Mountain View, ST=California, C=US
[debug] &amp#27;[35m[ADB]&amp#27;[39m Signer #1 certificate SHA-256 digest: a40da80a59d170caa950cf15c18c454d47a39b26989d8b640ecd745ba71bf5dc
[debug] &amp#27;[35m[ADB]&amp#27;[39m Signer #1 certificate SHA-1 digest: 61ed377e85d386a8dfee6b864bd85b0bfaa5af81
[debug] &amp#27;[35m[ADB]&amp#27;[39m Signer #1 certificate MD5 digest: e89b158e4bcf988ebd09eb83f5378e87
[debug] &amp#27;[35m[ADB]&amp#27;[39m 
[debug] &amp#27;[35m[ADB]&amp#27;[39m sha256 hash did match for 'appium-uiautomator2-server-v4.15.0.apk'
&amp#27;[35m[ADB]&amp#27;[39m 'C:\Users\saurabhkumar04\AppData\Roaming\npm\node_modules\appium\node_modules\appium-uiautomator2-server\apks\appium-uiautomator2-server-v4.15.0.apk' is signed with the default certificate
[debug] &amp#27;[35m[ADB]&amp#27;[39m Getting install status for io.appium.uiautomator2.server.test
[debug] &amp#27;[35m[ADB]&amp#27;[39m Running 'C:\Users\saurabhkumar04\AppData\Local\Android\Sdk\platform-tools\adb.exe -P 5037 -s emulator-5554 shell dumpsys package io.appium.uiautomator2.server.test'
[debug] &amp#27;[35m[ADB]&amp#27;[39m 'io.appium.uiautomator2.server.test' is installed
[debug] &amp#27;[35m[ADB]&amp#27;[39m Checking app cert for C:\Users\saurabhkumar04\AppData\Roaming\npm\node_modules\appium\node_modules\appium-uiautomator2-server\apks\appium-uiautomator2-server-debug-androidTest.apk
[debug] &amp#27;[35m[ADB]&amp#27;[39m Starting apksigner: 'C:\\Program Files\\Java\\jdk1.8.0_221\\bin\\java.exe' -Xmx1024M -Xss1m -jar C:\\Users\\saurabhkumar04\\AppData\\Local\\Android\\Sdk\\build-tools\\30.0.3\\lib\\apksigner.jar verify --print-certs C:\\Users\\saurabhkumar04\\AppData\\Roaming\\npm\\node_modules\\appium\\node_modules\\appium-uiautomator2-server\\apks\\appium-uiautomator2-server-debug-androidTest.apk
[debug] &amp#27;[35m[ADB]&amp#27;[39m apksigner stdout: Signer #1 certificate DN: EMAILADDRESS=android@android.com, CN=Android, OU=Android, O=Android, L=Mountain View, ST=California, C=US
[debug] &amp#27;[35m[ADB]&amp#27;[39m Signer #1 certificate SHA-256 digest: a40da80a59d170caa950cf15c18c454d47a39b26989d8b640ecd745ba71bf5dc
[debug] &amp#27;[35m[ADB]&amp#27;[39m Signer #1 certificate SHA-1 digest: 61ed377e85d386a8dfee6b864bd85b0bfaa5af81
[debug] &amp#27;[35m[ADB]&amp#27;[39m Signer #1 certificate MD5 digest: e89b158e4bcf988ebd09eb83f5378e87
[debug] &amp#27;[35m[ADB]&amp#27;[39m 
[debug] &amp#27;[35m[ADB]&amp#27;[39m sha256 hash did match for 'appium-uiautomator2-server-debug-androidTest.apk'
&amp#27;[35m[ADB]&amp#27;[39m 'C:\Users\saurabhkumar04\AppData\Roaming\npm\node_modules\appium\node_modules\appium-uiautomator2-server\apks\appium-uiautomator2-server-debug-androidTest.apk' is signed with the default certificate
&amp#27;[35m[UiAutomator2]&amp#27;[39m Server packages are not going to be (re)installed
[debug] &amp#27;[35m[UiAutomator2]&amp#27;[39m Waiting up to 30000ms for services to be available
[debug] &amp#27;[35m[ADB]&amp#27;[39m Running 'C:\Users\saurabhkumar04\AppData\Local\Android\Sdk\platform-tools\adb.exe -P 5037 -s emulator-5554 shell pm list instrumentation'
[debug] &amp#27;[35m[UiAutomator2]&amp#27;[39m Instrumentation target 'io.appium.uiautomator2.server.test/androidx.test.runner.AndroidJUnitRunner' is available
[debug] &amp#27;[35m[ADB]&amp#27;[39m Checking app cert for C:\Users\saurabhkumar04\Downloads\WorkIndiaPractise (3)\WorkIndiaPractise\Resourses\in.workindia.apk
[debug] &amp#27;[35m[ADB]&amp#27;[39m Starting apksigner: 'C:\\Program Files\\Java\\jdk1.8.0_221\\bin\\java.exe' -Xmx1024M -Xss1m -jar C:\\Users\\saurabhkumar04\\AppData\\Local\\Android\\Sdk\\build-tools\\30.0.3\\lib\\apksigner.jar verify --print-certs 'C:\\Users\\saurabhkumar04\\Downloads\\WorkIndiaPractise (3)\\WorkIndiaPractise\\Resourses\\in.workindia.apk'
[debug] &amp#27;[35m[ADB]&amp#27;[39m apksigner stdout: Signer #1 certificate DN: CN=Nilesh Dungarwal, OU=WorkIndia, O=WorkIndia, L=Mumbai, ST=Maharashtra, C=IN
[debug] &amp#27;[35m[ADB]&amp#27;[39m Signer #1 certificate SHA-256 digest: 0fdc1fed6cd07d2c4854153ee799955c35f5dd671743e3c4610c90914d2f7d32
[debug] &amp#27;[35m[ADB]&amp#27;[39m Signer #1 certificate SHA-1 digest: 2e328de1bc8d9844c8a7634fa66f9363c00f613d
[debug] &amp#27;[35m[ADB]&amp#27;[39m Signer #1 certificate MD5 digest: c47446d10c7a53d63b2f43c2e34ce656
[debug] &amp#27;[35m[ADB]&amp#27;[39m 
&amp#27;[35m[ADB]&amp#27;[39m 'C:\Users\saurabhkumar04\Downloads\WorkIndiaPractise (3)\WorkIndiaPractise\Resourses\in.workindia.apk' is signed with a non-default certificate
[debug] &amp#27;[35m[ADB]&amp#27;[39m Getting install status for in.workindia.nileshdungarwal.workindiaandroid
[debug] &amp#27;[35m[ADB]&amp#27;[39m Running 'C:\Users\saurabhkumar04\AppData\Local\Android\Sdk\platform-tools\adb.exe -P 5037 -s emulator-5554 shell dumpsys package in.workindia.nileshdungarwal.workindiaandroid'
[debug] &amp#27;[35m[ADB]&amp#27;[39m 'in.workindia.nileshdungarwal.workindiaandroid' is installed
[debug] &amp#27;[35m[ADB]&amp#27;[39m Getting package info for 'in.workindia.nileshdungarwal.workindiaandroid'
[debug] &amp#27;[35m[ADB]&amp#27;[39m Running 'C:\Users\saurabhkumar04\AppData\Local\Android\Sdk\platform-tools\adb.exe -P 5037 -s emulator-5554 shell dumpsys package in.workindia.nileshdungarwal.workindiaandroid'
[debug] &amp#27;[35m[ADB]&amp#27;[39m The version name of the installed 'in.workindia.nileshdungarwal.workindiaandroid' is greater or equal to the application version name ('4.1.1' >= '4.1.1')
[debug] &amp#27;[35m[ADB]&amp#27;[39m There is no need to install/upgrade 'C:\Users\saurabhkumar04\Downloads\WorkIndiaPractise (3)\WorkIndiaPractise\Resourses\in.workindia.apk'
&amp#27;[35m[AndroidDriver]&amp#27;[39m Performing fast reset on 'in.workindia.nileshdungarwal.workindiaandroid'
[debug] &amp#27;[35m[ADB]&amp#27;[39m Getting install status for in.workindia.nileshdungarwal.workindiaandroid
[debug] &amp#27;[35m[ADB]&amp#27;[39m Running 'C:\Users\saurabhkumar04\AppData\Local\Android\Sdk\platform-tools\adb.exe -P 5037 -s emulator-5554 shell dumpsys package in.workindia.nileshdungarwal.workindiaandroid'
[debug] &amp#27;[35m[ADB]&amp#27;[39m 'in.workindia.nileshdungarwal.workindiaandroid' is installed
[debug] &amp#27;[35m[ADB]&amp#27;[39m Running 'C:\Users\saurabhkumar04\AppData\Local\Android\Sdk\platform-tools\adb.exe -P 5037 -s emulator-5554 shell am force-stop in.workindia.nileshdungarwal.workindiaandroid'
[debug] &amp#27;[35m[ADB]&amp#27;[39m Running 'C:\Users\saurabhkumar04\AppData\Local\Android\Sdk\platform-tools\adb.exe -P 5037 -s emulator-5554 shell pm clear in.workindia.nileshdungarwal.workindiaandroid'
[debug] &amp#27;[35m[AndroidDriver]&amp#27;[39m Performed fast reset on the installed 'in.workindia.nileshdungarwal.workindiaandroid' application (stop and clear)
[debug] &amp#27;[35m[UiAutomator2]&amp#27;[39m Performing shallow cleanup of automation leftovers
[debug] &amp#27;[35m[UiAutomator2]&amp#27;[39m No obsolete sessions have been detected (socket hang up)
[debug] &amp#27;[35m[ADB]&amp#27;[39m Running 'C:\Users\saurabhkumar04\AppData\Local\Android\Sdk\platform-tools\adb.exe -P 5037 -s emulator-5554 shell am force-stop io.appium.uiautomator2.server.test'
&amp#27;[35m[UiAutomator2]&amp#27;[39m Starting UIAutomator2 server 4.15.0
&amp#27;[35m[UiAutomator2]&amp#27;[39m Using UIAutomator2 server from 'C:\Users\saurabhkumar04\AppData\Roaming\npm\node_modules\appium\node_modules\appium-uiautomator2-server\apks\appium-uiautomator2-server-v4.15.0.apk' and test from 'C:\Users\saurabhkumar04\AppData\Roaming\npm\node_modules\appium\node_modules\appium-uiautomator2-server\apks\appium-uiautomator2-server-debug-androidTest.apk'
&amp#27;[35m[UiAutomator2]&amp#27;[39m Waiting up to 30000ms for UiAutomator2 to be online...
[debug] &amp#27;[35m[ADB]&amp#27;[39m Creating ADB subprocess with args: ["-P",5037,"-s","emulator-5554","shell","am","instrument","-w","io.appium.uiautomator2.server.test/androidx.test.runner.AndroidJUnitRunner"]
[debug] &amp#27;[35m[Instrumentation]&amp#27;[39m io.appium.uiautomator2.server.test.AppiumUiAutomator2Server:
[debug] &amp#27;[35m[WD Proxy]&amp#27;[39m Matched '/status' to command name 'getStatus'
[debug] &amp#27;[35m[WD Proxy]&amp#27;[39m Proxying [GET /status] to [GET http://127.0.0.1:8202/wd/hub/status] with no body
&amp#27;[35m[WD Proxy]&amp#27;[39m socket hang up
[debug] &amp#27;[35m[WD Proxy]&amp#27;[39m Matched '/status' to command name 'getStatus'
[debug] &amp#27;[35m[WD Proxy]&amp#27;[39m Proxying [GET /status] to [GET http://127.0.0.1:8202/wd/hub/status] with no body
[debug] &amp#27;[35m[WD Proxy]&amp#27;[39m Got response with status 200: {"sessionId":"None","value":{"message":"UiAutomator2 Server is ready to accept commands","ready":true}}
[debug] &amp#27;[35m[UiAutomator2]&amp#27;[39m The initialization of the instrumentation process took 2149ms
[debug] &amp#27;[35m[WD Proxy]&amp#27;[39m Matched '/session' to command name 'createSession'
[debug] &amp#27;[35m[WD Proxy]&amp#27;[39m Proxying [POST /session] to [POST http://127.0.0.1:8202/wd/hub/session] with body: {"capabilities":{"firstMatch":[{"platform":"LINUX","webStorageEnabled":false,"takesScreenshot":true,"javascriptEnabled":true,"databaseEnabled":false,"networkConnectionEnabled":true,"locationContextEnabled":false,"warnings":{},"desired":{"platformName":"android","app":"./Resourses/in.workindia.apk","appActivity":"in.workindia.nileshdungarwal.workindiaandroid.RegisterActivity","appPackage":"in.workindia.nileshdungarwal.workindiaandroid","deviceName":"emulator-5554","platformVersion":"8.1"},"platformName":"android","app":"./Resourses/in.workindia.apk","appActivity":"in.workindia.nileshdungarwal.workindiaandroid.RegisterActivity","appPackage":"in.workindia.nileshdungarwal.workindiaandroid","deviceName":"emulator-5554","platformVersion":"8.1","deviceUDID":"emulator-5554"}],"alwaysMatch":{}}}
[debug] &amp#27;[35m[WD Proxy]&amp#27;[39m Got response with status 200: {"sessionId":"42fc1871-12cf-40a8-89d5-0ad1d1a94dd5","value":{"capabilities":{"firstMatch":[{"platform":"LINUX","webStorageEnabled":false,"takesScreenshot":true,"javascriptEnabled":true,"databaseEnabled":false,"networkConnectionEnabled":true,"locationContextEnabled":false,"warnings":{},"desired":{"platformName":"android","app":"./Resourses/in.workindia.apk","appActivity":"in.workindia.nileshdungarwal.workindiaandroid.RegisterActivity","appPackage":"in.workindia.nileshdungarwal.workindiaandroid","deviceName":"emulator-5554","platformVersion":"8.1"},"platformName":"android","app":"./Resourses/in.workindia.apk","appActivity":"in.workindia.nileshdungarwal.workindiaandroid.RegisterActivity","appPackage":"in.workindia.nileshdungarwal.workindiaandroid","deviceName":"emulator-5554","platformVersion":"8.1","deviceUDID":"emulator-5554"}],"alwaysMatch":{}},"sessionId":"42fc1871-12cf-40a8-89d5-0ad1d1a94dd5"}}
&amp#27;[35m[WD Proxy]&amp#27;[39m Determined the downstream protocol as 'W3C'
[debug] &amp#27;[35m[WD Proxy]&amp#27;[39m Proxying [GET /appium/device/info] to [GET http://127.0.0.1:8202/wd/hub/session/42fc1871-12cf-40a8-89d5-0ad1d1a94dd5/appium/device/info] with no body
[debug] &amp#27;[35m[WD Proxy]&amp#27;[39m Got response with status 200: {"sessionId":"42fc1871-12cf-40a8-89d5-0ad1d1a94dd5","value":{"androidId":"36ad8e858761607e","apiVersion":"27","bluetooth":null,"brand":"google","carrierName":"Android","displayDensity":440,"locale":"en_US","manufacturer":"Google","model":"Android SDK built for x86","networks":[{"capabilities":{"SSID":null,"linkDownBandwidthKbps":102400,"linkUpstreamBandwidthKbps":51200,"networkCapabilities":"NET_CAPABILITY_MMS,NET_CAPABILITY_SUPL,NET_CAPABILITY_DUN,NET_CAPABILITY_FOTA,NET_CAPABILITY_IMS,NET_CAPABILITY_CBS,NET_CAPABILITY_IA,NET_CAPABILITY_INTERNET,NET_CAPABILITY_NOT_RESTRICTED,NET_CAPABILITY_TRUSTED,NET_CAPABILITY_NOT_VPN,NET_CAPABILITY_VALIDATED","signalStrength":-2147483648,"transportTypes":"TRANSPORT_CELLULAR"},"detailedState":"CONNECTED","extraInfo":"epc.tmobile.com","isAvailable":true,"isConnected":true,"isFailover":false,"isRoaming":false,"state":"CONNECTED","subtype":13,"subtypeName":"LTE","type":0,"typeName":"MOBILE"},{"capabilities":{"SSID":null,"linkDownBandwidthKbps":1048576,"linkUpstreamBandwidt...
[debug] &amp#27;[35m[ADB]&amp#27;[39m Running 'C:\Users\saurabhkumar04\AppData\Local\Android\Sdk\platform-tools\adb.exe -P 5037 -s emulator-5554 shell dumpsys window'
&amp#27;[35m[AndroidDriver]&amp#27;[39m Screen already unlocked, doing nothing
&amp#27;[35m[UiAutomator2]&amp#27;[39m Starting 'in.workindia.nileshdungarwal.workindiaandroid/in.workindia.nileshdungarwal.workindiaandroid.RegisterActivity and waiting for 'in.workindia.nileshdungarwal.workindiaandroid/in.workindia.nileshdungarwal.workindiaandroid.RegisterActivity'
[debug] &amp#27;[35m[ADB]&amp#27;[39m Running 'C:\Users\saurabhkumar04\AppData\Local\Android\Sdk\platform-tools\adb.exe -P 5037 -s emulator-5554 shell am start -W -n in.workindia.nileshdungarwal.workindiaandroid/in.workindia.nileshdungarwal.workindiaandroid.RegisterActivity -S -a android.intent.action.MAIN -c android.intent.category.LAUNCHER -f 0x10200000'
[debug] &amp#27;[35m[WD Proxy]&amp#27;[39m Proxying [GET /appium/device/pixel_ratio] to [GET http://127.0.0.1:8202/wd/hub/session/42fc1871-12cf-40a8-89d5-0ad1d1a94dd5/appium/device/pixel_ratio] with no body
[debug] &amp#27;[35m[WD Proxy]&amp#27;[39m Got response with status 200: {"sessionId":"42fc1871-12cf-40a8-89d5-0ad1d1a94dd5","value":2.75}
[debug] &amp#27;[35m[WD Proxy]&amp#27;[39m Matched '/appium/device/system_bars' to command name 'getSystemBars'
[debug] &amp#27;[35m[WD Proxy]&amp#27;[39m Proxying [GET /appium/device/system_bars] to [GET http://127.0.0.1:8202/wd/hub/session/42fc1871-12cf-40a8-89d5-0ad1d1a94dd5/appium/device/system_bars] with no body
[debug] &amp#27;[35m[WD Proxy]&amp#27;[39m Got response with status 200: {"sessionId":"42fc1871-12cf-40a8-89d5-0ad1d1a94dd5","value":{"statusBar":66}}
[debug] &amp#27;[35m[WD Proxy]&amp#27;[39m Matched '/window/current/size' to command name 'getWindowSize'
[debug] &amp#27;[35m[WD Proxy]&amp#27;[39m Proxying [GET /window/current/size] to [GET http://127.0.0.1:8202/wd/hub/session/42fc1871-12cf-40a8-89d5-0ad1d1a94dd5/window/current/size] with no body
[debug] &amp#27;[35m[WD Proxy]&amp#27;[39m Got response with status 200: {"sessionId":"42fc1871-12cf-40a8-89d5-0ad1d1a94dd5","value":{"height":2028,"width":1080}}
&amp#27;[35m[Appium]&amp#27;[39m New AndroidUiautomator2Driver session created successfully, session 30607eab-b327-4990-b2be-3e8e2ed0417b added to master session list
[debug] &amp#27;[35m[BaseDriver]&amp#27;[39m Event 'newSessionStarted' logged at 1610626584466 (17:46:24 GMT+0530 (India Standard Time))
[debug] &amp#27;[35m[W3C (30607eab)]&amp#27;[39m Cached the protocol value 'W3C' for the new session 30607eab-b327-4990-b2be-3e8e2ed0417b
[debug] &amp#27;[35m[W3C (30607eab)]&amp#27;[39m Responding to client with driver.createSession() result: {"capabilities":{"platform":"LINUX","webStorageEnabled":false,"takesScreenshot":true,"javascriptEnabled":true,"databaseEnabled":false,"networkConnectionEnabled":true,"locationContextEnabled":false,"warnings":{},"desired":{"platformName":"android","app":"./Resourses/in.workindia.apk","appActivity":"in.workindia.nileshdungarwal.workindiaandroid.RegisterActivity","appPackage":"in.workindia.nileshdungarwal.workindiaandroid","deviceName":"emulator-5554","platformVersion":"8.1"},"platformName":"android","app":"./Resourses/in.workindia.apk","appActivity":"in.workindia.nileshdungarwal.workindiaandroid.RegisterActivity","appPackage":"in.workindia.nileshdungarwal.workindiaandroid","deviceName":"emulator-5554","platformVersion":"8.1.0","deviceUDID":"emulator-5554","deviceApiLevel":27,"deviceScreenSize":"1080x2160","deviceScreenDensity":440,"deviceModel":"Android SDK built for x86","deviceManufacturer":"Google","pixelRatio":2.75,"statBarHeight":66,"viewportRect":{"left":0,"top":66,"width":1080,"height":1962}}}
&amp#27;[35m[HTTP]&amp#27;[39m &amp#27;[37m<-- POST /wd/hub/session &amp#27;[39m&amp#27;[32m200&amp#27;[39m &amp#27;[90m8965 ms - 1074&amp#27;[39m
&amp#27;[35m[HTTP]&amp#27;[39m &amp#27;[90m&amp#27;[39m
&amp#27;[35m[HTTP]&amp#27;[39m &amp#27;[37m-->&amp#27;[39m &amp#27;[37mGET&amp#27;[39m &amp#27;[37m/wd/hub/session/30607eab-b327-4990-b2be-3e8e2ed0417b&amp#27;[39m
&amp#27;[35m[HTTP]&amp#27;[39m &amp#27;[90m{}&amp#27;[39m
[debug] &amp#27;[35m[W3C (30607eab)]&amp#27;[39m Calling AppiumDriver.getSession() with args: ["30607eab-b327-4990-b2be-3e8e2ed0417b"]
[debug] &amp#27;[35m[UiAutomator2]&amp#27;[39m Getting session details from server to mix in
[debug] &amp#27;[35m[WD Proxy]&amp#27;[39m Matched '/' to command name 'getSession'
[debug] &amp#27;[35m[WD Proxy]&amp#27;[39m Proxying [GET /] to [GET http://127.0.0.1:8202/wd/hub/session/42fc1871-12cf-40a8-89d5-0ad1d1a94dd5] with no body
[debug] &amp#27;[35m[WD Proxy]&amp#27;[39m Got response with status 200: {"sessionId":"42fc1871-12cf-40a8-89d5-0ad1d1a94dd5","value":{"lastScrollData":null}}
[debug] &amp#27;[35m[W3C (30607eab)]&amp#27;[39m Responding to client with driver.getSession() result: {"platform":"LINUX","webStorageEnabled":false,"takesScreenshot":true,"javascriptEnabled":true,"databaseEnabled":false,"networkConnectionEnabled":true,"locationContextEnabled":false,"warnings":{},"desired":{"platformName":"android","app":"./Resourses/in.workindia.apk","appActivity":"in.workindia.nileshdungarwal.workindiaandroid.RegisterActivity","appPackage":"in.workindia.nileshdungarwal.workindiaandroid","deviceName":"emulator-5554","platformVersion":"8.1"},"platformName":"android","app":"./Resourses/in.workindia.apk","appActivity":"in.workindia.nileshdungarwal.workindiaandroid.RegisterActivity","appPackage":"in.workindia.nileshdungarwal.workindiaandroid","deviceName":"emulator-5554","platformVersion":"8.1.0","deviceUDID":"emulator-5554","deviceApiLevel":27,"deviceScreenSize":"1080x2160","deviceScreenDensity":440,"deviceModel":"Android SDK built for x86","deviceManufacturer":"Google","pixelRatio":2.75,"statBarHeight":66,"viewportRect":{"left":0,"top":66,"width":1080,"height":1962},"lastScrollData":null}
&amp#27;[35m[HTTP]&amp#27;[39m &amp#27;[37m<-- GET /wd/hub/session/30607eab-b327-4990-b2be-3e8e2ed0417b &amp#27;[39m&amp#27;[32m200&amp#27;[39m &amp#27;[90m49 ms - 1028&amp#27;[39m
&amp#27;[35m[HTTP]&amp#27;[39m &amp#27;[90m&amp#27;[39m
&amp#27;[35m[HTTP]&amp#27;[39m &amp#27;[37m-->&amp#27;[39m &amp#27;[37mGET&amp#27;[39m &amp#27;[37m/wd/hub/session/30607eab-b327-4990-b2be-3e8e2ed0417b&amp#27;[39m
&amp#27;[35m[HTTP]&amp#27;[39m &amp#27;[90m{}&amp#27;[39m
[debug] &amp#27;[35m[W3C (30607eab)]&amp#27;[39m Calling AppiumDriver.getSession() with args: ["30607eab-b327-4990-b2be-3e8e2ed0417b"]
[debug] &amp#27;[35m[UiAutomator2]&amp#27;[39m Getting session details from server to mix in
[debug] &amp#27;[35m[WD Proxy]&amp#27;[39m Matched '/' to command name 'getSession'
[debug] &amp#27;[35m[WD Proxy]&amp#27;[39m Proxying [GET /] to [GET http://127.0.0.1:8202/wd/hub/session/42fc1871-12cf-40a8-89d5-0ad1d1a94dd5] with no body
[debug] &amp#27;[35m[WD Proxy]&amp#27;[39m Got response with status 200: {"sessionId":"42fc1871-12cf-40a8-89d5-0ad1d1a94dd5","value":{"lastScrollData":null}}
[debug] &amp#27;[35m[W3C (30607eab)]&amp#27;[39m Responding to client with driver.getSession() result: {"platform":"LINUX","webStorageEnabled":false,"takesScreenshot":true,"javascriptEnabled":true,"databaseEnabled":false,"networkConnectionEnabled":true,"locationContextEnabled":false,"warnings":{},"desired":{"platformName":"android","app":"./Resourses/in.workindia.apk","appActivity":"in.workindia.nileshdungarwal.workindiaandroid.RegisterActivity","appPackage":"in.workindia.nileshdungarwal.workindiaandroid","deviceName":"emulator-5554","platformVersion":"8.1"},"platformName":"android","app":"./Resourses/in.workindia.apk","appActivity":"in.workindia.nileshdungarwal.workindiaandroid.RegisterActivity","appPackage":"in.workindia.nileshdungarwal.workindiaandroid","deviceName":"emulator-5554","platformVersion":"8.1.0","deviceUDID":"emulator-5554","deviceApiLevel":27,"deviceScreenSize":"1080x2160","deviceScreenDensity":440,"deviceModel":"Android SDK built for x86","deviceManufacturer":"Google","pixelRatio":2.75,"statBarHeight":66,"viewportRect":{"left":0,"top":66,"width":1080,"height":1962},"lastScrollData":null}
&amp#27;[35m[HTTP]&amp#27;[39m &amp#27;[37m<-- GET /wd/hub/session/30607eab-b327-4990-b2be-3e8e2ed0417b &amp#27;[39m&amp#27;[32m200&amp#27;[39m &amp#27;[90m43 ms - 1028&amp#27;[39m
&amp#27;[35m[HTTP]&amp#27;[39m &amp#27;[90m&amp#27;[39m
&amp#27;[35m[HTTP]&amp#27;[39m &amp#27;[37m-->&amp#27;[39m &amp#27;[37mPOST&amp#27;[39m &amp#27;[37m/wd/hub/session/30607eab-b327-4990-b2be-3e8e2ed0417b/timeouts&amp#27;[39m
&amp#27;[35m[HTTP]&amp#27;[39m &amp#27;[90m{"implicit":30000}&amp#27;[39m
[debug] &amp#27;[35m[W3C (30607eab)]&amp#27;[39m Calling AppiumDriver.timeouts() with args: [null,null,null,null,30000,"30607eab-b327-4990-b2be-3e8e2ed0417b"]
[debug] &amp#27;[35m[BaseDriver]&amp#27;[39m W3C timeout argument: {"implicit":30000}}
[debug] &amp#27;[35m[BaseDriver]&amp#27;[39m Set implicit wait to 30000ms
[debug] &amp#27;[35m[W3C (30607eab)]&amp#27;[39m Responding to client with driver.timeouts() result: null
&amp#27;[35m[HTTP]&amp#27;[39m &amp#27;[37m<-- POST /wd/hub/session/30607eab-b327-4990-b2be-3e8e2ed0417b/timeouts &amp#27;[39m&amp#27;[32m200&amp#27;[39m &amp#27;[90m9 ms - 14&amp#27;[39m
&amp#27;[35m[HTTP]&amp#27;[39m &amp#27;[90m&amp#27;[39m
&amp#27;[35m[HTTP]&amp#27;[39m &amp#27;[37m-->&amp#27;[39m &amp#27;[37mGET&amp#27;[39m &amp#27;[37m/wd/hub/session/30607eab-b327-4990-b2be-3e8e2ed0417b&amp#27;[39m
&amp#27;[35m[HTTP]&amp#27;[39m &amp#27;[90m{}&amp#27;[39m
[debug] &amp#27;[35m[W3C (30607eab)]&amp#27;[39m Calling AppiumDriver.getSession() with args: ["30607eab-b327-4990-b2be-3e8e2ed0417b"]
[debug] &amp#27;[35m[UiAutomator2]&amp#27;[39m Getting session details from server to mix in
[debug] &amp#27;[35m[WD Proxy]&amp#27;[39m Matched '/' to command name 'getSession'
[debug] &amp#27;[35m[WD Proxy]&amp#27;[39m Proxying [GET /] to [GET http://127.0.0.1:8202/wd/hub/session/42fc1871-12cf-40a8-89d5-0ad1d1a94dd5] with no body
[debug] &amp#27;[35m[WD Proxy]&amp#27;[39m Got response with status 200: {"sessionId":"42fc1871-12cf-40a8-89d5-0ad1d1a94dd5","value":{"lastScrollData":null}}
[debug] &amp#27;[35m[W3C (30607eab)]&amp#27;[39m Responding to client with driver.getSession() result: {"platform":"LINUX","webStorageEnabled":false,"takesScreenshot":true,"javascriptEnabled":true,"databaseEnabled":false,"networkConnectionEnabled":true,"locationContextEnabled":false,"warnings":{},"desired":{"platformName":"android","app":"./Resourses/in.workindia.apk","appActivity":"in.workindia.nileshdungarwal.workindiaandroid.RegisterActivity","appPackage":"in.workindia.nileshdungarwal.workindiaandroid","deviceName":"emulator-5554","platformVersion":"8.1"},"platformName":"android","app":"./Resourses/in.workindia.apk","appActivity":"in.workindia.nileshdungarwal.workindiaandroid.RegisterActivity","appPackage":"in.workindia.nileshdungarwal.workindiaandroid","deviceName":"emulator-5554","platformVersion":"8.1.0","deviceUDID":"emulator-5554","deviceApiLevel":27,"deviceScreenSize":"1080x2160","deviceScreenDensity":440,"deviceModel":"Android SDK built for x86","deviceManufacturer":"Google","pixelRatio":2.75,"statBarHeight":66,"viewportRect":{"left":0,"top":66,"width":1080,"height":1962},"lastScrollData":null}
&amp#27;[35m[HTTP]&amp#27;[39m &amp#27;[37m<-- GET /wd/hub/session/30607eab-b327-4990-b2be-3e8e2ed0417b &amp#27;[39m&amp#27;[32m200&amp#27;[39m &amp#27;[90m37 ms - 1028&amp#27;[39m
&amp#27;[35m[HTTP]&amp#27;[39m &amp#27;[90m&amp#27;[39m
&amp#27;[35m[HTTP]&amp#27;[39m &amp#27;[37m-->&amp#27;[39m &amp#27;[37mGET&amp#27;[39m &amp#27;[37m/wd/hub/session/30607eab-b327-4990-b2be-3e8e2ed0417b&amp#27;[39m
&amp#27;[35m[HTTP]&amp#27;[39m &amp#27;[90m{}&amp#27;[39m
[debug] &amp#27;[35m[W3C (30607eab)]&amp#27;[39m Calling AppiumDriver.getSession() with args: ["30607eab-b327-4990-b2be-3e8e2ed0417b"]
[debug] &amp#27;[35m[UiAutomator2]&amp#27;[39m Getting session details from server to mix in
[debug] &amp#27;[35m[WD Proxy]&amp#27;[39m Matched '/' to command name 'getSession'
[debug] &amp#27;[35m[WD Proxy]&amp#27;[39m Proxying [GET /] to [GET http://127.0.0.1:8202/wd/hub/session/42fc1871-12cf-40a8-89d5-0ad1d1a94dd5] with no body
[debug] &amp#27;[35m[WD Proxy]&amp#27;[39m Got response with status 200: {"sessionId":"42fc1871-12cf-40a8-89d5-0ad1d1a94dd5","value":{"lastScrollData":null}}
[debug] &amp#27;[35m[W3C (30607eab)]&amp#27;[39m Responding to client with driver.getSession() result: {"platform":"LINUX","webStorageEnabled":false,"takesScreenshot":true,"javascriptEnabled":true,"databaseEnabled":false,"networkConnectionEnabled":true,"locationContextEnabled":false,"warnings":{},"desired":{"platformName":"android","app":"./Resourses/in.workindia.apk","appActivity":"in.workindia.nileshdungarwal.workindiaandroid.RegisterActivity","appPackage":"in.workindia.nileshdungarwal.workindiaandroid","deviceName":"emulator-5554","platformVersion":"8.1"},"platformName":"android","app":"./Resourses/in.workindia.apk","appActivity":"in.workindia.nileshdungarwal.workindiaandroid.RegisterActivity","appPackage":"in.workindia.nileshdungarwal.workindiaandroid","deviceName":"emulator-5554","platformVersion":"8.1.0","deviceUDID":"emulator-5554","deviceApiLevel":27,"deviceScreenSize":"1080x2160","deviceScreenDensity":440,"deviceModel":"Android SDK built for x86","deviceManufacturer":"Google","pixelRatio":2.75,"statBarHeight":66,"viewportRect":{"left":0,"top":66,"width":1080,"height":1962},"lastScrollData":null}
&amp#27;[35m[HTTP]&amp#27;[39m &amp#27;[37m<-- GET /wd/hub/session/30607eab-b327-4990-b2be-3e8e2ed0417b &amp#27;[39m&amp#27;[32m200&amp#27;[39m &amp#27;[90m25 ms - 1028&amp#27;[39m
&amp#27;[35m[HTTP]&amp#27;[39m &amp#27;[90m&amp#27;[39m
&amp#27;[35m[HTTP]&amp#27;[39m &amp#27;[37m-->&amp#27;[39m &amp#27;[37mGET&amp#27;[39m &amp#27;[37m/wd/hub/session/30607eab-b327-4990-b2be-3e8e2ed0417b&amp#27;[39m
&amp#27;[35m[HTTP]&amp#27;[39m &amp#27;[90m{}&amp#27;[39m
[debug] &amp#27;[35m[W3C (30607eab)]&amp#27;[39m Calling AppiumDriver.getSession() with args: ["30607eab-b327-4990-b2be-3e8e2ed0417b"]
[debug] &amp#27;[35m[UiAutomator2]&amp#27;[39m Getting session details from server to mix in
[debug] &amp#27;[35m[WD Proxy]&amp#27;[39m Matched '/' to command name 'getSession'
[debug] &amp#27;[35m[WD Proxy]&amp#27;[39m Proxying [GET /] to [GET http://127.0.0.1:8202/wd/hub/session/42fc1871-12cf-40a8-89d5-0ad1d1a94dd5] with no body
[debug] &amp#27;[35m[WD Proxy]&amp#27;[39m Got response with status 200: {"sessionId":"42fc1871-12cf-40a8-89d5-0ad1d1a94dd5","value":{"lastScrollData":null}}
[debug] &amp#27;[35m[W3C (30607eab)]&amp#27;[39m Responding to client with driver.getSession() result: {"platform":"LINUX","webStorageEnabled":false,"takesScreenshot":true,"javascriptEnabled":true,"databaseEnabled":false,"networkConnectionEnabled":true,"locationContextEnabled":false,"warnings":{},"desired":{"platformName":"android","app":"./Resourses/in.workindia.apk","appActivity":"in.workindia.nileshdungarwal.workindiaandroid.RegisterActivity","appPackage":"in.workindia.nileshdungarwal.workindiaandroid","deviceName":"emulator-5554","platformVersion":"8.1"},"platformName":"android","app":"./Resourses/in.workindia.apk","appActivity":"in.workindia.nileshdungarwal.workindiaandroid.RegisterActivity","appPackage":"in.workindia.nileshdungarwal.workindiaandroid","deviceName":"emulator-5554","platformVersion":"8.1.0","deviceUDID":"emulator-5554","deviceApiLevel":27,"deviceScreenSize":"1080x2160","deviceScreenDensity":440,"deviceModel":"Android SDK built for x86","deviceManufacturer":"Google","pixelRatio":2.75,"statBarHeight":66,"viewportRect":{"left":0,"top":66,"width":1080,"height":1962},"lastScrollData":null}
&amp#27;[35m[HTTP]&amp#27;[39m &amp#27;[37m<-- GET /wd/hub/session/30607eab-b327-4990-b2be-3e8e2ed0417b &amp#27;[39m&amp#27;[32m200&amp#27;[39m &amp#27;[90m20 ms - 1028&amp#27;[39m
&amp#27;[35m[HTTP]&amp#27;[39m &amp#27;[90m&amp#27;[39m
&amp#27;[35m[HTTP]&amp#27;[39m &amp#27;[37m-->&amp#27;[39m &amp#27;[37mPOST&amp#27;[39m &amp#27;[37m/wd/hub/session/30607eab-b327-4990-b2be-3e8e2ed0417b/element&amp#27;[39m
&amp#27;[35m[HTTP]&amp#27;[39m &amp#27;[90m{"using":"id","value":"in.workindia.nileshdungarwal.workindiaandroid:id/et_name"}&amp#27;[39m
[debug] &amp#27;[35m[W3C (30607eab)]&amp#27;[39m Calling AppiumDriver.findElement() with args: ["id","in.workindia.nileshdungarwal.workindiaandroid:id/et_name","30607eab-b327-4990-b2be-3e8e2ed0417b"]
[debug] &amp#27;[35m[BaseDriver]&amp#27;[39m Valid locator strategies for this request: xpath, id, class name, accessibility id, css selector, -android uiautomator
[debug] &amp#27;[35m[BaseDriver]&amp#27;[39m Waiting up to 30000 ms for condition
[debug] &amp#27;[35m[WD Proxy]&amp#27;[39m Matched '/element' to command name 'findElement'
[debug] &amp#27;[35m[WD Proxy]&amp#27;[39m Proxying [POST /element] to [POST http://127.0.0.1:8202/wd/hub/session/42fc1871-12cf-40a8-89d5-0ad1d1a94dd5/element] with body: {"strategy":"id","selector":"in.workindia.nileshdungarwal.workindiaandroid:id/et_name","context":"","multiple":false}
[debug] &amp#27;[35m[WD Proxy]&amp#27;[39m Got response with status 200: {"sessionId":"42fc1871-12cf-40a8-89d5-0ad1d1a94dd5","value":{"ELEMENT":"5e310de4-d8b9-4cf4-84dc-1d08f477b160","element-6066-11e4-a52e-4f735466cecf":"5e310de4-d8b9-4cf4-84dc-1d08f477b160"}}
[debug] &amp#27;[35m[W3C (30607eab)]&amp#27;[39m Responding to client with driver.findElement() result: {"element-6066-11e4-a52e-4f735466cecf":"5e310de4-d8b9-4cf4-84dc-1d08f477b160","ELEMENT":"5e310de4-d8b9-4cf4-84dc-1d08f477b160"}
&amp#27;[35m[HTTP]&amp#27;[39m &amp#27;[37m<-- POST /wd/hub/session/30607eab-b327-4990-b2be-3e8e2ed0417b/element &amp#27;[39m&amp#27;[32m200&amp#27;[39m &amp#27;[90m613 ms - 137&amp#27;[39m
&amp#27;[35m[HTTP]&amp#27;[39m &amp#27;[90m&amp#27;[39m
&amp#27;[35m[HTTP]&amp#27;[39m &amp#27;[37m-->&amp#27;[39m &amp#27;[37mPOST&amp#27;[39m &amp#27;[37m/wd/hub/session/30607eab-b327-4990-b2be-3e8e2ed0417b/element/5e310de4-d8b9-4cf4-84dc-1d08f477b160/value&amp#27;[39m
&amp#27;[35m[HTTP]&amp#27;[39m &amp#27;[90m{"id":"5e310de4-d8b9-4cf4-84dc-1d08f477b160","text":"Rajat","value":["R","a","j","a","t"]}&amp#27;[39m
[debug] &amp#27;[35m[W3C (30607eab)]&amp#27;[39m Calling AppiumDriver.setValue() with args: [["R","a","j","a","t"],"5e310de4-d8b9-4cf4-84dc-1d08f477b160","30607eab-b327-4990-b2be-3e8e2ed0417b"]
[debug] &amp#27;[35m[WD Proxy]&amp#27;[39m Matched '/element/5e310de4-d8b9-4cf4-84dc-1d08f477b160/value' to command name 'setValue'
[debug] &amp#27;[35m[Protocol Converter]&amp#27;[39m Added 'value' property ["R","a","j","a","t"] to 'setValue' request body
[debug] &amp#27;[35m[WD Proxy]&amp#27;[39m Proxying [POST /element/5e310de4-d8b9-4cf4-84dc-1d08f477b160/value] to [POST http://127.0.0.1:8202/wd/hub/session/42fc1871-12cf-40a8-89d5-0ad1d1a94dd5/element/5e310de4-d8b9-4cf4-84dc-1d08f477b160/value] with body: {"elementId":"5e310de4-d8b9-4cf4-84dc-1d08f477b160","text":"Rajat","replace":false,"value":["R","a","j","a","t"]}
[debug] &amp#27;[35m[WD Proxy]&amp#27;[39m Got response with status 200: {"sessionId":"42fc1871-12cf-40a8-89d5-0ad1d1a94dd5","value":null}
[debug] &amp#27;[35m[W3C (30607eab)]&amp#27;[39m Responding to client with driver.setValue() result: null
&amp#27;[35m[HTTP]&amp#27;[39m &amp#27;[37m<-- POST /wd/hub/session/30607eab-b327-4990-b2be-3e8e2ed0417b/element/5e310de4-d8b9-4cf4-84dc-1d08f477b160/value &amp#27;[39m&amp#27;[32m200&amp#27;[39m &amp#27;[90m36 ms - 14&amp#27;[39m
&amp#27;[35m[HTTP]&amp#27;[39m &amp#27;[90m&amp#27;[39m
&amp#27;[35m[HTTP]&amp#27;[39m &amp#27;[37m-->&amp#27;[39m &amp#27;[37mGET&amp#27;[39m &amp#27;[37m/wd/hub/session/30607eab-b327-4990-b2be-3e8e2ed0417b&amp#27;[39m
&amp#27;[35m[HTTP]&amp#27;[39m &amp#27;[90m{}&amp#27;[39m
[debug] &amp#27;[35m[W3C (30607eab)]&amp#27;[39m Calling AppiumDriver.getSession() with args: ["30607eab-b327-4990-b2be-3e8e2ed0417b"]
[debug] &amp#27;[35m[UiAutomator2]&amp#27;[39m Getting session details from server to mix in
[debug] &amp#27;[35m[WD Proxy]&amp#27;[39m Matched '/' to command name 'getSession'
[debug] &amp#27;[35m[WD Proxy]&amp#27;[39m Proxying [GET /] to [GET http://127.0.0.1:8202/wd/hub/session/42fc1871-12cf-40a8-89d5-0ad1d1a94dd5] with no body
[debug] &amp#27;[35m[WD Proxy]&amp#27;[39m Got response with status 200: {"sessionId":"42fc1871-12cf-40a8-89d5-0ad1d1a94dd5","value":{"lastScrollData":null}}
[debug] &amp#27;[35m[W3C (30607eab)]&amp#27;[39m Responding to client with driver.getSession() result: {"platform":"LINUX","webStorageEnabled":false,"takesScreenshot":true,"javascriptEnabled":true,"databaseEnabled":false,"networkConnectionEnabled":true,"locationContextEnabled":false,"warnings":{},"desired":{"platformName":"android","app":"./Resourses/in.workindia.apk","appActivity":"in.workindia.nileshdungarwal.workindiaandroid.RegisterActivity","appPackage":"in.workindia.nileshdungarwal.workindiaandroid","deviceName":"emulator-5554","platformVersion":"8.1"},"platformName":"android","app":"./Resourses/in.workindia.apk","appActivity":"in.workindia.nileshdungarwal.workindiaandroid.RegisterActivity","appPackage":"in.workindia.nileshdungarwal.workindiaandroid","deviceName":"emulator-5554","platformVersion":"8.1.0","deviceUDID":"emulator-5554","deviceApiLevel":27,"deviceScreenSize":"1080x2160","deviceScreenDensity":440,"deviceModel":"Android SDK built for x86","deviceManufacturer":"Google","pixelRatio":2.75,"statBarHeight":66,"viewportRect":{"left":0,"top":66,"width":1080,"height":1962},"lastScrollData":null}
&amp#27;[35m[HTTP]&amp#27;[39m &amp#27;[37m<-- GET /wd/hub/session/30607eab-b327-4990-b2be-3e8e2ed0417b &amp#27;[39m&amp#27;[32m200&amp#27;[39m &amp#27;[90m18 ms - 1028&amp#27;[39m
&amp#27;[35m[HTTP]&amp#27;[39m &amp#27;[90m&amp#27;[39m
&amp#27;[35m[HTTP]&amp#27;[39m &amp#27;[37m-->&amp#27;[39m &amp#27;[37mPOST&amp#27;[39m &amp#27;[37m/wd/hub/session/30607eab-b327-4990-b2be-3e8e2ed0417b/element&amp#27;[39m
&amp#27;[35m[HTTP]&amp#27;[39m &amp#27;[90m{"using":"id","value":"in.workindia.nileshdungarwal.workindiaandroid:id/et_number"}&amp#27;[39m
[debug] &amp#27;[35m[W3C (30607eab)]&amp#27;[39m Calling AppiumDriver.findElement() with args: ["id","in.workindia.nileshdungarwal.workindiaandroid:id/et_number","30607eab-b327-4990-b2be-3e8e2ed0417b"]
[debug] &amp#27;[35m[BaseDriver]&amp#27;[39m Valid locator strategies for this request: xpath, id, class name, accessibility id, css selector, -android uiautomator
[debug] &amp#27;[35m[BaseDriver]&amp#27;[39m Waiting up to 30000 ms for condition
[debug] &amp#27;[35m[WD Proxy]&amp#27;[39m Matched '/element' to command name 'findElement'
[debug] &amp#27;[35m[WD Proxy]&amp#27;[39m Proxying [POST /element] to [POST http://127.0.0.1:8202/wd/hub/session/42fc1871-12cf-40a8-89d5-0ad1d1a94dd5/element] with body: {"strategy":"id","selector":"in.workindia.nileshdungarwal.workindiaandroid:id/et_number","context":"","multiple":false}
[debug] &amp#27;[35m[WD Proxy]&amp#27;[39m Got response with status 200: {"sessionId":"42fc1871-12cf-40a8-89d5-0ad1d1a94dd5","value":{"ELEMENT":"76d5f41c-b583-448a-80d3-2e699f899ddd","element-6066-11e4-a52e-4f735466cecf":"76d5f41c-b583-448a-80d3-2e699f899ddd"}}
[debug] &amp#27;[35m[W3C (30607eab)]&amp#27;[39m Responding to client with driver.findElement() result: {"element-6066-11e4-a52e-4f735466cecf":"76d5f41c-b583-448a-80d3-2e699f899ddd","ELEMENT":"76d5f41c-b583-448a-80d3-2e699f899ddd"}
&amp#27;[35m[HTTP]&amp#27;[39m &amp#27;[37m<-- POST /wd/hub/session/30607eab-b327-4990-b2be-3e8e2ed0417b/element &amp#27;[39m&amp#27;[32m200&amp#27;[39m &amp#27;[90m496 ms - 137&amp#27;[39m
&amp#27;[35m[HTTP]&amp#27;[39m &amp#27;[90m&amp#27;[39m
&amp#27;[35m[HTTP]&amp#27;[39m &amp#27;[37m-->&amp#27;[39m &amp#27;[37mPOST&amp#27;[39m &amp#27;[37m/wd/hub/session/30607eab-b327-4990-b2be-3e8e2ed0417b/element/76d5f41c-b583-448a-80d3-2e699f899ddd/value&amp#27;[39m
&amp#27;[35m[HTTP]&amp#27;[39m &amp#27;[90m{"id":"76d5f41c-b583-448a-80d3-2e699f899ddd","text":"96509157","value":["9","6","5","0","9","1","5","7"]}&amp#27;[39m
[debug] &amp#27;[35m[W3C (30607eab)]&amp#27;[39m Calling AppiumDriver.setValue() with args: [["9","6","5","0","9","1","5","7"],"76d5f41c-b583-448a-80d3-2e699f899ddd","30607eab-b327-4990-b2be-3e8e2ed0417b"]
[debug] &amp#27;[35m[WD Proxy]&amp#27;[39m Matched '/element/76d5f41c-b583-448a-80d3-2e699f899ddd/value' to command name 'setValue'
[debug] &amp#27;[35m[Protocol Converter]&amp#27;[39m Added 'value' property ["9","6","5","0","9","1","5","7"] to 'setValue' request body
[debug] &amp#27;[35m[WD Proxy]&amp#27;[39m Proxying [POST /element/76d5f41c-b583-448a-80d3-2e699f899ddd/value] to [POST http://127.0.0.1:8202/wd/hub/session/42fc1871-12cf-40a8-89d5-0ad1d1a94dd5/element/76d5f41c-b583-448a-80d3-2e699f899ddd/value] with body: {"elementId":"76d5f41c-b583-448a-80d3-2e699f899ddd","text":"96509157","replace":false,"value":["9","6","5","0","9","1","5","7"]}
[debug] &amp#27;[35m[WD Proxy]&amp#27;[39m Got response with status 200: {"sessionId":"42fc1871-12cf-40a8-89d5-0ad1d1a94dd5","value":null}
[debug] &amp#27;[35m[W3C (30607eab)]&amp#27;[39m Responding to client with driver.setValue() result: null
&amp#27;[35m[HTTP]&amp#27;[39m &amp#27;[37m<-- POST /wd/hub/session/30607eab-b327-4990-b2be-3e8e2ed0417b/element/76d5f41c-b583-448a-80d3-2e699f899ddd/value &amp#27;[39m&amp#27;[32m200&amp#27;[39m &amp#27;[90m33 ms - 14&amp#27;[39m
&amp#27;[35m[HTTP]&amp#27;[39m &amp#27;[90m&amp#27;[39m
&amp#27;[35m[HTTP]&amp#27;[39m &amp#27;[37m-->&amp#27;[39m &amp#27;[37mGET&amp#27;[39m &amp#27;[37m/wd/hub/session/30607eab-b327-4990-b2be-3e8e2ed0417b&amp#27;[39m
&amp#27;[35m[HTTP]&amp#27;[39m &amp#27;[90m{}&amp#27;[39m
[debug] &amp#27;[35m[W3C (30607eab)]&amp#27;[39m Calling AppiumDriver.getSession() with args: ["30607eab-b327-4990-b2be-3e8e2ed0417b"]
[debug] &amp#27;[35m[UiAutomator2]&amp#27;[39m Getting session details from server to mix in
[debug] &amp#27;[35m[WD Proxy]&amp#27;[39m Matched '/' to command name 'getSession'
[debug] &amp#27;[35m[WD Proxy]&amp#27;[39m Proxying [GET /] to [GET http://127.0.0.1:8202/wd/hub/session/42fc1871-12cf-40a8-89d5-0ad1d1a94dd5] with no body
[debug] &amp#27;[35m[WD Proxy]&amp#27;[39m Got response with status 200: {"sessionId":"42fc1871-12cf-40a8-89d5-0ad1d1a94dd5","value":{"lastScrollData":null}}
[debug] &amp#27;[35m[W3C (30607eab)]&amp#27;[39m Responding to client with driver.getSession() result: {"platform":"LINUX","webStorageEnabled":false,"takesScreenshot":true,"javascriptEnabled":true,"databaseEnabled":false,"networkConnectionEnabled":true,"locationContextEnabled":false,"warnings":{},"desired":{"platformName":"android","app":"./Resourses/in.workindia.apk","appActivity":"in.workindia.nileshdungarwal.workindiaandroid.RegisterActivity","appPackage":"in.workindia.nileshdungarwal.workindiaandroid","deviceName":"emulator-5554","platformVersion":"8.1"},"platformName":"android","app":"./Resourses/in.workindia.apk","appActivity":"in.workindia.nileshdungarwal.workindiaandroid.RegisterActivity","appPackage":"in.workindia.nileshdungarwal.workindiaandroid","deviceName":"emulator-5554","platformVersion":"8.1.0","deviceUDID":"emulator-5554","deviceApiLevel":27,"deviceScreenSize":"1080x2160","deviceScreenDensity":440,"deviceModel":"Android SDK built for x86","deviceManufacturer":"Google","pixelRatio":2.75,"statBarHeight":66,"viewportRect":{"left":0,"top":66,"width":1080,"height":1962},"lastScrollData":null}
&amp#27;[35m[HTTP]&amp#27;[39m &amp#27;[37m<-- GET /wd/hub/session/30607eab-b327-4990-b2be-3e8e2ed0417b &amp#27;[39m&amp#27;[32m200&amp#27;[39m &amp#27;[90m16 ms - 1028&amp#27;[39m
&amp#27;[35m[HTTP]&amp#27;[39m &amp#27;[90m&amp#27;[39m
&amp#27;[35m[HTTP]&amp#27;[39m &amp#27;[37m-->&amp#27;[39m &amp#27;[37mGET&amp#27;[39m &amp#27;[37m/wd/hub/session/30607eab-b327-4990-b2be-3e8e2ed0417b&amp#27;[39m
&amp#27;[35m[HTTP]&amp#27;[39m &amp#27;[90m{}&amp#27;[39m
[debug] &amp#27;[35m[W3C (30607eab)]&amp#27;[39m Calling AppiumDriver.getSession() with args: ["30607eab-b327-4990-b2be-3e8e2ed0417b"]
[debug] &amp#27;[35m[UiAutomator2]&amp#27;[39m Getting session details from server to mix in
[debug] &amp#27;[35m[WD Proxy]&amp#27;[39m Matched '/' to command name 'getSession'
[debug] &amp#27;[35m[WD Proxy]&amp#27;[39m Proxying [GET /] to [GET http://127.0.0.1:8202/wd/hub/session/42fc1871-12cf-40a8-89d5-0ad1d1a94dd5] with no body
[debug] &amp#27;[35m[WD Proxy]&amp#27;[39m Got response with status 200: {"sessionId":"42fc1871-12cf-40a8-89d5-0ad1d1a94dd5","value":{"lastScrollData":null}}
[debug] &amp#27;[35m[W3C (30607eab)]&amp#27;[39m Responding to client with driver.getSession() result: {"platform":"LINUX","webStorageEnabled":false,"takesScreenshot":true,"javascriptEnabled":true,"databaseEnabled":false,"networkConnectionEnabled":true,"locationContextEnabled":false,"warnings":{},"desired":{"platformName":"android","app":"./Resourses/in.workindia.apk","appActivity":"in.workindia.nileshdungarwal.workindiaandroid.RegisterActivity","appPackage":"in.workindia.nileshdungarwal.workindiaandroid","deviceName":"emulator-5554","platformVersion":"8.1"},"platformName":"android","app":"./Resourses/in.workindia.apk","appActivity":"in.workindia.nileshdungarwal.workindiaandroid.RegisterActivity","appPackage":"in.workindia.nileshdungarwal.workindiaandroid","deviceName":"emulator-5554","platformVersion":"8.1.0","deviceUDID":"emulator-5554","deviceApiLevel":27,"deviceScreenSize":"1080x2160","deviceScreenDensity":440,"deviceModel":"Android SDK built for x86","deviceManufacturer":"Google","pixelRatio":2.75,"statBarHeight":66,"viewportRect":{"left":0,"top":66,"width":1080,"height":1962},"lastScrollData":null}
&amp#27;[35m[HTTP]&amp#27;[39m &amp#27;[37m<-- GET /wd/hub/session/30607eab-b327-4990-b2be-3e8e2ed0417b &amp#27;[39m&amp#27;[32m200&amp#27;[39m &amp#27;[90m13 ms - 1028&amp#27;[39m
&amp#27;[35m[HTTP]&amp#27;[39m &amp#27;[90m&amp#27;[39m
&amp#27;[35m[HTTP]&amp#27;[39m &amp#27;[37m-->&amp#27;[39m &amp#27;[37mGET&amp#27;[39m &amp#27;[37m/wd/hub/session/30607eab-b327-4990-b2be-3e8e2ed0417b&amp#27;[39m
&amp#27;[35m[HTTP]&amp#27;[39m &amp#27;[90m{}&amp#27;[39m
[debug] &amp#27;[35m[W3C (30607eab)]&amp#27;[39m Calling AppiumDriver.getSession() with args: ["30607eab-b327-4990-b2be-3e8e2ed0417b"]
[debug] &amp#27;[35m[UiAutomator2]&amp#27;[39m Getting session details from server to mix in
[debug] &amp#27;[35m[WD Proxy]&amp#27;[39m Matched '/' to command name 'getSession'
[debug] &amp#27;[35m[WD Proxy]&amp#27;[39m Proxying [GET /] to [GET http://127.0.0.1:8202/wd/hub/session/42fc1871-12cf-40a8-89d5-0ad1d1a94dd5] with no body
[debug] &amp#27;[35m[WD Proxy]&amp#27;[39m Got response with status 200: {"sessionId":"42fc1871-12cf-40a8-89d5-0ad1d1a94dd5","value":{"lastScrollData":null}}
[debug] &amp#27;[35m[W3C (30607eab)]&amp#27;[39m Responding to client with driver.getSession() result: {"platform":"LINUX","webStorageEnabled":false,"takesScreenshot":true,"javascriptEnabled":true,"databaseEnabled":false,"networkConnectionEnabled":true,"locationContextEnabled":false,"warnings":{},"desired":{"platformName":"android","app":"./Resourses/in.workindia.apk","appActivity":"in.workindia.nileshdungarwal.workindiaandroid.RegisterActivity","appPackage":"in.workindia.nileshdungarwal.workindiaandroid","deviceName":"emulator-5554","platformVersion":"8.1"},"platformName":"android","app":"./Resourses/in.workindia.apk","appActivity":"in.workindia.nileshdungarwal.workindiaandroid.RegisterActivity","appPackage":"in.workindia.nileshdungarwal.workindiaandroid","deviceName":"emulator-5554","platformVersion":"8.1.0","deviceUDID":"emulator-5554","deviceApiLevel":27,"deviceScreenSize":"1080x2160","deviceScreenDensity":440,"deviceModel":"Android SDK built for x86","deviceManufacturer":"Google","pixelRatio":2.75,"statBarHeight":66,"viewportRect":{"left":0,"top":66,"width":1080,"height":1962},"lastScrollData":null}
&amp#27;[35m[HTTP]&amp#27;[39m &amp#27;[37m<-- GET /wd/hub/session/30607eab-b327-4990-b2be-3e8e2ed0417b &amp#27;[39m&amp#27;[32m200&amp#27;[39m &amp#27;[90m17 ms - 1028&amp#27;[39m
&amp#27;[35m[HTTP]&amp#27;[39m &amp#27;[90m&amp#27;[39m
&amp#27;[35m[HTTP]&amp#27;[39m &amp#27;[37m-->&amp#27;[39m &amp#27;[37mPOST&amp#27;[39m &amp#27;[37m/wd/hub/session/30607eab-b327-4990-b2be-3e8e2ed0417b/element&amp#27;[39m
&amp#27;[35m[HTTP]&amp#27;[39m &amp#27;[90m{"using":"id","value":"in.workindia.nileshdungarwal.workindiaandroid:id/btn_submit"}&amp#27;[39m
[debug] &amp#27;[35m[W3C (30607eab)]&amp#27;[39m Calling AppiumDriver.findElement() with args: ["id","in.workindia.nileshdungarwal.workindiaandroid:id/btn_submit","30607eab-b327-4990-b2be-3e8e2ed0417b"]
[debug] &amp#27;[35m[BaseDriver]&amp#27;[39m Valid locator strategies for this request: xpath, id, class name, accessibility id, css selector, -android uiautomator
[debug] &amp#27;[35m[BaseDriver]&amp#27;[39m Waiting up to 30000 ms for condition
[debug] &amp#27;[35m[WD Proxy]&amp#27;[39m Matched '/element' to command name 'findElement'
[debug] &amp#27;[35m[WD Proxy]&amp#27;[39m Proxying [POST /element] to [POST http://127.0.0.1:8202/wd/hub/session/42fc1871-12cf-40a8-89d5-0ad1d1a94dd5/element] with body: {"strategy":"id","selector":"in.workindia.nileshdungarwal.workindiaandroid:id/btn_submit","context":"","multiple":false}
[debug] &amp#27;[35m[WD Proxy]&amp#27;[39m Got response with status 200: {"sessionId":"42fc1871-12cf-40a8-89d5-0ad1d1a94dd5","value":{"ELEMENT":"030900c0-3613-4971-94ad-80524e9f0d12","element-6066-11e4-a52e-4f735466cecf":"030900c0-3613-4971-94ad-80524e9f0d12"}}
[debug] &amp#27;[35m[W3C (30607eab)]&amp#27;[39m Responding to client with driver.findElement() result: {"element-6066-11e4-a52e-4f735466cecf":"030900c0-3613-4971-94ad-80524e9f0d12","ELEMENT":"030900c0-3613-4971-94ad-80524e9f0d12"}
&amp#27;[35m[HTTP]&amp#27;[39m &amp#27;[37m<-- POST /wd/hub/session/30607eab-b327-4990-b2be-3e8e2ed0417b/element &amp#27;[39m&amp#27;[32m200&amp#27;[39m &amp#27;[90m433 ms - 137&amp#27;[39m
&amp#27;[35m[HTTP]&amp#27;[39m &amp#27;[90m&amp#27;[39m
&amp#27;[35m[HTTP]&amp#27;[39m &amp#27;[37m-->&amp#27;[39m &amp#27;[37mPOST&amp#27;[39m &amp#27;[37m/wd/hub/session/30607eab-b327-4990-b2be-3e8e2ed0417b/element/030900c0-3613-4971-94ad-80524e9f0d12/click&amp#27;[39m
&amp#27;[35m[HTTP]&amp#27;[39m &amp#27;[90m{"id":"030900c0-3613-4971-94ad-80524e9f0d12"}&amp#27;[39m
[debug] &amp#27;[35m[W3C (30607eab)]&amp#27;[39m Calling AppiumDriver.click() with args: ["030900c0-3613-4971-94ad-80524e9f0d12","30607eab-b327-4990-b2be-3e8e2ed0417b"]
[debug] &amp#27;[35m[WD Proxy]&amp#27;[39m Matched '/element/030900c0-3613-4971-94ad-80524e9f0d12/click' to command name 'click'
[debug] &amp#27;[35m[WD Proxy]&amp#27;[39m Proxying [POST /element/030900c0-3613-4971-94ad-80524e9f0d12/click] to [POST http://127.0.0.1:8202/wd/hub/session/42fc1871-12cf-40a8-89d5-0ad1d1a94dd5/element/030900c0-3613-4971-94ad-80524e9f0d12/click] with body: {"element":"030900c0-3613-4971-94ad-80524e9f0d12"}
[debug] &amp#27;[35m[WD Proxy]&amp#27;[39m Got response with status 200: {"sessionId":"42fc1871-12cf-40a8-89d5-0ad1d1a94dd5","value":null}
[debug] &amp#27;[35m[W3C (30607eab)]&amp#27;[39m Responding to client with driver.click() result: null
&amp#27;[35m[HTTP]&amp#27;[39m &amp#27;[37m<-- POST /wd/hub/session/30607eab-b327-4990-b2be-3e8e2ed0417b/element/030900c0-3613-4971-94ad-80524e9f0d12/click &amp#27;[39m&amp#27;[32m200&amp#27;[39m &amp#27;[90m25 ms - 14&amp#27;[39m
&amp#27;[35m[HTTP]&amp#27;[39m &amp#27;[90m&amp#27;[39m
&amp#27;[35m[HTTP]&amp#27;[39m &amp#27;[37m-->&amp#27;[39m &amp#27;[37mPOST&amp#27;[39m &amp#27;[37m/wd/hub/session/30607eab-b327-4990-b2be-3e8e2ed0417b/timeouts&amp#27;[39m
&amp#27;[35m[HTTP]&amp#27;[39m &amp#27;[90m{"implicit":50000}&amp#27;[39m
[debug] &amp#27;[35m[W3C (30607eab)]&amp#27;[39m Calling AppiumDriver.timeouts() with args: [null,null,null,null,50000,"30607eab-b327-4990-b2be-3e8e2ed0417b"]
[debug] &amp#27;[35m[BaseDriver]&amp#27;[39m W3C timeout argument: {"implicit":50000}}
[debug] &amp#27;[35m[BaseDriver]&amp#27;[39m Set implicit wait to 50000ms
[debug] &amp#27;[35m[W3C (30607eab)]&amp#27;[39m Responding to client with driver.timeouts() result: null
&amp#27;[35m[HTTP]&amp#27;[39m &amp#27;[37m<-- POST /wd/hub/session/30607eab-b327-4990-b2be-3e8e2ed0417b/timeouts &amp#27;[39m&amp#27;[32m200&amp#27;[39m &amp#27;[90m5 ms - 14&amp#27;[39m
&amp#27;[35m[HTTP]&amp#27;[39m &amp#27;[90m&amp#27;[39m
&amp#27;[35m[HTTP]&amp#27;[39m &amp#27;[37m-->&amp#27;[39m &amp#27;[37mPOST&amp#27;[39m &amp#27;[37m/wd/hub/session/30607eab-b327-4990-b2be-3e8e2ed0417b/element&amp#27;[39m
&amp#27;[35m[HTTP]&amp#27;[39m &amp#27;[90m{"using":"xpath","value":"//*[@text='Job Search']"}&amp#27;[39m
[debug] &amp#27;[35m[W3C (30607eab)]&amp#27;[39m Calling AppiumDriver.findElement() with args: ["xpath","//*[@text='Job Search']","30607eab-b327-4990-b2be-3e8e2ed0417b"]
[debug] &amp#27;[35m[BaseDriver]&amp#27;[39m Valid locator strategies for this request: xpath, id, class name, accessibility id, css selector, -android uiautomator
[debug] &amp#27;[35m[BaseDriver]&amp#27;[39m Waiting up to 50000 ms for condition
[debug] &amp#27;[35m[WD Proxy]&amp#27;[39m Matched '/element' to command name 'findElement'
[debug] &amp#27;[35m[WD Proxy]&amp#27;[39m Proxying [POST /element] to [POST http://127.0.0.1:8202/wd/hub/session/42fc1871-12cf-40a8-89d5-0ad1d1a94dd5/element] with body: {"strategy":"xpath","selector":"//*[@text='Job Search']","context":"","multiple":false}
[debug] &amp#27;[35m[WD Proxy]&amp#27;[39m Got response with status 200: {"sessionId":"42fc1871-12cf-40a8-89d5-0ad1d1a94dd5","value":{"ELEMENT":"0f42d40a-4e0e-4e75-b0b5-4399d41863d5","element-6066-11e4-a52e-4f735466cecf":"0f42d40a-4e0e-4e75-b0b5-4399d41863d5"}}
[debug] &amp#27;[35m[W3C (30607eab)]&amp#27;[39m Responding to client with driver.findElement() result: {"element-6066-11e4-a52e-4f735466cecf":"0f42d40a-4e0e-4e75-b0b5-4399d41863d5","ELEMENT":"0f42d40a-4e0e-4e75-b0b5-4399d41863d5"}
&amp#27;[35m[HTTP]&amp#27;[39m &amp#27;[37m<-- POST /wd/hub/session/30607eab-b327-4990-b2be-3e8e2ed0417b/element &amp#27;[39m&amp#27;[32m200&amp#27;[39m &amp#27;[90m693 ms - 137&amp#27;[39m
&amp#27;[35m[HTTP]&amp#27;[39m &amp#27;[90m&amp#27;[39m
&amp#27;[35m[HTTP]&amp#27;[39m &amp#27;[37m-->&amp#27;[39m &amp#27;[37mGET&amp#27;[39m &amp#27;[37m/wd/hub/session/30607eab-b327-4990-b2be-3e8e2ed0417b/element/0f42d40a-4e0e-4e75-b0b5-4399d41863d5/text&amp#27;[39m
&amp#27;[35m[HTTP]&amp#27;[39m &amp#27;[90m{}&amp#27;[39m
&amp#27;[35m[W3C (30607eab)]&amp#27;[39m Driver proxy active, passing request on via HTTP proxy
[debug] &amp#27;[35m[WD Proxy]&amp#27;[39m Matched '/wd/hub/session/30607eab-b327-4990-b2be-3e8e2ed0417b/element/0f42d40a-4e0e-4e75-b0b5-4399d41863d5/text' to command name 'getText'
[debug] &amp#27;[35m[WD Proxy]&amp#27;[39m Proxying [GET /wd/hub/session/30607eab-b327-4990-b2be-3e8e2ed0417b/element/0f42d40a-4e0e-4e75-b0b5-4399d41863d5/text] to [GET http://127.0.0.1:8202/wd/hub/session/42fc1871-12cf-40a8-89d5-0ad1d1a94dd5/element/0f42d40a-4e0e-4e75-b0b5-4399d41863d5/text] with no body
[debug] &amp#27;[35m[WD Proxy]&amp#27;[39m Got response with status 200: {"sessionId":"42fc1871-12cf-40a8-89d5-0ad1d1a94dd5","value":"Job Search"}
&amp#27;[35m[WD Proxy]&amp#27;[39m Replacing sessionId 42fc1871-12cf-40a8-89d5-0ad1d1a94dd5 with 30607eab-b327-4990-b2be-3e8e2ed0417b
&amp#27;[35m[HTTP]&amp#27;[39m &amp#27;[37m<-- GET /wd/hub/session/30607eab-b327-4990-b2be-3e8e2ed0417b/element/0f42d40a-4e0e-4e75-b0b5-4399d41863d5/text &amp#27;[39m&amp#27;[32m200&amp#27;[39m &amp#27;[90m16 ms - 73&amp#27;[39m
&amp#27;[35m[HTTP]&amp#27;[39m &amp#27;[90m&amp#27;[39m
&amp#27;[35m[HTTP]&amp#27;[39m &amp#27;[37m-->&amp#27;[39m &amp#27;[37mGET&amp#27;[39m &amp#27;[37m/wd/hub/session/30607eab-b327-4990-b2be-3e8e2ed0417b/screenshot&amp#27;[39m
&amp#27;[35m[HTTP]&amp#27;[39m &amp#27;[90m{}&amp#27;[39m
[debug] &amp#27;[35m[W3C (30607eab)]&amp#27;[39m Calling AppiumDriver.getScreenshot() with args: ["30607eab-b327-4990-b2be-3e8e2ed0417b"]
[debug] &amp#27;[35m[WD Proxy]&amp#27;[39m Matched '/screenshot' to command name 'getScreenshot'
[debug] &amp#27;[35m[WD Proxy]&amp#27;[39m Proxying [GET /screenshot] to [GET http://127.0.0.1:8202/wd/hub/session/42fc1871-12cf-40a8-89d5-0ad1d1a94dd5/screenshot] with no body
[debug] &amp#27;[35m[WD Proxy]&amp#27;[39m Got response with status 200: {"sessionId":"42fc1871-12cf-40a8-89d5-0ad1d1a94dd5","value":"iVBORw0KGgoAAAANSUhEUgAABDgAAAhwCAYAAADIu476AAAABHNCSVQICAgIfAhkiAAAIABJREFU\neJzsvXm039dV2LvvvZplSdZgy7Mcx1biKZ4SZ3CagaQZKQFKAqWEoQUKlJkCXaHv0b5XKKyyoPDS\nReFRQuGVlgRoSFghgSRkII4Tx4qnxMbxENmWLcuyZVvDla50731/OD/le889e5+9zzlX0s/9fNby\n0v19v+fss79n2JN/w8TVr37PvBSYmBCZL7byE5HXe+ylJKerpn9tW62fyLPXo/NVGrM0tlee995S\nrXcqN30ukfjcj/qlfUvPsBT7v2Xda/SJrnNp30ap3S8ner+PWGr7GbEnEbk18nrt71p9am1IZL16\njG3ZJC89ZCwlS6mfR3aL/21Zj5r94fXtuX9TWnxwlIjNrLUhPc5GjR6RtjU+tYfdLsluldfbDtfG\nHl59evXpSY0vFunj3yJnyRPvRuzpiNqzvBT2qjSeSP1a9dDpRNnI6DhajCxi75loLNXDD42YHN7U\n8E6C974nIci1tcYY3dPa5K6nfSYmys9hkXsu7VmttqkOw7a5gCa9P0R77txBtua/NZErbdrRPU0f\na21ya2/NUfp6ft4uXIzGTuc+p3PudU6mF29bLdBNx0/b5IyVRx+vM0vHSGXVBCqWHppOmm7pdess\nWf1y49U8nwdPYlbSLe2vybXGHbYr7W9tfK+9aLHLOT1ytmK0Xh4bGrHrGjm7EX1OzfZYttBLjzn3\n2EbPmJ416OV/09eReSj5MY8PTK9p+2Q4lrZ3rTG85zslEn+k7SP+bNhfk+tZm1y7yFnz7tmIzKFO\nVmzqkaO99vjI0nieZCNqC4fzlM5ZKY7P9dGw5mYpifgLjaidiMjyxm65eLdmrb0+IDJvS1WwGukb\ntfnpWfPEW9o1bX089rrGV0Xb...
[debug] &amp#27;[35m[W3C (30607eab)]&amp#27;[39m Responding to client with driver.getScreenshot() result: "iVBORw0KGgoAAAANSUhEUgAABDgAAAhwCAYAAADIu476AAAABHNCSVQICAgIfAhkiAAAIABJREFU\neJzsvXm039dV2LvvvZplSdZgy7Mcx1biKZ4SZ3CagaQZKQFKAqWEoQUKlJkCXaHv0b5XKKyyoPDS\nReFRQuGVlgRoSFghgSRkII4Tx4qnxMbxENmWLcuyZVvDla50731/OD/le889e5+9zzlX0s/9fNby\n0v19v+fss79n2JN/w8TVr37PvBSYmBCZL7byE5HXe+ylJKerpn9tW62fyLPXo/NVGrM0tlee995S\nrXcqN30ukfjcj/qlfUvPsBT7v2Xda/SJrnNp30ap3S8ner+PWGr7GbEnEbk18nrt71p9am1IZL16\njG3ZJC89ZCwlS6mfR3aL/21Zj5r94fXtuX9TWnxwlIjNrLUhPc5GjR6RtjU+tYfdLsluldfbDtfG\nHl59evXpSY0vFunj3yJnyRPvRuzpiNqzvBT2qjSeSP1a9dDpRNnI6DhajCxi75loLNXDD42YHN7U\n8E6C974nIci1tcYY3dPa5K6nfSYmys9hkXsu7VmttqkOw7a5gCa9P0R77txBtua/NZErbdrRPU0f\na21ya2/NUfp6ft4uXIzGTuc+p3PudU6mF29bLdBNx0/b5IyVRx+vM0vHSGXVBCqWHppOmm7pdess\nWf1y49U8nwdPYlbSLe2vybXGHbYr7W9tfK+9aLHLOT1ytmK0Xh4bGrHrGjm7EX1OzfZYttBLjzn3\n2EbPmJ416OV/09eReSj5MY8PTK9p+2Q4lrZ3rTG85zslEn+k7SP+bNhfk+tZm1y7yFnz7tmIzKFO\nVmzqkaO99vjI0nieZCNqC4fzlM5ZKY7P9dGw5mYpifgLjaidiMjyxm65eLdmrb0+IDJvS1WwGukb\ntfnpWfPEW9o1bX089rrGV0XbWbmTliOlWG2GMqLzmHK8wNFiBFOltPu1sj33S+NYAU0aKERpcVC5\n9jVBwv...
&amp#27;[35m[HTTP]&amp#27;[39m &amp#27;[37m<-- GET /wd/hub/session/30607eab-b327-4990-b2be-3e8e2ed0417b/screenshot &amp#27;[39m&amp#27;[32m200&amp#27;[39m &amp#27;[90m316 ms - 120634&amp#27;[39m
&amp#27;[35m[HTTP]&amp#27;[39m &amp#27;[90m&amp#27;[39m
&amp#27;[35m[HTTP]&amp#27;[39m &amp#27;[37m-->&amp#27;[39m &amp#27;[37mDELETE&amp#27;[39m &amp#27;[37m/wd/hub/session/30607eab-b327-4990-b2be-3e8e2ed0417b&amp#27;[39m
&amp#27;[35m[HTTP]&amp#27;[39m &amp#27;[90m{}&amp#27;[39m
[debug] &amp#27;[35m[W3C (30607eab)]&amp#27;[39m Calling AppiumDriver.deleteSession() with args: ["30607eab-b327-4990-b2be-3e8e2ed0417b"]
[debug] &amp#27;[35m[BaseDriver]&amp#27;[39m Event 'quitSessionRequested' logged at 1610626587567 (17:46:27 GMT+0530 (India Standard Time))
&amp#27;[35m[Appium]&amp#27;[39m Removing session 30607eab-b327-4990-b2be-3e8e2ed0417b from our master session list
[debug] &amp#27;[35m[UiAutomator2]&amp#27;[39m Deleting UiAutomator2 session
[debug] &amp#27;[35m[UiAutomator2]&amp#27;[39m Deleting UiAutomator2 server session
[debug] &amp#27;[35m[WD Proxy]&amp#27;[39m Matched '/' to command name 'deleteSession'
[debug] &amp#27;[35m[WD Proxy]&amp#27;[39m Proxying [DELETE /] to [DELETE http://127.0.0.1:8202/wd/hub/session/42fc1871-12cf-40a8-89d5-0ad1d1a94dd5] with no body
[debug] &amp#27;[35m[WD Proxy]&amp#27;[39m Got response with status 200: {"sessionId":"42fc1871-12cf-40a8-89d5-0ad1d1a94dd5","value":null}
[debug] &amp#27;[35m[ADB]&amp#27;[39m Running 'C:\Users\saurabhkumar04\AppData\Local\Android\Sdk\platform-tools\adb.exe -P 5037 -s emulator-5554 shell am force-stop in.workindia.nileshdungarwal.workindiaandroid'
[debug] &amp#27;[35m[Logcat]&amp#27;[39m Stopping logcat capture
[debug] &amp#27;[35m[ADB]&amp#27;[39m Removing forwarded port socket connection: 8202 
[debug] &amp#27;[35m[ADB]&amp#27;[39m Running 'C:\Users\saurabhkumar04\AppData\Local\Android\Sdk\platform-tools\adb.exe -P 5037 -s emulator-5554 forward --remove tcp:8202'
[debug] &amp#27;[35m[BaseDriver]&amp#27;[39m Event 'quitSessionFinished' logged at 1610626587700 (17:46:27 GMT+0530 (India Standard Time))
[debug] &amp#27;[35m[W3C (30607eab)]&amp#27;[39m Received response: null
[debug] &amp#27;[35m[W3C (30607eab)]&amp#27;[39m But deleting session, so not returning
[debug] &amp#27;[35m[W3C (30607eab)]&amp#27;[39m Responding to client with driver.deleteSession() result: null
[debug] &amp#27;[35m[W3C (30607eab)]&amp#27;[39m Destroying socket connection

  @WrongRegistration
  Scenario Outline: User with enter Name and Invalid Mobile Number in to the Application # WronRegistration.feature:12
    Given User has already on the  Registration page of Application                      # WrongRegistrationDef.user_has_already_on_the_Registration_page_of_Application()
    When User enter the Entries "Rajat" and "96509157"                                   # WrongRegistrationDef.user_enter_the_Entries_and(String,String)
    Then User click on Submit button of Application                                      # WrongRegistrationDef.user_click_on_Submit_button_of_Application()
      java.lang.AssertionError: null
      	at org.testng.Assert.fail(Assert.java:93)
      	at org.testng.Assert.assertNotEquals(Assert.java:897)
      	at org.testng.Assert.assertNotEquals(Assert.java:902)
      	at StepDef.WrongRegistrationDef.user_click_on_Submit_button_of_Application(WrongRegistrationDef.java:50)
      	at ?.Then User click on Submit button of Application(WronRegistration.feature:7)

]]></system-out>
    <system-err><![CDATA[Jan 14, 2021 5:46:24 PM io.appium.java_client.remote.AppiumCommandExecutor$1 lambda$0
INFO: Detected dialect: W3C
]]></system-err>
  </testcase>
</testsuite>