<?xml version="1.0" encoding="UTF-8"?>
<!-- Generated by org.testng.reporters.JUnitReportReporter -->
<testsuite hostname="rajatsingh" failures="0" tests="1" name="Base.TestClass" time="0.010" errors="0" timestamp="10 Jan 2021 17:32:16 GMT" skipped="0">
  <testcase classname="Base.TestClass" name="DemoTest" time="0.010"/>
</testsuite> <!-- Base.TestClass -->
